16-05-2024 20:30:12.689Z;functions.bot_text_art;      ____     
16-05-2024 20:30:12.689Z;functions.bot_text_art;     [____]    
16-05-2024 20:30:12.689Z;functions.bot_text_art;   |=]()()[=|  
16-05-2024 20:30:12.689Z;functions.bot_text_art;     _\==/__    _____    ____     _        _____    ___   _  __ 
16-05-2024 20:30:12.689Z;functions.bot_text_art;   |__|   |_|  |  _  \  / ___|   | |      |_   _| / ___| | |/ / 
16-05-2024 20:30:12.689Z;functions.bot_text_art;   |_|_/\_|_|  | |  | | | |      | |        | |   | |    | ' /  
16-05-2024 20:30:12.689Z;functions.bot_text_art;   | | __ | |  | |  | | | |      | |        | |   | |    |  <   
16-05-2024 20:30:12.689Z;functions.bot_text_art;   |_|[  ]|_|  | |__| | | |____  | |____   _| |_  | |__  | . \  
16-05-2024 20:30:12.689Z;functions.bot_text_art;   \_|_||_|_/  |_____/   \_____| |______| |_____| \ ___| |_|\_\ 
16-05-2024 20:30:12.689Z;functions.bot_text_art;     |_||_|    
16-05-2024 20:30:12.689Z;functions.bot_text_art;     | ||_|_   
16-05-2024 20:30:12.689Z;functions.bot_text_art;   |___||___|  
16-05-2024 20:30:12.689Z;functions.bot_text_art;               
16-05-2024 20:30:12.689Z;functions.open_RM;  OPEN PROGRAM RM
16-05-2024 20:30:37.251Z;functions.loggin_RM;  ACHOU O PANE PICTURE
16-05-2024 20:30:37.907Z;functions.loggin_RM;  ENCONTRA USE FIELD
16-05-2024 20:30:37.985Z;functions.loggin_RM;  DUPLO CLICK
16-05-2024 20:30:40.985Z;functions.loggin_RM;  ENTRAR USER_NAME
16-05-2024 20:30:41.664Z;functions.loggin_RM;  ENCONTRA PASS FIELD
16-05-2024 20:30:41.736Z;functions.loggin_RM;  CLICK
16-05-2024 20:30:43.845Z;functions.loggin_RM;  ENTRAR PASSWORD
16-05-2024 20:30:44.564Z;functions.loggin_RM;  ENTRAR RM
16-05-2024 20:33:13.047Z;functions.enter_coligada;  CLICK CONTEXTO
16-05-2024 20:33:17.719Z;functions.enter_coligada;  CLICK ALTERAR MODULO DO CONTEXTO
16-05-2024 20:33:27.977Z;functions.enter_coligada;  INSERE O COLIGADA CODE = 1
16-05-2024 20:33:28.079Z;functions.enter_coligada;  APERTA TAB PARA PREENCHER O CAMPO COM A STRING: OCEANICA ENGENHARIA E CONSULTORIA S.A.
16-05-2024 20:33:32.797Z;functions.enter_coligada;  CLICK AVANÇAR NOVAMENTE
16-05-2024 20:33:36.922Z;functions.enter_coligada;  CLICK CONCLUIR
16-05-2024 20:33:58.000Z;functions.enter_coligada;  POP UP COLIGADA DESAPARECER
16-05-2024 20:34:14.813Z;functions.check_movimentacao_bancaria;  CLICK - TOTVS - LINHA RM
16-05-2024 20:34:18.188Z;functions.check_movimentacao_bancaria;  CLICK - BACK OFFICE
16-05-2024 20:34:20.469Z;functions.check_movimentacao_bancaria;  CLICK - GESTAO FINANCEIRA
16-05-2024 20:34:48.141Z;functions.movimentacao_bancaria;  CLICK NA ABA MOVIMENTAÇÃO BANCARIA
16-05-2024 20:34:50.267Z;functions.waitForImage;  IMAGEM BORDERO image found.
16-05-2024 20:34:52.392Z;functions.movimentacao_bancaria;  IMAGEM BORDERO CLICADA.
16-05-2024 20:35:02.834Z;functions.waitForImage;  LICENCAS EXCEDIDAS image not found.
16-05-2024 20:35:05.403Z;functions.waitForImage;  LICENCE SERVER image not found.
16-05-2024 20:35:05.954Z;functions.movimentacao_bancaria;  ENCONTROU O FILTRO DA MOVIMENTAÇÃO BANCÁRIA
16-05-2024 20:35:05.970Z;functions.movimentacao_bancaria;  CLICA NA ABA SUPERIOR DO FILTRO
16-05-2024 20:35:10.175Z;functions.movimentacao_bancaria;  SELECIONA O FILTRO HOJE
16-05-2024 20:35:10.175Z;functions.filter_clean;  FUNÇÃO LIMPA FILTRO
16-05-2024 20:35:21.104Z;functions.waitForImage;  FILTER CLEAN image found.
16-05-2024 20:35:23.226Z;functions.filter_clean;  CLICK NO BOTÃO X DO LIMPA FILTRO
16-05-2024 20:35:38.448Z;functions.waitForImage;  FILTER CLEAN image not found.
16-05-2024 20:35:53.645Z;functions.waitForImage;  FILTER CLEAN image not found.
16-05-2024 20:35:54.429Z;functions.movimentacao_bancaria;  CLICK NA PRIMEIRA LINHA DA TABELA MOVIMENTAÇÃO BANCÁRIA
16-05-2024 20:35:55.642Z;functions.movimentacao_bancaria;  12 PASSOS PARA DIREITA NA TABELA >>
16-05-2024 20:35:56.891Z;functions.movimentacao_bancaria;  HOVER FILTER
16-05-2024 20:35:57.243Z;functions.movimentacao_bancaria;  CLICK FILTER
16-05-2024 20:36:01.552Z;functions.movimentacao_bancaria;  CLICK NO FILTRO  STATUS DA REMESSA
16-05-2024 20:36:03.654Z;functions.movimentacao_bancaria;  APERTA TAB PARA ESCREVER O FILTRO
16-05-2024 20:36:05.759Z;functions.movimentacao_bancaria;  ESCREVE PENDENTE NO FILTRO
16-05-2024 20:36:07.861Z;functions.movimentacao_bancaria;  APERTA ENTER PARA SELECIONAR OS PENDENTES
16-05-2024 20:36:27.813Z;functions.movimentacao_bancaria;  SEM REGISTROS DE PROCESSO DE BORDERO PENDENTE
16-05-2024 20:36:27.813Z;functions.filter_clean;  FUNÇÃO LIMPA FILTRO
16-05-2024 20:36:27.907Z;functions.waitForImage;  FILTER CLEAN image found.
16-05-2024 20:36:30.032Z;functions.filter_clean;  CLICK NO BOTÃO X DO LIMPA FILTRO
16-05-2024 20:36:45.263Z;functions.waitForImage;  FILTER CLEAN image not found.
16-05-2024 20:37:00.423Z;functions.waitForImage;  FILTER CLEAN image not found.
16-05-2024 20:37:01.235Z;functions.remessa_pagamento;  CLICK NA PRIMEIRA LINHA DA TABELA MOVIMENTAÇÃO BANCÁRIA
16-05-2024 20:37:02.500Z;functions.remessa_pagamento;  HOVER FILTER
16-05-2024 20:37:02.789Z;functions.remessa_pagamento;  CLICK FILTER
16-05-2024 20:37:07.101Z;functions.remessa_pagamento;  CLICK NO FILTRO  STATUS DA REMESSA
16-05-2024 20:37:09.202Z;functions.remessa_pagamento;  APERTA TAB PARA ESCREVER O FILTRO
16-05-2024 20:37:11.308Z;functions.remessa_pagamento;  ESCREVE AUTORIZADO NO FILTRO
16-05-2024 20:37:13.410Z;functions.remessa_pagamento;  APERTA ENTER PARA SELECIONAR OS AUTORIZADOS
16-05-2024 20:37:34.344Z;functions.remessa_pagamento;  SEM REMESSA DE BORDERO AUTORIZADO
16-05-2024 20:37:34.953Z;functions.enter_contas_a_pagar;  CLICK - TOTVS - LINHA RM
16-05-2024 20:37:35.906Z;functions.enter_contas_a_pagar;  CLICK - BACK OFFICE
16-05-2024 20:37:36.600Z;functions.enter_contas_a_pagar;  CLICK - GESTAO FINANCEIRA
16-05-2024 20:37:53.985Z;functions.enter_contas_a_pagar;  CLICK - CONTAS A PAGAR
16-05-2024 20:37:54.074Z;functions.waitForImage;  LANÇAMENTOS image found.
16-05-2024 20:37:56.202Z;functions.enter_contas_a_pagar;  CLICA EM LANÇAMENTOS
16-05-2024 20:38:11.676Z;functions.waitForImage;  LICENCAS EXCEDIDAS image not found.
16-05-2024 20:38:11.676Z;functions.obter_intervalo_data;  VERIFICANDO A HORA ATUAL 20
16-05-2024 20:38:11.676Z;functions.obter_intervalo_data;  Data Inicial PENSAO antes da remoção: None
16-05-2024 20:38:11.676Z;functions.obter_intervalo_data;  Data Final PENSAO antes da remoção: None
16-05-2024 20:38:11.676Z;functions.obter_intervalo_data;  Data Inicial PENSAO após a remoção: None
16-05-2024 20:38:11.676Z;functions.obter_intervalo_data;  Data Final PENSAO após a remoção: None
16-05-2024 20:38:11.676Z;functions.obter_intervalo_data;  hoje -  2024-05-16 20:38:11.676089
16-05-2024 20:38:11.676Z;functions.data_filter;  DATA INICIO 22-05-2024
16-05-2024 20:38:11.676Z;functions.data_filter;  DATA FIM 28-05-2024
16-05-2024 20:38:11.676Z;functions.data_filter;  CLICK - SELECIONA A DATA DE QUARTA FEIRA E DA PROXIMA TERÇA
16-05-2024 20:38:11.676Z;functions.data_filter;  QUARTA-FEIRA: 22-05-2024
16-05-2024 20:38:11.676Z;functions.data_filter;  TERCA-FEIRA: 28-05-2024
16-05-2024 20:38:22.907Z;functions.data_filter;  CLICK - BUTÃO DE SELECAO DE FILTRO
16-05-2024 20:38:26.623Z;functions.data_filter;  INSERE - DATA DE QUARTA-FEIRA: 22-05-2024
16-05-2024 20:38:30.080Z;functions.data_filter;  INSERE - DATA DA PROX TERCA-FEIRA: 28-05-2024
16-05-2024 20:38:30.704Z;functions.data_filter;  CLICK - BUTÃO DE EXECUTAR O FILTRO
16-05-2024 20:38:36.487Z;functions.desmark_filter;  CLICK CHECKBOX LANÇAMENTOS A RECEBER
16-05-2024 20:38:37.329Z;functions.desmark_filter;  CLICK CHECKBOX LANÇAMENTOS BAIXADOS
16-05-2024 20:38:38.172Z;functions.desmark_filter;  CLICK CHECKBOX LANÇAMENTOS CANCELADOS
16-05-2024 20:38:39.048Z;functions.desmark_filter;  CLICK CHECKBOX LANÇAMENTOS FATURADOS
16-05-2024 20:38:39.938Z;functions.desmark_filter;  ATUALIZA O FILTRO
16-05-2024 20:38:39.938Z;functions.filter_clean;  FUNÇÃO LIMPA FILTRO
16-05-2024 20:38:55.210Z;functions.waitForImage;  FILTER CLEAN image not found.
16-05-2024 20:39:10.451Z;functions.waitForImage;  FILTER CLEAN image not found.
16-05-2024 20:39:25.766Z;functions.waitForImage;  FILTER CLEAN image not found.
16-05-2024 20:39:26.719Z;functions.tabela_vazia;  Texto extraido 0/0
16-05-2024 20:39:26.719Z;functions.tabela_vazia;  Count 0
16-05-2024 20:39:26.719Z;functions.tabela_vazia;  Type <class 'int'>
16-05-2024 20:39:28.734Z;functions.tabela_vazia;  SEM REMESSA DE FÉRIAS/RESCISÃO
16-05-2024 20:39:30.735Z;main.<module>;  SEM REMESSA DE PENSÃO
16-05-2024 20:39:32.204Z;errorhandler.__handle;  Property: Unknown Property name. [1:203: -ms-interpolation-mode]
16-05-2024 20:39:32.220Z;errorhandler.__handle;  Property: Unknown Property name. [1:353: -webkit-font-smoothing]
16-05-2024 20:39:32.220Z;errorhandler.__handle;  Property: Unknown Property name. [1:483: -ms-text-size-adjust]
16-05-2024 20:39:32.220Z;errorhandler.__handle;  Property: Unknown Property name. [1:518: -webkit-text-size-adjust]
16-05-2024 20:39:32.220Z;errorhandler.__handle;  Property: Unknown Property name. [1:612: mso-table-lspace]
16-05-2024 20:39:32.220Z;errorhandler.__handle;  Property: Unknown Property name. [1:642: mso-table-rspace]
16-05-2024 20:39:32.267Z;errorhandler.__handle;  Property: Unknown Property name. [1:4734: mso-hide]
16-05-2024 20:39:32.298Z;errorhandler.__handle;  Property: Unknown Property name. [1:13: -ms-interpolation-mode]
16-05-2024 20:39:32.298Z;errorhandler.__handle;  Property: Unknown Property name. [1:49: -webkit-font-smoothing]
16-05-2024 20:39:32.298Z;errorhandler.__handle;  Property: Unknown Property name. [1:134: -ms-text-size-adjust]
16-05-2024 20:39:32.298Z;errorhandler.__handle;  Property: Unknown Property name. [1:160: -webkit-text-size-adjust]
16-05-2024 20:39:32.298Z;errorhandler.__handle;  Property: Unknown Property name. [1:26: mso-table-lspace]
16-05-2024 20:39:32.298Z;errorhandler.__handle;  Property: Unknown Property name. [1:45: mso-table-rspace]
16-05-2024 20:39:32.298Z;errorhandler.__handle;  Property: Unknown Property name. [1:92: mso-hide]
16-05-2024 20:39:32.313Z;errorhandler.__handle;  Property: No ":" after name found: align-center [1:1: align-center]
16-05-2024 20:39:32.313Z;errorhandler.__handle;  Property: No property value found: align-center [1:1: align-center]
16-05-2024 20:39:32.313Z;errorhandler.__handle;  CSSStyleDeclaration: Syntax Error in Property: align-center
16-05-2024 20:39:32.313Z;errorhandler.__handle;  Property: Unknown Property name. [1:14: -ms-interpolation-mode]
16-05-2024 20:39:34.860Z;functions.emailFinalizado;  Warning e-mail sent.
16-05-2024 20:39:34.938Z;functions.encerra_prog;  RM ENCERRADO
