25-07-2024 16:24:20.929Z;functions.bot_text_art;      ____     
25-07-2024 16:24:20.929Z;functions.bot_text_art;     [____]    
25-07-2024 16:24:20.929Z;functions.bot_text_art;   |=]()()[=|  
25-07-2024 16:24:20.935Z;functions.bot_text_art;     _\==/__    _____    ____     _        _____    ___   _  __ 
25-07-2024 16:24:20.935Z;functions.bot_text_art;   |__|   |_|  |  _  \  / ___|   | |      |_   _| / ___| | |/ / 
25-07-2024 16:24:20.935Z;functions.bot_text_art;   |_|_/\_|_|  | |  | | | |      | |        | |   | |    | ' /  
25-07-2024 16:24:20.935Z;functions.bot_text_art;   | | __ | |  | |  | | | |      | |        | |   | |    |  <   
25-07-2024 16:24:20.935Z;functions.bot_text_art;   |_|[  ]|_|  | |__| | | |____  | |____   _| |_  | |__  | . \  
25-07-2024 16:24:20.935Z;functions.bot_text_art;   \_|_||_|_/  |_____/   \_____| |______| |_____| \ ___| |_|\_\ 
25-07-2024 16:24:20.935Z;functions.bot_text_art;     |_||_|    
25-07-2024 16:24:20.935Z;functions.bot_text_art;     | ||_|_   
25-07-2024 16:24:20.935Z;functions.bot_text_art;   |___||___|  
25-07-2024 16:24:20.935Z;functions.bot_text_art;               
25-07-2024 16:24:20.951Z;functions.open_RM;  OPEN PROGRAM RM
25-07-2024 16:24:36.530Z;functions.loggin_RM;  ACHOU O PANE PICTURE
25-07-2024 16:24:38.419Z;functions.loggin_RM;  ENCONTRA USE FIELD
25-07-2024 16:24:39.060Z;functions.loggin_RM;  DUPLO CLICK
25-07-2024 16:24:43.435Z;functions.loggin_RM;  ENTRAR USER_NAME
25-07-2024 16:24:45.669Z;functions.loggin_RM;  ENCONTRA PASS FIELD
25-07-2024 16:24:46.341Z;functions.loggin_RM;  CLICK
25-07-2024 16:24:48.500Z;functions.loggin_RM;  ENTRAR PASSWORD
25-07-2024 16:24:50.122Z;functions.loggin_RM;  ENTRAR RM
25-07-2024 16:28:08.331Z;functions.enter_coligada;  AGUARDANDO 1
25-07-2024 16:28:09.559Z;functions.enter_coligada;  CLICK CONTEXTO
25-07-2024 16:28:12.716Z;functions.enter_coligada;  CLICK ALTERAR MODULO DO CONTEXTO
25-07-2024 16:28:17.522Z;functions.enter_coligada;  INSERE O COLIGADA CODE = 1
25-07-2024 16:28:17.628Z;functions.enter_coligada;  APERTA TAB PARA PREENCHER O CAMPO COM A STRING: OCEANICA ENGENHARIA E CONSULTORIA S.A.
25-07-2024 16:28:19.778Z;functions.enter_coligada;  CLICK AVANÇAR NOVAMENTE
25-07-2024 16:28:21.122Z;functions.enter_coligada;  CLICK CONCLUIR
25-07-2024 16:28:41.278Z;functions.waitForImage;  TROCA COLIGADA image not found.
25-07-2024 16:28:59.044Z;functions.enter_coligada;  POP UP COLIGADA DESAPARECER
25-07-2024 16:29:00.060Z;functions.check_movimentacao_bancaria;  CLICK - TOTVS - LINHA RM
25-07-2024 16:29:02.341Z;functions.check_movimentacao_bancaria;  CLICK - BACK OFFICE
25-07-2024 16:29:05.186Z;functions.check_movimentacao_bancaria;  CLICK - GESTAO FINANCEIRA
25-07-2024 16:29:05.186Z;functions.obter_intervalo_data;  VERIFICANDO A HORA ATUAL 16
25-07-2024 16:29:05.217Z;functions.obter_intervalo_data;  Data Inicial PENSAO antes da remoção: None
25-07-2024 16:29:05.217Z;functions.obter_intervalo_data;  Data Final PENSAO antes da remoção: None
25-07-2024 16:29:05.225Z;functions.obter_intervalo_data;  Data Inicial PENSAO após a remoção: None
25-07-2024 16:29:05.225Z;functions.obter_intervalo_data;  Data Final PENSAO após a remoção: None
25-07-2024 16:29:05.225Z;functions.obter_intervalo_data;  hoje -  2024-07-25 16:29:05.225151
25-07-2024 16:29:05.225Z;functions.check_movimentacao_bancaria;  DATA INICIO 31-07-2024
25-07-2024 16:29:05.225Z;functions.check_movimentacao_bancaria;  DATA FIM 06-08-2024
25-07-2024 16:29:05.225Z;functions.movimentacao_bancaria;  AGUARDANDO 1
25-07-2024 16:29:11.090Z;functions.movimentacao_bancaria;  CLICK NA ABA MOVIMENTAÇÃO BANCARIA
25-07-2024 16:29:13.294Z;functions.waitForImage;  IMAGEM BORDERO image found.
25-07-2024 16:29:15.417Z;functions.movimentacao_bancaria;  IMAGEM BORDERO CLICADA.
25-07-2024 16:29:25.810Z;functions.waitForImage;  LICENCAS EXCEDIDAS image not found.
25-07-2024 16:29:28.075Z;functions.waitForImage;  LICENCE SERVER image not found.
25-07-2024 16:29:28.825Z;functions.movimentacao_bancaria;  ENCONTROU O FILTRO DA MOVIMENTAÇÃO BANCÁRIA
25-07-2024 16:29:28.872Z;functions.movimentacao_bancaria;  CLICA NA ABA SUPERIOR DO FILTRO
25-07-2024 16:29:33.084Z;functions.movimentacao_bancaria;  SELECIONA O FILTRO HOJE
25-07-2024 16:29:33.084Z;functions.filter_clean;  FUNÇÃO LIMPA FILTRO
25-07-2024 16:29:38.028Z;functions.waitForImage;  FILTER CLEAN image found.
25-07-2024 16:29:40.171Z;functions.filter_clean;  CLICK NO BOTÃO X DO LIMPA FILTRO
25-07-2024 16:29:40.341Z;functions.waitForImage;  FILTER CLEAN image found.
25-07-2024 16:29:42.475Z;functions.filter_clean;  CLICK NO BOTÃO X DO LIMPA FILTRO
25-07-2024 16:29:57.809Z;functions.waitForImage;  FILTER CLEAN image not found.
25-07-2024 16:29:59.622Z;functions.movimentacao_bancaria;  CLICK NA PRIMEIRA LINHA DA TABELA MOVIMENTAÇÃO BANCÁRIA
25-07-2024 16:30:00.849Z;functions.movimentacao_bancaria;  12 PASSOS PARA DIREITA NA TABELA >>
25-07-2024 16:30:02.856Z;functions.movimentacao_bancaria;  HOVER FILTER
25-07-2024 16:30:03.412Z;functions.movimentacao_bancaria;  CLICK FILTER
25-07-2024 16:30:07.738Z;functions.movimentacao_bancaria;  CLICK NO FILTRO  STATUS DA REMESSA
25-07-2024 16:30:09.841Z;functions.movimentacao_bancaria;  APERTA TAB PARA ESCREVER O FILTRO
25-07-2024 16:30:11.957Z;functions.movimentacao_bancaria;  ESCREVE PENDENTE NO FILTRO
25-07-2024 16:30:14.059Z;functions.movimentacao_bancaria;  APERTA ENTER PARA SELECIONAR OS PENDENTES
25-07-2024 16:30:33.810Z;functions.movimentacao_bancaria;  SEM REGISTROS DE PROCESSO DE BORDERO PENDENTE
25-07-2024 16:30:33.810Z;functions.filter_clean;  FUNÇÃO LIMPA FILTRO
25-07-2024 16:30:33.997Z;functions.waitForImage;  FILTER CLEAN image found.
25-07-2024 16:30:36.131Z;functions.filter_clean;  CLICK NO BOTÃO X DO LIMPA FILTRO
25-07-2024 16:30:51.434Z;functions.waitForImage;  FILTER CLEAN image not found.
25-07-2024 16:31:06.653Z;functions.waitForImage;  FILTER CLEAN image not found.
25-07-2024 16:31:08.591Z;functions.remessa_pagamento;  CLICK NA PRIMEIRA LINHA DA TABELA MOVIMENTAÇÃO BANCÁRIA
25-07-2024 16:31:10.731Z;functions.remessa_pagamento;  HOVER FILTER
25-07-2024 16:31:11.294Z;functions.remessa_pagamento;  CLICK FILTER
25-07-2024 16:31:15.626Z;functions.remessa_pagamento;  CLICK NO FILTRO  STATUS DA REMESSA
25-07-2024 16:31:17.729Z;functions.remessa_pagamento;  APERTA TAB PARA ESCREVER O FILTRO
25-07-2024 16:31:19.848Z;functions.remessa_pagamento;  ESCREVE AUTORIZADO NO FILTRO
25-07-2024 16:31:21.950Z;functions.remessa_pagamento;  APERTA ENTER PARA SELECIONAR OS AUTORIZADOS
25-07-2024 16:31:42.653Z;functions.remessa_pagamento;  SEM REMESSA DE BORDERO AUTORIZADO
25-07-2024 16:31:43.653Z;functions.enter_contas_a_pagar;  CLICK - TOTVS - LINHA RM
25-07-2024 16:31:45.778Z;functions.enter_contas_a_pagar;  CLICK - BACK OFFICE
25-07-2024 16:31:48.590Z;functions.enter_contas_a_pagar;  CLICK - GESTAO FINANCEIRA
25-07-2024 16:31:56.996Z;functions.enter_contas_a_pagar;  CLICK - CONTAS A PAGAR
25-07-2024 16:31:57.856Z;functions.waitForImage;  LANÇAMENTOS image found.
25-07-2024 16:31:59.976Z;functions.enter_contas_a_pagar;  CLICA EM LANÇAMENTOS
25-07-2024 16:32:15.496Z;functions.waitForImage;  LICENCAS EXCEDIDAS image not found.
25-07-2024 16:32:15.496Z;functions.data_filter;  CLICK - SELECIONA A DATA DE QUARTA FEIRA E DA PROXIMA TERÇA
25-07-2024 16:32:15.496Z;functions.data_filter;  QUARTA-FEIRA: 31-07-2024
25-07-2024 16:32:15.496Z;functions.data_filter;  TERCA-FEIRA: 06-08-2024
25-07-2024 16:32:32.372Z;functions.data_filter;  CLICK - BUTÃO DE SELECAO DE FILTRO
25-07-2024 16:32:37.293Z;functions.data_filter;  INSERE - DATA DE QUARTA-FEIRA: 31-07-2024
25-07-2024 16:32:41.793Z;functions.data_filter;  INSERE - DATA DA PROX TERCA-FEIRA: 06-08-2024
25-07-2024 16:32:43.184Z;functions.data_filter;  CLICK - BUTÃO DE EXECUTAR O FILTRO
25-07-2024 16:32:48.188Z;functions.desmark_filter;  AGUARDANDO 1
25-07-2024 16:32:50.496Z;functions.desmark_filter;  CLICK CHECKBOX LANÇAMENTOS A RECEBER
25-07-2024 16:32:52.934Z;functions.desmark_filter;  CLICK CHECKBOX LANÇAMENTOS BAIXADOS
25-07-2024 16:32:55.496Z;functions.desmark_filter;  CLICK CHECKBOX LANÇAMENTOS CANCELADOS
25-07-2024 16:32:57.950Z;functions.desmark_filter;  CLICK CHECKBOX LANÇAMENTOS FATURADOS
25-07-2024 16:33:00.559Z;functions.desmark_filter;  ATUALIZA O FILTRO
25-07-2024 16:33:00.559Z;functions.filter_clean;  FUNÇÃO LIMPA FILTRO
25-07-2024 16:33:15.762Z;functions.waitForImage;  FILTER CLEAN image not found.
25-07-2024 16:33:31.012Z;functions.waitForImage;  FILTER CLEAN image not found.
25-07-2024 16:33:46.325Z;functions.waitForImage;  FILTER CLEAN image not found.
25-07-2024 16:33:49.496Z;functions.tabela_vazia;  Texto extraido 0/0
25-07-2024 16:33:49.496Z;functions.tabela_vazia;  Count 0
25-07-2024 16:33:49.496Z;functions.tabela_vazia;  Type <class 'int'>
25-07-2024 16:33:51.509Z;functions.tabela_vazia;  SEM REMESSA DE FÉRIAS/RESCISÃO
25-07-2024 16:33:53.510Z;main.<module>;  SEM REMESSA DE PENSÃO
25-07-2024 16:33:56.434Z;errorhandler.__handle;  Property: Unknown Property name. [1:203: -ms-interpolation-mode]
25-07-2024 16:33:56.481Z;errorhandler.__handle;  Property: Unknown Property name. [1:353: -webkit-font-smoothing]
25-07-2024 16:33:56.481Z;errorhandler.__handle;  Property: Unknown Property name. [1:483: -ms-text-size-adjust]
25-07-2024 16:33:56.481Z;errorhandler.__handle;  Property: Unknown Property name. [1:518: -webkit-text-size-adjust]
25-07-2024 16:33:56.496Z;errorhandler.__handle;  Property: Unknown Property name. [1:612: mso-table-lspace]
25-07-2024 16:33:56.496Z;errorhandler.__handle;  Property: Unknown Property name. [1:642: mso-table-rspace]
25-07-2024 16:33:56.715Z;errorhandler.__handle;  Property: Unknown Property name. [1:4734: mso-hide]
25-07-2024 16:33:56.824Z;errorhandler.__handle;  Property: Unknown Property name. [1:13: -ms-interpolation-mode]
25-07-2024 16:33:56.824Z;errorhandler.__handle;  Property: Unknown Property name. [1:49: -webkit-font-smoothing]
25-07-2024 16:33:56.824Z;errorhandler.__handle;  Property: Unknown Property name. [1:134: -ms-text-size-adjust]
25-07-2024 16:33:56.824Z;errorhandler.__handle;  Property: Unknown Property name. [1:160: -webkit-text-size-adjust]
25-07-2024 16:33:56.824Z;errorhandler.__handle;  Property: Unknown Property name. [1:26: mso-table-lspace]
25-07-2024 16:33:56.824Z;errorhandler.__handle;  Property: Unknown Property name. [1:45: mso-table-rspace]
25-07-2024 16:33:56.871Z;errorhandler.__handle;  Property: Unknown Property name. [1:92: mso-hide]
25-07-2024 16:33:56.887Z;errorhandler.__handle;  Property: No ":" after name found: align-center [1:1: align-center]
25-07-2024 16:33:56.887Z;errorhandler.__handle;  Property: No property value found: align-center [1:1: align-center]
25-07-2024 16:33:56.887Z;errorhandler.__handle;  CSSStyleDeclaration: Syntax Error in Property: align-center
25-07-2024 16:33:56.887Z;errorhandler.__handle;  Property: Unknown Property name. [1:14: -ms-interpolation-mode]
25-07-2024 16:33:59.293Z;functions.emailFinalizado;  Warning e-mail sent.
25-07-2024 16:33:59.793Z;functions.encerra_prog;  RM ENCERRADO
