28-07-2024 03:42:00.621Z;functions.bot_text_art;      ____     
28-07-2024 03:42:00.621Z;functions.bot_text_art;     [____]    
28-07-2024 03:42:00.621Z;functions.bot_text_art;   |=]()()[=|  
28-07-2024 03:42:00.621Z;functions.bot_text_art;     _\==/__    _____    ____     _        _____    ___   _  __ 
28-07-2024 03:42:00.621Z;functions.bot_text_art;   |__|   |_|  |  _  \  / ___|   | |      |_   _| / ___| | |/ / 
28-07-2024 03:42:00.621Z;functions.bot_text_art;   |_|_/\_|_|  | |  | | | |      | |        | |   | |    | ' /  
28-07-2024 03:42:00.621Z;functions.bot_text_art;   | | __ | |  | |  | | | |      | |        | |   | |    |  <   
28-07-2024 03:42:00.621Z;functions.bot_text_art;   |_|[  ]|_|  | |__| | | |____  | |____   _| |_  | |__  | . \  
28-07-2024 03:42:00.621Z;functions.bot_text_art;   \_|_||_|_/  |_____/   \_____| |______| |_____| \ ___| |_|\_\ 
28-07-2024 03:42:00.621Z;functions.bot_text_art;     |_||_|    
28-07-2024 03:42:00.621Z;functions.bot_text_art;     | ||_|_   
28-07-2024 03:42:00.621Z;functions.bot_text_art;   |___||___|  
28-07-2024 03:42:00.621Z;functions.bot_text_art;               
28-07-2024 03:42:00.637Z;functions.open_RM;  OPEN PROGRAM RM
28-07-2024 03:42:17.387Z;functions.loggin_RM;  ACHOU O PANE PICTURE
28-07-2024 03:42:18.574Z;functions.loggin_RM;  ENCONTRA USE FIELD
28-07-2024 03:42:18.840Z;functions.loggin_RM;  DUPLO CLICK
28-07-2024 03:42:22.418Z;functions.loggin_RM;  ENTRAR USER_NAME
28-07-2024 03:42:23.746Z;functions.loggin_RM;  ENCONTRA PASS FIELD
28-07-2024 03:42:24.027Z;functions.loggin_RM;  CLICK
28-07-2024 03:42:26.153Z;functions.loggin_RM;  ENTRAR PASSWORD
28-07-2024 03:42:27.746Z;functions.loggin_RM;  ENTRAR RM
28-07-2024 03:45:49.370Z;functions.enter_coligada;  AGUARDANDO 1
28-07-2024 03:45:50.592Z;functions.enter_coligada;  CLICK CONTEXTO
28-07-2024 03:45:53.308Z;functions.enter_coligada;  CLICK ALTERAR MODULO DO CONTEXTO
28-07-2024 03:45:57.449Z;functions.enter_coligada;  INSERE O COLIGADA CODE = 1
28-07-2024 03:45:57.555Z;functions.enter_coligada;  APERTA TAB PARA PREENCHER O CAMPO COM A STRING: OCEANICA ENGENHARIA E CONSULTORIA S.A.
28-07-2024 03:45:59.745Z;functions.enter_coligada;  CLICK AVANÇAR NOVAMENTE
28-07-2024 03:46:01.121Z;functions.enter_coligada;  CLICK CONCLUIR
28-07-2024 03:46:21.339Z;functions.waitForImage;  TROCA COLIGADA image not found.
28-07-2024 03:46:39.824Z;functions.enter_coligada;  POP UP COLIGADA DESAPARECER
28-07-2024 03:46:40.808Z;functions.check_movimentacao_bancaria;  CLICK - TOTVS - LINHA RM
28-07-2024 03:46:42.620Z;functions.check_movimentacao_bancaria;  CLICK - BACK OFFICE
28-07-2024 03:46:45.339Z;functions.check_movimentacao_bancaria;  CLICK - GESTAO FINANCEIRA
28-07-2024 03:46:45.339Z;functions.obter_intervalo_data;  VERIFICANDO A HORA ATUAL 3
28-07-2024 03:46:45.364Z;functions.obter_intervalo_data;  Data Inicial PENSAO antes da remoção: None
28-07-2024 03:46:45.364Z;functions.obter_intervalo_data;  Data Final PENSAO antes da remoção: None
28-07-2024 03:46:45.370Z;functions.obter_intervalo_data;  Data Inicial PENSAO após a remoção: None
28-07-2024 03:46:45.370Z;functions.obter_intervalo_data;  Data Final PENSAO após a remoção: None
28-07-2024 03:46:45.370Z;functions.obter_intervalo_data;  hoje -  2024-07-28 03:46:45.370825
28-07-2024 03:46:45.370Z;functions.check_movimentacao_bancaria;  DATA INICIO 31-07-2024
28-07-2024 03:46:45.370Z;functions.check_movimentacao_bancaria;  DATA FIM 06-08-2024
28-07-2024 03:46:45.370Z;functions.movimentacao_bancaria;  AGUARDANDO 1
28-07-2024 03:46:51.123Z;functions.movimentacao_bancaria;  CLICK NA ABA MOVIMENTAÇÃO BANCARIA
28-07-2024 03:46:53.355Z;functions.waitForImage;  IMAGEM BORDERO image found.
28-07-2024 03:46:55.473Z;functions.movimentacao_bancaria;  IMAGEM BORDERO CLICADA.
28-07-2024 03:47:05.698Z;functions.waitForImage;  LICENCAS EXCEDIDAS image not found.
28-07-2024 03:47:08.105Z;functions.waitForImage;  LICENCE SERVER image not found.
28-07-2024 03:47:08.823Z;functions.movimentacao_bancaria;  ENCONTROU O FILTRO DA MOVIMENTAÇÃO BANCÁRIA
28-07-2024 03:47:08.870Z;functions.movimentacao_bancaria;  CLICA NA ABA SUPERIOR DO FILTRO
28-07-2024 03:47:13.083Z;functions.movimentacao_bancaria;  SELECIONA O FILTRO HOJE
28-07-2024 03:47:13.083Z;functions.filter_clean;  FUNÇÃO LIMPA FILTRO
28-07-2024 03:47:28.370Z;functions.waitForImage;  FILTER CLEAN image not found.
28-07-2024 03:47:43.683Z;functions.waitForImage;  FILTER CLEAN image not found.
28-07-2024 03:47:59.026Z;functions.waitForImage;  FILTER CLEAN image not found.
28-07-2024 03:48:16.808Z;functions.movimentacao_bancaria;  SEM REGISTROS DE PROCESSO DE BORDERO PENDENTE
28-07-2024 03:48:16.808Z;functions.filter_clean;  FUNÇÃO LIMPA FILTRO
28-07-2024 03:48:32.105Z;functions.waitForImage;  FILTER CLEAN image not found.
28-07-2024 03:48:47.386Z;functions.waitForImage;  FILTER CLEAN image not found.
28-07-2024 03:49:02.667Z;functions.waitForImage;  FILTER CLEAN image not found.
28-07-2024 03:49:34.198Z;functions.remessa_pagamento;  SEM PROCESSO DE BORDERO AUTORIZADO
28-07-2024 03:49:37.354Z;errorhandler.__handle;  Property: Unknown Property name. [1:203: -ms-interpolation-mode]
28-07-2024 03:49:37.386Z;errorhandler.__handle;  Property: Unknown Property name. [1:353: -webkit-font-smoothing]
28-07-2024 03:49:37.386Z;errorhandler.__handle;  Property: Unknown Property name. [1:483: -ms-text-size-adjust]
28-07-2024 03:49:37.386Z;errorhandler.__handle;  Property: Unknown Property name. [1:518: -webkit-text-size-adjust]
28-07-2024 03:49:37.401Z;errorhandler.__handle;  Property: Unknown Property name. [1:612: mso-table-lspace]
28-07-2024 03:49:37.401Z;errorhandler.__handle;  Property: Unknown Property name. [1:642: mso-table-rspace]
28-07-2024 03:49:37.589Z;errorhandler.__handle;  Property: Unknown Property name. [1:4734: mso-hide]
28-07-2024 03:49:37.714Z;errorhandler.__handle;  Property: Unknown Property name. [1:13: -ms-interpolation-mode]
28-07-2024 03:49:37.714Z;errorhandler.__handle;  Property: Unknown Property name. [1:49: -webkit-font-smoothing]
28-07-2024 03:49:37.714Z;errorhandler.__handle;  Property: Unknown Property name. [1:134: -ms-text-size-adjust]
28-07-2024 03:49:37.714Z;errorhandler.__handle;  Property: Unknown Property name. [1:160: -webkit-text-size-adjust]
28-07-2024 03:49:37.729Z;errorhandler.__handle;  Property: Unknown Property name. [1:26: mso-table-lspace]
28-07-2024 03:49:37.729Z;errorhandler.__handle;  Property: Unknown Property name. [1:45: mso-table-rspace]
28-07-2024 03:49:37.761Z;errorhandler.__handle;  Property: Unknown Property name. [1:92: mso-hide]
28-07-2024 03:49:37.776Z;errorhandler.__handle;  Property: No ":" after name found: align-center [1:1: align-center]
28-07-2024 03:49:37.776Z;errorhandler.__handle;  Property: No property value found: align-center [1:1: align-center]
28-07-2024 03:49:37.776Z;errorhandler.__handle;  CSSStyleDeclaration: Syntax Error in Property: align-center
28-07-2024 03:49:37.776Z;errorhandler.__handle;  Property: Unknown Property name. [1:14: -ms-interpolation-mode]
28-07-2024 03:49:40.198Z;functions.emailFinalizado;  Warning e-mail sent.
28-07-2024 03:49:40.479Z;functions.encerra_prog;  RM ENCERRADO
