28-07-2024 15:43:29.708Z;functions.bot_text_art;      ____     
28-07-2024 15:43:29.708Z;functions.bot_text_art;     [____]    
28-07-2024 15:43:29.708Z;functions.bot_text_art;   |=]()()[=|  
28-07-2024 15:43:29.708Z;functions.bot_text_art;     _\==/__    _____    ____     _        _____    ___   _  __ 
28-07-2024 15:43:29.708Z;functions.bot_text_art;   |__|   |_|  |  _  \  / ___|   | |      |_   _| / ___| | |/ / 
28-07-2024 15:43:29.708Z;functions.bot_text_art;   |_|_/\_|_|  | |  | | | |      | |        | |   | |    | ' /  
28-07-2024 15:43:29.708Z;functions.bot_text_art;   | | __ | |  | |  | | | |      | |        | |   | |    |  <   
28-07-2024 15:43:29.708Z;functions.bot_text_art;   |_|[  ]|_|  | |__| | | |____  | |____   _| |_  | |__  | . \  
28-07-2024 15:43:29.708Z;functions.bot_text_art;   \_|_||_|_/  |_____/   \_____| |______| |_____| \ ___| |_|\_\ 
28-07-2024 15:43:29.708Z;functions.bot_text_art;     |_||_|    
28-07-2024 15:43:29.708Z;functions.bot_text_art;     | ||_|_   
28-07-2024 15:43:29.708Z;functions.bot_text_art;   |___||___|  
28-07-2024 15:43:29.708Z;functions.bot_text_art;               
28-07-2024 15:43:29.723Z;functions.open_RM;  OPEN PROGRAM RM
28-07-2024 15:43:40.629Z;functions.loggin_RM;  ACHOU O PANE PICTURE
28-07-2024 15:43:41.848Z;functions.loggin_RM;  ENCONTRA USE FIELD
28-07-2024 15:43:42.129Z;functions.loggin_RM;  DUPLO CLICK
28-07-2024 15:43:45.739Z;functions.loggin_RM;  ENTRAR USER_NAME
28-07-2024 15:43:47.145Z;functions.loggin_RM;  ENCONTRA PASS FIELD
28-07-2024 15:43:47.505Z;functions.loggin_RM;  CLICK
28-07-2024 15:43:49.640Z;functions.loggin_RM;  ENTRAR PASSWORD
28-07-2024 15:43:51.130Z;functions.loggin_RM;  ENTRAR RM
28-07-2024 15:47:08.568Z;functions.enter_coligada;  AGUARDANDO 1
28-07-2024 15:47:09.848Z;functions.enter_coligada;  CLICK CONTEXTO
28-07-2024 15:47:12.598Z;functions.enter_coligada;  CLICK ALTERAR MODULO DO CONTEXTO
28-07-2024 15:47:16.895Z;functions.enter_coligada;  INSERE O COLIGADA CODE = 1
28-07-2024 15:47:17.001Z;functions.enter_coligada;  APERTA TAB PARA PREENCHER O CAMPO COM A STRING: OCEANICA ENGENHARIA E CONSULTORIA S.A.
28-07-2024 15:47:19.161Z;functions.enter_coligada;  CLICK AVANÇAR NOVAMENTE
28-07-2024 15:47:20.567Z;functions.enter_coligada;  CLICK CONCLUIR
28-07-2024 15:47:40.910Z;functions.waitForImage;  TROCA COLIGADA image not found.
28-07-2024 15:48:00.426Z;functions.enter_coligada;  POP UP COLIGADA DESAPARECER
28-07-2024 15:48:01.411Z;functions.check_movimentacao_bancaria;  CLICK - TOTVS - LINHA RM
28-07-2024 15:48:03.161Z;functions.check_movimentacao_bancaria;  CLICK - BACK OFFICE
28-07-2024 15:48:05.879Z;functions.check_movimentacao_bancaria;  CLICK - GESTAO FINANCEIRA
28-07-2024 15:48:05.879Z;functions.obter_intervalo_data;  VERIFICANDO A HORA ATUAL 15
28-07-2024 15:48:05.904Z;functions.obter_intervalo_data;  Data Inicial PENSAO antes da remoção: None
28-07-2024 15:48:05.904Z;functions.obter_intervalo_data;  Data Final PENSAO antes da remoção: None
28-07-2024 15:48:05.910Z;functions.obter_intervalo_data;  Data Inicial PENSAO após a remoção: None
28-07-2024 15:48:05.910Z;functions.obter_intervalo_data;  Data Final PENSAO após a remoção: None
28-07-2024 15:48:05.910Z;functions.obter_intervalo_data;  hoje -  2024-07-28 15:48:05.910851
28-07-2024 15:48:05.910Z;functions.check_movimentacao_bancaria;  DATA INICIO 31-07-2024
28-07-2024 15:48:05.910Z;functions.check_movimentacao_bancaria;  DATA FIM 06-08-2024
28-07-2024 15:48:05.910Z;functions.movimentacao_bancaria;  AGUARDANDO 1
28-07-2024 15:48:11.724Z;functions.movimentacao_bancaria;  CLICK NA ABA MOVIMENTAÇÃO BANCARIA
28-07-2024 15:48:13.973Z;functions.waitForImage;  IMAGEM BORDERO image found.
28-07-2024 15:48:16.106Z;functions.movimentacao_bancaria;  IMAGEM BORDERO CLICADA.
28-07-2024 15:48:26.537Z;functions.waitForImage;  LICENCAS EXCEDIDAS image not found.
28-07-2024 15:48:29.020Z;functions.waitForImage;  LICENCE SERVER image not found.
28-07-2024 15:48:29.739Z;functions.movimentacao_bancaria;  ENCONTROU O FILTRO DA MOVIMENTAÇÃO BANCÁRIA
28-07-2024 15:48:29.786Z;functions.movimentacao_bancaria;  CLICA NA ABA SUPERIOR DO FILTRO
28-07-2024 15:48:33.998Z;functions.movimentacao_bancaria;  SELECIONA O FILTRO HOJE
28-07-2024 15:48:33.998Z;functions.filter_clean;  FUNÇÃO LIMPA FILTRO
28-07-2024 15:48:49.285Z;functions.waitForImage;  FILTER CLEAN image not found.
28-07-2024 15:49:04.629Z;functions.waitForImage;  FILTER CLEAN image not found.
28-07-2024 15:49:19.942Z;functions.waitForImage;  FILTER CLEAN image not found.
28-07-2024 15:49:37.808Z;functions.movimentacao_bancaria;  SEM REGISTROS DE PROCESSO DE BORDERO PENDENTE
28-07-2024 15:49:37.808Z;functions.filter_clean;  FUNÇÃO LIMPA FILTRO
28-07-2024 15:49:53.129Z;functions.waitForImage;  FILTER CLEAN image not found.
28-07-2024 15:50:08.223Z;functions.waitForImage;  FILTER CLEAN image not found.
28-07-2024 15:50:23.566Z;functions.waitForImage;  FILTER CLEAN image not found.
28-07-2024 15:50:55.067Z;functions.remessa_pagamento;  SEM PROCESSO DE BORDERO AUTORIZADO
28-07-2024 15:50:57.707Z;errorhandler.__handle;  Property: Unknown Property name. [1:203: -ms-interpolation-mode]
28-07-2024 15:50:57.754Z;errorhandler.__handle;  Property: Unknown Property name. [1:353: -webkit-font-smoothing]
28-07-2024 15:50:57.770Z;errorhandler.__handle;  Property: Unknown Property name. [1:483: -ms-text-size-adjust]
28-07-2024 15:50:57.770Z;errorhandler.__handle;  Property: Unknown Property name. [1:518: -webkit-text-size-adjust]
28-07-2024 15:50:57.770Z;errorhandler.__handle;  Property: Unknown Property name. [1:612: mso-table-lspace]
28-07-2024 15:50:57.770Z;errorhandler.__handle;  Property: Unknown Property name. [1:642: mso-table-rspace]
28-07-2024 15:50:58.004Z;errorhandler.__handle;  Property: Unknown Property name. [1:4734: mso-hide]
28-07-2024 15:50:58.113Z;errorhandler.__handle;  Property: Unknown Property name. [1:13: -ms-interpolation-mode]
28-07-2024 15:50:58.113Z;errorhandler.__handle;  Property: Unknown Property name. [1:49: -webkit-font-smoothing]
28-07-2024 15:50:58.113Z;errorhandler.__handle;  Property: Unknown Property name. [1:134: -ms-text-size-adjust]
28-07-2024 15:50:58.129Z;errorhandler.__handle;  Property: Unknown Property name. [1:160: -webkit-text-size-adjust]
28-07-2024 15:50:58.129Z;errorhandler.__handle;  Property: Unknown Property name. [1:26: mso-table-lspace]
28-07-2024 15:50:58.129Z;errorhandler.__handle;  Property: Unknown Property name. [1:45: mso-table-rspace]
28-07-2024 15:50:58.160Z;errorhandler.__handle;  Property: Unknown Property name. [1:92: mso-hide]
28-07-2024 15:50:58.176Z;errorhandler.__handle;  Property: No ":" after name found: align-center [1:1: align-center]
28-07-2024 15:50:58.176Z;errorhandler.__handle;  Property: No property value found: align-center [1:1: align-center]
28-07-2024 15:50:58.176Z;errorhandler.__handle;  CSSStyleDeclaration: Syntax Error in Property: align-center
28-07-2024 15:50:58.176Z;errorhandler.__handle;  Property: Unknown Property name. [1:14: -ms-interpolation-mode]
28-07-2024 15:51:00.676Z;functions.emailFinalizado;  Warning e-mail sent.
28-07-2024 15:51:00.973Z;functions.encerra_prog;  RM ENCERRADO
