09-04-2024 14:30:16.064Z;functions.bot_text_art;      ____     
09-04-2024 14:30:16.064Z;functions.bot_text_art;     [____]    
09-04-2024 14:30:16.064Z;functions.bot_text_art;   |=]()()[=|  
09-04-2024 14:30:16.064Z;functions.bot_text_art;     _\==/__    _____    ____     _        _____    ___   _  __ 
09-04-2024 14:30:16.064Z;functions.bot_text_art;   |__|   |_|  |  _  \  / ___|   | |      |_   _| / ___| | |/ / 
09-04-2024 14:30:16.064Z;functions.bot_text_art;   |_|_/\_|_|  | |  | | | |      | |        | |   | |    | ' /  
09-04-2024 14:30:16.064Z;functions.bot_text_art;   | | __ | |  | |  | | | |      | |        | |   | |    |  <   
09-04-2024 14:30:16.064Z;functions.bot_text_art;   |_|[  ]|_|  | |__| | | |____  | |____   _| |_  | |__  | . \  
09-04-2024 14:30:16.064Z;functions.bot_text_art;   \_|_||_|_/  |_____/   \_____| |______| |_____| \ ___| |_|\_\ 
09-04-2024 14:30:16.064Z;functions.bot_text_art;     |_||_|    
09-04-2024 14:30:16.064Z;functions.bot_text_art;     | ||_|_   
09-04-2024 14:30:16.064Z;functions.bot_text_art;   |___||___|  
09-04-2024 14:30:16.064Z;functions.bot_text_art;               
09-04-2024 14:30:16.064Z;functions.open_RM;  OPEN PROGRAM RM
09-04-2024 14:30:22.908Z;functions.loggin_RM;  ACHOU O PANE PICTURE
09-04-2024 14:30:23.518Z;functions.loggin_RM;  ENCONTRA USE FIELD
09-04-2024 14:30:23.596Z;functions.loggin_RM;  DUPLO CLICK
09-04-2024 14:30:26.549Z;functions.loggin_RM;  ENTRAR USER_NAME
09-04-2024 14:30:27.174Z;functions.loggin_RM;  ENCONTRA PASS FIELD
09-04-2024 14:30:27.252Z;functions.loggin_RM;  CLICK
09-04-2024 14:30:29.362Z;functions.loggin_RM;  ENTRAR PASSWORD
09-04-2024 14:30:30.034Z;functions.loggin_RM;  ENTRAR RM
09-04-2024 14:30:59.362Z;functions.enter_coligada;  CLICK CONTEXTO
09-04-2024 14:31:03.253Z;functions.enter_coligada;  CLICK ALTERAR MODULO DO CONTEXTO
09-04-2024 14:31:05.910Z;functions.enter_coligada;  INSERE O COLIGADA CODE = 1
09-04-2024 14:31:06.011Z;functions.enter_coligada;  APERTA TAB PARA PREENCHER O CAMPO COM A STRING: OCEANICA ENGENHARIA E CONSULTORIA S.A.
09-04-2024 14:31:07.492Z;functions.enter_coligada;  CLICK AVANÇAR NOVAMENTE
09-04-2024 14:31:08.631Z;functions.enter_coligada;  CLICK CONCLUIR
09-04-2024 14:31:21.565Z;functions.enter_coligada;  POP UP COLIGADA DESAPARECER
09-04-2024 14:31:22.175Z;functions.check_movimentacao_bancaria;  CLICK - TOTVS - LINHA RM
09-04-2024 14:31:23.191Z;functions.check_movimentacao_bancaria;  CLICK - BACK OFFICE
09-04-2024 14:31:25.471Z;functions.check_movimentacao_bancaria;  CLICK - GESTAO FINANCEIRA
09-04-2024 14:31:33.222Z;functions.movimentacao_bancaria;  CLICK NA ABA MOVIMENTAÇÃO BANCARIA
09-04-2024 14:31:35.349Z;functions.waitForImage;  IMAGEM BORDERO image found.
09-04-2024 14:31:37.475Z;functions.movimentacao_bancaria;  IMAGEM BORDERO CLICADA.
09-04-2024 14:31:39.532Z;functions.waitForImage;  LICENCAS EXCEDIDAS image found.
09-04-2024 14:31:41.552Z;functions.waitForImage;  LICENCE SERVER image not found.
09-04-2024 14:31:41.552Z;functions.movimentacao_bancaria;  LICENCAS EXCEDIDAS
09-04-2024 14:31:41.552Z;functions.movimentacao_bancaria;  TENTANDO NOVAMENTE - 1
09-04-2024 14:32:02.769Z;functions.waitForImage;  IMAGEM BORDERO image found.
09-04-2024 14:32:04.902Z;functions.movimentacao_bancaria;  IMAGEM BORDERO CLICADA.
09-04-2024 14:32:06.332Z;functions.waitForImage;  LICENCAS EXCEDIDAS image found.
09-04-2024 14:32:08.947Z;functions.waitForImage;  LICENCE SERVER image not found.
09-04-2024 14:32:08.947Z;functions.movimentacao_bancaria;  LICENCAS EXCEDIDAS
09-04-2024 14:32:08.947Z;functions.movimentacao_bancaria;  TENTANDO NOVAMENTE - 2
09-04-2024 14:32:30.181Z;functions.waitForImage;  IMAGEM BORDERO image found.
09-04-2024 14:32:32.304Z;functions.movimentacao_bancaria;  IMAGEM BORDERO CLICADA.
09-04-2024 14:32:34.347Z;functions.waitForImage;  LICENCAS EXCEDIDAS image found.
09-04-2024 14:32:36.379Z;functions.waitForImage;  LICENCE SERVER image not found.
09-04-2024 14:32:36.379Z;functions.movimentacao_bancaria;  LICENCAS EXCEDIDAS
09-04-2024 14:32:36.379Z;functions.movimentacao_bancaria;  TENTANDO NOVAMENTE - 3
09-04-2024 14:32:57.606Z;functions.waitForImage;  IMAGEM BORDERO image found.
09-04-2024 14:32:59.726Z;functions.movimentacao_bancaria;  IMAGEM BORDERO CLICADA.
09-04-2024 14:33:01.140Z;functions.waitForImage;  LICENCAS EXCEDIDAS image found.
09-04-2024 14:33:03.162Z;functions.waitForImage;  LICENCE SERVER image not found.
09-04-2024 14:33:03.162Z;functions.movimentacao_bancaria;  LICENCAS EXCEDIDAS
09-04-2024 14:33:03.162Z;functions.movimentacao_bancaria;  TENTANDO NOVAMENTE - 4
09-04-2024 14:33:24.399Z;functions.waitForImage;  IMAGEM BORDERO image found.
09-04-2024 14:33:26.508Z;functions.movimentacao_bancaria;  IMAGEM BORDERO CLICADA.
09-04-2024 14:33:36.786Z;functions.waitForImage;  LICENCAS EXCEDIDAS image not found.
09-04-2024 14:33:39.408Z;functions.waitForImage;  LICENCE SERVER image not found.
09-04-2024 14:33:39.957Z;functions.movimentacao_bancaria;  ENCONTROU O FILTRO DA MOVIMENTAÇÃO BANCÁRIA
09-04-2024 14:33:39.973Z;functions.movimentacao_bancaria;  CLICA NA ABA SUPERIOR DO FILTRO
09-04-2024 14:33:44.177Z;functions.movimentacao_bancaria;  SELECIONA O FILTRO HOJE
09-04-2024 14:33:44.177Z;functions.filter_clean;  FUNÇÃO LIMPA FILTRO
09-04-2024 14:33:46.146Z;functions.waitForImage;  FILTER CLEAN image found.
09-04-2024 14:33:48.268Z;functions.filter_clean;  CLICK NO BOTÃO X DO LIMPA FILTRO
09-04-2024 14:34:03.714Z;functions.waitForImage;  FILTER CLEAN image not found.
09-04-2024 14:34:19.230Z;functions.waitForImage;  FILTER CLEAN image not found.
09-04-2024 14:34:19.973Z;functions.movimentacao_bancaria;  CLICK NA PRIMEIRA LINHA DA TABELA MOVIMENTAÇÃO BANCÁRIA
09-04-2024 14:34:21.184Z;functions.movimentacao_bancaria;  12 PASSOS PARA DIREITA NA TABELA >>
09-04-2024 14:34:22.442Z;functions.movimentacao_bancaria;  HOVER FILTER
09-04-2024 14:34:22.708Z;functions.movimentacao_bancaria;  CLICK FILTER
09-04-2024 14:34:27.017Z;functions.movimentacao_bancaria;  CLICK NO FILTRO  STATUS DA REMESSA
09-04-2024 14:34:29.119Z;functions.movimentacao_bancaria;  APERTA TAB PARA ESCREVER O FILTRO
09-04-2024 14:34:31.224Z;functions.movimentacao_bancaria;  ESCREVE PENDENTE NO FILTRO
09-04-2024 14:34:33.326Z;functions.movimentacao_bancaria;  APERTA ENTER PARA SELECIONAR OS PENDENTES
09-04-2024 14:34:53.226Z;functions.movimentacao_bancaria;  SEM REGISTROS DE PROCESSO DE BORDERO PENDENTE
09-04-2024 14:34:53.226Z;functions.filter_clean;  FUNÇÃO LIMPA FILTRO
09-04-2024 14:34:53.336Z;functions.waitForImage;  FILTER CLEAN image found.
09-04-2024 14:34:55.455Z;functions.filter_clean;  CLICK NO BOTÃO X DO LIMPA FILTRO
09-04-2024 14:35:10.993Z;functions.waitForImage;  FILTER CLEAN image not found.
09-04-2024 14:35:26.489Z;functions.waitForImage;  FILTER CLEAN image not found.
09-04-2024 14:35:27.286Z;functions.remessa_pagamento;  CLICK NA PRIMEIRA LINHA DA TABELA MOVIMENTAÇÃO BANCÁRIA
09-04-2024 14:35:28.505Z;functions.remessa_pagamento;  HOVER FILTER
09-04-2024 14:35:28.766Z;functions.remessa_pagamento;  CLICK FILTER
09-04-2024 14:35:33.077Z;functions.remessa_pagamento;  CLICK NO FILTRO  STATUS DA REMESSA
09-04-2024 14:35:35.179Z;functions.remessa_pagamento;  APERTA TAB PARA ESCREVER O FILTRO
09-04-2024 14:35:37.286Z;functions.remessa_pagamento;  ESCREVE AUTORIZADO NO FILTRO
09-04-2024 14:35:39.387Z;functions.remessa_pagamento;  APERTA ENTER PARA SELECIONAR OS AUTORIZADOS
09-04-2024 14:36:00.287Z;functions.remessa_pagamento;  SEM REMESSA DE BORDERO AUTORIZADO
09-04-2024 14:36:00.880Z;functions.enter_contas_a_pagar;  CLICK - TOTVS - LINHA RM
09-04-2024 14:36:01.803Z;functions.enter_contas_a_pagar;  CLICK - BACK OFFICE
09-04-2024 14:36:02.481Z;functions.enter_contas_a_pagar;  CLICK - GESTAO FINANCEIRA
09-04-2024 14:36:07.718Z;functions.enter_contas_a_pagar;  CLICK - CONTAS A PAGAR
09-04-2024 14:36:07.835Z;functions.waitForImage;  LANÇAMENTOS image found.
09-04-2024 14:36:09.965Z;functions.enter_contas_a_pagar;  CLICA EM LANÇAMENTOS
09-04-2024 14:36:25.206Z;functions.waitForImage;  LICENCAS EXCEDIDAS image not found.
09-04-2024 14:36:25.206Z;functions.obter_intervalo_data;  VERIFICANDO A HORA ATUAL 14
09-04-2024 14:36:25.206Z;functions.obter_intervalo_data;  Data Inicial PENSAO antes da remoção: None
09-04-2024 14:36:25.206Z;functions.obter_intervalo_data;  Data Final PENSAO antes da remoção: None
09-04-2024 14:36:25.206Z;functions.obter_intervalo_data;  Data Inicial PENSAO após a remoção: None
09-04-2024 14:36:25.206Z;functions.obter_intervalo_data;  Data Final PENSAO após a remoção: None
09-04-2024 14:36:25.206Z;functions.obter_intervalo_data;  hoje -  2024-04-09 14:36:25.206482
09-04-2024 14:36:25.206Z;functions.data_filter;  DATA INICIO 17-04-2024
09-04-2024 14:36:25.206Z;functions.data_filter;  DATA FIM 23-04-2024
09-04-2024 14:36:25.206Z;functions.data_filter;  CLICK - SELECIONA A DATA DE QUARTA FEIRA E DA PROXIMA TERÇA
09-04-2024 14:36:25.206Z;functions.data_filter;  QUARTA-FEIRA: 17-04-2024
09-04-2024 14:36:25.206Z;functions.data_filter;  TERCA-FEIRA: 23-04-2024
09-04-2024 14:36:36.193Z;functions.data_filter;  CLICK - BUTÃO DE SELECAO DE FILTRO
09-04-2024 14:36:39.881Z;functions.data_filter;  INSERE - DATA DE QUARTA-FEIRA: 17-04-2024
09-04-2024 14:36:43.320Z;functions.data_filter;  INSERE - DATA DA PROX TERCA-FEIRA: 23-04-2024
09-04-2024 14:36:44.177Z;functions.data_filter;  CLICK - BUTÃO DE EXECUTAR O FILTRO
09-04-2024 14:36:49.943Z;functions.desmark_filter;  CLICK CHECKBOX LANÇAMENTOS A RECEBER
09-04-2024 14:36:50.712Z;functions.desmark_filter;  CLICK CHECKBOX LANÇAMENTOS BAIXADOS
09-04-2024 14:36:51.537Z;functions.desmark_filter;  CLICK CHECKBOX LANÇAMENTOS CANCELADOS
09-04-2024 14:36:52.381Z;functions.desmark_filter;  CLICK CHECKBOX LANÇAMENTOS FATURADOS
09-04-2024 14:36:53.209Z;functions.desmark_filter;  ATUALIZA O FILTRO
09-04-2024 14:36:53.209Z;functions.filter_clean;  FUNÇÃO LIMPA FILTRO
09-04-2024 14:37:08.751Z;functions.waitForImage;  FILTER CLEAN image not found.
09-04-2024 14:37:24.238Z;functions.waitForImage;  FILTER CLEAN image not found.
09-04-2024 14:37:39.724Z;functions.waitForImage;  FILTER CLEAN image not found.
09-04-2024 14:37:40.600Z;functions.tabela_vazia;  Texto extraido 1/1
09-04-2024 14:37:40.600Z;functions.tabela_vazia;  Count 1
09-04-2024 14:37:40.600Z;functions.tabela_vazia;  Type <class 'int'>
09-04-2024 14:37:40.600Z;functions.tabela_vazia;  TABELA CONTÉM REGISTROS
09-04-2024 14:37:41.287Z;functions.desbloqueio;  SELECIONA TODAS AS TUPLAS
09-04-2024 14:37:41.390Z;functions.desbloqueio;  CONTROL P PARA SELECIONAR PROCESSO
09-04-2024 14:37:47.600Z;functions.desbloqueio;  7 SETAS PARA BAIXO - MANUTENÇÃO DE LANÇAMENTO
09-04-2024 14:37:49.702Z;functions.desbloqueio;  SETA PARA DIREITA
09-04-2024 14:37:52.609Z;functions.desbloqueio;  9 SETAS PARA BAIXO
09-04-2024 14:37:54.711Z;functions.desbloqueio;  ENTER PARA SELECIONAR DESBLOQUEIO ALTERAÇÃO
09-04-2024 14:38:57.116Z;functions.exec_lancamentos;  CONTROL G
09-04-2024 14:38:59.507Z;functions.exec_lancamentos;  CLICK PARA APARECER CONTA/CAIXA
09-04-2024 14:39:00.204Z;functions.exec_lancamentos;  SELECIONA CONTA/CAIXA
09-04-2024 14:39:00.899Z;functions.exec_lancamentos;  CLICK NO BOTÃO [...]
09-04-2024 14:39:02.223Z;functions.exec_lancamentos;  CLICK NO CAMPO PESQUISA E DIGITA: %3212
09-04-2024 14:39:02.850Z;functions.exec_lancamentos;  CLICK NO BOTÃO DO FILTRO
09-04-2024 14:39:03.599Z;functions.exec_lancamentos;  CLICK NO BOTÃO OK
09-04-2024 14:39:04.335Z;functions.exec_lancamentos;  CLICK NO BOTÃO EXECUTAR
09-04-2024 14:39:14.495Z;functions.waitForImage;  PRESS BUTTON OK image found.
09-04-2024 14:39:16.503Z;functions.process_lancamentos;  O PROCESSAMENTO DE LANÇAMENTO FOI EXECUTADO COM SUCESSO.
09-04-2024 14:39:25.399Z;functions.process_lancamentos;  Lançamento Ref. 930092: Convênio alterado para o convênio default '7' da conta Caixa '02675-5' .
Alteração Global de Lançamentos executada com sucesso

09-04-2024 14:39:25.991Z;functions.process_lancamentos;  CLICA EM FECHAR.
09-04-2024 14:39:44.177Z;functions.proccess_bordero;  SELECIONAR INCLUSÃO DE BORDERO
09-04-2024 14:40:04.790Z;functions.waitForImage;  PRESS BUTON SIM image not found.
09-04-2024 14:40:05.477Z;functions.proccess_bordero;  CLICK EM CONVÊNIO TRÊS PONTINHOS
09-04-2024 14:40:06.495Z;functions.proccess_bordero;  CLICK EM COMBOBOX PARA SELECIONAR O ID DO CONVÊNIO
09-04-2024 14:40:07.206Z;functions.proccess_bordero;  CLICK EM ID DO CONVÊNIO
09-04-2024 14:40:09.308Z;functions.proccess_bordero;  APERTA TAB PARA ESCREVER O ID
09-04-2024 14:40:11.411Z;functions.proccess_bordero;  ESCREVE O ID 10 - PENSÃO
09-04-2024 14:40:13.512Z;functions.proccess_bordero;  APERTA ENTER PARA SELECIONAR O ID 10 - PENSÃO
09-04-2024 14:40:15.613Z;functions.proccess_bordero;  APERTA ENTER PARA ESCOLHER O ID 10 - PENSÃO
09-04-2024 14:40:18.211Z;functions.proccess_bordero;  CLICK EM EXECUTAR NA INCLUSÃO DO BORDÊRO
09-04-2024 14:40:37.851Z;functions.waitForImage;  PRESS BUTTON OK image found.
09-04-2024 14:40:39.861Z;functions.proccess_bordero;  O PROCESSAMENTO DO BORDERO FOI EXECUTADO COM SUCESSO.
09-04-2024 14:40:40.455Z;functions.proccess_bordero;  CLICK EM FECHAR.
09-04-2024 14:40:42.508Z;functions.movimentacao_bancaria;  CLICK NA ABA MOVIMENTAÇÃO BANCARIA
09-04-2024 14:40:44.635Z;functions.waitForImage;  IMAGEM BORDERO image found.
09-04-2024 14:40:46.746Z;functions.movimentacao_bancaria;  IMAGEM BORDERO CLICADA.
09-04-2024 14:40:57.006Z;functions.waitForImage;  LICENCAS EXCEDIDAS image not found.
09-04-2024 14:40:59.606Z;functions.waitForImage;  LICENCE SERVER image not found.
09-04-2024 14:41:00.164Z;functions.movimentacao_bancaria;  ENCONTROU O FILTRO DA MOVIMENTAÇÃO BANCÁRIA
09-04-2024 14:41:00.180Z;functions.movimentacao_bancaria;  CLICA NA ABA SUPERIOR DO FILTRO
09-04-2024 14:41:04.384Z;functions.movimentacao_bancaria;  SELECIONA O FILTRO HOJE
09-04-2024 14:41:04.384Z;functions.filter_clean;  FUNÇÃO LIMPA FILTRO
09-04-2024 14:41:05.764Z;functions.waitForImage;  FILTER CLEAN image found.
09-04-2024 14:41:07.875Z;functions.filter_clean;  CLICK NO BOTÃO X DO LIMPA FILTRO
09-04-2024 14:41:23.395Z;functions.waitForImage;  FILTER CLEAN image not found.
09-04-2024 14:41:38.868Z;functions.waitForImage;  FILTER CLEAN image not found.
09-04-2024 14:41:39.587Z;functions.movimentacao_bancaria;  CLICK NA PRIMEIRA LINHA DA TABELA MOVIMENTAÇÃO BANCÁRIA
09-04-2024 14:41:40.799Z;functions.movimentacao_bancaria;  12 PASSOS PARA DIREITA NA TABELA >>
09-04-2024 14:41:42.039Z;functions.movimentacao_bancaria;  HOVER FILTER
09-04-2024 14:41:42.308Z;functions.movimentacao_bancaria;  CLICK FILTER
09-04-2024 14:41:46.619Z;functions.movimentacao_bancaria;  CLICK NO FILTRO  STATUS DA REMESSA
09-04-2024 14:41:48.721Z;functions.movimentacao_bancaria;  APERTA TAB PARA ESCREVER O FILTRO
09-04-2024 14:41:50.826Z;functions.movimentacao_bancaria;  ESCREVE PENDENTE NO FILTRO
09-04-2024 14:41:52.928Z;functions.movimentacao_bancaria;  APERTA ENTER PARA SELECIONAR OS PENDENTES
09-04-2024 14:41:56.499Z;functions.movimentacao_bancaria;  SELECIONA TODAS AS TUPLAS COM STATUS PENDENTE
09-04-2024 14:41:58.601Z;functions.movimentacao_bancaria;  CLICK EM PROCESSOS
09-04-2024 14:42:00.702Z;functions.movimentacao_bancaria;  APERTA PARA BAIXO
09-04-2024 14:42:02.804Z;functions.movimentacao_bancaria;  APERTA ENTER
09-04-2024 14:42:05.414Z;functions.movimentacao_bancaria;  CLICK EM EXECUTAR BORDERO DE PAGAMENTO
09-04-2024 14:42:21.274Z;functions.waitForImage;  PRESS BUTTON OK image found.
09-04-2024 14:42:23.276Z;functions.movimentacao_bancaria;  O PROCESSAMENTO DE AUTORIZAÇÃO DO BORDERO FOI EXECUTADO COM SUCESSO.
09-04-2024 14:42:25.884Z;functions.movimentacao_bancaria;  CLICK EM FECHAR.
09-04-2024 14:42:27.885Z;functions.filter_clean;  FUNÇÃO LIMPA FILTRO
09-04-2024 14:42:27.995Z;functions.waitForImage;  FILTER CLEAN image found.
09-04-2024 14:42:30.114Z;functions.filter_clean;  CLICK NO BOTÃO X DO LIMPA FILTRO
09-04-2024 14:42:45.579Z;functions.waitForImage;  FILTER CLEAN image not found.
09-04-2024 14:43:01.061Z;functions.waitForImage;  FILTER CLEAN image not found.
09-04-2024 14:43:01.854Z;functions.remessa_pagamento;  CLICK NA PRIMEIRA LINHA DA TABELA MOVIMENTAÇÃO BANCÁRIA
09-04-2024 14:43:03.071Z;functions.remessa_pagamento;  HOVER FILTER
09-04-2024 14:43:03.335Z;functions.remessa_pagamento;  CLICK FILTER
09-04-2024 14:43:07.647Z;functions.remessa_pagamento;  CLICK NO FILTRO  STATUS DA REMESSA
09-04-2024 14:43:09.748Z;functions.remessa_pagamento;  APERTA TAB PARA ESCREVER O FILTRO
09-04-2024 14:43:11.855Z;functions.remessa_pagamento;  ESCREVE AUTORIZADO NO FILTRO
09-04-2024 14:43:13.956Z;functions.remessa_pagamento;  APERTA ENTER PARA SELECIONAR OS AUTORIZADOS
09-04-2024 14:43:20.262Z;functions.remessa_pagamento;  6 PASSOS PARA ESQUERDA NA TABELA <<
09-04-2024 14:43:21.087Z;functions.check_user_bot;  Texto extraido 1/1
09-04-2024 14:43:21.087Z;functions.check_user_bot;  Count 1
09-04-2024 14:43:21.087Z;functions.check_user_bot;  Type <class 'int'>
09-04-2024 14:43:23.195Z;functions.check_user_bot;  CHECK USER BOT 1
09-04-2024 14:43:25.195Z;functions.check_user_bot;  integracao
09-04-2024 14:43:27.901Z;functions.check_user_bot;  7 PASSOS PARA DIREITA NA TABELA >>
09-04-2024 14:43:32.004Z;functions.check_user_bot;  341 / 3212 / 02675 - PENSAO ALIMENTICIA
09-04-2024 14:43:32.004Z;functions.check_user_bot;  NOME PENSAO ENCONTRADO
09-04-2024 14:43:34.207Z;functions.check_user_bot;  CLICK EM PROCESSOS
09-04-2024 14:43:36.309Z;functions.check_user_bot;  APERTA PARA BAIXO 0
09-04-2024 14:43:38.410Z;functions.check_user_bot;  APERTA PARA BAIXO 1
09-04-2024 14:43:40.512Z;functions.check_user_bot;  APERTA PARA BAIXO 2
09-04-2024 14:43:42.613Z;functions.check_user_bot;  APERTA ENTER
09-04-2024 14:43:45.244Z;functions.check_user_bot;  CLICK EM REMESSAS DE PAGAMENTO
09-04-2024 14:43:46.346Z;functions.check_user_bot;  APERTA TAB 0
09-04-2024 14:43:47.447Z;functions.check_user_bot;  APERTA TAB 1
09-04-2024 14:43:48.549Z;functions.check_user_bot;  APERTA TAB 2
09-04-2024 14:43:58.579Z;functions.check_user_bot;  CLICK EM AVANÇAR
09-04-2024 14:43:58.579Z;functions.check_user_bot;  CLICK - SELECIONA A DATA DE QUARTA FEIRA E DA PROXIMA TERÇA
09-04-2024 14:43:58.579Z;functions.check_user_bot;  QUARTA-FEIRA: 17-04-2024
09-04-2024 14:43:58.579Z;functions.check_user_bot;  TERCA-FEIRA: 23-04-2024
09-04-2024 14:44:03.274Z;functions.check_user_bot;  DESMARCA CHECKBOX PARA SALVAR ARQUIVO DE REMESSA
09-04-2024 14:44:03.899Z;functions.check_user_bot;  CLICK NOS ... PARA SELECIONAR O DIRETÓRIO E NOME DO ARQUIVO.
09-04-2024 14:44:04.978Z;functions.check_user_bot;  DUPLO CLICK NO DIRETORIO
09-04-2024 14:44:10.322Z;functions.check_user_bot;  APERTA TAB 0
09-04-2024 14:44:11.424Z;functions.check_user_bot;  APERTA TAB 1
09-04-2024 14:44:12.525Z;functions.check_user_bot;  APERTA TAB 2
09-04-2024 14:44:13.627Z;functions.check_user_bot;  APERTA TAB 3
09-04-2024 14:44:14.728Z;functions.check_user_bot;  APERTA TAB 4
09-04-2024 14:44:15.829Z;functions.check_user_bot;  APERTA TAB 5
09-04-2024 14:44:15.940Z;functions.check_user_bot;  S172324A.txt
09-04-2024 14:44:16.541Z;functions.check_user_bot;  CLICK NO BUTÃO SALVAR
09-04-2024 14:44:17.243Z;functions.check_user_bot;  CLICK EM AVANCAR PARA CONCLUIR
09-04-2024 14:44:18.041Z;functions.check_user_bot;  CLICK EM EXECUTAR
09-04-2024 14:44:30.197Z;functions.waitForImage;  PRESS BUTTON OK image found.
09-04-2024 14:44:32.203Z;functions.check_user_bot;  O PROCESSAMENTO DE AUTORIZAÇÃO DO BORDERO FOI EXECUTADO COM SUCESSO.
09-04-2024 14:44:41.120Z;functions.check_user_bot;  ===========================================================================================================
LANÇAMENTOS ENVIADOS PARA REMESSA PAGAMENTO
Coligada: 1
ID Remessa: 10
Convênio: 10
Data: 09/04/2024 14:44:27
Borderô remetidos: 1
===========================================================================================================
Borderô: 1-8853

Lançamentos remetidos no Borderô:
Lancamento 1-930092
----------------------------------------------------------------------------------------------------------


09-04-2024 14:44:43.182Z;errorhandler.__handle;  CSSStyleDeclaration: Unexpected token, ignoring upto '{        border: none;'. [1:174: {]
09-04-2024 14:44:43.182Z;errorhandler.__handle;  Property: Unknown Property name. [1:204: -ms-interpolation-mode]
09-04-2024 14:44:43.182Z;errorhandler.__handle;  CSSStyleDeclaration: Unexpected token, ignoring upto '}'. [1:267: }]
09-04-2024 14:44:43.182Z;errorhandler.__handle;  CSSStyleDeclaration: Unexpected token, ignoring upto '{        background-color: #f6f6f6;'. [1:281: {]
09-04-2024 14:44:43.182Z;errorhandler.__handle;  Property: Unknown Property name. [1:356: -webkit-font-smoothing]
09-04-2024 14:44:43.182Z;errorhandler.__handle;  Property: Unknown Property name. [1:486: -ms-text-size-adjust]
09-04-2024 14:44:43.182Z;errorhandler.__handle;  Property: Unknown Property name. [1:521: -webkit-text-size-adjust]
09-04-2024 14:44:43.182Z;errorhandler.__handle;  CSSStyleDeclaration: Unexpected token, ignoring upto '}'. [1:559: }]
09-04-2024 14:44:43.182Z;errorhandler.__handle;  CSSStyleDeclaration: Unexpected token, ignoring upto '{        border-collapse: separate;'. [1:574: {]
09-04-2024 14:44:43.182Z;errorhandler.__handle;  Property: Unknown Property name. [1:617: mso-table-lspace]
09-04-2024 14:44:43.182Z;errorhandler.__handle;  Property: Unknown Property name. [1:647: mso-table-rspace]
09-04-2024 14:44:43.182Z;errorhandler.__handle;  CSSStyleDeclaration: Unexpected token, ignoring upto '}'. [1:690: }]
09-04-2024 14:44:43.182Z;errorhandler.__handle;  CSSStyleDeclaration: Unexpected token, ignoring upto '{          font-family: sans-serif;'. [1:710: {]
09-04-2024 14:44:43.182Z;errorhandler.__handle;  CSSStyleDeclaration: Unexpected token, ignoring upto '}'. [1:808: }]
09-04-2024 14:44:43.197Z;errorhandler.__handle;  CSSStyleDeclaration: Unexpected token, ignoring upto '{        background-color: #f6f6f6;'. [1:941: {]
09-04-2024 14:44:43.197Z;errorhandler.__handle;  CSSStyleDeclaration: Unexpected token, ignoring upto '}'. [1:1003: }]
09-04-2024 14:44:43.197Z;errorhandler.__handle;  CSSStyleDeclaration: Unexpected token, ignoring upto '{        display: block;'. [1:1178: {]
09-04-2024 14:44:43.197Z;errorhandler.__handle;  CSSStyleDeclaration: Unexpected token, ignoring upto '}'. [1:1342: }]
09-04-2024 14:44:43.197Z;errorhandler.__handle;  CSSStyleDeclaration: Unexpected token, ignoring upto '{        box-sizing: border-box;'. [1:1452: {]
09-04-2024 14:44:43.197Z;errorhandler.__handle;  CSSStyleDeclaration: Unexpected token, ignoring upto '}'. [1:1584: }]
09-04-2024 14:44:43.197Z;errorhandler.__handle;  CSSStyleDeclaration: Unexpected token, ignoring upto '{        background: #ffffff;'. [1:1721: {]
09-04-2024 14:44:43.197Z;errorhandler.__handle;  CSSStyleDeclaration: Unexpected token, ignoring upto '}'. [1:1804: }]
09-04-2024 14:44:43.197Z;errorhandler.__handle;  CSSStyleDeclaration: Unexpected token, ignoring upto '{        box-sizing: border-box;'. [1:1822: {]
09-04-2024 14:44:43.197Z;errorhandler.__handle;  CSSStyleDeclaration: Unexpected token, ignoring upto '}'. [1:1883: }]
09-04-2024 14:44:43.197Z;errorhandler.__handle;  CSSStyleDeclaration: Unexpected token, ignoring upto '{        padding-bottom: 10px;'. [1:1907: {]
09-04-2024 14:44:43.197Z;errorhandler.__handle;  CSSStyleDeclaration: Unexpected token, ignoring upto '}'. [1:1969: }]
09-04-2024 14:44:43.197Z;errorhandler.__handle;  CSSStyleDeclaration: Unexpected token, ignoring upto '{        clear: both;'. [1:1986: {]
09-04-2024 14:44:43.197Z;errorhandler.__handle;  CSSStyleDeclaration: Unexpected token, ignoring upto '}'. [1:2086: }]
09-04-2024 14:44:43.197Z;errorhandler.__handle;  CSSStyleDeclaration: Unexpected token, ignoring upto '{          color: #999999;'. [1:2165: {]
09-04-2024 14:44:43.197Z;errorhandler.__handle;  CSSStyleDeclaration: Unexpected token, ignoring upto '}'. [1:2253: }]
09-04-2024 14:44:43.197Z;errorhandler.__handle;  CSSStyleDeclaration: Unexpected token, ignoring upto '{        color: #000000;'. [1:2404: {]
09-04-2024 14:44:43.197Z;errorhandler.__handle;  CSSStyleDeclaration: Unexpected token, ignoring upto '}'. [1:2563: }]
09-04-2024 14:44:43.197Z;errorhandler.__handle;  CSSStyleDeclaration: Unexpected token, ignoring upto '{        font-size: 35px;'. [1:2575: {]
09-04-2024 14:44:43.197Z;errorhandler.__handle;  CSSStyleDeclaration: Unexpected token, ignoring upto '}'. [1:2694: }]
09-04-2024 14:44:43.197Z;errorhandler.__handle;  CSSStyleDeclaration: Unexpected token, ignoring upto '{        font-family: sans-serif;'. [1:2723: {]
09-04-2024 14:44:43.197Z;errorhandler.__handle;  CSSStyleDeclaration: Unexpected token, ignoring upto '}'. [1:2861: }]
09-04-2024 14:44:43.197Z;errorhandler.__handle;  CSSStyleDeclaration: Unexpected token, ignoring upto '{          list-style-position: inside;'. [1:2905: {]
09-04-2024 14:44:43.197Z;errorhandler.__handle;  CSSStyleDeclaration: Unexpected token, ignoring upto '}'. [1:2978: }]
09-04-2024 14:44:43.197Z;errorhandler.__handle;  CSSStyleDeclaration: Unexpected token, ignoring upto '{        color: #3498db;'. [1:2989: {]
09-04-2024 14:44:43.197Z;errorhandler.__handle;  CSSStyleDeclaration: Unexpected token, ignoring upto '}'. [1:3055: }]
09-04-2024 14:44:43.197Z;errorhandler.__handle;  CSSStyleDeclaration: Unexpected token, ignoring upto '{        box-sizing: border-box;'. [1:3178: {]
09-04-2024 14:44:43.197Z;errorhandler.__handle;  CSSStyleDeclaration: Unexpected token, ignoring upto '}'. [1:3231: }]
09-04-2024 14:44:43.197Z;errorhandler.__handle;  CSSStyleDeclaration: Unexpected token, ignoring upto '{          padding-bottom: 15px;'. [1:3265: {]
09-04-2024 14:44:43.197Z;errorhandler.__handle;  CSSStyleDeclaration: Unexpected token, ignoring upto '}'. [1:3298: }]
09-04-2024 14:44:43.197Z;errorhandler.__handle;  CSSStyleDeclaration: Unexpected token, ignoring upto '{          width: auto;'. [1:3320: {]
09-04-2024 14:44:43.197Z;errorhandler.__handle;  CSSStyleDeclaration: Unexpected token, ignoring upto '}'. [1:3350: }]
09-04-2024 14:44:43.197Z;errorhandler.__handle;  CSSStyleDeclaration: Unexpected token, ignoring upto '{          background-color: #ffffff;'. [1:3375: {]
09-04-2024 14:44:43.197Z;errorhandler.__handle;  CSSStyleDeclaration: Unexpected token, ignoring upto '}'. [1:3477: }]
09-04-2024 14:44:43.197Z;errorhandler.__handle;  CSSStyleDeclaration: Unexpected token, ignoring upto '{          background-color: #ffffff;'. [1:3495: {]
09-04-2024 14:44:43.244Z;errorhandler.__handle;  CSSStyleDeclaration: Unexpected token, ignoring upto '}'. [1:3892: }]
09-04-2024 14:44:43.244Z;errorhandler.__handle;  CSSStyleDeclaration: Unexpected token, ignoring upto '{        background-color: #3498db;'. [1:3923: {]
09-04-2024 14:44:43.244Z;errorhandler.__handle;  CSSStyleDeclaration: Unexpected token, ignoring upto '}'. [1:3965: }]
09-04-2024 14:44:43.244Z;errorhandler.__handle;  CSSStyleDeclaration: Unexpected token, ignoring upto '{        background-color: #3498db;'. [1:3989: {]
09-04-2024 14:44:43.244Z;errorhandler.__handle;  CSSStyleDeclaration: Unexpected token, ignoring upto '}'. [1:4084: }]
09-04-2024 14:44:43.244Z;errorhandler.__handle;  CSSStyleDeclaration: Unexpected token, ignoring upto '{        margin-bottom: 0;'. [1:4234: {]
09-04-2024 14:44:43.244Z;errorhandler.__handle;  CSSStyleDeclaration: Unexpected token, ignoring upto '}'. [1:4267: }]
09-04-2024 14:44:43.244Z;errorhandler.__handle;  CSSStyleDeclaration: Unexpected token, ignoring upto '{        margin-top: 0;'. [1:4283: {]
09-04-2024 14:44:43.244Z;errorhandler.__handle;  CSSStyleDeclaration: Unexpected token, ignoring upto '}'. [1:4313: }]
09-04-2024 14:44:43.244Z;errorhandler.__handle;  CSSStyleDeclaration: Unexpected token, ignoring upto '{        text-align: center;'. [1:4336: {]
09-04-2024 14:44:43.244Z;errorhandler.__handle;  CSSStyleDeclaration: Unexpected token, ignoring upto '}'. [1:4371: }]
09-04-2024 14:44:43.244Z;errorhandler.__handle;  CSSStyleDeclaration: Unexpected token, ignoring upto '{        text-align: right;'. [1:4393: {]
09-04-2024 14:44:43.244Z;errorhandler.__handle;  CSSStyleDeclaration: Unexpected token, ignoring upto '}'. [1:4427: }]
09-04-2024 14:44:43.244Z;errorhandler.__handle;  CSSStyleDeclaration: Unexpected token, ignoring upto '{        text-align: left;'. [1:4448: {]
09-04-2024 14:44:43.244Z;errorhandler.__handle;  CSSStyleDeclaration: Unexpected token, ignoring upto '}'. [1:4481: }]
09-04-2024 14:44:43.244Z;errorhandler.__handle;  CSSStyleDeclaration: Unexpected token, ignoring upto '{        clear: both;'. [1:4497: {]
09-04-2024 14:44:43.244Z;errorhandler.__handle;  CSSStyleDeclaration: Unexpected token, ignoring upto '}'. [1:4525: }]
09-04-2024 14:44:43.260Z;errorhandler.__handle;  CSSStyleDeclaration: Unexpected token, ignoring upto '{        margin-top: 0;'. [1:4539: {]
09-04-2024 14:44:43.260Z;errorhandler.__handle;  CSSStyleDeclaration: Unexpected token, ignoring upto '}'. [1:4569: }]
09-04-2024 14:44:43.260Z;errorhandler.__handle;  CSSStyleDeclaration: Unexpected token, ignoring upto '{        margin-bottom: 0;'. [1:4583: {]
09-04-2024 14:44:43.260Z;errorhandler.__handle;  CSSStyleDeclaration: Unexpected token, ignoring upto '}'. [1:4616: }]
09-04-2024 14:44:43.260Z;errorhandler.__handle;  CSSStyleDeclaration: Unexpected token, ignoring upto '{        color: transparent;'. [1:4636: {]
09-04-2024 14:44:43.260Z;errorhandler.__handle;  Property: Unknown Property name. [1:4799: mso-hide]
09-04-2024 14:44:43.260Z;errorhandler.__handle;  CSSStyleDeclaration: Unexpected token, ignoring upto '}'. [1:4864: }]
09-04-2024 14:44:43.260Z;errorhandler.__handle;  CSSStyleDeclaration: Unexpected token, ignoring upto '{        text-decoration: none;'. [1:4887: {]
09-04-2024 14:44:43.260Z;errorhandler.__handle;  CSSStyleDeclaration: Unexpected token, ignoring upto '}'. [1:4925: }]
09-04-2024 14:44:43.260Z;errorhandler.__handle;  CSSStyleDeclaration: Unexpected token, ignoring upto '{        border: 0;'. [1:4937: {]
09-04-2024 14:44:43.260Z;errorhandler.__handle;  CSSStyleDeclaration: Unexpected token, ignoring upto '}'. [1:5027: }]
09-04-2024 14:44:43.260Z;errorhandler.__handle;  CSSStyleRule: No selector found: '{        table.body h1 {{          font-size: 28px !important;          margin-bottom: 10px !important;         }}        table.body p,        table.body ul,        table.body ol,        table.body td,        table.body span,        table.body a {{          font-size: 16px !important;         }}        table.body .wrapper,        table.body .article {{          padding: 10px !important;         }}        table.body .content {{          padding: 0 !important;         }}        table.body .container {{          padding: 0 !important;          width: 100% !important;         }}        table.body .main {{          border-left-width: 0 !important;          border-radius: 0 !important;          border-right-width: 0 !important;         }}        table.body .btn table {{          width: 100% !important;         }}        table.body .btn a {{          width: 100% !important;         }}        table.body .img-responsive {{          height: auto !important;          max-width: 100% !important;          width: auto !important;         }}      }'. [1:5217: {]
09-04-2024 14:44:43.260Z;errorhandler.__handle;  SelectorList: Unknown Syntax: ''
09-04-2024 14:44:43.260Z;errorhandler.__handle;  Property: No ":" after name found: table.body h1 {{          font-size: 28px !important;          margin-bottom: 10px !important;         }}        table.body p,        table.body ul,        table.body ol,        table.body td,        table.body span,        table.body a {{          font-size: 16px !important;         }}        table.body .wrapper,        table.body .article {{          padding: 10px !important;         }}        table.body .content {{          padding: 0 !important;         }}        table.body .container {{          padding: 0 !important;          width: 100% !important;         }}        table.body .main {{          border-left-width: 0 !important;          border-radius: 0 !important;          border-right-width: 0 !important;         }}        table.body .btn table {{          width: 100% !important;         }}        table.body .btn a {{          width: 100% !important;         }}        table.body .img-responsive {{          height: auto !important;          max-width: 100% !important;          width: auto !important;         }}       [1:6259:       ]
09-04-2024 14:44:43.260Z;errorhandler.__handle;  Property: No property value found: table.body h1 {{          font-size: 28px !important;          margin-bottom: 10px !important;         }}        table.body p,        table.body ul,        table.body ol,        table.body td,        table.body span,        table.body a {{          font-size: 16px !important;         }}        table.body .wrapper,        table.body .article {{          padding: 10px !important;         }}        table.body .content {{          padding: 0 !important;         }}        table.body .container {{          padding: 0 !important;          width: 100% !important;         }}        table.body .main {{          border-left-width: 0 !important;          border-radius: 0 !important;          border-right-width: 0 !important;         }}        table.body .btn table {{          width: 100% !important;         }}        table.body .btn a {{          width: 100% !important;         }}        table.body .img-responsive {{          height: auto !important;          max-width: 100% !important;          width: auto !important;         }}       [1:6259:       ]
09-04-2024 14:44:43.260Z;errorhandler.__handle;  CSSStyleDeclaration: Syntax Error in Property: table.body h1 {{          font-size: 28px !important;          margin-bottom: 10px !important;         }}        table.body p,        table.body ul,        table.body ol,        table.body td,        table.body span,        table.body a {{          font-size: 16px !important;         }}        table.body .wrapper,        table.body .article {{          padding: 10px !important;         }}        table.body .content {{          padding: 0 !important;         }}        table.body .container {{          padding: 0 !important;          width: 100% !important;         }}        table.body .main {{          border-left-width: 0 !important;          border-radius: 0 !important;          border-right-width: 0 !important;         }}        table.body .btn table {{          width: 100% !important;         }}        table.body .btn a {{          width: 100% !important;         }}        table.body .img-responsive {{          height: auto !important;          max-width: 100% !important;          width: auto !important;         }}      
09-04-2024 14:44:43.260Z;errorhandler.__handle;  CSSStyleRule: No selector found: '{        .ExternalClass {{          width: 100%;         }}        .ExternalClass,        .ExternalClass p,        .ExternalClass span,        .ExternalClass font,        .ExternalClass td,        .ExternalClass div {{          line-height: 100%;         }}        .apple-link a {{          color: inherit !important;          font-family: inherit !important;          font-size: inherit !important;          font-weight: inherit !important;          line-height: inherit !important;          text-decoration: none !important;         }}        #MessageViewBody a {{          color: inherit;          text-decoration: none;          font-size: inherit;          font-family: inherit;          font-weight: inherit;          line-height: inherit;        }}        .btn-primary table td:hover {{          background-color: #34495e !important;         }}        .btn-primary a:hover {{          background-color: #34495e !important;          border-color: #34495e !important;         }}       }'. [1:6420: {]
09-04-2024 14:44:43.260Z;errorhandler.__handle;  SelectorList: Unknown Syntax: ''
09-04-2024 14:44:43.260Z;errorhandler.__handle;  CSSStyleDeclaration: Unexpected token, ignoring upto '.ExternalClass {{          width: 100%;         }}        .ExternalClass,        .ExternalClass p,        .ExternalClass span,        .ExternalClass font,        .ExternalClass td,        .ExternalClass div {{          line-height: 100%;         }}        .apple-link a {{          color: inherit !important;          font-family: inherit !important;          font-size: inherit !important;          font-weight: inherit !important;          line-height: inherit !important;          text-decoration: none !important;         }}        #MessageViewBody a {{          color: inherit;          text-decoration: none;          font-size: inherit;          font-family: inherit;          font-weight: inherit;          line-height: inherit;        }}        .btn-primary table td:hover {{          background-color: #34495e !important;         }}        .btn-primary a:hover {{          background-color: #34495e !important;          border-color: #34495e !important;         }}       '. [1:6429: .]
09-04-2024 14:44:43.260Z;errorhandler.__handle;  Property: Unknown Property name. [1:1: -ms-interpolation-mode]
09-04-2024 14:44:43.260Z;errorhandler.__handle;  Property: Unknown Property name. [1:24: -webkit-font-smoothing]
09-04-2024 14:44:43.260Z;errorhandler.__handle;  Property: Unknown Property name. [1:109: -ms-text-size-adjust]
09-04-2024 14:44:43.260Z;errorhandler.__handle;  Property: Unknown Property name. [1:135: -webkit-text-size-adjust]
09-04-2024 14:44:43.260Z;errorhandler.__handle;  Property: Unknown Property name. [1:1: mso-table-lspace]
09-04-2024 14:44:43.260Z;errorhandler.__handle;  Property: Unknown Property name. [1:20: mso-table-rspace]
09-04-2024 14:44:43.275Z;errorhandler.__handle;  Property: Unknown Property name. [1:74: mso-hide]
09-04-2024 14:44:43.275Z;errorhandler.__handle;  Property: No ":" after name found: align-center [1:1: align-center]
09-04-2024 14:44:43.275Z;errorhandler.__handle;  Property: No property value found: align-center [1:1: align-center]
09-04-2024 14:44:43.275Z;errorhandler.__handle;  CSSStyleDeclaration: Syntax Error in Property: align-center
09-04-2024 14:44:43.275Z;errorhandler.__handle;  Property: Unknown Property name. [1:1: -ms-interpolation-mode]
09-04-2024 14:44:46.135Z;functions.emailSuccess;  Success e-mail sent.
09-04-2024 14:44:48.863Z;functions.check_user_bot;  FECHA A ABA MOVIMENTAÇÃO BANCÁRIA
09-04-2024 14:44:48.961Z;functions.encerra_prog;  RM ENCERRADO
