09-04-2024 20:30:16.928Z;functions.bot_text_art;      ____     
09-04-2024 20:30:16.928Z;functions.bot_text_art;     [____]    
09-04-2024 20:30:16.928Z;functions.bot_text_art;   |=]()()[=|  
09-04-2024 20:30:16.928Z;functions.bot_text_art;     _\==/__    _____    ____     _        _____    ___   _  __ 
09-04-2024 20:30:16.928Z;functions.bot_text_art;   |__|   |_|  |  _  \  / ___|   | |      |_   _| / ___| | |/ / 
09-04-2024 20:30:16.928Z;functions.bot_text_art;   |_|_/\_|_|  | |  | | | |      | |        | |   | |    | ' /  
09-04-2024 20:30:16.928Z;functions.bot_text_art;   | | __ | |  | |  | | | |      | |        | |   | |    |  <   
09-04-2024 20:30:16.928Z;functions.bot_text_art;   |_|[  ]|_|  | |__| | | |____  | |____   _| |_  | |__  | . \  
09-04-2024 20:30:16.928Z;functions.bot_text_art;   \_|_||_|_/  |_____/   \_____| |______| |_____| \ ___| |_|\_\ 
09-04-2024 20:30:16.928Z;functions.bot_text_art;     |_||_|    
09-04-2024 20:30:16.928Z;functions.bot_text_art;     | ||_|_   
09-04-2024 20:30:16.928Z;functions.bot_text_art;   |___||___|  
09-04-2024 20:30:16.928Z;functions.bot_text_art;               
09-04-2024 20:30:16.928Z;functions.open_RM;  OPEN PROGRAM RM
09-04-2024 20:30:53.615Z;functions.loggin_RM;  ACHOU O PANE PICTURE
09-04-2024 20:30:54.224Z;functions.loggin_RM;  ENCONTRA USE FIELD
09-04-2024 20:30:54.318Z;functions.loggin_RM;  DUPLO CLICK
09-04-2024 20:30:57.287Z;functions.loggin_RM;  ENTRAR USER_NAME
09-04-2024 20:30:57.913Z;functions.loggin_RM;  ENCONTRA PASS FIELD
09-04-2024 20:30:57.975Z;functions.loggin_RM;  CLICK
09-04-2024 20:31:00.085Z;functions.loggin_RM;  ENTRAR PASSWORD
09-04-2024 20:31:00.741Z;functions.loggin_RM;  ENTRAR RM
09-04-2024 20:33:36.067Z;functions.enter_coligada;  CLICK CONTEXTO
09-04-2024 20:33:40.771Z;functions.enter_coligada;  CLICK ALTERAR MODULO DO CONTEXTO
09-04-2024 20:33:48.723Z;functions.enter_coligada;  INSERE O COLIGADA CODE = 1
09-04-2024 20:33:48.825Z;functions.enter_coligada;  APERTA TAB PARA PREENCHER O CAMPO COM A STRING: OCEANICA ENGENHARIA E CONSULTORIA S.A.
09-04-2024 20:33:54.261Z;functions.enter_coligada;  CLICK AVANÇAR NOVAMENTE
09-04-2024 20:33:58.410Z;functions.enter_coligada;  CLICK CONCLUIR
09-04-2024 20:34:19.473Z;functions.enter_coligada;  POP UP COLIGADA DESAPARECER
09-04-2024 20:34:38.725Z;functions.check_movimentacao_bancaria;  CLICK - TOTVS - LINHA RM
09-04-2024 20:34:42.098Z;functions.check_movimentacao_bancaria;  CLICK - BACK OFFICE
09-04-2024 20:34:42.770Z;functions.check_movimentacao_bancaria;  CLICK - GESTAO FINANCEIRA
09-04-2024 20:35:31.020Z;functions.movimentacao_bancaria;  CLICK NA ABA MOVIMENTAÇÃO BANCARIA
09-04-2024 20:35:33.147Z;functions.waitForImage;  IMAGEM BORDERO image found.
09-04-2024 20:35:35.273Z;functions.movimentacao_bancaria;  IMAGEM BORDERO CLICADA.
09-04-2024 20:35:45.543Z;functions.waitForImage;  LICENCAS EXCEDIDAS image not found.
09-04-2024 20:35:48.130Z;functions.waitForImage;  LICENCE SERVER image not found.
09-04-2024 20:35:53.238Z;functions.movimentacao_bancaria;  ENCONTROU O FILTRO DA MOVIMENTAÇÃO BANCÁRIA
09-04-2024 20:35:53.270Z;functions.movimentacao_bancaria;  CLICA NA ABA SUPERIOR DO FILTRO
09-04-2024 20:35:57.474Z;functions.movimentacao_bancaria;  SELECIONA O FILTRO HOJE
09-04-2024 20:35:57.474Z;functions.filter_clean;  FUNÇÃO LIMPA FILTRO
09-04-2024 20:36:04.953Z;functions.waitForImage;  FILTER CLEAN image found.
09-04-2024 20:36:07.086Z;functions.filter_clean;  CLICK NO BOTÃO X DO LIMPA FILTRO
09-04-2024 20:36:22.585Z;functions.waitForImage;  FILTER CLEAN image not found.
09-04-2024 20:36:38.087Z;functions.waitForImage;  FILTER CLEAN image not found.
09-04-2024 20:36:38.832Z;functions.movimentacao_bancaria;  CLICK NA PRIMEIRA LINHA DA TABELA MOVIMENTAÇÃO BANCÁRIA
09-04-2024 20:36:40.042Z;functions.movimentacao_bancaria;  12 PASSOS PARA DIREITA NA TABELA >>
09-04-2024 20:36:41.286Z;functions.movimentacao_bancaria;  HOVER FILTER
09-04-2024 20:36:41.549Z;functions.movimentacao_bancaria;  CLICK FILTER
09-04-2024 20:36:45.857Z;functions.movimentacao_bancaria;  CLICK NO FILTRO  STATUS DA REMESSA
09-04-2024 20:36:47.958Z;functions.movimentacao_bancaria;  APERTA TAB PARA ESCREVER O FILTRO
09-04-2024 20:36:50.063Z;functions.movimentacao_bancaria;  ESCREVE PENDENTE NO FILTRO
09-04-2024 20:36:52.165Z;functions.movimentacao_bancaria;  APERTA ENTER PARA SELECIONAR OS PENDENTES
09-04-2024 20:37:12.052Z;functions.movimentacao_bancaria;  SEM REGISTROS DE PROCESSO DE BORDERO PENDENTE
09-04-2024 20:37:12.052Z;functions.filter_clean;  FUNÇÃO LIMPA FILTRO
09-04-2024 20:37:12.161Z;functions.waitForImage;  FILTER CLEAN image found.
09-04-2024 20:37:14.281Z;functions.filter_clean;  CLICK NO BOTÃO X DO LIMPA FILTRO
09-04-2024 20:37:29.754Z;functions.waitForImage;  FILTER CLEAN image not found.
09-04-2024 20:37:45.309Z;functions.waitForImage;  FILTER CLEAN image not found.
09-04-2024 20:37:46.097Z;functions.remessa_pagamento;  CLICK NA PRIMEIRA LINHA DA TABELA MOVIMENTAÇÃO BANCÁRIA
09-04-2024 20:37:47.332Z;functions.remessa_pagamento;  HOVER FILTER
09-04-2024 20:37:47.593Z;functions.remessa_pagamento;  CLICK FILTER
09-04-2024 20:37:51.905Z;functions.remessa_pagamento;  CLICK NO FILTRO  STATUS DA REMESSA
09-04-2024 20:37:54.006Z;functions.remessa_pagamento;  APERTA TAB PARA ESCREVER O FILTRO
09-04-2024 20:37:56.112Z;functions.remessa_pagamento;  ESCREVE AUTORIZADO NO FILTRO
09-04-2024 20:37:58.214Z;functions.remessa_pagamento;  APERTA ENTER PARA SELECIONAR OS AUTORIZADOS
09-04-2024 20:38:04.510Z;functions.remessa_pagamento;  6 PASSOS PARA ESQUERDA NA TABELA <<
09-04-2024 20:38:05.347Z;functions.check_user_bot;  Texto extraido 1/1
09-04-2024 20:38:05.347Z;functions.check_user_bot;  Count 1
09-04-2024 20:38:05.347Z;functions.check_user_bot;  Type <class 'int'>
09-04-2024 20:38:07.455Z;functions.check_user_bot;  CHECK USER BOT 1
09-04-2024 20:38:09.456Z;functions.check_user_bot;  integracao
09-04-2024 20:38:12.162Z;functions.check_user_bot;  7 PASSOS PARA DIREITA NA TABELA >>
09-04-2024 20:38:16.264Z;functions.check_user_bot;  341 / 3212 / 02675  PIX
09-04-2024 20:38:16.264Z;functions.check_user_bot;  NOME PENSAO NÃO ENCONTRADO NA STRING.
09-04-2024 20:38:16.970Z;functions.check_user_bot;  7 PASSOS PARA ESQUERDA NA TABELA <<
09-04-2024 20:38:17.072Z;functions.check_user_bot;  COUNT1: 6
09-04-2024 20:38:17.685Z;functions.enter_contas_a_pagar;  CLICK - TOTVS - LINHA RM
09-04-2024 20:38:18.603Z;functions.enter_contas_a_pagar;  CLICK - BACK OFFICE
09-04-2024 20:38:19.269Z;functions.enter_contas_a_pagar;  CLICK - GESTAO FINANCEIRA
09-04-2024 20:38:58.987Z;functions.enter_contas_a_pagar;  CLICK - CONTAS A PAGAR
09-04-2024 20:38:59.154Z;functions.waitForImage;  LANÇAMENTOS image found.
09-04-2024 20:39:01.274Z;functions.enter_contas_a_pagar;  CLICA EM LANÇAMENTOS
09-04-2024 20:39:16.495Z;functions.waitForImage;  LICENCAS EXCEDIDAS image not found.
09-04-2024 20:39:16.495Z;functions.obter_intervalo_data;  VERIFICANDO A HORA ATUAL 20
09-04-2024 20:39:16.495Z;functions.obter_intervalo_data;  Data Inicial PENSAO antes da remoção: None
09-04-2024 20:39:16.495Z;functions.obter_intervalo_data;  Data Final PENSAO antes da remoção: None
09-04-2024 20:39:16.495Z;functions.obter_intervalo_data;  Data Inicial PENSAO após a remoção: None
09-04-2024 20:39:16.495Z;functions.obter_intervalo_data;  Data Final PENSAO após a remoção: None
09-04-2024 20:39:16.495Z;functions.obter_intervalo_data;  hoje -  2024-04-09 20:39:16.495001
09-04-2024 20:39:16.495Z;functions.data_filter;  DATA INICIO 17-04-2024
09-04-2024 20:39:16.495Z;functions.data_filter;  DATA FIM 23-04-2024
09-04-2024 20:39:16.495Z;functions.data_filter;  CLICK - SELECIONA A DATA DE QUARTA FEIRA E DA PROXIMA TERÇA
09-04-2024 20:39:16.495Z;functions.data_filter;  QUARTA-FEIRA: 17-04-2024
09-04-2024 20:39:16.495Z;functions.data_filter;  TERCA-FEIRA: 23-04-2024
09-04-2024 20:39:27.465Z;functions.data_filter;  CLICK - BUTÃO DE SELECAO DE FILTRO
09-04-2024 20:39:31.190Z;functions.data_filter;  INSERE - DATA DE QUARTA-FEIRA: 17-04-2024
09-04-2024 20:39:34.642Z;functions.data_filter;  INSERE - DATA DA PROX TERCA-FEIRA: 23-04-2024
09-04-2024 20:39:35.253Z;functions.data_filter;  CLICK - BUTÃO DE EXECUTAR O FILTRO
09-04-2024 20:39:44.666Z;functions.desmark_filter;  CLICK CHECKBOX LANÇAMENTOS A RECEBER
09-04-2024 20:39:45.456Z;functions.desmark_filter;  CLICK CHECKBOX LANÇAMENTOS BAIXADOS
09-04-2024 20:39:46.268Z;functions.desmark_filter;  CLICK CHECKBOX LANÇAMENTOS CANCELADOS
09-04-2024 20:39:47.127Z;functions.desmark_filter;  CLICK CHECKBOX LANÇAMENTOS FATURADOS
09-04-2024 20:39:47.987Z;functions.desmark_filter;  ATUALIZA O FILTRO
09-04-2024 20:39:47.987Z;functions.filter_clean;  FUNÇÃO LIMPA FILTRO
09-04-2024 20:40:03.487Z;functions.waitForImage;  FILTER CLEAN image not found.
09-04-2024 20:40:18.875Z;functions.waitForImage;  FILTER CLEAN image not found.
09-04-2024 20:40:34.296Z;functions.waitForImage;  FILTER CLEAN image not found.
09-04-2024 20:40:35.190Z;functions.tabela_vazia;  Texto extraido 0/0
09-04-2024 20:40:35.190Z;functions.tabela_vazia;  Count 0
09-04-2024 20:40:35.190Z;functions.tabela_vazia;  Type <class 'int'>
09-04-2024 20:40:37.205Z;functions.tabela_vazia;  SEM REMESSA DE FÉRIAS/RESCISÃO
09-04-2024 20:40:39.206Z;main.<module>;  SEM REMESSA DE PENSÃO
09-04-2024 20:40:41.502Z;errorhandler.__handle;  Property: Unknown Property name. [1:203: -ms-interpolation-mode]
09-04-2024 20:40:41.502Z;errorhandler.__handle;  Property: Unknown Property name. [1:353: -webkit-font-smoothing]
09-04-2024 20:40:41.502Z;errorhandler.__handle;  Property: Unknown Property name. [1:483: -ms-text-size-adjust]
09-04-2024 20:40:41.502Z;errorhandler.__handle;  Property: Unknown Property name. [1:518: -webkit-text-size-adjust]
09-04-2024 20:40:41.502Z;errorhandler.__handle;  Property: Unknown Property name. [1:612: mso-table-lspace]
09-04-2024 20:40:41.502Z;errorhandler.__handle;  Property: Unknown Property name. [1:642: mso-table-rspace]
09-04-2024 20:40:41.549Z;errorhandler.__handle;  Property: Unknown Property name. [1:4734: mso-hide]
09-04-2024 20:40:41.580Z;errorhandler.__handle;  Property: Unknown Property name. [1:13: -ms-interpolation-mode]
09-04-2024 20:40:41.580Z;errorhandler.__handle;  Property: Unknown Property name. [1:49: -webkit-font-smoothing]
09-04-2024 20:40:41.580Z;errorhandler.__handle;  Property: Unknown Property name. [1:134: -ms-text-size-adjust]
09-04-2024 20:40:41.580Z;errorhandler.__handle;  Property: Unknown Property name. [1:160: -webkit-text-size-adjust]
09-04-2024 20:40:41.580Z;errorhandler.__handle;  Property: Unknown Property name. [1:26: mso-table-lspace]
09-04-2024 20:40:41.580Z;errorhandler.__handle;  Property: Unknown Property name. [1:45: mso-table-rspace]
09-04-2024 20:40:41.595Z;errorhandler.__handle;  Property: Unknown Property name. [1:92: mso-hide]
09-04-2024 20:40:41.595Z;errorhandler.__handle;  Property: No ":" after name found: align-center [1:1: align-center]
09-04-2024 20:40:41.595Z;errorhandler.__handle;  Property: No property value found: align-center [1:1: align-center]
09-04-2024 20:40:41.595Z;errorhandler.__handle;  CSSStyleDeclaration: Syntax Error in Property: align-center
09-04-2024 20:40:41.595Z;errorhandler.__handle;  Property: Unknown Property name. [1:14: -ms-interpolation-mode]
09-04-2024 20:40:43.939Z;functions.emailFinalizado;  Warning e-mail sent.
09-04-2024 20:40:44.018Z;functions.encerra_prog;  RM ENCERRADO
