31-10-2023 15:52:49.162Z;functions.bot_text_art;      ____   
31-10-2023 15:52:49.163Z;functions.bot_text_art;     [____]    
31-10-2023 15:52:49.163Z;functions.bot_text_art;   |=]()()[=|  
31-10-2023 15:52:49.163Z;functions.bot_text_art;     _\==/__    _____    ____     _        _____    ___   _  __
31-10-2023 15:52:49.163Z;functions.bot_text_art;   |__|   |_|  |  _  \  / ___|   | |      |_   _| / ___| | |/ /
31-10-2023 15:52:49.164Z;functions.bot_text_art;   |_|_/\_|_|  | |  | | | |      | |        | |   | |    | ' / 
31-10-2023 15:52:49.164Z;functions.bot_text_art;   | | __ | |  | |  | | | |      | |        | |   | |    |  <  
31-10-2023 15:52:49.165Z;functions.bot_text_art;   |_|[  ]|_|  | |__| | | |____  | |____   _| |_  | |__  | . \ 
31-10-2023 15:52:49.166Z;functions.bot_text_art;   \_|_||_|_/  |_____/   \_____| |______| |_____| \ ___| |_|\_\
31-10-2023 15:52:49.166Z;functions.bot_text_art;     |_||_|                                                     
31-10-2023 15:52:49.166Z;functions.bot_text_art;     | ||_|_   
31-10-2023 15:52:49.167Z;functions.bot_text_art;   |___||___|  
31-10-2023 15:52:49.167Z;functions.bot_text_art;               
31-10-2023 15:52:49.170Z;functions.open_RM;  OPEN PROGRAM RM
31-10-2023 15:52:56.156Z;functions.loggin_RM;  ENTER USER_NAME
31-10-2023 15:52:56.981Z;functions.loggin_RM;  ENTER PASSWORD
31-10-2023 15:52:57.659Z;functions.loggin_RM;  ENTER RM
31-10-2023 15:53:17.391Z;functions.enter_coligada;  CLICK CONTEXTO
31-10-2023 15:53:21.282Z;functions.enter_coligada;  CLICK COLIGADA 1
31-10-2023 15:53:22.390Z;functions.enter_coligada;  CLICK AVANÇAR
31-10-2023 15:53:24.206Z;functions.enter_coligada;  INSERE O COLIGADA CODE = 1
31-10-2023 15:53:24.307Z;functions.enter_coligada;  APERTA TAB PARA PREENCHER O CAMPO COM A STRING: OCEANICA ENGENHARIA E CONSULTORIA S.A.
31-10-2023 15:53:25.273Z;functions.enter_coligada;  CLICK AVANÇAR NOVAMENTE
31-10-2023 15:53:26.153Z;functions.enter_coligada;  CLICK CONCLUIR
31-10-2023 15:53:36.849Z;functions.enter_coligada;  POP UP COLIGADA DESAPARECER
31-10-2023 15:53:37.467Z;functions.enter_contas_a_pagar;  CLICK - TOTVS - LINHA RM
31-10-2023 15:53:38.528Z;functions.enter_contas_a_pagar;  CLICK - BACK OFFICE
31-10-2023 15:53:40.827Z;functions.enter_contas_a_pagar;  CLICK - GESTAO FINANCEIRA
31-10-2023 15:53:46.093Z;functions.enter_contas_a_pagar;  CLICK - CONTAS A PAGAR
31-10-2023 15:53:46.167Z;functions.waitForImage;  LANÇAMENTOS image found.
31-10-2023 15:53:48.270Z;functions.enter_contas_a_pagar;  CLICA EM LANÇAMENTOS
31-10-2023 15:53:50.273Z;functions.data_filter;  CLICK - SELECIONA A DATA DE QUARTA FEIRA E DA PROXIMA TERÇA
31-10-2023 15:53:50.273Z;functions.data_filter;  QUARTA-FEIRA: 01-11-2023
31-10-2023 15:53:50.273Z;functions.data_filter;  TERCA-FEIRA: 07-11-2023
31-10-2023 15:53:56.702Z;functions.data_filter;  ESCREVE REMESSA BANCÁRIA NO FILTRO
31-10-2023 15:53:57.302Z;functions.data_filter;  CLICK - BUTÃO DE SELECAO DE FILTRO
31-10-2023 15:53:59.240Z;functions.data_filter;  INSERE - DATA DE QUARTA-FEIRA: 01-11-2023
31-10-2023 15:54:00.813Z;functions.data_filter;  INSERE - DATA DA PROX TERCA-FEIRA: 07-11-2023
31-10-2023 15:54:01.432Z;functions.data_filter;  CLICK - BUTÃO DE EXECUTAR O FILTRO
31-10-2023 15:54:07.200Z;functions.desmark_filter;  CLICK CHECKBOX LANÇAMENTOS A RECEBER
31-10-2023 15:54:08.009Z;functions.desmark_filter;  CLICK CHECKBOX LANÇAMENTOS BAIXADOS
31-10-2023 15:54:08.844Z;functions.desmark_filter;  CLICK CHECKBOX LANÇAMENTOS CANCELADOS
31-10-2023 15:54:09.718Z;functions.desmark_filter;  CLICK CHECKBOX LANÇAMENTOS FATURADOS
31-10-2023 15:54:10.608Z;functions.desmark_filter;  ATUALIZA O FILTRO
31-10-2023 15:54:10.609Z;functions.tabela_vazia;  VERIFICANDO SE A TABELA ESTÁ VAZIA
31-10-2023 15:54:23.305Z;functions.tabela_vazia;  ATENÇÃO: 

Este processo exige que seja selecionado ao menos um registro para sua execução.
Como não foi feita nenhuma seleção, você deseja executá-lo para TODOS os 1 registros?
31-10-2023 15:54:25.408Z;functions.tabela_vazia;  TABELA CONTÉM REGISTROS
31-10-2023 15:54:26.329Z;functions.desbloqueio;  SELECIONA TODAS AS TUPLAS
31-10-2023 15:54:26.432Z;functions.desbloqueio;  CONTROL P PARA SELECIONAR PROCESSO
31-10-2023 15:54:29.139Z;functions.desbloqueio;  7 SETAS PARA BAIXO - MANUTENÇÃO DE LANÇAMENTO
31-10-2023 15:54:31.241Z;functions.desbloqueio;  SETA PARA DIREITA
31-10-2023 15:54:34.153Z;functions.desbloqueio;  9 SETAS PARA BAIXO
31-10-2023 15:54:36.255Z;functions.desbloqueio;  ENTER PARA SELECIONAR DESBLOQUEIO ALTERAÇÃO
31-10-2023 15:54:39.621Z;functions.desbloqueio;  SELECIONA PROCESSO DA EXECUCAO DOS PROGRESSOS ABA INFERIOR
31-10-2023 15:55:22.425Z;functions.desbloqueio;  MSG AQUI: 
31-10-2023 15:55:24.426Z;functions.desbloqueio;  DESBLOQUEIO COM SUCESSO
31-10-2023 15:55:50.548Z;functions.show_exception_and_exit;  'NoneType' object has no attribute 'click'
Traceback (most recent call last):
  File "c:\Projetos\Remessa_Ferias_Rescisao\main.py", line 24, in <module>
    process_lancamentos()
  File "c:\Projetos\Remessa_Ferias_Rescisao\SUBPROGRAMS\functions.py", line 346, in process_lancamentos
    click_combo.click()
    ^^^^^^^^^^^^^^^^^
AttributeError: 'NoneType' object has no attribute 'click'
