31-10-2023 17:01:37.306Z;functions.bot_text_art;      ____   
31-10-2023 17:01:37.307Z;functions.bot_text_art;     [____]    
31-10-2023 17:01:37.307Z;functions.bot_text_art;   |=]()()[=|  
31-10-2023 17:01:37.307Z;functions.bot_text_art;     _\==/__    _____    ____     _        _____    ___   _  __
31-10-2023 17:01:37.308Z;functions.bot_text_art;   |__|   |_|  |  _  \  / ___|   | |      |_   _| / ___| | |/ /
31-10-2023 17:01:37.308Z;functions.bot_text_art;   |_|_/\_|_|  | |  | | | |      | |        | |   | |    | ' / 
31-10-2023 17:01:37.308Z;functions.bot_text_art;   | | __ | |  | |  | | | |      | |        | |   | |    |  <  
31-10-2023 17:01:37.308Z;functions.bot_text_art;   |_|[  ]|_|  | |__| | | |____  | |____   _| |_  | |__  | . \ 
31-10-2023 17:01:37.310Z;functions.bot_text_art;   \_|_||_|_/  |_____/   \_____| |______| |_____| \ ___| |_|\_\
31-10-2023 17:01:37.310Z;functions.bot_text_art;     |_||_|                                                     
31-10-2023 17:01:37.310Z;functions.bot_text_art;     | ||_|_   
31-10-2023 17:01:37.311Z;functions.bot_text_art;   |___||___|  
31-10-2023 17:01:37.311Z;functions.bot_text_art;               
31-10-2023 17:01:37.314Z;functions.open_RM;  OPEN PROGRAM RM
31-10-2023 17:01:44.306Z;functions.loggin_RM;  ENTER USER_NAME
31-10-2023 17:01:45.121Z;functions.loggin_RM;  ENTER PASSWORD
31-10-2023 17:01:45.795Z;functions.loggin_RM;  ENTER RM
31-10-2023 17:02:06.507Z;functions.enter_coligada;  CLICK CONTEXTO
31-10-2023 17:02:10.399Z;functions.enter_coligada;  CLICK COLIGADA 1
31-10-2023 17:02:11.789Z;functions.enter_coligada;  CLICK AVANÇAR
31-10-2023 17:02:13.571Z;functions.enter_coligada;  INSERE O COLIGADA CODE = 1
31-10-2023 17:02:13.672Z;functions.enter_coligada;  APERTA TAB PARA PREENCHER O CAMPO COM A STRING: OCEANICA ENGENHARIA E CONSULTORIA S.A.
31-10-2023 17:02:14.682Z;functions.enter_coligada;  CLICK AVANÇAR NOVAMENTE
31-10-2023 17:02:15.559Z;functions.enter_coligada;  CLICK CONCLUIR
31-10-2023 17:02:25.621Z;functions.enter_coligada;  POP UP COLIGADA DESAPARECER
31-10-2023 17:02:26.224Z;functions.enter_contas_a_pagar;  CLICK - TOTVS - LINHA RM
31-10-2023 17:02:27.286Z;functions.enter_contas_a_pagar;  CLICK - BACK OFFICE
31-10-2023 17:02:29.587Z;functions.enter_contas_a_pagar;  CLICK - GESTAO FINANCEIRA
31-10-2023 17:02:34.833Z;functions.enter_contas_a_pagar;  CLICK - CONTAS A PAGAR
31-10-2023 17:02:34.935Z;functions.waitForImage;  LANÇAMENTOS image found.
31-10-2023 17:02:37.038Z;functions.enter_contas_a_pagar;  CLICA EM LANÇAMENTOS
31-10-2023 17:02:39.040Z;functions.data_filter;  CLICK - SELECIONA A DATA DE QUARTA FEIRA E DA PROXIMA TERÇA
31-10-2023 17:02:39.040Z;functions.data_filter;  QUARTA-FEIRA: 01-11-2023
31-10-2023 17:02:39.040Z;functions.data_filter;  TERCA-FEIRA: 07-11-2023
31-10-2023 17:02:45.406Z;functions.data_filter;  ESCREVE REMESSA BANCÁRIA NO FILTRO
31-10-2023 17:02:46.056Z;functions.data_filter;  CLICK - BUTÃO DE SELECAO DE FILTRO
31-10-2023 17:02:47.980Z;functions.data_filter;  INSERE - DATA DE QUARTA-FEIRA: 01-11-2023
31-10-2023 17:02:49.549Z;functions.data_filter;  INSERE - DATA DA PROX TERCA-FEIRA: 07-11-2023
31-10-2023 17:02:50.166Z;functions.data_filter;  CLICK - BUTÃO DE EXECUTAR O FILTRO
31-10-2023 17:02:55.935Z;functions.desmark_filter;  CLICK CHECKBOX LANÇAMENTOS A RECEBER
31-10-2023 17:02:56.747Z;functions.desmark_filter;  CLICK CHECKBOX LANÇAMENTOS BAIXADOS
31-10-2023 17:02:57.613Z;functions.desmark_filter;  CLICK CHECKBOX LANÇAMENTOS CANCELADOS
31-10-2023 17:02:58.489Z;functions.desmark_filter;  CLICK CHECKBOX LANÇAMENTOS FATURADOS
31-10-2023 17:02:59.359Z;functions.desmark_filter;  ATUALIZA O FILTRO
31-10-2023 17:02:59.360Z;functions.tabela_vazia;  VERIFICANDO SE A TABELA ESTÁ VAZIA
31-10-2023 17:03:12.064Z;functions.tabela_vazia;  ATENÇÃO: 

Este processo exige que seja selecionado ao menos um registro para sua execução.
Como não foi feita nenhuma seleção, você deseja executá-lo para TODOS os 1 registros?
31-10-2023 17:03:14.166Z;functions.tabela_vazia;  TABELA CONTÉM REGISTROS
31-10-2023 17:03:14.866Z;functions.desbloqueio;  SELECIONA TODAS AS TUPLAS
31-10-2023 17:03:14.969Z;functions.desbloqueio;  CONTROL P PARA SELECIONAR PROCESSO
31-10-2023 17:03:17.678Z;functions.desbloqueio;  7 SETAS PARA BAIXO - MANUTENÇÃO DE LANÇAMENTO
31-10-2023 17:03:19.779Z;functions.desbloqueio;  SETA PARA DIREITA
31-10-2023 17:03:22.688Z;functions.desbloqueio;  9 SETAS PARA BAIXO
31-10-2023 17:03:24.790Z;functions.desbloqueio;  ENTER PARA SELECIONAR DESBLOQUEIO ALTERAÇÃO
31-10-2023 17:03:30.489Z;functions.desbloqueio;  SELECIONA PROCESSO DA EXECUCAO DOS PROGRESSOS ABA INFERIOR
31-10-2023 17:03:31.420Z;functions.desbloqueio;  MSG AQUI: 
31-10-2023 17:03:33.421Z;functions.desbloqueio;  DESBLOQUEIO COM SUCESSO
31-10-2023 17:03:36.038Z;functions.desbloqueio;  SELECIONAR EVIDENCIAR ABA INFERIOR
31-10-2023 17:03:38.141Z;functions.desbloqueio;  FECHANDO ABA INFERIOR
31-10-2023 17:03:56.557Z;functions.show_exception_and_exit;  'NoneType' object has no attribute 'click'
Traceback (most recent call last):
  File "c:\Projetos\Remessa_Ferias_Rescisao\main.py", line 24, in <module>
    process_lancamentos()
  File "c:\Projetos\Remessa_Ferias_Rescisao\SUBPROGRAMS\functions.py", line 363, in process_lancamentos
    click_combo.click()
    ^^^^^^^^^^^^^^^^^
AttributeError: 'NoneType' object has no attribute 'click'
