20-08-2024 03:31:37.803Z;functions.bot_text_art;      ____     
20-08-2024 03:31:37.803Z;functions.bot_text_art;     [____]    
20-08-2024 03:31:37.803Z;functions.bot_text_art;   |=]()()[=|  
20-08-2024 03:31:37.803Z;functions.bot_text_art;     _\==/__    _____    ____     _        _____    ___   _  __ 
20-08-2024 03:31:37.803Z;functions.bot_text_art;   |__|   |_|  |  _  \  / ___|   | |      |_   _| / ___| | |/ / 
20-08-2024 03:31:37.803Z;functions.bot_text_art;   |_|_/\_|_|  | |  | | | |      | |        | |   | |    | ' /  
20-08-2024 03:31:37.803Z;functions.bot_text_art;   | | __ | |  | |  | | | |      | |        | |   | |    |  <   
20-08-2024 03:31:37.803Z;functions.bot_text_art;   |_|[  ]|_|  | |__| | | |____  | |____   _| |_  | |__  | . \  
20-08-2024 03:31:38.099Z;functions.bot_text_art;   \_|_||_|_/  |_____/   \_____| |______| |_____| \ ___| |_|\_\ 
20-08-2024 03:31:38.099Z;functions.bot_text_art;     |_||_|    
20-08-2024 03:31:38.099Z;functions.bot_text_art;     | ||_|_   
20-08-2024 03:31:38.099Z;functions.bot_text_art;   |___||___|  
20-08-2024 03:31:38.099Z;functions.bot_text_art;               
20-08-2024 03:31:38.099Z;functions.open_RM;  OPEN PROGRAM RM
20-08-2024 03:31:46.208Z;functions.loggin_RM;  ACHOU O PANE PICTURE
20-08-2024 03:31:47.067Z;functions.loggin_RM;  ENCONTRA USE FIELD
20-08-2024 03:31:47.239Z;functions.loggin_RM;  DUPLO CLICK
20-08-2024 03:31:50.302Z;functions.loggin_RM;  ENTRAR USER_NAME
20-08-2024 03:31:51.271Z;functions.loggin_RM;  ENCONTRA PASS FIELD
20-08-2024 03:31:51.396Z;functions.loggin_RM;  CLICK
20-08-2024 03:31:53.508Z;functions.loggin_RM;  ENTRAR PASSWORD
20-08-2024 03:31:54.545Z;functions.loggin_RM;  ENTRAR RM
20-08-2024 03:35:12.114Z;functions.enter_coligada;  AGUARDANDO 1
20-08-2024 03:35:13.021Z;functions.enter_coligada;  CLICK CONTEXTO
20-08-2024 03:35:14.802Z;functions.enter_coligada;  CLICK ALTERAR MODULO DO CONTEXTO
20-08-2024 03:35:17.318Z;functions.enter_coligada;  INSERE O COLIGADA CODE = 1
20-08-2024 03:35:17.419Z;functions.enter_coligada;  APERTA TAB PARA PREENCHER O CAMPO COM A STRING: OCEANICA ENGENHARIA E CONSULTORIA S.A.
20-08-2024 03:35:18.958Z;functions.enter_coligada;  CLICK AVANÇAR NOVAMENTE
20-08-2024 03:35:19.927Z;functions.enter_coligada;  CLICK CONCLUIR
20-08-2024 03:35:40.177Z;functions.waitForImage;  TROCA COLIGADA image not found.
20-08-2024 03:35:48.372Z;functions.enter_coligada;  POP UP COLIGADA DESAPARECER
20-08-2024 03:35:49.177Z;functions.check_movimentacao_bancaria;  CLICK - TOTVS - LINHA RM
20-08-2024 03:35:50.521Z;functions.check_movimentacao_bancaria;  CLICK - BACK OFFICE
20-08-2024 03:35:52.989Z;functions.check_movimentacao_bancaria;  CLICK - GESTAO FINANCEIRA
20-08-2024 03:35:52.989Z;functions.obter_intervalo_data;  VERIFICANDO A HORA ATUAL 3
20-08-2024 03:35:53.003Z;functions.obter_intervalo_data;  Data Inicial PENSAO antes da remoção: None
20-08-2024 03:35:53.003Z;functions.obter_intervalo_data;  Data Final PENSAO antes da remoção: None
20-08-2024 03:35:53.007Z;functions.obter_intervalo_data;  Data Inicial PENSAO após a remoção: None
20-08-2024 03:35:53.007Z;functions.obter_intervalo_data;  Data Final PENSAO após a remoção: None
20-08-2024 03:35:53.007Z;functions.obter_intervalo_data;  hoje -  2024-08-20 03:35:53.007274
20-08-2024 03:35:53.007Z;functions.check_movimentacao_bancaria;  DATA INICIO 21-08-2024
20-08-2024 03:35:53.007Z;functions.check_movimentacao_bancaria;  DATA FIM 27-08-2024
20-08-2024 03:35:53.008Z;functions.movimentacao_bancaria;  AGUARDANDO 1
20-08-2024 03:35:57.646Z;functions.movimentacao_bancaria;  CLICK NA ABA MOVIMENTAÇÃO BANCARIA
20-08-2024 03:35:59.724Z;functions.waitForImage;  IMAGEM BORDERO image found.
20-08-2024 03:36:01.871Z;functions.movimentacao_bancaria;  IMAGEM BORDERO CLICADA.
20-08-2024 03:36:12.052Z;functions.waitForImage;  LICENCAS EXCEDIDAS image not found.
20-08-2024 03:36:14.521Z;functions.waitForImage;  LICENCE SERVER image not found.
20-08-2024 03:36:15.161Z;functions.movimentacao_bancaria;  ENCONTROU O FILTRO DA MOVIMENTAÇÃO BANCÁRIA
20-08-2024 03:36:15.208Z;functions.movimentacao_bancaria;  CLICA NA ABA SUPERIOR DO FILTRO
20-08-2024 03:36:19.419Z;functions.movimentacao_bancaria;  SELECIONA O FILTRO HOJE
20-08-2024 03:36:19.419Z;functions.filter_clean;  FUNÇÃO LIMPA FILTRO
20-08-2024 03:36:21.802Z;functions.waitForImage;  FILTER CLEAN image found.
20-08-2024 03:36:23.935Z;functions.filter_clean;  CLICK NO BOTÃO X DO LIMPA FILTRO
20-08-2024 03:36:39.484Z;functions.waitForImage;  FILTER CLEAN image not found.
20-08-2024 03:36:54.568Z;functions.waitForImage;  FILTER CLEAN image not found.
20-08-2024 03:36:55.740Z;functions.movimentacao_bancaria;  CLICK NA PRIMEIRA LINHA DA TABELA MOVIMENTAÇÃO BANCÁRIA
20-08-2024 03:36:56.957Z;functions.movimentacao_bancaria;  12 PASSOS PARA DIREITA NA TABELA >>
20-08-2024 03:36:58.583Z;functions.movimentacao_bancaria;  HOVER FILTER
20-08-2024 03:36:58.984Z;functions.movimentacao_bancaria;  CLICK FILTER
20-08-2024 03:37:03.295Z;functions.movimentacao_bancaria;  CLICK NO FILTRO  STATUS DA REMESSA
20-08-2024 03:37:05.397Z;functions.movimentacao_bancaria;  APERTA TAB PARA ESCREVER O FILTRO
20-08-2024 03:37:07.504Z;functions.movimentacao_bancaria;  ESCREVE PENDENTE NO FILTRO
20-08-2024 03:37:09.605Z;functions.movimentacao_bancaria;  APERTA ENTER PARA SELECIONAR OS PENDENTES
20-08-2024 03:37:30.952Z;functions.movimentacao_bancaria;  SEM REGISTROS DE PROCESSO DE BORDERO PENDENTE
20-08-2024 03:37:30.952Z;functions.filter_clean;  FUNÇÃO LIMPA FILTRO
20-08-2024 03:37:31.005Z;functions.waitForImage;  FILTER CLEAN image found.
20-08-2024 03:37:33.122Z;functions.filter_clean;  CLICK NO BOTÃO X DO LIMPA FILTRO
20-08-2024 03:37:48.630Z;functions.waitForImage;  FILTER CLEAN image not found.
20-08-2024 03:38:03.693Z;functions.waitForImage;  FILTER CLEAN image not found.
20-08-2024 03:38:04.927Z;functions.remessa_pagamento;  CLICK NA PRIMEIRA LINHA DA TABELA MOVIMENTAÇÃO BANCÁRIA
20-08-2024 03:38:06.427Z;functions.remessa_pagamento;  HOVER FILTER
20-08-2024 03:38:06.828Z;functions.remessa_pagamento;  CLICK FILTER
20-08-2024 03:38:11.147Z;functions.remessa_pagamento;  CLICK NO FILTRO  STATUS DA REMESSA
20-08-2024 03:38:13.248Z;functions.remessa_pagamento;  APERTA TAB PARA ESCREVER O FILTRO
20-08-2024 03:38:15.356Z;functions.remessa_pagamento;  ESCREVE AUTORIZADO NO FILTRO
20-08-2024 03:38:17.457Z;functions.remessa_pagamento;  APERTA ENTER PARA SELECIONAR OS AUTORIZADOS
20-08-2024 03:38:39.849Z;functions.remessa_pagamento;  SEM REMESSA DE BORDERO AUTORIZADO
20-08-2024 03:38:40.646Z;functions.enter_contas_a_pagar;  CLICK - TOTVS - LINHA RM
20-08-2024 03:38:41.520Z;functions.enter_contas_a_pagar;  CLICK - BACK OFFICE
20-08-2024 03:38:42.333Z;functions.enter_contas_a_pagar;  CLICK - GESTAO FINANCEIRA
20-08-2024 03:38:49.491Z;functions.enter_contas_a_pagar;  CLICK - CONTAS A PAGAR
20-08-2024 03:38:49.568Z;functions.waitForImage;  LANÇAMENTOS image found.
20-08-2024 03:38:51.685Z;functions.enter_contas_a_pagar;  CLICA EM LANÇAMENTOS
20-08-2024 03:39:06.864Z;functions.waitForImage;  LICENCAS EXCEDIDAS image not found.
20-08-2024 03:39:06.864Z;functions.data_filter;  CLICK - SELECIONA A DATA DE QUARTA FEIRA E DA PROXIMA TERÇA
20-08-2024 03:39:06.864Z;functions.data_filter;  QUARTA-FEIRA: 21-08-2024
20-08-2024 03:39:06.864Z;functions.data_filter;  TERCA-FEIRA: 27-08-2024
20-08-2024 03:39:23.114Z;functions.data_filter;  CLICK - BUTÃO DE SELECAO DE FILTRO
20-08-2024 03:39:27.271Z;functions.data_filter;  INSERE - DATA DE QUARTA-FEIRA: 21-08-2024
20-08-2024 03:39:31.193Z;functions.data_filter;  INSERE - DATA DA PROX TERCA-FEIRA: 27-08-2024
20-08-2024 03:39:32.083Z;functions.data_filter;  CLICK - BUTÃO DE EXECUTAR O FILTRO
20-08-2024 03:39:37.086Z;functions.desmark_filter;  AGUARDANDO 1
20-08-2024 03:39:38.615Z;functions.desmark_filter;  CLICK CHECKBOX LANÇAMENTOS A RECEBER
20-08-2024 03:39:40.012Z;functions.desmark_filter;  CLICK CHECKBOX LANÇAMENTOS BAIXADOS
20-08-2024 03:39:41.302Z;functions.desmark_filter;  CLICK CHECKBOX LANÇAMENTOS CANCELADOS
20-08-2024 03:39:42.864Z;functions.desmark_filter;  CLICK CHECKBOX LANÇAMENTOS FATURADOS
20-08-2024 03:39:44.390Z;functions.desmark_filter;  ATUALIZA O FILTRO
20-08-2024 03:39:44.390Z;functions.filter_clean;  FUNÇÃO LIMPA FILTRO
20-08-2024 03:39:44.457Z;functions.waitForImage;  FILTER CLEAN image found.
20-08-2024 03:39:46.559Z;functions.filter_clean;  CLICK NO BOTÃO X DO LIMPA FILTRO
20-08-2024 03:40:01.755Z;functions.waitForImage;  FILTER CLEAN image not found.
20-08-2024 03:40:17.036Z;functions.waitForImage;  FILTER CLEAN image not found.
20-08-2024 03:40:18.895Z;functions.tabela_vazia;  Texto extraido 0/0
20-08-2024 03:40:18.895Z;functions.tabela_vazia;  Count 0
20-08-2024 03:40:18.895Z;functions.tabela_vazia;  Type <class 'int'>
20-08-2024 03:40:20.902Z;functions.tabela_vazia;  SEM REMESSA DE FÉRIAS/RESCISÃO
20-08-2024 03:40:22.902Z;main.<module>;  SEM REMESSA DE PENSÃO
20-08-2024 03:40:25.021Z;errorhandler.__handle;  Property: Unknown Property name. [1:203: -ms-interpolation-mode]
20-08-2024 03:40:25.036Z;errorhandler.__handle;  Property: Unknown Property name. [1:353: -webkit-font-smoothing]
20-08-2024 03:40:25.036Z;errorhandler.__handle;  Property: Unknown Property name. [1:483: -ms-text-size-adjust]
20-08-2024 03:40:25.036Z;errorhandler.__handle;  Property: Unknown Property name. [1:518: -webkit-text-size-adjust]
20-08-2024 03:40:25.036Z;errorhandler.__handle;  Property: Unknown Property name. [1:612: mso-table-lspace]
20-08-2024 03:40:25.036Z;errorhandler.__handle;  Property: Unknown Property name. [1:642: mso-table-rspace]
20-08-2024 03:40:25.083Z;errorhandler.__handle;  Property: Unknown Property name. [1:4734: mso-hide]
20-08-2024 03:40:25.114Z;errorhandler.__handle;  Property: Unknown Property name. [1:13: -ms-interpolation-mode]
20-08-2024 03:40:25.114Z;errorhandler.__handle;  Property: Unknown Property name. [1:49: -webkit-font-smoothing]
20-08-2024 03:40:25.114Z;errorhandler.__handle;  Property: Unknown Property name. [1:134: -ms-text-size-adjust]
20-08-2024 03:40:25.114Z;errorhandler.__handle;  Property: Unknown Property name. [1:160: -webkit-text-size-adjust]
20-08-2024 03:40:25.114Z;errorhandler.__handle;  Property: Unknown Property name. [1:26: mso-table-lspace]
20-08-2024 03:40:25.114Z;errorhandler.__handle;  Property: Unknown Property name. [1:45: mso-table-rspace]
20-08-2024 03:40:25.130Z;errorhandler.__handle;  Property: Unknown Property name. [1:92: mso-hide]
20-08-2024 03:40:25.130Z;errorhandler.__handle;  Property: No ":" after name found: align-center [1:1: align-center]
20-08-2024 03:40:25.130Z;errorhandler.__handle;  Property: No property value found: align-center [1:1: align-center]
20-08-2024 03:40:25.130Z;errorhandler.__handle;  CSSStyleDeclaration: Syntax Error in Property: align-center
20-08-2024 03:40:25.130Z;errorhandler.__handle;  Property: Unknown Property name. [1:14: -ms-interpolation-mode]
20-08-2024 03:40:27.583Z;functions.emailFinalizado;  Warning e-mail sent.
20-08-2024 03:40:27.755Z;functions.encerra_prog;  RM ENCERRADO
