09-05-2024 14:30:17.958Z;functions.bot_text_art;      ____     
09-05-2024 14:30:17.958Z;functions.bot_text_art;     [____]    
09-05-2024 14:30:17.958Z;functions.bot_text_art;   |=]()()[=|  
09-05-2024 14:30:17.958Z;functions.bot_text_art;     _\==/__    _____    ____     _        _____    ___   _  __ 
09-05-2024 14:30:17.958Z;functions.bot_text_art;   |__|   |_|  |  _  \  / ___|   | |      |_   _| / ___| | |/ / 
09-05-2024 14:30:17.958Z;functions.bot_text_art;   |_|_/\_|_|  | |  | | | |      | |        | |   | |    | ' /  
09-05-2024 14:30:17.958Z;functions.bot_text_art;   | | __ | |  | |  | | | |      | |        | |   | |    |  <   
09-05-2024 14:30:17.958Z;functions.bot_text_art;   |_|[  ]|_|  | |__| | | |____  | |____   _| |_  | |__  | . \  
09-05-2024 14:30:17.958Z;functions.bot_text_art;   \_|_||_|_/  |_____/   \_____| |______| |_____| \ ___| |_|\_\ 
09-05-2024 14:30:17.958Z;functions.bot_text_art;     |_||_|    
09-05-2024 14:30:17.958Z;functions.bot_text_art;     | ||_|_   
09-05-2024 14:30:17.958Z;functions.bot_text_art;   |___||___|  
09-05-2024 14:30:17.958Z;functions.bot_text_art;               
09-05-2024 14:30:17.958Z;functions.open_RM;  OPEN PROGRAM RM
09-05-2024 14:30:23.589Z;functions.loggin_RM;  ACHOU O PANE PICTURE
09-05-2024 14:30:24.208Z;functions.loggin_RM;  ENCONTRA USE FIELD
09-05-2024 14:30:24.286Z;functions.loggin_RM;  DUPLO CLICK
09-05-2024 14:30:27.255Z;functions.loggin_RM;  ENTRAR USER_NAME
09-05-2024 14:30:27.896Z;functions.loggin_RM;  ENCONTRA PASS FIELD
09-05-2024 14:30:27.974Z;functions.loggin_RM;  CLICK
09-05-2024 14:30:30.084Z;functions.loggin_RM;  ENTRAR PASSWORD
09-05-2024 14:30:30.771Z;functions.loggin_RM;  ENTRAR RM
09-05-2024 14:30:49.411Z;functions.enter_coligada;  CLICK CONTEXTO
09-05-2024 14:30:53.290Z;functions.enter_coligada;  CLICK ALTERAR MODULO DO CONTEXTO
09-05-2024 14:30:55.559Z;functions.enter_coligada;  INSERE O COLIGADA CODE = 1
09-05-2024 14:30:55.660Z;functions.enter_coligada;  APERTA TAB PARA PREENCHER O CAMPO COM A STRING: OCEANICA ENGENHARIA E CONSULTORIA S.A.
09-05-2024 14:30:56.504Z;functions.enter_coligada;  CLICK AVANÇAR NOVAMENTE
09-05-2024 14:30:57.393Z;functions.enter_coligada;  CLICK CONCLUIR
09-05-2024 14:31:07.228Z;functions.enter_coligada;  POP UP COLIGADA DESAPARECER
09-05-2024 14:31:07.848Z;functions.check_movimentacao_bancaria;  CLICK - TOTVS - LINHA RM
09-05-2024 14:31:08.895Z;functions.check_movimentacao_bancaria;  CLICK - BACK OFFICE
09-05-2024 14:31:11.192Z;functions.check_movimentacao_bancaria;  CLICK - GESTAO FINANCEIRA
09-05-2024 14:31:13.495Z;functions.movimentacao_bancaria;  CLICK NA ABA MOVIMENTAÇÃO BANCARIA
09-05-2024 14:31:15.615Z;functions.waitForImage;  IMAGEM BORDERO image found.
09-05-2024 14:31:17.733Z;functions.movimentacao_bancaria;  IMAGEM BORDERO CLICADA.
09-05-2024 14:31:28.285Z;functions.waitForImage;  LICENCAS EXCEDIDAS image not found.
09-05-2024 14:31:30.792Z;functions.waitForImage;  LICENCE SERVER image not found.
09-05-2024 14:31:31.354Z;functions.movimentacao_bancaria;  ENCONTROU O FILTRO DA MOVIMENTAÇÃO BANCÁRIA
09-05-2024 14:31:31.370Z;functions.movimentacao_bancaria;  CLICA NA ABA SUPERIOR DO FILTRO
09-05-2024 14:31:35.575Z;functions.movimentacao_bancaria;  SELECIONA O FILTRO HOJE
09-05-2024 14:31:35.575Z;functions.filter_clean;  FUNÇÃO LIMPA FILTRO
09-05-2024 14:31:37.504Z;functions.waitForImage;  FILTER CLEAN image found.
09-05-2024 14:31:39.626Z;functions.filter_clean;  CLICK NO BOTÃO X DO LIMPA FILTRO
09-05-2024 14:31:54.804Z;functions.waitForImage;  FILTER CLEAN image not found.
09-05-2024 14:32:09.965Z;functions.waitForImage;  FILTER CLEAN image not found.
09-05-2024 14:32:10.739Z;functions.movimentacao_bancaria;  CLICK NA PRIMEIRA LINHA DA TABELA MOVIMENTAÇÃO BANCÁRIA
09-05-2024 14:32:11.951Z;functions.movimentacao_bancaria;  12 PASSOS PARA DIREITA NA TABELA >>
09-05-2024 14:32:13.225Z;functions.movimentacao_bancaria;  HOVER FILTER
09-05-2024 14:32:13.557Z;functions.movimentacao_bancaria;  CLICK FILTER
09-05-2024 14:32:17.866Z;functions.movimentacao_bancaria;  CLICK NO FILTRO  STATUS DA REMESSA
09-05-2024 14:32:19.967Z;functions.movimentacao_bancaria;  APERTA TAB PARA ESCREVER O FILTRO
09-05-2024 14:32:22.072Z;functions.movimentacao_bancaria;  ESCREVE PENDENTE NO FILTRO
09-05-2024 14:32:24.174Z;functions.movimentacao_bancaria;  APERTA ENTER PARA SELECIONAR OS PENDENTES
09-05-2024 14:32:44.084Z;functions.movimentacao_bancaria;  SEM REGISTROS DE PROCESSO DE BORDERO PENDENTE
09-05-2024 14:32:44.084Z;functions.filter_clean;  FUNÇÃO LIMPA FILTRO
09-05-2024 14:32:44.178Z;functions.waitForImage;  FILTER CLEAN image found.
09-05-2024 14:32:46.298Z;functions.filter_clean;  CLICK NO BOTÃO X DO LIMPA FILTRO
09-05-2024 14:33:01.489Z;functions.waitForImage;  FILTER CLEAN image not found.
09-05-2024 14:33:16.677Z;functions.waitForImage;  FILTER CLEAN image not found.
09-05-2024 14:33:17.490Z;functions.remessa_pagamento;  CLICK NA PRIMEIRA LINHA DA TABELA MOVIMENTAÇÃO BANCÁRIA
09-05-2024 14:33:18.738Z;functions.remessa_pagamento;  HOVER FILTER
09-05-2024 14:33:19.024Z;functions.remessa_pagamento;  CLICK FILTER
09-05-2024 14:33:23.336Z;functions.remessa_pagamento;  CLICK NO FILTRO  STATUS DA REMESSA
09-05-2024 14:33:25.438Z;functions.remessa_pagamento;  APERTA TAB PARA ESCREVER O FILTRO
09-05-2024 14:33:27.545Z;functions.remessa_pagamento;  ESCREVE AUTORIZADO NO FILTRO
09-05-2024 14:33:29.647Z;functions.remessa_pagamento;  APERTA ENTER PARA SELECIONAR OS AUTORIZADOS
09-05-2024 14:33:50.597Z;functions.remessa_pagamento;  SEM REMESSA DE BORDERO AUTORIZADO
09-05-2024 14:33:51.208Z;functions.enter_contas_a_pagar;  CLICK - TOTVS - LINHA RM
09-05-2024 14:33:52.161Z;functions.enter_contas_a_pagar;  CLICK - BACK OFFICE
09-05-2024 14:33:52.864Z;functions.enter_contas_a_pagar;  CLICK - GESTAO FINANCEIRA
09-05-2024 14:33:57.583Z;functions.enter_contas_a_pagar;  CLICK - CONTAS A PAGAR
09-05-2024 14:33:57.672Z;functions.waitForImage;  LANÇAMENTOS image found.
09-05-2024 14:33:59.801Z;functions.enter_contas_a_pagar;  CLICA EM LANÇAMENTOS
09-05-2024 14:34:15.235Z;functions.waitForImage;  LICENCAS EXCEDIDAS image not found.
09-05-2024 14:34:15.235Z;functions.obter_intervalo_data;  VERIFICANDO A HORA ATUAL 14
09-05-2024 14:34:15.235Z;functions.obter_intervalo_data;  Data Inicial PENSAO antes da remoção: None
09-05-2024 14:34:15.235Z;functions.obter_intervalo_data;  Data Final PENSAO antes da remoção: None
09-05-2024 14:34:15.235Z;functions.obter_intervalo_data;  Data Inicial PENSAO após a remoção: None
09-05-2024 14:34:15.235Z;functions.obter_intervalo_data;  Data Final PENSAO após a remoção: None
09-05-2024 14:34:15.235Z;functions.obter_intervalo_data;  hoje -  2024-05-09 14:34:15.235825
09-05-2024 14:34:15.251Z;functions.data_filter;  DATA INICIO 15-05-2024
09-05-2024 14:34:15.251Z;functions.data_filter;  DATA FIM 21-05-2024
09-05-2024 14:34:15.251Z;functions.data_filter;  CLICK - SELECIONA A DATA DE QUARTA FEIRA E DA PROXIMA TERÇA
09-05-2024 14:34:15.251Z;functions.data_filter;  QUARTA-FEIRA: 15-05-2024
09-05-2024 14:34:15.251Z;functions.data_filter;  TERCA-FEIRA: 21-05-2024
09-05-2024 14:34:26.333Z;functions.data_filter;  CLICK - BUTÃO DE SELECAO DE FILTRO
09-05-2024 14:34:30.051Z;functions.data_filter;  INSERE - DATA DE QUARTA-FEIRA: 15-05-2024
09-05-2024 14:34:33.583Z;functions.data_filter;  INSERE - DATA DA PROX TERCA-FEIRA: 21-05-2024
09-05-2024 14:34:34.208Z;functions.data_filter;  CLICK - BUTÃO DE EXECUTAR O FILTRO
09-05-2024 14:34:39.990Z;functions.desmark_filter;  CLICK CHECKBOX LANÇAMENTOS A RECEBER
09-05-2024 14:34:40.786Z;functions.desmark_filter;  CLICK CHECKBOX LANÇAMENTOS BAIXADOS
09-05-2024 14:34:41.630Z;functions.desmark_filter;  CLICK CHECKBOX LANÇAMENTOS CANCELADOS
09-05-2024 14:34:42.516Z;functions.desmark_filter;  CLICK CHECKBOX LANÇAMENTOS FATURADOS
09-05-2024 14:34:43.411Z;functions.desmark_filter;  ATUALIZA O FILTRO
09-05-2024 14:34:43.411Z;functions.filter_clean;  FUNÇÃO LIMPA FILTRO
09-05-2024 14:34:58.582Z;functions.waitForImage;  FILTER CLEAN image not found.
09-05-2024 14:35:13.787Z;functions.waitForImage;  FILTER CLEAN image not found.
09-05-2024 14:35:28.930Z;functions.waitForImage;  FILTER CLEAN image not found.
09-05-2024 14:35:29.880Z;functions.tabela_vazia;  Texto extraido 0/0
09-05-2024 14:35:29.880Z;functions.tabela_vazia;  Count 0
09-05-2024 14:35:29.880Z;functions.tabela_vazia;  Type <class 'int'>
09-05-2024 14:35:31.881Z;functions.tabela_vazia;  SEM REMESSA DE FÉRIAS/RESCISÃO
09-05-2024 14:35:33.881Z;main.<module>;  SEM REMESSA DE PENSÃO
09-05-2024 14:35:35.099Z;errorhandler.__handle;  Property: Unknown Property name. [1:203: -ms-interpolation-mode]
09-05-2024 14:35:35.114Z;errorhandler.__handle;  Property: Unknown Property name. [1:353: -webkit-font-smoothing]
09-05-2024 14:35:35.114Z;errorhandler.__handle;  Property: Unknown Property name. [1:483: -ms-text-size-adjust]
09-05-2024 14:35:35.114Z;errorhandler.__handle;  Property: Unknown Property name. [1:518: -webkit-text-size-adjust]
09-05-2024 14:35:35.114Z;errorhandler.__handle;  Property: Unknown Property name. [1:612: mso-table-lspace]
09-05-2024 14:35:35.114Z;errorhandler.__handle;  Property: Unknown Property name. [1:642: mso-table-rspace]
09-05-2024 14:35:35.161Z;errorhandler.__handle;  Property: Unknown Property name. [1:4734: mso-hide]
09-05-2024 14:35:35.193Z;errorhandler.__handle;  Property: Unknown Property name. [1:13: -ms-interpolation-mode]
09-05-2024 14:35:35.193Z;errorhandler.__handle;  Property: Unknown Property name. [1:49: -webkit-font-smoothing]
09-05-2024 14:35:35.193Z;errorhandler.__handle;  Property: Unknown Property name. [1:134: -ms-text-size-adjust]
09-05-2024 14:35:35.193Z;errorhandler.__handle;  Property: Unknown Property name. [1:160: -webkit-text-size-adjust]
09-05-2024 14:35:35.193Z;errorhandler.__handle;  Property: Unknown Property name. [1:26: mso-table-lspace]
09-05-2024 14:35:35.193Z;errorhandler.__handle;  Property: Unknown Property name. [1:45: mso-table-rspace]
09-05-2024 14:35:35.193Z;errorhandler.__handle;  Property: Unknown Property name. [1:92: mso-hide]
09-05-2024 14:35:35.208Z;errorhandler.__handle;  Property: No ":" after name found: align-center [1:1: align-center]
09-05-2024 14:35:35.208Z;errorhandler.__handle;  Property: No property value found: align-center [1:1: align-center]
09-05-2024 14:35:35.208Z;errorhandler.__handle;  CSSStyleDeclaration: Syntax Error in Property: align-center
09-05-2024 14:35:35.208Z;errorhandler.__handle;  Property: Unknown Property name. [1:14: -ms-interpolation-mode]
09-05-2024 14:35:36.974Z;functions.emailFinalizado;  Warning e-mail sent.
09-05-2024 14:35:37.052Z;functions.encerra_prog;  RM ENCERRADO
