09-05-2024 20:30:12.015Z;functions.bot_text_art;      ____     
09-05-2024 20:30:12.015Z;functions.bot_text_art;     [____]    
09-05-2024 20:30:12.015Z;functions.bot_text_art;   |=]()()[=|  
09-05-2024 20:30:12.015Z;functions.bot_text_art;     _\==/__    _____    ____     _        _____    ___   _  __ 
09-05-2024 20:30:12.015Z;functions.bot_text_art;   |__|   |_|  |  _  \  / ___|   | |      |_   _| / ___| | |/ / 
09-05-2024 20:30:12.015Z;functions.bot_text_art;   |_|_/\_|_|  | |  | | | |      | |        | |   | |    | ' /  
09-05-2024 20:30:12.015Z;functions.bot_text_art;   | | __ | |  | |  | | | |      | |        | |   | |    |  <   
09-05-2024 20:30:12.015Z;functions.bot_text_art;   |_|[  ]|_|  | |__| | | |____  | |____   _| |_  | |__  | . \  
09-05-2024 20:30:12.015Z;functions.bot_text_art;   \_|_||_|_/  |_____/   \_____| |______| |_____| \ ___| |_|\_\ 
09-05-2024 20:30:12.015Z;functions.bot_text_art;     |_||_|    
09-05-2024 20:30:12.015Z;functions.bot_text_art;     | ||_|_   
09-05-2024 20:30:12.015Z;functions.bot_text_art;   |___||___|  
09-05-2024 20:30:12.015Z;functions.bot_text_art;               
09-05-2024 20:30:12.031Z;functions.open_RM;  OPEN PROGRAM RM
09-05-2024 20:30:44.253Z;functions.loggin_RM;  ACHOU O PANE PICTURE
09-05-2024 20:30:44.891Z;functions.loggin_RM;  ENCONTRA USE FIELD
09-05-2024 20:30:44.984Z;functions.loggin_RM;  DUPLO CLICK
09-05-2024 20:30:47.968Z;functions.loggin_RM;  ENTRAR USER_NAME
09-05-2024 20:30:48.609Z;functions.loggin_RM;  ENCONTRA PASS FIELD
09-05-2024 20:30:48.672Z;functions.loggin_RM;  CLICK
09-05-2024 20:30:50.781Z;functions.loggin_RM;  ENTRAR PASSWORD
09-05-2024 20:30:51.469Z;functions.loggin_RM;  ENTRAR RM
09-05-2024 20:33:05.328Z;functions.enter_coligada;  CLICK CONTEXTO
09-05-2024 20:33:09.893Z;functions.enter_coligada;  CLICK ALTERAR MODULO DO CONTEXTO
09-05-2024 20:33:17.102Z;functions.enter_coligada;  INSERE O COLIGADA CODE = 1
09-05-2024 20:33:17.203Z;functions.enter_coligada;  APERTA TAB PARA PREENCHER O CAMPO COM A STRING: OCEANICA ENGENHARIA E CONSULTORIA S.A.
09-05-2024 20:33:22.625Z;functions.enter_coligada;  CLICK AVANÇAR NOVAMENTE
09-05-2024 20:33:26.149Z;functions.enter_coligada;  CLICK CONCLUIR
09-05-2024 20:33:47.219Z;functions.enter_coligada;  POP UP COLIGADA DESAPARECER
09-05-2024 20:34:05.110Z;functions.check_movimentacao_bancaria;  CLICK - TOTVS - LINHA RM
09-05-2024 20:34:08.563Z;functions.check_movimentacao_bancaria;  CLICK - BACK OFFICE
09-05-2024 20:34:10.875Z;functions.check_movimentacao_bancaria;  CLICK - GESTAO FINANCEIRA
09-05-2024 20:34:59.709Z;functions.movimentacao_bancaria;  CLICK NA ABA MOVIMENTAÇÃO BANCARIA
09-05-2024 20:35:01.821Z;functions.waitForImage;  IMAGEM BORDERO image found.
09-05-2024 20:35:03.936Z;functions.movimentacao_bancaria;  IMAGEM BORDERO CLICADA.
09-05-2024 20:35:14.364Z;functions.waitForImage;  LICENCAS EXCEDIDAS image not found.
09-05-2024 20:35:16.850Z;functions.waitForImage;  LICENCE SERVER image not found.
09-05-2024 20:35:18.313Z;functions.movimentacao_bancaria;  ENCONTROU O FILTRO DA MOVIMENTAÇÃO BANCÁRIA
09-05-2024 20:35:18.328Z;functions.movimentacao_bancaria;  CLICA NA ABA SUPERIOR DO FILTRO
09-05-2024 20:35:22.533Z;functions.movimentacao_bancaria;  SELECIONA O FILTRO HOJE
09-05-2024 20:35:22.533Z;functions.filter_clean;  FUNÇÃO LIMPA FILTRO
09-05-2024 20:35:28.053Z;functions.waitForImage;  FILTER CLEAN image found.
09-05-2024 20:35:30.182Z;functions.filter_clean;  CLICK NO BOTÃO X DO LIMPA FILTRO
09-05-2024 20:35:45.261Z;functions.waitForImage;  FILTER CLEAN image not found.
09-05-2024 20:36:00.298Z;functions.waitForImage;  FILTER CLEAN image not found.
09-05-2024 20:36:01.064Z;functions.movimentacao_bancaria;  CLICK NA PRIMEIRA LINHA DA TABELA MOVIMENTAÇÃO BANCÁRIA
09-05-2024 20:36:02.276Z;functions.movimentacao_bancaria;  12 PASSOS PARA DIREITA NA TABELA >>
09-05-2024 20:36:03.547Z;functions.movimentacao_bancaria;  HOVER FILTER
09-05-2024 20:36:03.898Z;functions.movimentacao_bancaria;  CLICK FILTER
09-05-2024 20:36:08.207Z;functions.movimentacao_bancaria;  CLICK NO FILTRO  STATUS DA REMESSA
09-05-2024 20:36:10.309Z;functions.movimentacao_bancaria;  APERTA TAB PARA ESCREVER O FILTRO
09-05-2024 20:36:12.414Z;functions.movimentacao_bancaria;  ESCREVE PENDENTE NO FILTRO
09-05-2024 20:36:14.515Z;functions.movimentacao_bancaria;  APERTA ENTER PARA SELECIONAR OS PENDENTES
09-05-2024 20:36:34.501Z;functions.movimentacao_bancaria;  SEM REGISTROS DE PROCESSO DE BORDERO PENDENTE
09-05-2024 20:36:34.501Z;functions.filter_clean;  FUNÇÃO LIMPA FILTRO
09-05-2024 20:36:34.594Z;functions.waitForImage;  FILTER CLEAN image found.
09-05-2024 20:36:36.716Z;functions.filter_clean;  CLICK NO BOTÃO X DO LIMPA FILTRO
09-05-2024 20:36:51.729Z;functions.waitForImage;  FILTER CLEAN image not found.
09-05-2024 20:37:06.772Z;functions.waitForImage;  FILTER CLEAN image not found.
09-05-2024 20:37:07.564Z;functions.remessa_pagamento;  CLICK NA PRIMEIRA LINHA DA TABELA MOVIMENTAÇÃO BANCÁRIA
09-05-2024 20:37:08.820Z;functions.remessa_pagamento;  HOVER FILTER
09-05-2024 20:37:09.119Z;functions.remessa_pagamento;  CLICK FILTER
09-05-2024 20:37:13.431Z;functions.remessa_pagamento;  CLICK NO FILTRO  STATUS DA REMESSA
09-05-2024 20:37:15.532Z;functions.remessa_pagamento;  APERTA TAB PARA ESCREVER O FILTRO
09-05-2024 20:37:17.639Z;functions.remessa_pagamento;  ESCREVE AUTORIZADO NO FILTRO
09-05-2024 20:37:19.741Z;functions.remessa_pagamento;  APERTA ENTER PARA SELECIONAR OS AUTORIZADOS
09-05-2024 20:37:40.703Z;functions.remessa_pagamento;  SEM REMESSA DE BORDERO AUTORIZADO
09-05-2024 20:37:41.313Z;functions.enter_contas_a_pagar;  CLICK - TOTVS - LINHA RM
09-05-2024 20:37:42.282Z;functions.enter_contas_a_pagar;  CLICK - BACK OFFICE
09-05-2024 20:37:42.992Z;functions.enter_contas_a_pagar;  CLICK - GESTAO FINANCEIRA
09-05-2024 20:38:01.688Z;functions.enter_contas_a_pagar;  CLICK - CONTAS A PAGAR
09-05-2024 20:38:01.824Z;functions.waitForImage;  LANÇAMENTOS image found.
09-05-2024 20:38:03.952Z;functions.enter_contas_a_pagar;  CLICA EM LANÇAMENTOS
09-05-2024 20:38:19.266Z;functions.waitForImage;  LICENCAS EXCEDIDAS image not found.
09-05-2024 20:38:19.266Z;functions.obter_intervalo_data;  VERIFICANDO A HORA ATUAL 20
09-05-2024 20:38:19.282Z;functions.obter_intervalo_data;  Data Inicial PENSAO antes da remoção: None
09-05-2024 20:38:19.282Z;functions.obter_intervalo_data;  Data Final PENSAO antes da remoção: None
09-05-2024 20:38:19.282Z;functions.obter_intervalo_data;  Data Inicial PENSAO após a remoção: None
09-05-2024 20:38:19.282Z;functions.obter_intervalo_data;  Data Final PENSAO após a remoção: None
09-05-2024 20:38:19.282Z;functions.obter_intervalo_data;  hoje -  2024-05-09 20:38:19.282244
09-05-2024 20:38:19.282Z;functions.data_filter;  DATA INICIO 15-05-2024
09-05-2024 20:38:19.282Z;functions.data_filter;  DATA FIM 21-05-2024
09-05-2024 20:38:19.282Z;functions.data_filter;  CLICK - SELECIONA A DATA DE QUARTA FEIRA E DA PROXIMA TERÇA
09-05-2024 20:38:19.282Z;functions.data_filter;  QUARTA-FEIRA: 15-05-2024
09-05-2024 20:38:19.282Z;functions.data_filter;  TERCA-FEIRA: 21-05-2024
09-05-2024 20:38:30.438Z;functions.data_filter;  CLICK - BUTÃO DE SELECAO DE FILTRO
09-05-2024 20:38:34.157Z;functions.data_filter;  INSERE - DATA DE QUARTA-FEIRA: 15-05-2024
09-05-2024 20:38:37.625Z;functions.data_filter;  INSERE - DATA DA PROX TERCA-FEIRA: 21-05-2024
09-05-2024 20:38:38.250Z;functions.data_filter;  CLICK - BUTÃO DE EXECUTAR O FILTRO
09-05-2024 20:38:44.017Z;functions.desmark_filter;  CLICK CHECKBOX LANÇAMENTOS A RECEBER
09-05-2024 20:38:44.813Z;functions.desmark_filter;  CLICK CHECKBOX LANÇAMENTOS BAIXADOS
09-05-2024 20:38:45.656Z;functions.desmark_filter;  CLICK CHECKBOX LANÇAMENTOS CANCELADOS
09-05-2024 20:38:46.516Z;functions.desmark_filter;  CLICK CHECKBOX LANÇAMENTOS FATURADOS
09-05-2024 20:38:47.406Z;functions.desmark_filter;  ATUALIZA O FILTRO
09-05-2024 20:38:47.406Z;functions.filter_clean;  FUNÇÃO LIMPA FILTRO
09-05-2024 20:38:47.539Z;functions.waitForImage;  FILTER CLEAN image found.
09-05-2024 20:38:49.666Z;functions.filter_clean;  CLICK NO BOTÃO X DO LIMPA FILTRO
09-05-2024 20:39:04.823Z;functions.waitForImage;  FILTER CLEAN image not found.
09-05-2024 20:39:20.016Z;functions.waitForImage;  FILTER CLEAN image not found.
09-05-2024 20:39:21.017Z;functions.tabela_vazia;  Texto extraido 0/0
09-05-2024 20:39:21.017Z;functions.tabela_vazia;  Count 0
09-05-2024 20:39:21.017Z;functions.tabela_vazia;  Type <class 'int'>
09-05-2024 20:39:23.019Z;functions.tabela_vazia;  SEM REMESSA DE FÉRIAS/RESCISÃO
09-05-2024 20:39:25.020Z;main.<module>;  SEM REMESSA DE PENSÃO
09-05-2024 20:39:26.735Z;errorhandler.__handle;  Property: Unknown Property name. [1:203: -ms-interpolation-mode]
09-05-2024 20:39:26.735Z;errorhandler.__handle;  Property: Unknown Property name. [1:353: -webkit-font-smoothing]
09-05-2024 20:39:26.751Z;errorhandler.__handle;  Property: Unknown Property name. [1:483: -ms-text-size-adjust]
09-05-2024 20:39:26.751Z;errorhandler.__handle;  Property: Unknown Property name. [1:518: -webkit-text-size-adjust]
09-05-2024 20:39:26.751Z;errorhandler.__handle;  Property: Unknown Property name. [1:612: mso-table-lspace]
09-05-2024 20:39:26.751Z;errorhandler.__handle;  Property: Unknown Property name. [1:642: mso-table-rspace]
09-05-2024 20:39:26.797Z;errorhandler.__handle;  Property: Unknown Property name. [1:4734: mso-hide]
09-05-2024 20:39:26.813Z;errorhandler.__handle;  Property: Unknown Property name. [1:13: -ms-interpolation-mode]
09-05-2024 20:39:26.813Z;errorhandler.__handle;  Property: Unknown Property name. [1:49: -webkit-font-smoothing]
09-05-2024 20:39:26.813Z;errorhandler.__handle;  Property: Unknown Property name. [1:134: -ms-text-size-adjust]
09-05-2024 20:39:26.813Z;errorhandler.__handle;  Property: Unknown Property name. [1:160: -webkit-text-size-adjust]
09-05-2024 20:39:26.813Z;errorhandler.__handle;  Property: Unknown Property name. [1:26: mso-table-lspace]
09-05-2024 20:39:26.813Z;errorhandler.__handle;  Property: Unknown Property name. [1:45: mso-table-rspace]
09-05-2024 20:39:26.829Z;errorhandler.__handle;  Property: Unknown Property name. [1:92: mso-hide]
09-05-2024 20:39:26.829Z;errorhandler.__handle;  Property: No ":" after name found: align-center [1:1: align-center]
09-05-2024 20:39:26.829Z;errorhandler.__handle;  Property: No property value found: align-center [1:1: align-center]
09-05-2024 20:39:26.829Z;errorhandler.__handle;  CSSStyleDeclaration: Syntax Error in Property: align-center
09-05-2024 20:39:26.829Z;errorhandler.__handle;  Property: Unknown Property name. [1:14: -ms-interpolation-mode]
09-05-2024 20:39:28.594Z;functions.emailFinalizado;  Warning e-mail sent.
09-05-2024 20:39:28.669Z;functions.encerra_prog;  RM ENCERRADO
