13-11-2023 16:36:28.391Z;functions.bot_text_art;      ____   
13-11-2023 16:36:28.392Z;functions.bot_text_art;     [____]    
13-11-2023 16:36:28.393Z;functions.bot_text_art;   |=]()()[=|  
13-11-2023 16:36:28.394Z;functions.bot_text_art;     _\==/__    _____    ____     _        _____    ___   _  __
13-11-2023 16:36:28.395Z;functions.bot_text_art;   |__|   |_|  |  _  \  / ___|   | |      |_   _| / ___| | |/ /
13-11-2023 16:36:28.397Z;functions.bot_text_art;   |_|_/\_|_|  | |  | | | |      | |        | |   | |    | ' / 
13-11-2023 16:36:28.398Z;functions.bot_text_art;   | | __ | |  | |  | | | |      | |        | |   | |    |  <  
13-11-2023 16:36:28.400Z;functions.bot_text_art;   |_|[  ]|_|  | |__| | | |____  | |____   _| |_  | |__  | . \ 
13-11-2023 16:36:28.402Z;functions.bot_text_art;   \_|_||_|_/  |_____/   \_____| |______| |_____| \ ___| |_|\_\
13-11-2023 16:36:28.404Z;functions.bot_text_art;     |_||_|                                                     
13-11-2023 16:36:28.405Z;functions.bot_text_art;     | ||_|_   
13-11-2023 16:36:28.406Z;functions.bot_text_art;   |___||___|  
13-11-2023 16:36:28.407Z;functions.bot_text_art;               
13-11-2023 16:36:29.082Z;functions.open_RM;  OPEN PROGRAM RM
13-11-2023 16:41:42.674Z;functions.loggin_RM;  ENTER USER_NAME
13-11-2023 16:41:44.062Z;functions.loggin_RM;  ENTER PASSWORD
13-11-2023 16:41:47.062Z;functions.loggin_RM;  ENTER RM
13-11-2023 16:42:23.239Z;functions.enter_coligada;  CLICK CONTEXTO
13-11-2023 16:42:28.385Z;functions.enter_coligada;  CLICK COLIGADA 1
13-11-2023 16:42:30.239Z;functions.enter_coligada;  CLICK AVANÇAR
13-11-2023 16:42:32.768Z;functions.enter_coligada;  INSERE O COLIGADA CODE = 1
13-11-2023 16:42:32.905Z;functions.enter_coligada;  APERTA TAB PARA PREENCHER O CAMPO COM A STRING: OCEANICA ENGENHARIA E CONSULTORIA S.A.
13-11-2023 16:42:34.325Z;functions.enter_coligada;  CLICK AVANÇAR NOVAMENTE
13-11-2023 16:42:35.603Z;functions.enter_coligada;  CLICK CONCLUIR
13-11-2023 16:42:59.295Z;functions.enter_coligada;  POP UP COLIGADA DESAPARECER
13-11-2023 16:43:00.356Z;functions.enter_contas_a_pagar;  CLICK - TOTVS - LINHA RM
13-11-2023 16:43:02.133Z;functions.enter_contas_a_pagar;  CLICK - BACK OFFICE
13-11-2023 16:43:04.911Z;functions.enter_contas_a_pagar;  CLICK - GESTAO FINANCEIRA
13-11-2023 16:43:11.870Z;functions.enter_contas_a_pagar;  CLICK - CONTAS A PAGAR
13-11-2023 16:43:13.650Z;functions.waitForImage;  LANÇAMENTOS image found.
13-11-2023 16:43:15.777Z;functions.enter_contas_a_pagar;  CLICA EM LANÇAMENTOS
13-11-2023 16:43:17.781Z;functions.data_filter;  CLICK - SELECIONA A DATA DE QUARTA FEIRA E DA PROXIMA TERÇA
13-11-2023 16:43:17.783Z;functions.data_filter;  QUARTA-FEIRA: 15-11-2023
13-11-2023 16:43:17.784Z;functions.data_filter;  TERCA-FEIRA: 21-11-2023
13-11-2023 16:43:28.518Z;functions.data_filter;  ESCREVE REMESSA BANCÁRIA NO FILTRO
13-11-2023 16:43:29.334Z;functions.data_filter;  CLICK - BUTÃO DE SELECAO DE FILTRO
13-11-2023 16:43:31.931Z;functions.data_filter;  INSERE - DATA DE QUARTA-FEIRA: 15-11-2023
13-11-2023 16:43:33.973Z;functions.data_filter;  INSERE - DATA DA PROX TERCA-FEIRA: 21-11-2023
13-11-2023 16:43:34.872Z;functions.data_filter;  CLICK - BUTÃO DE EXECUTAR O FILTRO
13-11-2023 16:43:44.003Z;functions.desmark_filter;  CLICK CHECKBOX LANÇAMENTOS A RECEBER
13-11-2023 16:43:45.934Z;functions.desmark_filter;  CLICK CHECKBOX LANÇAMENTOS BAIXADOS
13-11-2023 16:43:47.872Z;functions.desmark_filter;  CLICK CHECKBOX LANÇAMENTOS CANCELADOS
13-11-2023 16:43:50.156Z;functions.desmark_filter;  CLICK CHECKBOX LANÇAMENTOS FATURADOS
13-11-2023 16:43:52.386Z;functions.desmark_filter;  ATUALIZA O FILTRO
13-11-2023 16:43:52.388Z;functions.tabela_vazia;  VERIFICANDO SE A TABELA ESTÁ VAZIA
13-11-2023 16:44:39.992Z;functions.show_exception_and_exit;  
Traceback (most recent call last):
  File "c:\Projetos\Remessa_Ferias_Rescisao\main.py", line 17, in <module>
    result = tabela_vazia()
             ^^^^^^^^^^^^^^
  File "c:\Projetos\Remessa_Ferias_Rescisao\SUBPROGRAMS\functions.py", line 246, in tabela_vazia
    numero_registros = cc.wait_appear(locator.rm.text_remessa_ferias_rescisao_registros, wait_timeout=15)
                       ^^^^^^^^^^^^^^^^^^^^^^^^^^^^^^^^^^^^^^^^^^^^^^^^^^^^^^^^^^^^^^^^^^^^^^^^^^^^^^^^^^
  File "C:\Projetos\Remessa_Ferias_Rescisao\venv\Lib\site-packages\clicknium\_clicknium.py", line 189, in wait_appear
    ele = _InvokerService.wait_appear(
          ^^^^^^^^^^^^^^^^^^^^^^^^^^^^
  File "C:\Projetos\Remessa_Ferias_Rescisao\venv\Lib\site-packages\clicknium\core\service\invokerservice.py", line 50, in wrapper
    return func(*args, **kwargs)
           ^^^^^^^^^^^^^^^^^^^^^
  File "C:\Projetos\Remessa_Ferias_Rescisao\venv\Lib\site-packages\clicknium\core\service\invokerservice.py", line 308, in wait_appear
    return UiElementRunner.WaitElementAppear(locator_item.Locator, locator_item.Locator_Variables, locator_item.Locator_Image, timeout * 1000)
           ^^^^^^^^^^^^^^^^^^^^^^^^^^^^^^^^^^^^^^^^^^^^^^^^^^^^^^^^^^^^^^^^^^^^^^^^^^^^^^^^^^^^^^^^^^^^^^^^^^^^^^^^^^^^^^^^^^^^^^^^^^^^^^^^^^^
KeyboardInterrupt
