13-11-2023 19:02:47.235Z;functions.bot_text_art;      ____   
13-11-2023 19:02:47.236Z;functions.bot_text_art;     [____]    
13-11-2023 19:02:47.239Z;functions.bot_text_art;   |=]()()[=|  
13-11-2023 19:02:47.239Z;functions.bot_text_art;     _\==/__    _____    ____     _        _____    ___   _  __
13-11-2023 19:02:47.240Z;functions.bot_text_art;   |__|   |_|  |  _  \  / ___|   | |      |_   _| / ___| | |/ /
13-11-2023 19:02:47.242Z;functions.bot_text_art;   |_|_/\_|_|  | |  | | | |      | |        | |   | |    | ' / 
13-11-2023 19:02:47.243Z;functions.bot_text_art;   | | __ | |  | |  | | | |      | |        | |   | |    |  <  
13-11-2023 19:02:47.245Z;functions.bot_text_art;   |_|[  ]|_|  | |__| | | |____  | |____   _| |_  | |__  | . \ 
13-11-2023 19:02:47.248Z;functions.bot_text_art;   \_|_||_|_/  |_____/   \_____| |______| |_____| \ ___| |_|\_\
13-11-2023 19:02:47.249Z;functions.bot_text_art;     |_||_|                                                     
13-11-2023 19:02:47.251Z;functions.bot_text_art;     | ||_|_   
13-11-2023 19:02:47.252Z;functions.bot_text_art;   |___||___|  
13-11-2023 19:02:47.253Z;functions.bot_text_art;               
13-11-2023 19:02:47.265Z;functions.open_RM;  OPEN PROGRAM RM
13-11-2023 19:03:00.095Z;functions.loggin_RM;  ENTER USER_NAME
13-11-2023 19:03:01.489Z;functions.loggin_RM;  ENTER PASSWORD
13-11-2023 19:03:02.675Z;functions.loggin_RM;  ENTER RM
13-11-2023 19:03:36.734Z;functions.enter_coligada;  CLICK CONTEXTO
13-11-2023 19:03:41.889Z;functions.enter_coligada;  CLICK COLIGADA 1
13-11-2023 19:03:44.155Z;functions.enter_coligada;  CLICK AVANÇAR
13-11-2023 19:03:46.960Z;functions.enter_coligada;  INSERE O COLIGADA CODE = 1
13-11-2023 19:03:47.100Z;functions.enter_coligada;  APERTA TAB PARA PREENCHER O CAMPO COM A STRING: OCEANICA ENGENHARIA E CONSULTORIA S.A.
13-11-2023 19:03:48.441Z;functions.enter_coligada;  CLICK AVANÇAR NOVAMENTE
13-11-2023 19:03:49.687Z;functions.enter_coligada;  CLICK CONCLUIR
13-11-2023 19:04:12.791Z;functions.enter_coligada;  POP UP COLIGADA DESAPARECER
13-11-2023 19:04:13.629Z;functions.enter_contas_a_pagar;  CLICK - TOTVS - LINHA RM
13-11-2023 19:04:15.466Z;functions.enter_contas_a_pagar;  CLICK - BACK OFFICE
13-11-2023 19:04:18.279Z;functions.enter_contas_a_pagar;  CLICK - GESTAO FINANCEIRA
13-11-2023 19:04:25.289Z;functions.enter_contas_a_pagar;  CLICK - CONTAS A PAGAR
13-11-2023 19:04:26.178Z;functions.waitForImage;  LANÇAMENTOS image found.
13-11-2023 19:04:28.289Z;functions.enter_contas_a_pagar;  CLICA EM LANÇAMENTOS
13-11-2023 19:04:30.293Z;functions.data_filter;  CLICK - SELECIONA A DATA DE QUARTA FEIRA E DA PROXIMA TERÇA
13-11-2023 19:04:30.295Z;functions.data_filter;  QUARTA-FEIRA: 15-11-2023
13-11-2023 19:04:30.296Z;functions.data_filter;  TERCA-FEIRA: 21-11-2023
13-11-2023 19:04:40.920Z;functions.data_filter;  ESCREVE REMESSA BANCÁRIA NO FILTRO
13-11-2023 19:04:41.739Z;functions.data_filter;  CLICK - BUTÃO DE SELECAO DE FILTRO
13-11-2023 19:04:44.503Z;functions.data_filter;  INSERE - DATA DE QUARTA-FEIRA: 15-11-2023
13-11-2023 19:04:46.657Z;functions.data_filter;  INSERE - DATA DA PROX TERCA-FEIRA: 21-11-2023
13-11-2023 19:04:47.603Z;functions.data_filter;  CLICK - BUTÃO DE EXECUTAR O FILTRO
13-11-2023 19:04:57.822Z;functions.desmark_filter;  CLICK CHECKBOX LANÇAMENTOS A RECEBER
13-11-2023 19:04:59.717Z;functions.desmark_filter;  CLICK CHECKBOX LANÇAMENTOS BAIXADOS
13-11-2023 19:05:01.609Z;functions.desmark_filter;  CLICK CHECKBOX LANÇAMENTOS CANCELADOS
13-11-2023 19:05:03.715Z;functions.desmark_filter;  CLICK CHECKBOX LANÇAMENTOS FATURADOS
13-11-2023 19:05:06.556Z;functions.desmark_filter;  ATUALIZA O FILTRO
13-11-2023 19:05:37.136Z;functions.waitForImage;  FILTER CLEAN image not found.
13-11-2023 19:05:37.137Z;functions.tabela_vazia;  VERIFICANDO SE A TABELA ESTÁ VAZIA
13-11-2023 19:06:08.109Z;functions.show_exception_and_exit;  'NoneType' object has no attribute 'get_text'
Traceback (most recent call last):
  File "c:\Projetos\Remessa_Ferias_Rescisao\main.py", line 17, in <module>
    result = tabela_vazia()
             ^^^^^^^^^^^^^^
  File "c:\Projetos\Remessa_Ferias_Rescisao\SUBPROGRAMS\functions.py", line 261, in tabela_vazia
    number_rows = numero_registros.get_text()
                  ^^^^^^^^^^^^^^^^^^^^^^^^^
AttributeError: 'NoneType' object has no attribute 'get_text'
