19-06-2024 00:19:53.703Z;functions.bot_text_art;      ____     
19-06-2024 00:19:53.703Z;functions.bot_text_art;     [____]    
19-06-2024 00:19:53.718Z;functions.bot_text_art;   |=]()()[=|  
19-06-2024 00:19:53.718Z;functions.bot_text_art;     _\==/__    _____    ____     _        _____    ___   _  __ 
19-06-2024 00:19:53.718Z;functions.bot_text_art;   |__|   |_|  |  _  \  / ___|   | |      |_   _| / ___| | |/ / 
19-06-2024 00:19:53.718Z;functions.bot_text_art;   |_|_/\_|_|  | |  | | | |      | |        | |   | |    | ' /  
19-06-2024 00:19:53.718Z;functions.bot_text_art;   | | __ | |  | |  | | | |      | |        | |   | |    |  <   
19-06-2024 00:19:53.718Z;functions.bot_text_art;   |_|[  ]|_|  | |__| | | |____  | |____   _| |_  | |__  | . \  
19-06-2024 00:19:53.718Z;functions.bot_text_art;   \_|_||_|_/  |_____/   \_____| |______| |_____| \ ___| |_|\_\ 
19-06-2024 00:19:53.718Z;functions.bot_text_art;     |_||_|    
19-06-2024 00:19:53.718Z;functions.bot_text_art;     | ||_|_   
19-06-2024 00:19:53.718Z;functions.bot_text_art;   |___||___|  
19-06-2024 00:19:53.718Z;functions.bot_text_art;               
19-06-2024 00:19:53.734Z;functions.open_RM;  OPEN PROGRAM RM
19-06-2024 00:20:13.078Z;functions.loggin_RM;  ACHOU O PANE PICTURE
19-06-2024 00:20:14.187Z;functions.loggin_RM;  ENCONTRA USE FIELD
19-06-2024 00:20:14.468Z;functions.loggin_RM;  DUPLO CLICK
19-06-2024 00:20:18.047Z;functions.loggin_RM;  ENTRAR USER_NAME
19-06-2024 00:20:19.359Z;functions.loggin_RM;  ENCONTRA PASS FIELD
19-06-2024 00:20:19.656Z;functions.loggin_RM;  CLICK
19-06-2024 00:20:21.784Z;functions.loggin_RM;  ENTRAR PASSWORD
19-06-2024 00:20:23.313Z;functions.loggin_RM;  ENTRAR RM
19-06-2024 00:21:25.859Z;functions.loggin_RM;  FILTRO NÃO ENCONTRADO DE INICIO
19-06-2024 00:22:27.875Z;functions.loggin_RM;  FILTRO NÃO ENCONTRADO DE INICIO
19-06-2024 00:23:29.734Z;functions.loggin_RM;  FILTRO NÃO ENCONTRADO DE INICIO
19-06-2024 00:23:29.734Z;functions.enter_coligada;  AGUARDANDO 1
19-06-2024 00:23:31.094Z;functions.enter_coligada;  CLICK CONTEXTO
19-06-2024 00:23:33.781Z;functions.enter_coligada;  CLICK ALTERAR MODULO DO CONTEXTO
19-06-2024 00:23:38.271Z;functions.enter_coligada;  INSERE O COLIGADA CODE = 1
19-06-2024 00:23:38.376Z;functions.enter_coligada;  APERTA TAB PARA PREENCHER O CAMPO COM A STRING: OCEANICA ENGENHARIA E CONSULTORIA S.A.
19-06-2024 00:23:41.562Z;functions.enter_coligada;  CLICK AVANÇAR NOVAMENTE
19-06-2024 00:23:42.906Z;functions.enter_coligada;  CLICK CONCLUIR
19-06-2024 00:24:03.265Z;functions.waitForImage;  TROCA COLIGADA image not found.
19-06-2024 00:25:02.468Z;functions.enter_coligada;  POP UP COLIGADA DESAPARECER
19-06-2024 00:25:03.469Z;functions.check_movimentacao_bancaria;  CLICK - TOTVS - LINHA RM
19-06-2024 00:25:05.218Z;functions.check_movimentacao_bancaria;  CLICK - BACK OFFICE
19-06-2024 00:25:07.937Z;functions.check_movimentacao_bancaria;  CLICK - GESTAO FINANCEIRA
19-06-2024 00:25:07.937Z;functions.obter_intervalo_data;  VERIFICANDO A HORA ATUAL 0
19-06-2024 00:25:07.962Z;functions.obter_intervalo_data;  Data Inicial PENSAO antes da remoção: None
19-06-2024 00:25:07.962Z;functions.obter_intervalo_data;  Data Final PENSAO antes da remoção: None
19-06-2024 00:25:07.968Z;functions.obter_intervalo_data;  Data Inicial PENSAO após a remoção: None
19-06-2024 00:25:07.968Z;functions.obter_intervalo_data;  Data Final PENSAO após a remoção: None
19-06-2024 00:25:07.968Z;functions.obter_intervalo_data;  hoje -  2024-06-19 00:25:07.968960
19-06-2024 00:25:07.968Z;functions.check_movimentacao_bancaria;  DATA INICIO 26-06-2024
19-06-2024 00:25:07.968Z;functions.check_movimentacao_bancaria;  DATA FIM 02-07-2024
19-06-2024 00:25:07.968Z;functions.movimentacao_bancaria;  AGUARDANDO 1
19-06-2024 00:25:16.218Z;functions.movimentacao_bancaria;  CLICK NA ABA MOVIMENTAÇÃO BANCARIA
19-06-2024 00:25:18.457Z;functions.waitForImage;  IMAGEM BORDERO image found.
19-06-2024 00:25:20.570Z;functions.movimentacao_bancaria;  IMAGEM BORDERO CLICADA.
19-06-2024 00:25:30.906Z;functions.waitForImage;  LICENCAS EXCEDIDAS image not found.
19-06-2024 00:25:33.281Z;functions.waitForImage;  LICENCE SERVER image not found.
19-06-2024 00:25:33.953Z;functions.movimentacao_bancaria;  ENCONTROU O FILTRO DA MOVIMENTAÇÃO BANCÁRIA
19-06-2024 00:25:34.031Z;functions.movimentacao_bancaria;  CLICA NA ABA SUPERIOR DO FILTRO
19-06-2024 00:25:38.241Z;functions.movimentacao_bancaria;  SELECIONA O FILTRO HOJE
19-06-2024 00:25:38.241Z;functions.filter_clean;  FUNÇÃO LIMPA FILTRO
19-06-2024 00:25:44.875Z;functions.waitForImage;  FILTER CLEAN image found.
19-06-2024 00:25:47.009Z;functions.filter_clean;  CLICK NO BOTÃO X DO LIMPA FILTRO
19-06-2024 00:25:47.218Z;functions.waitForImage;  FILTER CLEAN image found.
19-06-2024 00:25:49.351Z;functions.filter_clean;  CLICK NO BOTÃO X DO LIMPA FILTRO
19-06-2024 00:26:04.640Z;functions.waitForImage;  FILTER CLEAN image not found.
19-06-2024 00:26:06.343Z;functions.movimentacao_bancaria;  CLICK NA PRIMEIRA LINHA DA TABELA MOVIMENTAÇÃO BANCÁRIA
19-06-2024 00:26:07.566Z;functions.movimentacao_bancaria;  12 PASSOS PARA DIREITA NA TABELA >>
19-06-2024 00:26:09.781Z;functions.movimentacao_bancaria;  HOVER FILTER
19-06-2024 00:26:10.357Z;functions.movimentacao_bancaria;  CLICK FILTER
19-06-2024 00:26:14.682Z;functions.movimentacao_bancaria;  CLICK NO FILTRO  STATUS DA REMESSA
19-06-2024 00:26:16.784Z;functions.movimentacao_bancaria;  APERTA TAB PARA ESCREVER O FILTRO
19-06-2024 00:26:18.899Z;functions.movimentacao_bancaria;  ESCREVE PENDENTE NO FILTRO
19-06-2024 00:26:21.001Z;functions.movimentacao_bancaria;  APERTA ENTER PARA SELECIONAR OS PENDENTES
19-06-2024 00:26:40.514Z;functions.movimentacao_bancaria;  SEM REGISTROS DE PROCESSO DE BORDERO PENDENTE
19-06-2024 00:26:40.514Z;functions.filter_clean;  FUNÇÃO LIMPA FILTRO
19-06-2024 00:26:40.718Z;functions.waitForImage;  FILTER CLEAN image found.
19-06-2024 00:26:42.851Z;functions.filter_clean;  CLICK NO BOTÃO X DO LIMPA FILTRO
19-06-2024 00:26:58.156Z;functions.waitForImage;  FILTER CLEAN image not found.
19-06-2024 00:27:13.470Z;functions.waitForImage;  FILTER CLEAN image not found.
19-06-2024 00:27:15.437Z;functions.remessa_pagamento;  CLICK NA PRIMEIRA LINHA DA TABELA MOVIMENTAÇÃO BANCÁRIA
19-06-2024 00:27:17.625Z;functions.remessa_pagamento;  HOVER FILTER
19-06-2024 00:27:18.198Z;functions.remessa_pagamento;  CLICK FILTER
19-06-2024 00:27:22.532Z;functions.remessa_pagamento;  CLICK NO FILTRO  STATUS DA REMESSA
19-06-2024 00:27:24.634Z;functions.remessa_pagamento;  APERTA TAB PARA ESCREVER O FILTRO
19-06-2024 00:27:26.753Z;functions.remessa_pagamento;  ESCREVE AUTORIZADO NO FILTRO
19-06-2024 00:27:28.856Z;functions.remessa_pagamento;  APERTA ENTER PARA SELECIONAR OS AUTORIZADOS
19-06-2024 00:27:35.945Z;functions.remessa_pagamento;  6 PASSOS PARA ESQUERDA NA TABELA <<
19-06-2024 00:27:39.078Z;functions.check_user_bot;  Texto extraido 1/1
19-06-2024 00:27:39.078Z;functions.check_user_bot;  Count 1
19-06-2024 00:27:39.078Z;functions.check_user_bot;  Type <class 'int'>
19-06-2024 00:27:41.191Z;functions.check_user_bot;  CHECK USER BOT 1
19-06-2024 00:27:43.192Z;functions.check_user_bot;  dclick
19-06-2024 00:27:45.907Z;functions.check_user_bot;  7 PASSOS PARA DIREITA NA TABELA >>
19-06-2024 00:27:50.013Z;functions.check_user_bot;  341 / 3212 / 02675  PIX
19-06-2024 00:27:50.013Z;functions.check_user_bot;  NOME PENSAO NÃO ENCONTRADO NA STRING.
19-06-2024 00:27:50.727Z;functions.check_user_bot;  7 PASSOS PARA ESQUERDA NA TABELA <<
19-06-2024 00:27:50.830Z;functions.check_user_bot;  COUNT1: 6
19-06-2024 00:27:51.781Z;functions.enter_contas_a_pagar;  CLICK - TOTVS - LINHA RM
19-06-2024 00:27:53.218Z;functions.enter_contas_a_pagar;  CLICK - BACK OFFICE
19-06-2024 00:27:54.156Z;functions.enter_contas_a_pagar;  CLICK - GESTAO FINANCEIRA
19-06-2024 00:28:02.249Z;functions.enter_contas_a_pagar;  CLICK - CONTAS A PAGAR
19-06-2024 00:28:03.171Z;functions.waitForImage;  LANÇAMENTOS image found.
19-06-2024 00:28:05.289Z;functions.enter_contas_a_pagar;  CLICA EM LANÇAMENTOS
19-06-2024 00:28:20.562Z;functions.waitForImage;  LICENCAS EXCEDIDAS image not found.
19-06-2024 00:28:20.562Z;functions.data_filter;  CLICK - SELECIONA A DATA DE QUARTA FEIRA E DA PROXIMA TERÇA
19-06-2024 00:28:20.562Z;functions.data_filter;  QUARTA-FEIRA: 26-06-2024
19-06-2024 00:28:20.562Z;functions.data_filter;  TERCA-FEIRA: 02-07-2024
19-06-2024 00:28:32.843Z;functions.data_filter;  CLICK - BUTÃO DE SELECAO DE FILTRO
19-06-2024 00:28:37.562Z;functions.data_filter;  INSERE - DATA DE QUARTA-FEIRA: 26-06-2024
19-06-2024 00:28:41.859Z;functions.data_filter;  INSERE - DATA DA PROX TERCA-FEIRA: 02-07-2024
19-06-2024 00:28:42.968Z;functions.data_filter;  CLICK - BUTÃO DE EXECUTAR O FILTRO
19-06-2024 00:28:47.972Z;functions.desmark_filter;  AGUARDANDO 1
19-06-2024 00:28:50.343Z;functions.desmark_filter;  CLICK CHECKBOX LANÇAMENTOS A RECEBER
19-06-2024 00:28:52.890Z;functions.desmark_filter;  CLICK CHECKBOX LANÇAMENTOS BAIXADOS
19-06-2024 00:28:55.812Z;functions.desmark_filter;  CLICK CHECKBOX LANÇAMENTOS CANCELADOS
19-06-2024 00:28:58.595Z;functions.desmark_filter;  CLICK CHECKBOX LANÇAMENTOS FATURADOS
19-06-2024 00:29:01.489Z;functions.desmark_filter;  ATUALIZA O FILTRO
19-06-2024 00:29:01.489Z;functions.filter_clean;  FUNÇÃO LIMPA FILTRO
19-06-2024 00:29:01.687Z;functions.waitForImage;  FILTER CLEAN image found.
19-06-2024 00:29:03.795Z;functions.filter_clean;  CLICK NO BOTÃO X DO LIMPA FILTRO
19-06-2024 00:29:19.078Z;functions.waitForImage;  FILTER CLEAN image not found.
19-06-2024 00:29:34.390Z;functions.waitForImage;  FILTER CLEAN image not found.
19-06-2024 00:29:37.718Z;functions.tabela_vazia;  Texto extraido 0/0
19-06-2024 00:29:37.718Z;functions.tabela_vazia;  Count 0
19-06-2024 00:29:37.718Z;functions.tabela_vazia;  Type <class 'int'>
19-06-2024 00:29:39.721Z;functions.tabela_vazia;  SEM REMESSA DE FÉRIAS/RESCISÃO
19-06-2024 00:29:41.722Z;main.<module>;  SEM REMESSA DE PENSÃO
19-06-2024 00:29:44.281Z;errorhandler.__handle;  Property: Unknown Property name. [1:203: -ms-interpolation-mode]
19-06-2024 00:29:44.328Z;errorhandler.__handle;  Property: Unknown Property name. [1:353: -webkit-font-smoothing]
19-06-2024 00:29:44.328Z;errorhandler.__handle;  Property: Unknown Property name. [1:483: -ms-text-size-adjust]
19-06-2024 00:29:44.328Z;errorhandler.__handle;  Property: Unknown Property name. [1:518: -webkit-text-size-adjust]
19-06-2024 00:29:44.328Z;errorhandler.__handle;  Property: Unknown Property name. [1:612: mso-table-lspace]
19-06-2024 00:29:44.343Z;errorhandler.__handle;  Property: Unknown Property name. [1:642: mso-table-rspace]
19-06-2024 00:29:44.562Z;errorhandler.__handle;  Property: Unknown Property name. [1:4734: mso-hide]
19-06-2024 00:29:44.671Z;errorhandler.__handle;  Property: Unknown Property name. [1:13: -ms-interpolation-mode]
19-06-2024 00:29:44.671Z;errorhandler.__handle;  Property: Unknown Property name. [1:49: -webkit-font-smoothing]
19-06-2024 00:29:44.671Z;errorhandler.__handle;  Property: Unknown Property name. [1:134: -ms-text-size-adjust]
19-06-2024 00:29:44.671Z;errorhandler.__handle;  Property: Unknown Property name. [1:160: -webkit-text-size-adjust]
19-06-2024 00:29:44.671Z;errorhandler.__handle;  Property: Unknown Property name. [1:26: mso-table-lspace]
19-06-2024 00:29:44.671Z;errorhandler.__handle;  Property: Unknown Property name. [1:45: mso-table-rspace]
19-06-2024 00:29:44.718Z;errorhandler.__handle;  Property: Unknown Property name. [1:92: mso-hide]
19-06-2024 00:29:44.734Z;errorhandler.__handle;  Property: No ":" after name found: align-center [1:1: align-center]
19-06-2024 00:29:44.734Z;errorhandler.__handle;  Property: No property value found: align-center [1:1: align-center]
19-06-2024 00:29:44.734Z;errorhandler.__handle;  CSSStyleDeclaration: Syntax Error in Property: align-center
19-06-2024 00:29:44.734Z;errorhandler.__handle;  Property: Unknown Property name. [1:14: -ms-interpolation-mode]
19-06-2024 00:29:47.406Z;functions.emailFinalizado;  Warning e-mail sent.
19-06-2024 00:29:47.671Z;functions.encerra_prog;  RM ENCERRADO
