19-06-2024 06:30:35.961Z;functions.bot_text_art;      ____     
19-06-2024 06:30:35.961Z;functions.bot_text_art;     [____]    
19-06-2024 06:30:35.961Z;functions.bot_text_art;   |=]()()[=|  
19-06-2024 06:30:35.961Z;functions.bot_text_art;     _\==/__    _____    ____     _        _____    ___   _  __ 
19-06-2024 06:30:35.961Z;functions.bot_text_art;   |__|   |_|  |  _  \  / ___|   | |      |_   _| / ___| | |/ / 
19-06-2024 06:30:35.961Z;functions.bot_text_art;   |_|_/\_|_|  | |  | | | |      | |        | |   | |    | ' /  
19-06-2024 06:30:35.961Z;functions.bot_text_art;   | | __ | |  | |  | | | |      | |        | |   | |    |  <   
19-06-2024 06:30:35.961Z;functions.bot_text_art;   |_|[  ]|_|  | |__| | | |____  | |____   _| |_  | |__  | . \  
19-06-2024 06:30:35.976Z;functions.bot_text_art;   \_|_||_|_/  |_____/   \_____| |______| |_____| \ ___| |_|\_\ 
19-06-2024 06:30:35.976Z;functions.bot_text_art;     |_||_|    
19-06-2024 06:30:35.976Z;functions.bot_text_art;     | ||_|_   
19-06-2024 06:30:35.976Z;functions.bot_text_art;   |___||___|  
19-06-2024 06:30:35.976Z;functions.bot_text_art;               
19-06-2024 06:30:35.992Z;functions.open_RM;  OPEN PROGRAM RM
19-06-2024 06:30:52.213Z;functions.loggin_RM;  ACHOU O PANE PICTURE
19-06-2024 06:30:53.385Z;functions.loggin_RM;  ENCONTRA USE FIELD
19-06-2024 06:30:53.681Z;functions.loggin_RM;  DUPLO CLICK
19-06-2024 06:30:57.259Z;functions.loggin_RM;  ENTRAR USER_NAME
19-06-2024 06:30:58.556Z;functions.loggin_RM;  ENCONTRA PASS FIELD
19-06-2024 06:30:58.806Z;functions.loggin_RM;  CLICK
19-06-2024 06:31:00.933Z;functions.loggin_RM;  ENTRAR PASSWORD
19-06-2024 06:31:02.369Z;functions.loggin_RM;  ENTRAR RM
19-06-2024 06:32:04.436Z;functions.loggin_RM;  FILTRO NÃO ENCONTRADO DE INICIO
19-06-2024 06:33:06.822Z;functions.loggin_RM;  FILTRO NÃO ENCONTRADO DE INICIO
19-06-2024 06:34:09.013Z;functions.loggin_RM;  FILTRO NÃO ENCONTRADO DE INICIO
19-06-2024 06:34:09.013Z;functions.enter_coligada;  AGUARDANDO 1
19-06-2024 06:34:10.337Z;functions.enter_coligada;  CLICK CONTEXTO
19-06-2024 06:34:12.993Z;functions.enter_coligada;  CLICK ALTERAR MODULO DO CONTEXTO
19-06-2024 06:34:16.728Z;functions.enter_coligada;  INSERE O COLIGADA CODE = 1
19-06-2024 06:34:16.835Z;functions.enter_coligada;  APERTA TAB PARA PREENCHER O CAMPO COM A STRING: OCEANICA ENGENHARIA E CONSULTORIA S.A.
19-06-2024 06:34:18.962Z;functions.enter_coligada;  CLICK AVANÇAR NOVAMENTE
19-06-2024 06:34:20.275Z;functions.enter_coligada;  CLICK CONCLUIR
19-06-2024 06:34:40.634Z;functions.waitForImage;  TROCA COLIGADA image not found.
19-06-2024 06:35:40.103Z;functions.enter_coligada;  POP UP COLIGADA DESAPARECER
19-06-2024 06:35:41.087Z;functions.check_movimentacao_bancaria;  CLICK - TOTVS - LINHA RM
19-06-2024 06:35:42.837Z;functions.check_movimentacao_bancaria;  CLICK - BACK OFFICE
19-06-2024 06:35:45.555Z;functions.check_movimentacao_bancaria;  CLICK - GESTAO FINANCEIRA
19-06-2024 06:35:45.555Z;functions.obter_intervalo_data;  VERIFICANDO A HORA ATUAL 6
19-06-2024 06:35:45.581Z;functions.obter_intervalo_data;  Data Inicial PENSAO antes da remoção: None
19-06-2024 06:35:45.581Z;functions.obter_intervalo_data;  Data Final PENSAO antes da remoção: None
19-06-2024 06:35:45.587Z;functions.obter_intervalo_data;  Data Inicial PENSAO após a remoção: None
19-06-2024 06:35:45.587Z;functions.obter_intervalo_data;  Data Final PENSAO após a remoção: None
19-06-2024 06:35:45.587Z;functions.obter_intervalo_data;  hoje -  2024-06-19 06:35:45.587132
19-06-2024 06:35:45.587Z;functions.check_movimentacao_bancaria;  DATA INICIO 26-06-2024
19-06-2024 06:35:45.587Z;functions.check_movimentacao_bancaria;  DATA FIM 02-07-2024
19-06-2024 06:35:45.587Z;functions.movimentacao_bancaria;  AGUARDANDO 1
19-06-2024 06:35:51.618Z;functions.movimentacao_bancaria;  CLICK NA ABA MOVIMENTAÇÃO BANCARIA
19-06-2024 06:35:53.852Z;functions.waitForImage;  IMAGEM BORDERO image found.
19-06-2024 06:35:55.971Z;functions.movimentacao_bancaria;  IMAGEM BORDERO CLICADA.
19-06-2024 06:36:06.268Z;functions.waitForImage;  LICENCAS EXCEDIDAS image not found.
19-06-2024 06:36:08.649Z;functions.waitForImage;  LICENCE SERVER image not found.
19-06-2024 06:36:09.368Z;functions.movimentacao_bancaria;  ENCONTROU O FILTRO DA MOVIMENTAÇÃO BANCÁRIA
19-06-2024 06:36:09.431Z;functions.movimentacao_bancaria;  CLICA NA ABA SUPERIOR DO FILTRO
19-06-2024 06:36:13.641Z;functions.movimentacao_bancaria;  SELECIONA O FILTRO HOJE
19-06-2024 06:36:13.641Z;functions.filter_clean;  FUNÇÃO LIMPA FILTRO
19-06-2024 06:36:18.040Z;functions.waitForImage;  FILTER CLEAN image found.
19-06-2024 06:36:20.157Z;functions.filter_clean;  CLICK NO BOTÃO X DO LIMPA FILTRO
19-06-2024 06:36:20.368Z;functions.waitForImage;  FILTER CLEAN image found.
19-06-2024 06:36:22.502Z;functions.filter_clean;  CLICK NO BOTÃO X DO LIMPA FILTRO
19-06-2024 06:36:37.555Z;functions.waitForImage;  FILTER CLEAN image not found.
19-06-2024 06:36:39.180Z;functions.movimentacao_bancaria;  CLICK NA PRIMEIRA LINHA DA TABELA MOVIMENTAÇÃO BANCÁRIA
19-06-2024 06:36:40.405Z;functions.movimentacao_bancaria;  12 PASSOS PARA DIREITA NA TABELA >>
19-06-2024 06:36:42.665Z;functions.movimentacao_bancaria;  HOVER FILTER
19-06-2024 06:36:43.246Z;functions.movimentacao_bancaria;  CLICK FILTER
19-06-2024 06:36:47.581Z;functions.movimentacao_bancaria;  CLICK NO FILTRO  STATUS DA REMESSA
19-06-2024 06:36:49.684Z;functions.movimentacao_bancaria;  APERTA TAB PARA ESCREVER O FILTRO
19-06-2024 06:36:51.798Z;functions.movimentacao_bancaria;  ESCREVE PENDENTE NO FILTRO
19-06-2024 06:36:53.901Z;functions.movimentacao_bancaria;  APERTA ENTER PARA SELECIONAR OS PENDENTES
19-06-2024 06:37:13.447Z;functions.movimentacao_bancaria;  SEM REGISTROS DE PROCESSO DE BORDERO PENDENTE
19-06-2024 06:37:13.447Z;functions.filter_clean;  FUNÇÃO LIMPA FILTRO
19-06-2024 06:37:13.649Z;functions.waitForImage;  FILTER CLEAN image found.
19-06-2024 06:37:15.782Z;functions.filter_clean;  CLICK NO BOTÃO X DO LIMPA FILTRO
19-06-2024 06:37:31.088Z;functions.waitForImage;  FILTER CLEAN image not found.
19-06-2024 06:37:46.399Z;functions.waitForImage;  FILTER CLEAN image not found.
19-06-2024 06:37:48.211Z;functions.remessa_pagamento;  CLICK NA PRIMEIRA LINHA DA TABELA MOVIMENTAÇÃO BANCÁRIA
19-06-2024 06:37:50.415Z;functions.remessa_pagamento;  HOVER FILTER
19-06-2024 06:37:51.052Z;functions.remessa_pagamento;  CLICK FILTER
19-06-2024 06:37:55.383Z;functions.remessa_pagamento;  CLICK NO FILTRO  STATUS DA REMESSA
19-06-2024 06:37:57.486Z;functions.remessa_pagamento;  APERTA TAB PARA ESCREVER O FILTRO
19-06-2024 06:37:59.603Z;functions.remessa_pagamento;  ESCREVE AUTORIZADO NO FILTRO
19-06-2024 06:38:01.706Z;functions.remessa_pagamento;  APERTA ENTER PARA SELECIONAR OS AUTORIZADOS
19-06-2024 06:38:22.242Z;functions.remessa_pagamento;  SEM REMESSA DE BORDERO AUTORIZADO
19-06-2024 06:38:23.211Z;functions.enter_contas_a_pagar;  CLICK - TOTVS - LINHA RM
19-06-2024 06:38:24.649Z;functions.enter_contas_a_pagar;  CLICK - BACK OFFICE
19-06-2024 06:38:27.336Z;functions.enter_contas_a_pagar;  CLICK - GESTAO FINANCEIRA
19-06-2024 06:38:33.305Z;functions.enter_contas_a_pagar;  CLICK - CONTAS A PAGAR
19-06-2024 06:38:34.242Z;functions.waitForImage;  LANÇAMENTOS image found.
19-06-2024 06:38:36.377Z;functions.enter_contas_a_pagar;  CLICA EM LANÇAMENTOS
19-06-2024 06:38:51.680Z;functions.waitForImage;  LICENCAS EXCEDIDAS image not found.
19-06-2024 06:38:51.680Z;functions.data_filter;  CLICK - SELECIONA A DATA DE QUARTA FEIRA E DA PROXIMA TERÇA
19-06-2024 06:38:51.680Z;functions.data_filter;  QUARTA-FEIRA: 26-06-2024
19-06-2024 06:38:51.680Z;functions.data_filter;  TERCA-FEIRA: 02-07-2024
19-06-2024 06:39:03.992Z;functions.data_filter;  CLICK - BUTÃO DE SELECAO DE FILTRO
19-06-2024 06:39:08.727Z;functions.data_filter;  INSERE - DATA DE QUARTA-FEIRA: 26-06-2024
19-06-2024 06:39:13.070Z;functions.data_filter;  INSERE - DATA DA PROX TERCA-FEIRA: 02-07-2024
19-06-2024 06:39:14.180Z;functions.data_filter;  CLICK - BUTÃO DE EXECUTAR O FILTRO
19-06-2024 06:39:19.183Z;functions.desmark_filter;  AGUARDANDO 1
19-06-2024 06:39:21.617Z;functions.desmark_filter;  CLICK CHECKBOX LANÇAMENTOS A RECEBER
19-06-2024 06:39:24.240Z;functions.desmark_filter;  CLICK CHECKBOX LANÇAMENTOS BAIXADOS
19-06-2024 06:39:27.086Z;functions.desmark_filter;  CLICK CHECKBOX LANÇAMENTOS CANCELADOS
19-06-2024 06:39:30.086Z;functions.desmark_filter;  CLICK CHECKBOX LANÇAMENTOS FATURADOS
19-06-2024 06:39:33.202Z;functions.desmark_filter;  ATUALIZA O FILTRO
19-06-2024 06:39:33.202Z;functions.filter_clean;  FUNÇÃO LIMPA FILTRO
19-06-2024 06:39:33.414Z;functions.waitForImage;  FILTER CLEAN image found.
19-06-2024 06:39:35.528Z;functions.filter_clean;  CLICK NO BOTÃO X DO LIMPA FILTRO
19-06-2024 06:39:50.820Z;functions.waitForImage;  FILTER CLEAN image not found.
19-06-2024 06:40:06.147Z;functions.waitForImage;  FILTER CLEAN image not found.
19-06-2024 06:40:09.664Z;functions.tabela_vazia;  Texto extraido 0/0
19-06-2024 06:40:09.664Z;functions.tabela_vazia;  Count 0
19-06-2024 06:40:09.664Z;functions.tabela_vazia;  Type <class 'int'>
19-06-2024 06:40:11.669Z;functions.tabela_vazia;  SEM REMESSA DE FÉRIAS/RESCISÃO
19-06-2024 06:40:13.670Z;main.<module>;  SEM REMESSA DE PENSÃO
19-06-2024 06:40:17.071Z;errorhandler.__handle;  Property: Unknown Property name. [1:203: -ms-interpolation-mode]
19-06-2024 06:40:17.102Z;errorhandler.__handle;  Property: Unknown Property name. [1:353: -webkit-font-smoothing]
19-06-2024 06:40:17.117Z;errorhandler.__handle;  Property: Unknown Property name. [1:483: -ms-text-size-adjust]
19-06-2024 06:40:17.117Z;errorhandler.__handle;  Property: Unknown Property name. [1:518: -webkit-text-size-adjust]
19-06-2024 06:40:17.117Z;errorhandler.__handle;  Property: Unknown Property name. [1:612: mso-table-lspace]
19-06-2024 06:40:17.117Z;errorhandler.__handle;  Property: Unknown Property name. [1:642: mso-table-rspace]
19-06-2024 06:40:17.352Z;errorhandler.__handle;  Property: Unknown Property name. [1:4734: mso-hide]
19-06-2024 06:40:17.461Z;errorhandler.__handle;  Property: Unknown Property name. [1:13: -ms-interpolation-mode]
19-06-2024 06:40:17.461Z;errorhandler.__handle;  Property: Unknown Property name. [1:49: -webkit-font-smoothing]
19-06-2024 06:40:17.477Z;errorhandler.__handle;  Property: Unknown Property name. [1:134: -ms-text-size-adjust]
19-06-2024 06:40:17.477Z;errorhandler.__handle;  Property: Unknown Property name. [1:160: -webkit-text-size-adjust]
19-06-2024 06:40:17.477Z;errorhandler.__handle;  Property: Unknown Property name. [1:26: mso-table-lspace]
19-06-2024 06:40:17.477Z;errorhandler.__handle;  Property: Unknown Property name. [1:45: mso-table-rspace]
19-06-2024 06:40:17.508Z;errorhandler.__handle;  Property: Unknown Property name. [1:92: mso-hide]
19-06-2024 06:40:17.524Z;errorhandler.__handle;  Property: No ":" after name found: align-center [1:1: align-center]
19-06-2024 06:40:17.524Z;errorhandler.__handle;  Property: No property value found: align-center [1:1: align-center]
19-06-2024 06:40:17.524Z;errorhandler.__handle;  CSSStyleDeclaration: Syntax Error in Property: align-center
19-06-2024 06:40:17.524Z;errorhandler.__handle;  Property: Unknown Property name. [1:14: -ms-interpolation-mode]
19-06-2024 06:40:20.958Z;functions.emailFinalizado;  Warning e-mail sent.
19-06-2024 06:40:21.220Z;functions.encerra_prog;  RM ENCERRADO
