17-07-2024 15:31:18.671Z;functions.bot_text_art;      ____     
17-07-2024 15:31:18.671Z;functions.bot_text_art;     [____]    
17-07-2024 15:31:18.671Z;functions.bot_text_art;   |=]()()[=|  
17-07-2024 15:31:18.671Z;functions.bot_text_art;     _\==/__    _____    ____     _        _____    ___   _  __ 
17-07-2024 15:31:18.671Z;functions.bot_text_art;   |__|   |_|  |  _  \  / ___|   | |      |_   _| / ___| | |/ / 
17-07-2024 15:31:18.671Z;functions.bot_text_art;   |_|_/\_|_|  | |  | | | |      | |        | |   | |    | ' /  
17-07-2024 15:31:18.671Z;functions.bot_text_art;   | | __ | |  | |  | | | |      | |        | |   | |    |  <   
17-07-2024 15:31:18.671Z;functions.bot_text_art;   |_|[  ]|_|  | |__| | | |____  | |____   _| |_  | |__  | . \  
17-07-2024 15:31:18.671Z;functions.bot_text_art;   \_|_||_|_/  |_____/   \_____| |______| |_____| \ ___| |_|\_\ 
17-07-2024 15:31:18.671Z;functions.bot_text_art;     |_||_|    
17-07-2024 15:31:18.671Z;functions.bot_text_art;     | ||_|_   
17-07-2024 15:31:18.671Z;functions.bot_text_art;   |___||___|  
17-07-2024 15:31:18.671Z;functions.bot_text_art;               
17-07-2024 15:31:18.687Z;functions.open_RM;  OPEN PROGRAM RM
17-07-2024 15:31:39.717Z;functions.loggin_RM;  ACHOU O PANE PICTURE
17-07-2024 15:31:40.896Z;functions.loggin_RM;  ENCONTRA USE FIELD
17-07-2024 15:31:41.186Z;functions.loggin_RM;  DUPLO CLICK
17-07-2024 15:31:44.702Z;functions.loggin_RM;  ENTRAR USER_NAME
17-07-2024 15:31:46.015Z;functions.loggin_RM;  ENCONTRA PASS FIELD
17-07-2024 15:31:46.280Z;functions.loggin_RM;  CLICK
17-07-2024 15:31:48.407Z;functions.loggin_RM;  ENTRAR PASSWORD
17-07-2024 15:31:49.812Z;functions.loggin_RM;  ENTRAR RM
17-07-2024 15:35:08.811Z;functions.enter_coligada;  AGUARDANDO 1
17-07-2024 15:35:09.998Z;functions.enter_coligada;  CLICK CONTEXTO
17-07-2024 15:35:13.092Z;functions.enter_coligada;  CLICK ALTERAR MODULO DO CONTEXTO
17-07-2024 15:35:17.639Z;functions.enter_coligada;  INSERE O COLIGADA CODE = 1
17-07-2024 15:35:17.745Z;functions.enter_coligada;  APERTA TAB PARA PREENCHER O CAMPO COM A STRING: OCEANICA ENGENHARIA E CONSULTORIA S.A.
17-07-2024 15:35:19.842Z;functions.enter_coligada;  CLICK AVANÇAR NOVAMENTE
17-07-2024 15:35:21.186Z;functions.enter_coligada;  CLICK CONCLUIR
17-07-2024 15:35:41.498Z;functions.waitForImage;  TROCA COLIGADA image not found.
17-07-2024 15:35:59.748Z;functions.enter_coligada;  POP UP COLIGADA DESAPARECER
17-07-2024 15:36:00.717Z;functions.check_movimentacao_bancaria;  CLICK - TOTVS - LINHA RM
17-07-2024 15:36:02.905Z;functions.check_movimentacao_bancaria;  CLICK - BACK OFFICE
17-07-2024 15:36:05.686Z;functions.check_movimentacao_bancaria;  CLICK - GESTAO FINANCEIRA
17-07-2024 15:36:05.686Z;functions.obter_intervalo_data;  VERIFICANDO A HORA ATUAL 15
17-07-2024 15:36:05.714Z;functions.obter_intervalo_data;  Data Inicial PENSAO antes da remoção: None
17-07-2024 15:36:05.714Z;functions.obter_intervalo_data;  Data Final PENSAO antes da remoção: None
17-07-2024 15:36:05.725Z;functions.obter_intervalo_data;  Data Inicial PENSAO após a remoção: None
17-07-2024 15:36:05.725Z;functions.obter_intervalo_data;  Data Final PENSAO após a remoção: None
17-07-2024 15:36:05.726Z;functions.obter_intervalo_data;  hoje -  2024-07-17 15:36:05.725569
17-07-2024 15:36:05.726Z;functions.check_movimentacao_bancaria;  DATA INICIO 24-07-2024
17-07-2024 15:36:05.726Z;functions.check_movimentacao_bancaria;  DATA FIM 30-07-2024
17-07-2024 15:36:05.726Z;functions.movimentacao_bancaria;  AGUARDANDO 1
17-07-2024 15:36:11.467Z;functions.movimentacao_bancaria;  CLICK NA ABA MOVIMENTAÇÃO BANCARIA
17-07-2024 15:36:13.686Z;functions.waitForImage;  IMAGEM BORDERO image found.
17-07-2024 15:36:15.819Z;functions.movimentacao_bancaria;  IMAGEM BORDERO CLICADA.
17-07-2024 15:36:25.934Z;functions.waitForImage;  LICENCAS EXCEDIDAS image not found.
17-07-2024 15:36:28.233Z;functions.waitForImage;  LICENCE SERVER image not found.
17-07-2024 15:36:28.983Z;functions.movimentacao_bancaria;  ENCONTROU O FILTRO DA MOVIMENTAÇÃO BANCÁRIA
17-07-2024 15:36:29.030Z;functions.movimentacao_bancaria;  CLICA NA ABA SUPERIOR DO FILTRO
17-07-2024 15:36:33.242Z;functions.movimentacao_bancaria;  SELECIONA O FILTRO HOJE
17-07-2024 15:36:33.242Z;functions.filter_clean;  FUNÇÃO LIMPA FILTRO
17-07-2024 15:36:38.217Z;functions.waitForImage;  FILTER CLEAN image found.
17-07-2024 15:36:40.351Z;functions.filter_clean;  CLICK NO BOTÃO X DO LIMPA FILTRO
17-07-2024 15:36:40.530Z;functions.waitForImage;  FILTER CLEAN image found.
17-07-2024 15:36:42.663Z;functions.filter_clean;  CLICK NO BOTÃO X DO LIMPA FILTRO
17-07-2024 15:36:58.030Z;functions.waitForImage;  FILTER CLEAN image not found.
17-07-2024 15:36:59.717Z;functions.movimentacao_bancaria;  CLICK NA PRIMEIRA LINHA DA TABELA MOVIMENTAÇÃO BANCÁRIA
17-07-2024 15:37:00.953Z;functions.movimentacao_bancaria;  12 PASSOS PARA DIREITA NA TABELA >>
17-07-2024 15:37:03.233Z;functions.movimentacao_bancaria;  HOVER FILTER
17-07-2024 15:37:03.826Z;functions.movimentacao_bancaria;  CLICK FILTER
17-07-2024 15:37:08.150Z;functions.movimentacao_bancaria;  CLICK NO FILTRO  STATUS DA REMESSA
17-07-2024 15:37:10.253Z;functions.movimentacao_bancaria;  APERTA TAB PARA ESCREVER O FILTRO
17-07-2024 15:37:12.367Z;functions.movimentacao_bancaria;  ESCREVE PENDENTE NO FILTRO
17-07-2024 15:37:14.470Z;functions.movimentacao_bancaria;  APERTA ENTER PARA SELECIONAR OS PENDENTES
17-07-2024 15:37:34.077Z;functions.movimentacao_bancaria;  SEM REGISTROS DE PROCESSO DE BORDERO PENDENTE
17-07-2024 15:37:34.077Z;functions.filter_clean;  FUNÇÃO LIMPA FILTRO
17-07-2024 15:37:34.248Z;functions.waitForImage;  FILTER CLEAN image found.
17-07-2024 15:37:36.384Z;functions.filter_clean;  CLICK NO BOTÃO X DO LIMPA FILTRO
17-07-2024 15:37:51.717Z;functions.waitForImage;  FILTER CLEAN image not found.
17-07-2024 15:38:07.030Z;functions.waitForImage;  FILTER CLEAN image not found.
17-07-2024 15:38:08.874Z;functions.remessa_pagamento;  CLICK NA PRIMEIRA LINHA DA TABELA MOVIMENTAÇÃO BANCÁRIA
17-07-2024 15:38:11.108Z;functions.remessa_pagamento;  HOVER FILTER
17-07-2024 15:38:11.687Z;functions.remessa_pagamento;  CLICK FILTER
17-07-2024 15:38:16.020Z;functions.remessa_pagamento;  CLICK NO FILTRO  STATUS DA REMESSA
17-07-2024 15:38:18.123Z;functions.remessa_pagamento;  APERTA TAB PARA ESCREVER O FILTRO
17-07-2024 15:38:20.242Z;functions.remessa_pagamento;  ESCREVE AUTORIZADO NO FILTRO
17-07-2024 15:38:22.345Z;functions.remessa_pagamento;  APERTA ENTER PARA SELECIONAR OS AUTORIZADOS
17-07-2024 15:38:42.983Z;functions.remessa_pagamento;  SEM REMESSA DE BORDERO AUTORIZADO
17-07-2024 15:38:43.967Z;functions.enter_contas_a_pagar;  CLICK - TOTVS - LINHA RM
17-07-2024 15:38:45.907Z;functions.enter_contas_a_pagar;  CLICK - BACK OFFICE
17-07-2024 15:38:48.686Z;functions.enter_contas_a_pagar;  CLICK - GESTAO FINANCEIRA
17-07-2024 15:38:54.655Z;functions.enter_contas_a_pagar;  CLICK - CONTAS A PAGAR
17-07-2024 15:38:54.842Z;functions.waitForImage;  LANÇAMENTOS image found.
17-07-2024 15:38:56.977Z;functions.enter_contas_a_pagar;  CLICA EM LANÇAMENTOS
17-07-2024 15:39:12.608Z;functions.waitForImage;  LICENCAS EXCEDIDAS image not found.
17-07-2024 15:39:12.608Z;functions.data_filter;  CLICK - SELECIONA A DATA DE QUARTA FEIRA E DA PROXIMA TERÇA
17-07-2024 15:39:12.608Z;functions.data_filter;  QUARTA-FEIRA: 24-07-2024
17-07-2024 15:39:12.608Z;functions.data_filter;  TERCA-FEIRA: 30-07-2024
17-07-2024 15:39:29.967Z;functions.data_filter;  CLICK - BUTÃO DE SELECAO DE FILTRO
17-07-2024 15:39:34.733Z;functions.data_filter;  INSERE - DATA DE QUARTA-FEIRA: 24-07-2024
17-07-2024 15:39:39.202Z;functions.data_filter;  INSERE - DATA DA PROX TERCA-FEIRA: 30-07-2024
17-07-2024 15:39:40.561Z;functions.data_filter;  CLICK - BUTÃO DE EXECUTAR O FILTRO
17-07-2024 15:39:45.565Z;functions.desmark_filter;  AGUARDANDO 1
17-07-2024 15:39:47.749Z;functions.desmark_filter;  CLICK CHECKBOX LANÇAMENTOS A RECEBER
17-07-2024 15:39:50.077Z;functions.desmark_filter;  CLICK CHECKBOX LANÇAMENTOS BAIXADOS
17-07-2024 15:39:52.686Z;functions.desmark_filter;  CLICK CHECKBOX LANÇAMENTOS CANCELADOS
17-07-2024 15:39:55.436Z;functions.desmark_filter;  CLICK CHECKBOX LANÇAMENTOS FATURADOS
17-07-2024 15:39:58.339Z;functions.desmark_filter;  ATUALIZA O FILTRO
17-07-2024 15:39:58.339Z;functions.filter_clean;  FUNÇÃO LIMPA FILTRO
17-07-2024 15:39:58.530Z;functions.waitForImage;  FILTER CLEAN image found.
17-07-2024 15:40:00.662Z;functions.filter_clean;  CLICK NO BOTÃO X DO LIMPA FILTRO
17-07-2024 15:40:16.002Z;functions.waitForImage;  FILTER CLEAN image not found.
17-07-2024 15:40:31.311Z;functions.waitForImage;  FILTER CLEAN image not found.
17-07-2024 15:40:34.139Z;functions.tabela_vazia;  Texto extraido 0/0
17-07-2024 15:40:34.139Z;functions.tabela_vazia;  Count 0
17-07-2024 15:40:34.155Z;functions.tabela_vazia;  Type <class 'int'>
17-07-2024 15:40:36.155Z;functions.tabela_vazia;  SEM REMESSA DE FÉRIAS/RESCISÃO
17-07-2024 15:40:38.156Z;main.<module>;  SEM REMESSA DE PENSÃO
17-07-2024 15:40:40.808Z;errorhandler.__handle;  Property: Unknown Property name. [1:203: -ms-interpolation-mode]
17-07-2024 15:40:40.843Z;errorhandler.__handle;  Property: Unknown Property name. [1:353: -webkit-font-smoothing]
17-07-2024 15:40:40.862Z;errorhandler.__handle;  Property: Unknown Property name. [1:483: -ms-text-size-adjust]
17-07-2024 15:40:40.863Z;errorhandler.__handle;  Property: Unknown Property name. [1:518: -webkit-text-size-adjust]
17-07-2024 15:40:40.866Z;errorhandler.__handle;  Property: Unknown Property name. [1:612: mso-table-lspace]
17-07-2024 15:40:40.867Z;errorhandler.__handle;  Property: Unknown Property name. [1:642: mso-table-rspace]
17-07-2024 15:40:41.092Z;errorhandler.__handle;  Property: Unknown Property name. [1:4734: mso-hide]
17-07-2024 15:40:41.202Z;errorhandler.__handle;  Property: Unknown Property name. [1:13: -ms-interpolation-mode]
17-07-2024 15:40:41.202Z;errorhandler.__handle;  Property: Unknown Property name. [1:49: -webkit-font-smoothing]
17-07-2024 15:40:41.202Z;errorhandler.__handle;  Property: Unknown Property name. [1:134: -ms-text-size-adjust]
17-07-2024 15:40:41.217Z;errorhandler.__handle;  Property: Unknown Property name. [1:160: -webkit-text-size-adjust]
17-07-2024 15:40:41.217Z;errorhandler.__handle;  Property: Unknown Property name. [1:26: mso-table-lspace]
17-07-2024 15:40:41.217Z;errorhandler.__handle;  Property: Unknown Property name. [1:45: mso-table-rspace]
17-07-2024 15:40:41.248Z;errorhandler.__handle;  Property: Unknown Property name. [1:92: mso-hide]
17-07-2024 15:40:41.264Z;errorhandler.__handle;  Property: No ":" after name found: align-center [1:1: align-center]
17-07-2024 15:40:41.264Z;errorhandler.__handle;  Property: No property value found: align-center [1:1: align-center]
17-07-2024 15:40:41.264Z;errorhandler.__handle;  CSSStyleDeclaration: Syntax Error in Property: align-center
17-07-2024 15:40:41.264Z;errorhandler.__handle;  Property: Unknown Property name. [1:14: -ms-interpolation-mode]
17-07-2024 15:40:43.686Z;functions.emailFinalizado;  Warning e-mail sent.
17-07-2024 15:40:44.170Z;functions.encerra_prog;  RM ENCERRADO
