27-06-2024 11:49:20.901Z;functions.bot_text_art;      ____     
27-06-2024 11:49:20.901Z;functions.bot_text_art;     [____]    
27-06-2024 11:49:20.901Z;functions.bot_text_art;   |=]()()[=|  
27-06-2024 11:49:20.901Z;functions.bot_text_art;     _\==/__    _____    ____     _        _____    ___   _  __ 
27-06-2024 11:49:20.901Z;functions.bot_text_art;   |__|   |_|  |  _  \  / ___|   | |      |_   _| / ___| | |/ / 
27-06-2024 11:49:20.901Z;functions.bot_text_art;   |_|_/\_|_|  | |  | | | |      | |        | |   | |    | ' /  
27-06-2024 11:49:20.901Z;functions.bot_text_art;   | | __ | |  | |  | | | |      | |        | |   | |    |  <   
27-06-2024 11:49:20.901Z;functions.bot_text_art;   |_|[  ]|_|  | |__| | | |____  | |____   _| |_  | |__  | . \  
27-06-2024 11:49:20.901Z;functions.bot_text_art;   \_|_||_|_/  |_____/   \_____| |______| |_____| \ ___| |_|\_\ 
27-06-2024 11:49:20.901Z;functions.bot_text_art;     |_||_|    
27-06-2024 11:49:20.901Z;functions.bot_text_art;     | ||_|_   
27-06-2024 11:49:20.901Z;functions.bot_text_art;   |___||___|  
27-06-2024 11:49:20.901Z;functions.bot_text_art;               
27-06-2024 11:49:20.917Z;functions.open_RM;  OPEN PROGRAM RM
27-06-2024 11:49:29.339Z;functions.loggin_RM;  ACHOU O PANE PICTURE
27-06-2024 11:49:30.433Z;functions.loggin_RM;  ENCONTRA USE FIELD
27-06-2024 11:49:30.714Z;functions.loggin_RM;  DUPLO CLICK
27-06-2024 11:49:34.136Z;functions.loggin_RM;  ENTRAR USER_NAME
27-06-2024 11:49:35.354Z;functions.loggin_RM;  ENCONTRA PASS FIELD
27-06-2024 11:49:35.588Z;functions.loggin_RM;  CLICK
27-06-2024 11:49:37.714Z;functions.loggin_RM;  ENTRAR PASSWORD
27-06-2024 11:49:39.120Z;functions.loggin_RM;  ENTRAR RM
27-06-2024 11:50:41.323Z;functions.loggin_RM;  FILTRO NÃO ENCONTRADO DE INICIO
27-06-2024 11:51:42.073Z;functions.loggin_RM;  FILTRO NÃO ENCONTRADO DE INICIO
27-06-2024 11:52:42.870Z;functions.loggin_RM;  FILTRO NÃO ENCONTRADO DE INICIO
27-06-2024 11:52:42.870Z;functions.enter_coligada;  AGUARDANDO 1
27-06-2024 11:52:44.151Z;functions.enter_coligada;  CLICK CONTEXTO
27-06-2024 11:53:00.854Z;functions.show_exception_and_exit;  'NoneType' object has no attribute 'click'
Traceback (most recent call last):
  File "C:\Projetos_Remessas\Remessa_Pensao\main.py", line 14, in <module>
    enter_coligada()
  File "C:\Projetos_Remessas\Remessa_Pensao\SUBPROGRAMS\functions.py", line 148, in enter_coligada
    click_alterar_contexto.click()
    ^^^^^^^^^^^^^^^^^^^^^^^^^^^^
AttributeError: 'NoneType' object has no attribute 'click'
27-06-2024 11:53:01.479Z;functions.show_exception_and_exit;  RM FECHADO
27-06-2024 11:53:04.245Z;errorhandler.__handle;  Property: Unknown Property name. [1:203: -ms-interpolation-mode]
27-06-2024 11:53:04.276Z;errorhandler.__handle;  Property: Unknown Property name. [1:353: -webkit-font-smoothing]
27-06-2024 11:53:04.292Z;errorhandler.__handle;  Property: Unknown Property name. [1:483: -ms-text-size-adjust]
27-06-2024 11:53:04.292Z;errorhandler.__handle;  Property: Unknown Property name. [1:518: -webkit-text-size-adjust]
27-06-2024 11:53:04.292Z;errorhandler.__handle;  Property: Unknown Property name. [1:612: mso-table-lspace]
27-06-2024 11:53:04.292Z;errorhandler.__handle;  Property: Unknown Property name. [1:642: mso-table-rspace]
27-06-2024 11:53:04.526Z;errorhandler.__handle;  Property: Unknown Property name. [1:4734: mso-hide]
27-06-2024 11:53:04.635Z;errorhandler.__handle;  Property: Unknown Property name. [1:13: -ms-interpolation-mode]
27-06-2024 11:53:04.635Z;errorhandler.__handle;  Property: Unknown Property name. [1:49: -webkit-font-smoothing]
27-06-2024 11:53:04.635Z;errorhandler.__handle;  Property: Unknown Property name. [1:134: -ms-text-size-adjust]
27-06-2024 11:53:04.635Z;errorhandler.__handle;  Property: Unknown Property name. [1:160: -webkit-text-size-adjust]
27-06-2024 11:53:04.635Z;errorhandler.__handle;  Property: Unknown Property name. [1:26: mso-table-lspace]
27-06-2024 11:53:04.635Z;errorhandler.__handle;  Property: Unknown Property name. [1:45: mso-table-rspace]
27-06-2024 11:53:04.667Z;errorhandler.__handle;  Property: Unknown Property name. [1:92: mso-hide]
27-06-2024 11:53:04.682Z;errorhandler.__handle;  Property: No ":" after name found: align-center [1:1: align-center]
27-06-2024 11:53:04.682Z;errorhandler.__handle;  Property: No property value found: align-center [1:1: align-center]
27-06-2024 11:53:04.682Z;errorhandler.__handle;  CSSStyleDeclaration: Syntax Error in Property: align-center
27-06-2024 11:53:04.682Z;errorhandler.__handle;  Property: Unknown Property name. [1:14: -ms-interpolation-mode]
27-06-2024 11:53:07.776Z;functions.show_exception_and_exit;  EMAIL EXCEÇÃO ENVIADO
27-06-2024 11:53:07.776Z;functions.show_exception_and_exit;  ERRO - <class 'AttributeError'> / 'NoneType' object has no attribute 'click'
