27-06-2024 12:07:46.730Z;functions.bot_text_art;      ____     
27-06-2024 12:07:46.730Z;functions.bot_text_art;     [____]    
27-06-2024 12:07:46.731Z;functions.bot_text_art;   |=]()()[=|  
27-06-2024 12:07:46.732Z;functions.bot_text_art;     _\==/__    _____    ____     _        _____    ___   _  __ 
27-06-2024 12:07:46.733Z;functions.bot_text_art;   |__|   |_|  |  _  \  / ___|   | |      |_   _| / ___| | |/ / 
27-06-2024 12:07:46.734Z;functions.bot_text_art;   |_|_/\_|_|  | |  | | | |      | |        | |   | |    | ' /  
27-06-2024 12:07:46.735Z;functions.bot_text_art;   | | __ | |  | |  | | | |      | |        | |   | |    |  <   
27-06-2024 12:07:46.736Z;functions.bot_text_art;   |_|[  ]|_|  | |__| | | |____  | |____   _| |_  | |__  | . \  
27-06-2024 12:07:46.739Z;functions.bot_text_art;   \_|_||_|_/  |_____/   \_____| |______| |_____| \ ___| |_|\_\ 
27-06-2024 12:07:46.740Z;functions.bot_text_art;     |_||_|    
27-06-2024 12:07:46.744Z;functions.bot_text_art;     | ||_|_   
27-06-2024 12:07:46.746Z;functions.bot_text_art;   |___||___|  
27-06-2024 12:07:46.747Z;functions.bot_text_art;               
27-06-2024 12:07:46.763Z;functions.open_RM;  OPEN PROGRAM RM
27-06-2024 12:07:57.698Z;functions.loggin_RM;  ACHOU O PANE PICTURE
27-06-2024 12:07:58.978Z;functions.loggin_RM;  ENCONTRA USE FIELD
27-06-2024 12:07:59.311Z;functions.loggin_RM;  DUPLO CLICK
27-06-2024 12:08:02.916Z;functions.loggin_RM;  ENTRAR USER_NAME
27-06-2024 12:08:04.306Z;functions.loggin_RM;  ENCONTRA PASS FIELD
27-06-2024 12:08:04.681Z;functions.loggin_RM;  CLICK
27-06-2024 12:08:06.792Z;functions.loggin_RM;  ENTRAR PASSWORD
27-06-2024 12:08:08.395Z;functions.loggin_RM;  ENTRAR RM
27-06-2024 12:09:09.025Z;functions.loggin_RM;  FILTRO NÃO ENCONTRADO DE INICIO
27-06-2024 12:10:11.236Z;functions.loggin_RM;  FILTRO NÃO ENCONTRADO DE INICIO
