27-06-2024 14:30:45.592Z;functions.bot_text_art;      ____     
27-06-2024 14:30:45.592Z;functions.bot_text_art;     [____]    
27-06-2024 14:30:45.592Z;functions.bot_text_art;   |=]()()[=|  
27-06-2024 14:30:45.592Z;functions.bot_text_art;     _\==/__    _____    ____     _        _____    ___   _  __ 
27-06-2024 14:30:45.592Z;functions.bot_text_art;   |__|   |_|  |  _  \  / ___|   | |      |_   _| / ___| | |/ / 
27-06-2024 14:30:45.592Z;functions.bot_text_art;   |_|_/\_|_|  | |  | | | |      | |        | |   | |    | ' /  
27-06-2024 14:30:45.592Z;functions.bot_text_art;   | | __ | |  | |  | | | |      | |        | |   | |    |  <   
27-06-2024 14:30:45.592Z;functions.bot_text_art;   |_|[  ]|_|  | |__| | | |____  | |____   _| |_  | |__  | . \  
27-06-2024 14:30:45.592Z;functions.bot_text_art;   \_|_||_|_/  |_____/   \_____| |______| |_____| \ ___| |_|\_\ 
27-06-2024 14:30:45.592Z;functions.bot_text_art;     |_||_|    
27-06-2024 14:30:45.592Z;functions.bot_text_art;     | ||_|_   
27-06-2024 14:30:45.592Z;functions.bot_text_art;   |___||___|  
27-06-2024 14:30:45.592Z;functions.bot_text_art;               
27-06-2024 14:30:45.607Z;functions.open_RM;  OPEN PROGRAM RM
27-06-2024 14:31:01.498Z;functions.loggin_RM;  ACHOU O PANE PICTURE
27-06-2024 14:31:02.685Z;functions.loggin_RM;  ENCONTRA USE FIELD
27-06-2024 14:31:02.982Z;functions.loggin_RM;  DUPLO CLICK
27-06-2024 14:31:06.623Z;functions.loggin_RM;  ENTRAR USER_NAME
27-06-2024 14:31:07.951Z;functions.loggin_RM;  ENCONTRA PASS FIELD
27-06-2024 14:31:08.232Z;functions.loggin_RM;  CLICK
27-06-2024 14:31:10.359Z;functions.loggin_RM;  ENTRAR PASSWORD
27-06-2024 14:31:11.920Z;functions.loggin_RM;  ENTRAR RM
27-06-2024 14:31:49.154Z;functions.loggin_RM;  FILTRO 1 NÃO ENCONTRADO DE INICIO
27-06-2024 14:32:22.716Z;functions.loggin_RM;  FILTRO 2 NÃO ENCONTRADO DE INICIO
27-06-2024 14:32:53.294Z;functions.loggin_RM;  FILTRO 1 NÃO ENCONTRADO DE INICIO
27-06-2024 14:33:28.107Z;functions.loggin_RM;  FILTRO 2 NÃO ENCONTRADO DE INICIO
27-06-2024 14:33:58.674Z;functions.loggin_RM;  FILTRO 1 NÃO ENCONTRADO DE INICIO
27-06-2024 14:34:33.466Z;functions.loggin_RM;  FILTRO 2 NÃO ENCONTRADO DE INICIO
27-06-2024 14:34:33.466Z;functions.enter_coligada;  AGUARDANDO 1
27-06-2024 14:34:34.669Z;functions.enter_coligada;  CLICK CONTEXTO
27-06-2024 14:34:37.356Z;functions.enter_coligada;  CLICK ALTERAR MODULO DO CONTEXTO
27-06-2024 14:34:41.414Z;functions.enter_coligada;  INSERE O COLIGADA CODE = 1
27-06-2024 14:34:41.520Z;functions.enter_coligada;  APERTA TAB PARA PREENCHER O CAMPO COM A STRING: OCEANICA ENGENHARIA E CONSULTORIA S.A.
27-06-2024 14:34:43.731Z;functions.enter_coligada;  CLICK AVANÇAR NOVAMENTE
27-06-2024 14:34:45.107Z;functions.enter_coligada;  CLICK CONCLUIR
27-06-2024 14:35:05.466Z;functions.waitForImage;  TROCA COLIGADA image not found.
27-06-2024 14:35:24.996Z;functions.enter_coligada;  POP UP COLIGADA DESAPARECER
27-06-2024 14:35:25.981Z;functions.check_movimentacao_bancaria;  CLICK - TOTVS - LINHA RM
27-06-2024 14:35:27.981Z;functions.check_movimentacao_bancaria;  CLICK - BACK OFFICE
27-06-2024 14:35:30.700Z;functions.check_movimentacao_bancaria;  CLICK - GESTAO FINANCEIRA
27-06-2024 14:35:30.700Z;functions.obter_intervalo_data;  VERIFICANDO A HORA ATUAL 14
27-06-2024 14:35:30.726Z;functions.obter_intervalo_data;  Data Inicial PENSAO antes da remoção: None
27-06-2024 14:35:30.726Z;functions.obter_intervalo_data;  Data Final PENSAO antes da remoção: None
27-06-2024 14:35:30.731Z;functions.obter_intervalo_data;  Data Inicial PENSAO após a remoção: None
27-06-2024 14:35:30.731Z;functions.obter_intervalo_data;  Data Final PENSAO após a remoção: None
27-06-2024 14:35:30.731Z;functions.obter_intervalo_data;  hoje -  2024-06-27 14:35:30.731621
27-06-2024 14:35:30.731Z;functions.check_movimentacao_bancaria;  DATA INICIO 03-07-2024
27-06-2024 14:35:30.731Z;functions.check_movimentacao_bancaria;  DATA FIM 09-07-2024
27-06-2024 14:35:30.731Z;functions.movimentacao_bancaria;  AGUARDANDO 1
27-06-2024 14:35:36.794Z;functions.movimentacao_bancaria;  CLICK NA ABA MOVIMENTAÇÃO BANCARIA
27-06-2024 14:35:39.028Z;functions.waitForImage;  IMAGEM BORDERO image found.
27-06-2024 14:35:41.147Z;functions.movimentacao_bancaria;  IMAGEM BORDERO CLICADA.
27-06-2024 14:35:51.356Z;functions.waitForImage;  LICENCAS EXCEDIDAS image not found.
27-06-2024 14:35:53.731Z;functions.waitForImage;  LICENCE SERVER image not found.
27-06-2024 14:35:54.434Z;functions.movimentacao_bancaria;  ENCONTROU O FILTRO DA MOVIMENTAÇÃO BANCÁRIA
27-06-2024 14:35:54.481Z;functions.movimentacao_bancaria;  CLICA NA ABA SUPERIOR DO FILTRO
27-06-2024 14:35:58.691Z;functions.movimentacao_bancaria;  SELECIONA O FILTRO HOJE
27-06-2024 14:35:58.691Z;functions.filter_clean;  FUNÇÃO LIMPA FILTRO
27-06-2024 14:36:03.809Z;functions.waitForImage;  FILTER CLEAN image found.
27-06-2024 14:36:05.926Z;functions.filter_clean;  CLICK NO BOTÃO X DO LIMPA FILTRO
27-06-2024 14:36:06.140Z;functions.waitForImage;  FILTER CLEAN image found.
27-06-2024 14:36:08.270Z;functions.filter_clean;  CLICK NO BOTÃO X DO LIMPA FILTRO
27-06-2024 14:36:23.574Z;functions.waitForImage;  FILTER CLEAN image not found.
27-06-2024 14:36:25.262Z;functions.movimentacao_bancaria;  CLICK NA PRIMEIRA LINHA DA TABELA MOVIMENTAÇÃO BANCÁRIA
27-06-2024 14:36:26.486Z;functions.movimentacao_bancaria;  12 PASSOS PARA DIREITA NA TABELA >>
27-06-2024 14:36:28.809Z;functions.movimentacao_bancaria;  HOVER FILTER
27-06-2024 14:36:29.405Z;functions.movimentacao_bancaria;  CLICK FILTER
27-06-2024 14:36:33.730Z;functions.movimentacao_bancaria;  CLICK NO FILTRO  STATUS DA REMESSA
27-06-2024 14:36:35.834Z;functions.movimentacao_bancaria;  APERTA TAB PARA ESCREVER O FILTRO
27-06-2024 14:36:37.949Z;functions.movimentacao_bancaria;  ESCREVE PENDENTE NO FILTRO
27-06-2024 14:36:40.052Z;functions.movimentacao_bancaria;  APERTA ENTER PARA SELECIONAR OS PENDENTES
27-06-2024 14:36:59.716Z;functions.movimentacao_bancaria;  SEM REGISTROS DE PROCESSO DE BORDERO PENDENTE
27-06-2024 14:36:59.716Z;functions.filter_clean;  FUNÇÃO LIMPA FILTRO
27-06-2024 14:36:59.918Z;functions.waitForImage;  FILTER CLEAN image found.
27-06-2024 14:37:02.051Z;functions.filter_clean;  CLICK NO BOTÃO X DO LIMPA FILTRO
27-06-2024 14:37:17.355Z;functions.waitForImage;  FILTER CLEAN image not found.
27-06-2024 14:37:32.652Z;functions.waitForImage;  FILTER CLEAN image not found.
27-06-2024 14:37:34.512Z;functions.remessa_pagamento;  CLICK NA PRIMEIRA LINHA DA TABELA MOVIMENTAÇÃO BANCÁRIA
27-06-2024 14:37:36.715Z;functions.remessa_pagamento;  HOVER FILTER
27-06-2024 14:37:37.312Z;functions.remessa_pagamento;  CLICK FILTER
27-06-2024 14:37:41.644Z;functions.remessa_pagamento;  CLICK NO FILTRO  STATUS DA REMESSA
27-06-2024 14:37:43.746Z;functions.remessa_pagamento;  APERTA TAB PARA ESCREVER O FILTRO
27-06-2024 14:37:45.864Z;functions.remessa_pagamento;  ESCREVE AUTORIZADO NO FILTRO
27-06-2024 14:37:47.967Z;functions.remessa_pagamento;  APERTA ENTER PARA SELECIONAR OS AUTORIZADOS
27-06-2024 14:38:08.605Z;functions.remessa_pagamento;  SEM REMESSA DE BORDERO AUTORIZADO
27-06-2024 14:38:09.667Z;functions.enter_contas_a_pagar;  CLICK - TOTVS - LINHA RM
27-06-2024 14:38:11.107Z;functions.enter_contas_a_pagar;  CLICK - BACK OFFICE
27-06-2024 14:38:12.043Z;functions.enter_contas_a_pagar;  CLICK - GESTAO FINANCEIRA
27-06-2024 14:38:18.386Z;functions.enter_contas_a_pagar;  CLICK - CONTAS A PAGAR
27-06-2024 14:38:19.308Z;functions.waitForImage;  LANÇAMENTOS image found.
27-06-2024 14:38:21.427Z;functions.enter_contas_a_pagar;  CLICA EM LANÇAMENTOS
27-06-2024 14:38:36.668Z;functions.waitForImage;  LICENCAS EXCEDIDAS image not found.
27-06-2024 14:38:36.668Z;functions.data_filter;  CLICK - SELECIONA A DATA DE QUARTA FEIRA E DA PROXIMA TERÇA
27-06-2024 14:38:36.668Z;functions.data_filter;  QUARTA-FEIRA: 03-07-2024
27-06-2024 14:38:36.668Z;functions.data_filter;  TERCA-FEIRA: 09-07-2024
27-06-2024 14:38:48.980Z;functions.data_filter;  CLICK - BUTÃO DE SELECAO DE FILTRO
27-06-2024 14:38:53.777Z;functions.data_filter;  INSERE - DATA DE QUARTA-FEIRA: 03-07-2024
27-06-2024 14:38:58.152Z;functions.data_filter;  INSERE - DATA DA PROX TERCA-FEIRA: 09-07-2024
27-06-2024 14:38:59.292Z;functions.data_filter;  CLICK - BUTÃO DE EXECUTAR O FILTRO
27-06-2024 14:39:04.297Z;functions.desmark_filter;  AGUARDANDO 1
27-06-2024 14:39:06.761Z;functions.desmark_filter;  CLICK CHECKBOX LANÇAMENTOS A RECEBER
27-06-2024 14:39:09.511Z;functions.desmark_filter;  CLICK CHECKBOX LANÇAMENTOS BAIXADOS
27-06-2024 14:39:12.417Z;functions.desmark_filter;  CLICK CHECKBOX LANÇAMENTOS CANCELADOS
27-06-2024 14:39:15.438Z;functions.desmark_filter;  CLICK CHECKBOX LANÇAMENTOS FATURADOS
27-06-2024 14:39:18.449Z;functions.desmark_filter;  ATUALIZA O FILTRO
27-06-2024 14:39:18.449Z;functions.filter_clean;  FUNÇÃO LIMPA FILTRO
27-06-2024 14:39:33.746Z;functions.waitForImage;  FILTER CLEAN image not found.
27-06-2024 14:39:49.027Z;functions.waitForImage;  FILTER CLEAN image not found.
27-06-2024 14:40:04.183Z;functions.waitForImage;  FILTER CLEAN image not found.
27-06-2024 14:40:07.589Z;functions.tabela_vazia;  Texto extraido 0/0
27-06-2024 14:40:07.589Z;functions.tabela_vazia;  Count 0
27-06-2024 14:40:07.589Z;functions.tabela_vazia;  Type <class 'int'>
27-06-2024 14:40:09.595Z;functions.tabela_vazia;  SEM REMESSA DE FÉRIAS/RESCISÃO
27-06-2024 14:40:11.596Z;main.<module>;  SEM REMESSA DE PENSÃO
27-06-2024 14:40:14.553Z;errorhandler.__handle;  Property: Unknown Property name. [1:203: -ms-interpolation-mode]
27-06-2024 14:40:14.584Z;errorhandler.__handle;  Property: Unknown Property name. [1:353: -webkit-font-smoothing]
27-06-2024 14:40:14.600Z;errorhandler.__handle;  Property: Unknown Property name. [1:483: -ms-text-size-adjust]
27-06-2024 14:40:14.600Z;errorhandler.__handle;  Property: Unknown Property name. [1:518: -webkit-text-size-adjust]
27-06-2024 14:40:14.600Z;errorhandler.__handle;  Property: Unknown Property name. [1:612: mso-table-lspace]
27-06-2024 14:40:14.600Z;errorhandler.__handle;  Property: Unknown Property name. [1:642: mso-table-rspace]
27-06-2024 14:40:14.850Z;errorhandler.__handle;  Property: Unknown Property name. [1:4734: mso-hide]
27-06-2024 14:40:14.943Z;errorhandler.__handle;  Property: Unknown Property name. [1:13: -ms-interpolation-mode]
27-06-2024 14:40:14.943Z;errorhandler.__handle;  Property: Unknown Property name. [1:49: -webkit-font-smoothing]
27-06-2024 14:40:14.943Z;errorhandler.__handle;  Property: Unknown Property name. [1:134: -ms-text-size-adjust]
27-06-2024 14:40:14.943Z;errorhandler.__handle;  Property: Unknown Property name. [1:160: -webkit-text-size-adjust]
27-06-2024 14:40:14.959Z;errorhandler.__handle;  Property: Unknown Property name. [1:26: mso-table-lspace]
27-06-2024 14:40:14.959Z;errorhandler.__handle;  Property: Unknown Property name. [1:45: mso-table-rspace]
27-06-2024 14:40:14.990Z;errorhandler.__handle;  Property: Unknown Property name. [1:92: mso-hide]
27-06-2024 14:40:15.006Z;errorhandler.__handle;  Property: No ":" after name found: align-center [1:1: align-center]
27-06-2024 14:40:15.006Z;errorhandler.__handle;  Property: No property value found: align-center [1:1: align-center]
27-06-2024 14:40:15.006Z;errorhandler.__handle;  CSSStyleDeclaration: Syntax Error in Property: align-center
27-06-2024 14:40:15.006Z;errorhandler.__handle;  Property: Unknown Property name. [1:14: -ms-interpolation-mode]
27-06-2024 14:40:17.964Z;functions.emailFinalizado;  Warning e-mail sent.
27-06-2024 14:40:18.276Z;functions.encerra_prog;  RM ENCERRADO
