27-06-2024 20:52:43.153Z;functions.bot_text_art;      ____     
27-06-2024 20:52:43.153Z;functions.bot_text_art;     [____]    
27-06-2024 20:52:43.153Z;functions.bot_text_art;   |=]()()[=|  
27-06-2024 20:52:43.153Z;functions.bot_text_art;     _\==/__    _____    ____     _        _____    ___   _  __ 
27-06-2024 20:52:43.153Z;functions.bot_text_art;   |__|   |_|  |  _  \  / ___|   | |      |_   _| / ___| | |/ / 
27-06-2024 20:52:43.153Z;functions.bot_text_art;   |_|_/\_|_|  | |  | | | |      | |        | |   | |    | ' /  
27-06-2024 20:52:43.153Z;functions.bot_text_art;   | | __ | |  | |  | | | |      | |        | |   | |    |  <   
27-06-2024 20:52:43.153Z;functions.bot_text_art;   |_|[  ]|_|  | |__| | | |____  | |____   _| |_  | |__  | . \  
27-06-2024 20:52:43.169Z;functions.bot_text_art;   \_|_||_|_/  |_____/   \_____| |______| |_____| \ ___| |_|\_\ 
27-06-2024 20:52:43.169Z;functions.bot_text_art;     |_||_|    
27-06-2024 20:52:43.169Z;functions.bot_text_art;     | ||_|_   
27-06-2024 20:52:43.169Z;functions.bot_text_art;   |___||___|  
27-06-2024 20:52:43.169Z;functions.bot_text_art;               
27-06-2024 20:52:43.184Z;functions.open_RM;  OPEN PROGRAM RM
27-06-2024 20:52:59.331Z;functions.loggin_RM;  ACHOU O PANE PICTURE
27-06-2024 20:53:00.337Z;functions.loggin_RM;  ENCONTRA USE FIELD
27-06-2024 20:53:00.590Z;functions.loggin_RM;  DUPLO CLICK
27-06-2024 20:53:03.981Z;functions.loggin_RM;  ENTRAR USER_NAME
27-06-2024 20:53:05.190Z;functions.loggin_RM;  ENCONTRA PASS FIELD
27-06-2024 20:53:05.496Z;functions.loggin_RM;  CLICK
27-06-2024 20:53:07.621Z;functions.loggin_RM;  ENTRAR PASSWORD
27-06-2024 20:53:09.016Z;functions.loggin_RM;  ENTRAR RM
27-06-2024 20:53:44.590Z;functions.loggin_RM;  FILTRO 1 NÃO ENCONTRADO DE INICIO
27-06-2024 20:54:16.856Z;functions.loggin_RM;  FILTRO 2 NÃO ENCONTRADO DE INICIO
27-06-2024 20:54:50.184Z;functions.loggin_RM;  FILTRO 1 NÃO ENCONTRADO DE INICIO
27-06-2024 20:55:22.590Z;functions.loggin_RM;  FILTRO 2 NÃO ENCONTRADO DE INICIO
27-06-2024 20:55:55.939Z;functions.loggin_RM;  FILTRO 1 NÃO ENCONTRADO DE INICIO
27-06-2024 20:56:28.168Z;functions.loggin_RM;  FILTRO 2 NÃO ENCONTRADO DE INICIO
27-06-2024 20:56:28.168Z;functions.enter_coligada;  AGUARDANDO 1
27-06-2024 20:56:29.278Z;functions.enter_coligada;  CLICK CONTEXTO
27-06-2024 20:56:32.121Z;functions.enter_coligada;  CLICK ALTERAR MODULO DO CONTEXTO
27-06-2024 20:56:35.824Z;functions.enter_coligada;  INSERE O COLIGADA CODE = 1
27-06-2024 20:56:35.927Z;functions.enter_coligada;  APERTA TAB PARA PREENCHER O CAMPO COM A STRING: OCEANICA ENGENHARIA E CONSULTORIA S.A.
27-06-2024 20:56:37.933Z;functions.enter_coligada;  CLICK AVANÇAR NOVAMENTE
27-06-2024 20:56:39.152Z;functions.enter_coligada;  CLICK CONCLUIR
27-06-2024 20:56:59.261Z;functions.waitForImage;  TROCA COLIGADA image not found.
27-06-2024 20:57:17.521Z;functions.enter_coligada;  POP UP COLIGADA DESAPARECER
27-06-2024 20:57:18.433Z;functions.check_movimentacao_bancaria;  CLICK - TOTVS - LINHA RM
27-06-2024 20:57:20.058Z;functions.check_movimentacao_bancaria;  CLICK - BACK OFFICE
27-06-2024 20:57:23.090Z;functions.check_movimentacao_bancaria;  CLICK - GESTAO FINANCEIRA
27-06-2024 20:57:23.090Z;functions.obter_intervalo_data;  VERIFICANDO A HORA ATUAL 20
27-06-2024 20:57:23.114Z;functions.obter_intervalo_data;  Data Inicial PENSAO antes da remoção: None
27-06-2024 20:57:23.114Z;functions.obter_intervalo_data;  Data Final PENSAO antes da remoção: None
27-06-2024 20:57:23.121Z;functions.obter_intervalo_data;  Data Inicial PENSAO após a remoção: None
27-06-2024 20:57:23.121Z;functions.obter_intervalo_data;  Data Final PENSAO após a remoção: None
27-06-2024 20:57:23.121Z;functions.obter_intervalo_data;  hoje -  2024-06-27 20:57:23.121254
27-06-2024 20:57:23.121Z;functions.check_movimentacao_bancaria;  DATA INICIO 03-07-2024
27-06-2024 20:57:23.121Z;functions.check_movimentacao_bancaria;  DATA FIM 09-07-2024
27-06-2024 20:57:23.121Z;functions.movimentacao_bancaria;  AGUARDANDO 1
27-06-2024 20:57:28.965Z;functions.movimentacao_bancaria;  CLICK NA ABA MOVIMENTAÇÃO BANCARIA
27-06-2024 20:57:31.168Z;functions.waitForImage;  IMAGEM BORDERO image found.
27-06-2024 20:57:33.285Z;functions.movimentacao_bancaria;  IMAGEM BORDERO CLICADA.
27-06-2024 20:57:43.671Z;functions.waitForImage;  LICENCAS EXCEDIDAS image not found.
27-06-2024 20:57:45.902Z;functions.waitForImage;  LICENCE SERVER image not found.
27-06-2024 20:57:46.590Z;functions.movimentacao_bancaria;  ENCONTROU O FILTRO DA MOVIMENTAÇÃO BANCÁRIA
27-06-2024 20:57:46.652Z;functions.movimentacao_bancaria;  CLICA NA ABA SUPERIOR DO FILTRO
27-06-2024 20:57:50.862Z;functions.movimentacao_bancaria;  SELECIONA O FILTRO HOJE
27-06-2024 20:57:50.862Z;functions.filter_clean;  FUNÇÃO LIMPA FILTRO
27-06-2024 20:57:55.746Z;functions.waitForImage;  FILTER CLEAN image found.
27-06-2024 20:57:57.879Z;functions.filter_clean;  CLICK NO BOTÃO X DO LIMPA FILTRO
27-06-2024 20:57:58.043Z;functions.waitForImage;  FILTER CLEAN image found.
27-06-2024 20:58:00.160Z;functions.filter_clean;  CLICK NO BOTÃO X DO LIMPA FILTRO
27-06-2024 20:58:15.465Z;functions.waitForImage;  FILTER CLEAN image not found.
27-06-2024 20:58:17.058Z;functions.movimentacao_bancaria;  CLICK NA PRIMEIRA LINHA DA TABELA MOVIMENTAÇÃO BANCÁRIA
27-06-2024 20:58:18.282Z;functions.movimentacao_bancaria;  12 PASSOS PARA DIREITA NA TABELA >>
27-06-2024 20:58:20.387Z;functions.movimentacao_bancaria;  HOVER FILTER
27-06-2024 20:58:20.898Z;functions.movimentacao_bancaria;  CLICK FILTER
27-06-2024 20:58:25.232Z;functions.movimentacao_bancaria;  CLICK NO FILTRO  STATUS DA REMESSA
27-06-2024 20:58:27.335Z;functions.movimentacao_bancaria;  APERTA TAB PARA ESCREVER O FILTRO
27-06-2024 20:58:29.448Z;functions.movimentacao_bancaria;  ESCREVE PENDENTE NO FILTRO
27-06-2024 20:58:31.551Z;functions.movimentacao_bancaria;  APERTA ENTER PARA SELECIONAR OS PENDENTES
27-06-2024 20:58:53.809Z;functions.movimentacao_bancaria;  SEM REGISTROS DE PROCESSO DE BORDERO PENDENTE
27-06-2024 20:58:53.809Z;functions.filter_clean;  FUNÇÃO LIMPA FILTRO
27-06-2024 20:58:53.996Z;functions.waitForImage;  FILTER CLEAN image found.
27-06-2024 20:58:56.130Z;functions.filter_clean;  CLICK NO BOTÃO X DO LIMPA FILTRO
27-06-2024 20:59:11.434Z;functions.waitForImage;  FILTER CLEAN image not found.
27-06-2024 20:59:26.746Z;functions.waitForImage;  FILTER CLEAN image not found.
27-06-2024 20:59:28.497Z;functions.remessa_pagamento;  CLICK NA PRIMEIRA LINHA DA TABELA MOVIMENTAÇÃO BANCÁRIA
27-06-2024 20:59:30.527Z;functions.remessa_pagamento;  HOVER FILTER
27-06-2024 20:59:31.056Z;functions.remessa_pagamento;  CLICK FILTER
27-06-2024 20:59:35.387Z;functions.remessa_pagamento;  CLICK NO FILTRO  STATUS DA REMESSA
27-06-2024 20:59:37.489Z;functions.remessa_pagamento;  APERTA TAB PARA ESCREVER O FILTRO
27-06-2024 20:59:39.606Z;functions.remessa_pagamento;  ESCREVE AUTORIZADO NO FILTRO
27-06-2024 20:59:41.708Z;functions.remessa_pagamento;  APERTA ENTER PARA SELECIONAR OS AUTORIZADOS
27-06-2024 21:00:04.949Z;functions.remessa_pagamento;  SEM REMESSA DE BORDERO AUTORIZADO
27-06-2024 21:00:05.871Z;functions.enter_contas_a_pagar;  CLICK - TOTVS - LINHA RM
27-06-2024 21:00:07.214Z;functions.enter_contas_a_pagar;  CLICK - BACK OFFICE
27-06-2024 21:00:08.089Z;functions.enter_contas_a_pagar;  CLICK - GESTAO FINANCEIRA
27-06-2024 21:00:14.371Z;functions.enter_contas_a_pagar;  CLICK - CONTAS A PAGAR
27-06-2024 21:00:15.230Z;functions.waitForImage;  LANÇAMENTOS image found.
27-06-2024 21:00:17.347Z;functions.enter_contas_a_pagar;  CLICA EM LANÇAMENTOS
27-06-2024 21:00:32.777Z;functions.waitForImage;  LICENCAS EXCEDIDAS image not found.
27-06-2024 21:00:32.777Z;functions.data_filter;  CLICK - SELECIONA A DATA DE QUARTA FEIRA E DA PROXIMA TERÇA
27-06-2024 21:00:32.777Z;functions.data_filter;  QUARTA-FEIRA: 03-07-2024
27-06-2024 21:00:32.777Z;functions.data_filter;  TERCA-FEIRA: 09-07-2024
27-06-2024 21:00:44.840Z;functions.data_filter;  CLICK - BUTÃO DE SELECAO DE FILTRO
27-06-2024 21:00:49.418Z;functions.data_filter;  INSERE - DATA DE QUARTA-FEIRA: 03-07-2024
27-06-2024 21:00:53.663Z;functions.data_filter;  INSERE - DATA DA PROX TERCA-FEIRA: 09-07-2024
27-06-2024 21:00:54.715Z;functions.data_filter;  CLICK - BUTÃO DE EXECUTAR O FILTRO
27-06-2024 21:00:59.721Z;functions.desmark_filter;  AGUARDANDO 1
27-06-2024 21:01:01.808Z;functions.desmark_filter;  CLICK CHECKBOX LANÇAMENTOS A RECEBER
27-06-2024 21:01:04.078Z;functions.desmark_filter;  CLICK CHECKBOX LANÇAMENTOS BAIXADOS
27-06-2024 21:01:06.465Z;functions.desmark_filter;  CLICK CHECKBOX LANÇAMENTOS CANCELADOS
27-06-2024 21:01:09.147Z;functions.desmark_filter;  CLICK CHECKBOX LANÇAMENTOS FATURADOS
27-06-2024 21:01:11.833Z;functions.desmark_filter;  ATUALIZA O FILTRO
27-06-2024 21:01:11.833Z;functions.filter_clean;  FUNÇÃO LIMPA FILTRO
27-06-2024 21:01:26.886Z;functions.waitForImage;  FILTER CLEAN image not found.
27-06-2024 21:01:42.355Z;functions.waitForImage;  FILTER CLEAN image not found.
27-06-2024 21:01:57.917Z;functions.waitForImage;  FILTER CLEAN image not found.
27-06-2024 21:02:00.730Z;functions.tabela_vazia;  Texto extraido 0/0
27-06-2024 21:02:00.730Z;functions.tabela_vazia;  Count 0
27-06-2024 21:02:00.730Z;functions.tabela_vazia;  Type <class 'int'>
27-06-2024 21:02:02.731Z;functions.tabela_vazia;  SEM REMESSA DE FÉRIAS/RESCISÃO
27-06-2024 21:02:04.732Z;main.<module>;  SEM REMESSA DE PENSÃO
27-06-2024 21:02:07.171Z;errorhandler.__handle;  Property: Unknown Property name. [1:203: -ms-interpolation-mode]
27-06-2024 21:02:07.218Z;errorhandler.__handle;  Property: Unknown Property name. [1:353: -webkit-font-smoothing]
27-06-2024 21:02:07.233Z;errorhandler.__handle;  Property: Unknown Property name. [1:483: -ms-text-size-adjust]
27-06-2024 21:02:07.233Z;errorhandler.__handle;  Property: Unknown Property name. [1:518: -webkit-text-size-adjust]
27-06-2024 21:02:07.233Z;errorhandler.__handle;  Property: Unknown Property name. [1:612: mso-table-lspace]
27-06-2024 21:02:07.233Z;errorhandler.__handle;  Property: Unknown Property name. [1:642: mso-table-rspace]
27-06-2024 21:02:07.468Z;errorhandler.__handle;  Property: Unknown Property name. [1:4734: mso-hide]
27-06-2024 21:02:07.577Z;errorhandler.__handle;  Property: Unknown Property name. [1:13: -ms-interpolation-mode]
27-06-2024 21:02:07.577Z;errorhandler.__handle;  Property: Unknown Property name. [1:49: -webkit-font-smoothing]
27-06-2024 21:02:07.577Z;errorhandler.__handle;  Property: Unknown Property name. [1:134: -ms-text-size-adjust]
27-06-2024 21:02:07.577Z;errorhandler.__handle;  Property: Unknown Property name. [1:160: -webkit-text-size-adjust]
27-06-2024 21:02:07.577Z;errorhandler.__handle;  Property: Unknown Property name. [1:26: mso-table-lspace]
27-06-2024 21:02:07.577Z;errorhandler.__handle;  Property: Unknown Property name. [1:45: mso-table-rspace]
27-06-2024 21:02:07.624Z;errorhandler.__handle;  Property: Unknown Property name. [1:92: mso-hide]
27-06-2024 21:02:07.640Z;errorhandler.__handle;  Property: No ":" after name found: align-center [1:1: align-center]
27-06-2024 21:02:07.640Z;errorhandler.__handle;  Property: No property value found: align-center [1:1: align-center]
27-06-2024 21:02:07.640Z;errorhandler.__handle;  CSSStyleDeclaration: Syntax Error in Property: align-center
27-06-2024 21:02:07.640Z;errorhandler.__handle;  Property: Unknown Property name. [1:14: -ms-interpolation-mode]
27-06-2024 21:02:10.462Z;functions.emailFinalizado;  Warning e-mail sent.
27-06-2024 21:02:10.840Z;functions.encerra_prog;  RM ENCERRADO
