30-11-2023 20:03:41.147Z;functions.bot_text_art;      ____     
30-11-2023 20:03:41.148Z;functions.bot_text_art;     [____]    
30-11-2023 20:03:41.149Z;functions.bot_text_art;   |=]()()[=|  
30-11-2023 20:03:41.150Z;functions.bot_text_art;     _\==/__    _____    ____     _        _____    ___   _  __ 
30-11-2023 20:03:41.150Z;functions.bot_text_art;   |__|   |_|  |  _  \  / ___|   | |      |_   _| / ___| | |/ / 
30-11-2023 20:03:41.151Z;functions.bot_text_art;   |_|_/\_|_|  | |  | | | |      | |        | |   | |    | ' /  
30-11-2023 20:03:41.152Z;functions.bot_text_art;   | | __ | |  | |  | | | |      | |        | |   | |    |  <   
30-11-2023 20:03:41.152Z;functions.bot_text_art;   |_|[  ]|_|  | |__| | | |____  | |____   _| |_  | |__  | . \  
30-11-2023 20:03:41.154Z;functions.bot_text_art;   \_|_||_|_/  |_____/   \_____| |______| |_____| \ ___| |_|\_\ 
30-11-2023 20:03:41.155Z;functions.bot_text_art;     |_||_|    
30-11-2023 20:03:41.155Z;functions.bot_text_art;     | ||_|_   
30-11-2023 20:03:41.156Z;functions.bot_text_art;   |___||___|  
30-11-2023 20:03:41.156Z;functions.bot_text_art;               
30-11-2023 20:03:41.169Z;functions.open_RM;  OPEN PROGRAM RM
30-11-2023 20:03:54.547Z;functions.loggin_RM;  ENTRAR USER_NAME
30-11-2023 20:03:55.771Z;functions.loggin_RM;  ENTRAR PASSWORD
30-11-2023 20:03:56.825Z;functions.loggin_RM;  ENTRAR RM
30-11-2023 20:04:33.320Z;functions.enter_coligada;  CLICK CONTEXTO
30-11-2023 20:04:38.361Z;functions.enter_coligada;  CLICK COLIGADA 1
30-11-2023 20:04:40.149Z;functions.enter_coligada;  CLICK AVANÇAR
30-11-2023 20:04:42.363Z;functions.enter_coligada;  INSERE O COLIGADA CODE = 1
30-11-2023 20:04:42.478Z;functions.enter_coligada;  APERTA TAB PARA PREENCHER O CAMPO COM A STRING: OCEANICA ENGENHARIA E CONSULTORIA S.A.
30-11-2023 20:04:43.680Z;functions.enter_coligada;  CLICK AVANÇAR NOVAMENTE
30-11-2023 20:04:44.784Z;functions.enter_coligada;  CLICK CONCLUIR
30-11-2023 20:05:05.380Z;functions.enter_coligada;  POP UP COLIGADA DESAPARECER
30-11-2023 20:05:06.150Z;functions.enter_contas_a_pagar;  CLICK - TOTVS - LINHA RM
30-11-2023 20:05:07.786Z;functions.enter_contas_a_pagar;  CLICK - BACK OFFICE
30-11-2023 20:05:10.468Z;functions.enter_contas_a_pagar;  CLICK - GESTAO FINANCEIRA
30-11-2023 20:05:16.393Z;functions.enter_contas_a_pagar;  CLICK - CONTAS A PAGAR
30-11-2023 20:05:17.253Z;functions.waitForImage;  LANÇAMENTOS image found.
30-11-2023 20:05:19.360Z;functions.enter_contas_a_pagar;  CLICK EM LANÇAMENTOS
30-11-2023 20:05:21.370Z;functions.data_filter;  DATA INICIO 29-11-2023
30-11-2023 20:05:21.401Z;functions.data_filter;  DATA FIM 05-12-2023
30-11-2023 20:05:21.424Z;functions.data_filter;  CLICK - SELECIONA A DATA DE QUARTA FEIRA E DA PROXIMA TERÇA
30-11-2023 20:05:21.438Z;functions.data_filter;  QUARTA-FEIRA: 29-11-2023
30-11-2023 20:05:21.440Z;functions.data_filter;  TERCA-FEIRA: 05-12-2023
30-11-2023 20:05:30.700Z;functions.data_filter;  ESCREVE REMESSA BANCÁRIA NO FILTRO
30-11-2023 20:05:31.802Z;functions.data_filter;  CLICK - BUTÃO DE SELECAO DE FILTRO
30-11-2023 20:05:34.259Z;functions.data_filter;  INSERE - DATA DE QUARTA-FEIRA: 29-11-2023
30-11-2023 20:05:36.171Z;functions.data_filter;  INSERE - DATA DA PROX TERCA-FEIRA: 05-12-2023
30-11-2023 20:05:37.001Z;functions.data_filter;  CLICK - BUTÃO DE EXECUTAR O FILTRO
30-11-2023 20:05:43.458Z;functions.desmark_filter;  CLICK CHECKBOX LANÇAMENTOS A RECEBER
30-11-2023 20:05:45.048Z;functions.desmark_filter;  CLICK CHECKBOX LANÇAMENTOS BAIXADOS
30-11-2023 20:05:46.740Z;functions.desmark_filter;  CLICK CHECKBOX LANÇAMENTOS CANCELADOS
30-11-2023 20:05:48.613Z;functions.desmark_filter;  CLICK CHECKBOX LANÇAMENTOS FATURADOS
30-11-2023 20:05:50.505Z;functions.desmark_filter;  ATUALIZA O FILTRO
30-11-2023 20:05:50.507Z;functions.filter_clean;  FUNÇÃO LIMPA FILTRO, 120 segundos
30-11-2023 20:07:50.937Z;functions.waitForImage;  FILTER CLEAN image not found.
30-11-2023 20:07:50.938Z;functions.tabela_vazia;  VERIFICANDO SE A TABELA ESTÁ VAZIA
30-11-2023 20:08:03.826Z;functions.tabela_vazia;  Para este processo é necessário que existam registros na visão.
30-11-2023 20:08:07.932Z;functions.tabela_vazia;  SEM REMESSA DE PENSÃO
30-11-2023 20:08:09.935Z;main.<module>;  SEM REMESSA DE PENSÃO
30-11-2023 20:08:12.788Z;errorhandler.__handle;  CSSStyleDeclaration: Unexpected token, ignoring upto '{        border: none;'. [1:174: {]
30-11-2023 20:08:12.789Z;errorhandler.__handle;  Property: Unknown Property name. [1:204: -ms-interpolation-mode]
30-11-2023 20:08:12.795Z;errorhandler.__handle;  CSSStyleDeclaration: Unexpected token, ignoring upto '}'. [1:267: }]
30-11-2023 20:08:12.798Z;errorhandler.__handle;  CSSStyleDeclaration: Unexpected token, ignoring upto '{        background-color: #f6f6f6;'. [1:281: {]
30-11-2023 20:08:12.812Z;errorhandler.__handle;  Property: Unknown Property name. [1:356: -webkit-font-smoothing]
30-11-2023 20:08:12.826Z;errorhandler.__handle;  Property: Unknown Property name. [1:486: -ms-text-size-adjust]
30-11-2023 20:08:12.828Z;errorhandler.__handle;  Property: Unknown Property name. [1:521: -webkit-text-size-adjust]
30-11-2023 20:08:12.831Z;errorhandler.__handle;  CSSStyleDeclaration: Unexpected token, ignoring upto '}'. [1:559: }]
30-11-2023 20:08:12.834Z;errorhandler.__handle;  CSSStyleDeclaration: Unexpected token, ignoring upto '{        border-collapse: separate;'. [1:574: {]
30-11-2023 20:08:12.836Z;errorhandler.__handle;  Property: Unknown Property name. [1:617: mso-table-lspace]
30-11-2023 20:08:12.838Z;errorhandler.__handle;  Property: Unknown Property name. [1:647: mso-table-rspace]
30-11-2023 20:08:12.842Z;errorhandler.__handle;  CSSStyleDeclaration: Unexpected token, ignoring upto '}'. [1:690: }]
30-11-2023 20:08:12.845Z;errorhandler.__handle;  CSSStyleDeclaration: Unexpected token, ignoring upto '{          font-family: sans-serif;'. [1:710: {]
30-11-2023 20:08:12.850Z;errorhandler.__handle;  CSSStyleDeclaration: Unexpected token, ignoring upto '}'. [1:808: }]
30-11-2023 20:08:12.852Z;errorhandler.__handle;  CSSStyleDeclaration: Unexpected token, ignoring upto '{        background-color: #f6f6f6;'. [1:941: {]
30-11-2023 20:08:12.854Z;errorhandler.__handle;  CSSStyleDeclaration: Unexpected token, ignoring upto '}'. [1:1003: }]
30-11-2023 20:08:12.857Z;errorhandler.__handle;  CSSStyleDeclaration: Unexpected token, ignoring upto '{        display: block;'. [1:1178: {]
30-11-2023 20:08:12.861Z;errorhandler.__handle;  CSSStyleDeclaration: Unexpected token, ignoring upto '}'. [1:1342: }]
30-11-2023 20:08:12.864Z;errorhandler.__handle;  CSSStyleDeclaration: Unexpected token, ignoring upto '{        box-sizing: border-box;'. [1:1452: {]
30-11-2023 20:08:12.870Z;errorhandler.__handle;  CSSStyleDeclaration: Unexpected token, ignoring upto '}'. [1:1584: }]
30-11-2023 20:08:12.872Z;errorhandler.__handle;  CSSStyleDeclaration: Unexpected token, ignoring upto '{        background: #ffffff;'. [1:1721: {]
30-11-2023 20:08:12.877Z;errorhandler.__handle;  CSSStyleDeclaration: Unexpected token, ignoring upto '}'. [1:1804: }]
30-11-2023 20:08:12.879Z;errorhandler.__handle;  CSSStyleDeclaration: Unexpected token, ignoring upto '{        box-sizing: border-box;'. [1:1822: {]
30-11-2023 20:08:12.882Z;errorhandler.__handle;  CSSStyleDeclaration: Unexpected token, ignoring upto '}'. [1:1883: }]
30-11-2023 20:08:12.884Z;errorhandler.__handle;  CSSStyleDeclaration: Unexpected token, ignoring upto '{        padding-bottom: 10px;'. [1:1907: {]
30-11-2023 20:08:12.887Z;errorhandler.__handle;  CSSStyleDeclaration: Unexpected token, ignoring upto '}'. [1:1969: }]
30-11-2023 20:08:12.890Z;errorhandler.__handle;  CSSStyleDeclaration: Unexpected token, ignoring upto '{        clear: both;'. [1:1986: {]
30-11-2023 20:08:12.895Z;errorhandler.__handle;  CSSStyleDeclaration: Unexpected token, ignoring upto '}'. [1:2086: }]
30-11-2023 20:08:12.898Z;errorhandler.__handle;  CSSStyleDeclaration: Unexpected token, ignoring upto '{          color: #999999;'. [1:2165: {]
30-11-2023 20:08:12.901Z;errorhandler.__handle;  CSSStyleDeclaration: Unexpected token, ignoring upto '}'. [1:2253: }]
30-11-2023 20:08:12.905Z;errorhandler.__handle;  CSSStyleDeclaration: Unexpected token, ignoring upto '{        color: #000000;'. [1:2404: {]
30-11-2023 20:08:12.910Z;errorhandler.__handle;  CSSStyleDeclaration: Unexpected token, ignoring upto '}'. [1:2563: }]
30-11-2023 20:08:12.912Z;errorhandler.__handle;  CSSStyleDeclaration: Unexpected token, ignoring upto '{        font-size: 35px;'. [1:2575: {]
30-11-2023 20:08:12.916Z;errorhandler.__handle;  CSSStyleDeclaration: Unexpected token, ignoring upto '}'. [1:2694: }]
30-11-2023 20:08:12.919Z;errorhandler.__handle;  CSSStyleDeclaration: Unexpected token, ignoring upto '{        font-family: sans-serif;'. [1:2723: {]
30-11-2023 20:08:12.923Z;errorhandler.__handle;  CSSStyleDeclaration: Unexpected token, ignoring upto '}'. [1:2861: }]
30-11-2023 20:08:12.925Z;errorhandler.__handle;  CSSStyleDeclaration: Unexpected token, ignoring upto '{          list-style-position: inside;'. [1:2905: {]
30-11-2023 20:08:12.928Z;errorhandler.__handle;  CSSStyleDeclaration: Unexpected token, ignoring upto '}'. [1:2978: }]
30-11-2023 20:08:12.930Z;errorhandler.__handle;  CSSStyleDeclaration: Unexpected token, ignoring upto '{        color: #3498db;'. [1:2989: {]
30-11-2023 20:08:12.934Z;errorhandler.__handle;  CSSStyleDeclaration: Unexpected token, ignoring upto '}'. [1:3055: }]
30-11-2023 20:08:12.936Z;errorhandler.__handle;  CSSStyleDeclaration: Unexpected token, ignoring upto '{        box-sizing: border-box;'. [1:3178: {]
30-11-2023 20:08:12.938Z;errorhandler.__handle;  CSSStyleDeclaration: Unexpected token, ignoring upto '}'. [1:3231: }]
30-11-2023 20:08:12.942Z;errorhandler.__handle;  CSSStyleDeclaration: Unexpected token, ignoring upto '{          padding-bottom: 15px;'. [1:3265: {]
30-11-2023 20:08:12.943Z;errorhandler.__handle;  CSSStyleDeclaration: Unexpected token, ignoring upto '}'. [1:3298: }]
30-11-2023 20:08:12.946Z;errorhandler.__handle;  CSSStyleDeclaration: Unexpected token, ignoring upto '{          width: auto;'. [1:3320: {]
30-11-2023 20:08:12.947Z;errorhandler.__handle;  CSSStyleDeclaration: Unexpected token, ignoring upto '}'. [1:3350: }]
30-11-2023 20:08:12.949Z;errorhandler.__handle;  CSSStyleDeclaration: Unexpected token, ignoring upto '{          background-color: #ffffff;'. [1:3375: {]
30-11-2023 20:08:12.952Z;errorhandler.__handle;  CSSStyleDeclaration: Unexpected token, ignoring upto '}'. [1:3477: }]
30-11-2023 20:08:12.956Z;errorhandler.__handle;  CSSStyleDeclaration: Unexpected token, ignoring upto '{          background-color: #ffffff;'. [1:3495: {]
30-11-2023 20:08:13.177Z;errorhandler.__handle;  CSSStyleDeclaration: Unexpected token, ignoring upto '}'. [1:3892: }]
30-11-2023 20:08:13.180Z;errorhandler.__handle;  CSSStyleDeclaration: Unexpected token, ignoring upto '{        background-color: #3498db;'. [1:3923: {]
30-11-2023 20:08:13.182Z;errorhandler.__handle;  CSSStyleDeclaration: Unexpected token, ignoring upto '}'. [1:3965: }]
30-11-2023 20:08:13.185Z;errorhandler.__handle;  CSSStyleDeclaration: Unexpected token, ignoring upto '{        background-color: #3498db;'. [1:3989: {]
30-11-2023 20:08:13.238Z;errorhandler.__handle;  CSSStyleDeclaration: Unexpected token, ignoring upto '}'. [1:4084: }]
30-11-2023 20:08:13.242Z;errorhandler.__handle;  CSSStyleDeclaration: Unexpected token, ignoring upto '{        margin-bottom: 0;'. [1:4234: {]
30-11-2023 20:08:13.243Z;errorhandler.__handle;  CSSStyleDeclaration: Unexpected token, ignoring upto '}'. [1:4267: }]
30-11-2023 20:08:13.245Z;errorhandler.__handle;  CSSStyleDeclaration: Unexpected token, ignoring upto '{        margin-top: 0;'. [1:4283: {]
30-11-2023 20:08:13.247Z;errorhandler.__handle;  CSSStyleDeclaration: Unexpected token, ignoring upto '}'. [1:4313: }]
30-11-2023 20:08:13.249Z;errorhandler.__handle;  CSSStyleDeclaration: Unexpected token, ignoring upto '{        text-align: center;'. [1:4336: {]
30-11-2023 20:08:13.251Z;errorhandler.__handle;  CSSStyleDeclaration: Unexpected token, ignoring upto '}'. [1:4371: }]
30-11-2023 20:08:13.253Z;errorhandler.__handle;  CSSStyleDeclaration: Unexpected token, ignoring upto '{        text-align: right;'. [1:4393: {]
30-11-2023 20:08:13.255Z;errorhandler.__handle;  CSSStyleDeclaration: Unexpected token, ignoring upto '}'. [1:4427: }]
30-11-2023 20:08:13.257Z;errorhandler.__handle;  CSSStyleDeclaration: Unexpected token, ignoring upto '{        text-align: left;'. [1:4448: {]
30-11-2023 20:08:13.259Z;errorhandler.__handle;  CSSStyleDeclaration: Unexpected token, ignoring upto '}'. [1:4481: }]
30-11-2023 20:08:13.261Z;errorhandler.__handle;  CSSStyleDeclaration: Unexpected token, ignoring upto '{        clear: both;'. [1:4497: {]
30-11-2023 20:08:13.262Z;errorhandler.__handle;  CSSStyleDeclaration: Unexpected token, ignoring upto '}'. [1:4525: }]
30-11-2023 20:08:13.264Z;errorhandler.__handle;  CSSStyleDeclaration: Unexpected token, ignoring upto '{        margin-top: 0;'. [1:4539: {]
30-11-2023 20:08:13.266Z;errorhandler.__handle;  CSSStyleDeclaration: Unexpected token, ignoring upto '}'. [1:4569: }]
30-11-2023 20:08:13.268Z;errorhandler.__handle;  CSSStyleDeclaration: Unexpected token, ignoring upto '{        margin-bottom: 0;'. [1:4583: {]
30-11-2023 20:08:13.270Z;errorhandler.__handle;  CSSStyleDeclaration: Unexpected token, ignoring upto '}'. [1:4616: }]
30-11-2023 20:08:13.274Z;errorhandler.__handle;  CSSStyleDeclaration: Unexpected token, ignoring upto '{        color: transparent;'. [1:4636: {]
30-11-2023 20:08:13.281Z;errorhandler.__handle;  Property: Unknown Property name. [1:4799: mso-hide]
30-11-2023 20:08:13.284Z;errorhandler.__handle;  CSSStyleDeclaration: Unexpected token, ignoring upto '}'. [1:4864: }]
30-11-2023 20:08:13.287Z;errorhandler.__handle;  CSSStyleDeclaration: Unexpected token, ignoring upto '{        text-decoration: none;'. [1:4887: {]
30-11-2023 20:08:13.288Z;errorhandler.__handle;  CSSStyleDeclaration: Unexpected token, ignoring upto '}'. [1:4925: }]
30-11-2023 20:08:13.291Z;errorhandler.__handle;  CSSStyleDeclaration: Unexpected token, ignoring upto '{        border: 0;'. [1:4937: {]
30-11-2023 20:08:13.294Z;errorhandler.__handle;  CSSStyleDeclaration: Unexpected token, ignoring upto '}'. [1:5027: }]
30-11-2023 20:08:13.306Z;errorhandler.__handle;  CSSStyleRule: No selector found: '{        table.body h1 {{          font-size: 28px !important;          margin-bottom: 10px !important;         }}        table.body p,        table.body ul,        table.body ol,        table.body td,        table.body span,        table.body a {{          font-size: 16px !important;         }}        table.body .wrapper,        table.body .article {{          padding: 10px !important;         }}        table.body .content {{          padding: 0 !important;         }}        table.body .container {{          padding: 0 !important;          width: 100% !important;         }}        table.body .main {{          border-left-width: 0 !important;          border-radius: 0 !important;          border-right-width: 0 !important;         }}        table.body .btn table {{          width: 100% !important;         }}        table.body .btn a {{          width: 100% !important;         }}        table.body .img-responsive {{          height: auto !important;          max-width: 100% !important;          width: auto !important;         }}      }'. [1:5217: {]
30-11-2023 20:08:13.311Z;errorhandler.__handle;  SelectorList: Unknown Syntax: ''
30-11-2023 20:08:13.314Z;errorhandler.__handle;  Property: No ":" after name found: table.body h1 {{          font-size: 28px !important;          margin-bottom: 10px !important;         }}        table.body p,        table.body ul,        table.body ol,        table.body td,        table.body span,        table.body a {{          font-size: 16px !important;         }}        table.body .wrapper,        table.body .article {{          padding: 10px !important;         }}        table.body .content {{          padding: 0 !important;         }}        table.body .container {{          padding: 0 !important;          width: 100% !important;         }}        table.body .main {{          border-left-width: 0 !important;          border-radius: 0 !important;          border-right-width: 0 !important;         }}        table.body .btn table {{          width: 100% !important;         }}        table.body .btn a {{          width: 100% !important;         }}        table.body .img-responsive {{          height: auto !important;          max-width: 100% !important;          width: auto !important;         }}       [1:6259:       ]
30-11-2023 20:08:13.319Z;errorhandler.__handle;  Property: No property value found: table.body h1 {{          font-size: 28px !important;          margin-bottom: 10px !important;         }}        table.body p,        table.body ul,        table.body ol,        table.body td,        table.body span,        table.body a {{          font-size: 16px !important;         }}        table.body .wrapper,        table.body .article {{          padding: 10px !important;         }}        table.body .content {{          padding: 0 !important;         }}        table.body .container {{          padding: 0 !important;          width: 100% !important;         }}        table.body .main {{          border-left-width: 0 !important;          border-radius: 0 !important;          border-right-width: 0 !important;         }}        table.body .btn table {{          width: 100% !important;         }}        table.body .btn a {{          width: 100% !important;         }}        table.body .img-responsive {{          height: auto !important;          max-width: 100% !important;          width: auto !important;         }}       [1:6259:       ]
30-11-2023 20:08:13.323Z;errorhandler.__handle;  CSSStyleDeclaration: Syntax Error in Property: table.body h1 {{          font-size: 28px !important;          margin-bottom: 10px !important;         }}        table.body p,        table.body ul,        table.body ol,        table.body td,        table.body span,        table.body a {{          font-size: 16px !important;         }}        table.body .wrapper,        table.body .article {{          padding: 10px !important;         }}        table.body .content {{          padding: 0 !important;         }}        table.body .container {{          padding: 0 !important;          width: 100% !important;         }}        table.body .main {{          border-left-width: 0 !important;          border-radius: 0 !important;          border-right-width: 0 !important;         }}        table.body .btn table {{          width: 100% !important;         }}        table.body .btn a {{          width: 100% !important;         }}        table.body .img-responsive {{          height: auto !important;          max-width: 100% !important;          width: auto !important;         }}      
30-11-2023 20:08:13.334Z;errorhandler.__handle;  CSSStyleRule: No selector found: '{        .ExternalClass {{          width: 100%;         }}        .ExternalClass,        .ExternalClass p,        .ExternalClass span,        .ExternalClass font,        .ExternalClass td,        .ExternalClass div {{          line-height: 100%;         }}        .apple-link a {{          color: inherit !important;          font-family: inherit !important;          font-size: inherit !important;          font-weight: inherit !important;          line-height: inherit !important;          text-decoration: none !important;         }}        #MessageViewBody a {{          color: inherit;          text-decoration: none;          font-size: inherit;          font-family: inherit;          font-weight: inherit;          line-height: inherit;        }}        .btn-primary table td:hover {{          background-color: #34495e !important;         }}        .btn-primary a:hover {{          background-color: #34495e !important;          border-color: #34495e !important;         }}       }'. [1:6420: {]
30-11-2023 20:08:13.338Z;errorhandler.__handle;  SelectorList: Unknown Syntax: ''
30-11-2023 20:08:13.340Z;errorhandler.__handle;  CSSStyleDeclaration: Unexpected token, ignoring upto '.ExternalClass {{          width: 100%;         }}        .ExternalClass,        .ExternalClass p,        .ExternalClass span,        .ExternalClass font,        .ExternalClass td,        .ExternalClass div {{          line-height: 100%;         }}        .apple-link a {{          color: inherit !important;          font-family: inherit !important;          font-size: inherit !important;          font-weight: inherit !important;          line-height: inherit !important;          text-decoration: none !important;         }}        #MessageViewBody a {{          color: inherit;          text-decoration: none;          font-size: inherit;          font-family: inherit;          font-weight: inherit;          line-height: inherit;        }}        .btn-primary table td:hover {{          background-color: #34495e !important;         }}        .btn-primary a:hover {{          background-color: #34495e !important;          border-color: #34495e !important;         }}       '. [1:6429: .]
30-11-2023 20:08:13.364Z;errorhandler.__handle;  Property: Unknown Property name. [1:1: -ms-interpolation-mode]
30-11-2023 20:08:13.368Z;errorhandler.__handle;  Property: Unknown Property name. [1:24: -webkit-font-smoothing]
30-11-2023 20:08:13.373Z;errorhandler.__handle;  Property: Unknown Property name. [1:109: -ms-text-size-adjust]
30-11-2023 20:08:13.375Z;errorhandler.__handle;  Property: Unknown Property name. [1:135: -webkit-text-size-adjust]
30-11-2023 20:08:13.378Z;errorhandler.__handle;  Property: Unknown Property name. [1:1: mso-table-lspace]
30-11-2023 20:08:13.382Z;errorhandler.__handle;  Property: Unknown Property name. [1:20: mso-table-rspace]
30-11-2023 20:08:13.413Z;errorhandler.__handle;  Property: Unknown Property name. [1:74: mso-hide]
30-11-2023 20:08:13.424Z;errorhandler.__handle;  Property: No ":" after name found: align-center [1:1: align-center]
30-11-2023 20:08:13.426Z;errorhandler.__handle;  Property: No property value found: align-center [1:1: align-center]
30-11-2023 20:08:13.427Z;errorhandler.__handle;  CSSStyleDeclaration: Syntax Error in Property: align-center
30-11-2023 20:08:13.431Z;errorhandler.__handle;  Property: Unknown Property name. [1:1: -ms-interpolation-mode]
30-11-2023 20:08:15.578Z;functions.emailSuccess;  Success e-mail sent.
30-11-2023 20:08:17.682Z;functions.encerra_prog;  FECHA A TABELA
30-11-2023 20:08:19.788Z;functions.encerra_prog;  FECHA O PROGRAMA
30-11-2023 20:08:21.897Z;functions.encerra_prog;  RM ENCERRADO
