29-07-2024 03:41:09.232Z;functions.bot_text_art;      ____     
29-07-2024 03:41:09.232Z;functions.bot_text_art;     [____]    
29-07-2024 03:41:09.232Z;functions.bot_text_art;   |=]()()[=|  
29-07-2024 03:41:09.232Z;functions.bot_text_art;     _\==/__    _____    ____     _        _____    ___   _  __ 
29-07-2024 03:41:09.232Z;functions.bot_text_art;   |__|   |_|  |  _  \  / ___|   | |      |_   _| / ___| | |/ / 
29-07-2024 03:41:09.232Z;functions.bot_text_art;   |_|_/\_|_|  | |  | | | |      | |        | |   | |    | ' /  
29-07-2024 03:41:09.232Z;functions.bot_text_art;   | | __ | |  | |  | | | |      | |        | |   | |    |  <   
29-07-2024 03:41:09.232Z;functions.bot_text_art;   |_|[  ]|_|  | |__| | | |____  | |____   _| |_  | |__  | . \  
29-07-2024 03:41:09.232Z;functions.bot_text_art;   \_|_||_|_/  |_____/   \_____| |______| |_____| \ ___| |_|\_\ 
29-07-2024 03:41:09.232Z;functions.bot_text_art;     |_||_|    
29-07-2024 03:41:09.232Z;functions.bot_text_art;     | ||_|_   
29-07-2024 03:41:09.232Z;functions.bot_text_art;   |___||___|  
29-07-2024 03:41:09.232Z;functions.bot_text_art;               
29-07-2024 03:41:09.247Z;functions.open_RM;  OPEN PROGRAM RM
29-07-2024 03:41:26.435Z;functions.loggin_RM;  ACHOU O PANE PICTURE
29-07-2024 03:41:27.622Z;functions.loggin_RM;  ENCONTRA USE FIELD
29-07-2024 03:41:27.966Z;functions.loggin_RM;  DUPLO CLICK
29-07-2024 03:41:31.638Z;functions.loggin_RM;  ENTRAR USER_NAME
29-07-2024 03:41:32.982Z;functions.loggin_RM;  ENCONTRA PASS FIELD
29-07-2024 03:41:33.247Z;functions.loggin_RM;  CLICK
29-07-2024 03:41:35.373Z;functions.loggin_RM;  ENTRAR PASSWORD
29-07-2024 03:41:36.873Z;functions.loggin_RM;  ENTRAR RM
29-07-2024 03:45:05.184Z;functions.enter_coligada;  AGUARDANDO 1
29-07-2024 03:45:06.653Z;functions.enter_coligada;  CLICK CONTEXTO
29-07-2024 03:45:09.466Z;functions.enter_coligada;  CLICK ALTERAR MODULO DO CONTEXTO
29-07-2024 03:45:13.669Z;functions.enter_coligada;  INSERE O COLIGADA CODE = 1
29-07-2024 03:45:13.773Z;functions.enter_coligada;  APERTA TAB PARA PREENCHER O CAMPO COM A STRING: OCEANICA ENGENHARIA E CONSULTORIA S.A.
29-07-2024 03:45:15.340Z;functions.enter_coligada;  CLICK AVANÇAR NOVAMENTE
29-07-2024 03:45:16.716Z;functions.enter_coligada;  CLICK CONCLUIR
29-07-2024 03:45:37.091Z;functions.waitForImage;  TROCA COLIGADA image not found.
29-07-2024 03:45:55.497Z;functions.enter_coligada;  POP UP COLIGADA DESAPARECER
29-07-2024 03:45:56.497Z;functions.check_movimentacao_bancaria;  CLICK - TOTVS - LINHA RM
29-07-2024 03:45:58.278Z;functions.check_movimentacao_bancaria;  CLICK - BACK OFFICE
29-07-2024 03:46:01.028Z;functions.check_movimentacao_bancaria;  CLICK - GESTAO FINANCEIRA
29-07-2024 03:46:01.028Z;functions.obter_intervalo_data;  VERIFICANDO A HORA ATUAL 3
29-07-2024 03:46:01.039Z;functions.obter_intervalo_data;  Data Inicial PENSAO antes da remoção: None
29-07-2024 03:46:01.039Z;functions.obter_intervalo_data;  Data Final PENSAO antes da remoção: None
29-07-2024 03:46:01.046Z;functions.obter_intervalo_data;  Data Inicial PENSAO após a remoção: None
29-07-2024 03:46:01.047Z;functions.obter_intervalo_data;  Data Final PENSAO após a remoção: None
29-07-2024 03:46:01.047Z;functions.obter_intervalo_data;  hoje -  2024-07-29 03:46:01.047218
29-07-2024 03:46:01.047Z;functions.check_movimentacao_bancaria;  DATA INICIO 31-07-2024
29-07-2024 03:46:01.048Z;functions.check_movimentacao_bancaria;  DATA FIM 06-08-2024
29-07-2024 03:46:01.048Z;functions.movimentacao_bancaria;  AGUARDANDO 1
29-07-2024 03:46:06.844Z;functions.movimentacao_bancaria;  CLICK NA ABA MOVIMENTAÇÃO BANCARIA
29-07-2024 03:46:09.075Z;functions.waitForImage;  IMAGEM BORDERO image found.
29-07-2024 03:46:11.192Z;functions.movimentacao_bancaria;  IMAGEM BORDERO CLICADA.
29-07-2024 03:46:21.647Z;functions.waitForImage;  LICENCAS EXCEDIDAS image not found.
29-07-2024 03:46:24.106Z;functions.waitForImage;  LICENCE SERVER image not found.
29-07-2024 03:46:24.825Z;functions.movimentacao_bancaria;  ENCONTROU O FILTRO DA MOVIMENTAÇÃO BANCÁRIA
29-07-2024 03:46:24.872Z;functions.movimentacao_bancaria;  CLICA NA ABA SUPERIOR DO FILTRO
29-07-2024 03:46:29.084Z;functions.movimentacao_bancaria;  SELECIONA O FILTRO HOJE
29-07-2024 03:46:29.084Z;functions.filter_clean;  FUNÇÃO LIMPA FILTRO
29-07-2024 03:46:44.372Z;functions.waitForImage;  FILTER CLEAN image not found.
29-07-2024 03:46:59.684Z;functions.waitForImage;  FILTER CLEAN image not found.
29-07-2024 03:47:14.903Z;functions.waitForImage;  FILTER CLEAN image not found.
29-07-2024 03:47:32.747Z;functions.movimentacao_bancaria;  SEM REGISTROS DE PROCESSO DE BORDERO PENDENTE
29-07-2024 03:47:32.747Z;functions.filter_clean;  FUNÇÃO LIMPA FILTRO
29-07-2024 03:47:48.059Z;functions.waitForImage;  FILTER CLEAN image not found.
29-07-2024 03:48:03.278Z;functions.waitForImage;  FILTER CLEAN image not found.
29-07-2024 03:48:18.528Z;functions.waitForImage;  FILTER CLEAN image not found.
29-07-2024 03:48:50.090Z;functions.remessa_pagamento;  SEM PROCESSO DE BORDERO AUTORIZADO
29-07-2024 03:48:53.340Z;errorhandler.__handle;  Property: Unknown Property name. [1:203: -ms-interpolation-mode]
29-07-2024 03:48:53.387Z;errorhandler.__handle;  Property: Unknown Property name. [1:353: -webkit-font-smoothing]
29-07-2024 03:48:53.403Z;errorhandler.__handle;  Property: Unknown Property name. [1:483: -ms-text-size-adjust]
29-07-2024 03:48:53.403Z;errorhandler.__handle;  Property: Unknown Property name. [1:518: -webkit-text-size-adjust]
29-07-2024 03:48:53.403Z;errorhandler.__handle;  Property: Unknown Property name. [1:612: mso-table-lspace]
29-07-2024 03:48:53.403Z;errorhandler.__handle;  Property: Unknown Property name. [1:642: mso-table-rspace]
29-07-2024 03:48:53.637Z;errorhandler.__handle;  Property: Unknown Property name. [1:4734: mso-hide]
29-07-2024 03:48:53.746Z;errorhandler.__handle;  Property: Unknown Property name. [1:13: -ms-interpolation-mode]
29-07-2024 03:48:53.746Z;errorhandler.__handle;  Property: Unknown Property name. [1:49: -webkit-font-smoothing]
29-07-2024 03:48:53.746Z;errorhandler.__handle;  Property: Unknown Property name. [1:134: -ms-text-size-adjust]
29-07-2024 03:48:53.746Z;errorhandler.__handle;  Property: Unknown Property name. [1:160: -webkit-text-size-adjust]
29-07-2024 03:48:53.746Z;errorhandler.__handle;  Property: Unknown Property name. [1:26: mso-table-lspace]
29-07-2024 03:48:53.762Z;errorhandler.__handle;  Property: Unknown Property name. [1:45: mso-table-rspace]
29-07-2024 03:48:53.778Z;errorhandler.__handle;  Property: Unknown Property name. [1:92: mso-hide]
29-07-2024 03:48:53.793Z;errorhandler.__handle;  Property: No ":" after name found: align-center [1:1: align-center]
29-07-2024 03:48:53.793Z;errorhandler.__handle;  Property: No property value found: align-center [1:1: align-center]
29-07-2024 03:48:53.793Z;errorhandler.__handle;  CSSStyleDeclaration: Syntax Error in Property: align-center
29-07-2024 03:48:53.793Z;errorhandler.__handle;  Property: Unknown Property name. [1:14: -ms-interpolation-mode]
29-07-2024 03:48:56.200Z;functions.emailFinalizado;  Warning e-mail sent.
29-07-2024 03:48:56.559Z;functions.encerra_prog;  RM ENCERRADO
