14-03-2024 13:06:35.864Z;functions.bot_text_art;      ____     
14-03-2024 13:06:35.864Z;functions.bot_text_art;     [____]    
14-03-2024 13:06:35.864Z;functions.bot_text_art;   |=]()()[=|  
14-03-2024 13:06:35.864Z;functions.bot_text_art;     _\==/__    _____    ____     _        _____    ___   _  __ 
14-03-2024 13:06:35.864Z;functions.bot_text_art;   |__|   |_|  |  _  \  / ___|   | |      |_   _| / ___| | |/ / 
14-03-2024 13:06:35.864Z;functions.bot_text_art;   |_|_/\_|_|  | |  | | | |      | |        | |   | |    | ' /  
14-03-2024 13:06:35.864Z;functions.bot_text_art;   | | __ | |  | |  | | | |      | |        | |   | |    |  <   
14-03-2024 13:06:35.864Z;functions.bot_text_art;   |_|[  ]|_|  | |__| | | |____  | |____   _| |_  | |__  | . \  
14-03-2024 13:06:35.864Z;functions.bot_text_art;   \_|_||_|_/  |_____/   \_____| |______| |_____| \ ___| |_|\_\ 
14-03-2024 13:06:35.864Z;functions.bot_text_art;     |_||_|    
14-03-2024 13:06:35.864Z;functions.bot_text_art;     | ||_|_   
14-03-2024 13:06:35.864Z;functions.bot_text_art;   |___||___|  
14-03-2024 13:06:35.864Z;functions.bot_text_art;               
14-03-2024 13:06:35.880Z;functions.open_RM;  OPEN PROGRAM RM
14-03-2024 13:06:48.317Z;functions.loggin_RM;  ACHOU O PANE PICTURE
14-03-2024 13:06:49.333Z;functions.loggin_RM;  ENCONTRA USE FIELD
14-03-2024 13:06:49.615Z;functions.loggin_RM;  DUPLO CLICK
14-03-2024 13:06:53.162Z;functions.loggin_RM;  ENTRAR USER_NAME
14-03-2024 13:06:54.177Z;functions.loggin_RM;  ENCONTRA PASS FIELD
14-03-2024 13:06:54.381Z;functions.loggin_RM;  CLICK
14-03-2024 13:06:56.508Z;functions.loggin_RM;  ENTRAR PASSWORD
14-03-2024 13:06:57.709Z;functions.loggin_RM;  ENTRAR RM
14-03-2024 13:07:39.443Z;functions.enter_coligada;  CLICK CONTEXTO
14-03-2024 13:07:44.739Z;functions.enter_coligada;  CLICK COLIGADA 1
14-03-2024 13:07:47.036Z;functions.enter_coligada;  CLICK AVANÇAR
14-03-2024 13:07:49.479Z;functions.enter_coligada;  INSERE O COLIGADA CODE = 1
14-03-2024 13:07:49.592Z;functions.enter_coligada;  APERTA TAB PARA PREENCHER O CAMPO COM A STRING: OCEANICA ENGENHARIA E CONSULTORIA S.A.
14-03-2024 13:07:51.230Z;functions.enter_coligada;  CLICK AVANÇAR NOVAMENTE
14-03-2024 13:07:52.630Z;functions.enter_coligada;  CLICK CONCLUIR
14-03-2024 13:08:19.005Z;functions.enter_coligada;  POP UP COLIGADA DESAPARECER
14-03-2024 13:08:19.848Z;functions.check_movimentacao_bancaria;  CLICK - TOTVS - LINHA RM
14-03-2024 13:08:21.708Z;functions.check_movimentacao_bancaria;  CLICK - BACK OFFICE
14-03-2024 13:08:24.489Z;functions.check_movimentacao_bancaria;  CLICK - GESTAO FINANCEIRA
14-03-2024 13:08:32.802Z;functions.movimentacao_bancaria;  CLICK NA ABA MOVIMENTAÇÃO BANCARIA
14-03-2024 13:08:35.272Z;functions.waitForImage;  IMAGEM BORDERO image found.
14-03-2024 13:08:37.391Z;functions.movimentacao_bancaria;  IMAGEM BORDERO CLICADA.
14-03-2024 13:08:58.101Z;functions.waitForImage;  LICENCAS EXCEDIDAS image not found.
14-03-2024 13:08:58.770Z;functions.movimentacao_bancaria;  ENCONTROU O FILTRO DA MOVIMENTAÇÃO BANCÁRIA
14-03-2024 13:08:58.817Z;functions.movimentacao_bancaria;  CLICA NA ABA SUPERIOR DO FILTRO
14-03-2024 13:09:03.028Z;functions.movimentacao_bancaria;  SELECIONA O FILTRO HOJE
14-03-2024 13:09:03.028Z;functions.filter_clean;  FUNÇÃO LIMPA FILTRO
14-03-2024 13:09:08.381Z;functions.waitForImage;  FILTER CLEAN image found.
14-03-2024 13:09:10.513Z;functions.filter_clean;  CLICK NO BOTÃO X DO LIMPA FILTRO
14-03-2024 13:09:10.807Z;functions.waitForImage;  FILTER CLEAN image found.
14-03-2024 13:09:12.928Z;functions.filter_clean;  CLICK NO BOTÃO X DO LIMPA FILTRO
14-03-2024 13:09:28.219Z;functions.waitForImage;  FILTER CLEAN image not found.
14-03-2024 13:09:29.568Z;functions.movimentacao_bancaria;  CLICK NA PRIMEIRA LINHA DA TABELA MOVIMENTAÇÃO BANCÁRIA
14-03-2024 13:09:30.798Z;functions.movimentacao_bancaria;  12 PASSOS PARA DIREITA NA TABELA >>
14-03-2024 13:09:32.801Z;functions.movimentacao_bancaria;  HOVER FILTER
14-03-2024 13:09:33.239Z;functions.movimentacao_bancaria;  CLICK FILTER
14-03-2024 13:09:37.582Z;functions.movimentacao_bancaria;  CLICK NO FILTRO  STATUS DA REMESSA
14-03-2024 13:09:39.685Z;functions.movimentacao_bancaria;  APERTA TAB PARA ESCREVER O FILTRO
14-03-2024 13:09:41.798Z;functions.movimentacao_bancaria;  ESCREVE PENDENTE NO FILTRO
14-03-2024 13:09:43.901Z;functions.movimentacao_bancaria;  APERTA ENTER PARA SELECIONAR OS PENDENTES
14-03-2024 13:10:05.598Z;functions.movimentacao_bancaria;  SEM REGISTROS DE PROCESSO DE BORDERO PENDENTE
14-03-2024 13:10:05.598Z;functions.filter_clean;  FUNÇÃO LIMPA FILTRO
14-03-2024 13:10:05.926Z;functions.waitForImage;  FILTER CLEAN image found.
14-03-2024 13:10:08.053Z;functions.filter_clean;  CLICK NO BOTÃO X DO LIMPA FILTRO
14-03-2024 13:10:23.086Z;functions.waitForImage;  FILTER CLEAN image not found.
14-03-2024 13:10:38.689Z;functions.waitForImage;  FILTER CLEAN image not found.
14-03-2024 13:10:40.411Z;functions.remessa_pagamento;  CLICK NA PRIMEIRA LINHA DA TABELA MOVIMENTAÇÃO BANCÁRIA
14-03-2024 13:10:42.426Z;functions.remessa_pagamento;  HOVER FILTER
14-03-2024 13:10:42.906Z;functions.remessa_pagamento;  CLICK FILTER
14-03-2024 13:10:47.287Z;functions.remessa_pagamento;  CLICK NO FILTRO  STATUS DA REMESSA
14-03-2024 13:10:49.390Z;functions.remessa_pagamento;  APERTA TAB PARA ESCREVER O FILTRO
14-03-2024 13:10:51.508Z;functions.remessa_pagamento;  ESCREVE AUTORIZADO NO FILTRO
14-03-2024 13:10:53.612Z;functions.remessa_pagamento;  APERTA ENTER PARA SELECIONAR OS AUTORIZADOS
14-03-2024 13:11:16.770Z;functions.remessa_pagamento;  SEM REMESSA DE BORDERO AUTORIZADO
14-03-2024 13:11:17.629Z;functions.enter_contas_a_pagar;  CLICK - TOTVS - LINHA RM
14-03-2024 13:11:19.254Z;functions.enter_contas_a_pagar;  CLICK - BACK OFFICE
14-03-2024 13:11:22.129Z;functions.enter_contas_a_pagar;  CLICK - GESTAO FINANCEIRA
14-03-2024 13:11:29.442Z;functions.enter_contas_a_pagar;  CLICK - CONTAS A PAGAR
14-03-2024 13:11:30.649Z;functions.waitForImage;  LANÇAMENTOS image found.
14-03-2024 13:11:32.795Z;functions.enter_contas_a_pagar;  CLICA EM LANÇAMENTOS
14-03-2024 13:11:47.828Z;functions.waitForImage;  LICENCAS EXCEDIDAS image not found.
14-03-2024 13:11:47.844Z;functions.obter_intervalo_data;  Data Inicial PENSAO antes da remoção: None
14-03-2024 13:11:47.844Z;functions.obter_intervalo_data;  Data Final PENSAO antes da remoção: None
14-03-2024 13:11:47.844Z;functions.obter_intervalo_data;  Data Inicial PENSAO após a remoção: None
14-03-2024 13:11:47.844Z;functions.obter_intervalo_data;  Data Final PENSAO após a remoção: None
14-03-2024 13:11:47.844Z;functions.obter_intervalo_data;  hoje -  2024-03-14 13:11:47.844549
14-03-2024 13:11:47.844Z;functions.data_filter;  DATA INICIO 20-03-2024
14-03-2024 13:11:47.844Z;functions.data_filter;  DATA FIM 26-03-2024
14-03-2024 13:11:47.844Z;functions.data_filter;  CLICK - SELECIONA A DATA DE QUARTA FEIRA E DA PROXIMA TERÇA
14-03-2024 13:11:47.844Z;functions.data_filter;  QUARTA-FEIRA: 20-03-2024
14-03-2024 13:11:47.844Z;functions.data_filter;  TERCA-FEIRA: 26-03-2024
14-03-2024 13:11:51.067Z;functions.data_filter;  ESCREVE REMESSA BANCÁRIA NO FILTRO
14-03-2024 13:11:51.927Z;functions.data_filter;  CLICK - BUTÃO DE SELECAO DE FILTRO
14-03-2024 13:11:56.628Z;functions.data_filter;  INSERE - DATA DE QUARTA-FEIRA: 20-03-2024
14-03-2024 13:12:00.817Z;functions.data_filter;  INSERE - DATA DA PROX TERCA-FEIRA: 26-03-2024
14-03-2024 13:12:01.785Z;functions.data_filter;  CLICK - BUTÃO DE EXECUTAR O FILTRO
14-03-2024 13:12:08.583Z;functions.desmark_filter;  CLICK CHECKBOX LANÇAMENTOS A RECEBER
14-03-2024 13:12:10.489Z;functions.desmark_filter;  CLICK CHECKBOX LANÇAMENTOS BAIXADOS
14-03-2024 13:12:12.629Z;functions.desmark_filter;  CLICK CHECKBOX LANÇAMENTOS CANCELADOS
14-03-2024 13:12:14.862Z;functions.desmark_filter;  CLICK CHECKBOX LANÇAMENTOS FATURADOS
14-03-2024 13:12:17.269Z;functions.desmark_filter;  ATUALIZA O FILTRO
14-03-2024 13:12:17.269Z;functions.filter_clean;  FUNÇÃO LIMPA FILTRO
14-03-2024 13:12:33.007Z;functions.waitForImage;  FILTER CLEAN image not found.
14-03-2024 13:12:48.743Z;functions.waitForImage;  FILTER CLEAN image not found.
14-03-2024 13:13:04.458Z;functions.waitForImage;  FILTER CLEAN image not found.
14-03-2024 13:13:07.128Z;functions.tabela_vazia;  Texto extraido 0/0
14-03-2024 13:13:07.128Z;functions.tabela_vazia;  Count 0
14-03-2024 13:13:07.128Z;functions.tabela_vazia;  Type <class 'int'>
14-03-2024 13:13:09.137Z;functions.tabela_vazia;  SEM REMESSA DE FÉRIAS/RESCISÃO
14-03-2024 13:13:11.139Z;main.<module>;  SEM REMESSA DE PENSÃO
14-03-2024 13:13:13.990Z;errorhandler.__handle;  Property: Unknown Property name. [1:203: -ms-interpolation-mode]
14-03-2024 13:13:14.063Z;errorhandler.__handle;  Property: Unknown Property name. [1:353: -webkit-font-smoothing]
14-03-2024 13:13:14.068Z;errorhandler.__handle;  Property: Unknown Property name. [1:483: -ms-text-size-adjust]
14-03-2024 13:13:14.068Z;errorhandler.__handle;  Property: Unknown Property name. [1:518: -webkit-text-size-adjust]
14-03-2024 13:13:14.084Z;errorhandler.__handle;  Property: Unknown Property name. [1:612: mso-table-lspace]
14-03-2024 13:13:14.084Z;errorhandler.__handle;  Property: Unknown Property name. [1:642: mso-table-rspace]
14-03-2024 13:13:14.285Z;errorhandler.__handle;  Property: Unknown Property name. [1:4734: mso-hide]
14-03-2024 13:13:14.395Z;errorhandler.__handle;  Property: Unknown Property name. [1:13: -ms-interpolation-mode]
14-03-2024 13:13:14.395Z;errorhandler.__handle;  Property: Unknown Property name. [1:49: -webkit-font-smoothing]
14-03-2024 13:13:14.395Z;errorhandler.__handle;  Property: Unknown Property name. [1:134: -ms-text-size-adjust]
14-03-2024 13:13:14.395Z;errorhandler.__handle;  Property: Unknown Property name. [1:160: -webkit-text-size-adjust]
14-03-2024 13:13:14.410Z;errorhandler.__handle;  Property: Unknown Property name. [1:26: mso-table-lspace]
14-03-2024 13:13:14.410Z;errorhandler.__handle;  Property: Unknown Property name. [1:45: mso-table-rspace]
14-03-2024 13:13:14.442Z;errorhandler.__handle;  Property: Unknown Property name. [1:92: mso-hide]
14-03-2024 13:13:14.457Z;errorhandler.__handle;  Property: No ":" after name found: align-center [1:1: align-center]
14-03-2024 13:13:14.457Z;errorhandler.__handle;  Property: No property value found: align-center [1:1: align-center]
14-03-2024 13:13:14.457Z;errorhandler.__handle;  CSSStyleDeclaration: Syntax Error in Property: align-center
14-03-2024 13:13:14.457Z;errorhandler.__handle;  Property: Unknown Property name. [1:14: -ms-interpolation-mode]
14-03-2024 13:13:16.832Z;functions.emailFinalizado;  Warning e-mail sent.
14-03-2024 13:13:17.315Z;functions.encerra_prog;  RM ENCERRADO
