21-03-2024 14:30:41.678Z;functions.bot_text_art;      ____     
21-03-2024 14:30:41.694Z;functions.bot_text_art;     [____]    
21-03-2024 14:30:41.694Z;functions.bot_text_art;   |=]()()[=|  
21-03-2024 14:30:41.694Z;functions.bot_text_art;     _\==/__    _____    ____     _        _____    ___   _  __ 
21-03-2024 14:30:41.694Z;functions.bot_text_art;   |__|   |_|  |  _  \  / ___|   | |      |_   _| / ___| | |/ / 
21-03-2024 14:30:41.694Z;functions.bot_text_art;   |_|_/\_|_|  | |  | | | |      | |        | |   | |    | ' /  
21-03-2024 14:30:41.694Z;functions.bot_text_art;   | | __ | |  | |  | | | |      | |        | |   | |    |  <   
21-03-2024 14:30:41.694Z;functions.bot_text_art;   |_|[  ]|_|  | |__| | | |____  | |____   _| |_  | |__  | . \  
21-03-2024 14:30:41.694Z;functions.bot_text_art;   \_|_||_|_/  |_____/   \_____| |______| |_____| \ ___| |_|\_\ 
21-03-2024 14:30:41.694Z;functions.bot_text_art;     |_||_|    
21-03-2024 14:30:41.694Z;functions.bot_text_art;     | ||_|_   
21-03-2024 14:30:41.694Z;functions.bot_text_art;   |___||___|  
21-03-2024 14:30:41.694Z;functions.bot_text_art;               
21-03-2024 14:30:41.710Z;functions.open_RM;  OPEN PROGRAM RM
21-03-2024 14:30:55.928Z;functions.loggin_RM;  ACHOU O PANE PICTURE
21-03-2024 14:30:57.067Z;functions.loggin_RM;  ENCONTRA USE FIELD
21-03-2024 14:30:57.396Z;functions.loggin_RM;  DUPLO CLICK
21-03-2024 14:31:00.976Z;functions.loggin_RM;  ENTRAR USER_NAME
21-03-2024 14:31:02.130Z;functions.loggin_RM;  ENCONTRA PASS FIELD
21-03-2024 14:31:02.411Z;functions.loggin_RM;  CLICK
21-03-2024 14:31:04.540Z;functions.loggin_RM;  ENTRAR PASSWORD
21-03-2024 14:31:05.818Z;functions.loggin_RM;  ENTRAR RM
21-03-2024 14:31:51.927Z;functions.enter_coligada;  CLICK CONTEXTO
21-03-2024 14:31:57.505Z;functions.enter_coligada;  CLICK ALTERAR MODULO DO CONTEXTO
21-03-2024 14:32:01.943Z;functions.enter_coligada;  INSERE O COLIGADA CODE = 1
21-03-2024 14:32:02.069Z;functions.enter_coligada;  APERTA TAB PARA PREENCHER O CAMPO COM A STRING: OCEANICA ENGENHARIA E CONSULTORIA S.A.
21-03-2024 14:32:03.850Z;functions.enter_coligada;  CLICK AVANÇAR NOVAMENTE
21-03-2024 14:32:05.537Z;functions.enter_coligada;  CLICK CONCLUIR
21-03-2024 14:32:46.756Z;functions.enter_coligada;  POP UP COLIGADA DESAPARECER
21-03-2024 14:32:47.647Z;functions.check_movimentacao_bancaria;  CLICK - TOTVS - LINHA RM
21-03-2024 14:32:49.693Z;functions.check_movimentacao_bancaria;  CLICK - BACK OFFICE
21-03-2024 14:32:52.552Z;functions.check_movimentacao_bancaria;  CLICK - GESTAO FINANCEIRA
21-03-2024 14:33:01.038Z;functions.movimentacao_bancaria;  CLICK NA ABA MOVIMENTAÇÃO BANCARIA
21-03-2024 14:33:03.443Z;functions.waitForImage;  IMAGEM BORDERO image found.
21-03-2024 14:33:05.574Z;functions.movimentacao_bancaria;  IMAGEM BORDERO CLICADA.
21-03-2024 14:33:26.334Z;functions.waitForImage;  LICENCAS EXCEDIDAS image not found.
21-03-2024 14:33:27.021Z;functions.movimentacao_bancaria;  ENCONTROU O FILTRO DA MOVIMENTAÇÃO BANCÁRIA
21-03-2024 14:33:27.068Z;functions.movimentacao_bancaria;  CLICA NA ABA SUPERIOR DO FILTRO
21-03-2024 14:33:31.285Z;functions.movimentacao_bancaria;  SELECIONA O FILTRO HOJE
21-03-2024 14:33:31.286Z;functions.filter_clean;  FUNÇÃO LIMPA FILTRO
21-03-2024 14:33:36.565Z;functions.waitForImage;  FILTER CLEAN image found.
21-03-2024 14:33:38.692Z;functions.filter_clean;  CLICK NO BOTÃO X DO LIMPA FILTRO
21-03-2024 14:33:39.021Z;functions.waitForImage;  FILTER CLEAN image found.
21-03-2024 14:33:41.147Z;functions.filter_clean;  CLICK NO BOTÃO X DO LIMPA FILTRO
21-03-2024 14:33:56.444Z;functions.waitForImage;  FILTER CLEAN image not found.
21-03-2024 14:33:57.978Z;functions.movimentacao_bancaria;  CLICK NA PRIMEIRA LINHA DA TABELA MOVIMENTAÇÃO BANCÁRIA
21-03-2024 14:33:59.203Z;functions.movimentacao_bancaria;  12 PASSOS PARA DIREITA NA TABELA >>
21-03-2024 14:34:01.224Z;functions.movimentacao_bancaria;  HOVER FILTER
21-03-2024 14:34:01.715Z;functions.movimentacao_bancaria;  CLICK FILTER
21-03-2024 14:34:06.056Z;functions.movimentacao_bancaria;  CLICK NO FILTRO  STATUS DA REMESSA
21-03-2024 14:34:08.159Z;functions.movimentacao_bancaria;  APERTA TAB PARA ESCREVER O FILTRO
21-03-2024 14:34:10.278Z;functions.movimentacao_bancaria;  ESCREVE PENDENTE NO FILTRO
21-03-2024 14:34:12.381Z;functions.movimentacao_bancaria;  APERTA ENTER PARA SELECIONAR OS PENDENTES
21-03-2024 14:34:34.413Z;functions.movimentacao_bancaria;  SEM REGISTROS DE PROCESSO DE BORDERO PENDENTE
21-03-2024 14:34:34.413Z;functions.filter_clean;  FUNÇÃO LIMPA FILTRO
21-03-2024 14:34:34.710Z;functions.waitForImage;  FILTER CLEAN image found.
21-03-2024 14:34:36.838Z;functions.filter_clean;  CLICK NO BOTÃO X DO LIMPA FILTRO
21-03-2024 14:34:52.178Z;functions.waitForImage;  FILTER CLEAN image not found.
21-03-2024 14:35:07.501Z;functions.waitForImage;  FILTER CLEAN image not found.
21-03-2024 14:35:09.256Z;functions.remessa_pagamento;  CLICK NA PRIMEIRA LINHA DA TABELA MOVIMENTAÇÃO BANCÁRIA
21-03-2024 14:35:11.256Z;functions.remessa_pagamento;  HOVER FILTER
21-03-2024 14:35:11.744Z;functions.remessa_pagamento;  CLICK FILTER
21-03-2024 14:35:16.078Z;functions.remessa_pagamento;  CLICK NO FILTRO  STATUS DA REMESSA
21-03-2024 14:35:18.181Z;functions.remessa_pagamento;  APERTA TAB PARA ESCREVER O FILTRO
21-03-2024 14:35:20.299Z;functions.remessa_pagamento;  ESCREVE AUTORIZADO NO FILTRO
21-03-2024 14:35:22.401Z;functions.remessa_pagamento;  APERTA ENTER PARA SELECIONAR OS AUTORIZADOS
21-03-2024 14:35:45.506Z;functions.remessa_pagamento;  SEM REMESSA DE BORDERO AUTORIZADO
21-03-2024 14:35:46.412Z;functions.enter_contas_a_pagar;  CLICK - TOTVS - LINHA RM
21-03-2024 14:35:48.178Z;functions.enter_contas_a_pagar;  CLICK - BACK OFFICE
21-03-2024 14:35:51.069Z;functions.enter_contas_a_pagar;  CLICK - GESTAO FINANCEIRA
21-03-2024 14:35:58.850Z;functions.enter_contas_a_pagar;  CLICK - CONTAS A PAGAR
21-03-2024 14:36:00.055Z;functions.waitForImage;  LANÇAMENTOS image found.
21-03-2024 14:36:02.175Z;functions.enter_contas_a_pagar;  CLICA EM LANÇAMENTOS
21-03-2024 14:36:17.730Z;functions.waitForImage;  LICENCAS EXCEDIDAS image not found.
21-03-2024 14:36:17.730Z;functions.obter_intervalo_data;  VERIFICANDO A HORA ATUAL 14
21-03-2024 14:36:17.730Z;functions.obter_intervalo_data;  Data Inicial PENSAO antes da remoção: None
21-03-2024 14:36:17.745Z;functions.obter_intervalo_data;  Data Final PENSAO antes da remoção: None
21-03-2024 14:36:17.746Z;functions.obter_intervalo_data;  Data Inicial PENSAO após a remoção: None
21-03-2024 14:36:17.746Z;functions.obter_intervalo_data;  Data Final PENSAO após a remoção: None
21-03-2024 14:36:17.746Z;functions.obter_intervalo_data;  hoje -  2024-03-21 14:36:17.746071
21-03-2024 14:36:17.746Z;functions.data_filter;  DATA INICIO 27-03-2024
21-03-2024 14:36:17.746Z;functions.data_filter;  DATA FIM 02-04-2024
21-03-2024 14:36:17.746Z;functions.data_filter;  CLICK - SELECIONA A DATA DE QUARTA FEIRA E DA PROXIMA TERÇA
21-03-2024 14:36:17.746Z;functions.data_filter;  QUARTA-FEIRA: 27-03-2024
21-03-2024 14:36:17.746Z;functions.data_filter;  TERCA-FEIRA: 02-04-2024
21-03-2024 14:36:29.961Z;functions.data_filter;  CLICK - BUTÃO DE SELECAO DE FILTRO
21-03-2024 14:36:34.787Z;functions.data_filter;  INSERE - DATA DE QUARTA-FEIRA: 27-03-2024
21-03-2024 14:36:38.929Z;functions.data_filter;  INSERE - DATA DA PROX TERCA-FEIRA: 02-04-2024
21-03-2024 14:36:39.883Z;functions.data_filter;  CLICK - BUTÃO DE EXECUTAR O FILTRO
21-03-2024 14:36:46.631Z;functions.desmark_filter;  CLICK CHECKBOX LANÇAMENTOS A RECEBER
21-03-2024 14:36:48.522Z;functions.desmark_filter;  CLICK CHECKBOX LANÇAMENTOS BAIXADOS
21-03-2024 14:36:50.626Z;functions.desmark_filter;  CLICK CHECKBOX LANÇAMENTOS CANCELADOS
21-03-2024 14:36:52.886Z;functions.desmark_filter;  CLICK CHECKBOX LANÇAMENTOS FATURADOS
21-03-2024 14:36:55.225Z;functions.desmark_filter;  ATUALIZA O FILTRO
21-03-2024 14:36:55.225Z;functions.filter_clean;  FUNÇÃO LIMPA FILTRO
21-03-2024 14:36:55.548Z;functions.waitForImage;  FILTER CLEAN image found.
21-03-2024 14:36:57.655Z;functions.filter_clean;  CLICK NO BOTÃO X DO LIMPA FILTRO
21-03-2024 14:37:13.023Z;functions.waitForImage;  FILTER CLEAN image not found.
21-03-2024 14:37:28.256Z;functions.waitForImage;  FILTER CLEAN image not found.
21-03-2024 14:37:30.741Z;functions.tabela_vazia;  Texto extraido 0/0
21-03-2024 14:37:30.741Z;functions.tabela_vazia;  Count 0
21-03-2024 14:37:30.741Z;functions.tabela_vazia;  Type <class 'int'>
21-03-2024 14:37:32.743Z;functions.tabela_vazia;  SEM REMESSA DE FÉRIAS/RESCISÃO
21-03-2024 14:37:34.745Z;main.<module>;  SEM REMESSA DE PENSÃO
21-03-2024 14:37:37.757Z;errorhandler.__handle;  Property: Unknown Property name. [1:203: -ms-interpolation-mode]
21-03-2024 14:37:37.803Z;errorhandler.__handle;  Property: Unknown Property name. [1:353: -webkit-font-smoothing]
21-03-2024 14:37:37.817Z;errorhandler.__handle;  Property: Unknown Property name. [1:483: -ms-text-size-adjust]
21-03-2024 14:37:37.818Z;errorhandler.__handle;  Property: Unknown Property name. [1:518: -webkit-text-size-adjust]
21-03-2024 14:37:37.821Z;errorhandler.__handle;  Property: Unknown Property name. [1:612: mso-table-lspace]
21-03-2024 14:37:37.821Z;errorhandler.__handle;  Property: Unknown Property name. [1:642: mso-table-rspace]
21-03-2024 14:37:38.053Z;errorhandler.__handle;  Property: Unknown Property name. [1:4734: mso-hide]
21-03-2024 14:37:38.147Z;errorhandler.__handle;  Property: Unknown Property name. [1:13: -ms-interpolation-mode]
21-03-2024 14:37:38.163Z;errorhandler.__handle;  Property: Unknown Property name. [1:49: -webkit-font-smoothing]
21-03-2024 14:37:38.163Z;errorhandler.__handle;  Property: Unknown Property name. [1:134: -ms-text-size-adjust]
21-03-2024 14:37:38.163Z;errorhandler.__handle;  Property: Unknown Property name. [1:160: -webkit-text-size-adjust]
21-03-2024 14:37:38.163Z;errorhandler.__handle;  Property: Unknown Property name. [1:26: mso-table-lspace]
21-03-2024 14:37:38.163Z;errorhandler.__handle;  Property: Unknown Property name. [1:45: mso-table-rspace]
21-03-2024 14:37:38.194Z;errorhandler.__handle;  Property: Unknown Property name. [1:92: mso-hide]
21-03-2024 14:37:38.210Z;errorhandler.__handle;  Property: No ":" after name found: align-center [1:1: align-center]
21-03-2024 14:37:38.210Z;errorhandler.__handle;  Property: No property value found: align-center [1:1: align-center]
21-03-2024 14:37:38.210Z;errorhandler.__handle;  CSSStyleDeclaration: Syntax Error in Property: align-center
21-03-2024 14:37:38.210Z;errorhandler.__handle;  Property: Unknown Property name. [1:14: -ms-interpolation-mode]
21-03-2024 14:37:40.569Z;functions.emailFinalizado;  Warning e-mail sent.
21-03-2024 14:37:41.025Z;functions.encerra_prog;  RM ENCERRADO
