06-04-2024 06:30:14.878Z;functions.bot_text_art;      ____     
06-04-2024 06:30:14.878Z;functions.bot_text_art;     [____]    
06-04-2024 06:30:14.878Z;functions.bot_text_art;   |=]()()[=|  
06-04-2024 06:30:14.878Z;functions.bot_text_art;     _\==/__    _____    ____     _        _____    ___   _  __ 
06-04-2024 06:30:14.878Z;functions.bot_text_art;   |__|   |_|  |  _  \  / ___|   | |      |_   _| / ___| | |/ / 
06-04-2024 06:30:14.878Z;functions.bot_text_art;   |_|_/\_|_|  | |  | | | |      | |        | |   | |    | ' /  
06-04-2024 06:30:14.878Z;functions.bot_text_art;   | | __ | |  | |  | | | |      | |        | |   | |    |  <   
06-04-2024 06:30:14.878Z;functions.bot_text_art;   |_|[  ]|_|  | |__| | | |____  | |____   _| |_  | |__  | . \  
06-04-2024 06:30:14.878Z;functions.bot_text_art;   \_|_||_|_/  |_____/   \_____| |______| |_____| \ ___| |_|\_\ 
06-04-2024 06:30:14.878Z;functions.bot_text_art;     |_||_|    
06-04-2024 06:30:14.878Z;functions.bot_text_art;     | ||_|_   
06-04-2024 06:30:14.878Z;functions.bot_text_art;   |___||___|  
06-04-2024 06:30:14.878Z;functions.bot_text_art;               
06-04-2024 06:30:14.894Z;functions.open_RM;  OPEN PROGRAM RM
06-04-2024 06:30:20.409Z;functions.loggin_RM;  ACHOU O PANE PICTURE
06-04-2024 06:30:21.019Z;functions.loggin_RM;  ENCONTRA USE FIELD
06-04-2024 06:30:21.097Z;functions.loggin_RM;  DUPLO CLICK
06-04-2024 06:30:24.064Z;functions.loggin_RM;  ENTRAR USER_NAME
06-04-2024 06:30:24.711Z;functions.loggin_RM;  ENCONTRA PASS FIELD
06-04-2024 06:30:24.768Z;functions.loggin_RM;  CLICK
06-04-2024 06:30:26.877Z;functions.loggin_RM;  ENTRAR PASSWORD
06-04-2024 06:30:27.549Z;functions.loggin_RM;  ENTRAR RM
06-04-2024 06:50:32.112Z;functions.show_exception_and_exit;  'NoneType' object has no attribute 'click'
Traceback (most recent call last):
  File "C:\Projetos_Remessas\Remessa_Pensao\main.py", line 14, in <module>
    enter_coligada()
  File "C:\Projetos_Remessas\Remessa_Pensao\SUBPROGRAMS\functions.py", line 107, in enter_coligada
    click_context.click()
    ^^^^^^^^^^^^^^^^^^^
AttributeError: 'NoneType' object has no attribute 'click'
06-04-2024 06:50:32.534Z;functions.show_exception_and_exit;  RM FECHADO
06-04-2024 06:50:35.299Z;errorhandler.__handle;  Property: Unknown Property name. [1:203: -ms-interpolation-mode]
06-04-2024 06:50:35.299Z;errorhandler.__handle;  Property: Unknown Property name. [1:353: -webkit-font-smoothing]
06-04-2024 06:50:35.315Z;errorhandler.__handle;  Property: Unknown Property name. [1:483: -ms-text-size-adjust]
06-04-2024 06:50:35.315Z;errorhandler.__handle;  Property: Unknown Property name. [1:518: -webkit-text-size-adjust]
06-04-2024 06:50:35.315Z;errorhandler.__handle;  Property: Unknown Property name. [1:612: mso-table-lspace]
06-04-2024 06:50:35.315Z;errorhandler.__handle;  Property: Unknown Property name. [1:642: mso-table-rspace]
06-04-2024 06:50:35.362Z;errorhandler.__handle;  Property: Unknown Property name. [1:4734: mso-hide]
06-04-2024 06:50:35.377Z;errorhandler.__handle;  Property: Unknown Property name. [1:13: -ms-interpolation-mode]
06-04-2024 06:50:35.377Z;errorhandler.__handle;  Property: Unknown Property name. [1:49: -webkit-font-smoothing]
06-04-2024 06:50:35.377Z;errorhandler.__handle;  Property: Unknown Property name. [1:134: -ms-text-size-adjust]
06-04-2024 06:50:35.377Z;errorhandler.__handle;  Property: Unknown Property name. [1:160: -webkit-text-size-adjust]
06-04-2024 06:50:35.377Z;errorhandler.__handle;  Property: Unknown Property name. [1:26: mso-table-lspace]
06-04-2024 06:50:35.377Z;errorhandler.__handle;  Property: Unknown Property name. [1:45: mso-table-rspace]
06-04-2024 06:50:35.393Z;errorhandler.__handle;  Property: Unknown Property name. [1:92: mso-hide]
06-04-2024 06:50:35.393Z;errorhandler.__handle;  Property: No ":" after name found: align-center [1:1: align-center]
06-04-2024 06:50:35.393Z;errorhandler.__handle;  Property: No property value found: align-center [1:1: align-center]
06-04-2024 06:50:35.393Z;errorhandler.__handle;  CSSStyleDeclaration: Syntax Error in Property: align-center
06-04-2024 06:50:35.393Z;errorhandler.__handle;  Property: Unknown Property name. [1:14: -ms-interpolation-mode]
06-04-2024 06:50:37.909Z;functions.show_exception_and_exit;  EMAIL EXCEÇÃO ENVIADO
06-04-2024 06:50:37.909Z;functions.show_exception_and_exit;  ERRO - <class 'AttributeError'> / 'NoneType' object has no attribute 'click'
