05-05-2024 06:30:15.581Z;functions.bot_text_art;      ____     
05-05-2024 06:30:15.581Z;functions.bot_text_art;     [____]    
05-05-2024 06:30:15.581Z;functions.bot_text_art;   |=]()()[=|  
05-05-2024 06:30:15.581Z;functions.bot_text_art;     _\==/__    _____    ____     _        _____    ___   _  __ 
05-05-2024 06:30:15.596Z;functions.bot_text_art;   |__|   |_|  |  _  \  / ___|   | |      |_   _| / ___| | |/ / 
05-05-2024 06:30:15.596Z;functions.bot_text_art;   |_|_/\_|_|  | |  | | | |      | |        | |   | |    | ' /  
05-05-2024 06:30:15.596Z;functions.bot_text_art;   | | __ | |  | |  | | | |      | |        | |   | |    |  <   
05-05-2024 06:30:15.596Z;functions.bot_text_art;   |_|[  ]|_|  | |__| | | |____  | |____   _| |_  | |__  | . \  
05-05-2024 06:30:15.596Z;functions.bot_text_art;   \_|_||_|_/  |_____/   \_____| |______| |_____| \ ___| |_|\_\ 
05-05-2024 06:30:15.596Z;functions.bot_text_art;     |_||_|    
05-05-2024 06:30:15.596Z;functions.bot_text_art;     | ||_|_   
05-05-2024 06:30:15.596Z;functions.bot_text_art;   |___||___|  
05-05-2024 06:30:15.596Z;functions.bot_text_art;               
05-05-2024 06:30:15.596Z;functions.open_RM;  OPEN PROGRAM RM
05-05-2024 06:30:20.970Z;functions.loggin_RM;  ACHOU O PANE PICTURE
05-05-2024 06:30:21.610Z;functions.loggin_RM;  ENCONTRA USE FIELD
05-05-2024 06:30:21.689Z;functions.loggin_RM;  DUPLO CLICK
05-05-2024 06:30:24.677Z;functions.loggin_RM;  ENTRAR USER_NAME
05-05-2024 06:30:25.315Z;functions.loggin_RM;  ENCONTRA PASS FIELD
05-05-2024 06:30:25.377Z;functions.loggin_RM;  CLICK
05-05-2024 06:30:27.486Z;functions.loggin_RM;  ENTRAR PASSWORD
05-05-2024 06:30:28.159Z;functions.loggin_RM;  ENTRAR RM
05-05-2024 06:30:48.065Z;functions.enter_coligada;  CLICK CONTEXTO
05-05-2024 06:30:51.955Z;functions.enter_coligada;  CLICK ALTERAR MODULO DO CONTEXTO
05-05-2024 06:30:54.258Z;functions.enter_coligada;  INSERE O COLIGADA CODE = 1
05-05-2024 06:30:54.359Z;functions.enter_coligada;  APERTA TAB PARA PREENCHER O CAMPO COM A STRING: OCEANICA ENGENHARIA E CONSULTORIA S.A.
05-05-2024 06:30:55.220Z;functions.enter_coligada;  CLICK AVANÇAR NOVAMENTE
05-05-2024 06:30:56.033Z;functions.enter_coligada;  CLICK CONCLUIR
05-05-2024 06:31:06.002Z;functions.enter_coligada;  POP UP COLIGADA DESAPARECER
05-05-2024 06:31:06.598Z;functions.check_movimentacao_bancaria;  CLICK - TOTVS - LINHA RM
05-05-2024 06:31:07.627Z;functions.check_movimentacao_bancaria;  CLICK - BACK OFFICE
05-05-2024 06:31:09.892Z;functions.check_movimentacao_bancaria;  CLICK - GESTAO FINANCEIRA
05-05-2024 06:31:12.424Z;functions.movimentacao_bancaria;  CLICK NA ABA MOVIMENTAÇÃO BANCARIA
05-05-2024 06:31:14.534Z;functions.waitForImage;  IMAGEM BORDERO image found.
05-05-2024 06:31:16.665Z;functions.movimentacao_bancaria;  IMAGEM BORDERO CLICADA.
05-05-2024 06:31:27.238Z;functions.waitForImage;  LICENCAS EXCEDIDAS image not found.
05-05-2024 06:31:29.784Z;functions.waitForImage;  LICENCE SERVER image not found.
05-05-2024 06:31:30.362Z;functions.movimentacao_bancaria;  ENCONTROU O FILTRO DA MOVIMENTAÇÃO BANCÁRIA
05-05-2024 06:31:30.394Z;functions.movimentacao_bancaria;  CLICA NA ABA SUPERIOR DO FILTRO
05-05-2024 06:31:34.598Z;functions.movimentacao_bancaria;  SELECIONA O FILTRO HOJE
05-05-2024 06:31:34.598Z;functions.filter_clean;  FUNÇÃO LIMPA FILTRO
05-05-2024 06:31:36.529Z;functions.waitForImage;  FILTER CLEAN image found.
05-05-2024 06:31:38.656Z;functions.filter_clean;  CLICK NO BOTÃO X DO LIMPA FILTRO
05-05-2024 06:31:53.784Z;functions.waitForImage;  FILTER CLEAN image not found.
05-05-2024 06:32:08.916Z;functions.waitForImage;  FILTER CLEAN image not found.
05-05-2024 06:32:26.883Z;functions.movimentacao_bancaria;  SEM REGISTROS DE PROCESSO DE BORDERO PENDENTE
05-05-2024 06:32:26.883Z;functions.filter_clean;  FUNÇÃO LIMPA FILTRO
05-05-2024 06:32:42.008Z;functions.waitForImage;  FILTER CLEAN image not found.
05-05-2024 06:32:57.108Z;functions.waitForImage;  FILTER CLEAN image not found.
05-05-2024 06:33:12.255Z;functions.waitForImage;  FILTER CLEAN image not found.
05-05-2024 06:33:44.220Z;functions.remessa_pagamento;  SEM PROCESSO DE BORDERO AUTORIZADO
05-05-2024 06:33:46.658Z;errorhandler.__handle;  Property: Unknown Property name. [1:203: -ms-interpolation-mode]
05-05-2024 06:33:46.673Z;errorhandler.__handle;  Property: Unknown Property name. [1:353: -webkit-font-smoothing]
05-05-2024 06:33:46.673Z;errorhandler.__handle;  Property: Unknown Property name. [1:483: -ms-text-size-adjust]
05-05-2024 06:33:46.673Z;errorhandler.__handle;  Property: Unknown Property name. [1:518: -webkit-text-size-adjust]
05-05-2024 06:33:46.673Z;errorhandler.__handle;  Property: Unknown Property name. [1:612: mso-table-lspace]
05-05-2024 06:33:46.673Z;errorhandler.__handle;  Property: Unknown Property name. [1:642: mso-table-rspace]
05-05-2024 06:33:46.727Z;errorhandler.__handle;  Property: Unknown Property name. [1:4734: mso-hide]
05-05-2024 06:33:46.757Z;errorhandler.__handle;  Property: Unknown Property name. [1:13: -ms-interpolation-mode]
05-05-2024 06:33:46.758Z;errorhandler.__handle;  Property: Unknown Property name. [1:49: -webkit-font-smoothing]
05-05-2024 06:33:46.759Z;errorhandler.__handle;  Property: Unknown Property name. [1:134: -ms-text-size-adjust]
05-05-2024 06:33:46.759Z;errorhandler.__handle;  Property: Unknown Property name. [1:160: -webkit-text-size-adjust]
05-05-2024 06:33:46.760Z;errorhandler.__handle;  Property: Unknown Property name. [1:26: mso-table-lspace]
05-05-2024 06:33:46.760Z;errorhandler.__handle;  Property: Unknown Property name. [1:45: mso-table-rspace]
05-05-2024 06:33:46.767Z;errorhandler.__handle;  Property: Unknown Property name. [1:92: mso-hide]
05-05-2024 06:33:46.767Z;errorhandler.__handle;  Property: No ":" after name found: align-center [1:1: align-center]
05-05-2024 06:33:46.767Z;errorhandler.__handle;  Property: No property value found: align-center [1:1: align-center]
05-05-2024 06:33:46.767Z;errorhandler.__handle;  CSSStyleDeclaration: Syntax Error in Property: align-center
05-05-2024 06:33:46.767Z;errorhandler.__handle;  Property: Unknown Property name. [1:14: -ms-interpolation-mode]
05-05-2024 06:33:49.362Z;functions.emailFinalizado;  Warning e-mail sent.
05-05-2024 06:33:49.442Z;functions.encerra_prog;  RM ENCERRADO
