25-01-2024 14:30:22.618Z;functions.bot_text_art;      ____     
25-01-2024 14:30:22.618Z;functions.bot_text_art;     [____]    
25-01-2024 14:30:22.618Z;functions.bot_text_art;   |=]()()[=|  
25-01-2024 14:30:22.618Z;functions.bot_text_art;     _\==/__    _____    ____     _        _____    ___   _  __ 
25-01-2024 14:30:22.618Z;functions.bot_text_art;   |__|   |_|  |  _  \  / ___|   | |      |_   _| / ___| | |/ / 
25-01-2024 14:30:22.618Z;functions.bot_text_art;   |_|_/\_|_|  | |  | | | |      | |        | |   | |    | ' /  
25-01-2024 14:30:22.618Z;functions.bot_text_art;   | | __ | |  | |  | | | |      | |        | |   | |    |  <   
25-01-2024 14:30:22.618Z;functions.bot_text_art;   |_|[  ]|_|  | |__| | | |____  | |____   _| |_  | |__  | . \  
25-01-2024 14:30:22.618Z;functions.bot_text_art;   \_|_||_|_/  |_____/   \_____| |______| |_____| \ ___| |_|\_\ 
25-01-2024 14:30:22.618Z;functions.bot_text_art;     |_||_|    
25-01-2024 14:30:22.618Z;functions.bot_text_art;     | ||_|_   
25-01-2024 14:30:22.618Z;functions.bot_text_art;   |___||___|  
25-01-2024 14:30:22.618Z;functions.bot_text_art;               
25-01-2024 14:30:22.618Z;functions.open_RM;  OPEN PROGRAM RM
25-01-2024 14:30:28.665Z;functions.loggin_RM;  ENTRAR USER_NAME
25-01-2024 14:30:29.513Z;functions.loggin_RM;  ENTRAR PASSWORD
25-01-2024 14:30:30.242Z;functions.loggin_RM;  ENTRAR RM
25-01-2024 14:30:58.309Z;functions.enter_coligada;  CLICK CONTEXTO
25-01-2024 14:31:02.229Z;functions.enter_coligada;  CLICK COLIGADA 1
25-01-2024 14:31:03.695Z;functions.enter_coligada;  CLICK AVANÇAR
25-01-2024 14:31:05.332Z;functions.enter_coligada;  INSERE O COLIGADA CODE = 1
25-01-2024 14:31:05.433Z;functions.enter_coligada;  APERTA TAB PARA PREENCHER O CAMPO COM A STRING: OCEANICA ENGENHARIA E CONSULTORIA S.A.
25-01-2024 14:31:06.473Z;functions.enter_coligada;  CLICK AVANÇAR NOVAMENTE
25-01-2024 14:31:07.336Z;functions.enter_coligada;  CLICK CONCLUIR
25-01-2024 14:31:18.180Z;functions.enter_coligada;  POP UP COLIGADA DESAPARECER
25-01-2024 14:31:18.789Z;functions.enter_contas_a_pagar;  CLICK - TOTVS - LINHA RM
25-01-2024 14:31:19.899Z;functions.enter_contas_a_pagar;  CLICK - BACK OFFICE
25-01-2024 14:31:20.609Z;functions.enter_contas_a_pagar;  CLICK - GESTAO FINANCEIRA
25-01-2024 14:31:25.931Z;functions.enter_contas_a_pagar;  CLICK - CONTAS A PAGAR
25-01-2024 14:31:25.990Z;functions.waitForImage;  LANÇAMENTOS image found.
25-01-2024 14:31:28.115Z;functions.enter_contas_a_pagar;  CLICA EM LANÇAMENTOS
25-01-2024 14:31:43.673Z;functions.waitForImage;  LICENCAS EXCEDIDAS image not found.
25-01-2024 14:31:43.673Z;functions.data_filter;  DATA INICIO 31-01-2024
25-01-2024 14:31:43.673Z;functions.data_filter;  DATA FIM 06-02-2024
25-01-2024 14:31:43.673Z;functions.data_filter;  CLICK - SELECIONA A DATA DE QUARTA FEIRA E DA PROXIMA TERÇA
25-01-2024 14:31:43.673Z;functions.data_filter;  QUARTA-FEIRA: 31-01-2024
25-01-2024 14:31:43.673Z;functions.data_filter;  TERCA-FEIRA: 06-02-2024
25-01-2024 14:31:46.632Z;functions.data_filter;  ESCREVE REMESSA BANCÁRIA NO FILTRO
25-01-2024 14:31:47.248Z;functions.data_filter;  CLICK - BUTÃO DE SELECAO DE FILTRO
25-01-2024 14:31:49.117Z;functions.data_filter;  INSERE - DATA DE QUARTA-FEIRA: 31-01-2024
25-01-2024 14:31:50.663Z;functions.data_filter;  INSERE - DATA DA PROX TERCA-FEIRA: 06-02-2024
25-01-2024 14:31:51.304Z;functions.data_filter;  CLICK - BUTÃO DE EXECUTAR O FILTRO
25-01-2024 14:31:57.117Z;functions.desmark_filter;  CLICK CHECKBOX LANÇAMENTOS A RECEBER
25-01-2024 14:31:57.960Z;functions.desmark_filter;  CLICK CHECKBOX LANÇAMENTOS BAIXADOS
25-01-2024 14:31:58.790Z;functions.desmark_filter;  CLICK CHECKBOX LANÇAMENTOS CANCELADOS
25-01-2024 14:31:59.712Z;functions.desmark_filter;  CLICK CHECKBOX LANÇAMENTOS FATURADOS
25-01-2024 14:32:00.649Z;functions.desmark_filter;  ATUALIZA O FILTRO
25-01-2024 14:32:00.649Z;functions.filter_clean;  FUNÇÃO LIMPA FILTRO, 60 segundos
25-01-2024 14:33:01.171Z;functions.waitForImage;  FILTER CLEAN image not found.
25-01-2024 14:33:01.171Z;functions.tabela_vazia;  VERIFICANDO SE A TABELA ESTÁ VAZIA
25-01-2024 14:33:13.883Z;functions.tabela_vazia;  Para este processo é necessário que existam registros na visão.
25-01-2024 14:33:17.993Z;functions.tabela_vazia;  SEM REMESSA DE PENSÃO
25-01-2024 14:33:19.994Z;main.<module>;  SEM REMESSA DE PENSÃO
25-01-2024 14:33:22.461Z;errorhandler.__handle;  CSSStyleDeclaration: Unexpected token, ignoring upto '{        border: none;'. [1:174: {]
25-01-2024 14:33:22.461Z;errorhandler.__handle;  Property: Unknown Property name. [1:204: -ms-interpolation-mode]
25-01-2024 14:33:22.461Z;errorhandler.__handle;  CSSStyleDeclaration: Unexpected token, ignoring upto '}'. [1:267: }]
25-01-2024 14:33:22.461Z;errorhandler.__handle;  CSSStyleDeclaration: Unexpected token, ignoring upto '{        background-color: #f6f6f6;'. [1:281: {]
25-01-2024 14:33:22.461Z;errorhandler.__handle;  Property: Unknown Property name. [1:356: -webkit-font-smoothing]
25-01-2024 14:33:22.461Z;errorhandler.__handle;  Property: Unknown Property name. [1:486: -ms-text-size-adjust]
25-01-2024 14:33:22.461Z;errorhandler.__handle;  Property: Unknown Property name. [1:521: -webkit-text-size-adjust]
25-01-2024 14:33:22.461Z;errorhandler.__handle;  CSSStyleDeclaration: Unexpected token, ignoring upto '}'. [1:559: }]
25-01-2024 14:33:22.461Z;errorhandler.__handle;  CSSStyleDeclaration: Unexpected token, ignoring upto '{        border-collapse: separate;'. [1:574: {]
25-01-2024 14:33:22.461Z;errorhandler.__handle;  Property: Unknown Property name. [1:617: mso-table-lspace]
25-01-2024 14:33:22.461Z;errorhandler.__handle;  Property: Unknown Property name. [1:647: mso-table-rspace]
25-01-2024 14:33:22.476Z;errorhandler.__handle;  CSSStyleDeclaration: Unexpected token, ignoring upto '}'. [1:690: }]
25-01-2024 14:33:22.476Z;errorhandler.__handle;  CSSStyleDeclaration: Unexpected token, ignoring upto '{          font-family: sans-serif;'. [1:710: {]
25-01-2024 14:33:22.476Z;errorhandler.__handle;  CSSStyleDeclaration: Unexpected token, ignoring upto '}'. [1:808: }]
25-01-2024 14:33:22.476Z;errorhandler.__handle;  CSSStyleDeclaration: Unexpected token, ignoring upto '{        background-color: #f6f6f6;'. [1:941: {]
25-01-2024 14:33:22.476Z;errorhandler.__handle;  CSSStyleDeclaration: Unexpected token, ignoring upto '}'. [1:1003: }]
25-01-2024 14:33:22.476Z;errorhandler.__handle;  CSSStyleDeclaration: Unexpected token, ignoring upto '{        display: block;'. [1:1178: {]
25-01-2024 14:33:22.476Z;errorhandler.__handle;  CSSStyleDeclaration: Unexpected token, ignoring upto '}'. [1:1342: }]
25-01-2024 14:33:22.476Z;errorhandler.__handle;  CSSStyleDeclaration: Unexpected token, ignoring upto '{        box-sizing: border-box;'. [1:1452: {]
25-01-2024 14:33:22.476Z;errorhandler.__handle;  CSSStyleDeclaration: Unexpected token, ignoring upto '}'. [1:1584: }]
25-01-2024 14:33:22.476Z;errorhandler.__handle;  CSSStyleDeclaration: Unexpected token, ignoring upto '{        background: #ffffff;'. [1:1721: {]
25-01-2024 14:33:22.476Z;errorhandler.__handle;  CSSStyleDeclaration: Unexpected token, ignoring upto '}'. [1:1804: }]
25-01-2024 14:33:22.476Z;errorhandler.__handle;  CSSStyleDeclaration: Unexpected token, ignoring upto '{        box-sizing: border-box;'. [1:1822: {]
25-01-2024 14:33:22.476Z;errorhandler.__handle;  CSSStyleDeclaration: Unexpected token, ignoring upto '}'. [1:1883: }]
25-01-2024 14:33:22.476Z;errorhandler.__handle;  CSSStyleDeclaration: Unexpected token, ignoring upto '{        padding-bottom: 10px;'. [1:1907: {]
25-01-2024 14:33:22.476Z;errorhandler.__handle;  CSSStyleDeclaration: Unexpected token, ignoring upto '}'. [1:1969: }]
25-01-2024 14:33:22.476Z;errorhandler.__handle;  CSSStyleDeclaration: Unexpected token, ignoring upto '{        clear: both;'. [1:1986: {]
25-01-2024 14:33:22.476Z;errorhandler.__handle;  CSSStyleDeclaration: Unexpected token, ignoring upto '}'. [1:2086: }]
25-01-2024 14:33:22.476Z;errorhandler.__handle;  CSSStyleDeclaration: Unexpected token, ignoring upto '{          color: #999999;'. [1:2165: {]
25-01-2024 14:33:22.476Z;errorhandler.__handle;  CSSStyleDeclaration: Unexpected token, ignoring upto '}'. [1:2253: }]
25-01-2024 14:33:22.476Z;errorhandler.__handle;  CSSStyleDeclaration: Unexpected token, ignoring upto '{        color: #000000;'. [1:2404: {]
25-01-2024 14:33:22.476Z;errorhandler.__handle;  CSSStyleDeclaration: Unexpected token, ignoring upto '}'. [1:2563: }]
25-01-2024 14:33:22.476Z;errorhandler.__handle;  CSSStyleDeclaration: Unexpected token, ignoring upto '{        font-size: 35px;'. [1:2575: {]
25-01-2024 14:33:22.476Z;errorhandler.__handle;  CSSStyleDeclaration: Unexpected token, ignoring upto '}'. [1:2694: }]
25-01-2024 14:33:22.476Z;errorhandler.__handle;  CSSStyleDeclaration: Unexpected token, ignoring upto '{        font-family: sans-serif;'. [1:2723: {]
25-01-2024 14:33:22.476Z;errorhandler.__handle;  CSSStyleDeclaration: Unexpected token, ignoring upto '}'. [1:2861: }]
25-01-2024 14:33:22.476Z;errorhandler.__handle;  CSSStyleDeclaration: Unexpected token, ignoring upto '{          list-style-position: inside;'. [1:2905: {]
25-01-2024 14:33:22.492Z;errorhandler.__handle;  CSSStyleDeclaration: Unexpected token, ignoring upto '}'. [1:2978: }]
25-01-2024 14:33:22.492Z;errorhandler.__handle;  CSSStyleDeclaration: Unexpected token, ignoring upto '{        color: #3498db;'. [1:2989: {]
25-01-2024 14:33:22.492Z;errorhandler.__handle;  CSSStyleDeclaration: Unexpected token, ignoring upto '}'. [1:3055: }]
25-01-2024 14:33:22.492Z;errorhandler.__handle;  CSSStyleDeclaration: Unexpected token, ignoring upto '{        box-sizing: border-box;'. [1:3178: {]
25-01-2024 14:33:22.492Z;errorhandler.__handle;  CSSStyleDeclaration: Unexpected token, ignoring upto '}'. [1:3231: }]
25-01-2024 14:33:22.492Z;errorhandler.__handle;  CSSStyleDeclaration: Unexpected token, ignoring upto '{          padding-bottom: 15px;'. [1:3265: {]
25-01-2024 14:33:22.492Z;errorhandler.__handle;  CSSStyleDeclaration: Unexpected token, ignoring upto '}'. [1:3298: }]
25-01-2024 14:33:22.492Z;errorhandler.__handle;  CSSStyleDeclaration: Unexpected token, ignoring upto '{          width: auto;'. [1:3320: {]
25-01-2024 14:33:22.492Z;errorhandler.__handle;  CSSStyleDeclaration: Unexpected token, ignoring upto '}'. [1:3350: }]
25-01-2024 14:33:22.492Z;errorhandler.__handle;  CSSStyleDeclaration: Unexpected token, ignoring upto '{          background-color: #ffffff;'. [1:3375: {]
25-01-2024 14:33:22.492Z;errorhandler.__handle;  CSSStyleDeclaration: Unexpected token, ignoring upto '}'. [1:3477: }]
25-01-2024 14:33:22.492Z;errorhandler.__handle;  CSSStyleDeclaration: Unexpected token, ignoring upto '{          background-color: #ffffff;'. [1:3495: {]
25-01-2024 14:33:22.523Z;errorhandler.__handle;  CSSStyleDeclaration: Unexpected token, ignoring upto '}'. [1:3892: }]
25-01-2024 14:33:22.523Z;errorhandler.__handle;  CSSStyleDeclaration: Unexpected token, ignoring upto '{        background-color: #3498db;'. [1:3923: {]
25-01-2024 14:33:22.523Z;errorhandler.__handle;  CSSStyleDeclaration: Unexpected token, ignoring upto '}'. [1:3965: }]
25-01-2024 14:33:22.523Z;errorhandler.__handle;  CSSStyleDeclaration: Unexpected token, ignoring upto '{        background-color: #3498db;'. [1:3989: {]
25-01-2024 14:33:22.539Z;errorhandler.__handle;  CSSStyleDeclaration: Unexpected token, ignoring upto '}'. [1:4084: }]
25-01-2024 14:33:22.539Z;errorhandler.__handle;  CSSStyleDeclaration: Unexpected token, ignoring upto '{        margin-bottom: 0;'. [1:4234: {]
25-01-2024 14:33:22.539Z;errorhandler.__handle;  CSSStyleDeclaration: Unexpected token, ignoring upto '}'. [1:4267: }]
25-01-2024 14:33:22.539Z;errorhandler.__handle;  CSSStyleDeclaration: Unexpected token, ignoring upto '{        margin-top: 0;'. [1:4283: {]
25-01-2024 14:33:22.539Z;errorhandler.__handle;  CSSStyleDeclaration: Unexpected token, ignoring upto '}'. [1:4313: }]
25-01-2024 14:33:22.539Z;errorhandler.__handle;  CSSStyleDeclaration: Unexpected token, ignoring upto '{        text-align: center;'. [1:4336: {]
25-01-2024 14:33:22.539Z;errorhandler.__handle;  CSSStyleDeclaration: Unexpected token, ignoring upto '}'. [1:4371: }]
25-01-2024 14:33:22.539Z;errorhandler.__handle;  CSSStyleDeclaration: Unexpected token, ignoring upto '{        text-align: right;'. [1:4393: {]
25-01-2024 14:33:22.539Z;errorhandler.__handle;  CSSStyleDeclaration: Unexpected token, ignoring upto '}'. [1:4427: }]
25-01-2024 14:33:22.539Z;errorhandler.__handle;  CSSStyleDeclaration: Unexpected token, ignoring upto '{        text-align: left;'. [1:4448: {]
25-01-2024 14:33:22.539Z;errorhandler.__handle;  CSSStyleDeclaration: Unexpected token, ignoring upto '}'. [1:4481: }]
25-01-2024 14:33:22.539Z;errorhandler.__handle;  CSSStyleDeclaration: Unexpected token, ignoring upto '{        clear: both;'. [1:4497: {]
25-01-2024 14:33:22.539Z;errorhandler.__handle;  CSSStyleDeclaration: Unexpected token, ignoring upto '}'. [1:4525: }]
25-01-2024 14:33:22.539Z;errorhandler.__handle;  CSSStyleDeclaration: Unexpected token, ignoring upto '{        margin-top: 0;'. [1:4539: {]
25-01-2024 14:33:22.539Z;errorhandler.__handle;  CSSStyleDeclaration: Unexpected token, ignoring upto '}'. [1:4569: }]
25-01-2024 14:33:22.539Z;errorhandler.__handle;  CSSStyleDeclaration: Unexpected token, ignoring upto '{        margin-bottom: 0;'. [1:4583: {]
25-01-2024 14:33:22.539Z;errorhandler.__handle;  CSSStyleDeclaration: Unexpected token, ignoring upto '}'. [1:4616: }]
25-01-2024 14:33:22.539Z;errorhandler.__handle;  CSSStyleDeclaration: Unexpected token, ignoring upto '{        color: transparent;'. [1:4636: {]
25-01-2024 14:33:22.539Z;errorhandler.__handle;  Property: Unknown Property name. [1:4799: mso-hide]
25-01-2024 14:33:22.539Z;errorhandler.__handle;  CSSStyleDeclaration: Unexpected token, ignoring upto '}'. [1:4864: }]
25-01-2024 14:33:22.539Z;errorhandler.__handle;  CSSStyleDeclaration: Unexpected token, ignoring upto '{        text-decoration: none;'. [1:4887: {]
25-01-2024 14:33:22.539Z;errorhandler.__handle;  CSSStyleDeclaration: Unexpected token, ignoring upto '}'. [1:4925: }]
25-01-2024 14:33:22.539Z;errorhandler.__handle;  CSSStyleDeclaration: Unexpected token, ignoring upto '{        border: 0;'. [1:4937: {]
25-01-2024 14:33:22.539Z;errorhandler.__handle;  CSSStyleDeclaration: Unexpected token, ignoring upto '}'. [1:5027: }]
25-01-2024 14:33:22.539Z;errorhandler.__handle;  CSSStyleRule: No selector found: '{        table.body h1 {{          font-size: 28px !important;          margin-bottom: 10px !important;         }}        table.body p,        table.body ul,        table.body ol,        table.body td,        table.body span,        table.body a {{          font-size: 16px !important;         }}        table.body .wrapper,        table.body .article {{          padding: 10px !important;         }}        table.body .content {{          padding: 0 !important;         }}        table.body .container {{          padding: 0 !important;          width: 100% !important;         }}        table.body .main {{          border-left-width: 0 !important;          border-radius: 0 !important;          border-right-width: 0 !important;         }}        table.body .btn table {{          width: 100% !important;         }}        table.body .btn a {{          width: 100% !important;         }}        table.body .img-responsive {{          height: auto !important;          max-width: 100% !important;          width: auto !important;         }}      }'. [1:5217: {]
25-01-2024 14:33:22.539Z;errorhandler.__handle;  SelectorList: Unknown Syntax: ''
25-01-2024 14:33:22.539Z;errorhandler.__handle;  Property: No ":" after name found: table.body h1 {{          font-size: 28px !important;          margin-bottom: 10px !important;         }}        table.body p,        table.body ul,        table.body ol,        table.body td,        table.body span,        table.body a {{          font-size: 16px !important;         }}        table.body .wrapper,        table.body .article {{          padding: 10px !important;         }}        table.body .content {{          padding: 0 !important;         }}        table.body .container {{          padding: 0 !important;          width: 100% !important;         }}        table.body .main {{          border-left-width: 0 !important;          border-radius: 0 !important;          border-right-width: 0 !important;         }}        table.body .btn table {{          width: 100% !important;         }}        table.body .btn a {{          width: 100% !important;         }}        table.body .img-responsive {{          height: auto !important;          max-width: 100% !important;          width: auto !important;         }}       [1:6259:       ]
25-01-2024 14:33:22.539Z;errorhandler.__handle;  Property: No property value found: table.body h1 {{          font-size: 28px !important;          margin-bottom: 10px !important;         }}        table.body p,        table.body ul,        table.body ol,        table.body td,        table.body span,        table.body a {{          font-size: 16px !important;         }}        table.body .wrapper,        table.body .article {{          padding: 10px !important;         }}        table.body .content {{          padding: 0 !important;         }}        table.body .container {{          padding: 0 !important;          width: 100% !important;         }}        table.body .main {{          border-left-width: 0 !important;          border-radius: 0 !important;          border-right-width: 0 !important;         }}        table.body .btn table {{          width: 100% !important;         }}        table.body .btn a {{          width: 100% !important;         }}        table.body .img-responsive {{          height: auto !important;          max-width: 100% !important;          width: auto !important;         }}       [1:6259:       ]
25-01-2024 14:33:22.539Z;errorhandler.__handle;  CSSStyleDeclaration: Syntax Error in Property: table.body h1 {{          font-size: 28px !important;          margin-bottom: 10px !important;         }}        table.body p,        table.body ul,        table.body ol,        table.body td,        table.body span,        table.body a {{          font-size: 16px !important;         }}        table.body .wrapper,        table.body .article {{          padding: 10px !important;         }}        table.body .content {{          padding: 0 !important;         }}        table.body .container {{          padding: 0 !important;          width: 100% !important;         }}        table.body .main {{          border-left-width: 0 !important;          border-radius: 0 !important;          border-right-width: 0 !important;         }}        table.body .btn table {{          width: 100% !important;         }}        table.body .btn a {{          width: 100% !important;         }}        table.body .img-responsive {{          height: auto !important;          max-width: 100% !important;          width: auto !important;         }}      
25-01-2024 14:33:22.539Z;errorhandler.__handle;  CSSStyleRule: No selector found: '{        .ExternalClass {{          width: 100%;         }}        .ExternalClass,        .ExternalClass p,        .ExternalClass span,        .ExternalClass font,        .ExternalClass td,        .ExternalClass div {{          line-height: 100%;         }}        .apple-link a {{          color: inherit !important;          font-family: inherit !important;          font-size: inherit !important;          font-weight: inherit !important;          line-height: inherit !important;          text-decoration: none !important;         }}        #MessageViewBody a {{          color: inherit;          text-decoration: none;          font-size: inherit;          font-family: inherit;          font-weight: inherit;          line-height: inherit;        }}        .btn-primary table td:hover {{          background-color: #34495e !important;         }}        .btn-primary a:hover {{          background-color: #34495e !important;          border-color: #34495e !important;         }}       }'. [1:6420: {]
25-01-2024 14:33:22.539Z;errorhandler.__handle;  SelectorList: Unknown Syntax: ''
25-01-2024 14:33:22.539Z;errorhandler.__handle;  CSSStyleDeclaration: Unexpected token, ignoring upto '.ExternalClass {{          width: 100%;         }}        .ExternalClass,        .ExternalClass p,        .ExternalClass span,        .ExternalClass font,        .ExternalClass td,        .ExternalClass div {{          line-height: 100%;         }}        .apple-link a {{          color: inherit !important;          font-family: inherit !important;          font-size: inherit !important;          font-weight: inherit !important;          line-height: inherit !important;          text-decoration: none !important;         }}        #MessageViewBody a {{          color: inherit;          text-decoration: none;          font-size: inherit;          font-family: inherit;          font-weight: inherit;          line-height: inherit;        }}        .btn-primary table td:hover {{          background-color: #34495e !important;         }}        .btn-primary a:hover {{          background-color: #34495e !important;          border-color: #34495e !important;         }}       '. [1:6429: .]
25-01-2024 14:33:22.554Z;errorhandler.__handle;  Property: Unknown Property name. [1:1: -ms-interpolation-mode]
25-01-2024 14:33:22.554Z;errorhandler.__handle;  Property: Unknown Property name. [1:24: -webkit-font-smoothing]
25-01-2024 14:33:22.554Z;errorhandler.__handle;  Property: Unknown Property name. [1:109: -ms-text-size-adjust]
25-01-2024 14:33:22.554Z;errorhandler.__handle;  Property: Unknown Property name. [1:135: -webkit-text-size-adjust]
25-01-2024 14:33:22.554Z;errorhandler.__handle;  Property: Unknown Property name. [1:1: mso-table-lspace]
25-01-2024 14:33:22.554Z;errorhandler.__handle;  Property: Unknown Property name. [1:20: mso-table-rspace]
25-01-2024 14:33:22.554Z;errorhandler.__handle;  Property: Unknown Property name. [1:74: mso-hide]
25-01-2024 14:33:22.554Z;errorhandler.__handle;  Property: No ":" after name found: align-center [1:1: align-center]
25-01-2024 14:33:22.554Z;errorhandler.__handle;  Property: No property value found: align-center [1:1: align-center]
25-01-2024 14:33:22.554Z;errorhandler.__handle;  CSSStyleDeclaration: Syntax Error in Property: align-center
25-01-2024 14:33:22.570Z;errorhandler.__handle;  Property: Unknown Property name. [1:1: -ms-interpolation-mode]
25-01-2024 14:33:24.821Z;functions.emailSuccess;  Success e-mail sent.
25-01-2024 14:33:26.936Z;functions.encerra_prog;  FECHA A TABELA
25-01-2024 14:33:29.039Z;functions.encerra_prog;  FECHA O PROGRAMA
25-01-2024 14:33:31.141Z;functions.encerra_prog;  RM ENCERRADO
