22-04-2024 20:30:13.332Z;functions.bot_text_art;      ____     
22-04-2024 20:30:13.332Z;functions.bot_text_art;     [____]    
22-04-2024 20:30:13.332Z;functions.bot_text_art;   |=]()()[=|  
22-04-2024 20:30:13.332Z;functions.bot_text_art;     _\==/__    _____    ____     _        _____    ___   _  __ 
22-04-2024 20:30:13.332Z;functions.bot_text_art;   |__|   |_|  |  _  \  / ___|   | |      |_   _| / ___| | |/ / 
22-04-2024 20:30:13.332Z;functions.bot_text_art;   |_|_/\_|_|  | |  | | | |      | |        | |   | |    | ' /  
22-04-2024 20:30:13.332Z;functions.bot_text_art;   | | __ | |  | |  | | | |      | |        | |   | |    |  <   
22-04-2024 20:30:13.332Z;functions.bot_text_art;   |_|[  ]|_|  | |__| | | |____  | |____   _| |_  | |__  | . \  
22-04-2024 20:30:13.332Z;functions.bot_text_art;   \_|_||_|_/  |_____/   \_____| |______| |_____| \ ___| |_|\_\ 
22-04-2024 20:30:13.332Z;functions.bot_text_art;     |_||_|    
22-04-2024 20:30:13.332Z;functions.bot_text_art;     | ||_|_   
22-04-2024 20:30:13.332Z;functions.bot_text_art;   |___||___|  
22-04-2024 20:30:13.332Z;functions.bot_text_art;               
22-04-2024 20:30:13.332Z;functions.open_RM;  OPEN PROGRAM RM
22-04-2024 20:30:54.754Z;functions.loggin_RM;  ACHOU O PANE PICTURE
22-04-2024 20:30:55.410Z;functions.loggin_RM;  ENCONTRA USE FIELD
22-04-2024 20:30:55.523Z;functions.loggin_RM;  DUPLO CLICK
22-04-2024 20:30:58.531Z;functions.loggin_RM;  ENTRAR USER_NAME
22-04-2024 20:30:59.211Z;functions.loggin_RM;  ENCONTRA PASS FIELD
22-04-2024 20:30:59.289Z;functions.loggin_RM;  CLICK
22-04-2024 20:31:01.399Z;functions.loggin_RM;  ENTRAR PASSWORD
22-04-2024 20:31:02.128Z;functions.loggin_RM;  ENTRAR RM
22-04-2024 20:34:59.086Z;functions.enter_coligada;  CLICK CONTEXTO
22-04-2024 20:35:05.098Z;functions.enter_coligada;  CLICK ALTERAR MODULO DO CONTEXTO
22-04-2024 20:35:15.861Z;functions.enter_coligada;  INSERE O COLIGADA CODE = 1
22-04-2024 20:35:15.962Z;functions.enter_coligada;  APERTA TAB PARA PREENCHER O CAMPO COM A STRING: OCEANICA ENGENHARIA E CONSULTORIA S.A.
22-04-2024 20:35:26.644Z;functions.enter_coligada;  CLICK AVANÇAR NOVAMENTE
22-04-2024 20:35:31.567Z;functions.enter_coligada;  CLICK CONCLUIR
22-04-2024 20:35:52.660Z;functions.enter_coligada;  POP UP COLIGADA DESAPARECER
22-04-2024 20:36:34.496Z;functions.check_movimentacao_bancaria;  CLICK - TOTVS - LINHA RM
22-04-2024 20:36:37.926Z;functions.check_movimentacao_bancaria;  CLICK - BACK OFFICE
22-04-2024 20:36:40.238Z;functions.check_movimentacao_bancaria;  CLICK - GESTAO FINANCEIRA
22-04-2024 20:37:22.012Z;functions.movimentacao_bancaria;  CLICK NA ABA MOVIMENTAÇÃO BANCARIA
22-04-2024 20:37:24.154Z;functions.waitForImage;  IMAGEM BORDERO image found.
22-04-2024 20:37:26.285Z;functions.movimentacao_bancaria;  IMAGEM BORDERO CLICADA.
22-04-2024 20:37:36.790Z;functions.waitForImage;  LICENCAS EXCEDIDAS image not found.
22-04-2024 20:37:38.836Z;functions.waitForImage;  LICENCE SERVER image not found.
22-04-2024 20:37:43.551Z;functions.movimentacao_bancaria;  ENCONTROU O FILTRO DA MOVIMENTAÇÃO BANCÁRIA
22-04-2024 20:37:43.567Z;functions.movimentacao_bancaria;  CLICA NA ABA SUPERIOR DO FILTRO
22-04-2024 20:37:47.772Z;functions.movimentacao_bancaria;  SELECIONA O FILTRO HOJE
22-04-2024 20:37:47.772Z;functions.filter_clean;  FUNÇÃO LIMPA FILTRO
22-04-2024 20:37:57.319Z;functions.waitForImage;  FILTER CLEAN image found.
22-04-2024 20:37:59.444Z;functions.filter_clean;  CLICK NO BOTÃO X DO LIMPA FILTRO
22-04-2024 20:38:14.583Z;functions.waitForImage;  FILTER CLEAN image not found.
22-04-2024 20:38:29.800Z;functions.waitForImage;  FILTER CLEAN image not found.
22-04-2024 20:38:30.644Z;functions.movimentacao_bancaria;  CLICK NA PRIMEIRA LINHA DA TABELA MOVIMENTAÇÃO BANCÁRIA
22-04-2024 20:38:31.857Z;functions.movimentacao_bancaria;  12 PASSOS PARA DIREITA NA TABELA >>
22-04-2024 20:38:33.161Z;functions.movimentacao_bancaria;  HOVER FILTER
22-04-2024 20:38:33.553Z;functions.movimentacao_bancaria;  CLICK FILTER
22-04-2024 20:38:37.863Z;functions.movimentacao_bancaria;  CLICK NO FILTRO  STATUS DA REMESSA
22-04-2024 20:38:39.964Z;functions.movimentacao_bancaria;  APERTA TAB PARA ESCREVER O FILTRO
22-04-2024 20:38:42.069Z;functions.movimentacao_bancaria;  ESCREVE PENDENTE NO FILTRO
22-04-2024 20:38:44.171Z;functions.movimentacao_bancaria;  APERTA ENTER PARA SELECIONAR OS PENDENTES
22-04-2024 20:39:04.254Z;functions.movimentacao_bancaria;  SEM REGISTROS DE PROCESSO DE BORDERO PENDENTE
22-04-2024 20:39:04.254Z;functions.filter_clean;  FUNÇÃO LIMPA FILTRO
22-04-2024 20:39:04.379Z;functions.waitForImage;  FILTER CLEAN image found.
22-04-2024 20:39:06.494Z;functions.filter_clean;  CLICK NO BOTÃO X DO LIMPA FILTRO
22-04-2024 20:39:21.692Z;functions.waitForImage;  FILTER CLEAN image not found.
22-04-2024 20:39:36.847Z;functions.waitForImage;  FILTER CLEAN image not found.
22-04-2024 20:39:37.692Z;functions.remessa_pagamento;  CLICK NA PRIMEIRA LINHA DA TABELA MOVIMENTAÇÃO BANCÁRIA
22-04-2024 20:39:39.005Z;functions.remessa_pagamento;  HOVER FILTER
22-04-2024 20:39:39.307Z;functions.remessa_pagamento;  CLICK FILTER
22-04-2024 20:39:43.621Z;functions.remessa_pagamento;  CLICK NO FILTRO  STATUS DA REMESSA
22-04-2024 20:39:45.722Z;functions.remessa_pagamento;  APERTA TAB PARA ESCREVER O FILTRO
22-04-2024 20:39:47.830Z;functions.remessa_pagamento;  ESCREVE AUTORIZADO NO FILTRO
22-04-2024 20:39:49.931Z;functions.remessa_pagamento;  APERTA ENTER PARA SELECIONAR OS AUTORIZADOS
22-04-2024 20:40:11.005Z;functions.remessa_pagamento;  SEM REMESSA DE BORDERO AUTORIZADO
22-04-2024 20:40:11.614Z;functions.enter_contas_a_pagar;  CLICK - TOTVS - LINHA RM
22-04-2024 20:40:12.583Z;functions.enter_contas_a_pagar;  CLICK - BACK OFFICE
22-04-2024 20:40:13.279Z;functions.enter_contas_a_pagar;  CLICK - GESTAO FINANCEIRA
22-04-2024 20:41:03.630Z;functions.enter_contas_a_pagar;  CLICK - CONTAS A PAGAR
22-04-2024 20:41:03.773Z;functions.waitForImage;  LANÇAMENTOS image found.
22-04-2024 20:41:05.900Z;functions.enter_contas_a_pagar;  CLICA EM LANÇAMENTOS
22-04-2024 20:41:21.381Z;functions.waitForImage;  LICENCAS EXCEDIDAS image not found.
22-04-2024 20:41:21.387Z;functions.obter_intervalo_data;  VERIFICANDO A HORA ATUAL 20
22-04-2024 20:41:21.389Z;functions.obter_intervalo_data;  Data Inicial PENSAO antes da remoção: None
22-04-2024 20:41:21.389Z;functions.obter_intervalo_data;  Data Final PENSAO antes da remoção: None
22-04-2024 20:41:21.390Z;functions.obter_intervalo_data;  Data Inicial PENSAO após a remoção: None
22-04-2024 20:41:21.390Z;functions.obter_intervalo_data;  Data Final PENSAO após a remoção: None
22-04-2024 20:41:21.390Z;functions.obter_intervalo_data;  hoje -  2024-04-22 20:41:21.390435
22-04-2024 20:41:21.391Z;functions.data_filter;  DATA INICIO 24-04-2024
22-04-2024 20:41:21.391Z;functions.data_filter;  DATA FIM 30-04-2024
22-04-2024 20:41:21.391Z;functions.data_filter;  CLICK - SELECIONA A DATA DE QUARTA FEIRA E DA PROXIMA TERÇA
22-04-2024 20:41:21.391Z;functions.data_filter;  QUARTA-FEIRA: 24-04-2024
22-04-2024 20:41:21.391Z;functions.data_filter;  TERCA-FEIRA: 30-04-2024
22-04-2024 20:41:34.199Z;functions.data_filter;  CLICK - BUTÃO DE SELECAO DE FILTRO
22-04-2024 20:41:38.004Z;functions.data_filter;  INSERE - DATA DE QUARTA-FEIRA: 24-04-2024
22-04-2024 20:41:41.473Z;functions.data_filter;  INSERE - DATA DA PROX TERCA-FEIRA: 30-04-2024
22-04-2024 20:41:42.130Z;functions.data_filter;  CLICK - BUTÃO DE EXECUTAR O FILTRO
22-04-2024 20:41:56.552Z;functions.desmark_filter;  CLICK CHECKBOX LANÇAMENTOS A RECEBER
22-04-2024 20:41:57.399Z;functions.desmark_filter;  CLICK CHECKBOX LANÇAMENTOS BAIXADOS
22-04-2024 20:41:58.286Z;functions.desmark_filter;  CLICK CHECKBOX LANÇAMENTOS CANCELADOS
22-04-2024 20:41:59.192Z;functions.desmark_filter;  CLICK CHECKBOX LANÇAMENTOS FATURADOS
22-04-2024 20:42:00.129Z;functions.desmark_filter;  ATUALIZA O FILTRO
22-04-2024 20:42:00.129Z;functions.filter_clean;  FUNÇÃO LIMPA FILTRO
22-04-2024 20:42:00.292Z;functions.waitForImage;  FILTER CLEAN image found.
22-04-2024 20:42:02.401Z;functions.filter_clean;  CLICK NO BOTÃO X DO LIMPA FILTRO
22-04-2024 20:42:17.977Z;functions.waitForImage;  FILTER CLEAN image not found.
22-04-2024 20:42:33.598Z;functions.waitForImage;  FILTER CLEAN image not found.
22-04-2024 20:42:34.583Z;functions.tabela_vazia;  Texto extraido 0/0
22-04-2024 20:42:34.583Z;functions.tabela_vazia;  Count 0
22-04-2024 20:42:34.583Z;functions.tabela_vazia;  Type <class 'int'>
22-04-2024 20:42:36.585Z;functions.tabela_vazia;  SEM REMESSA DE FÉRIAS/RESCISÃO
22-04-2024 20:42:38.585Z;main.<module>;  SEM REMESSA DE PENSÃO
22-04-2024 20:42:40.286Z;errorhandler.__handle;  Property: Unknown Property name. [1:203: -ms-interpolation-mode]
22-04-2024 20:42:40.301Z;errorhandler.__handle;  Property: Unknown Property name. [1:353: -webkit-font-smoothing]
22-04-2024 20:42:40.301Z;errorhandler.__handle;  Property: Unknown Property name. [1:483: -ms-text-size-adjust]
22-04-2024 20:42:40.301Z;errorhandler.__handle;  Property: Unknown Property name. [1:518: -webkit-text-size-adjust]
22-04-2024 20:42:40.301Z;errorhandler.__handle;  Property: Unknown Property name. [1:612: mso-table-lspace]
22-04-2024 20:42:40.301Z;errorhandler.__handle;  Property: Unknown Property name. [1:642: mso-table-rspace]
22-04-2024 20:42:40.348Z;errorhandler.__handle;  Property: Unknown Property name. [1:4734: mso-hide]
22-04-2024 20:42:40.379Z;errorhandler.__handle;  Property: Unknown Property name. [1:13: -ms-interpolation-mode]
22-04-2024 20:42:40.379Z;errorhandler.__handle;  Property: Unknown Property name. [1:49: -webkit-font-smoothing]
22-04-2024 20:42:40.379Z;errorhandler.__handle;  Property: Unknown Property name. [1:134: -ms-text-size-adjust]
22-04-2024 20:42:40.379Z;errorhandler.__handle;  Property: Unknown Property name. [1:160: -webkit-text-size-adjust]
22-04-2024 20:42:40.379Z;errorhandler.__handle;  Property: Unknown Property name. [1:26: mso-table-lspace]
22-04-2024 20:42:40.379Z;errorhandler.__handle;  Property: Unknown Property name. [1:45: mso-table-rspace]
22-04-2024 20:42:40.395Z;errorhandler.__handle;  Property: Unknown Property name. [1:92: mso-hide]
22-04-2024 20:42:40.395Z;errorhandler.__handle;  Property: No ":" after name found: align-center [1:1: align-center]
22-04-2024 20:42:40.395Z;errorhandler.__handle;  Property: No property value found: align-center [1:1: align-center]
22-04-2024 20:42:40.395Z;errorhandler.__handle;  CSSStyleDeclaration: Syntax Error in Property: align-center
22-04-2024 20:42:40.395Z;errorhandler.__handle;  Property: Unknown Property name. [1:14: -ms-interpolation-mode]
22-04-2024 20:42:43.129Z;functions.emailFinalizado;  Warning e-mail sent.
22-04-2024 20:42:43.218Z;functions.encerra_prog;  RM ENCERRADO
