12-08-2024 04:11:59.398Z;functions.bot_text_art;      ____     
12-08-2024 04:11:59.398Z;functions.bot_text_art;     [____]    
12-08-2024 04:11:59.398Z;functions.bot_text_art;   |=]()()[=|  
12-08-2024 04:11:59.398Z;functions.bot_text_art;     _\==/__    _____    ____     _        _____    ___   _  __ 
12-08-2024 04:11:59.398Z;functions.bot_text_art;   |__|   |_|  |  _  \  / ___|   | |      |_   _| / ___| | |/ / 
12-08-2024 04:11:59.398Z;functions.bot_text_art;   |_|_/\_|_|  | |  | | | |      | |        | |   | |    | ' /  
12-08-2024 04:11:59.398Z;functions.bot_text_art;   | | __ | |  | |  | | | |      | |        | |   | |    |  <   
12-08-2024 04:11:59.398Z;functions.bot_text_art;   |_|[  ]|_|  | |__| | | |____  | |____   _| |_  | |__  | . \  
12-08-2024 04:11:59.398Z;functions.bot_text_art;   \_|_||_|_/  |_____/   \_____| |______| |_____| \ ___| |_|\_\ 
12-08-2024 04:11:59.398Z;functions.bot_text_art;     |_||_|    
12-08-2024 04:11:59.398Z;functions.bot_text_art;     | ||_|_   
12-08-2024 04:11:59.398Z;functions.bot_text_art;   |___||___|  
12-08-2024 04:11:59.398Z;functions.bot_text_art;               
12-08-2024 04:11:59.398Z;functions.open_RM;  OPEN PROGRAM RM
12-08-2024 04:12:05.069Z;functions.loggin_RM;  ACHOU O PANE PICTURE
12-08-2024 04:12:05.960Z;functions.loggin_RM;  ENCONTRA USE FIELD
12-08-2024 04:12:06.085Z;functions.loggin_RM;  DUPLO CLICK
12-08-2024 04:12:09.007Z;functions.loggin_RM;  ENTRAR USER_NAME
12-08-2024 04:12:09.960Z;functions.loggin_RM;  ENCONTRA PASS FIELD
12-08-2024 04:12:10.085Z;functions.loggin_RM;  CLICK
12-08-2024 04:12:12.197Z;functions.loggin_RM;  ENTRAR PASSWORD
12-08-2024 04:12:13.208Z;functions.loggin_RM;  ENTRAR RM
12-08-2024 04:15:26.991Z;functions.enter_coligada;  AGUARDANDO 1
12-08-2024 04:15:27.867Z;functions.enter_coligada;  CLICK CONTEXTO
12-08-2024 04:15:29.554Z;functions.enter_coligada;  CLICK ALTERAR MODULO DO CONTEXTO
12-08-2024 04:15:31.914Z;functions.enter_coligada;  INSERE O COLIGADA CODE = 1
12-08-2024 04:15:32.015Z;functions.enter_coligada;  APERTA TAB PARA PREENCHER O CAMPO COM A STRING: OCEANICA ENGENHARIA E CONSULTORIA S.A.
12-08-2024 04:15:33.304Z;functions.enter_coligada;  CLICK AVANÇAR NOVAMENTE
12-08-2024 04:15:34.273Z;functions.enter_coligada;  CLICK CONCLUIR
12-08-2024 04:15:54.304Z;functions.waitForImage;  TROCA COLIGADA image not found.
12-08-2024 04:16:03.679Z;functions.enter_coligada;  POP UP COLIGADA DESAPARECER
12-08-2024 04:16:04.429Z;functions.check_movimentacao_bancaria;  CLICK - TOTVS - LINHA RM
12-08-2024 04:16:05.679Z;functions.check_movimentacao_bancaria;  CLICK - BACK OFFICE
12-08-2024 04:16:08.085Z;functions.check_movimentacao_bancaria;  CLICK - GESTAO FINANCEIRA
12-08-2024 04:16:08.085Z;functions.obter_intervalo_data;  VERIFICANDO A HORA ATUAL 4
12-08-2024 04:16:08.097Z;functions.obter_intervalo_data;  Data Inicial PENSAO antes da remoção: None
12-08-2024 04:16:08.098Z;functions.obter_intervalo_data;  Data Final PENSAO antes da remoção: None
12-08-2024 04:16:08.101Z;functions.obter_intervalo_data;  Data Inicial PENSAO após a remoção: None
12-08-2024 04:16:08.101Z;functions.obter_intervalo_data;  Data Final PENSAO após a remoção: None
12-08-2024 04:16:08.102Z;functions.obter_intervalo_data;  hoje -  2024-08-12 04:16:08.101022
12-08-2024 04:16:08.102Z;functions.check_movimentacao_bancaria;  DATA INICIO 14-08-2024
12-08-2024 04:16:08.102Z;functions.check_movimentacao_bancaria;  DATA FIM 20-08-2024
12-08-2024 04:16:08.102Z;functions.movimentacao_bancaria;  AGUARDANDO 1
12-08-2024 04:16:12.679Z;functions.movimentacao_bancaria;  CLICK NA ABA MOVIMENTAÇÃO BANCARIA
12-08-2024 04:16:14.773Z;functions.waitForImage;  IMAGEM BORDERO image found.
12-08-2024 04:16:16.905Z;functions.movimentacao_bancaria;  IMAGEM BORDERO CLICADA.
12-08-2024 04:16:27.085Z;functions.waitForImage;  LICENCAS EXCEDIDAS image not found.
12-08-2024 04:16:29.570Z;functions.waitForImage;  LICENCE SERVER image not found.
12-08-2024 04:16:30.210Z;functions.movimentacao_bancaria;  ENCONTROU O FILTRO DA MOVIMENTAÇÃO BANCÁRIA
12-08-2024 04:16:30.242Z;functions.movimentacao_bancaria;  CLICA NA ABA SUPERIOR DO FILTRO
12-08-2024 04:16:34.448Z;functions.movimentacao_bancaria;  SELECIONA O FILTRO HOJE
12-08-2024 04:16:34.448Z;functions.filter_clean;  FUNÇÃO LIMPA FILTRO
12-08-2024 04:16:49.484Z;functions.waitForImage;  FILTER CLEAN image not found.
12-08-2024 04:17:04.945Z;functions.waitForImage;  FILTER CLEAN image not found.
12-08-2024 04:17:20.508Z;functions.waitForImage;  FILTER CLEAN image not found.
12-08-2024 04:17:39.883Z;functions.movimentacao_bancaria;  SEM REGISTROS DE PROCESSO DE BORDERO PENDENTE
12-08-2024 04:17:39.883Z;functions.filter_clean;  FUNÇÃO LIMPA FILTRO
12-08-2024 04:17:54.992Z;functions.waitForImage;  FILTER CLEAN image not found.
12-08-2024 04:18:10.101Z;functions.waitForImage;  FILTER CLEAN image not found.
12-08-2024 04:18:25.164Z;functions.waitForImage;  FILTER CLEAN image not found.
12-08-2024 04:18:59.820Z;functions.remessa_pagamento;  SEM PROCESSO DE BORDERO AUTORIZADO
12-08-2024 04:19:01.788Z;errorhandler.__handle;  Property: Unknown Property name. [1:203: -ms-interpolation-mode]
12-08-2024 04:19:01.804Z;errorhandler.__handle;  Property: Unknown Property name. [1:353: -webkit-font-smoothing]
12-08-2024 04:19:01.804Z;errorhandler.__handle;  Property: Unknown Property name. [1:483: -ms-text-size-adjust]
12-08-2024 04:19:01.804Z;errorhandler.__handle;  Property: Unknown Property name. [1:518: -webkit-text-size-adjust]
12-08-2024 04:19:01.804Z;errorhandler.__handle;  Property: Unknown Property name. [1:612: mso-table-lspace]
12-08-2024 04:19:01.804Z;errorhandler.__handle;  Property: Unknown Property name. [1:642: mso-table-rspace]
12-08-2024 04:19:01.851Z;errorhandler.__handle;  Property: Unknown Property name. [1:4734: mso-hide]
12-08-2024 04:19:01.882Z;errorhandler.__handle;  Property: Unknown Property name. [1:13: -ms-interpolation-mode]
12-08-2024 04:19:01.882Z;errorhandler.__handle;  Property: Unknown Property name. [1:49: -webkit-font-smoothing]
12-08-2024 04:19:01.882Z;errorhandler.__handle;  Property: Unknown Property name. [1:134: -ms-text-size-adjust]
12-08-2024 04:19:01.882Z;errorhandler.__handle;  Property: Unknown Property name. [1:160: -webkit-text-size-adjust]
12-08-2024 04:19:01.882Z;errorhandler.__handle;  Property: Unknown Property name. [1:26: mso-table-lspace]
12-08-2024 04:19:01.882Z;errorhandler.__handle;  Property: Unknown Property name. [1:45: mso-table-rspace]
12-08-2024 04:19:01.882Z;errorhandler.__handle;  Property: Unknown Property name. [1:92: mso-hide]
12-08-2024 04:19:01.898Z;errorhandler.__handle;  Property: No ":" after name found: align-center [1:1: align-center]
12-08-2024 04:19:01.898Z;errorhandler.__handle;  Property: No property value found: align-center [1:1: align-center]
12-08-2024 04:19:01.898Z;errorhandler.__handle;  CSSStyleDeclaration: Syntax Error in Property: align-center
12-08-2024 04:19:01.898Z;errorhandler.__handle;  Property: Unknown Property name. [1:14: -ms-interpolation-mode]
12-08-2024 04:19:04.335Z;functions.emailFinalizado;  Warning e-mail sent.
12-08-2024 04:19:04.487Z;functions.encerra_prog;  RM ENCERRADO
