20-10-2023 18:57:01.367Z;functions.bot_text_art;      ____   
20-10-2023 18:57:01.368Z;functions.bot_text_art;     [____]    
20-10-2023 18:57:01.368Z;functions.bot_text_art;   |=]()()[=|  
20-10-2023 18:57:01.368Z;functions.bot_text_art;     _\==/__    _____    ____     _        _____    ___   _  __
20-10-2023 18:57:01.368Z;functions.bot_text_art;   |__|   |_|  |  _  \  / ___|   | |      |_   _| / ___| | |/ /
20-10-2023 18:57:01.369Z;functions.bot_text_art;   |_|_/\_|_|  | |  | | | |      | |        | |   | |    | ' / 
20-10-2023 18:57:01.369Z;functions.bot_text_art;   | | __ | |  | |  | | | |      | |        | |   | |    |  <  
20-10-2023 18:57:01.370Z;functions.bot_text_art;   |_|[  ]|_|  | |__| | | |____  | |____   _| |_  | |__  | . \ 
20-10-2023 18:57:01.371Z;functions.bot_text_art;   \_|_||_|_/  |_____/   \_____| |______| |_____| \ ___| |_|\_\
20-10-2023 18:57:01.372Z;functions.bot_text_art;     |_||_|                                                     
20-10-2023 18:57:01.372Z;functions.bot_text_art;     | ||_|_   
20-10-2023 18:57:01.372Z;functions.bot_text_art;   |___||___|  
20-10-2023 18:57:01.372Z;functions.bot_text_art;               
20-10-2023 18:57:01.376Z;functions.open_RM;  OPEN PROGRAM RM
20-10-2023 18:57:06.814Z;functions.loggin_RM;  ENTER USER_NAME
20-10-2023 18:57:07.648Z;functions.loggin_RM;  ENTER PASSWORD
20-10-2023 18:57:08.315Z;functions.loggin_RM;  ENTER RM
20-10-2023 18:57:25.568Z;functions.enter_coligada;  CLICK CONTEXTO
20-10-2023 18:57:29.460Z;functions.enter_coligada;  CLICK COLIGADA 1
20-10-2023 18:57:30.801Z;functions.enter_coligada;  CLICK AVANÇAR
20-10-2023 18:57:32.052Z;functions.enter_coligada;  INSERE O COLIGADA CODE = 1
20-10-2023 18:57:32.154Z;functions.enter_coligada;  APERTA TAB PARA PREENCHER O CAMPO COM A STRING: OCEANICA ENGENHARIA E CONSULTORIA S.A.
20-10-2023 18:57:32.945Z;functions.enter_coligada;  CLICK AVANÇAR NOVAMENTE
20-10-2023 18:57:33.710Z;functions.enter_coligada;  CLICK CONCLUIR
20-10-2023 18:57:44.522Z;functions.enter_coligada;  POP UP COLIGADA DESAPARECER
20-10-2023 18:57:45.142Z;functions.enter_contas_a_pagar;  CLICK - TOTVS - LINHA RM
20-10-2023 18:57:46.158Z;functions.enter_contas_a_pagar;  CLICK - BACK OFFICE
20-10-2023 18:57:48.480Z;functions.enter_contas_a_pagar;  CLICK - GESTAO FINANCEIRA
20-10-2023 18:57:50.986Z;functions.enter_contas_a_pagar;  CLICK - CONTAS A PAGAR
20-10-2023 18:57:51.065Z;functions.waitForImage;  LANÇAMENTOS image found.
20-10-2023 18:57:53.192Z;functions.enter_contas_a_pagar;  CLICA EM LANÇAMENTOS
20-10-2023 18:57:55.193Z;functions.data_filter;  CLICK - SELECIONA A DATA DE QUARTA FEIRA E DA PROXIMA TERÇA
20-10-2023 18:57:55.194Z;functions.data_filter;  QUARTA-FEIRA: 18-10-2023
20-10-2023 18:57:55.194Z;functions.data_filter;  TERCA-FEIRA: 24-10-2023
20-10-2023 18:58:00.391Z;functions.data_filter;  ESCREVE REMESSA BANCÁRIA NO FILTRO
20-10-2023 18:58:01.008Z;functions.data_filter;  CLICK - BUTÃO DE SELECAO DE FILTRO
20-10-2023 18:58:02.712Z;functions.data_filter;  INSERE - DATA DE QUARTA-FEIRA: 18-10-2023
20-10-2023 18:58:04.064Z;functions.data_filter;  INSERE - DATA DA PROX TERCA-FEIRA: 24-10-2023
20-10-2023 18:58:04.713Z;functions.data_filter;  CLICK - BUTÃO DE EXECUTAR O FILTRO
