17-05-2024 06:30:21.636Z;functions.bot_text_art;      ____     
17-05-2024 06:30:21.636Z;functions.bot_text_art;     [____]    
17-05-2024 06:30:21.636Z;functions.bot_text_art;   |=]()()[=|  
17-05-2024 06:30:21.636Z;functions.bot_text_art;     _\==/__    _____    ____     _        _____    ___   _  __ 
17-05-2024 06:30:21.636Z;functions.bot_text_art;   |__|   |_|  |  _  \  / ___|   | |      |_   _| / ___| | |/ / 
17-05-2024 06:30:21.636Z;functions.bot_text_art;   |_|_/\_|_|  | |  | | | |      | |        | |   | |    | ' /  
17-05-2024 06:30:21.636Z;functions.bot_text_art;   | | __ | |  | |  | | | |      | |        | |   | |    |  <   
17-05-2024 06:30:21.636Z;functions.bot_text_art;   |_|[  ]|_|  | |__| | | |____  | |____   _| |_  | |__  | . \  
17-05-2024 06:30:21.636Z;functions.bot_text_art;   \_|_||_|_/  |_____/   \_____| |______| |_____| \ ___| |_|\_\ 
17-05-2024 06:30:21.636Z;functions.bot_text_art;     |_||_|    
17-05-2024 06:30:21.636Z;functions.bot_text_art;     | ||_|_   
17-05-2024 06:30:21.636Z;functions.bot_text_art;   |___||___|  
17-05-2024 06:30:21.636Z;functions.bot_text_art;               
17-05-2024 06:30:21.636Z;functions.open_RM;  OPEN PROGRAM RM
17-05-2024 06:30:27.120Z;functions.loggin_RM;  ACHOU O PANE PICTURE
17-05-2024 06:30:27.776Z;functions.loggin_RM;  ENCONTRA USE FIELD
17-05-2024 06:30:27.870Z;functions.loggin_RM;  DUPLO CLICK
17-05-2024 06:30:30.870Z;functions.loggin_RM;  ENTRAR USER_NAME
17-05-2024 06:30:31.542Z;functions.loggin_RM;  ENCONTRA PASS FIELD
17-05-2024 06:30:31.620Z;functions.loggin_RM;  CLICK
17-05-2024 06:30:33.730Z;functions.loggin_RM;  ENTRAR PASSWORD
17-05-2024 06:30:34.448Z;functions.loggin_RM;  ENTRAR RM
17-05-2024 06:30:51.264Z;functions.enter_coligada;  CLICK CONTEXTO
17-05-2024 06:30:55.293Z;functions.enter_coligada;  CLICK ALTERAR MODULO DO CONTEXTO
17-05-2024 06:30:57.659Z;functions.enter_coligada;  INSERE O COLIGADA CODE = 1
17-05-2024 06:30:57.761Z;functions.enter_coligada;  APERTA TAB PARA PREENCHER O CAMPO COM A STRING: OCEANICA ENGENHARIA E CONSULTORIA S.A.
17-05-2024 06:30:58.651Z;functions.enter_coligada;  CLICK AVANÇAR NOVAMENTE
17-05-2024 06:30:59.480Z;functions.enter_coligada;  CLICK CONCLUIR
17-05-2024 06:31:07.730Z;functions.enter_coligada;  POP UP COLIGADA DESAPARECER
17-05-2024 06:31:08.355Z;functions.check_movimentacao_bancaria;  CLICK - TOTVS - LINHA RM
17-05-2024 06:31:09.401Z;functions.check_movimentacao_bancaria;  CLICK - BACK OFFICE
17-05-2024 06:31:11.698Z;functions.check_movimentacao_bancaria;  CLICK - GESTAO FINANCEIRA
17-05-2024 06:31:14.194Z;functions.movimentacao_bancaria;  CLICK NA ABA MOVIMENTAÇÃO BANCARIA
17-05-2024 06:31:16.323Z;functions.waitForImage;  IMAGEM BORDERO image found.
17-05-2024 06:31:18.450Z;functions.movimentacao_bancaria;  IMAGEM BORDERO CLICADA.
17-05-2024 06:31:28.999Z;functions.waitForImage;  LICENCAS EXCEDIDAS image not found.
17-05-2024 06:31:31.536Z;functions.waitForImage;  LICENCE SERVER image not found.
17-05-2024 06:31:32.324Z;functions.movimentacao_bancaria;  ENCONTROU O FILTRO DA MOVIMENTAÇÃO BANCÁRIA
17-05-2024 06:31:32.339Z;functions.movimentacao_bancaria;  CLICA NA ABA SUPERIOR DO FILTRO
17-05-2024 06:31:36.544Z;functions.movimentacao_bancaria;  SELECIONA O FILTRO HOJE
17-05-2024 06:31:36.544Z;functions.filter_clean;  FUNÇÃO LIMPA FILTRO
17-05-2024 06:31:38.479Z;functions.waitForImage;  FILTER CLEAN image found.
17-05-2024 06:31:40.608Z;functions.filter_clean;  CLICK NO BOTÃO X DO LIMPA FILTRO
17-05-2024 06:31:55.876Z;functions.waitForImage;  FILTER CLEAN image not found.
17-05-2024 06:32:11.089Z;functions.waitForImage;  FILTER CLEAN image not found.
17-05-2024 06:32:11.855Z;functions.movimentacao_bancaria;  CLICK NA PRIMEIRA LINHA DA TABELA MOVIMENTAÇÃO BANCÁRIA
17-05-2024 06:32:13.066Z;functions.movimentacao_bancaria;  12 PASSOS PARA DIREITA NA TABELA >>
17-05-2024 06:32:14.323Z;functions.movimentacao_bancaria;  HOVER FILTER
17-05-2024 06:32:14.675Z;functions.movimentacao_bancaria;  CLICK FILTER
17-05-2024 06:32:18.984Z;functions.movimentacao_bancaria;  CLICK NO FILTRO  STATUS DA REMESSA
17-05-2024 06:32:21.085Z;functions.movimentacao_bancaria;  APERTA TAB PARA ESCREVER O FILTRO
17-05-2024 06:32:23.191Z;functions.movimentacao_bancaria;  ESCREVE PENDENTE NO FILTRO
17-05-2024 06:32:25.292Z;functions.movimentacao_bancaria;  APERTA ENTER PARA SELECIONAR OS PENDENTES
17-05-2024 06:32:45.246Z;functions.movimentacao_bancaria;  SEM REGISTROS DE PROCESSO DE BORDERO PENDENTE
17-05-2024 06:32:45.246Z;functions.filter_clean;  FUNÇÃO LIMPA FILTRO
17-05-2024 06:32:45.355Z;functions.waitForImage;  FILTER CLEAN image found.
17-05-2024 06:32:47.478Z;functions.filter_clean;  CLICK NO BOTÃO X DO LIMPA FILTRO
17-05-2024 06:33:02.670Z;functions.waitForImage;  FILTER CLEAN image not found.
17-05-2024 06:33:17.858Z;functions.waitForImage;  FILTER CLEAN image not found.
17-05-2024 06:33:18.667Z;functions.remessa_pagamento;  CLICK NA PRIMEIRA LINHA DA TABELA MOVIMENTAÇÃO BANCÁRIA
17-05-2024 06:33:19.933Z;functions.remessa_pagamento;  HOVER FILTER
17-05-2024 06:33:20.217Z;functions.remessa_pagamento;  CLICK FILTER
17-05-2024 06:33:24.529Z;functions.remessa_pagamento;  CLICK NO FILTRO  STATUS DA REMESSA
17-05-2024 06:33:26.630Z;functions.remessa_pagamento;  APERTA TAB PARA ESCREVER O FILTRO
17-05-2024 06:33:28.737Z;functions.remessa_pagamento;  ESCREVE AUTORIZADO NO FILTRO
17-05-2024 06:33:30.838Z;functions.remessa_pagamento;  APERTA ENTER PARA SELECIONAR OS AUTORIZADOS
17-05-2024 06:33:51.814Z;functions.remessa_pagamento;  SEM REMESSA DE BORDERO AUTORIZADO
17-05-2024 06:33:52.433Z;functions.enter_contas_a_pagar;  CLICK - TOTVS - LINHA RM
17-05-2024 06:33:53.370Z;functions.enter_contas_a_pagar;  CLICK - BACK OFFICE
17-05-2024 06:33:54.065Z;functions.enter_contas_a_pagar;  CLICK - GESTAO FINANCEIRA
17-05-2024 06:33:59.191Z;functions.enter_contas_a_pagar;  CLICK - CONTAS A PAGAR
17-05-2024 06:33:59.355Z;functions.waitForImage;  LANÇAMENTOS image found.
17-05-2024 06:34:01.475Z;functions.enter_contas_a_pagar;  CLICA EM LANÇAMENTOS
17-05-2024 06:34:16.920Z;functions.waitForImage;  LICENCAS EXCEDIDAS image not found.
17-05-2024 06:34:16.920Z;functions.obter_intervalo_data;  VERIFICANDO A HORA ATUAL 6
17-05-2024 06:34:16.936Z;functions.obter_intervalo_data;  Data Inicial PENSAO antes da remoção: None
17-05-2024 06:34:16.936Z;functions.obter_intervalo_data;  Data Final PENSAO antes da remoção: None
17-05-2024 06:34:16.936Z;functions.obter_intervalo_data;  Data Inicial PENSAO após a remoção: None
17-05-2024 06:34:16.936Z;functions.obter_intervalo_data;  Data Final PENSAO após a remoção: None
17-05-2024 06:34:16.936Z;functions.obter_intervalo_data;  hoje -  2024-05-17 06:34:16.936319
17-05-2024 06:34:16.936Z;functions.data_filter;  DATA INICIO 22-05-2024
17-05-2024 06:34:16.936Z;functions.data_filter;  DATA FIM 28-05-2024
17-05-2024 06:34:16.936Z;functions.data_filter;  CLICK - SELECIONA A DATA DE QUARTA FEIRA E DA PROXIMA TERÇA
17-05-2024 06:34:16.936Z;functions.data_filter;  QUARTA-FEIRA: 22-05-2024
17-05-2024 06:34:16.936Z;functions.data_filter;  TERCA-FEIRA: 28-05-2024
17-05-2024 06:34:28.011Z;functions.data_filter;  CLICK - BUTÃO DE SELECAO DE FILTRO
17-05-2024 06:34:31.761Z;functions.data_filter;  INSERE - DATA DE QUARTA-FEIRA: 22-05-2024
17-05-2024 06:34:35.246Z;functions.data_filter;  INSERE - DATA DA PROX TERCA-FEIRA: 28-05-2024
17-05-2024 06:34:35.870Z;functions.data_filter;  CLICK - BUTÃO DE EXECUTAR O FILTRO
17-05-2024 06:34:41.651Z;functions.desmark_filter;  CLICK CHECKBOX LANÇAMENTOS A RECEBER
17-05-2024 06:34:42.464Z;functions.desmark_filter;  CLICK CHECKBOX LANÇAMENTOS BAIXADOS
17-05-2024 06:34:43.308Z;functions.desmark_filter;  CLICK CHECKBOX LANÇAMENTOS CANCELADOS
17-05-2024 06:34:44.171Z;functions.desmark_filter;  CLICK CHECKBOX LANÇAMENTOS FATURADOS
17-05-2024 06:34:45.089Z;functions.desmark_filter;  ATUALIZA O FILTRO
17-05-2024 06:34:45.089Z;functions.filter_clean;  FUNÇÃO LIMPA FILTRO
17-05-2024 06:34:45.243Z;functions.waitForImage;  FILTER CLEAN image found.
17-05-2024 06:34:47.362Z;functions.filter_clean;  CLICK NO BOTÃO X DO LIMPA FILTRO
17-05-2024 06:35:02.568Z;functions.waitForImage;  FILTER CLEAN image not found.
17-05-2024 06:35:17.809Z;functions.waitForImage;  FILTER CLEAN image not found.
17-05-2024 06:35:18.761Z;functions.tabela_vazia;  Texto extraido 0/0
17-05-2024 06:35:18.761Z;functions.tabela_vazia;  Count 0
17-05-2024 06:35:18.761Z;functions.tabela_vazia;  Type <class 'int'>
17-05-2024 06:35:20.770Z;functions.tabela_vazia;  SEM REMESSA DE FÉRIAS/RESCISÃO
17-05-2024 06:35:22.771Z;main.<module>;  SEM REMESSA DE PENSÃO
17-05-2024 06:35:25.448Z;errorhandler.__handle;  Property: Unknown Property name. [1:203: -ms-interpolation-mode]
17-05-2024 06:35:25.448Z;errorhandler.__handle;  Property: Unknown Property name. [1:353: -webkit-font-smoothing]
17-05-2024 06:35:25.464Z;errorhandler.__handle;  Property: Unknown Property name. [1:483: -ms-text-size-adjust]
17-05-2024 06:35:25.464Z;errorhandler.__handle;  Property: Unknown Property name. [1:518: -webkit-text-size-adjust]
17-05-2024 06:35:25.464Z;errorhandler.__handle;  Property: Unknown Property name. [1:612: mso-table-lspace]
17-05-2024 06:35:25.464Z;errorhandler.__handle;  Property: Unknown Property name. [1:642: mso-table-rspace]
17-05-2024 06:35:25.511Z;errorhandler.__handle;  Property: Unknown Property name. [1:4734: mso-hide]
17-05-2024 06:35:25.542Z;errorhandler.__handle;  Property: Unknown Property name. [1:13: -ms-interpolation-mode]
17-05-2024 06:35:25.542Z;errorhandler.__handle;  Property: Unknown Property name. [1:49: -webkit-font-smoothing]
17-05-2024 06:35:25.542Z;errorhandler.__handle;  Property: Unknown Property name. [1:134: -ms-text-size-adjust]
17-05-2024 06:35:25.542Z;errorhandler.__handle;  Property: Unknown Property name. [1:160: -webkit-text-size-adjust]
17-05-2024 06:35:25.542Z;errorhandler.__handle;  Property: Unknown Property name. [1:26: mso-table-lspace]
17-05-2024 06:35:25.542Z;errorhandler.__handle;  Property: Unknown Property name. [1:45: mso-table-rspace]
17-05-2024 06:35:25.542Z;errorhandler.__handle;  Property: Unknown Property name. [1:92: mso-hide]
17-05-2024 06:35:25.557Z;errorhandler.__handle;  Property: No ":" after name found: align-center [1:1: align-center]
17-05-2024 06:35:25.557Z;errorhandler.__handle;  Property: No property value found: align-center [1:1: align-center]
17-05-2024 06:35:25.557Z;errorhandler.__handle;  CSSStyleDeclaration: Syntax Error in Property: align-center
17-05-2024 06:35:25.557Z;errorhandler.__handle;  Property: Unknown Property name. [1:14: -ms-interpolation-mode]
17-05-2024 06:35:28.120Z;functions.emailFinalizado;  Warning e-mail sent.
17-05-2024 06:35:28.182Z;functions.encerra_prog;  RM ENCERRADO
