17-05-2024 14:30:25.238Z;functions.bot_text_art;      ____     
17-05-2024 14:30:25.238Z;functions.bot_text_art;     [____]    
17-05-2024 14:30:25.238Z;functions.bot_text_art;   |=]()()[=|  
17-05-2024 14:30:25.238Z;functions.bot_text_art;     _\==/__    _____    ____     _        _____    ___   _  __ 
17-05-2024 14:30:25.238Z;functions.bot_text_art;   |__|   |_|  |  _  \  / ___|   | |      |_   _| / ___| | |/ / 
17-05-2024 14:30:25.238Z;functions.bot_text_art;   |_|_/\_|_|  | |  | | | |      | |        | |   | |    | ' /  
17-05-2024 14:30:25.238Z;functions.bot_text_art;   | | __ | |  | |  | | | |      | |        | |   | |    |  <   
17-05-2024 14:30:25.238Z;functions.bot_text_art;   |_|[  ]|_|  | |__| | | |____  | |____   _| |_  | |__  | . \  
17-05-2024 14:30:25.238Z;functions.bot_text_art;   \_|_||_|_/  |_____/   \_____| |______| |_____| \ ___| |_|\_\ 
17-05-2024 14:30:25.238Z;functions.bot_text_art;     |_||_|    
17-05-2024 14:30:25.238Z;functions.bot_text_art;     | ||_|_   
17-05-2024 14:30:25.238Z;functions.bot_text_art;   |___||___|  
17-05-2024 14:30:25.238Z;functions.bot_text_art;               
17-05-2024 14:30:25.238Z;functions.open_RM;  OPEN PROGRAM RM
17-05-2024 14:30:30.864Z;functions.loggin_RM;  ACHOU O PANE PICTURE
17-05-2024 14:30:31.519Z;functions.loggin_RM;  ENCONTRA USE FIELD
17-05-2024 14:30:31.613Z;functions.loggin_RM;  DUPLO CLICK
17-05-2024 14:30:34.599Z;functions.loggin_RM;  ENTRAR USER_NAME
17-05-2024 14:30:35.271Z;functions.loggin_RM;  ENCONTRA PASS FIELD
17-05-2024 14:30:35.349Z;functions.loggin_RM;  CLICK
17-05-2024 14:30:37.459Z;functions.loggin_RM;  ENTRAR PASSWORD
17-05-2024 14:30:38.162Z;functions.loggin_RM;  ENTRAR RM
17-05-2024 14:30:54.801Z;functions.enter_coligada;  CLICK CONTEXTO
17-05-2024 14:30:58.832Z;functions.enter_coligada;  CLICK ALTERAR MODULO DO CONTEXTO
17-05-2024 14:31:01.237Z;functions.enter_coligada;  INSERE O COLIGADA CODE = 1
17-05-2024 14:31:01.338Z;functions.enter_coligada;  APERTA TAB PARA PREENCHER O CAMPO COM A STRING: OCEANICA ENGENHARIA E CONSULTORIA S.A.
17-05-2024 14:31:02.259Z;functions.enter_coligada;  CLICK AVANÇAR NOVAMENTE
17-05-2024 14:31:03.073Z;functions.enter_coligada;  CLICK CONCLUIR
17-05-2024 14:31:11.958Z;functions.enter_coligada;  POP UP COLIGADA DESAPARECER
17-05-2024 14:31:12.566Z;functions.check_movimentacao_bancaria;  CLICK - TOTVS - LINHA RM
17-05-2024 14:31:13.614Z;functions.check_movimentacao_bancaria;  CLICK - BACK OFFICE
17-05-2024 14:31:15.911Z;functions.check_movimentacao_bancaria;  CLICK - GESTAO FINANCEIRA
17-05-2024 14:31:18.457Z;functions.movimentacao_bancaria;  CLICK NA ABA MOVIMENTAÇÃO BANCARIA
17-05-2024 14:31:20.583Z;functions.waitForImage;  IMAGEM BORDERO image found.
17-05-2024 14:31:22.707Z;functions.movimentacao_bancaria;  IMAGEM BORDERO CLICADA.
17-05-2024 14:31:33.302Z;functions.waitForImage;  LICENCAS EXCEDIDAS image not found.
17-05-2024 14:31:35.830Z;functions.waitForImage;  LICENCE SERVER image not found.
17-05-2024 14:31:36.379Z;functions.movimentacao_bancaria;  ENCONTROU O FILTRO DA MOVIMENTAÇÃO BANCÁRIA
17-05-2024 14:31:36.395Z;functions.movimentacao_bancaria;  CLICA NA ABA SUPERIOR DO FILTRO
17-05-2024 14:31:40.599Z;functions.movimentacao_bancaria;  SELECIONA O FILTRO HOJE
17-05-2024 14:31:40.599Z;functions.filter_clean;  FUNÇÃO LIMPA FILTRO
17-05-2024 14:31:42.580Z;functions.waitForImage;  FILTER CLEAN image found.
17-05-2024 14:31:44.709Z;functions.filter_clean;  CLICK NO BOTÃO X DO LIMPA FILTRO
17-05-2024 14:32:00.006Z;functions.waitForImage;  FILTER CLEAN image not found.
17-05-2024 14:32:15.286Z;functions.waitForImage;  FILTER CLEAN image not found.
17-05-2024 14:32:16.068Z;functions.movimentacao_bancaria;  CLICK NA PRIMEIRA LINHA DA TABELA MOVIMENTAÇÃO BANCÁRIA
17-05-2024 14:32:17.278Z;functions.movimentacao_bancaria;  12 PASSOS PARA DIREITA NA TABELA >>
17-05-2024 14:32:18.551Z;functions.movimentacao_bancaria;  HOVER FILTER
17-05-2024 14:32:18.904Z;functions.movimentacao_bancaria;  CLICK FILTER
17-05-2024 14:32:23.213Z;functions.movimentacao_bancaria;  CLICK NO FILTRO  STATUS DA REMESSA
17-05-2024 14:32:25.315Z;functions.movimentacao_bancaria;  APERTA TAB PARA ESCREVER O FILTRO
17-05-2024 14:32:27.419Z;functions.movimentacao_bancaria;  ESCREVE PENDENTE NO FILTRO
17-05-2024 14:32:29.521Z;functions.movimentacao_bancaria;  APERTA ENTER PARA SELECIONAR OS PENDENTES
17-05-2024 14:32:49.473Z;functions.movimentacao_bancaria;  SEM REGISTROS DE PROCESSO DE BORDERO PENDENTE
17-05-2024 14:32:49.473Z;functions.filter_clean;  FUNÇÃO LIMPA FILTRO
17-05-2024 14:32:49.567Z;functions.waitForImage;  FILTER CLEAN image found.
17-05-2024 14:32:51.694Z;functions.filter_clean;  CLICK NO BOTÃO X DO LIMPA FILTRO
17-05-2024 14:33:06.908Z;functions.waitForImage;  FILTER CLEAN image not found.
17-05-2024 14:33:22.190Z;functions.waitForImage;  FILTER CLEAN image not found.
17-05-2024 14:33:23.036Z;functions.remessa_pagamento;  CLICK NA PRIMEIRA LINHA DA TABELA MOVIMENTAÇÃO BANCÁRIA
17-05-2024 14:33:24.300Z;functions.remessa_pagamento;  HOVER FILTER
17-05-2024 14:33:24.595Z;functions.remessa_pagamento;  CLICK FILTER
17-05-2024 14:33:28.908Z;functions.remessa_pagamento;  CLICK NO FILTRO  STATUS DA REMESSA
17-05-2024 14:33:31.010Z;functions.remessa_pagamento;  APERTA TAB PARA ESCREVER O FILTRO
17-05-2024 14:33:33.117Z;functions.remessa_pagamento;  ESCREVE AUTORIZADO NO FILTRO
17-05-2024 14:33:35.219Z;functions.remessa_pagamento;  APERTA ENTER PARA SELECIONAR OS AUTORIZADOS
17-05-2024 14:33:56.223Z;functions.remessa_pagamento;  SEM REMESSA DE BORDERO AUTORIZADO
17-05-2024 14:33:56.832Z;functions.enter_contas_a_pagar;  CLICK - TOTVS - LINHA RM
17-05-2024 14:33:57.786Z;functions.enter_contas_a_pagar;  CLICK - BACK OFFICE
17-05-2024 14:33:58.474Z;functions.enter_contas_a_pagar;  CLICK - GESTAO FINANCEIRA
17-05-2024 14:34:03.675Z;functions.enter_contas_a_pagar;  CLICK - CONTAS A PAGAR
17-05-2024 14:34:03.827Z;functions.waitForImage;  LANÇAMENTOS image found.
17-05-2024 14:34:05.951Z;functions.enter_contas_a_pagar;  CLICA EM LANÇAMENTOS
17-05-2024 14:34:21.523Z;functions.waitForImage;  LICENCAS EXCEDIDAS image not found.
17-05-2024 14:34:21.523Z;functions.obter_intervalo_data;  VERIFICANDO A HORA ATUAL 14
17-05-2024 14:34:21.523Z;functions.obter_intervalo_data;  Data Inicial PENSAO antes da remoção: None
17-05-2024 14:34:21.523Z;functions.obter_intervalo_data;  Data Final PENSAO antes da remoção: None
17-05-2024 14:34:21.523Z;functions.obter_intervalo_data;  Data Inicial PENSAO após a remoção: None
17-05-2024 14:34:21.523Z;functions.obter_intervalo_data;  Data Final PENSAO após a remoção: None
17-05-2024 14:34:21.523Z;functions.obter_intervalo_data;  hoje -  2024-05-17 14:34:21.523672
17-05-2024 14:34:21.523Z;functions.data_filter;  DATA INICIO 22-05-2024
17-05-2024 14:34:21.523Z;functions.data_filter;  DATA FIM 28-05-2024
17-05-2024 14:34:21.523Z;functions.data_filter;  CLICK - SELECIONA A DATA DE QUARTA FEIRA E DA PROXIMA TERÇA
17-05-2024 14:34:21.523Z;functions.data_filter;  QUARTA-FEIRA: 22-05-2024
17-05-2024 14:34:21.523Z;functions.data_filter;  TERCA-FEIRA: 28-05-2024
17-05-2024 14:34:32.598Z;functions.data_filter;  CLICK - BUTÃO DE SELECAO DE FILTRO
17-05-2024 14:34:36.348Z;functions.data_filter;  INSERE - DATA DE QUARTA-FEIRA: 22-05-2024
17-05-2024 14:34:39.833Z;functions.data_filter;  INSERE - DATA DA PROX TERCA-FEIRA: 28-05-2024
17-05-2024 14:34:40.457Z;functions.data_filter;  CLICK - BUTÃO DE EXECUTAR O FILTRO
17-05-2024 14:34:46.273Z;functions.desmark_filter;  CLICK CHECKBOX LANÇAMENTOS A RECEBER
17-05-2024 14:34:47.114Z;functions.desmark_filter;  CLICK CHECKBOX LANÇAMENTOS BAIXADOS
17-05-2024 14:34:47.988Z;functions.desmark_filter;  CLICK CHECKBOX LANÇAMENTOS CANCELADOS
17-05-2024 14:34:48.879Z;functions.desmark_filter;  CLICK CHECKBOX LANÇAMENTOS FATURADOS
17-05-2024 14:34:49.770Z;functions.desmark_filter;  ATUALIZA O FILTRO
17-05-2024 14:34:49.770Z;functions.filter_clean;  FUNÇÃO LIMPA FILTRO
17-05-2024 14:35:05.088Z;functions.waitForImage;  FILTER CLEAN image not found.
17-05-2024 14:35:20.455Z;functions.waitForImage;  FILTER CLEAN image not found.
17-05-2024 14:35:35.689Z;functions.waitForImage;  FILTER CLEAN image not found.
17-05-2024 14:35:36.660Z;functions.tabela_vazia;  Texto extraido 0/0
17-05-2024 14:35:36.660Z;functions.tabela_vazia;  Count 0
17-05-2024 14:35:36.660Z;functions.tabela_vazia;  Type <class 'int'>
17-05-2024 14:35:38.667Z;functions.tabela_vazia;  SEM REMESSA DE FÉRIAS/RESCISÃO
17-05-2024 14:35:40.668Z;main.<module>;  SEM REMESSA DE PENSÃO
17-05-2024 14:35:42.208Z;errorhandler.__handle;  Property: Unknown Property name. [1:203: -ms-interpolation-mode]
17-05-2024 14:35:42.224Z;errorhandler.__handle;  Property: Unknown Property name. [1:353: -webkit-font-smoothing]
17-05-2024 14:35:42.224Z;errorhandler.__handle;  Property: Unknown Property name. [1:483: -ms-text-size-adjust]
17-05-2024 14:35:42.224Z;errorhandler.__handle;  Property: Unknown Property name. [1:518: -webkit-text-size-adjust]
17-05-2024 14:35:42.224Z;errorhandler.__handle;  Property: Unknown Property name. [1:612: mso-table-lspace]
17-05-2024 14:35:42.224Z;errorhandler.__handle;  Property: Unknown Property name. [1:642: mso-table-rspace]
17-05-2024 14:35:42.284Z;errorhandler.__handle;  Property: Unknown Property name. [1:4734: mso-hide]
17-05-2024 14:35:42.302Z;errorhandler.__handle;  Property: Unknown Property name. [1:13: -ms-interpolation-mode]
17-05-2024 14:35:42.302Z;errorhandler.__handle;  Property: Unknown Property name. [1:49: -webkit-font-smoothing]
17-05-2024 14:35:42.302Z;errorhandler.__handle;  Property: Unknown Property name. [1:134: -ms-text-size-adjust]
17-05-2024 14:35:42.302Z;errorhandler.__handle;  Property: Unknown Property name. [1:160: -webkit-text-size-adjust]
17-05-2024 14:35:42.302Z;errorhandler.__handle;  Property: Unknown Property name. [1:26: mso-table-lspace]
17-05-2024 14:35:42.302Z;errorhandler.__handle;  Property: Unknown Property name. [1:45: mso-table-rspace]
17-05-2024 14:35:42.317Z;errorhandler.__handle;  Property: Unknown Property name. [1:92: mso-hide]
17-05-2024 14:35:42.317Z;errorhandler.__handle;  Property: No ":" after name found: align-center [1:1: align-center]
17-05-2024 14:35:42.317Z;errorhandler.__handle;  Property: No property value found: align-center [1:1: align-center]
17-05-2024 14:35:42.317Z;errorhandler.__handle;  CSSStyleDeclaration: Syntax Error in Property: align-center
17-05-2024 14:35:42.317Z;errorhandler.__handle;  Property: Unknown Property name. [1:14: -ms-interpolation-mode]
17-05-2024 14:35:45.192Z;functions.emailFinalizado;  Warning e-mail sent.
17-05-2024 14:35:45.275Z;functions.encerra_prog;  RM ENCERRADO
