17-05-2024 20:30:21.737Z;functions.bot_text_art;      ____     
17-05-2024 20:30:21.737Z;functions.bot_text_art;     [____]    
17-05-2024 20:30:21.737Z;functions.bot_text_art;   |=]()()[=|  
17-05-2024 20:30:21.737Z;functions.bot_text_art;     _\==/__    _____    ____     _        _____    ___   _  __ 
17-05-2024 20:30:21.737Z;functions.bot_text_art;   |__|   |_|  |  _  \  / ___|   | |      |_   _| / ___| | |/ / 
17-05-2024 20:30:21.737Z;functions.bot_text_art;   |_|_/\_|_|  | |  | | | |      | |        | |   | |    | ' /  
17-05-2024 20:30:21.737Z;functions.bot_text_art;   | | __ | |  | |  | | | |      | |        | |   | |    |  <   
17-05-2024 20:30:21.737Z;functions.bot_text_art;   |_|[  ]|_|  | |__| | | |____  | |____   _| |_  | |__  | . \  
17-05-2024 20:30:21.737Z;functions.bot_text_art;   \_|_||_|_/  |_____/   \_____| |______| |_____| \ ___| |_|\_\ 
17-05-2024 20:30:21.737Z;functions.bot_text_art;     |_||_|    
17-05-2024 20:30:21.737Z;functions.bot_text_art;     | ||_|_   
17-05-2024 20:30:21.737Z;functions.bot_text_art;   |___||___|  
17-05-2024 20:30:21.737Z;functions.bot_text_art;               
17-05-2024 20:30:21.987Z;functions.open_RM;  OPEN PROGRAM RM
17-05-2024 20:30:37.331Z;functions.loggin_RM;  ACHOU O PANE PICTURE
17-05-2024 20:30:37.987Z;functions.loggin_RM;  ENCONTRA USE FIELD
17-05-2024 20:30:38.080Z;functions.loggin_RM;  DUPLO CLICK
17-05-2024 20:30:41.080Z;functions.loggin_RM;  ENTRAR USER_NAME
17-05-2024 20:30:41.752Z;functions.loggin_RM;  ENCONTRA PASS FIELD
17-05-2024 20:30:41.830Z;functions.loggin_RM;  CLICK
17-05-2024 20:30:43.939Z;functions.loggin_RM;  ENTRAR PASSWORD
17-05-2024 20:30:44.642Z;functions.loggin_RM;  ENTRAR RM
17-05-2024 20:31:22.878Z;functions.enter_coligada;  CLICK CONTEXTO
17-05-2024 20:31:26.740Z;functions.enter_coligada;  CLICK ALTERAR MODULO DO CONTEXTO
17-05-2024 20:31:28.848Z;functions.enter_coligada;  INSERE O COLIGADA CODE = 1
17-05-2024 20:31:28.950Z;functions.enter_coligada;  APERTA TAB PARA PREENCHER O CAMPO COM A STRING: OCEANICA ENGENHARIA E CONSULTORIA S.A.
17-05-2024 20:31:30.190Z;functions.enter_coligada;  CLICK AVANÇAR NOVAMENTE
17-05-2024 20:31:31.064Z;functions.enter_coligada;  CLICK CONCLUIR
17-05-2024 20:31:39.736Z;functions.enter_coligada;  POP UP COLIGADA DESAPARECER
17-05-2024 20:31:40.332Z;functions.check_movimentacao_bancaria;  CLICK - TOTVS - LINHA RM
17-05-2024 20:31:41.394Z;functions.check_movimentacao_bancaria;  CLICK - BACK OFFICE
17-05-2024 20:31:43.690Z;functions.check_movimentacao_bancaria;  CLICK - GESTAO FINANCEIRA
17-05-2024 20:31:46.191Z;functions.movimentacao_bancaria;  CLICK NA ABA MOVIMENTAÇÃO BANCARIA
17-05-2024 20:31:48.302Z;functions.waitForImage;  IMAGEM BORDERO image found.
17-05-2024 20:31:50.433Z;functions.movimentacao_bancaria;  IMAGEM BORDERO CLICADA.
17-05-2024 20:32:00.972Z;functions.waitForImage;  LICENCAS EXCEDIDAS image not found.
17-05-2024 20:32:03.506Z;functions.waitForImage;  LICENCE SERVER image not found.
17-05-2024 20:32:04.065Z;functions.movimentacao_bancaria;  ENCONTROU O FILTRO DA MOVIMENTAÇÃO BANCÁRIA
17-05-2024 20:32:04.081Z;functions.movimentacao_bancaria;  CLICA NA ABA SUPERIOR DO FILTRO
17-05-2024 20:32:08.285Z;functions.movimentacao_bancaria;  SELECIONA O FILTRO HOJE
17-05-2024 20:32:08.285Z;functions.filter_clean;  FUNÇÃO LIMPA FILTRO
17-05-2024 20:32:12.050Z;functions.waitForImage;  FILTER CLEAN image found.
17-05-2024 20:32:14.177Z;functions.filter_clean;  CLICK NO BOTÃO X DO LIMPA FILTRO
17-05-2024 20:32:29.408Z;functions.waitForImage;  FILTER CLEAN image not found.
17-05-2024 20:32:44.637Z;functions.waitForImage;  FILTER CLEAN image not found.
17-05-2024 20:32:45.424Z;functions.movimentacao_bancaria;  CLICK NA PRIMEIRA LINHA DA TABELA MOVIMENTAÇÃO BANCÁRIA
17-05-2024 20:32:46.638Z;functions.movimentacao_bancaria;  12 PASSOS PARA DIREITA NA TABELA >>
17-05-2024 20:32:47.893Z;functions.movimentacao_bancaria;  HOVER FILTER
17-05-2024 20:32:48.237Z;functions.movimentacao_bancaria;  CLICK FILTER
17-05-2024 20:32:52.547Z;functions.movimentacao_bancaria;  CLICK NO FILTRO  STATUS DA REMESSA
17-05-2024 20:32:54.648Z;functions.movimentacao_bancaria;  APERTA TAB PARA ESCREVER O FILTRO
17-05-2024 20:32:56.753Z;functions.movimentacao_bancaria;  ESCREVE PENDENTE NO FILTRO
17-05-2024 20:32:58.854Z;functions.movimentacao_bancaria;  APERTA ENTER PARA SELECIONAR OS PENDENTES
17-05-2024 20:33:18.838Z;functions.movimentacao_bancaria;  SEM REGISTROS DE PROCESSO DE BORDERO PENDENTE
17-05-2024 20:33:18.838Z;functions.filter_clean;  FUNÇÃO LIMPA FILTRO
17-05-2024 20:33:18.931Z;functions.waitForImage;  FILTER CLEAN image found.
17-05-2024 20:33:21.056Z;functions.filter_clean;  CLICK NO BOTÃO X DO LIMPA FILTRO
17-05-2024 20:33:36.186Z;functions.waitForImage;  FILTER CLEAN image not found.
17-05-2024 20:33:51.386Z;functions.waitForImage;  FILTER CLEAN image not found.
17-05-2024 20:33:52.191Z;functions.remessa_pagamento;  CLICK NA PRIMEIRA LINHA DA TABELA MOVIMENTAÇÃO BANCÁRIA
17-05-2024 20:33:53.440Z;functions.remessa_pagamento;  HOVER FILTER
17-05-2024 20:33:53.737Z;functions.remessa_pagamento;  CLICK FILTER
17-05-2024 20:33:58.050Z;functions.remessa_pagamento;  CLICK NO FILTRO  STATUS DA REMESSA
17-05-2024 20:34:00.151Z;functions.remessa_pagamento;  APERTA TAB PARA ESCREVER O FILTRO
17-05-2024 20:34:02.258Z;functions.remessa_pagamento;  ESCREVE AUTORIZADO NO FILTRO
17-05-2024 20:34:04.360Z;functions.remessa_pagamento;  APERTA ENTER PARA SELECIONAR OS AUTORIZADOS
17-05-2024 20:34:25.315Z;functions.remessa_pagamento;  SEM REMESSA DE BORDERO AUTORIZADO
17-05-2024 20:34:25.924Z;functions.enter_contas_a_pagar;  CLICK - TOTVS - LINHA RM
17-05-2024 20:34:26.872Z;functions.enter_contas_a_pagar;  CLICK - BACK OFFICE
17-05-2024 20:34:27.566Z;functions.enter_contas_a_pagar;  CLICK - GESTAO FINANCEIRA
17-05-2024 20:35:05.082Z;functions.enter_contas_a_pagar;  CLICK - CONTAS A PAGAR
17-05-2024 20:35:05.218Z;functions.waitForImage;  LANÇAMENTOS image found.
17-05-2024 20:35:07.338Z;functions.enter_contas_a_pagar;  CLICA EM LANÇAMENTOS
17-05-2024 20:35:22.844Z;functions.waitForImage;  LICENCAS EXCEDIDAS image not found.
17-05-2024 20:35:22.844Z;functions.obter_intervalo_data;  VERIFICANDO A HORA ATUAL 20
17-05-2024 20:35:22.860Z;functions.obter_intervalo_data;  Data Inicial PENSAO antes da remoção: None
17-05-2024 20:35:22.860Z;functions.obter_intervalo_data;  Data Final PENSAO antes da remoção: None
17-05-2024 20:35:22.860Z;functions.obter_intervalo_data;  Data Inicial PENSAO após a remoção: None
17-05-2024 20:35:22.860Z;functions.obter_intervalo_data;  Data Final PENSAO após a remoção: None
17-05-2024 20:35:22.860Z;functions.obter_intervalo_data;  hoje -  2024-05-17 20:35:22.860214
17-05-2024 20:35:22.860Z;functions.data_filter;  DATA INICIO 22-05-2024
17-05-2024 20:35:22.860Z;functions.data_filter;  DATA FIM 28-05-2024
17-05-2024 20:35:22.860Z;functions.data_filter;  CLICK - SELECIONA A DATA DE QUARTA FEIRA E DA PROXIMA TERÇA
17-05-2024 20:35:22.860Z;functions.data_filter;  QUARTA-FEIRA: 22-05-2024
17-05-2024 20:35:22.860Z;functions.data_filter;  TERCA-FEIRA: 28-05-2024
17-05-2024 20:35:33.889Z;functions.data_filter;  CLICK - BUTÃO DE SELECAO DE FILTRO
17-05-2024 20:35:37.629Z;functions.data_filter;  INSERE - DATA DE QUARTA-FEIRA: 22-05-2024
17-05-2024 20:35:41.332Z;functions.data_filter;  INSERE - DATA DA PROX TERCA-FEIRA: 28-05-2024
17-05-2024 20:35:41.957Z;functions.data_filter;  CLICK - BUTÃO DE EXECUTAR O FILTRO
17-05-2024 20:35:51.800Z;functions.desmark_filter;  CLICK CHECKBOX LANÇAMENTOS A RECEBER
17-05-2024 20:35:52.627Z;functions.desmark_filter;  CLICK CHECKBOX LANÇAMENTOS BAIXADOS
17-05-2024 20:35:53.456Z;functions.desmark_filter;  CLICK CHECKBOX LANÇAMENTOS CANCELADOS
17-05-2024 20:35:54.317Z;functions.desmark_filter;  CLICK CHECKBOX LANÇAMENTOS FATURADOS
17-05-2024 20:35:55.223Z;functions.desmark_filter;  ATUALIZA O FILTRO
17-05-2024 20:35:55.223Z;functions.filter_clean;  FUNÇÃO LIMPA FILTRO
17-05-2024 20:36:10.409Z;functions.waitForImage;  FILTER CLEAN image not found.
17-05-2024 20:36:25.565Z;functions.waitForImage;  FILTER CLEAN image not found.
17-05-2024 20:36:40.672Z;functions.waitForImage;  FILTER CLEAN image not found.
17-05-2024 20:36:41.613Z;functions.tabela_vazia;  Texto extraido 0/0
17-05-2024 20:36:41.613Z;functions.tabela_vazia;  Count 0
17-05-2024 20:36:41.613Z;functions.tabela_vazia;  Type <class 'int'>
17-05-2024 20:36:43.623Z;functions.tabela_vazia;  SEM REMESSA DE FÉRIAS/RESCISÃO
17-05-2024 20:36:45.623Z;main.<module>;  SEM REMESSA DE PENSÃO
17-05-2024 20:36:47.581Z;errorhandler.__handle;  Property: Unknown Property name. [1:203: -ms-interpolation-mode]
17-05-2024 20:36:47.597Z;errorhandler.__handle;  Property: Unknown Property name. [1:353: -webkit-font-smoothing]
17-05-2024 20:36:47.597Z;errorhandler.__handle;  Property: Unknown Property name. [1:483: -ms-text-size-adjust]
17-05-2024 20:36:47.597Z;errorhandler.__handle;  Property: Unknown Property name. [1:518: -webkit-text-size-adjust]
17-05-2024 20:36:47.597Z;errorhandler.__handle;  Property: Unknown Property name. [1:612: mso-table-lspace]
17-05-2024 20:36:47.597Z;errorhandler.__handle;  Property: Unknown Property name. [1:642: mso-table-rspace]
17-05-2024 20:36:47.643Z;errorhandler.__handle;  Property: Unknown Property name. [1:4734: mso-hide]
17-05-2024 20:36:47.675Z;errorhandler.__handle;  Property: Unknown Property name. [1:13: -ms-interpolation-mode]
17-05-2024 20:36:47.675Z;errorhandler.__handle;  Property: Unknown Property name. [1:49: -webkit-font-smoothing]
17-05-2024 20:36:47.675Z;errorhandler.__handle;  Property: Unknown Property name. [1:134: -ms-text-size-adjust]
17-05-2024 20:36:47.675Z;errorhandler.__handle;  Property: Unknown Property name. [1:160: -webkit-text-size-adjust]
17-05-2024 20:36:47.675Z;errorhandler.__handle;  Property: Unknown Property name. [1:26: mso-table-lspace]
17-05-2024 20:36:47.675Z;errorhandler.__handle;  Property: Unknown Property name. [1:45: mso-table-rspace]
17-05-2024 20:36:47.690Z;errorhandler.__handle;  Property: Unknown Property name. [1:92: mso-hide]
17-05-2024 20:36:47.690Z;errorhandler.__handle;  Property: No ":" after name found: align-center [1:1: align-center]
17-05-2024 20:36:47.690Z;errorhandler.__handle;  Property: No property value found: align-center [1:1: align-center]
17-05-2024 20:36:47.690Z;errorhandler.__handle;  CSSStyleDeclaration: Syntax Error in Property: align-center
17-05-2024 20:36:47.690Z;errorhandler.__handle;  Property: Unknown Property name. [1:14: -ms-interpolation-mode]
17-05-2024 20:36:50.315Z;functions.emailFinalizado;  Warning e-mail sent.
17-05-2024 20:36:50.409Z;functions.encerra_prog;  RM ENCERRADO
