10-04-2024 08:37:09.966Z;functions.bot_text_art;      ____     
10-04-2024 08:37:09.966Z;functions.bot_text_art;     [____]    
10-04-2024 08:37:09.966Z;functions.bot_text_art;   |=]()()[=|  
10-04-2024 08:37:09.966Z;functions.bot_text_art;     _\==/__    _____    ____     _        _____    ___   _  __ 
10-04-2024 08:37:09.966Z;functions.bot_text_art;   |__|   |_|  |  _  \  / ___|   | |      |_   _| / ___| | |/ / 
10-04-2024 08:37:09.966Z;functions.bot_text_art;   |_|_/\_|_|  | |  | | | |      | |        | |   | |    | ' /  
10-04-2024 08:37:09.966Z;functions.bot_text_art;   | | __ | |  | |  | | | |      | |        | |   | |    |  <   
10-04-2024 08:37:09.966Z;functions.bot_text_art;   |_|[  ]|_|  | |__| | | |____  | |____   _| |_  | |__  | . \  
10-04-2024 08:37:09.966Z;functions.bot_text_art;   \_|_||_|_/  |_____/   \_____| |______| |_____| \ ___| |_|\_\ 
10-04-2024 08:37:09.966Z;functions.bot_text_art;     |_||_|    
10-04-2024 08:37:09.966Z;functions.bot_text_art;     | ||_|_   
10-04-2024 08:37:09.966Z;functions.bot_text_art;   |___||___|  
10-04-2024 08:37:09.966Z;functions.bot_text_art;               
10-04-2024 08:37:09.966Z;functions.open_RM;  OPEN PROGRAM RM
10-04-2024 08:37:20.044Z;functions.loggin_RM;  ACHOU O PANE PICTURE
10-04-2024 08:37:20.685Z;functions.loggin_RM;  ENCONTRA USE FIELD
10-04-2024 08:37:20.763Z;functions.loggin_RM;  DUPLO CLICK
10-04-2024 08:37:23.732Z;functions.loggin_RM;  ENTRAR USER_NAME
10-04-2024 08:37:24.373Z;functions.loggin_RM;  ENCONTRA PASS FIELD
10-04-2024 08:37:24.466Z;functions.loggin_RM;  CLICK
10-04-2024 08:37:26.576Z;functions.loggin_RM;  ENTRAR PASSWORD
10-04-2024 08:37:27.248Z;functions.loggin_RM;  ENTRAR RM
10-04-2024 08:38:01.702Z;functions.enter_coligada;  CLICK CONTEXTO
10-04-2024 08:38:05.701Z;functions.enter_coligada;  CLICK ALTERAR MODULO DO CONTEXTO
10-04-2024 08:38:09.168Z;functions.enter_coligada;  INSERE O COLIGADA CODE = 1
10-04-2024 08:38:09.271Z;functions.enter_coligada;  APERTA TAB PARA PREENCHER O CAMPO COM A STRING: OCEANICA ENGENHARIA E CONSULTORIA S.A.
10-04-2024 08:38:11.528Z;functions.enter_coligada;  CLICK AVANÇAR NOVAMENTE
10-04-2024 08:38:12.894Z;functions.enter_coligada;  CLICK CONCLUIR
10-04-2024 08:38:29.607Z;functions.enter_coligada;  POP UP COLIGADA DESAPARECER
10-04-2024 08:38:30.216Z;functions.check_movimentacao_bancaria;  CLICK - TOTVS - LINHA RM
10-04-2024 08:38:31.254Z;functions.check_movimentacao_bancaria;  CLICK - BACK OFFICE
10-04-2024 08:38:33.544Z;functions.check_movimentacao_bancaria;  CLICK - GESTAO FINANCEIRA
10-04-2024 08:38:41.451Z;functions.movimentacao_bancaria;  CLICK NA ABA MOVIMENTAÇÃO BANCARIA
10-04-2024 08:38:43.593Z;functions.waitForImage;  IMAGEM BORDERO image found.
10-04-2024 08:38:45.712Z;functions.movimentacao_bancaria;  IMAGEM BORDERO CLICADA.
10-04-2024 08:38:56.095Z;functions.waitForImage;  LICENCAS EXCEDIDAS image not found.
10-04-2024 08:38:58.115Z;functions.waitForImage;  LICENCE SERVER image not found.
10-04-2024 08:38:58.670Z;functions.movimentacao_bancaria;  ENCONTROU O FILTRO DA MOVIMENTAÇÃO BANCÁRIA
10-04-2024 08:38:58.701Z;functions.movimentacao_bancaria;  CLICA NA ABA SUPERIOR DO FILTRO
10-04-2024 08:39:02.906Z;functions.movimentacao_bancaria;  SELECIONA O FILTRO HOJE
10-04-2024 08:39:02.906Z;functions.filter_clean;  FUNÇÃO LIMPA FILTRO
10-04-2024 08:39:06.114Z;functions.waitForImage;  FILTER CLEAN image found.
10-04-2024 08:39:08.235Z;functions.filter_clean;  CLICK NO BOTÃO X DO LIMPA FILTRO
10-04-2024 08:39:23.739Z;functions.waitForImage;  FILTER CLEAN image not found.
10-04-2024 08:39:39.247Z;functions.waitForImage;  FILTER CLEAN image not found.
10-04-2024 08:39:40.028Z;functions.movimentacao_bancaria;  CLICK NA PRIMEIRA LINHA DA TABELA MOVIMENTAÇÃO BANCÁRIA
10-04-2024 08:39:41.240Z;functions.movimentacao_bancaria;  12 PASSOS PARA DIREITA NA TABELA >>
10-04-2024 08:39:42.513Z;functions.movimentacao_bancaria;  HOVER FILTER
10-04-2024 08:39:42.780Z;functions.movimentacao_bancaria;  CLICK FILTER
10-04-2024 08:39:47.089Z;functions.movimentacao_bancaria;  CLICK NO FILTRO  STATUS DA REMESSA
10-04-2024 08:39:49.190Z;functions.movimentacao_bancaria;  APERTA TAB PARA ESCREVER O FILTRO
10-04-2024 08:39:51.295Z;functions.movimentacao_bancaria;  ESCREVE PENDENTE NO FILTRO
10-04-2024 08:39:53.397Z;functions.movimentacao_bancaria;  APERTA ENTER PARA SELECIONAR OS PENDENTES
10-04-2024 08:39:56.871Z;functions.movimentacao_bancaria;  SELECIONA TODAS AS TUPLAS COM STATUS PENDENTE
10-04-2024 08:39:58.973Z;functions.movimentacao_bancaria;  CLICK EM PROCESSOS
10-04-2024 08:40:01.074Z;functions.movimentacao_bancaria;  APERTA PARA BAIXO
10-04-2024 08:40:03.175Z;functions.movimentacao_bancaria;  APERTA ENTER
10-04-2024 08:40:05.794Z;functions.movimentacao_bancaria;  CLICK EM EXECUTAR BORDERO DE PAGAMENTO
10-04-2024 08:40:14.765Z;functions.waitForImage;  PRESS BUTTON OK image found.
10-04-2024 08:40:16.768Z;functions.movimentacao_bancaria;  O PROCESSAMENTO DE AUTORIZAÇÃO DO BORDERO FOI EXECUTADO COM SUCESSO.
10-04-2024 08:40:19.372Z;functions.movimentacao_bancaria;  CLICK EM FECHAR.
10-04-2024 08:40:21.374Z;functions.filter_clean;  FUNÇÃO LIMPA FILTRO
10-04-2024 08:40:21.483Z;functions.waitForImage;  FILTER CLEAN image found.
10-04-2024 08:40:23.604Z;functions.filter_clean;  CLICK NO BOTÃO X DO LIMPA FILTRO
10-04-2024 08:40:39.099Z;functions.waitForImage;  FILTER CLEAN image not found.
10-04-2024 08:40:54.614Z;functions.waitForImage;  FILTER CLEAN image not found.
10-04-2024 08:40:55.434Z;functions.remessa_pagamento;  CLICK NA PRIMEIRA LINHA DA TABELA MOVIMENTAÇÃO BANCÁRIA
10-04-2024 08:40:56.675Z;functions.remessa_pagamento;  HOVER FILTER
10-04-2024 08:40:56.944Z;functions.remessa_pagamento;  CLICK FILTER
10-04-2024 08:41:01.256Z;functions.remessa_pagamento;  CLICK NO FILTRO  STATUS DA REMESSA
10-04-2024 08:41:03.357Z;functions.remessa_pagamento;  APERTA TAB PARA ESCREVER O FILTRO
10-04-2024 08:41:05.464Z;functions.remessa_pagamento;  ESCREVE AUTORIZADO NO FILTRO
10-04-2024 08:41:07.565Z;functions.remessa_pagamento;  APERTA ENTER PARA SELECIONAR OS AUTORIZADOS
10-04-2024 08:41:28.559Z;functions.remessa_pagamento;  SEM REMESSA DE BORDERO AUTORIZADO
10-04-2024 08:41:29.184Z;functions.enter_contas_a_pagar;  CLICK - TOTVS - LINHA RM
10-04-2024 08:41:30.130Z;functions.enter_contas_a_pagar;  CLICK - BACK OFFICE
10-04-2024 08:41:30.826Z;functions.enter_contas_a_pagar;  CLICK - GESTAO FINANCEIRA
10-04-2024 08:41:39.888Z;functions.enter_contas_a_pagar;  CLICK - CONTAS A PAGAR
10-04-2024 08:41:40.054Z;functions.waitForImage;  LANÇAMENTOS image found.
10-04-2024 08:41:42.177Z;functions.enter_contas_a_pagar;  CLICA EM LANÇAMENTOS
10-04-2024 08:41:57.450Z;functions.waitForImage;  LICENCAS EXCEDIDAS image not found.
10-04-2024 08:41:57.450Z;functions.obter_intervalo_data;  VERIFICANDO A HORA ATUAL 8
10-04-2024 08:41:57.450Z;functions.obter_intervalo_data;  Data Inicial PENSAO antes da remoção: None
10-04-2024 08:41:57.450Z;functions.obter_intervalo_data;  Data Final PENSAO antes da remoção: None
10-04-2024 08:41:57.450Z;functions.obter_intervalo_data;  Data Inicial PENSAO após a remoção: None
10-04-2024 08:41:57.450Z;functions.obter_intervalo_data;  Data Final PENSAO após a remoção: None
10-04-2024 08:41:57.450Z;functions.obter_intervalo_data;  hoje -  2024-04-10 08:41:57.450427
10-04-2024 08:41:57.450Z;functions.data_filter;  DATA INICIO 17-04-2024
10-04-2024 08:41:57.450Z;functions.data_filter;  DATA FIM 23-04-2024
10-04-2024 08:41:57.450Z;functions.data_filter;  CLICK - SELECIONA A DATA DE QUARTA FEIRA E DA PROXIMA TERÇA
10-04-2024 08:41:57.450Z;functions.data_filter;  QUARTA-FEIRA: 17-04-2024
10-04-2024 08:41:57.450Z;functions.data_filter;  TERCA-FEIRA: 23-04-2024
10-04-2024 08:42:08.497Z;functions.data_filter;  CLICK - BUTÃO DE SELECAO DE FILTRO
10-04-2024 08:42:12.253Z;functions.data_filter;  INSERE - DATA DE QUARTA-FEIRA: 17-04-2024
10-04-2024 08:42:15.732Z;functions.data_filter;  INSERE - DATA DA PROX TERCA-FEIRA: 23-04-2024
10-04-2024 08:42:16.607Z;functions.data_filter;  CLICK - BUTÃO DE EXECUTAR O FILTRO
10-04-2024 08:42:22.389Z;functions.desmark_filter;  CLICK CHECKBOX LANÇAMENTOS A RECEBER
10-04-2024 08:42:23.177Z;functions.desmark_filter;  CLICK CHECKBOX LANÇAMENTOS BAIXADOS
10-04-2024 08:42:24.028Z;functions.desmark_filter;  CLICK CHECKBOX LANÇAMENTOS CANCELADOS
10-04-2024 08:42:24.872Z;functions.desmark_filter;  CLICK CHECKBOX LANÇAMENTOS FATURADOS
10-04-2024 08:42:25.762Z;functions.desmark_filter;  ATUALIZA O FILTRO
10-04-2024 08:42:25.762Z;functions.filter_clean;  FUNÇÃO LIMPA FILTRO
10-04-2024 08:42:25.910Z;functions.waitForImage;  FILTER CLEAN image found.
10-04-2024 08:42:28.028Z;functions.filter_clean;  CLICK NO BOTÃO X DO LIMPA FILTRO
10-04-2024 08:42:43.523Z;functions.waitForImage;  FILTER CLEAN image not found.
10-04-2024 08:42:59.025Z;functions.waitForImage;  FILTER CLEAN image not found.
10-04-2024 08:42:59.950Z;functions.tabela_vazia;  Texto extraido 0/0
10-04-2024 08:42:59.950Z;functions.tabela_vazia;  Count 0
10-04-2024 08:42:59.950Z;functions.tabela_vazia;  Type <class 'int'>
10-04-2024 08:43:01.965Z;functions.tabela_vazia;  SEM REMESSA DE FÉRIAS/RESCISÃO
10-04-2024 08:43:03.965Z;main.<module>;  SEM REMESSA DE PENSÃO
10-04-2024 08:43:05.371Z;errorhandler.__handle;  Property: Unknown Property name. [1:203: -ms-interpolation-mode]
10-04-2024 08:43:05.387Z;errorhandler.__handle;  Property: Unknown Property name. [1:353: -webkit-font-smoothing]
10-04-2024 08:43:05.387Z;errorhandler.__handle;  Property: Unknown Property name. [1:483: -ms-text-size-adjust]
10-04-2024 08:43:05.387Z;errorhandler.__handle;  Property: Unknown Property name. [1:518: -webkit-text-size-adjust]
10-04-2024 08:43:05.387Z;errorhandler.__handle;  Property: Unknown Property name. [1:612: mso-table-lspace]
10-04-2024 08:43:05.387Z;errorhandler.__handle;  Property: Unknown Property name. [1:642: mso-table-rspace]
10-04-2024 08:43:05.434Z;errorhandler.__handle;  Property: Unknown Property name. [1:4734: mso-hide]
10-04-2024 08:43:05.465Z;errorhandler.__handle;  Property: Unknown Property name. [1:13: -ms-interpolation-mode]
10-04-2024 08:43:05.465Z;errorhandler.__handle;  Property: Unknown Property name. [1:49: -webkit-font-smoothing]
10-04-2024 08:43:05.465Z;errorhandler.__handle;  Property: Unknown Property name. [1:134: -ms-text-size-adjust]
10-04-2024 08:43:05.465Z;errorhandler.__handle;  Property: Unknown Property name. [1:160: -webkit-text-size-adjust]
10-04-2024 08:43:05.465Z;errorhandler.__handle;  Property: Unknown Property name. [1:26: mso-table-lspace]
10-04-2024 08:43:05.465Z;errorhandler.__handle;  Property: Unknown Property name. [1:45: mso-table-rspace]
10-04-2024 08:43:05.481Z;errorhandler.__handle;  Property: Unknown Property name. [1:92: mso-hide]
10-04-2024 08:43:05.481Z;errorhandler.__handle;  Property: No ":" after name found: align-center [1:1: align-center]
10-04-2024 08:43:05.481Z;errorhandler.__handle;  Property: No property value found: align-center [1:1: align-center]
10-04-2024 08:43:05.481Z;errorhandler.__handle;  CSSStyleDeclaration: Syntax Error in Property: align-center
10-04-2024 08:43:05.481Z;errorhandler.__handle;  Property: Unknown Property name. [1:14: -ms-interpolation-mode]
10-04-2024 08:43:07.825Z;functions.emailFinalizado;  Warning e-mail sent.
10-04-2024 08:43:07.915Z;functions.encerra_prog;  RM ENCERRADO
