04-02-2024 23:12:44.803Z;functions.movimentacao_bancaria;  CLICK NA ABA MOVIMENTAÇÃO BANCARIA
04-02-2024 23:12:45.555Z;functions.movimentacao_bancaria;  CLICK NO ICONE BORDERO DE PAGAMENTO
04-02-2024 23:12:58.059Z;functions.movimentacao_bancaria;  SELECIONA O FILTRO HOJE
04-02-2024 23:12:58.059Z;functions.filter_clean;  FUNÇÃO LIMPA FILTRO, 60 segundos
04-02-2024 23:12:58.870Z;functions.waitForImage;  FILTER CLEAN image found.
04-02-2024 23:13:00.995Z;functions.filter_clean;  CLICK NO BOTÃO X DO LIMPA FILTRO
04-02-2024 23:13:03.739Z;functions.movimentacao_bancaria;  CLICK NA PRIMEIRA LINHA DA TABELA MOVIMENTAÇÃO BANCÁRIA
04-02-2024 23:13:04.949Z;functions.movimentacao_bancaria;  12 PASSOS PARA DIREITA NA TABELA >>
04-02-2024 23:13:06.232Z;functions.movimentacao_bancaria;  HOVER FILTER
04-02-2024 23:13:06.527Z;functions.movimentacao_bancaria;  CLICK FILTER
04-02-2024 23:13:10.831Z;functions.movimentacao_bancaria;  CLICK NO FILTRO  STATUS DA REMESSA
04-02-2024 23:13:12.933Z;functions.movimentacao_bancaria;  APERTA TAB PARA ESCREVER O FILTRO
04-02-2024 23:13:15.035Z;functions.movimentacao_bancaria;  ESCREVE PENDENTE NO FILTRO
04-02-2024 23:13:17.137Z;functions.movimentacao_bancaria;  APERTA ENTER PARA SELECIONAR OS PENDENTES
04-02-2024 23:13:37.093Z;functions.movimentacao_bancaria;  SEM REGISTROS DE PROCESSO DE BORDERO PENDENTE
04-02-2024 23:13:37.093Z;functions.filter_clean;  FUNÇÃO LIMPA FILTRO, 60 segundos
04-02-2024 23:13:37.335Z;functions.waitForImage;  FILTER CLEAN image found.
04-02-2024 23:13:39.465Z;functions.filter_clean;  CLICK NO BOTÃO X DO LIMPA FILTRO
04-02-2024 23:13:42.207Z;functions.remessa_pagamento;  CLICK NA PRIMEIRA LINHA DA TABELA MOVIMENTAÇÃO BANCÁRIA
04-02-2024 23:13:43.434Z;functions.remessa_pagamento;  12 PASSOS PARA DIREITA NA TABELA >>
04-02-2024 23:13:44.773Z;functions.remessa_pagamento;  HOVER FILTER
04-02-2024 23:13:45.152Z;functions.remessa_pagamento;  CLICK FILTER
04-02-2024 23:13:49.456Z;functions.remessa_pagamento;  CLICK NO FILTRO  STATUS DA REMESSA
04-02-2024 23:13:51.559Z;functions.remessa_pagamento;  APERTA TAB PARA ESCREVER O FILTRO
04-02-2024 23:13:53.662Z;functions.remessa_pagamento;  ESCREVE AUTORIZADO NO FILTRO
04-02-2024 23:13:55.763Z;functions.remessa_pagamento;  APERTA ENTER PARA SELECIONAR OS AUTORIZADOS
04-02-2024 23:14:01.371Z;functions.remessa_pagamento;  6 PASSOS PARA ESQUERDA NA TABELA <<
04-02-2024 23:14:03.472Z;functions.check_user_bot;  CHECK USER BOT 1
04-02-2024 23:14:05.472Z;functions.check_user_bot;  smramos
04-02-2024 23:14:05.473Z;functions.check_user_bot;  O USUÁRIO NÃO É INTEGRAÇÃO PARA ESSA REMESSA PARA PARA DE BAIXO
04-02-2024 23:14:05.576Z;functions.check_user_bot;  COUNT1: 1
04-02-2024 23:14:07.686Z;functions.check_user_bot;  CHECK USER BOT 1
04-02-2024 23:14:09.686Z;functions.check_user_bot;  smramos
04-02-2024 23:14:09.686Z;functions.check_user_bot;  O USUÁRIO NÃO É INTEGRAÇÃO PARA ESSA REMESSA PARA PARA DE BAIXO
04-02-2024 23:14:09.789Z;functions.check_user_bot;  COUNT1: 2
04-02-2024 23:14:11.906Z;functions.check_user_bot;  CHECK USER BOT 1
04-02-2024 23:14:13.906Z;functions.check_user_bot;  smramos
04-02-2024 23:14:13.906Z;functions.check_user_bot;  O USUÁRIO NÃO É INTEGRAÇÃO PARA ESSA REMESSA PARA PARA DE BAIXO
04-02-2024 23:14:14.010Z;functions.check_user_bot;  COUNT1: 3
04-02-2024 23:14:16.122Z;functions.check_user_bot;  CHECK USER BOT 1
04-02-2024 23:14:18.123Z;functions.check_user_bot;  smramos
04-02-2024 23:14:18.124Z;functions.check_user_bot;  O USUÁRIO NÃO É INTEGRAÇÃO PARA ESSA REMESSA PARA PARA DE BAIXO
04-02-2024 23:14:18.226Z;functions.check_user_bot;  COUNT1: 4
04-02-2024 23:14:20.342Z;functions.check_user_bot;  CHECK USER BOT 1
04-02-2024 23:14:22.343Z;functions.check_user_bot;  smramos
04-02-2024 23:14:22.343Z;functions.check_user_bot;  O USUÁRIO NÃO É INTEGRAÇÃO PARA ESSA REMESSA PARA PARA DE BAIXO
04-02-2024 23:14:22.445Z;functions.check_user_bot;  COUNT1: 5
04-02-2024 23:14:24.566Z;functions.check_user_bot;  CHECK USER BOT 1
04-02-2024 23:14:26.570Z;functions.check_user_bot;  smramos
04-02-2024 23:14:26.570Z;functions.check_user_bot;  O USUÁRIO NÃO É INTEGRAÇÃO PARA ESSA REMESSA PARA PARA DE BAIXO
04-02-2024 23:14:26.674Z;functions.check_user_bot;  COUNT1: 6
04-02-2024 23:14:28.782Z;functions.check_user_bot;  CHECK USER BOT 1
04-02-2024 23:14:30.783Z;functions.check_user_bot;  smramos
04-02-2024 23:14:30.783Z;functions.check_user_bot;  O USUÁRIO NÃO É INTEGRAÇÃO PARA ESSA REMESSA PARA PARA DE BAIXO
04-02-2024 23:14:30.887Z;functions.check_user_bot;  COUNT1: 7
04-02-2024 23:14:32.998Z;functions.check_user_bot;  CHECK USER BOT 1
04-02-2024 23:14:34.998Z;functions.check_user_bot;  smramos
04-02-2024 23:14:34.999Z;functions.check_user_bot;  O USUÁRIO NÃO É INTEGRAÇÃO PARA ESSA REMESSA PARA PARA DE BAIXO
04-02-2024 23:14:35.100Z;functions.check_user_bot;  COUNT1: 8
04-02-2024 23:14:37.209Z;functions.check_user_bot;  CHECK USER BOT 1
04-02-2024 23:14:39.210Z;functions.check_user_bot;  smramos
04-02-2024 23:14:39.210Z;functions.check_user_bot;  O USUÁRIO NÃO É INTEGRAÇÃO PARA ESSA REMESSA PARA PARA DE BAIXO
04-02-2024 23:14:39.312Z;functions.check_user_bot;  COUNT1: 9
04-02-2024 23:14:41.423Z;functions.check_user_bot;  CHECK USER BOT 1
04-02-2024 23:14:43.424Z;functions.check_user_bot;  smramos
04-02-2024 23:14:43.424Z;functions.check_user_bot;  O USUÁRIO NÃO É INTEGRAÇÃO PARA ESSA REMESSA PARA PARA DE BAIXO
04-02-2024 23:14:43.529Z;functions.check_user_bot;  COUNT1: 10
04-02-2024 23:14:45.634Z;functions.check_user_bot;  CHECK USER BOT 1
04-02-2024 23:14:47.635Z;functions.check_user_bot;  smramos
04-02-2024 23:14:47.635Z;functions.check_user_bot;  O USUÁRIO NÃO É INTEGRAÇÃO PARA ESSA REMESSA PARA PARA DE BAIXO
04-02-2024 23:14:47.739Z;functions.check_user_bot;  COUNT1: 11
04-02-2024 23:14:47.751Z;functions.remessa_pagamento;  SELECIONA TODAS AS TUPLAS COM STATUS AUTORIZADO
04-02-2024 23:14:49.853Z;functions.encerra_prog;  FECHA A TABELA
04-02-2024 23:14:51.955Z;functions.encerra_prog;  FECHA O PROGRAMA
04-02-2024 23:14:54.058Z;functions.encerra_prog;  RM ENCERRADO
