20-04-2024 14:30:21.494Z;functions.bot_text_art;      ____     
20-04-2024 14:30:21.494Z;functions.bot_text_art;     [____]    
20-04-2024 14:30:21.494Z;functions.bot_text_art;   |=]()()[=|  
20-04-2024 14:30:21.494Z;functions.bot_text_art;     _\==/__    _____    ____     _        _____    ___   _  __ 
20-04-2024 14:30:21.494Z;functions.bot_text_art;   |__|   |_|  |  _  \  / ___|   | |      |_   _| / ___| | |/ / 
20-04-2024 14:30:21.494Z;functions.bot_text_art;   |_|_/\_|_|  | |  | | | |      | |        | |   | |    | ' /  
20-04-2024 14:30:21.494Z;functions.bot_text_art;   | | __ | |  | |  | | | |      | |        | |   | |    |  <   
20-04-2024 14:30:21.494Z;functions.bot_text_art;   |_|[  ]|_|  | |__| | | |____  | |____   _| |_  | |__  | . \  
20-04-2024 14:30:21.494Z;functions.bot_text_art;   \_|_||_|_/  |_____/   \_____| |______| |_____| \ ___| |_|\_\ 
20-04-2024 14:30:21.494Z;functions.bot_text_art;     |_||_|    
20-04-2024 14:30:21.494Z;functions.bot_text_art;     | ||_|_   
20-04-2024 14:30:21.494Z;functions.bot_text_art;   |___||___|  
20-04-2024 14:30:21.494Z;functions.bot_text_art;               
20-04-2024 14:30:21.729Z;functions.open_RM;  OPEN PROGRAM RM
20-04-2024 14:30:28.981Z;functions.loggin_RM;  ACHOU O PANE PICTURE
20-04-2024 14:30:29.651Z;functions.loggin_RM;  ENCONTRA USE FIELD
20-04-2024 14:30:29.761Z;functions.loggin_RM;  DUPLO CLICK
20-04-2024 14:30:32.808Z;functions.loggin_RM;  ENTRAR USER_NAME
20-04-2024 14:30:33.479Z;functions.loggin_RM;  ENCONTRA PASS FIELD
20-04-2024 14:30:33.588Z;functions.loggin_RM;  CLICK
20-04-2024 14:30:35.698Z;functions.loggin_RM;  ENTRAR PASSWORD
20-04-2024 14:30:36.464Z;functions.loggin_RM;  ENTRAR RM
20-04-2024 14:31:02.228Z;functions.enter_coligada;  CLICK CONTEXTO
20-04-2024 14:31:06.229Z;functions.enter_coligada;  CLICK ALTERAR MODULO DO CONTEXTO
20-04-2024 14:31:08.547Z;functions.enter_coligada;  INSERE O COLIGADA CODE = 1
20-04-2024 14:31:08.649Z;functions.enter_coligada;  APERTA TAB PARA PREENCHER O CAMPO COM A STRING: OCEANICA ENGENHARIA E CONSULTORIA S.A.
20-04-2024 14:31:09.697Z;functions.enter_coligada;  CLICK AVANÇAR NOVAMENTE
20-04-2024 14:31:10.510Z;functions.enter_coligada;  CLICK CONCLUIR
20-04-2024 14:31:19.682Z;functions.enter_coligada;  POP UP COLIGADA DESAPARECER
20-04-2024 14:31:20.323Z;functions.check_movimentacao_bancaria;  CLICK - TOTVS - LINHA RM
20-04-2024 14:31:21.392Z;functions.check_movimentacao_bancaria;  CLICK - BACK OFFICE
20-04-2024 14:31:22.103Z;functions.check_movimentacao_bancaria;  CLICK - GESTAO FINANCEIRA
20-04-2024 14:31:24.385Z;functions.movimentacao_bancaria;  CLICK NA ABA MOVIMENTAÇÃO BANCARIA
20-04-2024 14:31:26.541Z;functions.waitForImage;  IMAGEM BORDERO image found.
20-04-2024 14:31:28.660Z;functions.movimentacao_bancaria;  IMAGEM BORDERO CLICADA.
20-04-2024 14:31:39.265Z;functions.waitForImage;  LICENCAS EXCEDIDAS image not found.
20-04-2024 14:31:41.869Z;functions.waitForImage;  LICENCE SERVER image not found.
20-04-2024 14:31:42.431Z;functions.movimentacao_bancaria;  ENCONTROU O FILTRO DA MOVIMENTAÇÃO BANCÁRIA
20-04-2024 14:31:42.447Z;functions.movimentacao_bancaria;  CLICA NA ABA SUPERIOR DO FILTRO
20-04-2024 14:31:46.653Z;functions.movimentacao_bancaria;  SELECIONA O FILTRO HOJE
20-04-2024 14:31:46.654Z;functions.filter_clean;  FUNÇÃO LIMPA FILTRO
20-04-2024 14:31:48.652Z;functions.waitForImage;  FILTER CLEAN image found.
20-04-2024 14:31:50.779Z;functions.filter_clean;  CLICK NO BOTÃO X DO LIMPA FILTRO
20-04-2024 14:32:06.233Z;functions.waitForImage;  FILTER CLEAN image not found.
20-04-2024 14:32:21.669Z;functions.waitForImage;  FILTER CLEAN image not found.
20-04-2024 14:32:22.509Z;functions.movimentacao_bancaria;  CLICK NA PRIMEIRA LINHA DA TABELA MOVIMENTAÇÃO BANCÁRIA
20-04-2024 14:32:23.720Z;functions.movimentacao_bancaria;  12 PASSOS PARA DIREITA NA TABELA >>
20-04-2024 14:32:25.009Z;functions.movimentacao_bancaria;  HOVER FILTER
20-04-2024 14:32:25.354Z;functions.movimentacao_bancaria;  CLICK FILTER
20-04-2024 14:32:29.664Z;functions.movimentacao_bancaria;  CLICK NO FILTRO  STATUS DA REMESSA
20-04-2024 14:32:31.766Z;functions.movimentacao_bancaria;  APERTA TAB PARA ESCREVER O FILTRO
20-04-2024 14:32:33.870Z;functions.movimentacao_bancaria;  ESCREVE PENDENTE NO FILTRO
20-04-2024 14:32:35.972Z;functions.movimentacao_bancaria;  APERTA ENTER PARA SELECIONAR OS PENDENTES
20-04-2024 14:32:56.071Z;functions.movimentacao_bancaria;  SEM REGISTROS DE PROCESSO DE BORDERO PENDENTE
20-04-2024 14:32:56.071Z;functions.filter_clean;  FUNÇÃO LIMPA FILTRO
20-04-2024 14:32:56.181Z;functions.waitForImage;  FILTER CLEAN image found.
20-04-2024 14:32:58.302Z;functions.filter_clean;  CLICK NO BOTÃO X DO LIMPA FILTRO
20-04-2024 14:33:13.754Z;functions.waitForImage;  FILTER CLEAN image not found.
20-04-2024 14:33:29.201Z;functions.waitForImage;  FILTER CLEAN image not found.
20-04-2024 14:33:30.030Z;functions.remessa_pagamento;  CLICK NA PRIMEIRA LINHA DA TABELA MOVIMENTAÇÃO BANCÁRIA
20-04-2024 14:33:31.308Z;functions.remessa_pagamento;  HOVER FILTER
20-04-2024 14:33:31.600Z;functions.remessa_pagamento;  CLICK FILTER
20-04-2024 14:33:35.913Z;functions.remessa_pagamento;  CLICK NO FILTRO  STATUS DA REMESSA
20-04-2024 14:33:38.014Z;functions.remessa_pagamento;  APERTA TAB PARA ESCREVER O FILTRO
20-04-2024 14:33:40.121Z;functions.remessa_pagamento;  ESCREVE AUTORIZADO NO FILTRO
20-04-2024 14:33:42.222Z;functions.remessa_pagamento;  APERTA ENTER PARA SELECIONAR OS AUTORIZADOS
20-04-2024 14:34:03.366Z;functions.remessa_pagamento;  SEM REMESSA DE BORDERO AUTORIZADO
20-04-2024 14:34:03.992Z;functions.enter_contas_a_pagar;  CLICK - TOTVS - LINHA RM
20-04-2024 14:34:04.979Z;functions.enter_contas_a_pagar;  CLICK - BACK OFFICE
20-04-2024 14:34:05.673Z;functions.enter_contas_a_pagar;  CLICK - GESTAO FINANCEIRA
20-04-2024 14:34:10.366Z;functions.enter_contas_a_pagar;  CLICK - CONTAS A PAGAR
20-04-2024 14:34:10.533Z;functions.waitForImage;  LANÇAMENTOS image found.
20-04-2024 14:34:12.654Z;functions.enter_contas_a_pagar;  CLICA EM LANÇAMENTOS
20-04-2024 14:34:27.867Z;functions.waitForImage;  LICENCAS EXCEDIDAS image not found.
20-04-2024 14:34:27.867Z;functions.obter_intervalo_data;  VERIFICANDO A HORA ATUAL 14
20-04-2024 14:34:27.867Z;functions.obter_intervalo_data;  Data Inicial PENSAO antes da remoção: None
20-04-2024 14:34:27.867Z;functions.obter_intervalo_data;  Data Final PENSAO antes da remoção: None
20-04-2024 14:34:27.867Z;functions.obter_intervalo_data;  Data Inicial PENSAO após a remoção: None
20-04-2024 14:34:27.867Z;functions.obter_intervalo_data;  Data Final PENSAO após a remoção: None
20-04-2024 14:34:27.867Z;functions.obter_intervalo_data;  hoje -  2024-04-20 14:34:27.867621
20-04-2024 14:34:27.867Z;functions.data_filter;  DATA INICIO 24-04-2024
20-04-2024 14:34:27.867Z;functions.data_filter;  DATA FIM 30-04-2024
20-04-2024 14:34:27.867Z;functions.data_filter;  CLICK - SELECIONA A DATA DE QUARTA FEIRA E DA PROXIMA TERÇA
20-04-2024 14:34:27.867Z;functions.data_filter;  QUARTA-FEIRA: 24-04-2024
20-04-2024 14:34:27.867Z;functions.data_filter;  TERCA-FEIRA: 30-04-2024
20-04-2024 14:34:38.981Z;functions.data_filter;  CLICK - BUTÃO DE SELECAO DE FILTRO
20-04-2024 14:34:42.741Z;functions.data_filter;  INSERE - DATA DE QUARTA-FEIRA: 24-04-2024
20-04-2024 14:34:46.448Z;functions.data_filter;  INSERE - DATA DA PROX TERCA-FEIRA: 30-04-2024
20-04-2024 14:34:47.115Z;functions.data_filter;  CLICK - BUTÃO DE EXECUTAR O FILTRO
20-04-2024 14:34:52.930Z;functions.desmark_filter;  CLICK CHECKBOX LANÇAMENTOS A RECEBER
20-04-2024 14:34:53.756Z;functions.desmark_filter;  CLICK CHECKBOX LANÇAMENTOS BAIXADOS
20-04-2024 14:34:54.615Z;functions.desmark_filter;  CLICK CHECKBOX LANÇAMENTOS CANCELADOS
20-04-2024 14:34:55.521Z;functions.desmark_filter;  CLICK CHECKBOX LANÇAMENTOS FATURADOS
20-04-2024 14:34:56.467Z;functions.desmark_filter;  ATUALIZA O FILTRO
20-04-2024 14:34:56.467Z;functions.filter_clean;  FUNÇÃO LIMPA FILTRO
20-04-2024 14:34:56.604Z;functions.waitForImage;  FILTER CLEAN image found.
20-04-2024 14:34:58.721Z;functions.filter_clean;  CLICK NO BOTÃO X DO LIMPA FILTRO
20-04-2024 14:35:14.188Z;functions.waitForImage;  FILTER CLEAN image not found.
20-04-2024 14:35:29.655Z;functions.waitForImage;  FILTER CLEAN image not found.
20-04-2024 14:35:30.631Z;functions.tabela_vazia;  Texto extraido 0/0
20-04-2024 14:35:30.631Z;functions.tabela_vazia;  Count 0
20-04-2024 14:35:30.631Z;functions.tabela_vazia;  Type <class 'int'>
20-04-2024 14:35:32.636Z;functions.tabela_vazia;  SEM REMESSA DE FÉRIAS/RESCISÃO
20-04-2024 14:35:34.637Z;main.<module>;  SEM REMESSA DE PENSÃO
20-04-2024 14:35:36.585Z;errorhandler.__handle;  Property: Unknown Property name. [1:203: -ms-interpolation-mode]
20-04-2024 14:35:36.594Z;errorhandler.__handle;  Property: Unknown Property name. [1:353: -webkit-font-smoothing]
20-04-2024 14:35:36.597Z;errorhandler.__handle;  Property: Unknown Property name. [1:483: -ms-text-size-adjust]
20-04-2024 14:35:36.597Z;errorhandler.__handle;  Property: Unknown Property name. [1:518: -webkit-text-size-adjust]
20-04-2024 14:35:36.598Z;errorhandler.__handle;  Property: Unknown Property name. [1:612: mso-table-lspace]
20-04-2024 14:35:36.598Z;errorhandler.__handle;  Property: Unknown Property name. [1:642: mso-table-rspace]
20-04-2024 14:35:36.645Z;errorhandler.__handle;  Property: Unknown Property name. [1:4734: mso-hide]
20-04-2024 14:35:36.672Z;errorhandler.__handle;  Property: Unknown Property name. [1:13: -ms-interpolation-mode]
20-04-2024 14:35:36.673Z;errorhandler.__handle;  Property: Unknown Property name. [1:49: -webkit-font-smoothing]
20-04-2024 14:35:36.673Z;errorhandler.__handle;  Property: Unknown Property name. [1:134: -ms-text-size-adjust]
20-04-2024 14:35:36.674Z;errorhandler.__handle;  Property: Unknown Property name. [1:160: -webkit-text-size-adjust]
20-04-2024 14:35:36.674Z;errorhandler.__handle;  Property: Unknown Property name. [1:26: mso-table-lspace]
20-04-2024 14:35:36.675Z;errorhandler.__handle;  Property: Unknown Property name. [1:45: mso-table-rspace]
20-04-2024 14:35:36.677Z;errorhandler.__handle;  Property: Unknown Property name. [1:92: mso-hide]
20-04-2024 14:35:36.677Z;errorhandler.__handle;  Property: No ":" after name found: align-center [1:1: align-center]
20-04-2024 14:35:36.677Z;errorhandler.__handle;  Property: No property value found: align-center [1:1: align-center]
20-04-2024 14:35:36.677Z;errorhandler.__handle;  CSSStyleDeclaration: Syntax Error in Property: align-center
20-04-2024 14:35:36.677Z;errorhandler.__handle;  Property: Unknown Property name. [1:14: -ms-interpolation-mode]
20-04-2024 14:35:39.412Z;functions.emailFinalizado;  Warning e-mail sent.
20-04-2024 14:35:39.491Z;functions.encerra_prog;  RM ENCERRADO
