04-04-2024 06:30:11.168Z;functions.bot_text_art;      ____     
04-04-2024 06:30:11.168Z;functions.bot_text_art;     [____]    
04-04-2024 06:30:11.168Z;functions.bot_text_art;   |=]()()[=|  
04-04-2024 06:30:11.168Z;functions.bot_text_art;     _\==/__    _____    ____     _        _____    ___   _  __ 
04-04-2024 06:30:11.168Z;functions.bot_text_art;   |__|   |_|  |  _  \  / ___|   | |      |_   _| / ___| | |/ / 
04-04-2024 06:30:11.168Z;functions.bot_text_art;   |_|_/\_|_|  | |  | | | |      | |        | |   | |    | ' /  
04-04-2024 06:30:11.168Z;functions.bot_text_art;   | | __ | |  | |  | | | |      | |        | |   | |    |  <   
04-04-2024 06:30:11.168Z;functions.bot_text_art;   |_|[  ]|_|  | |__| | | |____  | |____   _| |_  | |__  | . \  
04-04-2024 06:30:11.168Z;functions.bot_text_art;   \_|_||_|_/  |_____/   \_____| |______| |_____| \ ___| |_|\_\ 
04-04-2024 06:30:11.168Z;functions.bot_text_art;     |_||_|    
04-04-2024 06:30:11.168Z;functions.bot_text_art;     | ||_|_   
04-04-2024 06:30:11.168Z;functions.bot_text_art;   |___||___|  
04-04-2024 06:30:11.168Z;functions.bot_text_art;               
04-04-2024 06:30:11.168Z;functions.open_RM;  OPEN PROGRAM RM
04-04-2024 06:30:16.356Z;functions.loggin_RM;  ACHOU O PANE PICTURE
04-04-2024 06:30:16.997Z;functions.loggin_RM;  ENCONTRA USE FIELD
04-04-2024 06:30:17.090Z;functions.loggin_RM;  DUPLO CLICK
04-04-2024 06:30:23.223Z;functions.show_exception_and_exit;  Failed to set focus.
Traceback (most recent call last):
  File "C:\Projetos_Remessas\Remessa_Pensao\main.py", line 13, in <module>
    loggin_RM()
  File "C:\Projetos_Remessas\Remessa_Pensao\SUBPROGRAMS\functions.py", line 90, in loggin_RM
    user_rm.send_hotkey(f'{user}')
  File "C:\Projetos_Remessas\Remessa_Pensao\venv\Lib\site-packages\clicknium\core\service\invokerservice.py", line 157, in wrapper
    raise exception;
    ^^^^^^^^^^^^^^^
clicknium.common.models.exceptions.WindowError: Failed to set focus.
