04-04-2024 20:30:12.151Z;functions.bot_text_art;      ____     
04-04-2024 20:30:12.151Z;functions.bot_text_art;     [____]    
04-04-2024 20:30:12.151Z;functions.bot_text_art;   |=]()()[=|  
04-04-2024 20:30:12.151Z;functions.bot_text_art;     _\==/__    _____    ____     _        _____    ___   _  __ 
04-04-2024 20:30:12.151Z;functions.bot_text_art;   |__|   |_|  |  _  \  / ___|   | |      |_   _| / ___| | |/ / 
04-04-2024 20:30:12.151Z;functions.bot_text_art;   |_|_/\_|_|  | |  | | | |      | |        | |   | |    | ' /  
04-04-2024 20:30:12.151Z;functions.bot_text_art;   | | __ | |  | |  | | | |      | |        | |   | |    |  <   
04-04-2024 20:30:12.151Z;functions.bot_text_art;   |_|[  ]|_|  | |__| | | |____  | |____   _| |_  | |__  | . \  
04-04-2024 20:30:12.151Z;functions.bot_text_art;   \_|_||_|_/  |_____/   \_____| |______| |_____| \ ___| |_|\_\ 
04-04-2024 20:30:12.151Z;functions.bot_text_art;     |_||_|    
04-04-2024 20:30:12.151Z;functions.bot_text_art;     | ||_|_   
04-04-2024 20:30:12.151Z;functions.bot_text_art;   |___||___|  
04-04-2024 20:30:12.151Z;functions.bot_text_art;               
04-04-2024 20:30:12.167Z;functions.open_RM;  OPEN PROGRAM RM
04-04-2024 20:30:50.324Z;functions.loggin_RM;  ACHOU O PANE PICTURE
04-04-2024 20:30:50.948Z;functions.loggin_RM;  ENCONTRA USE FIELD
04-04-2024 20:30:51.042Z;functions.loggin_RM;  DUPLO CLICK
04-04-2024 20:30:54.026Z;functions.loggin_RM;  ENTRAR USER_NAME
04-04-2024 20:30:54.667Z;functions.loggin_RM;  ENCONTRA PASS FIELD
04-04-2024 20:30:54.729Z;functions.loggin_RM;  CLICK
04-04-2024 20:30:56.840Z;functions.loggin_RM;  ENTRAR PASSWORD
04-04-2024 20:30:57.511Z;functions.loggin_RM;  ENTRAR RM
04-04-2024 20:33:45.729Z;functions.enter_coligada;  CLICK CONTEXTO
04-04-2024 20:33:51.073Z;functions.enter_coligada;  CLICK ALTERAR MODULO DO CONTEXTO
04-04-2024 20:33:59.651Z;functions.enter_coligada;  INSERE O COLIGADA CODE = 1
04-04-2024 20:33:59.753Z;functions.enter_coligada;  APERTA TAB PARA PREENCHER O CAMPO COM A STRING: OCEANICA ENGENHARIA E CONSULTORIA S.A.
04-04-2024 20:34:07.354Z;functions.enter_coligada;  CLICK AVANÇAR NOVAMENTE
04-04-2024 20:34:10.916Z;functions.enter_coligada;  CLICK CONCLUIR
04-04-2024 20:34:31.979Z;functions.enter_coligada;  POP UP COLIGADA DESAPARECER
04-04-2024 20:34:42.604Z;functions.check_movimentacao_bancaria;  CLICK - TOTVS - LINHA RM
04-04-2024 20:34:46.011Z;functions.check_movimentacao_bancaria;  CLICK - BACK OFFICE
04-04-2024 20:34:46.698Z;functions.check_movimentacao_bancaria;  CLICK - GESTAO FINANCEIRA
04-04-2024 20:35:27.135Z;functions.movimentacao_bancaria;  CLICK NA ABA MOVIMENTAÇÃO BANCARIA
04-04-2024 20:35:29.286Z;functions.waitForImage;  IMAGEM BORDERO image found.
04-04-2024 20:35:31.394Z;functions.movimentacao_bancaria;  IMAGEM BORDERO CLICADA.
04-04-2024 20:35:41.619Z;functions.waitForImage;  LICENCAS EXCEDIDAS image not found.
04-04-2024 20:35:44.229Z;functions.waitForImage;  LICENCE SERVER image not found.
04-04-2024 20:35:50.091Z;functions.movimentacao_bancaria;  ENCONTROU O FILTRO DA MOVIMENTAÇÃO BANCÁRIA
04-04-2024 20:35:50.105Z;functions.movimentacao_bancaria;  CLICA NA ABA SUPERIOR DO FILTRO
04-04-2024 20:35:54.310Z;functions.movimentacao_bancaria;  SELECIONA O FILTRO HOJE
04-04-2024 20:35:54.310Z;functions.filter_clean;  FUNÇÃO LIMPA FILTRO
04-04-2024 20:36:05.666Z;functions.waitForImage;  FILTER CLEAN image found.
04-04-2024 20:36:07.799Z;functions.filter_clean;  CLICK NO BOTÃO X DO LIMPA FILTRO
04-04-2024 20:36:22.916Z;functions.waitForImage;  FILTER CLEAN image not found.
04-04-2024 20:36:38.041Z;functions.waitForImage;  FILTER CLEAN image not found.
04-04-2024 20:36:38.792Z;functions.movimentacao_bancaria;  CLICK NA PRIMEIRA LINHA DA TABELA MOVIMENTAÇÃO BANCÁRIA
04-04-2024 20:36:40.003Z;functions.movimentacao_bancaria;  12 PASSOS PARA DIREITA NA TABELA >>
04-04-2024 20:36:41.229Z;functions.movimentacao_bancaria;  HOVER FILTER
04-04-2024 20:36:41.495Z;functions.movimentacao_bancaria;  CLICK FILTER
04-04-2024 20:36:45.804Z;functions.movimentacao_bancaria;  CLICK NO FILTRO  STATUS DA REMESSA
04-04-2024 20:36:47.905Z;functions.movimentacao_bancaria;  APERTA TAB PARA ESCREVER O FILTRO
04-04-2024 20:36:50.010Z;functions.movimentacao_bancaria;  ESCREVE PENDENTE NO FILTRO
04-04-2024 20:36:52.112Z;functions.movimentacao_bancaria;  APERTA ENTER PARA SELECIONAR OS PENDENTES
04-04-2024 20:37:12.042Z;functions.movimentacao_bancaria;  SEM REGISTROS DE PROCESSO DE BORDERO PENDENTE
04-04-2024 20:37:12.042Z;functions.filter_clean;  FUNÇÃO LIMPA FILTRO
04-04-2024 20:37:12.166Z;functions.waitForImage;  FILTER CLEAN image found.
04-04-2024 20:37:14.299Z;functions.filter_clean;  CLICK NO BOTÃO X DO LIMPA FILTRO
04-04-2024 20:37:29.416Z;functions.waitForImage;  FILTER CLEAN image not found.
04-04-2024 20:37:44.541Z;functions.waitForImage;  FILTER CLEAN image not found.
04-04-2024 20:37:45.355Z;functions.remessa_pagamento;  CLICK NA PRIMEIRA LINHA DA TABELA MOVIMENTAÇÃO BANCÁRIA
04-04-2024 20:37:46.588Z;functions.remessa_pagamento;  HOVER FILTER
04-04-2024 20:37:46.852Z;functions.remessa_pagamento;  CLICK FILTER
04-04-2024 20:37:51.162Z;functions.remessa_pagamento;  CLICK NO FILTRO  STATUS DA REMESSA
04-04-2024 20:37:53.263Z;functions.remessa_pagamento;  APERTA TAB PARA ESCREVER O FILTRO
04-04-2024 20:37:55.370Z;functions.remessa_pagamento;  ESCREVE AUTORIZADO NO FILTRO
04-04-2024 20:37:57.471Z;functions.remessa_pagamento;  APERTA ENTER PARA SELECIONAR OS AUTORIZADOS
04-04-2024 20:38:18.369Z;functions.remessa_pagamento;  SEM REMESSA DE BORDERO AUTORIZADO
04-04-2024 20:38:18.947Z;functions.enter_contas_a_pagar;  CLICK - TOTVS - LINHA RM
04-04-2024 20:38:19.885Z;functions.enter_contas_a_pagar;  CLICK - BACK OFFICE
04-04-2024 20:38:20.572Z;functions.enter_contas_a_pagar;  CLICK - GESTAO FINANCEIRA
04-04-2024 20:38:40.666Z;functions.enter_contas_a_pagar;  CLICK - CONTAS A PAGAR
04-04-2024 20:38:40.791Z;functions.waitForImage;  LANÇAMENTOS image found.
04-04-2024 20:38:42.924Z;functions.enter_contas_a_pagar;  CLICA EM LANÇAMENTOS
04-04-2024 20:38:58.088Z;functions.waitForImage;  LICENCAS EXCEDIDAS image not found.
04-04-2024 20:38:58.088Z;functions.obter_intervalo_data;  VERIFICANDO A HORA ATUAL 20
04-04-2024 20:38:58.088Z;functions.obter_intervalo_data;  Data Inicial PENSAO antes da remoção: None
04-04-2024 20:38:58.088Z;functions.obter_intervalo_data;  Data Final PENSAO antes da remoção: None
04-04-2024 20:38:58.088Z;functions.obter_intervalo_data;  Data Inicial PENSAO após a remoção: None
04-04-2024 20:38:58.088Z;functions.obter_intervalo_data;  Data Final PENSAO após a remoção: None
04-04-2024 20:38:58.088Z;functions.obter_intervalo_data;  hoje -  2024-04-04 20:38:58.088485
04-04-2024 20:38:58.088Z;functions.data_filter;  DATA INICIO 10-04-2024
04-04-2024 20:38:58.088Z;functions.data_filter;  DATA FIM 16-04-2024
04-04-2024 20:38:58.088Z;functions.data_filter;  CLICK - SELECIONA A DATA DE QUARTA FEIRA E DA PROXIMA TERÇA
04-04-2024 20:38:58.088Z;functions.data_filter;  QUARTA-FEIRA: 10-04-2024
04-04-2024 20:38:58.088Z;functions.data_filter;  TERCA-FEIRA: 16-04-2024
04-04-2024 20:39:09.667Z;functions.data_filter;  CLICK - BUTÃO DE SELECAO DE FILTRO
04-04-2024 20:39:14.228Z;functions.data_filter;  INSERE - DATA DE QUARTA-FEIRA: 10-04-2024
04-04-2024 20:39:17.682Z;functions.data_filter;  INSERE - DATA DA PROX TERCA-FEIRA: 16-04-2024
04-04-2024 20:39:18.293Z;functions.data_filter;  CLICK - BUTÃO DE EXECUTAR O FILTRO
04-04-2024 20:39:25.041Z;functions.desmark_filter;  CLICK CHECKBOX LANÇAMENTOS A RECEBER
04-04-2024 20:39:25.838Z;functions.desmark_filter;  CLICK CHECKBOX LANÇAMENTOS BAIXADOS
04-04-2024 20:39:26.650Z;functions.desmark_filter;  CLICK CHECKBOX LANÇAMENTOS CANCELADOS
04-04-2024 20:39:27.510Z;functions.desmark_filter;  CLICK CHECKBOX LANÇAMENTOS FATURADOS
04-04-2024 20:39:28.385Z;functions.desmark_filter;  ATUALIZA O FILTRO
04-04-2024 20:39:28.385Z;functions.filter_clean;  FUNÇÃO LIMPA FILTRO
04-04-2024 20:39:43.510Z;functions.waitForImage;  FILTER CLEAN image not found.
04-04-2024 20:39:58.635Z;functions.waitForImage;  FILTER CLEAN image not found.
04-04-2024 20:40:13.760Z;functions.waitForImage;  FILTER CLEAN image not found.
04-04-2024 20:40:14.650Z;functions.tabela_vazia;  Texto extraido 0/0
04-04-2024 20:40:14.650Z;functions.tabela_vazia;  Count 0
04-04-2024 20:40:14.650Z;functions.tabela_vazia;  Type <class 'int'>
04-04-2024 20:40:16.666Z;functions.tabela_vazia;  SEM REMESSA DE FÉRIAS/RESCISÃO
04-04-2024 20:40:18.671Z;main.<module>;  SEM REMESSA DE PENSÃO
04-04-2024 20:40:20.681Z;errorhandler.__handle;  Property: Unknown Property name. [1:203: -ms-interpolation-mode]
04-04-2024 20:40:20.697Z;errorhandler.__handle;  Property: Unknown Property name. [1:353: -webkit-font-smoothing]
04-04-2024 20:40:20.697Z;errorhandler.__handle;  Property: Unknown Property name. [1:483: -ms-text-size-adjust]
04-04-2024 20:40:20.697Z;errorhandler.__handle;  Property: Unknown Property name. [1:518: -webkit-text-size-adjust]
04-04-2024 20:40:20.697Z;errorhandler.__handle;  Property: Unknown Property name. [1:612: mso-table-lspace]
04-04-2024 20:40:20.697Z;errorhandler.__handle;  Property: Unknown Property name. [1:642: mso-table-rspace]
04-04-2024 20:40:20.744Z;errorhandler.__handle;  Property: Unknown Property name. [1:4734: mso-hide]
04-04-2024 20:40:20.759Z;errorhandler.__handle;  Property: Unknown Property name. [1:13: -ms-interpolation-mode]
04-04-2024 20:40:20.759Z;errorhandler.__handle;  Property: Unknown Property name. [1:49: -webkit-font-smoothing]
04-04-2024 20:40:20.759Z;errorhandler.__handle;  Property: Unknown Property name. [1:134: -ms-text-size-adjust]
04-04-2024 20:40:20.759Z;errorhandler.__handle;  Property: Unknown Property name. [1:160: -webkit-text-size-adjust]
04-04-2024 20:40:20.759Z;errorhandler.__handle;  Property: Unknown Property name. [1:26: mso-table-lspace]
04-04-2024 20:40:20.759Z;errorhandler.__handle;  Property: Unknown Property name. [1:45: mso-table-rspace]
04-04-2024 20:40:20.775Z;errorhandler.__handle;  Property: Unknown Property name. [1:92: mso-hide]
04-04-2024 20:40:20.775Z;errorhandler.__handle;  Property: No ":" after name found: align-center [1:1: align-center]
04-04-2024 20:40:20.775Z;errorhandler.__handle;  Property: No property value found: align-center [1:1: align-center]
04-04-2024 20:40:20.775Z;errorhandler.__handle;  CSSStyleDeclaration: Syntax Error in Property: align-center
04-04-2024 20:40:20.775Z;errorhandler.__handle;  Property: Unknown Property name. [1:14: -ms-interpolation-mode]
04-04-2024 20:40:23.185Z;functions.emailFinalizado;  Warning e-mail sent.
04-04-2024 20:40:23.250Z;functions.encerra_prog;  RM ENCERRADO
