21-04-2024 06:30:16.733Z;functions.bot_text_art;      ____     
21-04-2024 06:30:16.733Z;functions.bot_text_art;     [____]    
21-04-2024 06:30:16.733Z;functions.bot_text_art;   |=]()()[=|  
21-04-2024 06:30:16.733Z;functions.bot_text_art;     _\==/__    _____    ____     _        _____    ___   _  __ 
21-04-2024 06:30:16.733Z;functions.bot_text_art;   |__|   |_|  |  _  \  / ___|   | |      |_   _| / ___| | |/ / 
21-04-2024 06:30:16.733Z;functions.bot_text_art;   |_|_/\_|_|  | |  | | | |      | |        | |   | |    | ' /  
21-04-2024 06:30:16.733Z;functions.bot_text_art;   | | __ | |  | |  | | | |      | |        | |   | |    |  <   
21-04-2024 06:30:16.733Z;functions.bot_text_art;   |_|[  ]|_|  | |__| | | |____  | |____   _| |_  | |__  | . \  
21-04-2024 06:30:16.733Z;functions.bot_text_art;   \_|_||_|_/  |_____/   \_____| |______| |_____| \ ___| |_|\_\ 
21-04-2024 06:30:16.733Z;functions.bot_text_art;     |_||_|    
21-04-2024 06:30:16.733Z;functions.bot_text_art;     | ||_|_   
21-04-2024 06:30:16.733Z;functions.bot_text_art;   |___||___|  
21-04-2024 06:30:16.733Z;functions.bot_text_art;               
21-04-2024 06:30:16.733Z;functions.open_RM;  OPEN PROGRAM RM
21-04-2024 06:30:22.232Z;functions.loggin_RM;  ACHOU O PANE PICTURE
21-04-2024 06:30:22.904Z;functions.loggin_RM;  ENCONTRA USE FIELD
21-04-2024 06:30:23.014Z;functions.loggin_RM;  DUPLO CLICK
21-04-2024 06:30:26.014Z;functions.loggin_RM;  ENTRAR USER_NAME
21-04-2024 06:30:26.701Z;functions.loggin_RM;  ENCONTRA PASS FIELD
21-04-2024 06:30:26.779Z;functions.loggin_RM;  CLICK
21-04-2024 06:30:28.888Z;functions.loggin_RM;  ENTRAR PASSWORD
21-04-2024 06:30:29.624Z;functions.loggin_RM;  ENTRAR RM
21-04-2024 06:30:49.559Z;functions.enter_coligada;  CLICK CONTEXTO
21-04-2024 06:30:53.576Z;functions.enter_coligada;  CLICK ALTERAR MODULO DO CONTEXTO
21-04-2024 06:30:55.940Z;functions.enter_coligada;  INSERE O COLIGADA CODE = 1
21-04-2024 06:30:56.041Z;functions.enter_coligada;  APERTA TAB PARA PREENCHER O CAMPO COM A STRING: OCEANICA ENGENHARIA E CONSULTORIA S.A.
21-04-2024 06:30:56.981Z;functions.enter_coligada;  CLICK AVANÇAR NOVAMENTE
21-04-2024 06:30:57.872Z;functions.enter_coligada;  CLICK CONCLUIR
21-04-2024 06:31:08.074Z;functions.enter_coligada;  POP UP COLIGADA DESAPARECER
21-04-2024 06:31:08.715Z;functions.check_movimentacao_bancaria;  CLICK - TOTVS - LINHA RM
21-04-2024 06:31:09.762Z;functions.check_movimentacao_bancaria;  CLICK - BACK OFFICE
21-04-2024 06:31:10.465Z;functions.check_movimentacao_bancaria;  CLICK - GESTAO FINANCEIRA
21-04-2024 06:31:13.232Z;functions.movimentacao_bancaria;  CLICK NA ABA MOVIMENTAÇÃO BANCARIA
21-04-2024 06:31:15.371Z;functions.waitForImage;  IMAGEM BORDERO image found.
21-04-2024 06:31:17.504Z;functions.movimentacao_bancaria;  IMAGEM BORDERO CLICADA.
21-04-2024 06:31:27.842Z;functions.waitForImage;  LICENCAS EXCEDIDAS image not found.
21-04-2024 06:31:29.874Z;functions.waitForImage;  LICENCE SERVER image not found.
21-04-2024 06:31:30.449Z;functions.movimentacao_bancaria;  ENCONTROU O FILTRO DA MOVIMENTAÇÃO BANCÁRIA
21-04-2024 06:31:30.480Z;functions.movimentacao_bancaria;  CLICA NA ABA SUPERIOR DO FILTRO
21-04-2024 06:31:34.686Z;functions.movimentacao_bancaria;  SELECIONA O FILTRO HOJE
21-04-2024 06:31:34.686Z;functions.filter_clean;  FUNÇÃO LIMPA FILTRO
21-04-2024 06:31:36.737Z;functions.waitForImage;  FILTER CLEAN image found.
21-04-2024 06:31:38.860Z;functions.filter_clean;  CLICK NO BOTÃO X DO LIMPA FILTRO
21-04-2024 06:31:54.388Z;functions.waitForImage;  FILTER CLEAN image not found.
21-04-2024 06:32:09.838Z;functions.waitForImage;  FILTER CLEAN image not found.
21-04-2024 06:32:28.011Z;functions.movimentacao_bancaria;  SEM REGISTROS DE PROCESSO DE BORDERO PENDENTE
21-04-2024 06:32:28.011Z;functions.filter_clean;  FUNÇÃO LIMPA FILTRO
21-04-2024 06:32:43.509Z;functions.waitForImage;  FILTER CLEAN image not found.
21-04-2024 06:32:59.042Z;functions.waitForImage;  FILTER CLEAN image not found.
21-04-2024 06:33:14.539Z;functions.waitForImage;  FILTER CLEAN image not found.
21-04-2024 06:33:46.851Z;functions.remessa_pagamento;  SEM PROCESSO DE BORDERO AUTORIZADO
21-04-2024 06:33:48.773Z;errorhandler.__handle;  Property: Unknown Property name. [1:203: -ms-interpolation-mode]
21-04-2024 06:33:48.789Z;errorhandler.__handle;  Property: Unknown Property name. [1:353: -webkit-font-smoothing]
21-04-2024 06:33:48.789Z;errorhandler.__handle;  Property: Unknown Property name. [1:483: -ms-text-size-adjust]
21-04-2024 06:33:48.789Z;errorhandler.__handle;  Property: Unknown Property name. [1:518: -webkit-text-size-adjust]
21-04-2024 06:33:48.789Z;errorhandler.__handle;  Property: Unknown Property name. [1:612: mso-table-lspace]
21-04-2024 06:33:48.789Z;errorhandler.__handle;  Property: Unknown Property name. [1:642: mso-table-rspace]
21-04-2024 06:33:48.836Z;errorhandler.__handle;  Property: Unknown Property name. [1:4734: mso-hide]
21-04-2024 06:33:48.867Z;errorhandler.__handle;  Property: Unknown Property name. [1:13: -ms-interpolation-mode]
21-04-2024 06:33:48.867Z;errorhandler.__handle;  Property: Unknown Property name. [1:49: -webkit-font-smoothing]
21-04-2024 06:33:48.867Z;errorhandler.__handle;  Property: Unknown Property name. [1:134: -ms-text-size-adjust]
21-04-2024 06:33:48.867Z;errorhandler.__handle;  Property: Unknown Property name. [1:160: -webkit-text-size-adjust]
21-04-2024 06:33:48.867Z;errorhandler.__handle;  Property: Unknown Property name. [1:26: mso-table-lspace]
21-04-2024 06:33:48.867Z;errorhandler.__handle;  Property: Unknown Property name. [1:45: mso-table-rspace]
21-04-2024 06:33:48.867Z;errorhandler.__handle;  Property: Unknown Property name. [1:92: mso-hide]
21-04-2024 06:33:48.883Z;errorhandler.__handle;  Property: No ":" after name found: align-center [1:1: align-center]
21-04-2024 06:33:48.883Z;errorhandler.__handle;  Property: No property value found: align-center [1:1: align-center]
21-04-2024 06:33:48.883Z;errorhandler.__handle;  CSSStyleDeclaration: Syntax Error in Property: align-center
21-04-2024 06:33:48.883Z;errorhandler.__handle;  Property: Unknown Property name. [1:14: -ms-interpolation-mode]
21-04-2024 06:33:51.226Z;functions.emailFinalizado;  Warning e-mail sent.
21-04-2024 06:33:51.309Z;functions.encerra_prog;  RM ENCERRADO
