16-01-2024 15:59:45.276Z;functions.bot_text_art;      ____     
16-01-2024 15:59:45.276Z;functions.bot_text_art;     [____]    
16-01-2024 15:59:45.290Z;functions.bot_text_art;   |=]()()[=|  
16-01-2024 15:59:45.290Z;functions.bot_text_art;     _\==/__    _____    ____     _        _____    ___   _  __ 
16-01-2024 15:59:45.290Z;functions.bot_text_art;   |__|   |_|  |  _  \  / ___|   | |      |_   _| / ___| | |/ / 
16-01-2024 15:59:45.290Z;functions.bot_text_art;   |_|_/\_|_|  | |  | | | |      | |        | |   | |    | ' /  
16-01-2024 15:59:45.290Z;functions.bot_text_art;   | | __ | |  | |  | | | |      | |        | |   | |    |  <   
16-01-2024 15:59:45.290Z;functions.bot_text_art;   |_|[  ]|_|  | |__| | | |____  | |____   _| |_  | |__  | . \  
16-01-2024 15:59:45.291Z;functions.bot_text_art;   \_|_||_|_/  |_____/   \_____| |______| |_____| \ ___| |_|\_\ 
16-01-2024 15:59:45.291Z;functions.bot_text_art;     |_||_|    
16-01-2024 15:59:45.291Z;functions.bot_text_art;     | ||_|_   
16-01-2024 15:59:45.291Z;functions.bot_text_art;   |___||___|  
16-01-2024 15:59:45.291Z;functions.bot_text_art;               
16-01-2024 15:59:45.291Z;functions.open_RM;  OPEN PROGRAM RM
16-01-2024 15:59:52.213Z;functions.loggin_RM;  ENTRAR USER_NAME
16-01-2024 15:59:53.083Z;functions.loggin_RM;  ENTRAR PASSWORD
16-01-2024 15:59:53.843Z;functions.loggin_RM;  ENTRAR RM
16-01-2024 16:00:21.729Z;functions.enter_coligada;  CLICK CONTEXTO
16-01-2024 16:00:25.698Z;functions.enter_coligada;  CLICK COLIGADA 1
16-01-2024 16:00:27.135Z;functions.enter_coligada;  CLICK AVANÇAR
16-01-2024 16:00:28.744Z;functions.enter_coligada;  INSERE O COLIGADA CODE = 1
16-01-2024 16:00:28.846Z;functions.enter_coligada;  APERTA TAB PARA PREENCHER O CAMPO COM A STRING: OCEANICA ENGENHARIA E CONSULTORIA S.A.
16-01-2024 16:00:29.885Z;functions.enter_coligada;  CLICK AVANÇAR NOVAMENTE
16-01-2024 16:00:30.791Z;functions.enter_coligada;  CLICK CONCLUIR
16-01-2024 16:00:42.588Z;functions.enter_coligada;  POP UP COLIGADA DESAPARECER
16-01-2024 16:00:43.229Z;functions.enter_contas_a_pagar;  CLICK - TOTVS - LINHA RM
16-01-2024 16:00:44.322Z;functions.enter_contas_a_pagar;  CLICK - BACK OFFICE
16-01-2024 16:00:45.041Z;functions.enter_contas_a_pagar;  CLICK - GESTAO FINANCEIRA
16-01-2024 16:00:50.135Z;functions.enter_contas_a_pagar;  CLICK - CONTAS A PAGAR
16-01-2024 16:00:52.182Z;functions.waitForImage;  LANÇAMENTOS image found.
16-01-2024 16:00:54.299Z;functions.enter_contas_a_pagar;  CLICK EM LANÇAMENTOS
16-01-2024 16:00:56.300Z;functions.data_filter;  DATA INICIO 10-01-2024
16-01-2024 16:00:56.300Z;functions.data_filter;  DATA FIM 16-01-2024
16-01-2024 16:00:56.300Z;functions.data_filter;  CLICK - SELECIONA A DATA DE QUARTA FEIRA E DA PROXIMA TERÇA
16-01-2024 16:00:56.300Z;functions.data_filter;  QUARTA-FEIRA: 10-01-2024
16-01-2024 16:00:56.300Z;functions.data_filter;  TERCA-FEIRA: 16-01-2024
16-01-2024 16:01:04.619Z;functions.data_filter;  ESCREVE REMESSA BANCÁRIA NO FILTRO
16-01-2024 16:01:05.322Z;functions.data_filter;  CLICK - BUTÃO DE SELECAO DE FILTRO
16-01-2024 16:01:07.260Z;functions.data_filter;  INSERE - DATA DE QUARTA-FEIRA: 10-01-2024
16-01-2024 16:01:08.791Z;functions.data_filter;  INSERE - DATA DA PROX TERCA-FEIRA: 16-01-2024
16-01-2024 16:01:09.447Z;functions.data_filter;  CLICK - BUTÃO DE EXECUTAR O FILTRO
16-01-2024 16:01:18.323Z;functions.desmark_filter;  CLICK CHECKBOX LANÇAMENTOS A RECEBER
16-01-2024 16:01:19.197Z;functions.desmark_filter;  CLICK CHECKBOX LANÇAMENTOS BAIXADOS
16-01-2024 16:01:20.073Z;functions.desmark_filter;  CLICK CHECKBOX LANÇAMENTOS CANCELADOS
16-01-2024 16:01:20.979Z;functions.desmark_filter;  CLICK CHECKBOX LANÇAMENTOS FATURADOS
16-01-2024 16:01:21.885Z;functions.desmark_filter;  ATUALIZA O FILTRO
16-01-2024 16:01:21.885Z;functions.filter_clean;  FUNÇÃO LIMPA FILTRO, 60 segundos
16-01-2024 16:02:22.213Z;functions.waitForImage;  FILTER CLEAN image not found.
16-01-2024 16:02:22.213Z;functions.tabela_vazia;  VERIFICANDO SE A TABELA ESTÁ VAZIA
16-01-2024 16:02:34.953Z;functions.tabela_vazia;  Para este processo é necessário que existam registros na visão.
16-01-2024 16:02:39.147Z;functions.tabela_vazia;  SEM REMESSA DE PENSÃO
16-01-2024 16:02:41.148Z;main.<module>;  SEM REMESSA DE PENSÃO
16-01-2024 16:02:43.697Z;errorhandler.__handle;  CSSStyleDeclaration: Unexpected token, ignoring upto '{        border: none;'. [1:174: {]
16-01-2024 16:02:43.697Z;errorhandler.__handle;  Property: Unknown Property name. [1:204: -ms-interpolation-mode]
16-01-2024 16:02:43.697Z;errorhandler.__handle;  CSSStyleDeclaration: Unexpected token, ignoring upto '}'. [1:267: }]
16-01-2024 16:02:43.697Z;errorhandler.__handle;  CSSStyleDeclaration: Unexpected token, ignoring upto '{        background-color: #f6f6f6;'. [1:281: {]
16-01-2024 16:02:43.697Z;errorhandler.__handle;  Property: Unknown Property name. [1:356: -webkit-font-smoothing]
16-01-2024 16:02:43.697Z;errorhandler.__handle;  Property: Unknown Property name. [1:486: -ms-text-size-adjust]
16-01-2024 16:02:43.697Z;errorhandler.__handle;  Property: Unknown Property name. [1:521: -webkit-text-size-adjust]
16-01-2024 16:02:43.713Z;errorhandler.__handle;  CSSStyleDeclaration: Unexpected token, ignoring upto '}'. [1:559: }]
16-01-2024 16:02:43.713Z;errorhandler.__handle;  CSSStyleDeclaration: Unexpected token, ignoring upto '{        border-collapse: separate;'. [1:574: {]
16-01-2024 16:02:43.713Z;errorhandler.__handle;  Property: Unknown Property name. [1:617: mso-table-lspace]
16-01-2024 16:02:43.713Z;errorhandler.__handle;  Property: Unknown Property name. [1:647: mso-table-rspace]
16-01-2024 16:02:43.713Z;errorhandler.__handle;  CSSStyleDeclaration: Unexpected token, ignoring upto '}'. [1:690: }]
16-01-2024 16:02:43.713Z;errorhandler.__handle;  CSSStyleDeclaration: Unexpected token, ignoring upto '{          font-family: sans-serif;'. [1:710: {]
16-01-2024 16:02:43.713Z;errorhandler.__handle;  CSSStyleDeclaration: Unexpected token, ignoring upto '}'. [1:808: }]
16-01-2024 16:02:43.713Z;errorhandler.__handle;  CSSStyleDeclaration: Unexpected token, ignoring upto '{        background-color: #f6f6f6;'. [1:941: {]
16-01-2024 16:02:43.713Z;errorhandler.__handle;  CSSStyleDeclaration: Unexpected token, ignoring upto '}'. [1:1003: }]
16-01-2024 16:02:43.713Z;errorhandler.__handle;  CSSStyleDeclaration: Unexpected token, ignoring upto '{        display: block;'. [1:1178: {]
16-01-2024 16:02:43.713Z;errorhandler.__handle;  CSSStyleDeclaration: Unexpected token, ignoring upto '}'. [1:1342: }]
16-01-2024 16:02:43.713Z;errorhandler.__handle;  CSSStyleDeclaration: Unexpected token, ignoring upto '{        box-sizing: border-box;'. [1:1452: {]
16-01-2024 16:02:43.713Z;errorhandler.__handle;  CSSStyleDeclaration: Unexpected token, ignoring upto '}'. [1:1584: }]
16-01-2024 16:02:43.729Z;errorhandler.__handle;  CSSStyleDeclaration: Unexpected token, ignoring upto '{        background: #ffffff;'. [1:1721: {]
16-01-2024 16:02:43.729Z;errorhandler.__handle;  CSSStyleDeclaration: Unexpected token, ignoring upto '}'. [1:1804: }]
16-01-2024 16:02:43.729Z;errorhandler.__handle;  CSSStyleDeclaration: Unexpected token, ignoring upto '{        box-sizing: border-box;'. [1:1822: {]
16-01-2024 16:02:43.729Z;errorhandler.__handle;  CSSStyleDeclaration: Unexpected token, ignoring upto '}'. [1:1883: }]
16-01-2024 16:02:43.729Z;errorhandler.__handle;  CSSStyleDeclaration: Unexpected token, ignoring upto '{        padding-bottom: 10px;'. [1:1907: {]
16-01-2024 16:02:43.729Z;errorhandler.__handle;  CSSStyleDeclaration: Unexpected token, ignoring upto '}'. [1:1969: }]
16-01-2024 16:02:43.729Z;errorhandler.__handle;  CSSStyleDeclaration: Unexpected token, ignoring upto '{        clear: both;'. [1:1986: {]
16-01-2024 16:02:43.729Z;errorhandler.__handle;  CSSStyleDeclaration: Unexpected token, ignoring upto '}'. [1:2086: }]
16-01-2024 16:02:43.729Z;errorhandler.__handle;  CSSStyleDeclaration: Unexpected token, ignoring upto '{          color: #999999;'. [1:2165: {]
16-01-2024 16:02:43.729Z;errorhandler.__handle;  CSSStyleDeclaration: Unexpected token, ignoring upto '}'. [1:2253: }]
16-01-2024 16:02:43.729Z;errorhandler.__handle;  CSSStyleDeclaration: Unexpected token, ignoring upto '{        color: #000000;'. [1:2404: {]
16-01-2024 16:02:43.744Z;errorhandler.__handle;  CSSStyleDeclaration: Unexpected token, ignoring upto '}'. [1:2563: }]
16-01-2024 16:02:43.744Z;errorhandler.__handle;  CSSStyleDeclaration: Unexpected token, ignoring upto '{        font-size: 35px;'. [1:2575: {]
16-01-2024 16:02:43.744Z;errorhandler.__handle;  CSSStyleDeclaration: Unexpected token, ignoring upto '}'. [1:2694: }]
16-01-2024 16:02:43.744Z;errorhandler.__handle;  CSSStyleDeclaration: Unexpected token, ignoring upto '{        font-family: sans-serif;'. [1:2723: {]
16-01-2024 16:02:43.744Z;errorhandler.__handle;  CSSStyleDeclaration: Unexpected token, ignoring upto '}'. [1:2861: }]
16-01-2024 16:02:43.744Z;errorhandler.__handle;  CSSStyleDeclaration: Unexpected token, ignoring upto '{          list-style-position: inside;'. [1:2905: {]
16-01-2024 16:02:43.744Z;errorhandler.__handle;  CSSStyleDeclaration: Unexpected token, ignoring upto '}'. [1:2978: }]
16-01-2024 16:02:43.744Z;errorhandler.__handle;  CSSStyleDeclaration: Unexpected token, ignoring upto '{        color: #3498db;'. [1:2989: {]
16-01-2024 16:02:43.744Z;errorhandler.__handle;  CSSStyleDeclaration: Unexpected token, ignoring upto '}'. [1:3055: }]
16-01-2024 16:02:43.744Z;errorhandler.__handle;  CSSStyleDeclaration: Unexpected token, ignoring upto '{        box-sizing: border-box;'. [1:3178: {]
16-01-2024 16:02:43.744Z;errorhandler.__handle;  CSSStyleDeclaration: Unexpected token, ignoring upto '}'. [1:3231: }]
16-01-2024 16:02:43.744Z;errorhandler.__handle;  CSSStyleDeclaration: Unexpected token, ignoring upto '{          padding-bottom: 15px;'. [1:3265: {]
16-01-2024 16:02:43.744Z;errorhandler.__handle;  CSSStyleDeclaration: Unexpected token, ignoring upto '}'. [1:3298: }]
16-01-2024 16:02:43.744Z;errorhandler.__handle;  CSSStyleDeclaration: Unexpected token, ignoring upto '{          width: auto;'. [1:3320: {]
16-01-2024 16:02:43.744Z;errorhandler.__handle;  CSSStyleDeclaration: Unexpected token, ignoring upto '}'. [1:3350: }]
16-01-2024 16:02:43.760Z;errorhandler.__handle;  CSSStyleDeclaration: Unexpected token, ignoring upto '{          background-color: #ffffff;'. [1:3375: {]
16-01-2024 16:02:43.760Z;errorhandler.__handle;  CSSStyleDeclaration: Unexpected token, ignoring upto '}'. [1:3477: }]
16-01-2024 16:02:43.760Z;errorhandler.__handle;  CSSStyleDeclaration: Unexpected token, ignoring upto '{          background-color: #ffffff;'. [1:3495: {]
16-01-2024 16:02:43.807Z;errorhandler.__handle;  CSSStyleDeclaration: Unexpected token, ignoring upto '}'. [1:3892: }]
16-01-2024 16:02:43.807Z;errorhandler.__handle;  CSSStyleDeclaration: Unexpected token, ignoring upto '{        background-color: #3498db;'. [1:3923: {]
16-01-2024 16:02:43.807Z;errorhandler.__handle;  CSSStyleDeclaration: Unexpected token, ignoring upto '}'. [1:3965: }]
16-01-2024 16:02:43.807Z;errorhandler.__handle;  CSSStyleDeclaration: Unexpected token, ignoring upto '{        background-color: #3498db;'. [1:3989: {]
16-01-2024 16:02:43.807Z;errorhandler.__handle;  CSSStyleDeclaration: Unexpected token, ignoring upto '}'. [1:4084: }]
16-01-2024 16:02:43.807Z;errorhandler.__handle;  CSSStyleDeclaration: Unexpected token, ignoring upto '{        margin-bottom: 0;'. [1:4234: {]
16-01-2024 16:02:43.822Z;errorhandler.__handle;  CSSStyleDeclaration: Unexpected token, ignoring upto '}'. [1:4267: }]
16-01-2024 16:02:43.822Z;errorhandler.__handle;  CSSStyleDeclaration: Unexpected token, ignoring upto '{        margin-top: 0;'. [1:4283: {]
16-01-2024 16:02:43.822Z;errorhandler.__handle;  CSSStyleDeclaration: Unexpected token, ignoring upto '}'. [1:4313: }]
16-01-2024 16:02:43.822Z;errorhandler.__handle;  CSSStyleDeclaration: Unexpected token, ignoring upto '{        text-align: center;'. [1:4336: {]
16-01-2024 16:02:43.822Z;errorhandler.__handle;  CSSStyleDeclaration: Unexpected token, ignoring upto '}'. [1:4371: }]
16-01-2024 16:02:43.822Z;errorhandler.__handle;  CSSStyleDeclaration: Unexpected token, ignoring upto '{        text-align: right;'. [1:4393: {]
16-01-2024 16:02:43.822Z;errorhandler.__handle;  CSSStyleDeclaration: Unexpected token, ignoring upto '}'. [1:4427: }]
16-01-2024 16:02:43.822Z;errorhandler.__handle;  CSSStyleDeclaration: Unexpected token, ignoring upto '{        text-align: left;'. [1:4448: {]
16-01-2024 16:02:43.822Z;errorhandler.__handle;  CSSStyleDeclaration: Unexpected token, ignoring upto '}'. [1:4481: }]
16-01-2024 16:02:43.822Z;errorhandler.__handle;  CSSStyleDeclaration: Unexpected token, ignoring upto '{        clear: both;'. [1:4497: {]
16-01-2024 16:02:43.822Z;errorhandler.__handle;  CSSStyleDeclaration: Unexpected token, ignoring upto '}'. [1:4525: }]
16-01-2024 16:02:43.822Z;errorhandler.__handle;  CSSStyleDeclaration: Unexpected token, ignoring upto '{        margin-top: 0;'. [1:4539: {]
16-01-2024 16:02:43.822Z;errorhandler.__handle;  CSSStyleDeclaration: Unexpected token, ignoring upto '}'. [1:4569: }]
16-01-2024 16:02:43.822Z;errorhandler.__handle;  CSSStyleDeclaration: Unexpected token, ignoring upto '{        margin-bottom: 0;'. [1:4583: {]
16-01-2024 16:02:43.822Z;errorhandler.__handle;  CSSStyleDeclaration: Unexpected token, ignoring upto '}'. [1:4616: }]
16-01-2024 16:02:43.822Z;errorhandler.__handle;  CSSStyleDeclaration: Unexpected token, ignoring upto '{        color: transparent;'. [1:4636: {]
16-01-2024 16:02:43.838Z;errorhandler.__handle;  Property: Unknown Property name. [1:4799: mso-hide]
16-01-2024 16:02:43.838Z;errorhandler.__handle;  CSSStyleDeclaration: Unexpected token, ignoring upto '}'. [1:4864: }]
16-01-2024 16:02:43.838Z;errorhandler.__handle;  CSSStyleDeclaration: Unexpected token, ignoring upto '{        text-decoration: none;'. [1:4887: {]
16-01-2024 16:02:43.838Z;errorhandler.__handle;  CSSStyleDeclaration: Unexpected token, ignoring upto '}'. [1:4925: }]
16-01-2024 16:02:43.838Z;errorhandler.__handle;  CSSStyleDeclaration: Unexpected token, ignoring upto '{        border: 0;'. [1:4937: {]
16-01-2024 16:02:43.838Z;errorhandler.__handle;  CSSStyleDeclaration: Unexpected token, ignoring upto '}'. [1:5027: }]
16-01-2024 16:02:43.838Z;errorhandler.__handle;  CSSStyleRule: No selector found: '{        table.body h1 {{          font-size: 28px !important;          margin-bottom: 10px !important;         }}        table.body p,        table.body ul,        table.body ol,        table.body td,        table.body span,        table.body a {{          font-size: 16px !important;         }}        table.body .wrapper,        table.body .article {{          padding: 10px !important;         }}        table.body .content {{          padding: 0 !important;         }}        table.body .container {{          padding: 0 !important;          width: 100% !important;         }}        table.body .main {{          border-left-width: 0 !important;          border-radius: 0 !important;          border-right-width: 0 !important;         }}        table.body .btn table {{          width: 100% !important;         }}        table.body .btn a {{          width: 100% !important;         }}        table.body .img-responsive {{          height: auto !important;          max-width: 100% !important;          width: auto !important;         }}      }'. [1:5217: {]
16-01-2024 16:02:43.838Z;errorhandler.__handle;  SelectorList: Unknown Syntax: ''
16-01-2024 16:02:43.838Z;errorhandler.__handle;  Property: No ":" after name found: table.body h1 {{          font-size: 28px !important;          margin-bottom: 10px !important;         }}        table.body p,        table.body ul,        table.body ol,        table.body td,        table.body span,        table.body a {{          font-size: 16px !important;         }}        table.body .wrapper,        table.body .article {{          padding: 10px !important;         }}        table.body .content {{          padding: 0 !important;         }}        table.body .container {{          padding: 0 !important;          width: 100% !important;         }}        table.body .main {{          border-left-width: 0 !important;          border-radius: 0 !important;          border-right-width: 0 !important;         }}        table.body .btn table {{          width: 100% !important;         }}        table.body .btn a {{          width: 100% !important;         }}        table.body .img-responsive {{          height: auto !important;          max-width: 100% !important;          width: auto !important;         }}       [1:6259:       ]
16-01-2024 16:02:43.838Z;errorhandler.__handle;  Property: No property value found: table.body h1 {{          font-size: 28px !important;          margin-bottom: 10px !important;         }}        table.body p,        table.body ul,        table.body ol,        table.body td,        table.body span,        table.body a {{          font-size: 16px !important;         }}        table.body .wrapper,        table.body .article {{          padding: 10px !important;         }}        table.body .content {{          padding: 0 !important;         }}        table.body .container {{          padding: 0 !important;          width: 100% !important;         }}        table.body .main {{          border-left-width: 0 !important;          border-radius: 0 !important;          border-right-width: 0 !important;         }}        table.body .btn table {{          width: 100% !important;         }}        table.body .btn a {{          width: 100% !important;         }}        table.body .img-responsive {{          height: auto !important;          max-width: 100% !important;          width: auto !important;         }}       [1:6259:       ]
16-01-2024 16:02:43.854Z;errorhandler.__handle;  CSSStyleDeclaration: Syntax Error in Property: table.body h1 {{          font-size: 28px !important;          margin-bottom: 10px !important;         }}        table.body p,        table.body ul,        table.body ol,        table.body td,        table.body span,        table.body a {{          font-size: 16px !important;         }}        table.body .wrapper,        table.body .article {{          padding: 10px !important;         }}        table.body .content {{          padding: 0 !important;         }}        table.body .container {{          padding: 0 !important;          width: 100% !important;         }}        table.body .main {{          border-left-width: 0 !important;          border-radius: 0 !important;          border-right-width: 0 !important;         }}        table.body .btn table {{          width: 100% !important;         }}        table.body .btn a {{          width: 100% !important;         }}        table.body .img-responsive {{          height: auto !important;          max-width: 100% !important;          width: auto !important;         }}      
16-01-2024 16:02:43.854Z;errorhandler.__handle;  CSSStyleRule: No selector found: '{        .ExternalClass {{          width: 100%;         }}        .ExternalClass,        .ExternalClass p,        .ExternalClass span,        .ExternalClass font,        .ExternalClass td,        .ExternalClass div {{          line-height: 100%;         }}        .apple-link a {{          color: inherit !important;          font-family: inherit !important;          font-size: inherit !important;          font-weight: inherit !important;          line-height: inherit !important;          text-decoration: none !important;         }}        #MessageViewBody a {{          color: inherit;          text-decoration: none;          font-size: inherit;          font-family: inherit;          font-weight: inherit;          line-height: inherit;        }}        .btn-primary table td:hover {{          background-color: #34495e !important;         }}        .btn-primary a:hover {{          background-color: #34495e !important;          border-color: #34495e !important;         }}       }'. [1:6420: {]
16-01-2024 16:02:43.854Z;errorhandler.__handle;  SelectorList: Unknown Syntax: ''
16-01-2024 16:02:43.854Z;errorhandler.__handle;  CSSStyleDeclaration: Unexpected token, ignoring upto '.ExternalClass {{          width: 100%;         }}        .ExternalClass,        .ExternalClass p,        .ExternalClass span,        .ExternalClass font,        .ExternalClass td,        .ExternalClass div {{          line-height: 100%;         }}        .apple-link a {{          color: inherit !important;          font-family: inherit !important;          font-size: inherit !important;          font-weight: inherit !important;          line-height: inherit !important;          text-decoration: none !important;         }}        #MessageViewBody a {{          color: inherit;          text-decoration: none;          font-size: inherit;          font-family: inherit;          font-weight: inherit;          line-height: inherit;        }}        .btn-primary table td:hover {{          background-color: #34495e !important;         }}        .btn-primary a:hover {{          background-color: #34495e !important;          border-color: #34495e !important;         }}       '. [1:6429: .]
16-01-2024 16:02:43.869Z;errorhandler.__handle;  Property: Unknown Property name. [1:1: -ms-interpolation-mode]
16-01-2024 16:02:43.869Z;errorhandler.__handle;  Property: Unknown Property name. [1:24: -webkit-font-smoothing]
16-01-2024 16:02:43.869Z;errorhandler.__handle;  Property: Unknown Property name. [1:109: -ms-text-size-adjust]
16-01-2024 16:02:43.869Z;errorhandler.__handle;  Property: Unknown Property name. [1:135: -webkit-text-size-adjust]
16-01-2024 16:02:43.869Z;errorhandler.__handle;  Property: Unknown Property name. [1:1: mso-table-lspace]
16-01-2024 16:02:43.869Z;errorhandler.__handle;  Property: Unknown Property name. [1:20: mso-table-rspace]
16-01-2024 16:02:43.885Z;errorhandler.__handle;  Property: Unknown Property name. [1:74: mso-hide]
16-01-2024 16:02:43.885Z;errorhandler.__handle;  Property: No ":" after name found: align-center [1:1: align-center]
16-01-2024 16:02:43.885Z;errorhandler.__handle;  Property: No property value found: align-center [1:1: align-center]
16-01-2024 16:02:43.885Z;errorhandler.__handle;  CSSStyleDeclaration: Syntax Error in Property: align-center
16-01-2024 16:02:43.885Z;errorhandler.__handle;  Property: Unknown Property name. [1:1: -ms-interpolation-mode]
16-01-2024 16:02:45.947Z;functions.emailSuccess;  Success e-mail sent.
16-01-2024 16:02:48.050Z;functions.encerra_prog;  FECHA A TABELA
16-01-2024 16:02:50.152Z;functions.encerra_prog;  FECHA O PROGRAMA
16-01-2024 16:02:52.253Z;functions.encerra_prog;  RM ENCERRADO
