10-07-2024 17:02:35.536Z;functions.bot_text_art;      ____     
10-07-2024 17:02:35.536Z;functions.bot_text_art;     [____]    
10-07-2024 17:02:35.536Z;functions.bot_text_art;   |=]()()[=|  
10-07-2024 17:02:35.536Z;functions.bot_text_art;     _\==/__    _____    ____     _        _____    ___   _  __ 
10-07-2024 17:02:35.536Z;functions.bot_text_art;   |__|   |_|  |  _  \  / ___|   | |      |_   _| / ___| | |/ / 
10-07-2024 17:02:35.536Z;functions.bot_text_art;   |_|_/\_|_|  | |  | | | |      | |        | |   | |    | ' /  
10-07-2024 17:02:35.536Z;functions.bot_text_art;   | | __ | |  | |  | | | |      | |        | |   | |    |  <   
10-07-2024 17:02:35.536Z;functions.bot_text_art;   |_|[  ]|_|  | |__| | | |____  | |____   _| |_  | |__  | . \  
10-07-2024 17:02:35.552Z;functions.bot_text_art;   \_|_||_|_/  |_____/   \_____| |______| |_____| \ ___| |_|\_\ 
10-07-2024 17:02:35.552Z;functions.bot_text_art;     |_||_|    
10-07-2024 17:02:35.552Z;functions.bot_text_art;     | ||_|_   
10-07-2024 17:02:35.552Z;functions.bot_text_art;   |___||___|  
10-07-2024 17:02:35.552Z;functions.bot_text_art;               
10-07-2024 17:02:35.567Z;functions.open_RM;  OPEN PROGRAM RM
10-07-2024 17:02:52.974Z;functions.loggin_RM;  ACHOU O PANE PICTURE
10-07-2024 17:02:54.271Z;functions.loggin_RM;  ENCONTRA USE FIELD
10-07-2024 17:02:54.583Z;functions.loggin_RM;  DUPLO CLICK
10-07-2024 17:02:58.286Z;functions.loggin_RM;  ENTRAR USER_NAME
10-07-2024 17:02:59.693Z;functions.loggin_RM;  ENCONTRA PASS FIELD
10-07-2024 17:03:00.052Z;functions.loggin_RM;  CLICK
10-07-2024 17:03:02.180Z;functions.loggin_RM;  ENTRAR PASSWORD
10-07-2024 17:03:03.794Z;functions.loggin_RM;  ENTRAR RM
10-07-2024 17:03:36.364Z;functions.loggin_RM;  FILTRO 1 NÃO ENCONTRADO DE INICIO
10-07-2024 17:04:10.209Z;functions.loggin_RM;  FILTRO 2 NÃO ENCONTRADO DE INICIO
10-07-2024 17:04:43.043Z;functions.loggin_RM;  FILTRO 1 NÃO ENCONTRADO DE INICIO
10-07-2024 17:05:14.036Z;functions.loggin_RM;  FILTRO 2 NÃO ENCONTRADO DE INICIO
10-07-2024 17:05:46.739Z;functions.loggin_RM;  FILTRO 1 NÃO ENCONTRADO DE INICIO
10-07-2024 17:06:17.771Z;functions.loggin_RM;  FILTRO 2 NÃO ENCONTRADO DE INICIO
10-07-2024 17:06:17.771Z;functions.enter_coligada;  AGUARDANDO 1
