10-07-2024 17:31:41.832Z;functions.bot_text_art;      ____     
10-07-2024 17:31:41.832Z;functions.bot_text_art;     [____]    
10-07-2024 17:31:41.832Z;functions.bot_text_art;   |=]()()[=|  
10-07-2024 17:31:41.832Z;functions.bot_text_art;     _\==/__    _____    ____     _        _____    ___   _  __ 
10-07-2024 17:31:41.832Z;functions.bot_text_art;   |__|   |_|  |  _  \  / ___|   | |      |_   _| / ___| | |/ / 
10-07-2024 17:31:41.832Z;functions.bot_text_art;   |_|_/\_|_|  | |  | | | |      | |        | |   | |    | ' /  
10-07-2024 17:31:41.832Z;functions.bot_text_art;   | | __ | |  | |  | | | |      | |        | |   | |    |  <   
10-07-2024 17:31:41.832Z;functions.bot_text_art;   |_|[  ]|_|  | |__| | | |____  | |____   _| |_  | |__  | . \  
10-07-2024 17:31:41.832Z;functions.bot_text_art;   \_|_||_|_/  |_____/   \_____| |______| |_____| \ ___| |_|\_\ 
10-07-2024 17:31:41.832Z;functions.bot_text_art;     |_||_|    
10-07-2024 17:31:41.832Z;functions.bot_text_art;     | ||_|_   
10-07-2024 17:31:41.832Z;functions.bot_text_art;   |___||___|  
10-07-2024 17:31:41.832Z;functions.bot_text_art;               
10-07-2024 17:31:41.847Z;functions.open_RM;  OPEN PROGRAM RM
10-07-2024 17:31:57.550Z;functions.loggin_RM;  ACHOU O PANE PICTURE
10-07-2024 17:31:58.675Z;functions.loggin_RM;  ENCONTRA USE FIELD
10-07-2024 17:31:58.987Z;functions.loggin_RM;  DUPLO CLICK
10-07-2024 17:32:02.472Z;functions.loggin_RM;  ENTRAR USER_NAME
10-07-2024 17:32:03.597Z;functions.loggin_RM;  ENCONTRA PASS FIELD
10-07-2024 17:32:03.862Z;functions.loggin_RM;  CLICK
10-07-2024 17:32:05.990Z;functions.loggin_RM;  ENTRAR PASSWORD
10-07-2024 17:32:07.363Z;functions.loggin_RM;  ENTRAR RM
10-07-2024 17:32:48.566Z;functions.loggin_RM;  FILTRO 1 NÃO ENCONTRADO DE INICIO
10-07-2024 17:33:21.660Z;functions.loggin_RM;  FILTRO 2 NÃO ENCONTRADO DE INICIO
10-07-2024 17:33:53.128Z;functions.loggin_RM;  FILTRO 1 NÃO ENCONTRADO DE INICIO
10-07-2024 17:34:26.128Z;functions.loggin_RM;  FILTRO 2 NÃO ENCONTRADO DE INICIO
10-07-2024 17:34:57.503Z;functions.loggin_RM;  FILTRO 1 NÃO ENCONTRADO DE INICIO
10-07-2024 17:35:30.456Z;functions.loggin_RM;  FILTRO 2 NÃO ENCONTRADO DE INICIO
10-07-2024 17:35:30.456Z;functions.enter_coligada;  AGUARDANDO 1
10-07-2024 17:38:04.762Z;functions.enter_coligada;  apertou up
10-07-2024 17:38:04.762Z;functions.enter_coligada;  AGUARDANDO 2
10-07-2024 17:40:35.511Z;functions.enter_coligada;  apertou up
10-07-2024 17:40:35.511Z;functions.enter_coligada;  AGUARDANDO 3
10-07-2024 17:43:06.245Z;functions.enter_coligada;  apertou up
10-07-2024 17:43:06.245Z;functions.enter_coligada;  AGUARDANDO 4
10-07-2024 17:45:37.636Z;functions.enter_coligada;  apertou up
10-07-2024 17:45:37.636Z;functions.enter_coligada;  AGUARDANDO 5
10-07-2024 17:48:08.979Z;functions.enter_coligada;  apertou up
10-07-2024 17:48:08.979Z;functions.enter_coligada;  AGUARDANDO 6
10-07-2024 17:50:44.401Z;functions.enter_coligada;  apertou up
10-07-2024 17:50:44.401Z;functions.enter_coligada;  AGUARDANDO 7
10-07-2024 17:53:15.229Z;functions.enter_coligada;  apertou up
10-07-2024 17:53:32.690Z;functions.show_exception_and_exit;  'NoneType' object has no attribute 'click'
Traceback (most recent call last):
  File "C:\Projetos_Remessas\Remessa_Pensao\main.py", line 14, in <module>
    enter_coligada()
  File "C:\Projetos_Remessas\Remessa_Pensao\SUBPROGRAMS\functions.py", line 174, in enter_coligada
    click_alterar_contexto.click()
    ^^^^^^^^^^^^^^^^^^^^^^^^^^^^
AttributeError: 'NoneType' object has no attribute 'click'
10-07-2024 17:53:33.345Z;functions.show_exception_and_exit;  RM FECHADO
10-07-2024 17:53:35.845Z;errorhandler.__handle;  Property: Unknown Property name. [1:203: -ms-interpolation-mode]
10-07-2024 17:53:35.877Z;errorhandler.__handle;  Property: Unknown Property name. [1:353: -webkit-font-smoothing]
10-07-2024 17:53:35.892Z;errorhandler.__handle;  Property: Unknown Property name. [1:483: -ms-text-size-adjust]
10-07-2024 17:53:35.892Z;errorhandler.__handle;  Property: Unknown Property name. [1:518: -webkit-text-size-adjust]
10-07-2024 17:53:35.892Z;errorhandler.__handle;  Property: Unknown Property name. [1:612: mso-table-lspace]
10-07-2024 17:53:35.892Z;errorhandler.__handle;  Property: Unknown Property name. [1:642: mso-table-rspace]
10-07-2024 17:53:36.127Z;errorhandler.__handle;  Property: Unknown Property name. [1:4734: mso-hide]
10-07-2024 17:53:36.236Z;errorhandler.__handle;  Property: Unknown Property name. [1:13: -ms-interpolation-mode]
10-07-2024 17:53:36.236Z;errorhandler.__handle;  Property: Unknown Property name. [1:49: -webkit-font-smoothing]
10-07-2024 17:53:36.252Z;errorhandler.__handle;  Property: Unknown Property name. [1:134: -ms-text-size-adjust]
10-07-2024 17:53:36.252Z;errorhandler.__handle;  Property: Unknown Property name. [1:160: -webkit-text-size-adjust]
10-07-2024 17:53:36.252Z;errorhandler.__handle;  Property: Unknown Property name. [1:26: mso-table-lspace]
10-07-2024 17:53:36.252Z;errorhandler.__handle;  Property: Unknown Property name. [1:45: mso-table-rspace]
10-07-2024 17:53:36.283Z;errorhandler.__handle;  Property: Unknown Property name. [1:92: mso-hide]
10-07-2024 17:53:36.299Z;errorhandler.__handle;  Property: No ":" after name found: align-center [1:1: align-center]
10-07-2024 17:53:36.299Z;errorhandler.__handle;  Property: No property value found: align-center [1:1: align-center]
10-07-2024 17:53:36.299Z;errorhandler.__handle;  CSSStyleDeclaration: Syntax Error in Property: align-center
10-07-2024 17:53:36.314Z;errorhandler.__handle;  Property: Unknown Property name. [1:14: -ms-interpolation-mode]
10-07-2024 17:53:38.690Z;functions.show_exception_and_exit;  EMAIL EXCEÇÃO ENVIADO
10-07-2024 17:53:38.690Z;functions.show_exception_and_exit;  ERRO - <class 'AttributeError'> / 'NoneType' object has no attribute 'click'
