06-07-2024 15:31:18.856Z;functions.bot_text_art;      ____     
06-07-2024 15:31:18.856Z;functions.bot_text_art;     [____]    
06-07-2024 15:31:18.856Z;functions.bot_text_art;   |=]()()[=|  
06-07-2024 15:31:18.856Z;functions.bot_text_art;     _\==/__    _____    ____     _        _____    ___   _  __ 
06-07-2024 15:31:18.856Z;functions.bot_text_art;   |__|   |_|  |  _  \  / ___|   | |      |_   _| / ___| | |/ / 
06-07-2024 15:31:18.856Z;functions.bot_text_art;   |_|_/\_|_|  | |  | | | |      | |        | |   | |    | ' /  
06-07-2024 15:31:18.856Z;functions.bot_text_art;   | | __ | |  | |  | | | |      | |        | |   | |    |  <   
06-07-2024 15:31:18.856Z;functions.bot_text_art;   |_|[  ]|_|  | |__| | | |____  | |____   _| |_  | |__  | . \  
06-07-2024 15:31:18.856Z;functions.bot_text_art;   \_|_||_|_/  |_____/   \_____| |______| |_____| \ ___| |_|\_\ 
06-07-2024 15:31:18.856Z;functions.bot_text_art;     |_||_|    
06-07-2024 15:31:18.856Z;functions.bot_text_art;     | ||_|_   
06-07-2024 15:31:18.856Z;functions.bot_text_art;   |___||___|  
06-07-2024 15:31:18.856Z;functions.bot_text_art;               
06-07-2024 15:31:18.871Z;functions.open_RM;  OPEN PROGRAM RM
06-07-2024 15:31:36.325Z;functions.loggin_RM;  ACHOU O PANE PICTURE
06-07-2024 15:31:37.465Z;functions.loggin_RM;  ENCONTRA USE FIELD
06-07-2024 15:31:37.809Z;functions.loggin_RM;  DUPLO CLICK
06-07-2024 15:31:41.450Z;functions.loggin_RM;  ENTRAR USER_NAME
06-07-2024 15:31:42.809Z;functions.loggin_RM;  ENCONTRA PASS FIELD
06-07-2024 15:31:43.090Z;functions.loggin_RM;  CLICK
06-07-2024 15:31:45.219Z;functions.loggin_RM;  ENTRAR PASSWORD
06-07-2024 15:31:46.674Z;functions.loggin_RM;  ENTRAR RM
06-07-2024 15:32:23.637Z;functions.loggin_RM;  FILTRO 1 NÃO ENCONTRADO DE INICIO
06-07-2024 15:32:55.575Z;functions.loggin_RM;  FILTRO 2 NÃO ENCONTRADO DE INICIO
06-07-2024 15:33:28.262Z;functions.loggin_RM;  FILTRO 1 NÃO ENCONTRADO DE INICIO
06-07-2024 15:34:01.778Z;functions.loggin_RM;  FILTRO 2 NÃO ENCONTRADO DE INICIO
06-07-2024 15:34:34.326Z;functions.loggin_RM;  FILTRO 1 NÃO ENCONTRADO DE INICIO
06-07-2024 15:35:06.968Z;functions.loggin_RM;  FILTRO 2 NÃO ENCONTRADO DE INICIO
06-07-2024 15:35:06.968Z;functions.enter_coligada;  AGUARDANDO 1
06-07-2024 15:35:08.152Z;functions.enter_coligada;  CLICK CONTEXTO
06-07-2024 15:35:10.965Z;functions.enter_coligada;  CLICK ALTERAR MODULO DO CONTEXTO
06-07-2024 15:35:15.168Z;functions.enter_coligada;  INSERE O COLIGADA CODE = 1
06-07-2024 15:35:15.273Z;functions.enter_coligada;  APERTA TAB PARA PREENCHER O CAMPO COM A STRING: OCEANICA ENGENHARIA E CONSULTORIA S.A.
06-07-2024 15:35:17.527Z;functions.enter_coligada;  CLICK AVANÇAR NOVAMENTE
06-07-2024 15:35:18.934Z;functions.enter_coligada;  CLICK CONCLUIR
06-07-2024 15:35:39.340Z;functions.waitForImage;  TROCA COLIGADA image not found.
06-07-2024 15:35:58.887Z;functions.enter_coligada;  POP UP COLIGADA DESAPARECER
06-07-2024 15:35:59.871Z;functions.check_movimentacao_bancaria;  CLICK - TOTVS - LINHA RM
06-07-2024 15:36:01.715Z;functions.check_movimentacao_bancaria;  CLICK - BACK OFFICE
06-07-2024 15:36:04.465Z;functions.check_movimentacao_bancaria;  CLICK - GESTAO FINANCEIRA
06-07-2024 15:36:04.465Z;functions.obter_intervalo_data;  VERIFICANDO A HORA ATUAL 15
06-07-2024 15:36:04.492Z;functions.obter_intervalo_data;  Data Inicial PENSAO antes da remoção: None
06-07-2024 15:36:04.492Z;functions.obter_intervalo_data;  Data Final PENSAO antes da remoção: None
06-07-2024 15:36:04.496Z;functions.obter_intervalo_data;  Data Inicial PENSAO após a remoção: None
06-07-2024 15:36:04.496Z;functions.obter_intervalo_data;  Data Final PENSAO após a remoção: None
06-07-2024 15:36:04.496Z;functions.obter_intervalo_data;  hoje -  2024-07-06 15:36:04.496831
06-07-2024 15:36:04.496Z;functions.check_movimentacao_bancaria;  DATA INICIO 10-07-2024
06-07-2024 15:36:04.496Z;functions.check_movimentacao_bancaria;  DATA FIM 16-07-2024
06-07-2024 15:36:04.496Z;functions.movimentacao_bancaria;  AGUARDANDO 1
06-07-2024 15:36:10.434Z;functions.movimentacao_bancaria;  CLICK NA ABA MOVIMENTAÇÃO BANCARIA
06-07-2024 15:36:12.668Z;functions.waitForImage;  IMAGEM BORDERO image found.
06-07-2024 15:36:14.785Z;functions.movimentacao_bancaria;  IMAGEM BORDERO CLICADA.
06-07-2024 15:36:25.120Z;functions.waitForImage;  LICENCAS EXCEDIDAS image not found.
06-07-2024 15:36:27.574Z;functions.waitForImage;  LICENCE SERVER image not found.
06-07-2024 15:36:28.293Z;functions.movimentacao_bancaria;  ENCONTROU O FILTRO DA MOVIMENTAÇÃO BANCÁRIA
06-07-2024 15:36:28.340Z;functions.movimentacao_bancaria;  CLICA NA ABA SUPERIOR DO FILTRO
06-07-2024 15:36:32.552Z;functions.movimentacao_bancaria;  SELECIONA O FILTRO HOJE
06-07-2024 15:36:32.552Z;functions.filter_clean;  FUNÇÃO LIMPA FILTRO
06-07-2024 15:36:37.746Z;functions.waitForImage;  FILTER CLEAN image found.
06-07-2024 15:36:39.880Z;functions.filter_clean;  CLICK NO BOTÃO X DO LIMPA FILTRO
06-07-2024 15:36:40.093Z;functions.waitForImage;  FILTER CLEAN image found.
06-07-2024 15:36:42.223Z;functions.filter_clean;  CLICK NO BOTÃO X DO LIMPA FILTRO
06-07-2024 15:36:57.527Z;functions.waitForImage;  FILTER CLEAN image not found.
06-07-2024 15:36:59.246Z;functions.movimentacao_bancaria;  CLICK NA PRIMEIRA LINHA DA TABELA MOVIMENTAÇÃO BANCÁRIA
06-07-2024 15:37:00.472Z;functions.movimentacao_bancaria;  12 PASSOS PARA DIREITA NA TABELA >>
06-07-2024 15:37:02.668Z;functions.movimentacao_bancaria;  HOVER FILTER
06-07-2024 15:37:03.267Z;functions.movimentacao_bancaria;  CLICK FILTER
06-07-2024 15:37:07.593Z;functions.movimentacao_bancaria;  CLICK NO FILTRO  STATUS DA REMESSA
06-07-2024 15:37:09.696Z;functions.movimentacao_bancaria;  APERTA TAB PARA ESCREVER O FILTRO
06-07-2024 15:37:11.811Z;functions.movimentacao_bancaria;  ESCREVE PENDENTE NO FILTRO
06-07-2024 15:37:13.914Z;functions.movimentacao_bancaria;  APERTA ENTER PARA SELECIONAR OS PENDENTES
06-07-2024 15:37:33.575Z;functions.movimentacao_bancaria;  SEM REGISTROS DE PROCESSO DE BORDERO PENDENTE
06-07-2024 15:37:33.575Z;functions.filter_clean;  FUNÇÃO LIMPA FILTRO
06-07-2024 15:37:33.777Z;functions.waitForImage;  FILTER CLEAN image found.
06-07-2024 15:37:35.912Z;functions.filter_clean;  CLICK NO BOTÃO X DO LIMPA FILTRO
06-07-2024 15:37:51.215Z;functions.waitForImage;  FILTER CLEAN image not found.
06-07-2024 15:38:06.512Z;functions.waitForImage;  FILTER CLEAN image not found.
06-07-2024 15:38:08.465Z;functions.remessa_pagamento;  CLICK NA PRIMEIRA LINHA DA TABELA MOVIMENTAÇÃO BANCÁRIA
06-07-2024 15:38:10.652Z;functions.remessa_pagamento;  HOVER FILTER
06-07-2024 15:38:11.239Z;functions.remessa_pagamento;  CLICK FILTER
06-07-2024 15:38:15.573Z;functions.remessa_pagamento;  CLICK NO FILTRO  STATUS DA REMESSA
06-07-2024 15:38:17.676Z;functions.remessa_pagamento;  APERTA TAB PARA ESCREVER O FILTRO
06-07-2024 15:38:19.793Z;functions.remessa_pagamento;  ESCREVE AUTORIZADO NO FILTRO
06-07-2024 15:38:21.896Z;functions.remessa_pagamento;  APERTA ENTER PARA SELECIONAR OS AUTORIZADOS
06-07-2024 15:38:42.496Z;functions.remessa_pagamento;  SEM REMESSA DE BORDERO AUTORIZADO
06-07-2024 15:38:43.496Z;functions.enter_contas_a_pagar;  CLICK - TOTVS - LINHA RM
06-07-2024 15:38:45.030Z;functions.enter_contas_a_pagar;  CLICK - BACK OFFICE
06-07-2024 15:38:47.809Z;functions.enter_contas_a_pagar;  CLICK - GESTAO FINANCEIRA
06-07-2024 15:38:53.996Z;functions.enter_contas_a_pagar;  CLICK - CONTAS A PAGAR
06-07-2024 15:38:54.933Z;functions.waitForImage;  LANÇAMENTOS image found.
06-07-2024 15:38:57.067Z;functions.enter_contas_a_pagar;  CLICA EM LANÇAMENTOS
06-07-2024 15:39:12.262Z;functions.waitForImage;  LICENCAS EXCEDIDAS image not found.
06-07-2024 15:39:12.262Z;functions.data_filter;  CLICK - SELECIONA A DATA DE QUARTA FEIRA E DA PROXIMA TERÇA
06-07-2024 15:39:12.262Z;functions.data_filter;  QUARTA-FEIRA: 10-07-2024
06-07-2024 15:39:12.262Z;functions.data_filter;  TERCA-FEIRA: 16-07-2024
06-07-2024 15:39:24.715Z;functions.data_filter;  CLICK - BUTÃO DE SELECAO DE FILTRO
06-07-2024 15:39:29.574Z;functions.data_filter;  INSERE - DATA DE QUARTA-FEIRA: 10-07-2024
06-07-2024 15:39:33.824Z;functions.data_filter;  INSERE - DATA DA PROX TERCA-FEIRA: 16-07-2024
06-07-2024 15:39:34.997Z;functions.data_filter;  CLICK - BUTÃO DE EXECUTAR O FILTRO
06-07-2024 15:39:40.000Z;functions.desmark_filter;  AGUARDANDO 1
06-07-2024 15:39:42.434Z;functions.desmark_filter;  CLICK CHECKBOX LANÇAMENTOS A RECEBER
06-07-2024 15:39:44.998Z;functions.desmark_filter;  CLICK CHECKBOX LANÇAMENTOS BAIXADOS
06-07-2024 15:39:47.840Z;functions.desmark_filter;  CLICK CHECKBOX LANÇAMENTOS CANCELADOS
06-07-2024 15:39:50.902Z;functions.desmark_filter;  CLICK CHECKBOX LANÇAMENTOS FATURADOS
06-07-2024 15:39:54.058Z;functions.desmark_filter;  ATUALIZA O FILTRO
06-07-2024 15:39:54.058Z;functions.filter_clean;  FUNÇÃO LIMPA FILTRO
06-07-2024 15:39:54.262Z;functions.waitForImage;  FILTER CLEAN image found.
06-07-2024 15:39:56.379Z;functions.filter_clean;  CLICK NO BOTÃO X DO LIMPA FILTRO
06-07-2024 15:40:11.746Z;functions.waitForImage;  FILTER CLEAN image not found.
06-07-2024 15:40:27.152Z;functions.waitForImage;  FILTER CLEAN image not found.
06-07-2024 15:40:30.824Z;functions.tabela_vazia;  Texto extraido 0/0
06-07-2024 15:40:30.840Z;functions.tabela_vazia;  Count 0
06-07-2024 15:40:30.840Z;functions.tabela_vazia;  Type <class 'int'>
06-07-2024 15:40:32.841Z;functions.tabela_vazia;  SEM REMESSA DE FÉRIAS/RESCISÃO
06-07-2024 15:40:34.842Z;main.<module>;  SEM REMESSA DE PENSÃO
06-07-2024 15:40:37.433Z;errorhandler.__handle;  Property: Unknown Property name. [1:203: -ms-interpolation-mode]
06-07-2024 15:40:37.480Z;errorhandler.__handle;  Property: Unknown Property name. [1:353: -webkit-font-smoothing]
06-07-2024 15:40:37.496Z;errorhandler.__handle;  Property: Unknown Property name. [1:483: -ms-text-size-adjust]
06-07-2024 15:40:37.496Z;errorhandler.__handle;  Property: Unknown Property name. [1:518: -webkit-text-size-adjust]
06-07-2024 15:40:37.496Z;errorhandler.__handle;  Property: Unknown Property name. [1:612: mso-table-lspace]
06-07-2024 15:40:37.496Z;errorhandler.__handle;  Property: Unknown Property name. [1:642: mso-table-rspace]
06-07-2024 15:40:37.730Z;errorhandler.__handle;  Property: Unknown Property name. [1:4734: mso-hide]
06-07-2024 15:40:37.840Z;errorhandler.__handle;  Property: Unknown Property name. [1:13: -ms-interpolation-mode]
06-07-2024 15:40:37.840Z;errorhandler.__handle;  Property: Unknown Property name. [1:49: -webkit-font-smoothing]
06-07-2024 15:40:37.840Z;errorhandler.__handle;  Property: Unknown Property name. [1:134: -ms-text-size-adjust]
06-07-2024 15:40:37.840Z;errorhandler.__handle;  Property: Unknown Property name. [1:160: -webkit-text-size-adjust]
06-07-2024 15:40:37.840Z;errorhandler.__handle;  Property: Unknown Property name. [1:26: mso-table-lspace]
06-07-2024 15:40:37.840Z;errorhandler.__handle;  Property: Unknown Property name. [1:45: mso-table-rspace]
06-07-2024 15:40:37.886Z;errorhandler.__handle;  Property: Unknown Property name. [1:92: mso-hide]
06-07-2024 15:40:37.902Z;errorhandler.__handle;  Property: No ":" after name found: align-center [1:1: align-center]
06-07-2024 15:40:37.902Z;errorhandler.__handle;  Property: No property value found: align-center [1:1: align-center]
06-07-2024 15:40:37.902Z;errorhandler.__handle;  CSSStyleDeclaration: Syntax Error in Property: align-center
06-07-2024 15:40:37.902Z;errorhandler.__handle;  Property: Unknown Property name. [1:14: -ms-interpolation-mode]
06-07-2024 15:40:40.356Z;functions.emailFinalizado;  Warning e-mail sent.
06-07-2024 15:40:40.636Z;functions.encerra_prog;  RM ENCERRADO
