06-06-2024 15:00:34.732Z;functions.bot_text_art;      ____     
06-06-2024 15:00:34.747Z;functions.bot_text_art;     [____]    
06-06-2024 15:00:34.747Z;functions.bot_text_art;   |=]()()[=|  
06-06-2024 15:00:34.747Z;functions.bot_text_art;     _\==/__    _____    ____     _        _____    ___   _  __ 
06-06-2024 15:00:34.747Z;functions.bot_text_art;   |__|   |_|  |  _  \  / ___|   | |      |_   _| / ___| | |/ / 
06-06-2024 15:00:34.747Z;functions.bot_text_art;   |_|_/\_|_|  | |  | | | |      | |        | |   | |    | ' /  
06-06-2024 15:00:34.747Z;functions.bot_text_art;   | | __ | |  | |  | | | |      | |        | |   | |    |  <   
06-06-2024 15:00:34.747Z;functions.bot_text_art;   |_|[  ]|_|  | |__| | | |____  | |____   _| |_  | |__  | . \  
06-06-2024 15:00:34.747Z;functions.bot_text_art;   \_|_||_|_/  |_____/   \_____| |______| |_____| \ ___| |_|\_\ 
06-06-2024 15:00:34.747Z;functions.bot_text_art;     |_||_|    
06-06-2024 15:00:34.747Z;functions.bot_text_art;     | ||_|_   
06-06-2024 15:00:34.747Z;functions.bot_text_art;   |___||___|  
06-06-2024 15:00:34.747Z;functions.bot_text_art;               
06-06-2024 15:00:34.763Z;functions.open_RM;  OPEN PROGRAM RM
06-06-2024 15:00:51.616Z;functions.loggin_RM;  ACHOU O PANE PICTURE
06-06-2024 15:00:52.787Z;functions.loggin_RM;  ENCONTRA USE FIELD
06-06-2024 15:00:53.053Z;functions.loggin_RM;  DUPLO CLICK
06-06-2024 15:00:56.631Z;functions.loggin_RM;  ENTRAR USER_NAME
06-06-2024 15:00:57.788Z;functions.loggin_RM;  ENCONTRA PASS FIELD
06-06-2024 15:00:58.095Z;functions.loggin_RM;  CLICK
