06-06-2024 22:35:21.144Z;functions.bot_text_art;      ____     
06-06-2024 22:35:21.160Z;functions.bot_text_art;     [____]    
06-06-2024 22:35:21.160Z;functions.bot_text_art;   |=]()()[=|  
06-06-2024 22:35:21.160Z;functions.bot_text_art;     _\==/__    _____    ____     _        _____    ___   _  __ 
06-06-2024 22:35:21.160Z;functions.bot_text_art;   |__|   |_|  |  _  \  / ___|   | |      |_   _| / ___| | |/ / 
06-06-2024 22:35:21.160Z;functions.bot_text_art;   |_|_/\_|_|  | |  | | | |      | |        | |   | |    | ' /  
06-06-2024 22:35:21.160Z;functions.bot_text_art;   | | __ | |  | |  | | | |      | |        | |   | |    |  <   
06-06-2024 22:35:21.160Z;functions.bot_text_art;   |_|[  ]|_|  | |__| | | |____  | |____   _| |_  | |__  | . \  
06-06-2024 22:35:21.160Z;functions.bot_text_art;   \_|_||_|_/  |_____/   \_____| |______| |_____| \ ___| |_|\_\ 
06-06-2024 22:35:21.160Z;functions.bot_text_art;     |_||_|    
06-06-2024 22:35:21.160Z;functions.bot_text_art;     | ||_|_   
06-06-2024 22:35:21.160Z;functions.bot_text_art;   |___||___|  
06-06-2024 22:35:21.160Z;functions.bot_text_art;               
06-06-2024 22:35:21.160Z;functions.open_RM;  OPEN PROGRAM RM
06-06-2024 22:35:33.988Z;functions.loggin_RM;  ACHOU O PANE PICTURE
06-06-2024 22:35:35.050Z;functions.loggin_RM;  ENCONTRA USE FIELD
06-06-2024 22:35:35.347Z;functions.loggin_RM;  DUPLO CLICK
06-06-2024 22:35:38.675Z;functions.loggin_RM;  ENTRAR USER_NAME
06-06-2024 22:35:39.691Z;functions.loggin_RM;  ENCONTRA PASS FIELD
06-06-2024 22:35:39.910Z;functions.loggin_RM;  CLICK
06-06-2024 22:35:42.052Z;functions.loggin_RM;  ENTRAR PASSWORD
06-06-2024 22:35:43.409Z;functions.loggin_RM;  ENTRAR RM
06-06-2024 22:38:45.164Z;functions.loggin_RM;  FILTRO NÃO ENCONTRADO DE INICIO
06-06-2024 22:38:50.846Z;functions.enter_coligada;  CLICK CONTEXTO
06-06-2024 22:38:53.784Z;functions.enter_coligada;  CLICK ALTERAR MODULO DO CONTEXTO
06-06-2024 22:38:57.706Z;functions.enter_coligada;  INSERE O COLIGADA CODE = 1
06-06-2024 22:38:57.847Z;functions.enter_coligada;  APERTA TAB PARA PREENCHER O CAMPO COM A STRING: OCEANICA ENGENHARIA E CONSULTORIA S.A.
06-06-2024 22:38:59.690Z;functions.enter_coligada;  CLICK AVANÇAR NOVAMENTE
06-06-2024 22:39:01.003Z;functions.enter_coligada;  CLICK CONCLUIR
06-06-2024 22:40:17.221Z;functions.enter_coligada;  POP UP COLIGADA DESAPARECER
06-06-2024 22:40:18.190Z;functions.check_movimentacao_bancaria;  CLICK - TOTVS - LINHA RM
06-06-2024 22:40:19.940Z;functions.check_movimentacao_bancaria;  CLICK - BACK OFFICE
06-06-2024 22:40:22.659Z;functions.check_movimentacao_bancaria;  CLICK - GESTAO FINANCEIRA
06-06-2024 22:40:22.659Z;functions.obter_intervalo_data;  VERIFICANDO A HORA ATUAL 22
06-06-2024 22:40:22.690Z;functions.obter_intervalo_data;  Data Inicial PENSAO antes da remoção: None
06-06-2024 22:40:22.690Z;functions.obter_intervalo_data;  Data Final PENSAO antes da remoção: None
06-06-2024 22:40:22.690Z;functions.obter_intervalo_data;  Data Inicial PENSAO após a remoção: None
06-06-2024 22:40:22.690Z;functions.obter_intervalo_data;  Data Final PENSAO após a remoção: None
06-06-2024 22:40:22.690Z;functions.obter_intervalo_data;  hoje -  2024-06-06 22:40:22.690974
06-06-2024 22:40:22.690Z;functions.check_movimentacao_bancaria;  DATA INICIO 12-06-2024
06-06-2024 22:40:22.690Z;functions.check_movimentacao_bancaria;  DATA FIM 18-06-2024
06-06-2024 22:40:28.784Z;functions.movimentacao_bancaria;  CLICK NA ABA MOVIMENTAÇÃO BANCARIA
06-06-2024 22:40:31.050Z;functions.waitForImage;  IMAGEM BORDERO image found.
06-06-2024 22:40:33.167Z;functions.movimentacao_bancaria;  IMAGEM BORDERO CLICADA.
06-06-2024 22:40:43.862Z;functions.waitForImage;  LICENCAS EXCEDIDAS image not found.
06-06-2024 22:40:46.268Z;functions.waitForImage;  LICENCE SERVER image not found.
06-06-2024 22:40:46.972Z;functions.movimentacao_bancaria;  ENCONTROU O FILTRO DA MOVIMENTAÇÃO BANCÁRIA
06-06-2024 22:40:47.034Z;functions.movimentacao_bancaria;  CLICA NA ABA SUPERIOR DO FILTRO
06-06-2024 22:40:51.247Z;functions.movimentacao_bancaria;  SELECIONA O FILTRO HOJE
06-06-2024 22:40:51.247Z;functions.filter_clean;  FUNÇÃO LIMPA FILTRO
06-06-2024 22:40:55.503Z;functions.waitForImage;  FILTER CLEAN image found.
06-06-2024 22:40:57.637Z;functions.filter_clean;  CLICK NO BOTÃO X DO LIMPA FILTRO
06-06-2024 22:40:57.846Z;functions.waitForImage;  FILTER CLEAN image found.
06-06-2024 22:40:59.981Z;functions.filter_clean;  CLICK NO BOTÃO X DO LIMPA FILTRO
06-06-2024 22:41:15.284Z;functions.waitForImage;  FILTER CLEAN image not found.
06-06-2024 22:41:16.972Z;functions.movimentacao_bancaria;  CLICK NA PRIMEIRA LINHA DA TABELA MOVIMENTAÇÃO BANCÁRIA
06-06-2024 22:41:18.197Z;functions.movimentacao_bancaria;  12 PASSOS PARA DIREITA NA TABELA >>
06-06-2024 22:41:20.518Z;functions.movimentacao_bancaria;  HOVER FILTER
06-06-2024 22:41:21.084Z;functions.movimentacao_bancaria;  CLICK FILTER
06-06-2024 22:41:25.411Z;functions.movimentacao_bancaria;  CLICK NO FILTRO  STATUS DA REMESSA
06-06-2024 22:41:27.514Z;functions.movimentacao_bancaria;  APERTA TAB PARA ESCREVER O FILTRO
06-06-2024 22:41:29.629Z;functions.movimentacao_bancaria;  ESCREVE PENDENTE NO FILTRO
06-06-2024 22:41:31.750Z;functions.movimentacao_bancaria;  APERTA ENTER PARA SELECIONAR OS PENDENTES
06-06-2024 22:41:51.316Z;functions.movimentacao_bancaria;  SEM REGISTROS DE PROCESSO DE BORDERO PENDENTE
06-06-2024 22:41:51.316Z;functions.filter_clean;  FUNÇÃO LIMPA FILTRO
06-06-2024 22:41:51.534Z;functions.waitForImage;  FILTER CLEAN image found.
06-06-2024 22:41:53.669Z;functions.filter_clean;  CLICK NO BOTÃO X DO LIMPA FILTRO
06-06-2024 22:42:08.972Z;functions.waitForImage;  FILTER CLEAN image not found.
06-06-2024 22:42:24.284Z;functions.waitForImage;  FILTER CLEAN image not found.
06-06-2024 22:42:26.159Z;functions.remessa_pagamento;  CLICK NA PRIMEIRA LINHA DA TABELA MOVIMENTAÇÃO BANCÁRIA
06-06-2024 22:42:28.375Z;functions.remessa_pagamento;  HOVER FILTER
06-06-2024 22:42:28.947Z;functions.remessa_pagamento;  CLICK FILTER
06-06-2024 22:42:33.279Z;functions.remessa_pagamento;  CLICK NO FILTRO  STATUS DA REMESSA
06-06-2024 22:42:35.398Z;functions.remessa_pagamento;  APERTA TAB PARA ESCREVER O FILTRO
06-06-2024 22:42:37.516Z;functions.remessa_pagamento;  ESCREVE AUTORIZADO NO FILTRO
06-06-2024 22:42:39.619Z;functions.remessa_pagamento;  APERTA ENTER PARA SELECIONAR OS AUTORIZADOS
06-06-2024 22:43:03.197Z;functions.remessa_pagamento;  SEM REMESSA DE BORDERO AUTORIZADO
06-06-2024 22:43:04.190Z;functions.enter_contas_a_pagar;  CLICK - TOTVS - LINHA RM
06-06-2024 22:43:05.596Z;functions.enter_contas_a_pagar;  CLICK - BACK OFFICE
06-06-2024 22:43:06.534Z;functions.enter_contas_a_pagar;  CLICK - GESTAO FINANCEIRA
06-06-2024 22:43:12.533Z;functions.enter_contas_a_pagar;  CLICK - CONTAS A PAGAR
06-06-2024 22:43:13.482Z;functions.waitForImage;  LANÇAMENTOS image found.
06-06-2024 22:43:15.605Z;functions.enter_contas_a_pagar;  CLICA EM LANÇAMENTOS
06-06-2024 22:43:30.705Z;functions.waitForImage;  LICENCAS EXCEDIDAS image not found.
06-06-2024 22:43:30.705Z;functions.data_filter;  CLICK - SELECIONA A DATA DE QUARTA FEIRA E DA PROXIMA TERÇA
06-06-2024 22:43:30.705Z;functions.data_filter;  QUARTA-FEIRA: 12-06-2024
06-06-2024 22:43:30.705Z;functions.data_filter;  TERCA-FEIRA: 18-06-2024
06-06-2024 22:43:43.065Z;functions.data_filter;  CLICK - BUTÃO DE SELECAO DE FILTRO
06-06-2024 22:43:47.705Z;functions.data_filter;  INSERE - DATA DE QUARTA-FEIRA: 12-06-2024
06-06-2024 22:43:52.143Z;functions.data_filter;  INSERE - DATA DA PROX TERCA-FEIRA: 18-06-2024
06-06-2024 22:43:53.158Z;functions.data_filter;  CLICK - BUTÃO DE EXECUTAR O FILTRO
06-06-2024 22:44:00.534Z;functions.desmark_filter;  CLICK CHECKBOX LANÇAMENTOS A RECEBER
06-06-2024 22:44:02.991Z;functions.desmark_filter;  CLICK CHECKBOX LANÇAMENTOS BAIXADOS
06-06-2024 22:44:05.815Z;functions.desmark_filter;  CLICK CHECKBOX LANÇAMENTOS CANCELADOS
06-06-2024 22:44:08.811Z;functions.desmark_filter;  CLICK CHECKBOX LANÇAMENTOS FATURADOS
06-06-2024 22:44:11.932Z;functions.desmark_filter;  ATUALIZA O FILTRO
06-06-2024 22:44:11.932Z;functions.filter_clean;  FUNÇÃO LIMPA FILTRO
06-06-2024 22:44:27.158Z;functions.waitForImage;  FILTER CLEAN image not found.
06-06-2024 22:44:42.221Z;functions.waitForImage;  FILTER CLEAN image not found.
06-06-2024 22:44:57.455Z;functions.waitForImage;  FILTER CLEAN image not found.
06-06-2024 22:45:00.783Z;functions.tabela_vazia;  Texto extraido 0/0
06-06-2024 22:45:00.783Z;functions.tabela_vazia;  Count 0
06-06-2024 22:45:00.783Z;functions.tabela_vazia;  Type <class 'int'>
06-06-2024 22:45:02.793Z;functions.tabela_vazia;  SEM REMESSA DE FÉRIAS/RESCISÃO
06-06-2024 22:45:04.794Z;main.<module>;  SEM REMESSA DE PENSÃO
06-06-2024 22:45:07.435Z;errorhandler.__handle;  Property: Unknown Property name. [1:203: -ms-interpolation-mode]
06-06-2024 22:45:07.466Z;errorhandler.__handle;  Property: Unknown Property name. [1:353: -webkit-font-smoothing]
06-06-2024 22:45:07.481Z;errorhandler.__handle;  Property: Unknown Property name. [1:483: -ms-text-size-adjust]
06-06-2024 22:45:07.481Z;errorhandler.__handle;  Property: Unknown Property name. [1:518: -webkit-text-size-adjust]
06-06-2024 22:45:07.481Z;errorhandler.__handle;  Property: Unknown Property name. [1:612: mso-table-lspace]
06-06-2024 22:45:07.481Z;errorhandler.__handle;  Property: Unknown Property name. [1:642: mso-table-rspace]
06-06-2024 22:45:07.653Z;errorhandler.__handle;  Property: Unknown Property name. [1:4734: mso-hide]
06-06-2024 22:45:07.731Z;errorhandler.__handle;  Property: Unknown Property name. [1:13: -ms-interpolation-mode]
06-06-2024 22:45:07.731Z;errorhandler.__handle;  Property: Unknown Property name. [1:49: -webkit-font-smoothing]
06-06-2024 22:45:07.747Z;errorhandler.__handle;  Property: Unknown Property name. [1:134: -ms-text-size-adjust]
06-06-2024 22:45:07.747Z;errorhandler.__handle;  Property: Unknown Property name. [1:160: -webkit-text-size-adjust]
06-06-2024 22:45:07.747Z;errorhandler.__handle;  Property: Unknown Property name. [1:26: mso-table-lspace]
06-06-2024 22:45:07.747Z;errorhandler.__handle;  Property: Unknown Property name. [1:45: mso-table-rspace]
06-06-2024 22:45:07.778Z;errorhandler.__handle;  Property: Unknown Property name. [1:92: mso-hide]
06-06-2024 22:45:07.794Z;errorhandler.__handle;  Property: No ":" after name found: align-center [1:1: align-center]
06-06-2024 22:45:07.794Z;errorhandler.__handle;  Property: No property value found: align-center [1:1: align-center]
06-06-2024 22:45:07.794Z;errorhandler.__handle;  CSSStyleDeclaration: Syntax Error in Property: align-center
06-06-2024 22:45:07.810Z;errorhandler.__handle;  Property: Unknown Property name. [1:14: -ms-interpolation-mode]
06-06-2024 22:45:10.253Z;functions.emailFinalizado;  Warning e-mail sent.
06-06-2024 22:45:10.721Z;functions.encerra_prog;  RM ENCERRADO
