05-06-2024 06:30:43.502Z;functions.bot_text_art;      ____     
05-06-2024 06:30:43.502Z;functions.bot_text_art;     [____]    
05-06-2024 06:30:43.502Z;functions.bot_text_art;   |=]()()[=|  
05-06-2024 06:30:43.502Z;functions.bot_text_art;     _\==/__    _____    ____     _        _____    ___   _  __ 
05-06-2024 06:30:43.502Z;functions.bot_text_art;   |__|   |_|  |  _  \  / ___|   | |      |_   _| / ___| | |/ / 
05-06-2024 06:30:43.502Z;functions.bot_text_art;   |_|_/\_|_|  | |  | | | |      | |        | |   | |    | ' /  
05-06-2024 06:30:43.502Z;functions.bot_text_art;   | | __ | |  | |  | | | |      | |        | |   | |    |  <   
05-06-2024 06:30:43.502Z;functions.bot_text_art;   |_|[  ]|_|  | |__| | | |____  | |____   _| |_  | |__  | . \  
05-06-2024 06:30:43.502Z;functions.bot_text_art;   \_|_||_|_/  |_____/   \_____| |______| |_____| \ ___| |_|\_\ 
05-06-2024 06:30:43.502Z;functions.bot_text_art;     |_||_|    
05-06-2024 06:30:43.502Z;functions.bot_text_art;     | ||_|_   
05-06-2024 06:30:43.518Z;functions.bot_text_art;   |___||___|  
05-06-2024 06:30:43.518Z;functions.bot_text_art;               
05-06-2024 06:30:43.518Z;functions.open_RM;  OPEN PROGRAM RM
05-06-2024 06:30:56.608Z;functions.loggin_RM;  ACHOU O PANE PICTURE
05-06-2024 06:30:58.112Z;functions.loggin_RM;  ENCONTRA USE FIELD
05-06-2024 06:30:58.550Z;functions.loggin_RM;  DUPLO CLICK
05-06-2024 06:31:02.159Z;functions.loggin_RM;  ENTRAR USER_NAME
05-06-2024 06:31:03.691Z;functions.loggin_RM;  ENCONTRA PASS FIELD
05-06-2024 06:31:04.113Z;functions.loggin_RM;  CLICK
05-06-2024 06:31:06.240Z;functions.loggin_RM;  ENTRAR PASSWORD
05-06-2024 06:31:08.095Z;functions.loggin_RM;  ENTRAR RM
05-06-2024 06:31:45.659Z;functions.enter_coligada;  CLICK CONTEXTO
05-06-2024 06:31:51.051Z;functions.enter_coligada;  CLICK ALTERAR MODULO DO CONTEXTO
05-06-2024 06:31:55.000Z;functions.enter_coligada;  INSERE O COLIGADA CODE = 1
05-06-2024 06:31:55.123Z;functions.enter_coligada;  APERTA TAB PARA PREENCHER O CAMPO COM A STRING: OCEANICA ENGENHARIA E CONSULTORIA S.A.
05-06-2024 06:31:57.159Z;functions.enter_coligada;  CLICK AVANÇAR NOVAMENTE
05-06-2024 06:31:58.675Z;functions.enter_coligada;  CLICK CONCLUIR
05-06-2024 06:32:35.065Z;functions.enter_coligada;  POP UP COLIGADA DESAPARECER
05-06-2024 06:32:36.190Z;functions.check_movimentacao_bancaria;  CLICK - TOTVS - LINHA RM
05-06-2024 06:32:38.111Z;functions.check_movimentacao_bancaria;  CLICK - BACK OFFICE
05-06-2024 06:32:39.143Z;functions.check_movimentacao_bancaria;  CLICK - GESTAO FINANCEIRA
05-06-2024 06:32:45.362Z;functions.movimentacao_bancaria;  CLICK NA ABA MOVIMENTAÇÃO BANCARIA
05-06-2024 06:32:47.611Z;functions.waitForImage;  IMAGEM BORDERO image found.
05-06-2024 06:32:49.736Z;functions.movimentacao_bancaria;  IMAGEM BORDERO CLICADA.
05-06-2024 06:33:00.422Z;functions.waitForImage;  LICENCAS EXCEDIDAS image not found.
05-06-2024 06:33:02.690Z;functions.waitForImage;  LICENCE SERVER image not found.
05-06-2024 06:33:03.487Z;functions.movimentacao_bancaria;  ENCONTROU O FILTRO DA MOVIMENTAÇÃO BANCÁRIA
05-06-2024 06:33:03.550Z;functions.movimentacao_bancaria;  CLICA NA ABA SUPERIOR DO FILTRO
05-06-2024 06:33:07.760Z;functions.movimentacao_bancaria;  SELECIONA O FILTRO HOJE
05-06-2024 06:33:07.760Z;functions.filter_clean;  FUNÇÃO LIMPA FILTRO
05-06-2024 06:33:11.377Z;functions.waitForImage;  FILTER CLEAN image found.
05-06-2024 06:33:13.499Z;functions.filter_clean;  CLICK NO BOTÃO X DO LIMPA FILTRO
05-06-2024 06:33:13.704Z;functions.waitForImage;  FILTER CLEAN image found.
05-06-2024 06:33:15.828Z;functions.filter_clean;  CLICK NO BOTÃO X DO LIMPA FILTRO
05-06-2024 06:33:31.295Z;functions.waitForImage;  FILTER CLEAN image not found.
05-06-2024 06:33:50.143Z;functions.movimentacao_bancaria;  SEM REGISTROS DE PROCESSO DE BORDERO PENDENTE
05-06-2024 06:33:50.143Z;functions.filter_clean;  FUNÇÃO LIMPA FILTRO
05-06-2024 06:34:05.705Z;functions.waitForImage;  FILTER CLEAN image not found.
05-06-2024 06:34:21.238Z;functions.waitForImage;  FILTER CLEAN image not found.
05-06-2024 06:34:36.752Z;functions.waitForImage;  FILTER CLEAN image not found.
05-06-2024 06:35:10.267Z;functions.remessa_pagamento;  SEM PROCESSO DE BORDERO AUTORIZADO
05-06-2024 06:35:14.673Z;errorhandler.__handle;  Property: Unknown Property name. [1:203: -ms-interpolation-mode]
05-06-2024 06:35:14.720Z;errorhandler.__handle;  Property: Unknown Property name. [1:353: -webkit-font-smoothing]
05-06-2024 06:35:14.736Z;errorhandler.__handle;  Property: Unknown Property name. [1:483: -ms-text-size-adjust]
05-06-2024 06:35:14.736Z;errorhandler.__handle;  Property: Unknown Property name. [1:518: -webkit-text-size-adjust]
05-06-2024 06:35:14.736Z;errorhandler.__handle;  Property: Unknown Property name. [1:612: mso-table-lspace]
05-06-2024 06:35:14.736Z;errorhandler.__handle;  Property: Unknown Property name. [1:642: mso-table-rspace]
05-06-2024 06:35:14.970Z;errorhandler.__handle;  Property: Unknown Property name. [1:4734: mso-hide]
05-06-2024 06:35:15.079Z;errorhandler.__handle;  Property: Unknown Property name. [1:13: -ms-interpolation-mode]
05-06-2024 06:35:15.079Z;errorhandler.__handle;  Property: Unknown Property name. [1:49: -webkit-font-smoothing]
05-06-2024 06:35:15.095Z;errorhandler.__handle;  Property: Unknown Property name. [1:134: -ms-text-size-adjust]
05-06-2024 06:35:15.095Z;errorhandler.__handle;  Property: Unknown Property name. [1:160: -webkit-text-size-adjust]
05-06-2024 06:35:15.095Z;errorhandler.__handle;  Property: Unknown Property name. [1:26: mso-table-lspace]
05-06-2024 06:35:15.095Z;errorhandler.__handle;  Property: Unknown Property name. [1:45: mso-table-rspace]
05-06-2024 06:35:15.126Z;errorhandler.__handle;  Property: Unknown Property name. [1:92: mso-hide]
05-06-2024 06:35:15.142Z;errorhandler.__handle;  Property: No ":" after name found: align-center [1:1: align-center]
05-06-2024 06:35:15.142Z;errorhandler.__handle;  Property: No property value found: align-center [1:1: align-center]
05-06-2024 06:35:15.142Z;errorhandler.__handle;  CSSStyleDeclaration: Syntax Error in Property: align-center
05-06-2024 06:35:15.142Z;errorhandler.__handle;  Property: Unknown Property name. [1:14: -ms-interpolation-mode]
05-06-2024 06:35:17.924Z;functions.emailFinalizado;  Warning e-mail sent.
05-06-2024 06:35:18.441Z;functions.encerra_prog;  RM ENCERRADO
