22-07-2024 15:30:55.885Z;functions.bot_text_art;      ____     
22-07-2024 15:30:55.885Z;functions.bot_text_art;     [____]    
22-07-2024 15:30:55.885Z;functions.bot_text_art;   |=]()()[=|  
22-07-2024 15:30:55.885Z;functions.bot_text_art;     _\==/__    _____    ____     _        _____    ___   _  __ 
22-07-2024 15:30:55.885Z;functions.bot_text_art;   |__|   |_|  |  _  \  / ___|   | |      |_   _| / ___| | |/ / 
22-07-2024 15:30:55.885Z;functions.bot_text_art;   |_|_/\_|_|  | |  | | | |      | |        | |   | |    | ' /  
22-07-2024 15:30:55.885Z;functions.bot_text_art;   | | __ | |  | |  | | | |      | |        | |   | |    |  <   
22-07-2024 15:30:55.885Z;functions.bot_text_art;   |_|[  ]|_|  | |__| | | |____  | |____   _| |_  | |__  | . \  
22-07-2024 15:30:55.901Z;functions.bot_text_art;   \_|_||_|_/  |_____/   \_____| |______| |_____| \ ___| |_|\_\ 
22-07-2024 15:30:55.901Z;functions.bot_text_art;     |_||_|    
22-07-2024 15:30:55.901Z;functions.bot_text_art;     | ||_|_   
22-07-2024 15:30:55.901Z;functions.bot_text_art;   |___||___|  
22-07-2024 15:30:55.901Z;functions.bot_text_art;               
22-07-2024 15:30:55.917Z;functions.open_RM;  OPEN PROGRAM RM
22-07-2024 15:31:12.705Z;functions.loggin_RM;  ACHOU O PANE PICTURE
22-07-2024 15:31:14.639Z;functions.loggin_RM;  ENCONTRA USE FIELD
22-07-2024 15:31:15.245Z;functions.loggin_RM;  DUPLO CLICK
22-07-2024 15:31:19.650Z;functions.loggin_RM;  ENTRAR USER_NAME
22-07-2024 15:31:21.725Z;functions.loggin_RM;  ENCONTRA PASS FIELD
22-07-2024 15:31:22.307Z;functions.loggin_RM;  CLICK
22-07-2024 15:31:24.499Z;functions.loggin_RM;  ENTRAR PASSWORD
22-07-2024 15:31:26.338Z;functions.loggin_RM;  ENTRAR RM
22-07-2024 15:34:48.713Z;functions.enter_coligada;  AGUARDANDO 1
22-07-2024 15:34:49.932Z;functions.enter_coligada;  CLICK CONTEXTO
22-07-2024 15:34:53.182Z;functions.enter_coligada;  CLICK ALTERAR MODULO DO CONTEXTO
22-07-2024 15:34:57.635Z;functions.enter_coligada;  INSERE O COLIGADA CODE = 1
22-07-2024 15:34:57.740Z;functions.enter_coligada;  APERTA TAB PARA PREENCHER O CAMPO COM A STRING: OCEANICA ENGENHARIA E CONSULTORIA S.A.
22-07-2024 15:35:00.056Z;functions.enter_coligada;  CLICK AVANÇAR NOVAMENTE
22-07-2024 15:35:01.494Z;functions.enter_coligada;  CLICK CONCLUIR
22-07-2024 15:35:21.682Z;functions.waitForImage;  TROCA COLIGADA image not found.
22-07-2024 15:35:39.916Z;functions.enter_coligada;  POP UP COLIGADA DESAPARECER
22-07-2024 15:35:40.932Z;functions.check_movimentacao_bancaria;  CLICK - TOTVS - LINHA RM
22-07-2024 15:35:43.338Z;functions.check_movimentacao_bancaria;  CLICK - BACK OFFICE
22-07-2024 15:35:46.183Z;functions.check_movimentacao_bancaria;  CLICK - GESTAO FINANCEIRA
22-07-2024 15:35:46.183Z;functions.obter_intervalo_data;  VERIFICANDO A HORA ATUAL 15
22-07-2024 15:35:46.210Z;functions.obter_intervalo_data;  Data Inicial PENSAO antes da remoção: None
22-07-2024 15:35:46.211Z;functions.obter_intervalo_data;  Data Final PENSAO antes da remoção: None
22-07-2024 15:35:46.217Z;functions.obter_intervalo_data;  Data Inicial PENSAO após a remoção: None
22-07-2024 15:35:46.217Z;functions.obter_intervalo_data;  Data Final PENSAO após a remoção: None
22-07-2024 15:35:46.217Z;functions.obter_intervalo_data;  hoje -  2024-07-22 15:35:46.217871
22-07-2024 15:35:46.217Z;functions.check_movimentacao_bancaria;  DATA INICIO 24-07-2024
22-07-2024 15:35:46.217Z;functions.check_movimentacao_bancaria;  DATA FIM 30-07-2024
22-07-2024 15:35:46.217Z;functions.movimentacao_bancaria;  AGUARDANDO 1
22-07-2024 15:35:52.119Z;functions.movimentacao_bancaria;  CLICK NA ABA MOVIMENTAÇÃO BANCARIA
22-07-2024 15:35:54.322Z;functions.waitForImage;  IMAGEM BORDERO image found.
22-07-2024 15:35:56.439Z;functions.movimentacao_bancaria;  IMAGEM BORDERO CLICADA.
22-07-2024 15:36:07.010Z;functions.waitForImage;  LICENCAS EXCEDIDAS image not found.
22-07-2024 15:36:09.244Z;functions.waitForImage;  LICENCE SERVER image not found.
22-07-2024 15:36:10.025Z;functions.movimentacao_bancaria;  ENCONTROU O FILTRO DA MOVIMENTAÇÃO BANCÁRIA
22-07-2024 15:36:10.088Z;functions.movimentacao_bancaria;  CLICA NA ABA SUPERIOR DO FILTRO
22-07-2024 15:36:14.299Z;functions.movimentacao_bancaria;  SELECIONA O FILTRO HOJE
22-07-2024 15:36:14.299Z;functions.filter_clean;  FUNÇÃO LIMPA FILTRO
22-07-2024 15:36:18.557Z;functions.waitForImage;  FILTER CLEAN image found.
22-07-2024 15:36:20.689Z;functions.filter_clean;  CLICK NO BOTÃO X DO LIMPA FILTRO
22-07-2024 15:36:20.869Z;functions.waitForImage;  FILTER CLEAN image found.
22-07-2024 15:36:23.003Z;functions.filter_clean;  CLICK NO BOTÃO X DO LIMPA FILTRO
22-07-2024 15:36:38.306Z;functions.waitForImage;  FILTER CLEAN image not found.
22-07-2024 15:36:40.119Z;functions.movimentacao_bancaria;  CLICK NA PRIMEIRA LINHA DA TABELA MOVIMENTAÇÃO BANCÁRIA
22-07-2024 15:36:41.345Z;functions.movimentacao_bancaria;  12 PASSOS PARA DIREITA NA TABELA >>
22-07-2024 15:36:43.650Z;functions.movimentacao_bancaria;  HOVER FILTER
22-07-2024 15:36:44.248Z;functions.movimentacao_bancaria;  CLICK FILTER
22-07-2024 15:36:48.574Z;functions.movimentacao_bancaria;  CLICK NO FILTRO  STATUS DA REMESSA
22-07-2024 15:36:50.677Z;functions.movimentacao_bancaria;  APERTA TAB PARA ESCREVER O FILTRO
22-07-2024 15:36:52.791Z;functions.movimentacao_bancaria;  ESCREVE PENDENTE NO FILTRO
22-07-2024 15:36:54.893Z;functions.movimentacao_bancaria;  APERTA ENTER PARA SELECIONAR OS PENDENTES
22-07-2024 15:37:14.666Z;functions.movimentacao_bancaria;  SEM REGISTROS DE PROCESSO DE BORDERO PENDENTE
22-07-2024 15:37:14.666Z;functions.filter_clean;  FUNÇÃO LIMPA FILTRO
22-07-2024 15:37:14.838Z;functions.waitForImage;  FILTER CLEAN image found.
22-07-2024 15:37:16.971Z;functions.filter_clean;  CLICK NO BOTÃO X DO LIMPA FILTRO
22-07-2024 15:37:32.275Z;functions.waitForImage;  FILTER CLEAN image not found.
22-07-2024 15:37:47.587Z;functions.waitForImage;  FILTER CLEAN image not found.
22-07-2024 15:37:49.462Z;functions.remessa_pagamento;  CLICK NA PRIMEIRA LINHA DA TABELA MOVIMENTAÇÃO BANCÁRIA
22-07-2024 15:37:51.681Z;functions.remessa_pagamento;  HOVER FILTER
22-07-2024 15:37:52.268Z;functions.remessa_pagamento;  CLICK FILTER
22-07-2024 15:37:56.603Z;functions.remessa_pagamento;  CLICK NO FILTRO  STATUS DA REMESSA
22-07-2024 15:37:58.706Z;functions.remessa_pagamento;  APERTA TAB PARA ESCREVER O FILTRO
22-07-2024 15:38:00.823Z;functions.remessa_pagamento;  ESCREVE AUTORIZADO NO FILTRO
22-07-2024 15:38:02.927Z;functions.remessa_pagamento;  APERTA ENTER PARA SELECIONAR OS AUTORIZADOS
22-07-2024 15:38:23.667Z;functions.remessa_pagamento;  SEM REMESSA DE BORDERO AUTORIZADO
22-07-2024 15:38:24.962Z;functions.enter_contas_a_pagar;  CLICK - TOTVS - LINHA RM
22-07-2024 15:38:26.121Z;functions.enter_contas_a_pagar;  CLICK - BACK OFFICE
22-07-2024 15:38:27.181Z;functions.enter_contas_a_pagar;  CLICK - GESTAO FINANCEIRA
22-07-2024 15:38:33.337Z;functions.enter_contas_a_pagar;  CLICK - CONTAS A PAGAR
22-07-2024 15:38:34.213Z;functions.waitForImage;  LANÇAMENTOS image found.
22-07-2024 15:38:36.349Z;functions.enter_contas_a_pagar;  CLICA EM LANÇAMENTOS
22-07-2024 15:38:51.837Z;functions.waitForImage;  LICENCAS EXCEDIDAS image not found.
22-07-2024 15:38:51.837Z;functions.data_filter;  CLICK - SELECIONA A DATA DE QUARTA FEIRA E DA PROXIMA TERÇA
22-07-2024 15:38:51.837Z;functions.data_filter;  QUARTA-FEIRA: 24-07-2024
22-07-2024 15:38:51.837Z;functions.data_filter;  TERCA-FEIRA: 30-07-2024
22-07-2024 15:39:08.712Z;functions.data_filter;  CLICK - BUTÃO DE SELECAO DE FILTRO
22-07-2024 15:39:13.572Z;functions.data_filter;  INSERE - DATA DE QUARTA-FEIRA: 24-07-2024
22-07-2024 15:39:17.916Z;functions.data_filter;  INSERE - DATA DA PROX TERCA-FEIRA: 30-07-2024
22-07-2024 15:39:19.087Z;functions.data_filter;  CLICK - BUTÃO DE EXECUTAR O FILTRO
22-07-2024 15:39:24.092Z;functions.desmark_filter;  AGUARDANDO 1
22-07-2024 15:39:26.431Z;functions.desmark_filter;  CLICK CHECKBOX LANÇAMENTOS A RECEBER
22-07-2024 15:39:28.858Z;functions.desmark_filter;  CLICK CHECKBOX LANÇAMENTOS BAIXADOS
22-07-2024 15:39:31.431Z;functions.desmark_filter;  CLICK CHECKBOX LANÇAMENTOS CANCELADOS
22-07-2024 15:39:34.212Z;functions.desmark_filter;  CLICK CHECKBOX LANÇAMENTOS FATURADOS
22-07-2024 15:39:37.025Z;functions.desmark_filter;  ATUALIZA O FILTRO
22-07-2024 15:39:37.025Z;functions.filter_clean;  FUNÇÃO LIMPA FILTRO
22-07-2024 15:39:37.197Z;functions.waitForImage;  FILTER CLEAN image found.
22-07-2024 15:39:39.311Z;functions.filter_clean;  CLICK NO BOTÃO X DO LIMPA FILTRO
22-07-2024 15:39:54.650Z;functions.waitForImage;  FILTER CLEAN image not found.
22-07-2024 15:40:09.962Z;functions.waitForImage;  FILTER CLEAN image not found.
22-07-2024 15:40:13.087Z;functions.tabela_vazia;  Texto extraido 0/0
22-07-2024 15:40:13.087Z;functions.tabela_vazia;  Count 0
22-07-2024 15:40:13.087Z;functions.tabela_vazia;  Type <class 'int'>
22-07-2024 15:40:15.100Z;functions.tabela_vazia;  SEM REMESSA DE FÉRIAS/RESCISÃO
22-07-2024 15:40:17.101Z;main.<module>;  SEM REMESSA DE PENSÃO
22-07-2024 15:40:19.851Z;errorhandler.__handle;  Property: Unknown Property name. [1:203: -ms-interpolation-mode]
22-07-2024 15:40:19.882Z;errorhandler.__handle;  Property: Unknown Property name. [1:353: -webkit-font-smoothing]
22-07-2024 15:40:19.898Z;errorhandler.__handle;  Property: Unknown Property name. [1:483: -ms-text-size-adjust]
22-07-2024 15:40:19.898Z;errorhandler.__handle;  Property: Unknown Property name. [1:518: -webkit-text-size-adjust]
22-07-2024 15:40:19.898Z;errorhandler.__handle;  Property: Unknown Property name. [1:612: mso-table-lspace]
22-07-2024 15:40:19.898Z;errorhandler.__handle;  Property: Unknown Property name. [1:642: mso-table-rspace]
22-07-2024 15:40:20.132Z;errorhandler.__handle;  Property: Unknown Property name. [1:4734: mso-hide]
22-07-2024 15:40:20.242Z;errorhandler.__handle;  Property: Unknown Property name. [1:13: -ms-interpolation-mode]
22-07-2024 15:40:20.242Z;errorhandler.__handle;  Property: Unknown Property name. [1:49: -webkit-font-smoothing]
22-07-2024 15:40:20.242Z;errorhandler.__handle;  Property: Unknown Property name. [1:134: -ms-text-size-adjust]
22-07-2024 15:40:20.242Z;errorhandler.__handle;  Property: Unknown Property name. [1:160: -webkit-text-size-adjust]
22-07-2024 15:40:20.257Z;errorhandler.__handle;  Property: Unknown Property name. [1:26: mso-table-lspace]
22-07-2024 15:40:20.257Z;errorhandler.__handle;  Property: Unknown Property name. [1:45: mso-table-rspace]
22-07-2024 15:40:20.288Z;errorhandler.__handle;  Property: Unknown Property name. [1:92: mso-hide]
22-07-2024 15:40:20.288Z;errorhandler.__handle;  Property: No ":" after name found: align-center [1:1: align-center]
22-07-2024 15:40:20.288Z;errorhandler.__handle;  Property: No property value found: align-center [1:1: align-center]
22-07-2024 15:40:20.288Z;errorhandler.__handle;  CSSStyleDeclaration: Syntax Error in Property: align-center
22-07-2024 15:40:20.304Z;errorhandler.__handle;  Property: Unknown Property name. [1:14: -ms-interpolation-mode]
22-07-2024 15:40:23.368Z;functions.emailFinalizado;  Warning e-mail sent.
22-07-2024 15:40:23.853Z;functions.encerra_prog;  RM ENCERRADO
