08-06-2024 21:28:46.777Z;functions.bot_text_art;      ____     
08-06-2024 21:28:46.777Z;functions.bot_text_art;     [____]    
08-06-2024 21:28:46.777Z;functions.bot_text_art;   |=]()()[=|  
08-06-2024 21:28:46.777Z;functions.bot_text_art;     _\==/__    _____    ____     _        _____    ___   _  __ 
08-06-2024 21:28:46.777Z;functions.bot_text_art;   |__|   |_|  |  _  \  / ___|   | |      |_   _| / ___| | |/ / 
08-06-2024 21:28:46.777Z;functions.bot_text_art;   |_|_/\_|_|  | |  | | | |      | |        | |   | |    | ' /  
08-06-2024 21:28:46.777Z;functions.bot_text_art;   | | __ | |  | |  | | | |      | |        | |   | |    |  <   
08-06-2024 21:28:46.777Z;functions.bot_text_art;   |_|[  ]|_|  | |__| | | |____  | |____   _| |_  | |__  | . \  
08-06-2024 21:28:46.777Z;functions.bot_text_art;   \_|_||_|_/  |_____/   \_____| |______| |_____| \ ___| |_|\_\ 
08-06-2024 21:28:46.777Z;functions.bot_text_art;     |_||_|    
08-06-2024 21:28:46.777Z;functions.bot_text_art;     | ||_|_   
08-06-2024 21:28:46.777Z;functions.bot_text_art;   |___||___|  
08-06-2024 21:28:46.777Z;functions.bot_text_art;               
08-06-2024 21:28:46.792Z;functions.open_RM;  OPEN PROGRAM RM
08-06-2024 21:29:02.229Z;functions.loggin_RM;  ACHOU O PANE PICTURE
08-06-2024 21:29:03.464Z;functions.loggin_RM;  ENCONTRA USE FIELD
08-06-2024 21:29:03.808Z;functions.loggin_RM;  DUPLO CLICK
08-06-2024 21:29:07.417Z;functions.loggin_RM;  ENTRAR USER_NAME
08-06-2024 21:29:08.745Z;functions.loggin_RM;  ENCONTRA PASS FIELD
08-06-2024 21:29:09.026Z;functions.loggin_RM;  CLICK
08-06-2024 21:29:11.160Z;functions.loggin_RM;  ENTRAR PASSWORD
08-06-2024 21:29:12.620Z;functions.loggin_RM;  ENTRAR RM
08-06-2024 21:30:15.793Z;functions.loggin_RM;  FILTRO NÃO ENCONTRADO DE INICIO
08-06-2024 21:31:18.334Z;functions.loggin_RM;  FILTRO NÃO ENCONTRADO DE INICIO
08-06-2024 21:32:20.742Z;functions.loggin_RM;  FILTRO NÃO ENCONTRADO DE INICIO
08-06-2024 21:32:20.742Z;functions.enter_coligada;  AGUARDANDO 1
08-06-2024 21:34:52.487Z;functions.enter_coligada;  apertou up
08-06-2024 21:34:52.487Z;functions.enter_coligada;  AGUARDANDO 2
08-06-2024 21:37:24.514Z;functions.enter_coligada;  apertou up
08-06-2024 21:37:24.514Z;functions.enter_coligada;  AGUARDANDO 3
08-06-2024 21:39:56.224Z;functions.enter_coligada;  apertou up
08-06-2024 21:39:56.224Z;functions.enter_coligada;  AGUARDANDO 4
