26-10-2023 16:52:46.894Z;functions.bot_text_art;      ____   
26-10-2023 16:52:46.895Z;functions.bot_text_art;     [____]    
26-10-2023 16:52:46.895Z;functions.bot_text_art;   |=]()()[=|  
26-10-2023 16:52:46.895Z;functions.bot_text_art;     _\==/__    _____    ____     _        _____    ___   _  __
26-10-2023 16:52:46.896Z;functions.bot_text_art;   |__|   |_|  |  _  \  / ___|   | |      |_   _| / ___| | |/ /
26-10-2023 16:52:46.896Z;functions.bot_text_art;   |_|_/\_|_|  | |  | | | |      | |        | |   | |    | ' / 
26-10-2023 16:52:46.896Z;functions.bot_text_art;   | | __ | |  | |  | | | |      | |        | |   | |    |  <  
26-10-2023 16:52:46.897Z;functions.bot_text_art;   |_|[  ]|_|  | |__| | | |____  | |____   _| |_  | |__  | . \ 
26-10-2023 16:52:46.898Z;functions.bot_text_art;   \_|_||_|_/  |_____/   \_____| |______| |_____| \ ___| |_|\_\
26-10-2023 16:52:46.898Z;functions.bot_text_art;     |_||_|                                                     
26-10-2023 16:52:46.899Z;functions.bot_text_art;     | ||_|_   
26-10-2023 16:52:46.899Z;functions.bot_text_art;   |___||___|  
26-10-2023 16:52:46.899Z;functions.bot_text_art;               
26-10-2023 16:52:46.903Z;functions.open_RM;  OPEN PROGRAM RM
26-10-2023 16:52:54.358Z;functions.loggin_RM;  ENTER USER_NAME
26-10-2023 16:52:55.189Z;functions.loggin_RM;  ENTER PASSWORD
26-10-2023 16:52:55.887Z;functions.loggin_RM;  ENTER RM
26-10-2023 16:53:16.655Z;functions.enter_coligada;  CLICK CONTEXTO
26-10-2023 16:53:20.595Z;functions.enter_coligada;  CLICK COLIGADA 1
26-10-2023 16:53:22.004Z;functions.enter_coligada;  CLICK AVANÇAR
26-10-2023 16:53:23.841Z;functions.enter_coligada;  INSERE O COLIGADA CODE = 1
26-10-2023 16:53:23.943Z;functions.enter_coligada;  APERTA TAB PARA PREENCHER O CAMPO COM A STRING: OCEANICA ENGENHARIA E CONSULTORIA S.A.
26-10-2023 16:53:24.919Z;functions.enter_coligada;  CLICK AVANÇAR NOVAMENTE
26-10-2023 16:53:25.809Z;functions.enter_coligada;  CLICK CONCLUIR
26-10-2023 16:53:36.827Z;functions.enter_coligada;  POP UP COLIGADA DESAPARECER
26-10-2023 16:53:37.460Z;functions.enter_contas_a_pagar;  CLICK - TOTVS - LINHA RM
26-10-2023 16:53:38.535Z;functions.enter_contas_a_pagar;  CLICK - BACK OFFICE
26-10-2023 16:53:39.254Z;functions.enter_contas_a_pagar;  CLICK - GESTAO FINANCEIRA
26-10-2023 16:53:44.524Z;functions.enter_contas_a_pagar;  CLICK - CONTAS A PAGAR
26-10-2023 16:53:44.636Z;functions.waitForImage;  LANÇAMENTOS image found.
26-10-2023 16:53:46.739Z;functions.enter_contas_a_pagar;  CLICA EM LANÇAMENTOS
26-10-2023 16:53:48.742Z;functions.data_filter;  CLICK - SELECIONA A DATA DE QUARTA FEIRA E DA PROXIMA TERÇA
26-10-2023 16:53:48.742Z;functions.data_filter;  QUARTA-FEIRA: 25-10-2023
26-10-2023 16:53:48.742Z;functions.data_filter;  TERCA-FEIRA: 31-10-2023
26-10-2023 16:53:55.281Z;functions.data_filter;  ESCREVE REMESSA BANCÁRIA NO FILTRO
26-10-2023 16:53:55.925Z;functions.data_filter;  CLICK - BUTÃO DE SELECAO DE FILTRO
26-10-2023 16:53:58.131Z;functions.data_filter;  INSERE - DATA DE QUARTA-FEIRA: 25-10-2023
26-10-2023 16:54:00.040Z;functions.data_filter;  INSERE - DATA DA PROX TERCA-FEIRA: 31-10-2023
26-10-2023 16:54:00.688Z;functions.data_filter;  CLICK - BUTÃO DE EXECUTAR O FILTRO
26-10-2023 16:54:26.705Z;functions.show_exception_and_exit;  'NoneType' object has no attribute 'click'
Traceback (most recent call last):
  File "c:\Projetos\Remessa Ferias Rescisao\main.py", line 16, in <module>
    desmark_filter()
  File "c:\Projetos\Remessa Ferias Rescisao\SUBPROGRAMS\functions.py", line 221, in desmark_filter
    check_lancamentos_receber.click()
    ^^^^^^^^^^^^^^^^^^^^^^^^^^^^^^^
AttributeError: 'NoneType' object has no attribute 'click'
