26-10-2023 17:07:06.144Z;functions.bot_text_art;      ____   
26-10-2023 17:07:06.144Z;functions.bot_text_art;     [____]    
26-10-2023 17:07:06.144Z;functions.bot_text_art;   |=]()()[=|  
26-10-2023 17:07:06.145Z;functions.bot_text_art;     _\==/__    _____    ____     _        _____    ___   _  __
26-10-2023 17:07:06.145Z;functions.bot_text_art;   |__|   |_|  |  _  \  / ___|   | |      |_   _| / ___| | |/ /
26-10-2023 17:07:06.145Z;functions.bot_text_art;   |_|_/\_|_|  | |  | | | |      | |        | |   | |    | ' / 
26-10-2023 17:07:06.146Z;functions.bot_text_art;   | | __ | |  | |  | | | |      | |        | |   | |    |  <  
26-10-2023 17:07:06.146Z;functions.bot_text_art;   |_|[  ]|_|  | |__| | | |____  | |____   _| |_  | |__  | . \ 
26-10-2023 17:07:06.147Z;functions.bot_text_art;   \_|_||_|_/  |_____/   \_____| |______| |_____| \ ___| |_|\_\
26-10-2023 17:07:06.147Z;functions.bot_text_art;     |_||_|                                                     
26-10-2023 17:07:06.148Z;functions.bot_text_art;     | ||_|_   
26-10-2023 17:07:06.148Z;functions.bot_text_art;   |___||___|  
26-10-2023 17:07:06.148Z;functions.bot_text_art;               
26-10-2023 17:07:06.152Z;functions.open_RM;  OPEN PROGRAM RM
26-10-2023 17:07:13.548Z;functions.loggin_RM;  ENTER USER_NAME
26-10-2023 17:07:14.368Z;functions.loggin_RM;  ENTER PASSWORD
26-10-2023 17:07:15.044Z;functions.loggin_RM;  ENTER RM
26-10-2023 17:07:35.776Z;functions.enter_coligada;  CLICK CONTEXTO
26-10-2023 17:07:39.711Z;functions.enter_coligada;  CLICK COLIGADA 1
26-10-2023 17:07:41.130Z;functions.enter_coligada;  CLICK AVANÇAR
26-10-2023 17:07:42.960Z;functions.enter_coligada;  INSERE O COLIGADA CODE = 1
26-10-2023 17:07:43.062Z;functions.enter_coligada;  APERTA TAB PARA PREENCHER O CAMPO COM A STRING: OCEANICA ENGENHARIA E CONSULTORIA S.A.
26-10-2023 17:07:44.030Z;functions.enter_coligada;  CLICK AVANÇAR NOVAMENTE
26-10-2023 17:07:44.926Z;functions.enter_coligada;  CLICK CONCLUIR
26-10-2023 17:07:55.215Z;functions.enter_coligada;  POP UP COLIGADA DESAPARECER
26-10-2023 17:07:55.831Z;functions.enter_contas_a_pagar;  CLICK - TOTVS - LINHA RM
26-10-2023 17:07:56.905Z;functions.enter_contas_a_pagar;  CLICK - BACK OFFICE
26-10-2023 17:07:59.238Z;functions.enter_contas_a_pagar;  CLICK - GESTAO FINANCEIRA
26-10-2023 17:08:04.545Z;functions.enter_contas_a_pagar;  CLICK - CONTAS A PAGAR
26-10-2023 17:08:04.637Z;functions.waitForImage;  LANÇAMENTOS image found.
26-10-2023 17:08:06.740Z;functions.enter_contas_a_pagar;  CLICA EM LANÇAMENTOS
26-10-2023 17:08:08.741Z;functions.data_filter;  CLICK - SELECIONA A DATA DE QUARTA FEIRA E DA PROXIMA TERÇA
26-10-2023 17:08:08.742Z;functions.data_filter;  QUARTA-FEIRA: 25-10-2023
26-10-2023 17:08:08.742Z;functions.data_filter;  TERCA-FEIRA: 31-10-2023
26-10-2023 17:08:15.371Z;functions.data_filter;  ESCREVE REMESSA BANCÁRIA NO FILTRO
26-10-2023 17:08:16.022Z;functions.data_filter;  CLICK - BUTÃO DE SELECAO DE FILTRO
26-10-2023 17:08:18.254Z;functions.data_filter;  INSERE - DATA DE QUARTA-FEIRA: 25-10-2023
26-10-2023 17:08:20.154Z;functions.data_filter;  INSERE - DATA DA PROX TERCA-FEIRA: 31-10-2023
26-10-2023 17:08:20.788Z;functions.data_filter;  CLICK - BUTÃO DE EXECUTAR O FILTRO
26-10-2023 17:08:46.794Z;functions.show_exception_and_exit;  'NoneType' object has no attribute 'click'
Traceback (most recent call last):
  File "c:\Projetos\Remessa Ferias Rescisao\main.py", line 16, in <module>
    desmark_filter()
  File "c:\Projetos\Remessa Ferias Rescisao\SUBPROGRAMS\functions.py", line 221, in desmark_filter
    check_lancamentos_receber.click()
    ^^^^^^^^^^^^^^^^^^^^^^^^^^^^^^^
AttributeError: 'NoneType' object has no attribute 'click'
