26-10-2023 17:38:09.521Z;functions.bot_text_art;      ____   
26-10-2023 17:38:09.522Z;functions.bot_text_art;     [____]    
26-10-2023 17:38:09.522Z;functions.bot_text_art;   |=]()()[=|  
26-10-2023 17:38:09.522Z;functions.bot_text_art;     _\==/__    _____    ____     _        _____    ___   _  __
26-10-2023 17:38:09.523Z;functions.bot_text_art;   |__|   |_|  |  _  \  / ___|   | |      |_   _| / ___| | |/ /
26-10-2023 17:38:09.523Z;functions.bot_text_art;   |_|_/\_|_|  | |  | | | |      | |        | |   | |    | ' / 
26-10-2023 17:38:09.523Z;functions.bot_text_art;   | | __ | |  | |  | | | |      | |        | |   | |    |  <  
26-10-2023 17:38:09.524Z;functions.bot_text_art;   |_|[  ]|_|  | |__| | | |____  | |____   _| |_  | |__  | . \ 
26-10-2023 17:38:09.525Z;functions.bot_text_art;   \_|_||_|_/  |_____/   \_____| |______| |_____| \ ___| |_|\_\
26-10-2023 17:38:09.525Z;functions.bot_text_art;     |_||_|                                                     
26-10-2023 17:38:09.526Z;functions.bot_text_art;     | ||_|_   
26-10-2023 17:38:09.526Z;functions.bot_text_art;   |___||___|  
26-10-2023 17:38:09.526Z;functions.bot_text_art;               
26-10-2023 17:38:09.530Z;functions.open_RM;  OPEN PROGRAM RM
26-10-2023 17:38:16.961Z;functions.loggin_RM;  ENTER USER_NAME
26-10-2023 17:38:17.794Z;functions.loggin_RM;  ENTER PASSWORD
26-10-2023 17:38:18.476Z;functions.loggin_RM;  ENTER RM
26-10-2023 17:38:39.391Z;functions.enter_coligada;  CLICK CONTEXTO
26-10-2023 17:38:43.311Z;functions.enter_coligada;  CLICK COLIGADA 1
26-10-2023 17:38:44.487Z;functions.enter_coligada;  CLICK AVANÇAR
26-10-2023 17:38:46.328Z;functions.enter_coligada;  INSERE O COLIGADA CODE = 1
26-10-2023 17:38:46.429Z;functions.enter_coligada;  APERTA TAB PARA PREENCHER O CAMPO COM A STRING: OCEANICA ENGENHARIA E CONSULTORIA S.A.
26-10-2023 17:38:47.418Z;functions.enter_coligada;  CLICK AVANÇAR NOVAMENTE
26-10-2023 17:38:48.326Z;functions.enter_coligada;  CLICK CONCLUIR
26-10-2023 17:38:59.304Z;functions.enter_coligada;  POP UP COLIGADA DESAPARECER
26-10-2023 17:38:59.938Z;functions.enter_contas_a_pagar;  CLICK - TOTVS - LINHA RM
26-10-2023 17:39:01.211Z;functions.enter_contas_a_pagar;  CLICK - BACK OFFICE
26-10-2023 17:39:03.568Z;functions.enter_contas_a_pagar;  CLICK - GESTAO FINANCEIRA
26-10-2023 17:39:08.792Z;functions.enter_contas_a_pagar;  CLICK - CONTAS A PAGAR
26-10-2023 17:39:08.885Z;functions.waitForImage;  LANÇAMENTOS image found.
26-10-2023 17:39:10.987Z;functions.enter_contas_a_pagar;  CLICA EM LANÇAMENTOS
26-10-2023 17:39:12.989Z;functions.data_filter;  CLICK - SELECIONA A DATA DE QUARTA FEIRA E DA PROXIMA TERÇA
26-10-2023 17:39:12.989Z;functions.data_filter;  QUARTA-FEIRA: 25-10-2023
26-10-2023 17:39:12.990Z;functions.data_filter;  TERCA-FEIRA: 31-10-2023
26-10-2023 17:39:19.587Z;functions.data_filter;  ESCREVE REMESSA BANCÁRIA NO FILTRO
26-10-2023 17:39:20.420Z;functions.data_filter;  CLICK - BUTÃO DE SELECAO DE FILTRO
26-10-2023 17:39:22.388Z;functions.data_filter;  INSERE - DATA DE QUARTA-FEIRA: 25-10-2023
26-10-2023 17:39:24.005Z;functions.data_filter;  INSERE - DATA DA PROX TERCA-FEIRA: 31-10-2023
26-10-2023 17:39:24.654Z;functions.data_filter;  CLICK - BUTÃO DE EXECUTAR O FILTRO
26-10-2023 17:39:30.462Z;functions.desmark_filter;  CLICK CHECKBOX LANÇAMENTOS A RECEBER
26-10-2023 17:39:31.324Z;functions.desmark_filter;  CLICK CHECKBOX LANÇAMENTOS BAIXADOS
26-10-2023 17:39:32.197Z;functions.desmark_filter;  CLICK CHECKBOX LANÇAMENTOS CANCELADOS
26-10-2023 17:39:33.113Z;functions.desmark_filter;  CLICK CHECKBOX LANÇAMENTOS FATURADOS
26-10-2023 17:39:34.048Z;functions.desmark_filter;  ATUALIZA O FILTRO
26-10-2023 17:39:34.048Z;functions.tabela_vazia;  VERIFICANDO SE A TABELA ESTÁ VAZIA
26-10-2023 17:39:46.743Z;functions.tabela_vazia;  Para este processo é necessário que existam registros na visão.
26-10-2023 17:39:50.846Z;functions.tabela_vazia;  SEM REMESSA DE FÉRIAS/RESCISÃO
26-10-2023 17:39:52.949Z;functions.tabela_vazia;  FECHA A TABELA
26-10-2023 17:39:55.052Z;functions.tabela_vazia;  FECHA O PROGRAMA
26-10-2023 17:39:57.154Z;functions.tabela_vazia;  RM ENCERRADO
26-10-2023 17:39:57.154Z;main.<module>;  SEM REMESSA DE FÉRIAS/RESCISÃO
