26-10-2023 18:43:24.292Z;functions.bot_text_art;      ____   
26-10-2023 18:43:24.293Z;functions.bot_text_art;     [____]    
26-10-2023 18:43:24.293Z;functions.bot_text_art;   |=]()()[=|  
26-10-2023 18:43:24.293Z;functions.bot_text_art;     _\==/__    _____    ____     _        _____    ___   _  __
26-10-2023 18:43:24.293Z;functions.bot_text_art;   |__|   |_|  |  _  \  / ___|   | |      |_   _| / ___| | |/ /
26-10-2023 18:43:24.293Z;functions.bot_text_art;   |_|_/\_|_|  | |  | | | |      | |        | |   | |    | ' / 
26-10-2023 18:43:24.293Z;functions.bot_text_art;   | | __ | |  | |  | | | |      | |        | |   | |    |  <  
26-10-2023 18:43:24.293Z;functions.bot_text_art;   |_|[  ]|_|  | |__| | | |____  | |____   _| |_  | |__  | . \ 
26-10-2023 18:43:24.294Z;functions.bot_text_art;   \_|_||_|_/  |_____/   \_____| |______| |_____| \ ___| |_|\_\
26-10-2023 18:43:24.294Z;functions.bot_text_art;     |_||_|                                                     
26-10-2023 18:43:24.294Z;functions.bot_text_art;     | ||_|_   
26-10-2023 18:43:24.294Z;functions.bot_text_art;   |___||___|  
26-10-2023 18:43:24.294Z;functions.bot_text_art;               
26-10-2023 18:43:24.298Z;functions.open_RM;  OPEN PROGRAM RM
26-10-2023 18:43:31.646Z;functions.loggin_RM;  ENTER USER_NAME
26-10-2023 18:43:32.459Z;functions.loggin_RM;  ENTER PASSWORD
26-10-2023 18:43:33.160Z;functions.loggin_RM;  ENTER RM
26-10-2023 18:43:58.155Z;functions.enter_coligada;  CLICK CONTEXTO
26-10-2023 18:44:02.063Z;functions.enter_coligada;  CLICK COLIGADA 1
26-10-2023 18:44:03.272Z;functions.enter_coligada;  CLICK AVANÇAR
26-10-2023 18:44:05.106Z;functions.enter_coligada;  INSERE O COLIGADA CODE = 1
26-10-2023 18:44:05.208Z;functions.enter_coligada;  APERTA TAB PARA PREENCHER O CAMPO COM A STRING: OCEANICA ENGENHARIA E CONSULTORIA S.A.
26-10-2023 18:44:06.207Z;functions.enter_coligada;  CLICK AVANÇAR NOVAMENTE
26-10-2023 18:44:07.104Z;functions.enter_coligada;  CLICK CONCLUIR
26-10-2023 18:44:17.798Z;functions.enter_coligada;  POP UP COLIGADA DESAPARECER
26-10-2023 18:44:18.417Z;functions.enter_contas_a_pagar;  CLICK - TOTVS - LINHA RM
26-10-2023 18:44:19.518Z;functions.enter_contas_a_pagar;  CLICK - BACK OFFICE
26-10-2023 18:44:21.857Z;functions.enter_contas_a_pagar;  CLICK - GESTAO FINANCEIRA
26-10-2023 18:44:27.160Z;functions.enter_contas_a_pagar;  CLICK - CONTAS A PAGAR
26-10-2023 18:44:27.273Z;functions.waitForImage;  LANÇAMENTOS image found.
26-10-2023 18:44:29.375Z;functions.enter_contas_a_pagar;  CLICA EM LANÇAMENTOS
26-10-2023 18:44:31.376Z;functions.data_filter;  CLICK - SELECIONA A DATA DE QUARTA FEIRA E DA PROXIMA TERÇA
26-10-2023 18:44:31.376Z;functions.data_filter;  QUARTA-FEIRA: 25-10-2023
26-10-2023 18:44:31.376Z;functions.data_filter;  TERCA-FEIRA: 31-10-2023
26-10-2023 18:44:37.964Z;functions.data_filter;  ESCREVE REMESSA BANCÁRIA NO FILTRO
26-10-2023 18:44:38.567Z;functions.data_filter;  CLICK - BUTÃO DE SELECAO DE FILTRO
26-10-2023 18:44:40.581Z;functions.data_filter;  INSERE - DATA DE QUARTA-FEIRA: 25-10-2023
26-10-2023 18:44:42.203Z;functions.data_filter;  INSERE - DATA DA PROX TERCA-FEIRA: 31-10-2023
26-10-2023 18:44:42.825Z;functions.data_filter;  CLICK - BUTÃO DE EXECUTAR O FILTRO
26-10-2023 18:44:48.673Z;functions.desmark_filter;  CLICK CHECKBOX LANÇAMENTOS A RECEBER
26-10-2023 18:44:49.514Z;functions.desmark_filter;  CLICK CHECKBOX LANÇAMENTOS BAIXADOS
26-10-2023 18:44:50.399Z;functions.desmark_filter;  CLICK CHECKBOX LANÇAMENTOS CANCELADOS
26-10-2023 18:44:51.330Z;functions.desmark_filter;  CLICK CHECKBOX LANÇAMENTOS FATURADOS
26-10-2023 18:44:52.259Z;functions.desmark_filter;  ATUALIZA O FILTRO
26-10-2023 18:44:52.259Z;functions.tabela_vazia;  VERIFICANDO SE A TABELA ESTÁ VAZIA
26-10-2023 18:45:04.957Z;functions.tabela_vazia;  Para este processo é necessário que existam registros na visão.
26-10-2023 18:45:09.060Z;functions.tabela_vazia;  SEM REMESSA DE FÉRIAS/RESCISÃO
26-10-2023 18:45:11.163Z;functions.tabela_vazia;  FECHA A TABELA
26-10-2023 18:45:13.266Z;functions.tabela_vazia;  FECHA O PROGRAMA
26-10-2023 18:45:15.369Z;functions.tabela_vazia;  RM ENCERRADO
26-10-2023 18:45:15.369Z;main.<module>;  SEM REMESSA DE FÉRIAS/RESCISÃO
