26-10-2023 18:50:55.347Z;functions.bot_text_art;      ____   
26-10-2023 18:50:55.347Z;functions.bot_text_art;     [____]    
26-10-2023 18:50:55.347Z;functions.bot_text_art;   |=]()()[=|  
26-10-2023 18:50:55.347Z;functions.bot_text_art;     _\==/__    _____    ____     _        _____    ___   _  __
26-10-2023 18:50:55.347Z;functions.bot_text_art;   |__|   |_|  |  _  \  / ___|   | |      |_   _| / ___| | |/ /
26-10-2023 18:50:55.347Z;functions.bot_text_art;   |_|_/\_|_|  | |  | | | |      | |        | |   | |    | ' / 
26-10-2023 18:50:55.347Z;functions.bot_text_art;   | | __ | |  | |  | | | |      | |        | |   | |    |  <  
26-10-2023 18:50:55.347Z;functions.bot_text_art;   |_|[  ]|_|  | |__| | | |____  | |____   _| |_  | |__  | . \ 
26-10-2023 18:50:55.347Z;functions.bot_text_art;   \_|_||_|_/  |_____/   \_____| |______| |_____| \ ___| |_|\_\
26-10-2023 18:50:55.347Z;functions.bot_text_art;     |_||_|                                                     
26-10-2023 18:50:55.347Z;functions.bot_text_art;     | ||_|_   
26-10-2023 18:50:55.347Z;functions.bot_text_art;   |___||___|  
26-10-2023 18:50:55.347Z;functions.bot_text_art;               
26-10-2023 18:50:55.347Z;functions.open_RM;  OPEN PROGRAM RM
26-10-2023 18:51:03.082Z;functions.loggin_RM;  ENTER USER_NAME
26-10-2023 18:51:03.984Z;functions.loggin_RM;  ENTER PASSWORD
26-10-2023 18:51:04.738Z;functions.loggin_RM;  ENTER RM
26-10-2023 18:51:30.894Z;functions.enter_coligada;  CLICK CONTEXTO
26-10-2023 18:51:34.863Z;functions.enter_coligada;  CLICK COLIGADA 1
26-10-2023 18:51:36.114Z;functions.enter_coligada;  CLICK AVANÇAR
26-10-2023 18:51:38.098Z;functions.enter_coligada;  INSERE O COLIGADA CODE = 1
26-10-2023 18:51:38.200Z;functions.enter_coligada;  APERTA TAB PARA PREENCHER O CAMPO COM A STRING: OCEANICA ENGENHARIA E CONSULTORIA S.A.
26-10-2023 18:51:39.238Z;functions.enter_coligada;  CLICK AVANÇAR NOVAMENTE
26-10-2023 18:51:40.180Z;functions.enter_coligada;  CLICK CONCLUIR
26-10-2023 18:51:51.707Z;functions.enter_coligada;  POP UP COLIGADA DESAPARECER
26-10-2023 18:51:52.363Z;functions.enter_contas_a_pagar;  CLICK - TOTVS - LINHA RM
26-10-2023 18:51:53.488Z;functions.enter_contas_a_pagar;  CLICK - BACK OFFICE
26-10-2023 18:51:54.238Z;functions.enter_contas_a_pagar;  CLICK - GESTAO FINANCEIRA
26-10-2023 18:51:59.613Z;functions.enter_contas_a_pagar;  CLICK - CONTAS A PAGAR
26-10-2023 18:51:59.691Z;functions.waitForImage;  LANÇAMENTOS image found.
26-10-2023 18:52:01.805Z;functions.enter_contas_a_pagar;  CLICA EM LANÇAMENTOS
26-10-2023 18:52:03.806Z;functions.data_filter;  CLICK - SELECIONA A DATA DE QUARTA FEIRA E DA PROXIMA TERÇA
26-10-2023 18:52:03.806Z;functions.data_filter;  QUARTA-FEIRA: 25-10-2023
26-10-2023 18:52:03.806Z;functions.data_filter;  TERCA-FEIRA: 31-10-2023
26-10-2023 18:52:10.941Z;functions.data_filter;  ESCREVE REMESSA BANCÁRIA NO FILTRO
26-10-2023 18:52:11.582Z;functions.data_filter;  CLICK - BUTÃO DE SELECAO DE FILTRO
26-10-2023 18:52:13.597Z;functions.data_filter;  INSERE - DATA DE QUARTA-FEIRA: 25-10-2023
26-10-2023 18:52:15.285Z;functions.data_filter;  INSERE - DATA DA PROX TERCA-FEIRA: 31-10-2023
26-10-2023 18:52:15.957Z;functions.data_filter;  CLICK - BUTÃO DE EXECUTAR O FILTRO
26-10-2023 18:52:21.832Z;functions.desmark_filter;  CLICK CHECKBOX LANÇAMENTOS A RECEBER
26-10-2023 18:52:22.738Z;functions.desmark_filter;  CLICK CHECKBOX LANÇAMENTOS BAIXADOS
26-10-2023 18:52:23.629Z;functions.desmark_filter;  CLICK CHECKBOX LANÇAMENTOS CANCELADOS
26-10-2023 18:52:24.566Z;functions.desmark_filter;  CLICK CHECKBOX LANÇAMENTOS FATURADOS
26-10-2023 18:52:25.551Z;functions.desmark_filter;  ATUALIZA O FILTRO
26-10-2023 18:52:25.551Z;functions.tabela_vazia;  VERIFICANDO SE A TABELA ESTÁ VAZIA
26-10-2023 18:52:38.273Z;functions.tabela_vazia;  Para este processo é necessário que existam registros na visão.
26-10-2023 18:52:42.377Z;functions.tabela_vazia;  SEM REMESSA DE FÉRIAS/RESCISÃO
26-10-2023 18:52:44.480Z;functions.tabela_vazia;  FECHA A TABELA
26-10-2023 18:52:46.600Z;functions.tabela_vazia;  FECHA O PROGRAMA
26-10-2023 18:52:48.706Z;functions.tabela_vazia;  RM ENCERRADO
26-10-2023 18:52:48.706Z;main.<module>;  SEM REMESSA DE FÉRIAS/RESCISÃO
