26-10-2023 19:13:42.236Z;functions.bot_text_art;      ____   
26-10-2023 19:13:42.236Z;functions.bot_text_art;     [____]    
26-10-2023 19:13:42.236Z;functions.bot_text_art;   |=]()()[=|  
26-10-2023 19:13:42.236Z;functions.bot_text_art;     _\==/__    _____    ____     _        _____    ___   _  __
26-10-2023 19:13:42.236Z;functions.bot_text_art;   |__|   |_|  |  _  \  / ___|   | |      |_   _| / ___| | |/ /
26-10-2023 19:13:42.236Z;functions.bot_text_art;   |_|_/\_|_|  | |  | | | |      | |        | |   | |    | ' / 
26-10-2023 19:13:42.236Z;functions.bot_text_art;   | | __ | |  | |  | | | |      | |        | |   | |    |  <  
26-10-2023 19:13:42.236Z;functions.bot_text_art;   |_|[  ]|_|  | |__| | | |____  | |____   _| |_  | |__  | . \ 
26-10-2023 19:13:42.237Z;functions.bot_text_art;   \_|_||_|_/  |_____/   \_____| |______| |_____| \ ___| |_|\_\
26-10-2023 19:13:42.237Z;functions.bot_text_art;     |_||_|                                                     
26-10-2023 19:13:42.237Z;functions.bot_text_art;     | ||_|_   
26-10-2023 19:13:42.237Z;functions.bot_text_art;   |___||___|  
26-10-2023 19:13:42.237Z;functions.bot_text_art;               
26-10-2023 19:13:42.241Z;functions.open_RM;  OPEN PROGRAM RM
26-10-2023 19:13:49.363Z;functions.loggin_RM;  ENTER USER_NAME
26-10-2023 19:13:50.193Z;functions.loggin_RM;  ENTER PASSWORD
26-10-2023 19:13:50.849Z;functions.loggin_RM;  ENTER RM
26-10-2023 19:14:16.008Z;functions.enter_coligada;  CLICK CONTEXTO
26-10-2023 19:14:19.944Z;functions.enter_coligada;  CLICK COLIGADA 1
26-10-2023 19:14:21.119Z;functions.enter_coligada;  CLICK AVANÇAR
26-10-2023 19:14:22.893Z;functions.enter_coligada;  INSERE O COLIGADA CODE = 1
26-10-2023 19:14:22.995Z;functions.enter_coligada;  APERTA TAB PARA PREENCHER O CAMPO COM A STRING: OCEANICA ENGENHARIA E CONSULTORIA S.A.
26-10-2023 19:14:23.970Z;functions.enter_coligada;  CLICK AVANÇAR NOVAMENTE
26-10-2023 19:14:24.834Z;functions.enter_coligada;  CLICK CONCLUIR
26-10-2023 19:14:35.187Z;functions.enter_coligada;  POP UP COLIGADA DESAPARECER
26-10-2023 19:14:35.789Z;functions.enter_contas_a_pagar;  CLICK - TOTVS - LINHA RM
26-10-2023 19:14:36.830Z;functions.enter_contas_a_pagar;  CLICK - BACK OFFICE
26-10-2023 19:14:37.520Z;functions.enter_contas_a_pagar;  CLICK - GESTAO FINANCEIRA
26-10-2023 19:14:40.426Z;functions.enter_contas_a_pagar;  CLICK - CONTAS A PAGAR
26-10-2023 19:14:40.514Z;functions.waitForImage;  LANÇAMENTOS image found.
26-10-2023 19:14:42.629Z;functions.enter_contas_a_pagar;  CLICA EM LANÇAMENTOS
26-10-2023 19:14:44.631Z;functions.data_filter;  CLICK - SELECIONA A DATA DE QUARTA FEIRA E DA PROXIMA TERÇA
26-10-2023 19:14:44.631Z;functions.data_filter;  QUARTA-FEIRA: 25-10-2023
26-10-2023 19:14:44.631Z;functions.data_filter;  TERCA-FEIRA: 31-10-2023
26-10-2023 19:14:51.098Z;functions.data_filter;  ESCREVE REMESSA BANCÁRIA NO FILTRO
26-10-2023 19:14:51.701Z;functions.data_filter;  CLICK - BUTÃO DE SELECAO DE FILTRO
26-10-2023 19:14:53.677Z;functions.data_filter;  INSERE - DATA DE QUARTA-FEIRA: 25-10-2023
26-10-2023 19:14:55.270Z;functions.data_filter;  INSERE - DATA DA PROX TERCA-FEIRA: 31-10-2023
26-10-2023 19:14:55.896Z;functions.data_filter;  CLICK - BUTÃO DE EXECUTAR O FILTRO
26-10-2023 19:15:01.676Z;functions.desmark_filter;  CLICK CHECKBOX LANÇAMENTOS A RECEBER
26-10-2023 19:15:02.472Z;functions.desmark_filter;  CLICK CHECKBOX LANÇAMENTOS BAIXADOS
26-10-2023 19:15:03.315Z;functions.desmark_filter;  CLICK CHECKBOX LANÇAMENTOS CANCELADOS
26-10-2023 19:15:04.174Z;functions.desmark_filter;  CLICK CHECKBOX LANÇAMENTOS FATURADOS
26-10-2023 19:15:05.060Z;functions.desmark_filter;  ATUALIZA O FILTRO
26-10-2023 19:15:05.060Z;functions.tabela_vazia;  VERIFICANDO SE A TABELA ESTÁ VAZIA
26-10-2023 19:15:17.765Z;functions.tabela_vazia;  Para este processo é necessário que existam registros na visão.
26-10-2023 19:15:21.882Z;functions.tabela_vazia;  SEM REMESSA DE FÉRIAS/RESCISÃO
26-10-2023 19:15:23.985Z;functions.tabela_vazia;  FECHA A TABELA
26-10-2023 19:15:26.089Z;functions.tabela_vazia;  FECHA O PROGRAMA
26-10-2023 19:15:28.190Z;functions.tabela_vazia;  RM ENCERRADO
26-10-2023 19:15:28.190Z;main.<module>;  SEM REMESSA DE FÉRIAS/RESCISÃO
