23-06-2024 14:59:06.498Z;functions.bot_text_art;      ____     
23-06-2024 14:59:06.498Z;functions.bot_text_art;     [____]    
23-06-2024 14:59:06.498Z;functions.bot_text_art;   |=]()()[=|  
23-06-2024 14:59:06.498Z;functions.bot_text_art;     _\==/__    _____    ____     _        _____    ___   _  __ 
23-06-2024 14:59:06.498Z;functions.bot_text_art;   |__|   |_|  |  _  \  / ___|   | |      |_   _| / ___| | |/ / 
23-06-2024 14:59:06.498Z;functions.bot_text_art;   |_|_/\_|_|  | |  | | | |      | |        | |   | |    | ' /  
23-06-2024 14:59:06.498Z;functions.bot_text_art;   | | __ | |  | |  | | | |      | |        | |   | |    |  <   
23-06-2024 14:59:06.498Z;functions.bot_text_art;   |_|[  ]|_|  | |__| | | |____  | |____   _| |_  | |__  | . \  
23-06-2024 14:59:06.514Z;functions.bot_text_art;   \_|_||_|_/  |_____/   \_____| |______| |_____| \ ___| |_|\_\ 
23-06-2024 14:59:06.514Z;functions.bot_text_art;     |_||_|    
23-06-2024 14:59:06.514Z;functions.bot_text_art;     | ||_|_   
23-06-2024 14:59:06.514Z;functions.bot_text_art;   |___||___|  
23-06-2024 14:59:06.514Z;functions.bot_text_art;               
23-06-2024 14:59:06.514Z;functions.open_RM;  OPEN PROGRAM RM
23-06-2024 14:59:23.453Z;functions.loggin_RM;  ACHOU O PANE PICTURE
23-06-2024 14:59:24.627Z;functions.loggin_RM;  ENCONTRA USE FIELD
23-06-2024 14:59:24.921Z;functions.loggin_RM;  DUPLO CLICK
23-06-2024 14:59:28.530Z;functions.loggin_RM;  ENTRAR USER_NAME
23-06-2024 14:59:29.921Z;functions.loggin_RM;  ENCONTRA PASS FIELD
23-06-2024 14:59:30.265Z;functions.loggin_RM;  CLICK
23-06-2024 14:59:32.394Z;functions.loggin_RM;  ENTRAR PASSWORD
23-06-2024 14:59:33.906Z;functions.loggin_RM;  ENTRAR RM
23-06-2024 15:00:36.802Z;functions.loggin_RM;  FILTRO NÃO ENCONTRADO DE INICIO
23-06-2024 15:01:37.460Z;functions.loggin_RM;  FILTRO NÃO ENCONTRADO DE INICIO
23-06-2024 15:02:41.014Z;functions.loggin_RM;  FILTRO NÃO ENCONTRADO DE INICIO
23-06-2024 15:02:41.014Z;functions.enter_coligada;  AGUARDANDO 1
23-06-2024 15:02:42.389Z;functions.enter_coligada;  CLICK CONTEXTO
23-06-2024 15:02:45.139Z;functions.enter_coligada;  CLICK ALTERAR MODULO DO CONTEXTO
23-06-2024 15:02:49.103Z;functions.enter_coligada;  INSERE O COLIGADA CODE = 1
23-06-2024 15:02:49.209Z;functions.enter_coligada;  APERTA TAB PARA PREENCHER O CAMPO COM A STRING: OCEANICA ENGENHARIA E CONSULTORIA S.A.
23-06-2024 15:02:51.295Z;functions.enter_coligada;  CLICK AVANÇAR NOVAMENTE
23-06-2024 15:02:52.702Z;functions.enter_coligada;  CLICK CONCLUIR
23-06-2024 15:03:13.061Z;functions.waitForImage;  TROCA COLIGADA image not found.
23-06-2024 15:03:35.592Z;functions.enter_coligada;  POP UP COLIGADA DESAPARECER
23-06-2024 15:03:36.577Z;functions.check_movimentacao_bancaria;  CLICK - TOTVS - LINHA RM
23-06-2024 15:03:38.421Z;functions.check_movimentacao_bancaria;  CLICK - BACK OFFICE
23-06-2024 15:03:41.170Z;functions.check_movimentacao_bancaria;  CLICK - GESTAO FINANCEIRA
23-06-2024 15:03:41.170Z;functions.obter_intervalo_data;  VERIFICANDO A HORA ATUAL 15
23-06-2024 15:03:41.195Z;functions.obter_intervalo_data;  Data Inicial PENSAO antes da remoção: None
23-06-2024 15:03:41.195Z;functions.obter_intervalo_data;  Data Final PENSAO antes da remoção: None
23-06-2024 15:03:41.202Z;functions.obter_intervalo_data;  Data Inicial PENSAO após a remoção: None
23-06-2024 15:03:41.202Z;functions.obter_intervalo_data;  Data Final PENSAO após a remoção: None
23-06-2024 15:03:41.202Z;functions.obter_intervalo_data;  hoje -  2024-06-23 15:03:41.202094
23-06-2024 15:03:41.202Z;functions.check_movimentacao_bancaria;  DATA INICIO 26-06-2024
23-06-2024 15:03:41.202Z;functions.check_movimentacao_bancaria;  DATA FIM 02-07-2024
23-06-2024 15:03:41.202Z;functions.movimentacao_bancaria;  AGUARDANDO 1
23-06-2024 15:03:47.389Z;functions.movimentacao_bancaria;  CLICK NA ABA MOVIMENTAÇÃO BANCARIA
23-06-2024 15:03:49.624Z;functions.waitForImage;  IMAGEM BORDERO image found.
23-06-2024 15:03:51.742Z;functions.movimentacao_bancaria;  IMAGEM BORDERO CLICADA.
23-06-2024 15:04:01.947Z;functions.waitForImage;  LICENCAS EXCEDIDAS image not found.
23-06-2024 15:04:04.358Z;functions.waitForImage;  LICENCE SERVER image not found.
23-06-2024 15:04:05.083Z;functions.movimentacao_bancaria;  ENCONTROU O FILTRO DA MOVIMENTAÇÃO BANCÁRIA
23-06-2024 15:04:05.139Z;functions.movimentacao_bancaria;  CLICA NA ABA SUPERIOR DO FILTRO
23-06-2024 15:04:09.349Z;functions.movimentacao_bancaria;  SELECIONA O FILTRO HOJE
23-06-2024 15:04:09.349Z;functions.filter_clean;  FUNÇÃO LIMPA FILTRO
23-06-2024 15:04:13.749Z;functions.waitForImage;  FILTER CLEAN image found.
23-06-2024 15:04:15.867Z;functions.filter_clean;  CLICK NO BOTÃO X DO LIMPA FILTRO
23-06-2024 15:04:16.077Z;functions.waitForImage;  FILTER CLEAN image found.
23-06-2024 15:04:18.209Z;functions.filter_clean;  CLICK NO BOTÃO X DO LIMPA FILTRO
23-06-2024 15:04:33.451Z;functions.waitForImage;  FILTER CLEAN image not found.
23-06-2024 15:04:35.108Z;functions.movimentacao_bancaria;  CLICK NA PRIMEIRA LINHA DA TABELA MOVIMENTAÇÃO BANCÁRIA
23-06-2024 15:04:36.332Z;functions.movimentacao_bancaria;  12 PASSOS PARA DIREITA NA TABELA >>
23-06-2024 15:04:38.670Z;functions.movimentacao_bancaria;  HOVER FILTER
23-06-2024 15:04:39.249Z;functions.movimentacao_bancaria;  CLICK FILTER
23-06-2024 15:04:43.574Z;functions.movimentacao_bancaria;  CLICK NO FILTRO  STATUS DA REMESSA
23-06-2024 15:04:45.677Z;functions.movimentacao_bancaria;  APERTA TAB PARA ESCREVER O FILTRO
23-06-2024 15:04:47.791Z;functions.movimentacao_bancaria;  ESCREVE PENDENTE NO FILTRO
23-06-2024 15:04:49.894Z;functions.movimentacao_bancaria;  APERTA ENTER PARA SELECIONAR OS PENDENTES
23-06-2024 15:05:09.499Z;functions.movimentacao_bancaria;  SEM REGISTROS DE PROCESSO DE BORDERO PENDENTE
23-06-2024 15:05:09.499Z;functions.filter_clean;  FUNÇÃO LIMPA FILTRO
23-06-2024 15:05:09.702Z;functions.waitForImage;  FILTER CLEAN image found.
23-06-2024 15:05:11.837Z;functions.filter_clean;  CLICK NO BOTÃO X DO LIMPA FILTRO
23-06-2024 15:05:27.124Z;functions.waitForImage;  FILTER CLEAN image not found.
23-06-2024 15:05:42.451Z;functions.waitForImage;  FILTER CLEAN image not found.
23-06-2024 15:05:44.420Z;functions.remessa_pagamento;  CLICK NA PRIMEIRA LINHA DA TABELA MOVIMENTAÇÃO BANCÁRIA
23-06-2024 15:05:46.561Z;functions.remessa_pagamento;  HOVER FILTER
23-06-2024 15:05:47.142Z;functions.remessa_pagamento;  CLICK FILTER
23-06-2024 15:05:51.474Z;functions.remessa_pagamento;  CLICK NO FILTRO  STATUS DA REMESSA
23-06-2024 15:05:53.577Z;functions.remessa_pagamento;  APERTA TAB PARA ESCREVER O FILTRO
23-06-2024 15:05:55.695Z;functions.remessa_pagamento;  ESCREVE AUTORIZADO NO FILTRO
23-06-2024 15:05:57.798Z;functions.remessa_pagamento;  APERTA ENTER PARA SELECIONAR OS AUTORIZADOS
23-06-2024 15:06:18.408Z;functions.remessa_pagamento;  SEM REMESSA DE BORDERO AUTORIZADO
23-06-2024 15:06:19.389Z;functions.enter_contas_a_pagar;  CLICK - TOTVS - LINHA RM
23-06-2024 15:06:20.889Z;functions.enter_contas_a_pagar;  CLICK - BACK OFFICE
23-06-2024 15:06:23.639Z;functions.enter_contas_a_pagar;  CLICK - GESTAO FINANCEIRA
23-06-2024 15:06:30.014Z;functions.enter_contas_a_pagar;  CLICK - CONTAS A PAGAR
23-06-2024 15:06:30.936Z;functions.waitForImage;  LANÇAMENTOS image found.
23-06-2024 15:06:33.055Z;functions.enter_contas_a_pagar;  CLICA EM LANÇAMENTOS
23-06-2024 15:06:48.327Z;functions.waitForImage;  LICENCAS EXCEDIDAS image not found.
23-06-2024 15:06:48.327Z;functions.data_filter;  CLICK - SELECIONA A DATA DE QUARTA FEIRA E DA PROXIMA TERÇA
23-06-2024 15:06:48.327Z;functions.data_filter;  QUARTA-FEIRA: 26-06-2024
23-06-2024 15:06:48.327Z;functions.data_filter;  TERCA-FEIRA: 02-07-2024
23-06-2024 15:07:00.701Z;functions.data_filter;  CLICK - BUTÃO DE SELECAO DE FILTRO
23-06-2024 15:07:05.498Z;functions.data_filter;  INSERE - DATA DE QUARTA-FEIRA: 26-06-2024
23-06-2024 15:07:10.561Z;functions.data_filter;  INSERE - DATA DA PROX TERCA-FEIRA: 02-07-2024
23-06-2024 15:07:11.703Z;functions.data_filter;  CLICK - BUTÃO DE EXECUTAR O FILTRO
23-06-2024 15:07:16.705Z;functions.desmark_filter;  AGUARDANDO 1
23-06-2024 15:07:19.139Z;functions.desmark_filter;  CLICK CHECKBOX LANÇAMENTOS A RECEBER
23-06-2024 15:07:21.716Z;functions.desmark_filter;  CLICK CHECKBOX LANÇAMENTOS BAIXADOS
23-06-2024 15:07:24.639Z;functions.desmark_filter;  CLICK CHECKBOX LANÇAMENTOS CANCELADOS
23-06-2024 15:07:27.875Z;functions.desmark_filter;  CLICK CHECKBOX LANÇAMENTOS FATURADOS
23-06-2024 15:07:31.077Z;functions.desmark_filter;  ATUALIZA O FILTRO
23-06-2024 15:07:31.077Z;functions.filter_clean;  FUNÇÃO LIMPA FILTRO
23-06-2024 15:07:31.295Z;functions.waitForImage;  FILTER CLEAN image found.
23-06-2024 15:07:33.404Z;functions.filter_clean;  CLICK NO BOTÃO X DO LIMPA FILTRO
23-06-2024 15:07:48.701Z;functions.waitForImage;  FILTER CLEAN image not found.
23-06-2024 15:08:03.998Z;functions.waitForImage;  FILTER CLEAN image not found.
23-06-2024 15:08:07.592Z;functions.tabela_vazia;  Texto extraido 0/0
23-06-2024 15:08:07.592Z;functions.tabela_vazia;  Count 0
23-06-2024 15:08:07.592Z;functions.tabela_vazia;  Type <class 'int'>
23-06-2024 15:08:09.603Z;functions.tabela_vazia;  SEM REMESSA DE FÉRIAS/RESCISÃO
23-06-2024 15:08:11.604Z;main.<module>;  SEM REMESSA DE PENSÃO
23-06-2024 15:08:14.061Z;errorhandler.__handle;  Property: Unknown Property name. [1:203: -ms-interpolation-mode]
23-06-2024 15:08:14.092Z;errorhandler.__handle;  Property: Unknown Property name. [1:353: -webkit-font-smoothing]
23-06-2024 15:08:14.108Z;errorhandler.__handle;  Property: Unknown Property name. [1:483: -ms-text-size-adjust]
23-06-2024 15:08:14.108Z;errorhandler.__handle;  Property: Unknown Property name. [1:518: -webkit-text-size-adjust]
23-06-2024 15:08:14.108Z;errorhandler.__handle;  Property: Unknown Property name. [1:612: mso-table-lspace]
23-06-2024 15:08:14.108Z;errorhandler.__handle;  Property: Unknown Property name. [1:642: mso-table-rspace]
23-06-2024 15:08:14.358Z;errorhandler.__handle;  Property: Unknown Property name. [1:4734: mso-hide]
23-06-2024 15:08:14.451Z;errorhandler.__handle;  Property: Unknown Property name. [1:13: -ms-interpolation-mode]
23-06-2024 15:08:14.467Z;errorhandler.__handle;  Property: Unknown Property name. [1:49: -webkit-font-smoothing]
23-06-2024 15:08:14.467Z;errorhandler.__handle;  Property: Unknown Property name. [1:134: -ms-text-size-adjust]
23-06-2024 15:08:14.467Z;errorhandler.__handle;  Property: Unknown Property name. [1:160: -webkit-text-size-adjust]
23-06-2024 15:08:14.467Z;errorhandler.__handle;  Property: Unknown Property name. [1:26: mso-table-lspace]
23-06-2024 15:08:14.467Z;errorhandler.__handle;  Property: Unknown Property name. [1:45: mso-table-rspace]
23-06-2024 15:08:14.498Z;errorhandler.__handle;  Property: Unknown Property name. [1:92: mso-hide]
23-06-2024 15:08:14.514Z;errorhandler.__handle;  Property: No ":" after name found: align-center [1:1: align-center]
23-06-2024 15:08:14.514Z;errorhandler.__handle;  Property: No property value found: align-center [1:1: align-center]
23-06-2024 15:08:14.514Z;errorhandler.__handle;  CSSStyleDeclaration: Syntax Error in Property: align-center
23-06-2024 15:08:14.530Z;errorhandler.__handle;  Property: Unknown Property name. [1:14: -ms-interpolation-mode]
23-06-2024 15:08:16.921Z;functions.emailFinalizado;  Warning e-mail sent.
23-06-2024 15:08:17.186Z;functions.encerra_prog;  RM ENCERRADO
