05-02-2024 09:53:32.063Z;functions.bot_text_art;      ____     
05-02-2024 09:53:32.063Z;functions.bot_text_art;     [____]    
05-02-2024 09:53:32.063Z;functions.bot_text_art;   |=]()()[=|  
05-02-2024 09:53:32.063Z;functions.bot_text_art;     _\==/__    _____    ____     _        _____    ___   _  __ 
05-02-2024 09:53:32.063Z;functions.bot_text_art;   |__|   |_|  |  _  \  / ___|   | |      |_   _| / ___| | |/ / 
05-02-2024 09:53:32.063Z;functions.bot_text_art;   |_|_/\_|_|  | |  | | | |      | |        | |   | |    | ' /  
05-02-2024 09:53:32.063Z;functions.bot_text_art;   | | __ | |  | |  | | | |      | |        | |   | |    |  <   
05-02-2024 09:53:32.063Z;functions.bot_text_art;   |_|[  ]|_|  | |__| | | |____  | |____   _| |_  | |__  | . \  
05-02-2024 09:53:32.063Z;functions.bot_text_art;   \_|_||_|_/  |_____/   \_____| |______| |_____| \ ___| |_|\_\ 
05-02-2024 09:53:32.063Z;functions.bot_text_art;     |_||_|    
05-02-2024 09:53:32.063Z;functions.bot_text_art;     | ||_|_   
05-02-2024 09:53:32.063Z;functions.bot_text_art;   |___||___|  
05-02-2024 09:53:32.063Z;functions.bot_text_art;               
05-02-2024 09:53:32.078Z;functions.open_RM;  OPEN PROGRAM RM
05-02-2024 09:53:38.860Z;functions.loggin_RM;  ENTRAR USER_NAME
05-02-2024 09:53:39.688Z;functions.loggin_RM;  ENTRAR PASSWORD
05-02-2024 09:53:40.360Z;functions.loggin_RM;  ENTRAR RM
05-02-2024 09:54:05.828Z;functions.enter_coligada;  CLICK CONTEXTO
05-02-2024 09:54:09.736Z;functions.enter_coligada;  CLICK COLIGADA 1
05-02-2024 09:54:11.083Z;functions.enter_coligada;  CLICK AVANÇAR
05-02-2024 09:54:12.610Z;functions.enter_coligada;  INSERE O COLIGADA CODE = 1
05-02-2024 09:54:12.711Z;functions.enter_coligada;  APERTA TAB PARA PREENCHER O CAMPO COM A STRING: OCEANICA ENGENHARIA E CONSULTORIA S.A.
05-02-2024 09:54:13.547Z;functions.enter_coligada;  CLICK AVANÇAR NOVAMENTE
05-02-2024 09:54:14.360Z;functions.enter_coligada;  CLICK CONCLUIR
05-02-2024 09:54:24.078Z;functions.enter_coligada;  POP UP COLIGADA DESAPARECER
05-02-2024 09:54:24.705Z;functions.enter_contas_a_pagar;  CLICK - TOTVS - LINHA RM
05-02-2024 09:54:25.799Z;functions.enter_contas_a_pagar;  CLICK - BACK OFFICE
05-02-2024 09:54:26.516Z;functions.enter_contas_a_pagar;  CLICK - GESTAO FINANCEIRA
05-02-2024 09:54:31.020Z;functions.enter_contas_a_pagar;  CLICK - CONTAS A PAGAR
05-02-2024 09:54:31.157Z;functions.waitForImage;  LANÇAMENTOS image found.
05-02-2024 09:54:33.266Z;functions.enter_contas_a_pagar;  CLICA EM LANÇAMENTOS
05-02-2024 09:54:38.422Z;functions.waitForImage;  LICENCAS EXCEDIDAS image found.
05-02-2024 09:54:38.422Z;functions.enter_contas_a_pagar;  LICENCAS EXCEDIDAS
05-02-2024 09:54:38.422Z;functions.enter_contas_a_pagar;  TENTANDO NOVAMENTE - 1
