11-04-2024 20:51:04.645Z;functions.bot_text_art;      ____     
11-04-2024 20:51:04.645Z;functions.bot_text_art;     [____]    
11-04-2024 20:51:04.645Z;functions.bot_text_art;   |=]()()[=|  
11-04-2024 20:51:04.645Z;functions.bot_text_art;     _\==/__    _____    ____     _        _____    ___   _  __ 
11-04-2024 20:51:04.645Z;functions.bot_text_art;   |__|   |_|  |  _  \  / ___|   | |      |_   _| / ___| | |/ / 
11-04-2024 20:51:04.645Z;functions.bot_text_art;   |_|_/\_|_|  | |  | | | |      | |        | |   | |    | ' /  
11-04-2024 20:51:04.645Z;functions.bot_text_art;   | | __ | |  | |  | | | |      | |        | |   | |    |  <   
11-04-2024 20:51:04.645Z;functions.bot_text_art;   |_|[  ]|_|  | |__| | | |____  | |____   _| |_  | |__  | . \  
11-04-2024 20:51:04.645Z;functions.bot_text_art;   \_|_||_|_/  |_____/   \_____| |______| |_____| \ ___| |_|\_\ 
11-04-2024 20:51:04.645Z;functions.bot_text_art;     |_||_|    
11-04-2024 20:51:04.645Z;functions.bot_text_art;     | ||_|_   
11-04-2024 20:51:04.645Z;functions.bot_text_art;   |___||___|  
11-04-2024 20:51:04.645Z;functions.bot_text_art;               
11-04-2024 20:51:04.645Z;functions.open_RM;  OPEN PROGRAM RM
11-04-2024 20:51:19.457Z;functions.loggin_RM;  ACHOU O PANE PICTURE
11-04-2024 20:51:20.097Z;functions.loggin_RM;  ENCONTRA USE FIELD
11-04-2024 20:51:20.176Z;functions.loggin_RM;  DUPLO CLICK
11-04-2024 20:51:23.145Z;functions.loggin_RM;  ENTRAR USER_NAME
11-04-2024 20:51:23.785Z;functions.loggin_RM;  ENCONTRA PASS FIELD
11-04-2024 20:51:23.863Z;functions.loggin_RM;  CLICK
11-04-2024 20:51:25.972Z;functions.loggin_RM;  ENTRAR PASSWORD
11-04-2024 20:51:26.629Z;functions.loggin_RM;  ENTRAR RM
11-04-2024 20:53:13.535Z;functions.enter_coligada;  CLICK CONTEXTO
11-04-2024 20:53:31.050Z;functions.show_exception_and_exit;  'NoneType' object has no attribute 'click'
Traceback (most recent call last):
  File "C:\Projetos_Remessas\Remessa_Pensao\main.py", line 14, in <module>
    enter_coligada()
  File "C:\Projetos_Remessas\Remessa_Pensao\SUBPROGRAMS\functions.py", line 110, in enter_coligada
    click_alterar_contexto.click()
    ^^^^^^^^^^^^^^^^^^^^^^^^^^^^
AttributeError: 'NoneType' object has no attribute 'click'
11-04-2024 20:53:31.441Z;functions.show_exception_and_exit;  RM FECHADO
11-04-2024 20:53:32.785Z;errorhandler.__handle;  Property: Unknown Property name. [1:203: -ms-interpolation-mode]
11-04-2024 20:53:32.801Z;errorhandler.__handle;  Property: Unknown Property name. [1:353: -webkit-font-smoothing]
11-04-2024 20:53:32.801Z;errorhandler.__handle;  Property: Unknown Property name. [1:483: -ms-text-size-adjust]
11-04-2024 20:53:32.801Z;errorhandler.__handle;  Property: Unknown Property name. [1:518: -webkit-text-size-adjust]
11-04-2024 20:53:32.801Z;errorhandler.__handle;  Property: Unknown Property name. [1:612: mso-table-lspace]
11-04-2024 20:53:32.801Z;errorhandler.__handle;  Property: Unknown Property name. [1:642: mso-table-rspace]
11-04-2024 20:53:32.848Z;errorhandler.__handle;  Property: Unknown Property name. [1:4734: mso-hide]
11-04-2024 20:53:32.879Z;errorhandler.__handle;  Property: Unknown Property name. [1:13: -ms-interpolation-mode]
11-04-2024 20:53:32.879Z;errorhandler.__handle;  Property: Unknown Property name. [1:49: -webkit-font-smoothing]
11-04-2024 20:53:32.879Z;errorhandler.__handle;  Property: Unknown Property name. [1:134: -ms-text-size-adjust]
11-04-2024 20:53:32.879Z;errorhandler.__handle;  Property: Unknown Property name. [1:160: -webkit-text-size-adjust]
11-04-2024 20:53:32.879Z;errorhandler.__handle;  Property: Unknown Property name. [1:26: mso-table-lspace]
11-04-2024 20:53:32.879Z;errorhandler.__handle;  Property: Unknown Property name. [1:45: mso-table-rspace]
11-04-2024 20:53:32.895Z;errorhandler.__handle;  Property: Unknown Property name. [1:92: mso-hide]
11-04-2024 20:53:32.895Z;errorhandler.__handle;  Property: No ":" after name found: align-center [1:1: align-center]
11-04-2024 20:53:32.895Z;errorhandler.__handle;  Property: No property value found: align-center [1:1: align-center]
11-04-2024 20:53:32.895Z;errorhandler.__handle;  CSSStyleDeclaration: Syntax Error in Property: align-center
11-04-2024 20:53:32.895Z;errorhandler.__handle;  Property: Unknown Property name. [1:14: -ms-interpolation-mode]
11-04-2024 20:53:35.458Z;functions.show_exception_and_exit;  EMAIL EXCEÇÃO ENVIADO
11-04-2024 20:53:35.458Z;functions.show_exception_and_exit;  ERRO - <class 'AttributeError'> / 'NoneType' object has no attribute 'click'
