21-05-2024 14:30:25.044Z;functions.bot_text_art;      ____     
21-05-2024 14:30:25.044Z;functions.bot_text_art;     [____]    
21-05-2024 14:30:25.044Z;functions.bot_text_art;   |=]()()[=|  
21-05-2024 14:30:25.044Z;functions.bot_text_art;     _\==/__    _____    ____     _        _____    ___   _  __ 
21-05-2024 14:30:25.044Z;functions.bot_text_art;   |__|   |_|  |  _  \  / ___|   | |      |_   _| / ___| | |/ / 
21-05-2024 14:30:25.044Z;functions.bot_text_art;   |_|_/\_|_|  | |  | | | |      | |        | |   | |    | ' /  
21-05-2024 14:30:25.044Z;functions.bot_text_art;   | | __ | |  | |  | | | |      | |        | |   | |    |  <   
21-05-2024 14:30:25.044Z;functions.bot_text_art;   |_|[  ]|_|  | |__| | | |____  | |____   _| |_  | |__  | . \  
21-05-2024 14:30:25.044Z;functions.bot_text_art;   \_|_||_|_/  |_____/   \_____| |______| |_____| \ ___| |_|\_\ 
21-05-2024 14:30:25.044Z;functions.bot_text_art;     |_||_|    
21-05-2024 14:30:25.044Z;functions.bot_text_art;     | ||_|_   
21-05-2024 14:30:25.044Z;functions.bot_text_art;   |___||___|  
21-05-2024 14:30:25.044Z;functions.bot_text_art;               
21-05-2024 14:30:25.059Z;functions.open_RM;  OPEN PROGRAM RM
21-05-2024 14:30:31.012Z;functions.loggin_RM;  ACHOU O PANE PICTURE
21-05-2024 14:30:31.668Z;functions.loggin_RM;  ENCONTRA USE FIELD
21-05-2024 14:30:31.777Z;functions.loggin_RM;  DUPLO CLICK
21-05-2024 14:30:34.788Z;functions.loggin_RM;  ENTRAR USER_NAME
21-05-2024 14:30:35.450Z;functions.loggin_RM;  ENCONTRA PASS FIELD
21-05-2024 14:30:35.528Z;functions.loggin_RM;  CLICK
21-05-2024 14:30:37.637Z;functions.loggin_RM;  ENTRAR PASSWORD
21-05-2024 14:30:38.340Z;functions.loggin_RM;  ENTRAR RM
21-05-2024 14:30:54.966Z;functions.enter_coligada;  CLICK CONTEXTO
21-05-2024 14:30:59.044Z;functions.enter_coligada;  CLICK ALTERAR MODULO DO CONTEXTO
21-05-2024 14:31:01.487Z;functions.enter_coligada;  INSERE O COLIGADA CODE = 1
21-05-2024 14:31:01.588Z;functions.enter_coligada;  APERTA TAB PARA PREENCHER O CAMPO COM A STRING: OCEANICA ENGENHARIA E CONSULTORIA S.A.
21-05-2024 14:31:02.508Z;functions.enter_coligada;  CLICK AVANÇAR NOVAMENTE
21-05-2024 14:31:03.309Z;functions.enter_coligada;  CLICK CONCLUIR
21-05-2024 14:31:12.153Z;functions.enter_coligada;  POP UP COLIGADA DESAPARECER
21-05-2024 14:31:12.779Z;functions.check_movimentacao_bancaria;  CLICK - TOTVS - LINHA RM
21-05-2024 14:31:13.840Z;functions.check_movimentacao_bancaria;  CLICK - BACK OFFICE
21-05-2024 14:31:14.556Z;functions.check_movimentacao_bancaria;  CLICK - GESTAO FINANCEIRA
21-05-2024 14:31:17.013Z;functions.movimentacao_bancaria;  CLICK NA ABA MOVIMENTAÇÃO BANCARIA
21-05-2024 14:31:19.124Z;functions.waitForImage;  IMAGEM BORDERO image found.
21-05-2024 14:31:21.246Z;functions.movimentacao_bancaria;  IMAGEM BORDERO CLICADA.
21-05-2024 14:31:31.797Z;functions.waitForImage;  LICENCAS EXCEDIDAS image not found.
21-05-2024 14:31:34.328Z;functions.waitForImage;  LICENCE SERVER image not found.
21-05-2024 14:31:34.888Z;functions.movimentacao_bancaria;  ENCONTROU O FILTRO DA MOVIMENTAÇÃO BANCÁRIA
21-05-2024 14:31:34.903Z;functions.movimentacao_bancaria;  CLICA NA ABA SUPERIOR DO FILTRO
21-05-2024 14:31:39.109Z;functions.movimentacao_bancaria;  SELECIONA O FILTRO HOJE
21-05-2024 14:31:39.109Z;functions.filter_clean;  FUNÇÃO LIMPA FILTRO
21-05-2024 14:31:41.046Z;functions.waitForImage;  FILTER CLEAN image found.
21-05-2024 14:31:43.172Z;functions.filter_clean;  CLICK NO BOTÃO X DO LIMPA FILTRO
21-05-2024 14:31:58.454Z;functions.waitForImage;  FILTER CLEAN image not found.
21-05-2024 14:32:13.792Z;functions.waitForImage;  FILTER CLEAN image not found.
21-05-2024 14:32:14.580Z;functions.movimentacao_bancaria;  CLICK NA PRIMEIRA LINHA DA TABELA MOVIMENTAÇÃO BANCÁRIA
21-05-2024 14:32:15.793Z;functions.movimentacao_bancaria;  12 PASSOS PARA DIREITA NA TABELA >>
21-05-2024 14:32:17.044Z;functions.movimentacao_bancaria;  HOVER FILTER
21-05-2024 14:32:17.382Z;functions.movimentacao_bancaria;  CLICK FILTER
21-05-2024 14:32:21.691Z;functions.movimentacao_bancaria;  CLICK NO FILTRO  STATUS DA REMESSA
21-05-2024 14:32:23.793Z;functions.movimentacao_bancaria;  APERTA TAB PARA ESCREVER O FILTRO
21-05-2024 14:32:25.897Z;functions.movimentacao_bancaria;  ESCREVE PENDENTE NO FILTRO
21-05-2024 14:32:28.000Z;functions.movimentacao_bancaria;  APERTA ENTER PARA SELECIONAR OS PENDENTES
21-05-2024 14:32:47.935Z;functions.movimentacao_bancaria;  SEM REGISTROS DE PROCESSO DE BORDERO PENDENTE
21-05-2024 14:32:47.935Z;functions.filter_clean;  FUNÇÃO LIMPA FILTRO
21-05-2024 14:32:48.029Z;functions.waitForImage;  FILTER CLEAN image found.
21-05-2024 14:32:50.162Z;functions.filter_clean;  CLICK NO BOTÃO X DO LIMPA FILTRO
21-05-2024 14:33:05.418Z;functions.waitForImage;  FILTER CLEAN image not found.
21-05-2024 14:33:20.686Z;functions.waitForImage;  FILTER CLEAN image not found.
21-05-2024 14:33:21.482Z;functions.remessa_pagamento;  CLICK NA PRIMEIRA LINHA DA TABELA MOVIMENTAÇÃO BANCÁRIA
21-05-2024 14:33:22.763Z;functions.remessa_pagamento;  HOVER FILTER
21-05-2024 14:33:23.052Z;functions.remessa_pagamento;  CLICK FILTER
21-05-2024 14:33:27.365Z;functions.remessa_pagamento;  CLICK NO FILTRO  STATUS DA REMESSA
21-05-2024 14:33:29.466Z;functions.remessa_pagamento;  APERTA TAB PARA ESCREVER O FILTRO
21-05-2024 14:33:31.573Z;functions.remessa_pagamento;  ESCREVE AUTORIZADO NO FILTRO
21-05-2024 14:33:33.674Z;functions.remessa_pagamento;  APERTA ENTER PARA SELECIONAR OS AUTORIZADOS
21-05-2024 14:33:54.669Z;functions.remessa_pagamento;  SEM REMESSA DE BORDERO AUTORIZADO
21-05-2024 14:33:55.263Z;functions.enter_contas_a_pagar;  CLICK - TOTVS - LINHA RM
21-05-2024 14:33:56.201Z;functions.enter_contas_a_pagar;  CLICK - BACK OFFICE
21-05-2024 14:33:56.887Z;functions.enter_contas_a_pagar;  CLICK - GESTAO FINANCEIRA
21-05-2024 14:34:01.787Z;functions.enter_contas_a_pagar;  CLICK - CONTAS A PAGAR
21-05-2024 14:34:01.919Z;functions.waitForImage;  LANÇAMENTOS image found.
21-05-2024 14:34:04.042Z;functions.enter_contas_a_pagar;  CLICA EM LANÇAMENTOS
21-05-2024 14:34:19.555Z;functions.waitForImage;  LICENCAS EXCEDIDAS image not found.
21-05-2024 14:34:19.555Z;functions.obter_intervalo_data;  VERIFICANDO A HORA ATUAL 14
21-05-2024 14:34:19.555Z;functions.obter_intervalo_data;  Data Inicial PENSAO antes da remoção: None
21-05-2024 14:34:19.555Z;functions.obter_intervalo_data;  Data Final PENSAO antes da remoção: None
21-05-2024 14:34:19.555Z;functions.obter_intervalo_data;  Data Inicial PENSAO após a remoção: None
21-05-2024 14:34:19.555Z;functions.obter_intervalo_data;  Data Final PENSAO após a remoção: None
21-05-2024 14:34:19.555Z;functions.obter_intervalo_data;  hoje -  2024-05-21 14:34:19.555427
21-05-2024 14:34:19.555Z;functions.data_filter;  DATA INICIO 29-05-2024
21-05-2024 14:34:19.555Z;functions.data_filter;  DATA FIM 04-06-2024
21-05-2024 14:34:19.555Z;functions.data_filter;  CLICK - SELECIONA A DATA DE QUARTA FEIRA E DA PROXIMA TERÇA
21-05-2024 14:34:19.555Z;functions.data_filter;  QUARTA-FEIRA: 29-05-2024
21-05-2024 14:34:19.555Z;functions.data_filter;  TERCA-FEIRA: 04-06-2024
21-05-2024 14:34:30.591Z;functions.data_filter;  CLICK - BUTÃO DE SELECAO DE FILTRO
21-05-2024 14:34:34.341Z;functions.data_filter;  INSERE - DATA DE QUARTA-FEIRA: 29-05-2024
21-05-2024 14:34:37.811Z;functions.data_filter;  INSERE - DATA DA PROX TERCA-FEIRA: 04-06-2024
21-05-2024 14:34:38.450Z;functions.data_filter;  CLICK - BUTÃO DE EXECUTAR O FILTRO
21-05-2024 14:34:44.262Z;functions.desmark_filter;  CLICK CHECKBOX LANÇAMENTOS A RECEBER
21-05-2024 14:34:45.075Z;functions.desmark_filter;  CLICK CHECKBOX LANÇAMENTOS BAIXADOS
21-05-2024 14:34:45.888Z;functions.desmark_filter;  CLICK CHECKBOX LANÇAMENTOS CANCELADOS
21-05-2024 14:34:46.790Z;functions.desmark_filter;  CLICK CHECKBOX LANÇAMENTOS FATURADOS
21-05-2024 14:34:47.654Z;functions.desmark_filter;  ATUALIZA O FILTRO
21-05-2024 14:34:47.654Z;functions.filter_clean;  FUNÇÃO LIMPA FILTRO
21-05-2024 14:35:03.040Z;functions.waitForImage;  FILTER CLEAN image not found.
21-05-2024 14:35:18.252Z;functions.waitForImage;  FILTER CLEAN image not found.
21-05-2024 14:35:33.472Z;functions.waitForImage;  FILTER CLEAN image not found.
21-05-2024 14:35:34.403Z;functions.tabela_vazia;  Texto extraido 0/0
21-05-2024 14:35:34.403Z;functions.tabela_vazia;  Count 0
21-05-2024 14:35:34.403Z;functions.tabela_vazia;  Type <class 'int'>
21-05-2024 14:35:36.413Z;functions.tabela_vazia;  SEM REMESSA DE FÉRIAS/RESCISÃO
21-05-2024 14:35:38.414Z;main.<module>;  SEM REMESSA DE PENSÃO
21-05-2024 14:35:40.107Z;errorhandler.__handle;  Property: Unknown Property name. [1:203: -ms-interpolation-mode]
21-05-2024 14:35:40.123Z;errorhandler.__handle;  Property: Unknown Property name. [1:353: -webkit-font-smoothing]
21-05-2024 14:35:40.123Z;errorhandler.__handle;  Property: Unknown Property name. [1:483: -ms-text-size-adjust]
21-05-2024 14:35:40.123Z;errorhandler.__handle;  Property: Unknown Property name. [1:518: -webkit-text-size-adjust]
21-05-2024 14:35:40.123Z;errorhandler.__handle;  Property: Unknown Property name. [1:612: mso-table-lspace]
21-05-2024 14:35:40.123Z;errorhandler.__handle;  Property: Unknown Property name. [1:642: mso-table-rspace]
21-05-2024 14:35:40.169Z;errorhandler.__handle;  Property: Unknown Property name. [1:4734: mso-hide]
21-05-2024 14:35:40.201Z;errorhandler.__handle;  Property: Unknown Property name. [1:13: -ms-interpolation-mode]
21-05-2024 14:35:40.201Z;errorhandler.__handle;  Property: Unknown Property name. [1:49: -webkit-font-smoothing]
21-05-2024 14:35:40.201Z;errorhandler.__handle;  Property: Unknown Property name. [1:134: -ms-text-size-adjust]
21-05-2024 14:35:40.201Z;errorhandler.__handle;  Property: Unknown Property name. [1:160: -webkit-text-size-adjust]
21-05-2024 14:35:40.201Z;errorhandler.__handle;  Property: Unknown Property name. [1:26: mso-table-lspace]
21-05-2024 14:35:40.201Z;errorhandler.__handle;  Property: Unknown Property name. [1:45: mso-table-rspace]
21-05-2024 14:35:40.201Z;errorhandler.__handle;  Property: Unknown Property name. [1:92: mso-hide]
21-05-2024 14:35:40.216Z;errorhandler.__handle;  Property: No ":" after name found: align-center [1:1: align-center]
21-05-2024 14:35:40.216Z;errorhandler.__handle;  Property: No property value found: align-center [1:1: align-center]
21-05-2024 14:35:40.216Z;errorhandler.__handle;  CSSStyleDeclaration: Syntax Error in Property: align-center
21-05-2024 14:35:40.216Z;errorhandler.__handle;  Property: Unknown Property name. [1:14: -ms-interpolation-mode]
21-05-2024 14:35:42.701Z;functions.emailFinalizado;  Warning e-mail sent.
21-05-2024 14:35:42.763Z;functions.encerra_prog;  RM ENCERRADO
