08-05-2024 20:30:14.267Z;functions.bot_text_art;      ____     
08-05-2024 20:30:14.267Z;functions.bot_text_art;     [____]    
08-05-2024 20:30:14.267Z;functions.bot_text_art;   |=]()()[=|  
08-05-2024 20:30:14.283Z;functions.bot_text_art;     _\==/__    _____    ____     _        _____    ___   _  __ 
08-05-2024 20:30:14.283Z;functions.bot_text_art;   |__|   |_|  |  _  \  / ___|   | |      |_   _| / ___| | |/ / 
08-05-2024 20:30:14.283Z;functions.bot_text_art;   |_|_/\_|_|  | |  | | | |      | |        | |   | |    | ' /  
08-05-2024 20:30:14.283Z;functions.bot_text_art;   | | __ | |  | |  | | | |      | |        | |   | |    |  <   
08-05-2024 20:30:14.283Z;functions.bot_text_art;   |_|[  ]|_|  | |__| | | |____  | |____   _| |_  | |__  | . \  
08-05-2024 20:30:14.283Z;functions.bot_text_art;   \_|_||_|_/  |_____/   \_____| |______| |_____| \ ___| |_|\_\ 
08-05-2024 20:30:14.283Z;functions.bot_text_art;     |_||_|    
08-05-2024 20:30:14.283Z;functions.bot_text_art;     | ||_|_   
08-05-2024 20:30:14.283Z;functions.bot_text_art;   |___||___|  
08-05-2024 20:30:14.283Z;functions.bot_text_art;               
08-05-2024 20:30:14.283Z;functions.open_RM;  OPEN PROGRAM RM
08-05-2024 20:31:10.970Z;functions.loggin_RM;  ACHOU O PANE PICTURE
08-05-2024 20:31:11.626Z;functions.loggin_RM;  ENCONTRA USE FIELD
08-05-2024 20:31:11.690Z;functions.loggin_RM;  DUPLO CLICK
08-05-2024 20:31:14.658Z;functions.loggin_RM;  ENTRAR USER_NAME
08-05-2024 20:31:15.298Z;functions.loggin_RM;  ENCONTRA PASS FIELD
08-05-2024 20:31:15.376Z;functions.loggin_RM;  CLICK
08-05-2024 20:31:17.486Z;functions.loggin_RM;  ENTRAR PASSWORD
08-05-2024 20:31:18.158Z;functions.loggin_RM;  ENTRAR RM
08-05-2024 20:33:03.300Z;functions.enter_coligada;  CLICK CONTEXTO
08-05-2024 20:33:07.582Z;functions.enter_coligada;  CLICK ALTERAR MODULO DO CONTEXTO
08-05-2024 20:33:11.164Z;functions.enter_coligada;  INSERE O COLIGADA CODE = 1
08-05-2024 20:33:11.265Z;functions.enter_coligada;  APERTA TAB PARA PREENCHER O CAMPO COM A STRING: OCEANICA ENGENHARIA E CONSULTORIA S.A.
08-05-2024 20:33:12.704Z;functions.enter_coligada;  CLICK AVANÇAR NOVAMENTE
08-05-2024 20:33:14.273Z;functions.enter_coligada;  CLICK CONCLUIR
08-05-2024 20:33:29.908Z;functions.enter_coligada;  POP UP COLIGADA DESAPARECER
08-05-2024 20:33:30.517Z;functions.check_movimentacao_bancaria;  CLICK - TOTVS - LINHA RM
08-05-2024 20:33:31.551Z;functions.check_movimentacao_bancaria;  CLICK - BACK OFFICE
08-05-2024 20:33:33.852Z;functions.check_movimentacao_bancaria;  CLICK - GESTAO FINANCEIRA
08-05-2024 20:33:48.876Z;functions.movimentacao_bancaria;  CLICK NA ABA MOVIMENTAÇÃO BANCARIA
08-05-2024 20:33:50.987Z;functions.waitForImage;  IMAGEM BORDERO image found.
08-05-2024 20:33:53.110Z;functions.movimentacao_bancaria;  IMAGEM BORDERO CLICADA.
08-05-2024 20:34:03.548Z;functions.waitForImage;  LICENCAS EXCEDIDAS image not found.
08-05-2024 20:34:06.081Z;functions.waitForImage;  LICENCE SERVER image not found.
08-05-2024 20:34:08.027Z;functions.movimentacao_bancaria;  ENCONTROU O FILTRO DA MOVIMENTAÇÃO BANCÁRIA
08-05-2024 20:34:08.041Z;functions.movimentacao_bancaria;  CLICA NA ABA SUPERIOR DO FILTRO
08-05-2024 20:34:12.245Z;functions.movimentacao_bancaria;  SELECIONA O FILTRO HOJE
08-05-2024 20:34:12.245Z;functions.filter_clean;  FUNÇÃO LIMPA FILTRO
08-05-2024 20:34:20.741Z;functions.waitForImage;  FILTER CLEAN image found.
08-05-2024 20:34:22.862Z;functions.filter_clean;  CLICK NO BOTÃO X DO LIMPA FILTRO
08-05-2024 20:34:37.954Z;functions.waitForImage;  FILTER CLEAN image not found.
08-05-2024 20:34:53.085Z;functions.waitForImage;  FILTER CLEAN image not found.
08-05-2024 20:34:53.876Z;functions.movimentacao_bancaria;  CLICK NA PRIMEIRA LINHA DA TABELA MOVIMENTAÇÃO BANCÁRIA
08-05-2024 20:34:55.088Z;functions.movimentacao_bancaria;  12 PASSOS PARA DIREITA NA TABELA >>
08-05-2024 20:34:56.376Z;functions.movimentacao_bancaria;  HOVER FILTER
08-05-2024 20:34:56.710Z;functions.movimentacao_bancaria;  CLICK FILTER
08-05-2024 20:35:01.022Z;functions.movimentacao_bancaria;  CLICK NO FILTRO  STATUS DA REMESSA
08-05-2024 20:35:03.124Z;functions.movimentacao_bancaria;  APERTA TAB PARA ESCREVER O FILTRO
08-05-2024 20:35:05.229Z;functions.movimentacao_bancaria;  ESCREVE PENDENTE NO FILTRO
08-05-2024 20:35:07.331Z;functions.movimentacao_bancaria;  APERTA ENTER PARA SELECIONAR OS PENDENTES
08-05-2024 20:35:27.298Z;functions.movimentacao_bancaria;  SEM REGISTROS DE PROCESSO DE BORDERO PENDENTE
08-05-2024 20:35:27.298Z;functions.filter_clean;  FUNÇÃO LIMPA FILTRO
08-05-2024 20:35:27.392Z;functions.waitForImage;  FILTER CLEAN image found.
08-05-2024 20:35:29.514Z;functions.filter_clean;  CLICK NO BOTÃO X DO LIMPA FILTRO
08-05-2024 20:35:44.627Z;functions.waitForImage;  FILTER CLEAN image not found.
08-05-2024 20:35:59.752Z;functions.waitForImage;  FILTER CLEAN image not found.
08-05-2024 20:36:00.564Z;functions.remessa_pagamento;  CLICK NA PRIMEIRA LINHA DA TABELA MOVIMENTAÇÃO BANCÁRIA
08-05-2024 20:36:01.845Z;functions.remessa_pagamento;  HOVER FILTER
08-05-2024 20:36:02.138Z;functions.remessa_pagamento;  CLICK FILTER
08-05-2024 20:36:06.450Z;functions.remessa_pagamento;  CLICK NO FILTRO  STATUS DA REMESSA
08-05-2024 20:36:08.551Z;functions.remessa_pagamento;  APERTA TAB PARA ESCREVER O FILTRO
08-05-2024 20:36:10.658Z;functions.remessa_pagamento;  ESCREVE AUTORIZADO NO FILTRO
08-05-2024 20:36:12.760Z;functions.remessa_pagamento;  APERTA ENTER PARA SELECIONAR OS AUTORIZADOS
08-05-2024 20:36:33.720Z;functions.remessa_pagamento;  SEM REMESSA DE BORDERO AUTORIZADO
08-05-2024 20:36:34.330Z;functions.enter_contas_a_pagar;  CLICK - TOTVS - LINHA RM
08-05-2024 20:36:35.270Z;functions.enter_contas_a_pagar;  CLICK - BACK OFFICE
08-05-2024 20:36:35.939Z;functions.enter_contas_a_pagar;  CLICK - GESTAO FINANCEIRA
08-05-2024 20:36:52.783Z;functions.enter_contas_a_pagar;  CLICK - CONTAS A PAGAR
08-05-2024 20:36:52.919Z;functions.waitForImage;  LANÇAMENTOS image found.
08-05-2024 20:36:55.036Z;functions.enter_contas_a_pagar;  CLICA EM LANÇAMENTOS
08-05-2024 20:37:10.462Z;functions.waitForImage;  LICENCAS EXCEDIDAS image not found.
08-05-2024 20:37:10.462Z;functions.obter_intervalo_data;  VERIFICANDO A HORA ATUAL 20
08-05-2024 20:37:10.462Z;functions.obter_intervalo_data;  Data Inicial PENSAO antes da remoção: None
08-05-2024 20:37:10.462Z;functions.obter_intervalo_data;  Data Final PENSAO antes da remoção: None
08-05-2024 20:37:10.462Z;functions.obter_intervalo_data;  Data Inicial PENSAO após a remoção: None
08-05-2024 20:37:10.462Z;functions.obter_intervalo_data;  Data Final PENSAO após a remoção: None
08-05-2024 20:37:10.462Z;functions.obter_intervalo_data;  hoje -  2024-05-08 20:37:10.462865
08-05-2024 20:37:10.462Z;functions.data_filter;  DATA INICIO 15-05-2024
08-05-2024 20:37:10.462Z;functions.data_filter;  DATA FIM 21-05-2024
08-05-2024 20:37:10.462Z;functions.data_filter;  CLICK - SELECIONA A DATA DE QUARTA FEIRA E DA PROXIMA TERÇA
08-05-2024 20:37:10.462Z;functions.data_filter;  QUARTA-FEIRA: 15-05-2024
08-05-2024 20:37:10.462Z;functions.data_filter;  TERCA-FEIRA: 21-05-2024
08-05-2024 20:37:22.338Z;functions.data_filter;  CLICK - BUTÃO DE SELECAO DE FILTRO
08-05-2024 20:37:26.079Z;functions.data_filter;  INSERE - DATA DE QUARTA-FEIRA: 15-05-2024
08-05-2024 20:37:29.564Z;functions.data_filter;  INSERE - DATA DA PROX TERCA-FEIRA: 21-05-2024
08-05-2024 20:37:30.173Z;functions.data_filter;  CLICK - BUTÃO DE EXECUTAR O FILTRO
08-05-2024 20:37:43.242Z;functions.desmark_filter;  CLICK CHECKBOX LANÇAMENTOS A RECEBER
08-05-2024 20:37:44.032Z;functions.desmark_filter;  CLICK CHECKBOX LANÇAMENTOS BAIXADOS
08-05-2024 20:37:44.861Z;functions.desmark_filter;  CLICK CHECKBOX LANÇAMENTOS CANCELADOS
08-05-2024 20:37:45.721Z;functions.desmark_filter;  CLICK CHECKBOX LANÇAMENTOS FATURADOS
08-05-2024 20:37:46.614Z;functions.desmark_filter;  ATUALIZA O FILTRO
08-05-2024 20:37:46.614Z;functions.filter_clean;  FUNÇÃO LIMPA FILTRO
08-05-2024 20:37:46.742Z;functions.waitForImage;  FILTER CLEAN image found.
08-05-2024 20:37:48.848Z;functions.filter_clean;  CLICK NO BOTÃO X DO LIMPA FILTRO
08-05-2024 20:38:03.932Z;functions.waitForImage;  FILTER CLEAN image not found.
08-05-2024 20:38:18.957Z;functions.waitForImage;  FILTER CLEAN image not found.
08-05-2024 20:38:19.907Z;functions.tabela_vazia;  Texto extraido 0/0
08-05-2024 20:38:19.907Z;functions.tabela_vazia;  Count 0
08-05-2024 20:38:19.907Z;functions.tabela_vazia;  Type <class 'int'>
08-05-2024 20:38:21.921Z;functions.tabela_vazia;  SEM REMESSA DE FÉRIAS/RESCISÃO
08-05-2024 20:38:23.922Z;main.<module>;  SEM REMESSA DE PENSÃO
08-05-2024 20:38:25.782Z;errorhandler.__handle;  Property: Unknown Property name. [1:203: -ms-interpolation-mode]
08-05-2024 20:38:25.782Z;errorhandler.__handle;  Property: Unknown Property name. [1:353: -webkit-font-smoothing]
08-05-2024 20:38:25.798Z;errorhandler.__handle;  Property: Unknown Property name. [1:483: -ms-text-size-adjust]
08-05-2024 20:38:25.798Z;errorhandler.__handle;  Property: Unknown Property name. [1:518: -webkit-text-size-adjust]
08-05-2024 20:38:25.798Z;errorhandler.__handle;  Property: Unknown Property name. [1:612: mso-table-lspace]
08-05-2024 20:38:25.798Z;errorhandler.__handle;  Property: Unknown Property name. [1:642: mso-table-rspace]
08-05-2024 20:38:25.845Z;errorhandler.__handle;  Property: Unknown Property name. [1:4734: mso-hide]
08-05-2024 20:38:25.860Z;errorhandler.__handle;  Property: Unknown Property name. [1:13: -ms-interpolation-mode]
08-05-2024 20:38:25.860Z;errorhandler.__handle;  Property: Unknown Property name. [1:49: -webkit-font-smoothing]
08-05-2024 20:38:25.860Z;errorhandler.__handle;  Property: Unknown Property name. [1:134: -ms-text-size-adjust]
08-05-2024 20:38:25.876Z;errorhandler.__handle;  Property: Unknown Property name. [1:160: -webkit-text-size-adjust]
08-05-2024 20:38:25.876Z;errorhandler.__handle;  Property: Unknown Property name. [1:26: mso-table-lspace]
08-05-2024 20:38:25.876Z;errorhandler.__handle;  Property: Unknown Property name. [1:45: mso-table-rspace]
08-05-2024 20:38:25.876Z;errorhandler.__handle;  Property: Unknown Property name. [1:92: mso-hide]
08-05-2024 20:38:25.876Z;errorhandler.__handle;  Property: No ":" after name found: align-center [1:1: align-center]
08-05-2024 20:38:25.876Z;errorhandler.__handle;  Property: No property value found: align-center [1:1: align-center]
08-05-2024 20:38:25.876Z;errorhandler.__handle;  CSSStyleDeclaration: Syntax Error in Property: align-center
08-05-2024 20:38:25.892Z;errorhandler.__handle;  Property: Unknown Property name. [1:14: -ms-interpolation-mode]
08-05-2024 20:38:27.642Z;functions.emailFinalizado;  Warning e-mail sent.
08-05-2024 20:38:27.728Z;functions.encerra_prog;  RM ENCERRADO
