23-05-2024 18:31:37.538Z;functions.bot_text_art;      ____     
23-05-2024 18:31:37.539Z;functions.bot_text_art;     [____]    
23-05-2024 18:31:37.540Z;functions.bot_text_art;   |=]()()[=|  
23-05-2024 18:31:37.541Z;functions.bot_text_art;     _\==/__    _____    ____     _        _____    ___   _  __ 
23-05-2024 18:31:37.542Z;functions.bot_text_art;   |__|   |_|  |  _  \  / ___|   | |      |_   _| / ___| | |/ / 
23-05-2024 18:31:37.542Z;functions.bot_text_art;   |_|_/\_|_|  | |  | | | |      | |        | |   | |    | ' /  
23-05-2024 18:31:37.543Z;functions.bot_text_art;   | | __ | |  | |  | | | |      | |        | |   | |    |  <   
23-05-2024 18:31:37.544Z;functions.bot_text_art;   |_|[  ]|_|  | |__| | | |____  | |____   _| |_  | |__  | . \  
23-05-2024 18:31:37.547Z;functions.bot_text_art;   \_|_||_|_/  |_____/   \_____| |______| |_____| \ ___| |_|\_\ 
23-05-2024 18:31:37.548Z;functions.bot_text_art;     |_||_|    
23-05-2024 18:31:37.548Z;functions.bot_text_art;     | ||_|_   
23-05-2024 18:31:37.548Z;functions.bot_text_art;   |___||___|  
23-05-2024 18:31:37.548Z;functions.bot_text_art;               
23-05-2024 18:31:37.565Z;functions.open_RM;  OPEN PROGRAM RM
23-05-2024 18:31:48.625Z;functions.loggin_RM;  ACHOU O PANE PICTURE
23-05-2024 18:31:49.813Z;functions.loggin_RM;  ENCONTRA USE FIELD
23-05-2024 18:31:50.657Z;functions.loggin_RM;  DUPLO CLICK
23-05-2024 18:31:57.445Z;functions.show_exception_and_exit;  Failed to set focus.
Traceback (most recent call last):
  File "C:\Projetos_Remessas\Remessa_Pensao\main.py", line 13, in <module>
    loggin_RM()
  File "C:\Projetos_Remessas\Remessa_Pensao\SUBPROGRAMS\functions.py", line 90, in loggin_RM
    user_rm.send_hotkey(f'{user}')
  File "C:\Projetos_Remessas\Remessa_Pensao\venv\Lib\site-packages\clicknium\core\service\invokerservice.py", line 157, in wrapper
    raise exception;
    ^^^^^^^^^^^^^^^
clicknium.common.models.exceptions.WindowError: Failed to set focus.
