07-04-2024 20:30:18.401Z;functions.bot_text_art;      ____     
07-04-2024 20:30:18.401Z;functions.bot_text_art;     [____]    
07-04-2024 20:30:18.401Z;functions.bot_text_art;   |=]()()[=|  
07-04-2024 20:30:18.401Z;functions.bot_text_art;     _\==/__    _____    ____     _        _____    ___   _  __ 
07-04-2024 20:30:18.401Z;functions.bot_text_art;   |__|   |_|  |  _  \  / ___|   | |      |_   _| / ___| | |/ / 
07-04-2024 20:30:18.401Z;functions.bot_text_art;   |_|_/\_|_|  | |  | | | |      | |        | |   | |    | ' /  
07-04-2024 20:30:18.401Z;functions.bot_text_art;   | | __ | |  | |  | | | |      | |        | |   | |    |  <   
07-04-2024 20:30:18.401Z;functions.bot_text_art;   |_|[  ]|_|  | |__| | | |____  | |____   _| |_  | |__  | . \  
07-04-2024 20:30:18.402Z;functions.bot_text_art;   \_|_||_|_/  |_____/   \_____| |______| |_____| \ ___| |_|\_\ 
07-04-2024 20:30:18.402Z;functions.bot_text_art;     |_||_|    
07-04-2024 20:30:18.402Z;functions.bot_text_art;     | ||_|_   
07-04-2024 20:30:18.403Z;functions.bot_text_art;   |___||___|  
07-04-2024 20:30:18.403Z;functions.bot_text_art;               
07-04-2024 20:30:18.406Z;functions.open_RM;  OPEN PROGRAM RM
07-04-2024 20:30:23.610Z;functions.loggin_RM;  ACHOU O PANE PICTURE
07-04-2024 20:30:24.265Z;functions.loggin_RM;  ENCONTRA USE FIELD
07-04-2024 20:30:24.345Z;functions.loggin_RM;  DUPLO CLICK
07-04-2024 20:30:27.336Z;functions.loggin_RM;  ENTRAR USER_NAME
07-04-2024 20:30:28.002Z;functions.loggin_RM;  ENCONTRA PASS FIELD
07-04-2024 20:30:28.093Z;functions.loggin_RM;  CLICK
07-04-2024 20:30:30.202Z;functions.loggin_RM;  ENTRAR PASSWORD
07-04-2024 20:30:30.898Z;functions.loggin_RM;  ENTRAR RM
07-04-2024 20:30:48.904Z;functions.enter_coligada;  CLICK CONTEXTO
07-04-2024 20:30:52.780Z;functions.enter_coligada;  CLICK ALTERAR MODULO DO CONTEXTO
07-04-2024 20:30:55.125Z;functions.enter_coligada;  INSERE O COLIGADA CODE = 1
07-04-2024 20:30:55.226Z;functions.enter_coligada;  APERTA TAB PARA PREENCHER O CAMPO COM A STRING: OCEANICA ENGENHARIA E CONSULTORIA S.A.
07-04-2024 20:30:56.062Z;functions.enter_coligada;  CLICK AVANÇAR NOVAMENTE
07-04-2024 20:30:56.874Z;functions.enter_coligada;  CLICK CONCLUIR
07-04-2024 20:31:06.503Z;functions.enter_coligada;  POP UP COLIGADA DESAPARECER
07-04-2024 20:31:07.125Z;functions.check_movimentacao_bancaria;  CLICK - TOTVS - LINHA RM
07-04-2024 20:31:08.218Z;functions.check_movimentacao_bancaria;  CLICK - BACK OFFICE
07-04-2024 20:31:08.936Z;functions.check_movimentacao_bancaria;  CLICK - GESTAO FINANCEIRA
07-04-2024 20:31:11.155Z;functions.movimentacao_bancaria;  CLICK NA ABA MOVIMENTAÇÃO BANCARIA
07-04-2024 20:31:13.316Z;functions.waitForImage;  IMAGEM BORDERO image found.
07-04-2024 20:31:15.443Z;functions.movimentacao_bancaria;  IMAGEM BORDERO CLICADA.
07-04-2024 20:31:26.091Z;functions.waitForImage;  LICENCAS EXCEDIDAS image not found.
07-04-2024 20:31:28.114Z;functions.waitForImage;  LICENCE SERVER image not found.
07-04-2024 20:31:28.672Z;functions.movimentacao_bancaria;  ENCONTROU O FILTRO DA MOVIMENTAÇÃO BANCÁRIA
07-04-2024 20:31:28.685Z;functions.movimentacao_bancaria;  CLICA NA ABA SUPERIOR DO FILTRO
07-04-2024 20:31:32.902Z;functions.movimentacao_bancaria;  SELECIONA O FILTRO HOJE
07-04-2024 20:31:32.902Z;functions.filter_clean;  FUNÇÃO LIMPA FILTRO
07-04-2024 20:31:35.017Z;functions.waitForImage;  FILTER CLEAN image found.
07-04-2024 20:31:37.131Z;functions.filter_clean;  CLICK NO BOTÃO X DO LIMPA FILTRO
07-04-2024 20:31:52.288Z;functions.waitForImage;  FILTER CLEAN image not found.
07-04-2024 20:32:07.413Z;functions.waitForImage;  FILTER CLEAN image not found.
07-04-2024 20:32:08.219Z;functions.movimentacao_bancaria;  CLICK NA PRIMEIRA LINHA DA TABELA MOVIMENTAÇÃO BANCÁRIA
07-04-2024 20:32:09.428Z;functions.movimentacao_bancaria;  12 PASSOS PARA DIREITA NA TABELA >>
07-04-2024 20:32:10.687Z;functions.movimentacao_bancaria;  HOVER FILTER
07-04-2024 20:32:10.961Z;functions.movimentacao_bancaria;  CLICK FILTER
07-04-2024 20:32:15.270Z;functions.movimentacao_bancaria;  CLICK NO FILTRO  STATUS DA REMESSA
07-04-2024 20:32:17.372Z;functions.movimentacao_bancaria;  APERTA TAB PARA ESCREVER O FILTRO
07-04-2024 20:32:19.476Z;functions.movimentacao_bancaria;  ESCREVE PENDENTE NO FILTRO
07-04-2024 20:32:21.579Z;functions.movimentacao_bancaria;  APERTA ENTER PARA SELECIONAR OS PENDENTES
07-04-2024 20:32:41.520Z;functions.movimentacao_bancaria;  SEM REGISTROS DE PROCESSO DE BORDERO PENDENTE
07-04-2024 20:32:41.520Z;functions.filter_clean;  FUNÇÃO LIMPA FILTRO
07-04-2024 20:32:41.634Z;functions.waitForImage;  FILTER CLEAN image found.
07-04-2024 20:32:43.755Z;functions.filter_clean;  CLICK NO BOTÃO X DO LIMPA FILTRO
07-04-2024 20:32:58.984Z;functions.waitForImage;  FILTER CLEAN image not found.
07-04-2024 20:33:14.137Z;functions.waitForImage;  FILTER CLEAN image not found.
07-04-2024 20:33:14.937Z;functions.remessa_pagamento;  CLICK NA PRIMEIRA LINHA DA TABELA MOVIMENTAÇÃO BANCÁRIA
07-04-2024 20:33:16.200Z;functions.remessa_pagamento;  HOVER FILTER
07-04-2024 20:33:16.471Z;functions.remessa_pagamento;  CLICK FILTER
07-04-2024 20:33:20.782Z;functions.remessa_pagamento;  CLICK NO FILTRO  STATUS DA REMESSA
07-04-2024 20:33:22.883Z;functions.remessa_pagamento;  APERTA TAB PARA ESCREVER O FILTRO
07-04-2024 20:33:24.989Z;functions.remessa_pagamento;  ESCREVE AUTORIZADO NO FILTRO
07-04-2024 20:33:27.090Z;functions.remessa_pagamento;  APERTA ENTER PARA SELECIONAR OS AUTORIZADOS
07-04-2024 20:33:48.030Z;functions.remessa_pagamento;  SEM REMESSA DE BORDERO AUTORIZADO
07-04-2024 20:33:48.624Z;functions.enter_contas_a_pagar;  CLICK - TOTVS - LINHA RM
07-04-2024 20:33:49.593Z;functions.enter_contas_a_pagar;  CLICK - BACK OFFICE
07-04-2024 20:33:50.280Z;functions.enter_contas_a_pagar;  CLICK - GESTAO FINANCEIRA
07-04-2024 20:33:54.999Z;functions.enter_contas_a_pagar;  CLICK - CONTAS A PAGAR
07-04-2024 20:33:55.141Z;functions.waitForImage;  LANÇAMENTOS image found.
07-04-2024 20:33:57.255Z;functions.enter_contas_a_pagar;  CLICA EM LANÇAMENTOS
07-04-2024 20:34:12.913Z;functions.waitForImage;  LICENCAS EXCEDIDAS image not found.
07-04-2024 20:34:12.913Z;functions.obter_intervalo_data;  VERIFICANDO A HORA ATUAL 20
07-04-2024 20:34:12.915Z;functions.obter_intervalo_data;  Data Inicial PENSAO antes da remoção: None
07-04-2024 20:34:12.915Z;functions.obter_intervalo_data;  Data Final PENSAO antes da remoção: None
07-04-2024 20:34:12.916Z;functions.obter_intervalo_data;  Data Inicial PENSAO após a remoção: None
07-04-2024 20:34:12.916Z;functions.obter_intervalo_data;  Data Final PENSAO após a remoção: None
07-04-2024 20:34:12.916Z;functions.obter_intervalo_data;  hoje -  2024-04-07 20:34:12.916330
07-04-2024 20:34:12.917Z;functions.data_filter;  DATA INICIO 10-04-2024
07-04-2024 20:34:12.917Z;functions.data_filter;  DATA FIM 16-04-2024
07-04-2024 20:34:12.917Z;functions.data_filter;  CLICK - SELECIONA A DATA DE QUARTA FEIRA E DA PROXIMA TERÇA
07-04-2024 20:34:12.917Z;functions.data_filter;  QUARTA-FEIRA: 10-04-2024
07-04-2024 20:34:12.917Z;functions.data_filter;  TERCA-FEIRA: 16-04-2024
07-04-2024 20:34:23.999Z;functions.data_filter;  CLICK - BUTÃO DE SELECAO DE FILTRO
07-04-2024 20:34:27.737Z;functions.data_filter;  INSERE - DATA DE QUARTA-FEIRA: 10-04-2024
07-04-2024 20:34:31.210Z;functions.data_filter;  INSERE - DATA DA PROX TERCA-FEIRA: 16-04-2024
07-04-2024 20:34:31.843Z;functions.data_filter;  CLICK - BUTÃO DE EXECUTAR O FILTRO
07-04-2024 20:34:37.656Z;functions.desmark_filter;  CLICK CHECKBOX LANÇAMENTOS A RECEBER
07-04-2024 20:34:38.483Z;functions.desmark_filter;  CLICK CHECKBOX LANÇAMENTOS BAIXADOS
07-04-2024 20:34:39.329Z;functions.desmark_filter;  CLICK CHECKBOX LANÇAMENTOS CANCELADOS
07-04-2024 20:34:40.203Z;functions.desmark_filter;  CLICK CHECKBOX LANÇAMENTOS FATURADOS
07-04-2024 20:34:41.106Z;functions.desmark_filter;  ATUALIZA O FILTRO
07-04-2024 20:34:41.107Z;functions.filter_clean;  FUNÇÃO LIMPA FILTRO
07-04-2024 20:34:41.240Z;functions.waitForImage;  FILTER CLEAN image found.
07-04-2024 20:34:43.349Z;functions.filter_clean;  CLICK NO BOTÃO X DO LIMPA FILTRO
07-04-2024 20:34:58.481Z;functions.waitForImage;  FILTER CLEAN image not found.
07-04-2024 20:35:13.603Z;functions.waitForImage;  FILTER CLEAN image not found.
07-04-2024 20:35:14.548Z;functions.tabela_vazia;  Texto extraido 0/0
07-04-2024 20:35:14.549Z;functions.tabela_vazia;  Count 0
07-04-2024 20:35:14.549Z;functions.tabela_vazia;  Type <class 'int'>
07-04-2024 20:35:16.549Z;functions.tabela_vazia;  SEM REMESSA DE FÉRIAS/RESCISÃO
07-04-2024 20:35:18.550Z;main.<module>;  SEM REMESSA DE PENSÃO
07-04-2024 20:35:20.035Z;errorhandler.__handle;  Property: Unknown Property name. [1:203: -ms-interpolation-mode]
07-04-2024 20:35:20.044Z;errorhandler.__handle;  Property: Unknown Property name. [1:353: -webkit-font-smoothing]
07-04-2024 20:35:20.047Z;errorhandler.__handle;  Property: Unknown Property name. [1:483: -ms-text-size-adjust]
07-04-2024 20:35:20.047Z;errorhandler.__handle;  Property: Unknown Property name. [1:518: -webkit-text-size-adjust]
07-04-2024 20:35:20.047Z;errorhandler.__handle;  Property: Unknown Property name. [1:612: mso-table-lspace]
07-04-2024 20:35:20.048Z;errorhandler.__handle;  Property: Unknown Property name. [1:642: mso-table-rspace]
07-04-2024 20:35:20.094Z;errorhandler.__handle;  Property: Unknown Property name. [1:4734: mso-hide]
07-04-2024 20:35:20.119Z;errorhandler.__handle;  Property: Unknown Property name. [1:13: -ms-interpolation-mode]
07-04-2024 20:35:20.120Z;errorhandler.__handle;  Property: Unknown Property name. [1:49: -webkit-font-smoothing]
07-04-2024 20:35:20.121Z;errorhandler.__handle;  Property: Unknown Property name. [1:134: -ms-text-size-adjust]
07-04-2024 20:35:20.121Z;errorhandler.__handle;  Property: Unknown Property name. [1:160: -webkit-text-size-adjust]
07-04-2024 20:35:20.122Z;errorhandler.__handle;  Property: Unknown Property name. [1:26: mso-table-lspace]
07-04-2024 20:35:20.122Z;errorhandler.__handle;  Property: Unknown Property name. [1:45: mso-table-rspace]
07-04-2024 20:35:20.132Z;errorhandler.__handle;  Property: Unknown Property name. [1:92: mso-hide]
07-04-2024 20:35:20.135Z;errorhandler.__handle;  Property: No ":" after name found: align-center [1:1: align-center]
07-04-2024 20:35:20.135Z;errorhandler.__handle;  Property: No property value found: align-center [1:1: align-center]
07-04-2024 20:35:20.135Z;errorhandler.__handle;  CSSStyleDeclaration: Syntax Error in Property: align-center
07-04-2024 20:35:20.136Z;errorhandler.__handle;  Property: Unknown Property name. [1:14: -ms-interpolation-mode]
07-04-2024 20:35:22.748Z;functions.emailFinalizado;  Warning e-mail sent.
07-04-2024 20:35:22.839Z;functions.encerra_prog;  RM ENCERRADO
