22-06-2024 05:37:01.811Z;functions.bot_text_art;      ____     
22-06-2024 05:37:01.811Z;functions.bot_text_art;     [____]    
22-06-2024 05:37:01.811Z;functions.bot_text_art;   |=]()()[=|  
22-06-2024 05:37:01.811Z;functions.bot_text_art;     _\==/__    _____    ____     _        _____    ___   _  __ 
22-06-2024 05:37:01.811Z;functions.bot_text_art;   |__|   |_|  |  _  \  / ___|   | |      |_   _| / ___| | |/ / 
22-06-2024 05:37:01.811Z;functions.bot_text_art;   |_|_/\_|_|  | |  | | | |      | |        | |   | |    | ' /  
22-06-2024 05:37:01.811Z;functions.bot_text_art;   | | __ | |  | |  | | | |      | |        | |   | |    |  <   
22-06-2024 05:37:01.811Z;functions.bot_text_art;   |_|[  ]|_|  | |__| | | |____  | |____   _| |_  | |__  | . \  
22-06-2024 05:37:01.811Z;functions.bot_text_art;   \_|_||_|_/  |_____/   \_____| |______| |_____| \ ___| |_|\_\ 
22-06-2024 05:37:01.811Z;functions.bot_text_art;     |_||_|    
22-06-2024 05:37:01.811Z;functions.bot_text_art;     | ||_|_   
22-06-2024 05:37:01.811Z;functions.bot_text_art;   |___||___|  
22-06-2024 05:37:01.811Z;functions.bot_text_art;               
22-06-2024 05:37:01.827Z;functions.open_RM;  OPEN PROGRAM RM
22-06-2024 05:37:11.717Z;functions.loggin_RM;  ACHOU O PANE PICTURE
22-06-2024 05:37:12.936Z;functions.loggin_RM;  ENCONTRA USE FIELD
22-06-2024 05:37:13.249Z;functions.loggin_RM;  DUPLO CLICK
22-06-2024 05:37:16.827Z;functions.loggin_RM;  ENTRAR USER_NAME
22-06-2024 05:37:18.124Z;functions.loggin_RM;  ENCONTRA PASS FIELD
22-06-2024 05:37:18.436Z;functions.loggin_RM;  CLICK
22-06-2024 05:37:20.564Z;functions.loggin_RM;  ENTRAR PASSWORD
22-06-2024 05:37:22.088Z;functions.loggin_RM;  ENTRAR RM
22-06-2024 05:38:23.530Z;functions.loggin_RM;  FILTRO NÃO ENCONTRADO DE INICIO
22-06-2024 05:39:24.533Z;functions.loggin_RM;  FILTRO NÃO ENCONTRADO DE INICIO
22-06-2024 05:40:27.521Z;functions.loggin_RM;  FILTRO NÃO ENCONTRADO DE INICIO
22-06-2024 05:40:27.521Z;functions.enter_coligada;  AGUARDANDO 1
22-06-2024 05:40:28.874Z;functions.enter_coligada;  CLICK CONTEXTO
22-06-2024 05:40:31.311Z;functions.enter_coligada;  CLICK ALTERAR MODULO DO CONTEXTO
22-06-2024 05:40:35.421Z;functions.enter_coligada;  INSERE O COLIGADA CODE = 1
22-06-2024 05:40:35.526Z;functions.enter_coligada;  APERTA TAB PARA PREENCHER O CAMPO COM A STRING: OCEANICA ENGENHARIA E CONSULTORIA S.A.
22-06-2024 05:40:36.999Z;functions.enter_coligada;  CLICK AVANÇAR NOVAMENTE
22-06-2024 05:40:38.530Z;functions.enter_coligada;  CLICK CONCLUIR
22-06-2024 05:40:58.905Z;functions.waitForImage;  TROCA COLIGADA image not found.
22-06-2024 05:41:21.688Z;functions.enter_coligada;  POP UP COLIGADA DESAPARECER
22-06-2024 05:41:22.655Z;functions.check_movimentacao_bancaria;  CLICK - TOTVS - LINHA RM
22-06-2024 05:41:24.373Z;functions.check_movimentacao_bancaria;  CLICK - BACK OFFICE
22-06-2024 05:41:27.092Z;functions.check_movimentacao_bancaria;  CLICK - GESTAO FINANCEIRA
22-06-2024 05:41:27.092Z;functions.obter_intervalo_data;  VERIFICANDO A HORA ATUAL 5
22-06-2024 05:41:27.103Z;functions.obter_intervalo_data;  Data Inicial PENSAO antes da remoção: None
22-06-2024 05:41:27.104Z;functions.obter_intervalo_data;  Data Final PENSAO antes da remoção: None
22-06-2024 05:41:27.111Z;functions.obter_intervalo_data;  Data Inicial PENSAO após a remoção: None
22-06-2024 05:41:27.111Z;functions.obter_intervalo_data;  Data Final PENSAO após a remoção: None
22-06-2024 05:41:27.111Z;functions.obter_intervalo_data;  hoje -  2024-06-22 05:41:27.111207
22-06-2024 05:41:27.112Z;functions.check_movimentacao_bancaria;  DATA INICIO 26-06-2024
22-06-2024 05:41:27.112Z;functions.check_movimentacao_bancaria;  DATA FIM 02-07-2024
22-06-2024 05:41:27.112Z;functions.movimentacao_bancaria;  AGUARDANDO 1
22-06-2024 05:41:32.970Z;functions.movimentacao_bancaria;  CLICK NA ABA MOVIMENTAÇÃO BANCARIA
22-06-2024 05:41:35.202Z;functions.waitForImage;  IMAGEM BORDERO image found.
22-06-2024 05:41:37.320Z;functions.movimentacao_bancaria;  IMAGEM BORDERO CLICADA.
22-06-2024 05:41:47.561Z;functions.waitForImage;  LICENCAS EXCEDIDAS image not found.
22-06-2024 05:41:49.951Z;functions.waitForImage;  LICENCE SERVER image not found.
22-06-2024 05:41:50.639Z;functions.movimentacao_bancaria;  ENCONTROU O FILTRO DA MOVIMENTAÇÃO BANCÁRIA
22-06-2024 05:41:50.717Z;functions.movimentacao_bancaria;  CLICA NA ABA SUPERIOR DO FILTRO
22-06-2024 05:41:54.929Z;functions.movimentacao_bancaria;  SELECIONA O FILTRO HOJE
22-06-2024 05:41:54.929Z;functions.filter_clean;  FUNÇÃO LIMPA FILTRO
22-06-2024 05:41:59.405Z;functions.waitForImage;  FILTER CLEAN image found.
22-06-2024 05:42:01.537Z;functions.filter_clean;  CLICK NO BOTÃO X DO LIMPA FILTRO
22-06-2024 05:42:01.749Z;functions.waitForImage;  FILTER CLEAN image found.
22-06-2024 05:42:03.881Z;functions.filter_clean;  CLICK NO BOTÃO X DO LIMPA FILTRO
22-06-2024 05:42:19.186Z;functions.waitForImage;  FILTER CLEAN image not found.
22-06-2024 05:42:20.811Z;functions.movimentacao_bancaria;  CLICK NA PRIMEIRA LINHA DA TABELA MOVIMENTAÇÃO BANCÁRIA
22-06-2024 05:42:22.036Z;functions.movimentacao_bancaria;  12 PASSOS PARA DIREITA NA TABELA >>
22-06-2024 05:42:24.233Z;functions.movimentacao_bancaria;  HOVER FILTER
22-06-2024 05:42:24.820Z;functions.movimentacao_bancaria;  CLICK FILTER
22-06-2024 05:42:29.147Z;functions.movimentacao_bancaria;  CLICK NO FILTRO  STATUS DA REMESSA
22-06-2024 05:42:31.250Z;functions.movimentacao_bancaria;  APERTA TAB PARA ESCREVER O FILTRO
22-06-2024 05:42:33.365Z;functions.movimentacao_bancaria;  ESCREVE PENDENTE NO FILTRO
22-06-2024 05:42:35.467Z;functions.movimentacao_bancaria;  APERTA ENTER PARA SELECIONAR OS PENDENTES
22-06-2024 05:42:55.093Z;functions.movimentacao_bancaria;  SEM REGISTROS DE PROCESSO DE BORDERO PENDENTE
22-06-2024 05:42:55.093Z;functions.filter_clean;  FUNÇÃO LIMPA FILTRO
22-06-2024 05:42:55.311Z;functions.waitForImage;  FILTER CLEAN image found.
22-06-2024 05:42:57.444Z;functions.filter_clean;  CLICK NO BOTÃO X DO LIMPA FILTRO
22-06-2024 05:43:12.750Z;functions.waitForImage;  FILTER CLEAN image not found.
22-06-2024 05:43:27.993Z;functions.waitForImage;  FILTER CLEAN image not found.
22-06-2024 05:43:29.905Z;functions.remessa_pagamento;  CLICK NA PRIMEIRA LINHA DA TABELA MOVIMENTAÇÃO BANCÁRIA
22-06-2024 05:43:31.827Z;functions.remessa_pagamento;  HOVER FILTER
22-06-2024 05:43:32.404Z;functions.remessa_pagamento;  CLICK FILTER
22-06-2024 05:43:36.738Z;functions.remessa_pagamento;  CLICK NO FILTRO  STATUS DA REMESSA
22-06-2024 05:43:38.841Z;functions.remessa_pagamento;  APERTA TAB PARA ESCREVER O FILTRO
22-06-2024 05:43:40.959Z;functions.remessa_pagamento;  ESCREVE AUTORIZADO NO FILTRO
22-06-2024 05:43:43.063Z;functions.remessa_pagamento;  APERTA ENTER PARA SELECIONAR OS AUTORIZADOS
22-06-2024 05:44:03.686Z;functions.remessa_pagamento;  SEM REMESSA DE BORDERO AUTORIZADO
22-06-2024 05:44:04.624Z;functions.enter_contas_a_pagar;  CLICK - TOTVS - LINHA RM
22-06-2024 05:44:05.998Z;functions.enter_contas_a_pagar;  CLICK - BACK OFFICE
22-06-2024 05:44:06.936Z;functions.enter_contas_a_pagar;  CLICK - GESTAO FINANCEIRA
22-06-2024 05:44:12.908Z;functions.enter_contas_a_pagar;  CLICK - CONTAS A PAGAR
22-06-2024 05:44:13.795Z;functions.waitForImage;  LANÇAMENTOS image found.
22-06-2024 05:44:15.914Z;functions.enter_contas_a_pagar;  CLICA EM LANÇAMENTOS
22-06-2024 05:44:31.124Z;functions.waitForImage;  LICENCAS EXCEDIDAS image not found.
22-06-2024 05:44:31.124Z;functions.data_filter;  CLICK - SELECIONA A DATA DE QUARTA FEIRA E DA PROXIMA TERÇA
22-06-2024 05:44:31.124Z;functions.data_filter;  QUARTA-FEIRA: 26-06-2024
22-06-2024 05:44:31.124Z;functions.data_filter;  TERCA-FEIRA: 02-07-2024
22-06-2024 05:44:43.592Z;functions.data_filter;  CLICK - BUTÃO DE SELECAO DE FILTRO
22-06-2024 05:44:48.295Z;functions.data_filter;  INSERE - DATA DE QUARTA-FEIRA: 26-06-2024
22-06-2024 05:44:52.639Z;functions.data_filter;  INSERE - DATA DA PROX TERCA-FEIRA: 02-07-2024
22-06-2024 05:44:53.780Z;functions.data_filter;  CLICK - BUTÃO DE EXECUTAR O FILTRO
22-06-2024 05:44:58.782Z;functions.desmark_filter;  AGUARDANDO 1
22-06-2024 05:45:01.217Z;functions.desmark_filter;  CLICK CHECKBOX LANÇAMENTOS A RECEBER
22-06-2024 05:45:03.866Z;functions.desmark_filter;  CLICK CHECKBOX LANÇAMENTOS BAIXADOS
22-06-2024 05:45:06.811Z;functions.desmark_filter;  CLICK CHECKBOX LANÇAMENTOS CANCELADOS
22-06-2024 05:45:09.842Z;functions.desmark_filter;  CLICK CHECKBOX LANÇAMENTOS FATURADOS
22-06-2024 05:45:12.948Z;functions.desmark_filter;  ATUALIZA O FILTRO
22-06-2024 05:45:12.948Z;functions.filter_clean;  FUNÇÃO LIMPA FILTRO
22-06-2024 05:45:13.155Z;functions.waitForImage;  FILTER CLEAN image found.
22-06-2024 05:45:15.265Z;functions.filter_clean;  CLICK NO BOTÃO X DO LIMPA FILTRO
22-06-2024 05:45:30.546Z;functions.waitForImage;  FILTER CLEAN image not found.
22-06-2024 05:45:45.858Z;functions.waitForImage;  FILTER CLEAN image not found.
22-06-2024 05:45:49.420Z;functions.tabela_vazia;  Texto extraido 0/0
22-06-2024 05:45:49.420Z;functions.tabela_vazia;  Count 0
22-06-2024 05:45:49.420Z;functions.tabela_vazia;  Type <class 'int'>
22-06-2024 05:45:51.431Z;functions.tabela_vazia;  SEM REMESSA DE FÉRIAS/RESCISÃO
22-06-2024 05:45:53.432Z;main.<module>;  SEM REMESSA DE PENSÃO
22-06-2024 05:45:56.885Z;errorhandler.__handle;  Property: Unknown Property name. [1:203: -ms-interpolation-mode]
22-06-2024 05:45:56.916Z;errorhandler.__handle;  Property: Unknown Property name. [1:353: -webkit-font-smoothing]
22-06-2024 05:45:56.932Z;errorhandler.__handle;  Property: Unknown Property name. [1:483: -ms-text-size-adjust]
22-06-2024 05:45:56.932Z;errorhandler.__handle;  Property: Unknown Property name. [1:518: -webkit-text-size-adjust]
22-06-2024 05:45:56.932Z;errorhandler.__handle;  Property: Unknown Property name. [1:612: mso-table-lspace]
22-06-2024 05:45:56.932Z;errorhandler.__handle;  Property: Unknown Property name. [1:642: mso-table-rspace]
22-06-2024 05:45:57.166Z;errorhandler.__handle;  Property: Unknown Property name. [1:4734: mso-hide]
22-06-2024 05:45:57.276Z;errorhandler.__handle;  Property: Unknown Property name. [1:13: -ms-interpolation-mode]
22-06-2024 05:45:57.276Z;errorhandler.__handle;  Property: Unknown Property name. [1:49: -webkit-font-smoothing]
22-06-2024 05:45:57.276Z;errorhandler.__handle;  Property: Unknown Property name. [1:134: -ms-text-size-adjust]
22-06-2024 05:45:57.276Z;errorhandler.__handle;  Property: Unknown Property name. [1:160: -webkit-text-size-adjust]
22-06-2024 05:45:57.276Z;errorhandler.__handle;  Property: Unknown Property name. [1:26: mso-table-lspace]
22-06-2024 05:45:57.291Z;errorhandler.__handle;  Property: Unknown Property name. [1:45: mso-table-rspace]
22-06-2024 05:45:57.323Z;errorhandler.__handle;  Property: Unknown Property name. [1:92: mso-hide]
22-06-2024 05:45:57.338Z;errorhandler.__handle;  Property: No ":" after name found: align-center [1:1: align-center]
22-06-2024 05:45:57.338Z;errorhandler.__handle;  Property: No property value found: align-center [1:1: align-center]
22-06-2024 05:45:57.338Z;errorhandler.__handle;  CSSStyleDeclaration: Syntax Error in Property: align-center
22-06-2024 05:45:57.338Z;errorhandler.__handle;  Property: Unknown Property name. [1:14: -ms-interpolation-mode]
22-06-2024 05:46:00.115Z;functions.emailFinalizado;  Warning e-mail sent.
22-06-2024 05:46:00.396Z;functions.encerra_prog;  RM ENCERRADO
