22-06-2024 20:30:26.307Z;functions.bot_text_art;      ____     
22-06-2024 20:30:26.307Z;functions.bot_text_art;     [____]    
22-06-2024 20:30:26.307Z;functions.bot_text_art;   |=]()()[=|  
22-06-2024 20:30:26.307Z;functions.bot_text_art;     _\==/__    _____    ____     _        _____    ___   _  __ 
22-06-2024 20:30:26.307Z;functions.bot_text_art;   |__|   |_|  |  _  \  / ___|   | |      |_   _| / ___| | |/ / 
22-06-2024 20:30:26.307Z;functions.bot_text_art;   |_|_/\_|_|  | |  | | | |      | |        | |   | |    | ' /  
22-06-2024 20:30:26.307Z;functions.bot_text_art;   | | __ | |  | |  | | | |      | |        | |   | |    |  <   
22-06-2024 20:30:26.307Z;functions.bot_text_art;   |_|[  ]|_|  | |__| | | |____  | |____   _| |_  | |__  | . \  
22-06-2024 20:30:26.307Z;functions.bot_text_art;   \_|_||_|_/  |_____/   \_____| |______| |_____| \ ___| |_|\_\ 
22-06-2024 20:30:26.307Z;functions.bot_text_art;     |_||_|    
22-06-2024 20:30:26.307Z;functions.bot_text_art;     | ||_|_   
22-06-2024 20:30:26.307Z;functions.bot_text_art;   |___||___|  
22-06-2024 20:30:26.307Z;functions.bot_text_art;               
22-06-2024 20:30:26.322Z;functions.open_RM;  OPEN PROGRAM RM
22-06-2024 20:30:42.838Z;functions.loggin_RM;  ACHOU O PANE PICTURE
22-06-2024 20:30:44.000Z;functions.loggin_RM;  ENCONTRA USE FIELD
22-06-2024 20:30:44.322Z;functions.loggin_RM;  DUPLO CLICK
22-06-2024 20:30:47.900Z;functions.loggin_RM;  ENTRAR USER_NAME
22-06-2024 20:30:49.213Z;functions.loggin_RM;  ENCONTRA PASS FIELD
22-06-2024 20:30:49.447Z;functions.loggin_RM;  CLICK
22-06-2024 20:30:51.572Z;functions.loggin_RM;  ENTRAR PASSWORD
22-06-2024 20:30:52.996Z;functions.loggin_RM;  ENTRAR RM
22-06-2024 20:31:55.484Z;functions.loggin_RM;  FILTRO NÃO ENCONTRADO DE INICIO
22-06-2024 20:32:57.152Z;functions.loggin_RM;  FILTRO NÃO ENCONTRADO DE INICIO
22-06-2024 20:33:58.647Z;functions.loggin_RM;  FILTRO NÃO ENCONTRADO DE INICIO
22-06-2024 20:33:58.647Z;functions.enter_coligada;  AGUARDANDO 1
22-06-2024 20:34:00.009Z;functions.enter_coligada;  CLICK CONTEXTO
22-06-2024 20:34:02.759Z;functions.enter_coligada;  CLICK ALTERAR MODULO DO CONTEXTO
22-06-2024 20:34:06.900Z;functions.enter_coligada;  INSERE O COLIGADA CODE = 1
22-06-2024 20:34:07.005Z;functions.enter_coligada;  APERTA TAB PARA PREENCHER O CAMPO COM A STRING: OCEANICA ENGENHARIA E CONSULTORIA S.A.
22-06-2024 20:34:09.166Z;functions.enter_coligada;  CLICK AVANÇAR NOVAMENTE
22-06-2024 20:34:10.509Z;functions.enter_coligada;  CLICK CONCLUIR
22-06-2024 20:34:30.790Z;functions.waitForImage;  TROCA COLIGADA image not found.
22-06-2024 20:34:52.876Z;functions.enter_coligada;  POP UP COLIGADA DESAPARECER
22-06-2024 20:34:54.134Z;functions.check_movimentacao_bancaria;  CLICK - TOTVS - LINHA RM
22-06-2024 20:34:55.947Z;functions.check_movimentacao_bancaria;  CLICK - BACK OFFICE
22-06-2024 20:34:58.665Z;functions.check_movimentacao_bancaria;  CLICK - GESTAO FINANCEIRA
22-06-2024 20:34:58.665Z;functions.obter_intervalo_data;  VERIFICANDO A HORA ATUAL 20
22-06-2024 20:34:58.690Z;functions.obter_intervalo_data;  Data Inicial PENSAO antes da remoção: None
22-06-2024 20:34:58.690Z;functions.obter_intervalo_data;  Data Final PENSAO antes da remoção: None
22-06-2024 20:34:58.697Z;functions.obter_intervalo_data;  Data Inicial PENSAO após a remoção: None
22-06-2024 20:34:58.697Z;functions.obter_intervalo_data;  Data Final PENSAO após a remoção: None
22-06-2024 20:34:58.697Z;functions.obter_intervalo_data;  hoje -  2024-06-22 20:34:58.697188
22-06-2024 20:34:58.697Z;functions.check_movimentacao_bancaria;  DATA INICIO 26-06-2024
22-06-2024 20:34:58.697Z;functions.check_movimentacao_bancaria;  DATA FIM 02-07-2024
22-06-2024 20:34:58.697Z;functions.movimentacao_bancaria;  AGUARDANDO 1
22-06-2024 20:35:04.697Z;functions.movimentacao_bancaria;  CLICK NA ABA MOVIMENTAÇÃO BANCARIA
22-06-2024 20:35:06.931Z;functions.waitForImage;  IMAGEM BORDERO image found.
22-06-2024 20:35:09.048Z;functions.movimentacao_bancaria;  IMAGEM BORDERO CLICADA.
22-06-2024 20:35:19.345Z;functions.waitForImage;  LICENCAS EXCEDIDAS image not found.
22-06-2024 20:35:21.697Z;functions.waitForImage;  LICENCE SERVER image not found.
22-06-2024 20:35:22.400Z;functions.movimentacao_bancaria;  ENCONTROU O FILTRO DA MOVIMENTAÇÃO BANCÁRIA
22-06-2024 20:35:22.478Z;functions.movimentacao_bancaria;  CLICA NA ABA SUPERIOR DO FILTRO
22-06-2024 20:35:26.689Z;functions.movimentacao_bancaria;  SELECIONA O FILTRO HOJE
22-06-2024 20:35:26.689Z;functions.filter_clean;  FUNÇÃO LIMPA FILTRO
22-06-2024 20:35:31.197Z;functions.waitForImage;  FILTER CLEAN image found.
22-06-2024 20:35:33.329Z;functions.filter_clean;  CLICK NO BOTÃO X DO LIMPA FILTRO
22-06-2024 20:35:33.540Z;functions.waitForImage;  FILTER CLEAN image found.
22-06-2024 20:35:35.675Z;functions.filter_clean;  CLICK NO BOTÃO X DO LIMPA FILTRO
22-06-2024 20:35:50.978Z;functions.waitForImage;  FILTER CLEAN image not found.
22-06-2024 20:35:52.634Z;functions.movimentacao_bancaria;  CLICK NA PRIMEIRA LINHA DA TABELA MOVIMENTAÇÃO BANCÁRIA
22-06-2024 20:35:53.859Z;functions.movimentacao_bancaria;  12 PASSOS PARA DIREITA NA TABELA >>
22-06-2024 20:35:56.087Z;functions.movimentacao_bancaria;  HOVER FILTER
22-06-2024 20:35:56.672Z;functions.movimentacao_bancaria;  CLICK FILTER
22-06-2024 20:36:00.998Z;functions.movimentacao_bancaria;  CLICK NO FILTRO  STATUS DA REMESSA
22-06-2024 20:36:03.100Z;functions.movimentacao_bancaria;  APERTA TAB PARA ESCREVER O FILTRO
22-06-2024 20:36:05.215Z;functions.movimentacao_bancaria;  ESCREVE PENDENTE NO FILTRO
22-06-2024 20:36:07.318Z;functions.movimentacao_bancaria;  APERTA ENTER PARA SELECIONAR OS PENDENTES
22-06-2024 20:36:26.932Z;functions.movimentacao_bancaria;  SEM REGISTROS DE PROCESSO DE BORDERO PENDENTE
22-06-2024 20:36:26.932Z;functions.filter_clean;  FUNÇÃO LIMPA FILTRO
22-06-2024 20:36:27.134Z;functions.waitForImage;  FILTER CLEAN image found.
22-06-2024 20:36:29.270Z;functions.filter_clean;  CLICK NO BOTÃO X DO LIMPA FILTRO
22-06-2024 20:36:44.572Z;functions.waitForImage;  FILTER CLEAN image not found.
22-06-2024 20:36:59.868Z;functions.waitForImage;  FILTER CLEAN image not found.
22-06-2024 20:37:01.790Z;functions.remessa_pagamento;  CLICK NA PRIMEIRA LINHA DA TABELA MOVIMENTAÇÃO BANCÁRIA
22-06-2024 20:37:03.916Z;functions.remessa_pagamento;  HOVER FILTER
22-06-2024 20:37:04.497Z;functions.remessa_pagamento;  CLICK FILTER
22-06-2024 20:37:08.831Z;functions.remessa_pagamento;  CLICK NO FILTRO  STATUS DA REMESSA
22-06-2024 20:37:10.934Z;functions.remessa_pagamento;  APERTA TAB PARA ESCREVER O FILTRO
22-06-2024 20:37:13.052Z;functions.remessa_pagamento;  ESCREVE AUTORIZADO NO FILTRO
22-06-2024 20:37:15.155Z;functions.remessa_pagamento;  APERTA ENTER PARA SELECIONAR OS AUTORIZADOS
22-06-2024 20:37:35.763Z;functions.remessa_pagamento;  SEM REMESSA DE BORDERO AUTORIZADO
22-06-2024 20:37:36.759Z;functions.enter_contas_a_pagar;  CLICK - TOTVS - LINHA RM
22-06-2024 20:37:38.259Z;functions.enter_contas_a_pagar;  CLICK - BACK OFFICE
22-06-2024 20:37:41.009Z;functions.enter_contas_a_pagar;  CLICK - GESTAO FINANCEIRA
22-06-2024 20:37:47.103Z;functions.enter_contas_a_pagar;  CLICK - CONTAS A PAGAR
22-06-2024 20:37:48.025Z;functions.waitForImage;  LANÇAMENTOS image found.
22-06-2024 20:37:50.143Z;functions.enter_contas_a_pagar;  CLICA EM LANÇAMENTOS
22-06-2024 20:38:05.415Z;functions.waitForImage;  LICENCAS EXCEDIDAS image not found.
22-06-2024 20:38:05.415Z;functions.data_filter;  CLICK - SELECIONA A DATA DE QUARTA FEIRA E DA PROXIMA TERÇA
22-06-2024 20:38:05.415Z;functions.data_filter;  QUARTA-FEIRA: 26-06-2024
22-06-2024 20:38:05.415Z;functions.data_filter;  TERCA-FEIRA: 02-07-2024
22-06-2024 20:38:17.822Z;functions.data_filter;  CLICK - BUTÃO DE SELECAO DE FILTRO
22-06-2024 20:38:22.681Z;functions.data_filter;  INSERE - DATA DE QUARTA-FEIRA: 26-06-2024
22-06-2024 20:38:27.087Z;functions.data_filter;  INSERE - DATA DA PROX TERCA-FEIRA: 02-07-2024
22-06-2024 20:38:28.228Z;functions.data_filter;  CLICK - BUTÃO DE EXECUTAR O FILTRO
22-06-2024 20:38:33.232Z;functions.desmark_filter;  AGUARDANDO 1
22-06-2024 20:38:35.665Z;functions.desmark_filter;  CLICK CHECKBOX LANÇAMENTOS A RECEBER
22-06-2024 20:38:38.221Z;functions.desmark_filter;  CLICK CHECKBOX LANÇAMENTOS BAIXADOS
22-06-2024 20:38:41.103Z;functions.desmark_filter;  CLICK CHECKBOX LANÇAMENTOS CANCELADOS
22-06-2024 20:38:43.850Z;functions.desmark_filter;  CLICK CHECKBOX LANÇAMENTOS FATURADOS
22-06-2024 20:38:46.779Z;functions.desmark_filter;  ATUALIZA O FILTRO
22-06-2024 20:38:46.779Z;functions.filter_clean;  FUNÇÃO LIMPA FILTRO
22-06-2024 20:38:46.978Z;functions.waitForImage;  FILTER CLEAN image found.
22-06-2024 20:38:49.087Z;functions.filter_clean;  CLICK NO BOTÃO X DO LIMPA FILTRO
22-06-2024 20:39:04.385Z;functions.waitForImage;  FILTER CLEAN image not found.
22-06-2024 20:39:19.696Z;functions.waitForImage;  FILTER CLEAN image not found.
22-06-2024 20:39:23.040Z;functions.tabela_vazia;  Texto extraido 0/0
22-06-2024 20:39:23.040Z;functions.tabela_vazia;  Count 0
22-06-2024 20:39:23.040Z;functions.tabela_vazia;  Type <class 'int'>
22-06-2024 20:39:25.047Z;functions.tabela_vazia;  SEM REMESSA DE FÉRIAS/RESCISÃO
22-06-2024 20:39:27.048Z;main.<module>;  SEM REMESSA DE PENSÃO
22-06-2024 20:39:29.494Z;errorhandler.__handle;  Property: Unknown Property name. [1:203: -ms-interpolation-mode]
22-06-2024 20:39:29.540Z;errorhandler.__handle;  Property: Unknown Property name. [1:353: -webkit-font-smoothing]
22-06-2024 20:39:29.556Z;errorhandler.__handle;  Property: Unknown Property name. [1:483: -ms-text-size-adjust]
22-06-2024 20:39:29.556Z;errorhandler.__handle;  Property: Unknown Property name. [1:518: -webkit-text-size-adjust]
22-06-2024 20:39:29.556Z;errorhandler.__handle;  Property: Unknown Property name. [1:612: mso-table-lspace]
22-06-2024 20:39:29.556Z;errorhandler.__handle;  Property: Unknown Property name. [1:642: mso-table-rspace]
22-06-2024 20:39:29.790Z;errorhandler.__handle;  Property: Unknown Property name. [1:4734: mso-hide]
22-06-2024 20:39:29.900Z;errorhandler.__handle;  Property: Unknown Property name. [1:13: -ms-interpolation-mode]
22-06-2024 20:39:29.900Z;errorhandler.__handle;  Property: Unknown Property name. [1:49: -webkit-font-smoothing]
22-06-2024 20:39:29.900Z;errorhandler.__handle;  Property: Unknown Property name. [1:134: -ms-text-size-adjust]
22-06-2024 20:39:29.900Z;errorhandler.__handle;  Property: Unknown Property name. [1:160: -webkit-text-size-adjust]
22-06-2024 20:39:29.915Z;errorhandler.__handle;  Property: Unknown Property name. [1:26: mso-table-lspace]
22-06-2024 20:39:29.915Z;errorhandler.__handle;  Property: Unknown Property name. [1:45: mso-table-rspace]
22-06-2024 20:39:29.947Z;errorhandler.__handle;  Property: Unknown Property name. [1:92: mso-hide]
22-06-2024 20:39:29.962Z;errorhandler.__handle;  Property: No ":" after name found: align-center [1:1: align-center]
22-06-2024 20:39:29.962Z;errorhandler.__handle;  Property: No property value found: align-center [1:1: align-center]
22-06-2024 20:39:29.962Z;errorhandler.__handle;  CSSStyleDeclaration: Syntax Error in Property: align-center
22-06-2024 20:39:29.962Z;errorhandler.__handle;  Property: Unknown Property name. [1:14: -ms-interpolation-mode]
22-06-2024 20:39:32.356Z;functions.emailFinalizado;  Warning e-mail sent.
22-06-2024 20:39:32.622Z;functions.encerra_prog;  RM ENCERRADO
