14-06-2024 06:50:46.228Z;functions.bot_text_art;      ____     
14-06-2024 06:50:46.228Z;functions.bot_text_art;     [____]    
14-06-2024 06:50:46.228Z;functions.bot_text_art;   |=]()()[=|  
14-06-2024 06:50:46.228Z;functions.bot_text_art;     _\==/__    _____    ____     _        _____    ___   _  __ 
14-06-2024 06:50:46.228Z;functions.bot_text_art;   |__|   |_|  |  _  \  / ___|   | |      |_   _| / ___| | |/ / 
14-06-2024 06:50:46.228Z;functions.bot_text_art;   |_|_/\_|_|  | |  | | | |      | |        | |   | |    | ' /  
14-06-2024 06:50:46.228Z;functions.bot_text_art;   | | __ | |  | |  | | | |      | |        | |   | |    |  <   
14-06-2024 06:50:46.228Z;functions.bot_text_art;   |_|[  ]|_|  | |__| | | |____  | |____   _| |_  | |__  | . \  
14-06-2024 06:50:46.244Z;functions.bot_text_art;   \_|_||_|_/  |_____/   \_____| |______| |_____| \ ___| |_|\_\ 
14-06-2024 06:50:46.244Z;functions.bot_text_art;     |_||_|    
14-06-2024 06:50:46.244Z;functions.bot_text_art;     | ||_|_   
14-06-2024 06:50:46.244Z;functions.bot_text_art;   |___||___|  
14-06-2024 06:50:46.244Z;functions.bot_text_art;               
14-06-2024 06:50:46.244Z;functions.open_RM;  OPEN PROGRAM RM
14-06-2024 06:51:02.156Z;functions.loggin_RM;  ACHOU O PANE PICTURE
14-06-2024 06:51:03.218Z;functions.loggin_RM;  ENCONTRA USE FIELD
14-06-2024 06:51:03.508Z;functions.loggin_RM;  DUPLO CLICK
14-06-2024 06:51:06.868Z;functions.loggin_RM;  ENTRAR USER_NAME
14-06-2024 06:51:08.046Z;functions.loggin_RM;  ENCONTRA PASS FIELD
14-06-2024 06:51:08.227Z;functions.loggin_RM;  CLICK
14-06-2024 06:51:10.351Z;functions.loggin_RM;  ENTRAR PASSWORD
14-06-2024 06:51:11.595Z;functions.loggin_RM;  ENTRAR RM
14-06-2024 06:52:12.993Z;functions.loggin_RM;  FILTRO NÃO ENCONTRADO DE INICIO
14-06-2024 06:53:14.761Z;functions.loggin_RM;  FILTRO NÃO ENCONTRADO DE INICIO
14-06-2024 06:54:15.999Z;functions.loggin_RM;  FILTRO NÃO ENCONTRADO DE INICIO
14-06-2024 06:54:15.999Z;functions.enter_coligada;  AGUARDANDO 1
14-06-2024 06:54:17.258Z;functions.enter_coligada;  CLICK CONTEXTO
14-06-2024 06:54:19.790Z;functions.enter_coligada;  CLICK ALTERAR MODULO DO CONTEXTO
14-06-2024 06:54:23.258Z;functions.enter_coligada;  INSERE O COLIGADA CODE = 1
14-06-2024 06:54:23.362Z;functions.enter_coligada;  APERTA TAB PARA PREENCHER O CAMPO COM A STRING: OCEANICA ENGENHARIA E CONSULTORIA S.A.
14-06-2024 06:54:25.258Z;functions.enter_coligada;  CLICK AVANÇAR NOVAMENTE
14-06-2024 06:54:26.414Z;functions.enter_coligada;  CLICK CONCLUIR
14-06-2024 06:55:28.461Z;functions.enter_coligada;  POP UP COLIGADA DESAPARECER
14-06-2024 06:55:29.352Z;functions.check_movimentacao_bancaria;  CLICK - TOTVS - LINHA RM
14-06-2024 06:55:30.945Z;functions.check_movimentacao_bancaria;  CLICK - BACK OFFICE
14-06-2024 06:55:33.540Z;functions.check_movimentacao_bancaria;  CLICK - GESTAO FINANCEIRA
14-06-2024 06:55:33.540Z;functions.obter_intervalo_data;  VERIFICANDO A HORA ATUAL 6
14-06-2024 06:55:33.551Z;functions.obter_intervalo_data;  Data Inicial PENSAO antes da remoção: None
14-06-2024 06:55:33.551Z;functions.obter_intervalo_data;  Data Final PENSAO antes da remoção: None
14-06-2024 06:55:33.557Z;functions.obter_intervalo_data;  Data Inicial PENSAO após a remoção: None
14-06-2024 06:55:33.558Z;functions.obter_intervalo_data;  Data Final PENSAO após a remoção: None
14-06-2024 06:55:33.558Z;functions.obter_intervalo_data;  hoje -  2024-06-14 06:55:33.558815
14-06-2024 06:55:33.558Z;functions.check_movimentacao_bancaria;  DATA INICIO 19-06-2024
14-06-2024 06:55:33.558Z;functions.check_movimentacao_bancaria;  DATA FIM 25-06-2024
14-06-2024 06:55:33.559Z;functions.movimentacao_bancaria;  AGUARDANDO 1
14-06-2024 06:55:39.416Z;functions.movimentacao_bancaria;  CLICK NA ABA MOVIMENTAÇÃO BANCARIA
14-06-2024 06:55:41.633Z;functions.waitForImage;  IMAGEM BORDERO image found.
14-06-2024 06:55:43.767Z;functions.movimentacao_bancaria;  IMAGEM BORDERO CLICADA.
14-06-2024 06:55:54.258Z;functions.waitForImage;  LICENCAS EXCEDIDAS image not found.
14-06-2024 06:55:56.508Z;functions.waitForImage;  LICENCE SERVER image not found.
14-06-2024 06:55:57.180Z;functions.movimentacao_bancaria;  ENCONTROU O FILTRO DA MOVIMENTAÇÃO BANCÁRIA
14-06-2024 06:55:57.227Z;functions.movimentacao_bancaria;  CLICA NA ABA SUPERIOR DO FILTRO
14-06-2024 06:56:01.437Z;functions.movimentacao_bancaria;  SELECIONA O FILTRO HOJE
14-06-2024 06:56:01.437Z;functions.filter_clean;  FUNÇÃO LIMPA FILTRO
14-06-2024 06:56:16.868Z;functions.waitForImage;  FILTER CLEAN image not found.
14-06-2024 06:56:32.211Z;functions.waitForImage;  FILTER CLEAN image not found.
14-06-2024 06:56:47.524Z;functions.waitForImage;  FILTER CLEAN image not found.
14-06-2024 06:57:07.680Z;functions.movimentacao_bancaria;  SEM REGISTROS DE PROCESSO DE BORDERO PENDENTE
14-06-2024 06:57:07.680Z;functions.filter_clean;  FUNÇÃO LIMPA FILTRO
14-06-2024 06:57:23.024Z;functions.waitForImage;  FILTER CLEAN image not found.
14-06-2024 06:57:38.461Z;functions.waitForImage;  FILTER CLEAN image not found.
14-06-2024 06:57:53.961Z;functions.waitForImage;  FILTER CLEAN image not found.
14-06-2024 06:58:30.289Z;functions.remessa_pagamento;  SEM PROCESSO DE BORDERO AUTORIZADO
14-06-2024 06:58:33.712Z;errorhandler.__handle;  Property: Unknown Property name. [1:203: -ms-interpolation-mode]
14-06-2024 06:58:33.759Z;errorhandler.__handle;  Property: Unknown Property name. [1:353: -webkit-font-smoothing]
14-06-2024 06:58:33.774Z;errorhandler.__handle;  Property: Unknown Property name. [1:483: -ms-text-size-adjust]
14-06-2024 06:58:33.774Z;errorhandler.__handle;  Property: Unknown Property name. [1:518: -webkit-text-size-adjust]
14-06-2024 06:58:33.774Z;errorhandler.__handle;  Property: Unknown Property name. [1:612: mso-table-lspace]
14-06-2024 06:58:33.774Z;errorhandler.__handle;  Property: Unknown Property name. [1:642: mso-table-rspace]
14-06-2024 06:58:33.993Z;errorhandler.__handle;  Property: Unknown Property name. [1:4734: mso-hide]
14-06-2024 06:58:34.102Z;errorhandler.__handle;  Property: Unknown Property name. [1:13: -ms-interpolation-mode]
14-06-2024 06:58:34.102Z;errorhandler.__handle;  Property: Unknown Property name. [1:49: -webkit-font-smoothing]
14-06-2024 06:58:34.102Z;errorhandler.__handle;  Property: Unknown Property name. [1:134: -ms-text-size-adjust]
14-06-2024 06:58:34.102Z;errorhandler.__handle;  Property: Unknown Property name. [1:160: -webkit-text-size-adjust]
14-06-2024 06:58:34.102Z;errorhandler.__handle;  Property: Unknown Property name. [1:26: mso-table-lspace]
14-06-2024 06:58:34.102Z;errorhandler.__handle;  Property: Unknown Property name. [1:45: mso-table-rspace]
14-06-2024 06:58:34.149Z;errorhandler.__handle;  Property: Unknown Property name. [1:92: mso-hide]
14-06-2024 06:58:34.165Z;errorhandler.__handle;  Property: No ":" after name found: align-center [1:1: align-center]
14-06-2024 06:58:34.165Z;errorhandler.__handle;  Property: No property value found: align-center [1:1: align-center]
14-06-2024 06:58:34.165Z;errorhandler.__handle;  CSSStyleDeclaration: Syntax Error in Property: align-center
14-06-2024 06:58:34.165Z;errorhandler.__handle;  Property: Unknown Property name. [1:14: -ms-interpolation-mode]
14-06-2024 06:58:36.671Z;functions.emailFinalizado;  Warning e-mail sent.
14-06-2024 06:58:37.008Z;functions.encerra_prog;  RM ENCERRADO
