16-03-2024 20:30:28.881Z;functions.bot_text_art;      ____     
16-03-2024 20:30:28.881Z;functions.bot_text_art;     [____]    
16-03-2024 20:30:28.881Z;functions.bot_text_art;   |=]()()[=|  
16-03-2024 20:30:28.881Z;functions.bot_text_art;     _\==/__    _____    ____     _        _____    ___   _  __ 
16-03-2024 20:30:28.881Z;functions.bot_text_art;   |__|   |_|  |  _  \  / ___|   | |      |_   _| / ___| | |/ / 
16-03-2024 20:30:28.881Z;functions.bot_text_art;   |_|_/\_|_|  | |  | | | |      | |        | |   | |    | ' /  
16-03-2024 20:30:28.881Z;functions.bot_text_art;   | | __ | |  | |  | | | |      | |        | |   | |    |  <   
16-03-2024 20:30:28.881Z;functions.bot_text_art;   |_|[  ]|_|  | |__| | | |____  | |____   _| |_  | |__  | . \  
16-03-2024 20:30:28.897Z;functions.bot_text_art;   \_|_||_|_/  |_____/   \_____| |______| |_____| \ ___| |_|\_\ 
16-03-2024 20:30:28.897Z;functions.bot_text_art;     |_||_|    
16-03-2024 20:30:28.897Z;functions.bot_text_art;     | ||_|_   
16-03-2024 20:30:28.897Z;functions.bot_text_art;   |___||___|  
16-03-2024 20:30:28.897Z;functions.bot_text_art;               
16-03-2024 20:30:28.897Z;functions.open_RM;  OPEN PROGRAM RM
16-03-2024 20:30:38.897Z;functions.loggin_RM;  ACHOU O PANE PICTURE
16-03-2024 20:30:39.912Z;functions.loggin_RM;  ENCONTRA USE FIELD
16-03-2024 20:30:40.177Z;functions.loggin_RM;  DUPLO CLICK
16-03-2024 20:30:43.756Z;functions.loggin_RM;  ENTRAR USER_NAME
16-03-2024 20:30:44.835Z;functions.loggin_RM;  ENCONTRA PASS FIELD
16-03-2024 20:30:45.085Z;functions.loggin_RM;  CLICK
16-03-2024 20:30:47.214Z;functions.loggin_RM;  ENTRAR PASSWORD
16-03-2024 20:30:48.475Z;functions.loggin_RM;  ENTRAR RM
16-03-2024 20:31:19.568Z;functions.enter_coligada;  CLICK CONTEXTO
16-03-2024 20:31:25.038Z;functions.enter_coligada;  CLICK COLIGADA 1
16-03-2024 20:31:27.084Z;functions.enter_coligada;  CLICK AVANÇAR
16-03-2024 20:31:29.655Z;functions.enter_coligada;  INSERE O COLIGADA CODE = 1
16-03-2024 20:31:29.767Z;functions.enter_coligada;  APERTA TAB PARA PREENCHER O CAMPO COM A STRING: OCEANICA ENGENHARIA E CONSULTORIA S.A.
16-03-2024 20:31:31.107Z;functions.enter_coligada;  CLICK AVANÇAR NOVAMENTE
16-03-2024 20:31:32.287Z;functions.enter_coligada;  CLICK CONCLUIR
16-03-2024 20:31:56.256Z;functions.enter_coligada;  POP UP COLIGADA DESAPARECER
16-03-2024 20:31:57.101Z;functions.check_movimentacao_bancaria;  CLICK - TOTVS - LINHA RM
16-03-2024 20:31:59.006Z;functions.check_movimentacao_bancaria;  CLICK - BACK OFFICE
16-03-2024 20:32:01.850Z;functions.check_movimentacao_bancaria;  CLICK - GESTAO FINANCEIRA
16-03-2024 20:32:08.177Z;functions.movimentacao_bancaria;  CLICK NA ABA MOVIMENTAÇÃO BANCARIA
16-03-2024 20:32:11.264Z;functions.waitForImage;  IMAGEM BORDERO image found.
16-03-2024 20:32:13.390Z;functions.movimentacao_bancaria;  IMAGEM BORDERO CLICADA.
16-03-2024 20:32:33.749Z;functions.waitForImage;  LICENCAS EXCEDIDAS image not found.
16-03-2024 20:32:34.428Z;functions.movimentacao_bancaria;  ENCONTROU O FILTRO DA MOVIMENTAÇÃO BANCÁRIA
16-03-2024 20:32:34.475Z;functions.movimentacao_bancaria;  CLICA NA ABA SUPERIOR DO FILTRO
16-03-2024 20:32:38.687Z;functions.movimentacao_bancaria;  SELECIONA O FILTRO HOJE
16-03-2024 20:32:38.687Z;functions.filter_clean;  FUNÇÃO LIMPA FILTRO
16-03-2024 20:32:43.249Z;functions.waitForImage;  FILTER CLEAN image found.
16-03-2024 20:32:45.359Z;functions.filter_clean;  CLICK NO BOTÃO X DO LIMPA FILTRO
16-03-2024 20:32:45.682Z;functions.waitForImage;  FILTER CLEAN image found.
16-03-2024 20:32:47.809Z;functions.filter_clean;  CLICK NO BOTÃO X DO LIMPA FILTRO
16-03-2024 20:33:02.865Z;functions.waitForImage;  FILTER CLEAN image not found.
16-03-2024 20:33:04.287Z;functions.movimentacao_bancaria;  CLICK NA PRIMEIRA LINHA DA TABELA MOVIMENTAÇÃO BANCÁRIA
16-03-2024 20:33:05.516Z;functions.movimentacao_bancaria;  12 PASSOS PARA DIREITA NA TABELA >>
16-03-2024 20:33:07.504Z;functions.movimentacao_bancaria;  HOVER FILTER
16-03-2024 20:33:07.974Z;functions.movimentacao_bancaria;  CLICK FILTER
16-03-2024 20:33:12.302Z;functions.movimentacao_bancaria;  CLICK NO FILTRO  STATUS DA REMESSA
16-03-2024 20:33:14.405Z;functions.movimentacao_bancaria;  APERTA TAB PARA ESCREVER O FILTRO
16-03-2024 20:33:16.519Z;functions.movimentacao_bancaria;  ESCREVE PENDENTE NO FILTRO
16-03-2024 20:33:18.623Z;functions.movimentacao_bancaria;  APERTA ENTER PARA SELECIONAR OS PENDENTES
16-03-2024 20:33:40.428Z;functions.movimentacao_bancaria;  SEM REGISTROS DE PROCESSO DE BORDERO PENDENTE
16-03-2024 20:33:40.428Z;functions.filter_clean;  FUNÇÃO LIMPA FILTRO
16-03-2024 20:33:40.756Z;functions.waitForImage;  FILTER CLEAN image found.
16-03-2024 20:33:42.879Z;functions.filter_clean;  CLICK NO BOTÃO X DO LIMPA FILTRO
16-03-2024 20:33:58.157Z;functions.waitForImage;  FILTER CLEAN image not found.
16-03-2024 20:34:13.220Z;functions.waitForImage;  FILTER CLEAN image not found.
16-03-2024 20:34:14.849Z;functions.remessa_pagamento;  CLICK NA PRIMEIRA LINHA DA TABELA MOVIMENTAÇÃO BANCÁRIA
16-03-2024 20:34:16.804Z;functions.remessa_pagamento;  HOVER FILTER
16-03-2024 20:34:17.276Z;functions.remessa_pagamento;  CLICK FILTER
16-03-2024 20:34:21.611Z;functions.remessa_pagamento;  CLICK NO FILTRO  STATUS DA REMESSA
16-03-2024 20:34:23.716Z;functions.remessa_pagamento;  APERTA TAB PARA ESCREVER O FILTRO
16-03-2024 20:34:25.836Z;functions.remessa_pagamento;  ESCREVE AUTORIZADO NO FILTRO
16-03-2024 20:34:27.940Z;functions.remessa_pagamento;  APERTA ENTER PARA SELECIONAR OS AUTORIZADOS
16-03-2024 20:34:50.756Z;functions.remessa_pagamento;  SEM REMESSA DE BORDERO AUTORIZADO
16-03-2024 20:34:51.615Z;functions.enter_contas_a_pagar;  CLICK - TOTVS - LINHA RM
16-03-2024 20:34:53.162Z;functions.enter_contas_a_pagar;  CLICK - BACK OFFICE
16-03-2024 20:34:55.982Z;functions.enter_contas_a_pagar;  CLICK - GESTAO FINANCEIRA
16-03-2024 20:35:02.021Z;functions.enter_contas_a_pagar;  CLICK - CONTAS A PAGAR
16-03-2024 20:35:03.260Z;functions.waitForImage;  LANÇAMENTOS image found.
16-03-2024 20:35:05.392Z;functions.enter_contas_a_pagar;  CLICA EM LANÇAMENTOS
16-03-2024 20:35:20.792Z;functions.waitForImage;  LICENCAS EXCEDIDAS image not found.
16-03-2024 20:35:20.792Z;functions.obter_intervalo_data;  VERIFICANDO A HORA ATUAL 20
16-03-2024 20:35:20.792Z;functions.obter_intervalo_data;  Data Inicial PENSAO antes da remoção: None
16-03-2024 20:35:20.792Z;functions.obter_intervalo_data;  Data Final PENSAO antes da remoção: None
16-03-2024 20:35:20.792Z;functions.obter_intervalo_data;  Data Inicial PENSAO após a remoção: None
16-03-2024 20:35:20.792Z;functions.obter_intervalo_data;  Data Final PENSAO após a remoção: None
16-03-2024 20:35:20.792Z;functions.obter_intervalo_data;  hoje -  2024-03-16 20:35:20.792672
16-03-2024 20:35:20.792Z;functions.data_filter;  DATA INICIO 20-03-2024
16-03-2024 20:35:20.792Z;functions.data_filter;  DATA FIM 26-03-2024
16-03-2024 20:35:20.792Z;functions.data_filter;  CLICK - SELECIONA A DATA DE QUARTA FEIRA E DA PROXIMA TERÇA
16-03-2024 20:35:20.792Z;functions.data_filter;  QUARTA-FEIRA: 20-03-2024
16-03-2024 20:35:20.792Z;functions.data_filter;  TERCA-FEIRA: 26-03-2024
16-03-2024 20:35:23.899Z;functions.data_filter;  ESCREVE REMESSA BANCÁRIA NO FILTRO
16-03-2024 20:35:24.771Z;functions.data_filter;  CLICK - BUTÃO DE SELECAO DE FILTRO
16-03-2024 20:35:29.521Z;functions.data_filter;  INSERE - DATA DE QUARTA-FEIRA: 20-03-2024
16-03-2024 20:35:33.568Z;functions.data_filter;  INSERE - DATA DA PROX TERCA-FEIRA: 26-03-2024
16-03-2024 20:35:34.505Z;functions.data_filter;  CLICK - BUTÃO DE EXECUTAR O FILTRO
16-03-2024 20:35:41.177Z;functions.desmark_filter;  CLICK CHECKBOX LANÇAMENTOS A RECEBER
16-03-2024 20:35:43.023Z;functions.desmark_filter;  CLICK CHECKBOX LANÇAMENTOS BAIXADOS
16-03-2024 20:35:45.021Z;functions.desmark_filter;  CLICK CHECKBOX LANÇAMENTOS CANCELADOS
16-03-2024 20:35:47.156Z;functions.desmark_filter;  CLICK CHECKBOX LANÇAMENTOS FATURADOS
16-03-2024 20:35:49.458Z;functions.desmark_filter;  ATUALIZA O FILTRO
16-03-2024 20:35:49.458Z;functions.filter_clean;  FUNÇÃO LIMPA FILTRO
16-03-2024 20:36:04.746Z;functions.waitForImage;  FILTER CLEAN image not found.
16-03-2024 20:36:20.119Z;functions.waitForImage;  FILTER CLEAN image not found.
16-03-2024 20:36:35.302Z;functions.waitForImage;  FILTER CLEAN image not found.
16-03-2024 20:36:37.803Z;functions.tabela_vazia;  Texto extraido 1/3
16-03-2024 20:36:37.803Z;functions.tabela_vazia;  Count 3
16-03-2024 20:36:37.803Z;functions.tabela_vazia;  Type <class 'int'>
16-03-2024 20:36:37.803Z;functions.tabela_vazia;  TABELA CONTÉM REGISTROS
16-03-2024 20:36:38.976Z;functions.desbloqueio;  SELECIONA TODAS AS TUPLAS
16-03-2024 20:36:39.086Z;functions.desbloqueio;  CONTROL P PARA SELECIONAR PROCESSO
16-03-2024 20:36:45.306Z;functions.desbloqueio;  7 SETAS PARA BAIXO - MANUTENÇÃO DE LANÇAMENTO
16-03-2024 20:36:47.409Z;functions.desbloqueio;  SETA PARA DIREITA
16-03-2024 20:36:50.331Z;functions.desbloqueio;  9 SETAS PARA BAIXO
16-03-2024 20:36:52.434Z;functions.desbloqueio;  ENTER PARA SELECIONAR DESBLOQUEIO ALTERAÇÃO
16-03-2024 20:37:54.845Z;functions.exec_lancamentos;  CONTROL G
16-03-2024 20:37:58.645Z;functions.exec_lancamentos;  CLICK PARA APARECER CONTA/CAIXA
16-03-2024 20:37:59.852Z;functions.exec_lancamentos;  SELECIONA CONTA/CAIXA
16-03-2024 20:38:01.162Z;functions.exec_lancamentos;  CLICK NO BOTÃO [...]
16-03-2024 20:38:03.528Z;functions.exec_lancamentos;  CLICK NO CAMPO PESQUISA E DIGITA: %3212
16-03-2024 20:38:04.568Z;functions.exec_lancamentos;  CLICK NO BOTÃO DO FILTRO
16-03-2024 20:38:05.802Z;functions.exec_lancamentos;  CLICK NO BOTÃO OK
16-03-2024 20:38:06.896Z;functions.exec_lancamentos;  CLICK NO BOTÃO EXECUTAR
16-03-2024 20:38:19.974Z;functions.waitForImage;  PRESS BUTTON OK image found.
16-03-2024 20:38:21.988Z;functions.process_lancamentos;  O PROCESSAMENTO DE LANÇAMENTO FOI EXECUTADO COM SUCESSO.
16-03-2024 20:38:31.528Z;functions.process_lancamentos;  Lançamento Ref. 930034: Convênio alterado para o convênio default '7' da conta Caixa '02675-5' .
Lançamento Ref. 930039: Convênio alterado para o convênio default '7' da conta Caixa '02675-5' .
Lançamento Ref. 930043: Convênio alterado para o convênio default '7' da conta Caixa '02675-5' .
Alteração Global de Lançamentos executada com sucesso

16-03-2024 20:38:32.432Z;functions.process_lancamentos;  CLICA EM FECHAR.
16-03-2024 20:38:51.878Z;functions.proccess_bordero;  SELECIONAR INCLUSÃO DE BORDERO
16-03-2024 20:39:12.212Z;functions.waitForImage;  PRESS BUTON SIM image not found.
16-03-2024 20:39:13.474Z;functions.proccess_bordero;  CLICK EM CONVÊNIO TRÊS PONTINHOS
16-03-2024 20:39:15.442Z;functions.proccess_bordero;  CLICK EM COMBOBOX PARA SELECIONAR O ID DO CONVÊNIO
16-03-2024 20:39:16.723Z;functions.proccess_bordero;  CLICK EM ID DO CONVÊNIO
16-03-2024 20:39:18.831Z;functions.proccess_bordero;  APERTA TAB PARA ESCREVER O ID
16-03-2024 20:39:20.935Z;functions.proccess_bordero;  ESCREVE O ID 10 - PENSÃO
16-03-2024 20:39:23.038Z;functions.proccess_bordero;  APERTA ENTER PARA SELECIONAR O ID 10 - PENSÃO
16-03-2024 20:39:25.140Z;functions.proccess_bordero;  APERTA ENTER PARA ESCOLHER O ID 10 - PENSÃO
16-03-2024 20:39:28.099Z;functions.proccess_bordero;  CLICK EM EXECUTAR NA INCLUSÃO DO BORDÊRO
16-03-2024 20:39:42.646Z;functions.waitForImage;  PRESS BUTTON OK image found.
16-03-2024 20:39:44.648Z;functions.proccess_bordero;  O PROCESSAMENTO DO BORDERO FOI EXECUTADO COM SUCESSO.
16-03-2024 20:39:45.536Z;functions.proccess_bordero;  CLICK EM FECHAR.
16-03-2024 20:39:49.303Z;functions.movimentacao_bancaria;  CLICK NA ABA MOVIMENTAÇÃO BANCARIA
16-03-2024 20:39:51.666Z;functions.waitForImage;  IMAGEM BORDERO image found.
16-03-2024 20:39:53.771Z;functions.movimentacao_bancaria;  IMAGEM BORDERO CLICADA.
16-03-2024 20:40:14.621Z;functions.waitForImage;  LICENCAS EXCEDIDAS image not found.
16-03-2024 20:40:15.302Z;functions.movimentacao_bancaria;  ENCONTROU O FILTRO DA MOVIMENTAÇÃO BANCÁRIA
16-03-2024 20:40:15.349Z;functions.movimentacao_bancaria;  CLICA NA ABA SUPERIOR DO FILTRO
16-03-2024 20:40:19.561Z;functions.movimentacao_bancaria;  SELECIONA O FILTRO HOJE
16-03-2024 20:40:19.562Z;functions.filter_clean;  FUNÇÃO LIMPA FILTRO
16-03-2024 20:40:20.594Z;functions.waitForImage;  FILTER CLEAN image found.
16-03-2024 20:40:22.720Z;functions.filter_clean;  CLICK NO BOTÃO X DO LIMPA FILTRO
16-03-2024 20:40:37.988Z;functions.waitForImage;  FILTER CLEAN image not found.
16-03-2024 20:40:53.286Z;functions.waitForImage;  FILTER CLEAN image not found.
16-03-2024 20:40:54.693Z;functions.movimentacao_bancaria;  CLICK NA PRIMEIRA LINHA DA TABELA MOVIMENTAÇÃO BANCÁRIA
16-03-2024 20:40:55.925Z;functions.movimentacao_bancaria;  12 PASSOS PARA DIREITA NA TABELA >>
16-03-2024 20:40:58.115Z;functions.movimentacao_bancaria;  HOVER FILTER
16-03-2024 20:40:58.586Z;functions.movimentacao_bancaria;  CLICK FILTER
16-03-2024 20:41:02.919Z;functions.movimentacao_bancaria;  CLICK NO FILTRO  STATUS DA REMESSA
16-03-2024 20:41:05.022Z;functions.movimentacao_bancaria;  APERTA TAB PARA ESCREVER O FILTRO
16-03-2024 20:41:07.137Z;functions.movimentacao_bancaria;  ESCREVE PENDENTE NO FILTRO
16-03-2024 20:41:09.240Z;functions.movimentacao_bancaria;  APERTA ENTER PARA SELECIONAR OS PENDENTES
16-03-2024 20:41:14.037Z;functions.movimentacao_bancaria;  SELECIONA TODAS AS TUPLAS COM STATUS PENDENTE
16-03-2024 20:41:16.152Z;functions.movimentacao_bancaria;  CLICK EM PROCESSOS
16-03-2024 20:41:18.255Z;functions.movimentacao_bancaria;  APERTA PARA BAIXO
16-03-2024 20:41:20.359Z;functions.movimentacao_bancaria;  APERTA ENTER
16-03-2024 20:41:23.318Z;functions.movimentacao_bancaria;  CLICK EM EXECUTAR BORDERO DE PAGAMENTO
16-03-2024 20:41:35.901Z;functions.waitForImage;  PRESS BUTTON OK image found.
16-03-2024 20:41:37.916Z;functions.movimentacao_bancaria;  O PROCESSAMENTO DE AUTORIZAÇÃO DO BORDERO FOI EXECUTADO COM SUCESSO.
16-03-2024 20:41:40.802Z;functions.movimentacao_bancaria;  CLICK EM FECHAR.
16-03-2024 20:41:42.805Z;functions.filter_clean;  FUNÇÃO LIMPA FILTRO
16-03-2024 20:41:43.133Z;functions.waitForImage;  FILTER CLEAN image found.
16-03-2024 20:41:45.253Z;functions.filter_clean;  CLICK NO BOTÃO X DO LIMPA FILTRO
16-03-2024 20:42:00.427Z;functions.waitForImage;  FILTER CLEAN image not found.
16-03-2024 20:42:15.659Z;functions.waitForImage;  FILTER CLEAN image not found.
16-03-2024 20:42:17.268Z;functions.remessa_pagamento;  CLICK NA PRIMEIRA LINHA DA TABELA MOVIMENTAÇÃO BANCÁRIA
16-03-2024 20:42:19.240Z;functions.remessa_pagamento;  HOVER FILTER
16-03-2024 20:42:19.706Z;functions.remessa_pagamento;  CLICK FILTER
16-03-2024 20:42:24.045Z;functions.remessa_pagamento;  CLICK NO FILTRO  STATUS DA REMESSA
16-03-2024 20:42:26.148Z;functions.remessa_pagamento;  APERTA TAB PARA ESCREVER O FILTRO
16-03-2024 20:42:28.266Z;functions.remessa_pagamento;  ESCREVE AUTORIZADO NO FILTRO
16-03-2024 20:42:30.369Z;functions.remessa_pagamento;  APERTA ENTER PARA SELECIONAR OS AUTORIZADOS
16-03-2024 20:42:37.320Z;functions.remessa_pagamento;  6 PASSOS PARA ESQUERDA NA TABELA <<
16-03-2024 20:42:39.427Z;functions.check_user_bot;  Texto extraido 1/1
16-03-2024 20:42:39.427Z;functions.check_user_bot;  Count 1
16-03-2024 20:42:39.427Z;functions.check_user_bot;  Type <class 'int'>
16-03-2024 20:42:41.543Z;functions.check_user_bot;  CHECK USER BOT 1
16-03-2024 20:42:43.544Z;functions.check_user_bot;  integracao
16-03-2024 20:42:46.262Z;functions.check_user_bot;  7 PASSOS PARA DIREITA NA TABELA >>
16-03-2024 20:42:50.366Z;functions.check_user_bot;  341 / 3212 / 02675 - PENSAO ALIMENTICIA
16-03-2024 20:42:50.366Z;functions.check_user_bot;  NOME PENSAO ENCONTRADO
16-03-2024 20:42:52.577Z;functions.check_user_bot;  CLICK EM PROCESSOS
16-03-2024 20:42:54.679Z;functions.check_user_bot;  APERTA PARA BAIXO 0
16-03-2024 20:42:56.783Z;functions.check_user_bot;  APERTA PARA BAIXO 1
16-03-2024 20:42:58.886Z;functions.check_user_bot;  APERTA PARA BAIXO 2
16-03-2024 20:43:00.989Z;functions.check_user_bot;  APERTA ENTER
16-03-2024 20:43:03.958Z;functions.check_user_bot;  CLICK EM REMESSAS DE PAGAMENTO
16-03-2024 20:43:05.065Z;functions.check_user_bot;  APERTA TAB 0
16-03-2024 20:43:06.168Z;functions.check_user_bot;  APERTA TAB 1
16-03-2024 20:43:07.272Z;functions.check_user_bot;  APERTA TAB 2
16-03-2024 20:43:17.662Z;functions.check_user_bot;  CLICK EM AVANÇAR
16-03-2024 20:43:17.662Z;functions.check_user_bot;  CLICK - SELECIONA A DATA DE QUARTA FEIRA E DA PROXIMA TERÇA
16-03-2024 20:43:17.662Z;functions.check_user_bot;  QUARTA-FEIRA: 20-03-2024
16-03-2024 20:43:17.662Z;functions.check_user_bot;  TERCA-FEIRA: 26-03-2024
16-03-2024 20:43:22.647Z;functions.check_user_bot;  DESMARCA CHECKBOX PARA SALVAR ARQUIVO DE REMESSA
16-03-2024 20:43:23.615Z;functions.check_user_bot;  CLICK NOS ... PARA SELECIONAR O DIRETÓRIO E NOME DO ARQUIVO.
16-03-2024 20:43:27.387Z;functions.check_user_bot;  DUPLO CLICK NO DIRETORIO
16-03-2024 20:43:32.822Z;functions.check_user_bot;  APERTA TAB 0
16-03-2024 20:43:33.924Z;functions.check_user_bot;  APERTA TAB 1
16-03-2024 20:43:35.027Z;functions.check_user_bot;  APERTA TAB 2
16-03-2024 20:43:36.130Z;functions.check_user_bot;  APERTA TAB 3
16-03-2024 20:43:37.235Z;functions.check_user_bot;  APERTA TAB 4
16-03-2024 20:43:38.338Z;functions.check_user_bot;  APERTA TAB 5
16-03-2024 20:43:38.472Z;functions.check_user_bot;  S202624A.txt
16-03-2024 20:43:39.317Z;functions.check_user_bot;  CLICK NO BUTÃO SALVAR
16-03-2024 20:43:40.770Z;functions.check_user_bot;  CLICK EM AVANCAR PARA CONCLUIR
16-03-2024 20:43:42.112Z;functions.check_user_bot;  CLICK EM EXECUTAR
16-03-2024 20:43:59.476Z;functions.waitForImage;  PRESS BUTTON OK image found.
16-03-2024 20:44:01.481Z;functions.check_user_bot;  O PROCESSAMENTO DE AUTORIZAÇÃO DO BORDERO FOI EXECUTADO COM SUCESSO.
16-03-2024 20:44:10.983Z;functions.check_user_bot;  ===========================================================================================================
LANÇAMENTOS ENVIADOS PARA REMESSA PAGAMENTO
Coligada: 1
ID Remessa: 10
Convênio: 10
Data: 16/03/2024 20:43:56
Borderô remetidos: 1
===========================================================================================================
Borderô: 1-8598

Lançamentos remetidos no Borderô:
Lancamento 1-930034
Lancamento 1-930039
Lancamento 1-930043
----------------------------------------------------------------------------------------------------------


16-03-2024 20:44:14.490Z;errorhandler.__handle;  CSSStyleDeclaration: Unexpected token, ignoring upto '{        border: none;'. [1:174: {]
16-03-2024 20:44:14.490Z;errorhandler.__handle;  Property: Unknown Property name. [1:204: -ms-interpolation-mode]
16-03-2024 20:44:14.490Z;errorhandler.__handle;  CSSStyleDeclaration: Unexpected token, ignoring upto '}'. [1:267: }]
16-03-2024 20:44:14.490Z;errorhandler.__handle;  CSSStyleDeclaration: Unexpected token, ignoring upto '{        background-color: #f6f6f6;'. [1:281: {]
16-03-2024 20:44:14.505Z;errorhandler.__handle;  Property: Unknown Property name. [1:356: -webkit-font-smoothing]
16-03-2024 20:44:14.521Z;errorhandler.__handle;  Property: Unknown Property name. [1:486: -ms-text-size-adjust]
16-03-2024 20:44:14.521Z;errorhandler.__handle;  Property: Unknown Property name. [1:521: -webkit-text-size-adjust]
16-03-2024 20:44:14.521Z;errorhandler.__handle;  CSSStyleDeclaration: Unexpected token, ignoring upto '}'. [1:559: }]
16-03-2024 20:44:14.521Z;errorhandler.__handle;  CSSStyleDeclaration: Unexpected token, ignoring upto '{        border-collapse: separate;'. [1:574: {]
16-03-2024 20:44:14.521Z;errorhandler.__handle;  Property: Unknown Property name. [1:617: mso-table-lspace]
16-03-2024 20:44:14.521Z;errorhandler.__handle;  Property: Unknown Property name. [1:647: mso-table-rspace]
16-03-2024 20:44:14.521Z;errorhandler.__handle;  CSSStyleDeclaration: Unexpected token, ignoring upto '}'. [1:690: }]
16-03-2024 20:44:14.521Z;errorhandler.__handle;  CSSStyleDeclaration: Unexpected token, ignoring upto '{          font-family: sans-serif;'. [1:710: {]
16-03-2024 20:44:14.536Z;errorhandler.__handle;  CSSStyleDeclaration: Unexpected token, ignoring upto '}'. [1:808: }]
16-03-2024 20:44:14.536Z;errorhandler.__handle;  CSSStyleDeclaration: Unexpected token, ignoring upto '{        background-color: #f6f6f6;'. [1:941: {]
16-03-2024 20:44:14.536Z;errorhandler.__handle;  CSSStyleDeclaration: Unexpected token, ignoring upto '}'. [1:1003: }]
16-03-2024 20:44:14.536Z;errorhandler.__handle;  CSSStyleDeclaration: Unexpected token, ignoring upto '{        display: block;'. [1:1178: {]
16-03-2024 20:44:14.536Z;errorhandler.__handle;  CSSStyleDeclaration: Unexpected token, ignoring upto '}'. [1:1342: }]
16-03-2024 20:44:14.536Z;errorhandler.__handle;  CSSStyleDeclaration: Unexpected token, ignoring upto '{        box-sizing: border-box;'. [1:1452: {]
16-03-2024 20:44:14.552Z;errorhandler.__handle;  CSSStyleDeclaration: Unexpected token, ignoring upto '}'. [1:1584: }]
16-03-2024 20:44:14.552Z;errorhandler.__handle;  CSSStyleDeclaration: Unexpected token, ignoring upto '{        background: #ffffff;'. [1:1721: {]
16-03-2024 20:44:14.552Z;errorhandler.__handle;  CSSStyleDeclaration: Unexpected token, ignoring upto '}'. [1:1804: }]
16-03-2024 20:44:14.552Z;errorhandler.__handle;  CSSStyleDeclaration: Unexpected token, ignoring upto '{        box-sizing: border-box;'. [1:1822: {]
16-03-2024 20:44:14.552Z;errorhandler.__handle;  CSSStyleDeclaration: Unexpected token, ignoring upto '}'. [1:1883: }]
16-03-2024 20:44:14.552Z;errorhandler.__handle;  CSSStyleDeclaration: Unexpected token, ignoring upto '{        padding-bottom: 10px;'. [1:1907: {]
16-03-2024 20:44:14.552Z;errorhandler.__handle;  CSSStyleDeclaration: Unexpected token, ignoring upto '}'. [1:1969: }]
16-03-2024 20:44:14.552Z;errorhandler.__handle;  CSSStyleDeclaration: Unexpected token, ignoring upto '{        clear: both;'. [1:1986: {]
16-03-2024 20:44:14.568Z;errorhandler.__handle;  CSSStyleDeclaration: Unexpected token, ignoring upto '}'. [1:2086: }]
16-03-2024 20:44:14.568Z;errorhandler.__handle;  CSSStyleDeclaration: Unexpected token, ignoring upto '{          color: #999999;'. [1:2165: {]
16-03-2024 20:44:14.568Z;errorhandler.__handle;  CSSStyleDeclaration: Unexpected token, ignoring upto '}'. [1:2253: }]
16-03-2024 20:44:14.568Z;errorhandler.__handle;  CSSStyleDeclaration: Unexpected token, ignoring upto '{        color: #000000;'. [1:2404: {]
16-03-2024 20:44:14.568Z;errorhandler.__handle;  CSSStyleDeclaration: Unexpected token, ignoring upto '}'. [1:2563: }]
16-03-2024 20:44:14.568Z;errorhandler.__handle;  CSSStyleDeclaration: Unexpected token, ignoring upto '{        font-size: 35px;'. [1:2575: {]
16-03-2024 20:44:14.568Z;errorhandler.__handle;  CSSStyleDeclaration: Unexpected token, ignoring upto '}'. [1:2694: }]
16-03-2024 20:44:14.568Z;errorhandler.__handle;  CSSStyleDeclaration: Unexpected token, ignoring upto '{        font-family: sans-serif;'. [1:2723: {]
16-03-2024 20:44:14.583Z;errorhandler.__handle;  CSSStyleDeclaration: Unexpected token, ignoring upto '}'. [1:2861: }]
16-03-2024 20:44:14.583Z;errorhandler.__handle;  CSSStyleDeclaration: Unexpected token, ignoring upto '{          list-style-position: inside;'. [1:2905: {]
16-03-2024 20:44:14.583Z;errorhandler.__handle;  CSSStyleDeclaration: Unexpected token, ignoring upto '}'. [1:2978: }]
16-03-2024 20:44:14.583Z;errorhandler.__handle;  CSSStyleDeclaration: Unexpected token, ignoring upto '{        color: #3498db;'. [1:2989: {]
16-03-2024 20:44:14.583Z;errorhandler.__handle;  CSSStyleDeclaration: Unexpected token, ignoring upto '}'. [1:3055: }]
16-03-2024 20:44:14.583Z;errorhandler.__handle;  CSSStyleDeclaration: Unexpected token, ignoring upto '{        box-sizing: border-box;'. [1:3178: {]
16-03-2024 20:44:14.583Z;errorhandler.__handle;  CSSStyleDeclaration: Unexpected token, ignoring upto '}'. [1:3231: }]
16-03-2024 20:44:14.583Z;errorhandler.__handle;  CSSStyleDeclaration: Unexpected token, ignoring upto '{          padding-bottom: 15px;'. [1:3265: {]
16-03-2024 20:44:14.583Z;errorhandler.__handle;  CSSStyleDeclaration: Unexpected token, ignoring upto '}'. [1:3298: }]
16-03-2024 20:44:14.583Z;errorhandler.__handle;  CSSStyleDeclaration: Unexpected token, ignoring upto '{          width: auto;'. [1:3320: {]
16-03-2024 20:44:14.583Z;errorhandler.__handle;  CSSStyleDeclaration: Unexpected token, ignoring upto '}'. [1:3350: }]
16-03-2024 20:44:14.583Z;errorhandler.__handle;  CSSStyleDeclaration: Unexpected token, ignoring upto '{          background-color: #ffffff;'. [1:3375: {]
16-03-2024 20:44:14.583Z;errorhandler.__handle;  CSSStyleDeclaration: Unexpected token, ignoring upto '}'. [1:3477: }]
16-03-2024 20:44:14.599Z;errorhandler.__handle;  CSSStyleDeclaration: Unexpected token, ignoring upto '{          background-color: #ffffff;'. [1:3495: {]
16-03-2024 20:44:14.802Z;errorhandler.__handle;  CSSStyleDeclaration: Unexpected token, ignoring upto '}'. [1:3892: }]
16-03-2024 20:44:14.802Z;errorhandler.__handle;  CSSStyleDeclaration: Unexpected token, ignoring upto '{        background-color: #3498db;'. [1:3923: {]
16-03-2024 20:44:14.802Z;errorhandler.__handle;  CSSStyleDeclaration: Unexpected token, ignoring upto '}'. [1:3965: }]
16-03-2024 20:44:14.802Z;errorhandler.__handle;  CSSStyleDeclaration: Unexpected token, ignoring upto '{        background-color: #3498db;'. [1:3989: {]
16-03-2024 20:44:14.849Z;errorhandler.__handle;  CSSStyleDeclaration: Unexpected token, ignoring upto '}'. [1:4084: }]
16-03-2024 20:44:14.849Z;errorhandler.__handle;  CSSStyleDeclaration: Unexpected token, ignoring upto '{        margin-bottom: 0;'. [1:4234: {]
16-03-2024 20:44:14.849Z;errorhandler.__handle;  CSSStyleDeclaration: Unexpected token, ignoring upto '}'. [1:4267: }]
16-03-2024 20:44:14.849Z;errorhandler.__handle;  CSSStyleDeclaration: Unexpected token, ignoring upto '{        margin-top: 0;'. [1:4283: {]
16-03-2024 20:44:14.865Z;errorhandler.__handle;  CSSStyleDeclaration: Unexpected token, ignoring upto '}'. [1:4313: }]
16-03-2024 20:44:14.865Z;errorhandler.__handle;  CSSStyleDeclaration: Unexpected token, ignoring upto '{        text-align: center;'. [1:4336: {]
16-03-2024 20:44:14.865Z;errorhandler.__handle;  CSSStyleDeclaration: Unexpected token, ignoring upto '}'. [1:4371: }]
16-03-2024 20:44:14.865Z;errorhandler.__handle;  CSSStyleDeclaration: Unexpected token, ignoring upto '{        text-align: right;'. [1:4393: {]
16-03-2024 20:44:14.865Z;errorhandler.__handle;  CSSStyleDeclaration: Unexpected token, ignoring upto '}'. [1:4427: }]
16-03-2024 20:44:14.865Z;errorhandler.__handle;  CSSStyleDeclaration: Unexpected token, ignoring upto '{        text-align: left;'. [1:4448: {]
16-03-2024 20:44:14.865Z;errorhandler.__handle;  CSSStyleDeclaration: Unexpected token, ignoring upto '}'. [1:4481: }]
16-03-2024 20:44:14.865Z;errorhandler.__handle;  CSSStyleDeclaration: Unexpected token, ignoring upto '{        clear: both;'. [1:4497: {]
16-03-2024 20:44:14.865Z;errorhandler.__handle;  CSSStyleDeclaration: Unexpected token, ignoring upto '}'. [1:4525: }]
16-03-2024 20:44:14.865Z;errorhandler.__handle;  CSSStyleDeclaration: Unexpected token, ignoring upto '{        margin-top: 0;'. [1:4539: {]
16-03-2024 20:44:14.865Z;errorhandler.__handle;  CSSStyleDeclaration: Unexpected token, ignoring upto '}'. [1:4569: }]
16-03-2024 20:44:14.865Z;errorhandler.__handle;  CSSStyleDeclaration: Unexpected token, ignoring upto '{        margin-bottom: 0;'. [1:4583: {]
16-03-2024 20:44:14.865Z;errorhandler.__handle;  CSSStyleDeclaration: Unexpected token, ignoring upto '}'. [1:4616: }]
16-03-2024 20:44:14.865Z;errorhandler.__handle;  CSSStyleDeclaration: Unexpected token, ignoring upto '{        color: transparent;'. [1:4636: {]
16-03-2024 20:44:14.880Z;errorhandler.__handle;  Property: Unknown Property name. [1:4799: mso-hide]
16-03-2024 20:44:14.880Z;errorhandler.__handle;  CSSStyleDeclaration: Unexpected token, ignoring upto '}'. [1:4864: }]
16-03-2024 20:44:14.880Z;errorhandler.__handle;  CSSStyleDeclaration: Unexpected token, ignoring upto '{        text-decoration: none;'. [1:4887: {]
16-03-2024 20:44:14.880Z;errorhandler.__handle;  CSSStyleDeclaration: Unexpected token, ignoring upto '}'. [1:4925: }]
16-03-2024 20:44:14.880Z;errorhandler.__handle;  CSSStyleDeclaration: Unexpected token, ignoring upto '{        border: 0;'. [1:4937: {]
16-03-2024 20:44:14.880Z;errorhandler.__handle;  CSSStyleDeclaration: Unexpected token, ignoring upto '}'. [1:5027: }]
16-03-2024 20:44:14.896Z;errorhandler.__handle;  CSSStyleRule: No selector found: '{        table.body h1 {{          font-size: 28px !important;          margin-bottom: 10px !important;         }}        table.body p,        table.body ul,        table.body ol,        table.body td,        table.body span,        table.body a {{          font-size: 16px !important;         }}        table.body .wrapper,        table.body .article {{          padding: 10px !important;         }}        table.body .content {{          padding: 0 !important;         }}        table.body .container {{          padding: 0 !important;          width: 100% !important;         }}        table.body .main {{          border-left-width: 0 !important;          border-radius: 0 !important;          border-right-width: 0 !important;         }}        table.body .btn table {{          width: 100% !important;         }}        table.body .btn a {{          width: 100% !important;         }}        table.body .img-responsive {{          height: auto !important;          max-width: 100% !important;          width: auto !important;         }}      }'. [1:5217: {]
16-03-2024 20:44:14.896Z;errorhandler.__handle;  SelectorList: Unknown Syntax: ''
16-03-2024 20:44:14.896Z;errorhandler.__handle;  Property: No ":" after name found: table.body h1 {{          font-size: 28px !important;          margin-bottom: 10px !important;         }}        table.body p,        table.body ul,        table.body ol,        table.body td,        table.body span,        table.body a {{          font-size: 16px !important;         }}        table.body .wrapper,        table.body .article {{          padding: 10px !important;         }}        table.body .content {{          padding: 0 !important;         }}        table.body .container {{          padding: 0 !important;          width: 100% !important;         }}        table.body .main {{          border-left-width: 0 !important;          border-radius: 0 !important;          border-right-width: 0 !important;         }}        table.body .btn table {{          width: 100% !important;         }}        table.body .btn a {{          width: 100% !important;         }}        table.body .img-responsive {{          height: auto !important;          max-width: 100% !important;          width: auto !important;         }}       [1:6259:       ]
16-03-2024 20:44:14.896Z;errorhandler.__handle;  Property: No property value found: table.body h1 {{          font-size: 28px !important;          margin-bottom: 10px !important;         }}        table.body p,        table.body ul,        table.body ol,        table.body td,        table.body span,        table.body a {{          font-size: 16px !important;         }}        table.body .wrapper,        table.body .article {{          padding: 10px !important;         }}        table.body .content {{          padding: 0 !important;         }}        table.body .container {{          padding: 0 !important;          width: 100% !important;         }}        table.body .main {{          border-left-width: 0 !important;          border-radius: 0 !important;          border-right-width: 0 !important;         }}        table.body .btn table {{          width: 100% !important;         }}        table.body .btn a {{          width: 100% !important;         }}        table.body .img-responsive {{          height: auto !important;          max-width: 100% !important;          width: auto !important;         }}       [1:6259:       ]
16-03-2024 20:44:14.896Z;errorhandler.__handle;  CSSStyleDeclaration: Syntax Error in Property: table.body h1 {{          font-size: 28px !important;          margin-bottom: 10px !important;         }}        table.body p,        table.body ul,        table.body ol,        table.body td,        table.body span,        table.body a {{          font-size: 16px !important;         }}        table.body .wrapper,        table.body .article {{          padding: 10px !important;         }}        table.body .content {{          padding: 0 !important;         }}        table.body .container {{          padding: 0 !important;          width: 100% !important;         }}        table.body .main {{          border-left-width: 0 !important;          border-radius: 0 !important;          border-right-width: 0 !important;         }}        table.body .btn table {{          width: 100% !important;         }}        table.body .btn a {{          width: 100% !important;         }}        table.body .img-responsive {{          height: auto !important;          max-width: 100% !important;          width: auto !important;         }}      
16-03-2024 20:44:14.896Z;errorhandler.__handle;  CSSStyleRule: No selector found: '{        .ExternalClass {{          width: 100%;         }}        .ExternalClass,        .ExternalClass p,        .ExternalClass span,        .ExternalClass font,        .ExternalClass td,        .ExternalClass div {{          line-height: 100%;         }}        .apple-link a {{          color: inherit !important;          font-family: inherit !important;          font-size: inherit !important;          font-weight: inherit !important;          line-height: inherit !important;          text-decoration: none !important;         }}        #MessageViewBody a {{          color: inherit;          text-decoration: none;          font-size: inherit;          font-family: inherit;          font-weight: inherit;          line-height: inherit;        }}        .btn-primary table td:hover {{          background-color: #34495e !important;         }}        .btn-primary a:hover {{          background-color: #34495e !important;          border-color: #34495e !important;         }}       }'. [1:6420: {]
16-03-2024 20:44:14.896Z;errorhandler.__handle;  SelectorList: Unknown Syntax: ''
16-03-2024 20:44:14.896Z;errorhandler.__handle;  CSSStyleDeclaration: Unexpected token, ignoring upto '.ExternalClass {{          width: 100%;         }}        .ExternalClass,        .ExternalClass p,        .ExternalClass span,        .ExternalClass font,        .ExternalClass td,        .ExternalClass div {{          line-height: 100%;         }}        .apple-link a {{          color: inherit !important;          font-family: inherit !important;          font-size: inherit !important;          font-weight: inherit !important;          line-height: inherit !important;          text-decoration: none !important;         }}        #MessageViewBody a {{          color: inherit;          text-decoration: none;          font-size: inherit;          font-family: inherit;          font-weight: inherit;          line-height: inherit;        }}        .btn-primary table td:hover {{          background-color: #34495e !important;         }}        .btn-primary a:hover {{          background-color: #34495e !important;          border-color: #34495e !important;         }}       '. [1:6429: .]
16-03-2024 20:44:14.927Z;errorhandler.__handle;  Property: Unknown Property name. [1:1: -ms-interpolation-mode]
16-03-2024 20:44:14.927Z;errorhandler.__handle;  Property: Unknown Property name. [1:24: -webkit-font-smoothing]
16-03-2024 20:44:14.927Z;errorhandler.__handle;  Property: Unknown Property name. [1:109: -ms-text-size-adjust]
16-03-2024 20:44:14.927Z;errorhandler.__handle;  Property: Unknown Property name. [1:135: -webkit-text-size-adjust]
16-03-2024 20:44:14.927Z;errorhandler.__handle;  Property: Unknown Property name. [1:1: mso-table-lspace]
16-03-2024 20:44:14.927Z;errorhandler.__handle;  Property: Unknown Property name. [1:20: mso-table-rspace]
16-03-2024 20:44:14.958Z;errorhandler.__handle;  Property: Unknown Property name. [1:74: mso-hide]
16-03-2024 20:44:14.974Z;errorhandler.__handle;  Property: No ":" after name found: align-center [1:1: align-center]
16-03-2024 20:44:14.974Z;errorhandler.__handle;  Property: No property value found: align-center [1:1: align-center]
16-03-2024 20:44:14.974Z;errorhandler.__handle;  CSSStyleDeclaration: Syntax Error in Property: align-center
16-03-2024 20:44:14.974Z;errorhandler.__handle;  Property: Unknown Property name. [1:1: -ms-interpolation-mode]
16-03-2024 20:44:17.359Z;functions.emailSuccess;  Success e-mail sent.
16-03-2024 20:44:20.598Z;functions.check_user_bot;  FECHA A ABA MOVIMENTAÇÃO BANCÁRIA
16-03-2024 20:44:20.978Z;functions.encerra_prog;  RM ENCERRADO
