02-04-2024 20:30:22.114Z;functions.bot_text_art;      ____     
02-04-2024 20:30:22.130Z;functions.bot_text_art;     [____]    
02-04-2024 20:30:22.130Z;functions.bot_text_art;   |=]()()[=|  
02-04-2024 20:30:22.130Z;functions.bot_text_art;     _\==/__    _____    ____     _        _____    ___   _  __ 
02-04-2024 20:30:22.130Z;functions.bot_text_art;   |__|   |_|  |  _  \  / ___|   | |      |_   _| / ___| | |/ / 
02-04-2024 20:30:22.130Z;functions.bot_text_art;   |_|_/\_|_|  | |  | | | |      | |        | |   | |    | ' /  
02-04-2024 20:30:22.130Z;functions.bot_text_art;   | | __ | |  | |  | | | |      | |        | |   | |    |  <   
02-04-2024 20:30:22.130Z;functions.bot_text_art;   |_|[  ]|_|  | |__| | | |____  | |____   _| |_  | |__  | . \  
02-04-2024 20:30:22.130Z;functions.bot_text_art;   \_|_||_|_/  |_____/   \_____| |______| |_____| \ ___| |_|\_\ 
02-04-2024 20:30:22.130Z;functions.bot_text_art;     |_||_|    
02-04-2024 20:30:22.130Z;functions.bot_text_art;     | ||_|_   
02-04-2024 20:30:22.130Z;functions.bot_text_art;   |___||___|  
02-04-2024 20:30:22.130Z;functions.bot_text_art;               
02-04-2024 20:30:22.146Z;functions.open_RM;  OPEN PROGRAM RM
02-04-2024 20:30:49.513Z;functions.loggin_RM;  ACHOU O PANE PICTURE
02-04-2024 20:30:50.553Z;functions.loggin_RM;  ENCONTRA USE FIELD
02-04-2024 20:30:51.319Z;functions.loggin_RM;  DUPLO CLICK
02-04-2024 20:30:58.070Z;functions.show_exception_and_exit;  Failed to set focus.
Traceback (most recent call last):
  File "C:\Projetos_Remessas\Remessa_Pensao\main.py", line 13, in <module>
    loggin_RM()
  File "C:\Projetos_Remessas\Remessa_Pensao\SUBPROGRAMS\functions.py", line 90, in loggin_RM
    user_rm.send_hotkey(f'{user}')
  File "C:\Projetos_Remessas\Remessa_Pensao\venv\Lib\site-packages\clicknium\core\service\invokerservice.py", line 157, in wrapper
    raise exception;
    ^^^^^^^^^^^^^^^
clicknium.common.models.exceptions.WindowError: Failed to set focus.
