14-08-2024 03:30:31.644Z;functions.bot_text_art;      ____     
14-08-2024 03:30:31.644Z;functions.bot_text_art;     [____]    
14-08-2024 03:30:31.644Z;functions.bot_text_art;   |=]()()[=|  
14-08-2024 03:30:31.644Z;functions.bot_text_art;     _\==/__    _____    ____     _        _____    ___   _  __ 
14-08-2024 03:30:31.644Z;functions.bot_text_art;   |__|   |_|  |  _  \  / ___|   | |      |_   _| / ___| | |/ / 
14-08-2024 03:30:31.644Z;functions.bot_text_art;   |_|_/\_|_|  | |  | | | |      | |        | |   | |    | ' /  
14-08-2024 03:30:31.645Z;functions.bot_text_art;   | | __ | |  | |  | | | |      | |        | |   | |    |  <   
14-08-2024 03:30:31.645Z;functions.bot_text_art;   |_|[  ]|_|  | |__| | | |____  | |____   _| |_  | |__  | . \  
14-08-2024 03:30:31.647Z;functions.bot_text_art;   \_|_||_|_/  |_____/   \_____| |______| |_____| \ ___| |_|\_\ 
14-08-2024 03:30:31.647Z;functions.bot_text_art;     |_||_|    
14-08-2024 03:30:31.647Z;functions.bot_text_art;     | ||_|_   
14-08-2024 03:30:31.647Z;functions.bot_text_art;   |___||___|  
14-08-2024 03:30:31.647Z;functions.bot_text_art;               
14-08-2024 03:30:31.654Z;functions.open_RM;  OPEN PROGRAM RM
14-08-2024 03:30:40.084Z;functions.loggin_RM;  ACHOU O PANE PICTURE
14-08-2024 03:30:41.006Z;functions.loggin_RM;  ENCONTRA USE FIELD
14-08-2024 03:30:41.162Z;functions.loggin_RM;  DUPLO CLICK
14-08-2024 03:30:44.100Z;functions.loggin_RM;  ENTRAR USER_NAME
14-08-2024 03:30:45.053Z;functions.loggin_RM;  ENCONTRA PASS FIELD
14-08-2024 03:30:45.163Z;functions.loggin_RM;  CLICK
14-08-2024 03:30:47.275Z;functions.loggin_RM;  ENTRAR PASSWORD
14-08-2024 03:30:48.287Z;functions.loggin_RM;  ENTRAR RM
14-08-2024 03:34:06.913Z;functions.enter_coligada;  AGUARDANDO 1
14-08-2024 03:34:07.788Z;functions.enter_coligada;  CLICK CONTEXTO
14-08-2024 03:34:09.475Z;functions.enter_coligada;  CLICK ALTERAR MODULO DO CONTEXTO
14-08-2024 03:34:12.210Z;functions.enter_coligada;  INSERE O COLIGADA CODE = 1
14-08-2024 03:34:12.311Z;functions.enter_coligada;  APERTA TAB PARA PREENCHER O CAMPO COM A STRING: OCEANICA ENGENHARIA E CONSULTORIA S.A.
14-08-2024 03:34:13.632Z;functions.enter_coligada;  CLICK AVANÇAR NOVAMENTE
14-08-2024 03:34:14.632Z;functions.enter_coligada;  CLICK CONCLUIR
14-08-2024 03:34:35.147Z;functions.waitForImage;  TROCA COLIGADA image not found.
14-08-2024 03:34:43.241Z;functions.enter_coligada;  POP UP COLIGADA DESAPARECER
14-08-2024 03:34:44.007Z;functions.check_movimentacao_bancaria;  CLICK - TOTVS - LINHA RM
14-08-2024 03:34:45.288Z;functions.check_movimentacao_bancaria;  CLICK - BACK OFFICE
14-08-2024 03:34:47.726Z;functions.check_movimentacao_bancaria;  CLICK - GESTAO FINANCEIRA
14-08-2024 03:34:47.726Z;functions.obter_intervalo_data;  VERIFICANDO A HORA ATUAL 3
14-08-2024 03:34:47.739Z;functions.obter_intervalo_data;  Data Inicial PENSAO antes da remoção: None
14-08-2024 03:34:47.739Z;functions.obter_intervalo_data;  Data Final PENSAO antes da remoção: None
14-08-2024 03:34:47.743Z;functions.obter_intervalo_data;  Data Inicial PENSAO após a remoção: None
14-08-2024 03:34:47.743Z;functions.obter_intervalo_data;  Data Final PENSAO após a remoção: None
14-08-2024 03:34:47.743Z;functions.obter_intervalo_data;  hoje -  2024-08-14 03:34:47.743375
14-08-2024 03:34:47.744Z;functions.check_movimentacao_bancaria;  DATA INICIO 21-08-2024
14-08-2024 03:34:47.744Z;functions.check_movimentacao_bancaria;  DATA FIM 27-08-2024
14-08-2024 03:34:47.744Z;functions.movimentacao_bancaria;  AGUARDANDO 1
14-08-2024 03:34:52.694Z;functions.movimentacao_bancaria;  CLICK NA ABA MOVIMENTAÇÃO BANCARIA
14-08-2024 03:34:54.772Z;functions.waitForImage;  IMAGEM BORDERO image found.
14-08-2024 03:34:56.890Z;functions.movimentacao_bancaria;  IMAGEM BORDERO CLICADA.
14-08-2024 03:35:07.053Z;functions.waitForImage;  LICENCAS EXCEDIDAS image not found.
14-08-2024 03:35:09.538Z;functions.waitForImage;  LICENCE SERVER image not found.
14-08-2024 03:35:10.163Z;functions.movimentacao_bancaria;  ENCONTROU O FILTRO DA MOVIMENTAÇÃO BANCÁRIA
14-08-2024 03:35:10.194Z;functions.movimentacao_bancaria;  CLICA NA ABA SUPERIOR DO FILTRO
14-08-2024 03:35:14.400Z;functions.movimentacao_bancaria;  SELECIONA O FILTRO HOJE
14-08-2024 03:35:14.400Z;functions.filter_clean;  FUNÇÃO LIMPA FILTRO
14-08-2024 03:35:16.741Z;functions.waitForImage;  FILTER CLEAN image found.
14-08-2024 03:35:18.859Z;functions.filter_clean;  CLICK NO BOTÃO X DO LIMPA FILTRO
14-08-2024 03:35:34.283Z;functions.waitForImage;  FILTER CLEAN image not found.
14-08-2024 03:35:49.773Z;functions.waitForImage;  FILTER CLEAN image not found.
14-08-2024 03:35:50.913Z;functions.movimentacao_bancaria;  CLICK NA PRIMEIRA LINHA DA TABELA MOVIMENTAÇÃO BANCÁRIA
14-08-2024 03:35:52.129Z;functions.movimentacao_bancaria;  12 PASSOS PARA DIREITA NA TABELA >>
14-08-2024 03:35:53.741Z;functions.movimentacao_bancaria;  HOVER FILTER
14-08-2024 03:35:54.135Z;functions.movimentacao_bancaria;  CLICK FILTER
14-08-2024 03:35:58.446Z;functions.movimentacao_bancaria;  CLICK NO FILTRO  STATUS DA REMESSA
14-08-2024 03:36:00.547Z;functions.movimentacao_bancaria;  APERTA TAB PARA ESCREVER O FILTRO
14-08-2024 03:36:02.653Z;functions.movimentacao_bancaria;  ESCREVE PENDENTE NO FILTRO
14-08-2024 03:36:04.755Z;functions.movimentacao_bancaria;  APERTA ENTER PARA SELECIONAR OS PENDENTES
14-08-2024 03:36:25.992Z;functions.movimentacao_bancaria;  SEM REGISTROS DE PROCESSO DE BORDERO PENDENTE
14-08-2024 03:36:25.992Z;functions.filter_clean;  FUNÇÃO LIMPA FILTRO
14-08-2024 03:36:26.054Z;functions.waitForImage;  FILTER CLEAN image found.
14-08-2024 03:36:28.171Z;functions.filter_clean;  CLICK NO BOTÃO X DO LIMPA FILTRO
14-08-2024 03:36:43.694Z;functions.waitForImage;  FILTER CLEAN image not found.
14-08-2024 03:36:59.127Z;functions.waitForImage;  FILTER CLEAN image not found.
14-08-2024 03:37:00.288Z;functions.remessa_pagamento;  CLICK NA PRIMEIRA LINHA DA TABELA MOVIMENTAÇÃO BANCÁRIA
14-08-2024 03:37:01.804Z;functions.remessa_pagamento;  HOVER FILTER
14-08-2024 03:37:02.222Z;functions.remessa_pagamento;  CLICK FILTER
14-08-2024 03:37:06.535Z;functions.remessa_pagamento;  CLICK NO FILTRO  STATUS DA REMESSA
14-08-2024 03:37:08.637Z;functions.remessa_pagamento;  APERTA TAB PARA ESCREVER O FILTRO
14-08-2024 03:37:10.745Z;functions.remessa_pagamento;  ESCREVE AUTORIZADO NO FILTRO
14-08-2024 03:37:12.847Z;functions.remessa_pagamento;  APERTA ENTER PARA SELECIONAR OS AUTORIZADOS
14-08-2024 03:37:35.054Z;functions.remessa_pagamento;  SEM REMESSA DE BORDERO AUTORIZADO
14-08-2024 03:37:35.819Z;functions.enter_contas_a_pagar;  CLICK - TOTVS - LINHA RM
14-08-2024 03:37:36.975Z;functions.enter_contas_a_pagar;  CLICK - BACK OFFICE
14-08-2024 03:37:37.757Z;functions.enter_contas_a_pagar;  CLICK - GESTAO FINANCEIRA
14-08-2024 03:37:45.038Z;functions.enter_contas_a_pagar;  CLICK - CONTAS A PAGAR
14-08-2024 03:37:45.116Z;functions.waitForImage;  LANÇAMENTOS image found.
14-08-2024 03:37:47.233Z;functions.enter_contas_a_pagar;  CLICA EM LANÇAMENTOS
14-08-2024 03:38:02.304Z;functions.waitForImage;  LICENCAS EXCEDIDAS image not found.
14-08-2024 03:38:02.304Z;functions.data_filter;  CLICK - SELECIONA A DATA DE QUARTA FEIRA E DA PROXIMA TERÇA
14-08-2024 03:38:02.304Z;functions.data_filter;  QUARTA-FEIRA: 21-08-2024
14-08-2024 03:38:02.304Z;functions.data_filter;  TERCA-FEIRA: 27-08-2024
14-08-2024 03:38:19.009Z;functions.data_filter;  CLICK - BUTÃO DE SELECAO DE FILTRO
14-08-2024 03:38:23.085Z;functions.data_filter;  INSERE - DATA DE QUARTA-FEIRA: 21-08-2024
14-08-2024 03:38:27.194Z;functions.data_filter;  INSERE - DATA DA PROX TERCA-FEIRA: 27-08-2024
14-08-2024 03:38:28.070Z;functions.data_filter;  CLICK - BUTÃO DE EXECUTAR O FILTRO
14-08-2024 03:38:33.071Z;functions.desmark_filter;  AGUARDANDO 1
14-08-2024 03:38:34.413Z;functions.desmark_filter;  CLICK CHECKBOX LANÇAMENTOS A RECEBER
14-08-2024 03:38:35.882Z;functions.desmark_filter;  CLICK CHECKBOX LANÇAMENTOS BAIXADOS
14-08-2024 03:38:37.411Z;functions.desmark_filter;  CLICK CHECKBOX LANÇAMENTOS CANCELADOS
14-08-2024 03:38:39.040Z;functions.desmark_filter;  CLICK CHECKBOX LANÇAMENTOS FATURADOS
14-08-2024 03:38:40.601Z;functions.desmark_filter;  ATUALIZA O FILTRO
14-08-2024 03:38:40.601Z;functions.filter_clean;  FUNÇÃO LIMPA FILTRO
14-08-2024 03:38:40.679Z;functions.waitForImage;  FILTER CLEAN image found.
14-08-2024 03:38:42.793Z;functions.filter_clean;  CLICK NO BOTÃO X DO LIMPA FILTRO
14-08-2024 03:38:58.304Z;functions.waitForImage;  FILTER CLEAN image not found.
14-08-2024 03:39:13.710Z;functions.waitForImage;  FILTER CLEAN image not found.
14-08-2024 03:39:15.585Z;functions.tabela_vazia;  Texto extraido 0/0
14-08-2024 03:39:15.585Z;functions.tabela_vazia;  Count 0
14-08-2024 03:39:15.585Z;functions.tabela_vazia;  Type <class 'int'>
14-08-2024 03:39:17.593Z;functions.tabela_vazia;  SEM REMESSA DE FÉRIAS/RESCISÃO
14-08-2024 03:39:19.594Z;main.<module>;  SEM REMESSA DE PENSÃO
14-08-2024 03:39:22.235Z;errorhandler.__handle;  Property: Unknown Property name. [1:203: -ms-interpolation-mode]
14-08-2024 03:39:22.251Z;errorhandler.__handle;  Property: Unknown Property name. [1:353: -webkit-font-smoothing]
14-08-2024 03:39:22.251Z;errorhandler.__handle;  Property: Unknown Property name. [1:483: -ms-text-size-adjust]
14-08-2024 03:39:22.251Z;errorhandler.__handle;  Property: Unknown Property name. [1:518: -webkit-text-size-adjust]
14-08-2024 03:39:22.251Z;errorhandler.__handle;  Property: Unknown Property name. [1:612: mso-table-lspace]
14-08-2024 03:39:22.251Z;errorhandler.__handle;  Property: Unknown Property name. [1:642: mso-table-rspace]
14-08-2024 03:39:22.298Z;errorhandler.__handle;  Property: Unknown Property name. [1:4734: mso-hide]
14-08-2024 03:39:22.313Z;errorhandler.__handle;  Property: Unknown Property name. [1:13: -ms-interpolation-mode]
14-08-2024 03:39:22.329Z;errorhandler.__handle;  Property: Unknown Property name. [1:49: -webkit-font-smoothing]
14-08-2024 03:39:22.329Z;errorhandler.__handle;  Property: Unknown Property name. [1:134: -ms-text-size-adjust]
14-08-2024 03:39:22.329Z;errorhandler.__handle;  Property: Unknown Property name. [1:160: -webkit-text-size-adjust]
14-08-2024 03:39:22.329Z;errorhandler.__handle;  Property: Unknown Property name. [1:26: mso-table-lspace]
14-08-2024 03:39:22.329Z;errorhandler.__handle;  Property: Unknown Property name. [1:45: mso-table-rspace]
14-08-2024 03:39:22.329Z;errorhandler.__handle;  Property: Unknown Property name. [1:92: mso-hide]
14-08-2024 03:39:22.329Z;errorhandler.__handle;  Property: No ":" after name found: align-center [1:1: align-center]
14-08-2024 03:39:22.329Z;errorhandler.__handle;  Property: No property value found: align-center [1:1: align-center]
14-08-2024 03:39:22.329Z;errorhandler.__handle;  CSSStyleDeclaration: Syntax Error in Property: align-center
14-08-2024 03:39:22.344Z;errorhandler.__handle;  Property: Unknown Property name. [1:14: -ms-interpolation-mode]
14-08-2024 03:39:25.060Z;functions.emailFinalizado;  Warning e-mail sent.
14-08-2024 03:39:25.201Z;functions.encerra_prog;  RM ENCERRADO
