02-05-2024 06:30:23.229Z;functions.bot_text_art;      ____     
02-05-2024 06:30:23.229Z;functions.bot_text_art;     [____]    
02-05-2024 06:30:23.229Z;functions.bot_text_art;   |=]()()[=|  
02-05-2024 06:30:23.229Z;functions.bot_text_art;     _\==/__    _____    ____     _        _____    ___   _  __ 
02-05-2024 06:30:23.229Z;functions.bot_text_art;   |__|   |_|  |  _  \  / ___|   | |      |_   _| / ___| | |/ / 
02-05-2024 06:30:23.229Z;functions.bot_text_art;   |_|_/\_|_|  | |  | | | |      | |        | |   | |    | ' /  
02-05-2024 06:30:23.229Z;functions.bot_text_art;   | | __ | |  | |  | | | |      | |        | |   | |    |  <   
02-05-2024 06:30:23.229Z;functions.bot_text_art;   |_|[  ]|_|  | |__| | | |____  | |____   _| |_  | |__  | . \  
02-05-2024 06:30:23.229Z;functions.bot_text_art;   \_|_||_|_/  |_____/   \_____| |______| |_____| \ ___| |_|\_\ 
02-05-2024 06:30:23.229Z;functions.bot_text_art;     |_||_|    
02-05-2024 06:30:23.229Z;functions.bot_text_art;     | ||_|_   
02-05-2024 06:30:23.229Z;functions.bot_text_art;   |___||___|  
02-05-2024 06:30:23.229Z;functions.bot_text_art;               
02-05-2024 06:30:23.229Z;functions.open_RM;  OPEN PROGRAM RM
02-05-2024 06:30:28.806Z;functions.loggin_RM;  ACHOU O PANE PICTURE
02-05-2024 06:30:29.432Z;functions.loggin_RM;  ENCONTRA USE FIELD
02-05-2024 06:30:29.510Z;functions.loggin_RM;  DUPLO CLICK
02-05-2024 06:30:32.478Z;functions.loggin_RM;  ENTRAR USER_NAME
02-05-2024 06:30:33.119Z;functions.loggin_RM;  ENCONTRA PASS FIELD
02-05-2024 06:30:33.181Z;functions.loggin_RM;  CLICK
02-05-2024 06:30:35.291Z;functions.loggin_RM;  ENTRAR PASSWORD
02-05-2024 06:30:35.979Z;functions.loggin_RM;  ENTRAR RM
02-05-2024 06:30:53.574Z;functions.enter_coligada;  CLICK CONTEXTO
02-05-2024 06:30:57.432Z;functions.enter_coligada;  CLICK ALTERAR MODULO DO CONTEXTO
02-05-2024 06:30:59.692Z;functions.enter_coligada;  INSERE O COLIGADA CODE = 1
02-05-2024 06:30:59.793Z;functions.enter_coligada;  APERTA TAB PARA PREENCHER O CAMPO COM A STRING: OCEANICA ENGENHARIA E CONSULTORIA S.A.
02-05-2024 06:31:00.606Z;functions.enter_coligada;  CLICK AVANÇAR NOVAMENTE
02-05-2024 06:31:01.385Z;functions.enter_coligada;  CLICK CONCLUIR
02-05-2024 06:31:11.087Z;functions.enter_coligada;  POP UP COLIGADA DESAPARECER
02-05-2024 06:31:11.681Z;functions.check_movimentacao_bancaria;  CLICK - TOTVS - LINHA RM
02-05-2024 06:31:12.729Z;functions.check_movimentacao_bancaria;  CLICK - BACK OFFICE
02-05-2024 06:31:15.026Z;functions.check_movimentacao_bancaria;  CLICK - GESTAO FINANCEIRA
02-05-2024 06:31:17.329Z;functions.movimentacao_bancaria;  CLICK NA ABA MOVIMENTAÇÃO BANCARIA
02-05-2024 06:31:19.440Z;functions.waitForImage;  IMAGEM BORDERO image found.
02-05-2024 06:31:21.560Z;functions.movimentacao_bancaria;  IMAGEM BORDERO CLICADA.
02-05-2024 06:31:31.916Z;functions.waitForImage;  LICENCAS EXCEDIDAS image not found.
02-05-2024 06:31:34.366Z;functions.waitForImage;  LICENCE SERVER image not found.
02-05-2024 06:31:34.962Z;functions.movimentacao_bancaria;  ENCONTROU O FILTRO DA MOVIMENTAÇÃO BANCÁRIA
02-05-2024 06:31:34.978Z;functions.movimentacao_bancaria;  CLICA NA ABA SUPERIOR DO FILTRO
02-05-2024 06:31:39.182Z;functions.movimentacao_bancaria;  SELECIONA O FILTRO HOJE
02-05-2024 06:31:39.182Z;functions.filter_clean;  FUNÇÃO LIMPA FILTRO
02-05-2024 06:31:41.080Z;functions.waitForImage;  FILTER CLEAN image found.
02-05-2024 06:31:43.212Z;functions.filter_clean;  CLICK NO BOTÃO X DO LIMPA FILTRO
02-05-2024 06:31:58.692Z;functions.waitForImage;  FILTER CLEAN image not found.
02-05-2024 06:32:14.219Z;functions.waitForImage;  FILTER CLEAN image not found.
02-05-2024 06:32:14.994Z;functions.movimentacao_bancaria;  CLICK NA PRIMEIRA LINHA DA TABELA MOVIMENTAÇÃO BANCÁRIA
02-05-2024 06:32:16.207Z;functions.movimentacao_bancaria;  12 PASSOS PARA DIREITA NA TABELA >>
02-05-2024 06:32:17.454Z;functions.movimentacao_bancaria;  HOVER FILTER
02-05-2024 06:32:17.800Z;functions.movimentacao_bancaria;  CLICK FILTER
02-05-2024 06:32:22.110Z;functions.movimentacao_bancaria;  CLICK NO FILTRO  STATUS DA REMESSA
02-05-2024 06:32:24.211Z;functions.movimentacao_bancaria;  APERTA TAB PARA ESCREVER O FILTRO
02-05-2024 06:32:26.316Z;functions.movimentacao_bancaria;  ESCREVE PENDENTE NO FILTRO
02-05-2024 06:32:28.417Z;functions.movimentacao_bancaria;  APERTA ENTER PARA SELECIONAR OS PENDENTES
02-05-2024 06:32:48.339Z;functions.movimentacao_bancaria;  SEM REGISTROS DE PROCESSO DE BORDERO PENDENTE
02-05-2024 06:32:48.339Z;functions.filter_clean;  FUNÇÃO LIMPA FILTRO
02-05-2024 06:32:48.432Z;functions.waitForImage;  FILTER CLEAN image found.
02-05-2024 06:32:50.552Z;functions.filter_clean;  CLICK NO BOTÃO X DO LIMPA FILTRO
02-05-2024 06:33:06.131Z;functions.waitForImage;  FILTER CLEAN image not found.
02-05-2024 06:33:21.146Z;functions.waitForImage;  FILTER CLEAN image not found.
02-05-2024 06:33:21.963Z;functions.remessa_pagamento;  CLICK NA PRIMEIRA LINHA DA TABELA MOVIMENTAÇÃO BANCÁRIA
02-05-2024 06:33:23.197Z;functions.remessa_pagamento;  HOVER FILTER
02-05-2024 06:33:23.479Z;functions.remessa_pagamento;  CLICK FILTER
02-05-2024 06:33:27.792Z;functions.remessa_pagamento;  CLICK NO FILTRO  STATUS DA REMESSA
02-05-2024 06:33:29.893Z;functions.remessa_pagamento;  APERTA TAB PARA ESCREVER O FILTRO
02-05-2024 06:33:32.000Z;functions.remessa_pagamento;  ESCREVE AUTORIZADO NO FILTRO
02-05-2024 06:33:34.101Z;functions.remessa_pagamento;  APERTA ENTER PARA SELECIONAR OS AUTORIZADOS
02-05-2024 06:33:55.041Z;functions.remessa_pagamento;  SEM REMESSA DE BORDERO AUTORIZADO
02-05-2024 06:33:55.652Z;functions.enter_contas_a_pagar;  CLICK - TOTVS - LINHA RM
02-05-2024 06:33:56.591Z;functions.enter_contas_a_pagar;  CLICK - BACK OFFICE
02-05-2024 06:33:57.283Z;functions.enter_contas_a_pagar;  CLICK - GESTAO FINANCEIRA
02-05-2024 06:34:02.041Z;functions.enter_contas_a_pagar;  CLICK - CONTAS A PAGAR
02-05-2024 06:34:02.176Z;functions.waitForImage;  LANÇAMENTOS image found.
02-05-2024 06:34:04.307Z;functions.enter_contas_a_pagar;  CLICA EM LANÇAMENTOS
02-05-2024 06:34:19.602Z;functions.waitForImage;  LICENCAS EXCEDIDAS image not found.
02-05-2024 06:34:19.602Z;functions.obter_intervalo_data;  VERIFICANDO A HORA ATUAL 6
02-05-2024 06:34:19.602Z;functions.obter_intervalo_data;  Data Inicial PENSAO antes da remoção: None
02-05-2024 06:34:19.602Z;functions.obter_intervalo_data;  Data Final PENSAO antes da remoção: None
02-05-2024 06:34:19.602Z;functions.obter_intervalo_data;  Data Inicial PENSAO após a remoção: None
02-05-2024 06:34:19.602Z;functions.obter_intervalo_data;  Data Final PENSAO após a remoção: None
02-05-2024 06:34:19.602Z;functions.obter_intervalo_data;  hoje -  2024-05-02 06:34:19.602450
02-05-2024 06:34:19.602Z;functions.data_filter;  DATA INICIO 08-05-2024
02-05-2024 06:34:19.602Z;functions.data_filter;  DATA FIM 14-05-2024
02-05-2024 06:34:19.602Z;functions.data_filter;  CLICK - SELECIONA A DATA DE QUARTA FEIRA E DA PROXIMA TERÇA
02-05-2024 06:34:19.602Z;functions.data_filter;  QUARTA-FEIRA: 08-05-2024
02-05-2024 06:34:19.602Z;functions.data_filter;  TERCA-FEIRA: 14-05-2024
02-05-2024 06:34:30.681Z;functions.data_filter;  CLICK - BUTÃO DE SELECAO DE FILTRO
02-05-2024 06:34:34.416Z;functions.data_filter;  INSERE - DATA DE QUARTA-FEIRA: 08-05-2024
02-05-2024 06:34:37.868Z;functions.data_filter;  INSERE - DATA DA PROX TERCA-FEIRA: 14-05-2024
02-05-2024 06:34:38.511Z;functions.data_filter;  CLICK - BUTÃO DE EXECUTAR O FILTRO
02-05-2024 06:34:44.291Z;functions.desmark_filter;  CLICK CHECKBOX LANÇAMENTOS A RECEBER
02-05-2024 06:34:45.088Z;functions.desmark_filter;  CLICK CHECKBOX LANÇAMENTOS BAIXADOS
02-05-2024 06:34:45.900Z;functions.desmark_filter;  CLICK CHECKBOX LANÇAMENTOS CANCELADOS
02-05-2024 06:34:46.750Z;functions.desmark_filter;  CLICK CHECKBOX LANÇAMENTOS FATURADOS
02-05-2024 06:34:47.634Z;functions.desmark_filter;  ATUALIZA O FILTRO
02-05-2024 06:34:47.634Z;functions.filter_clean;  FUNÇÃO LIMPA FILTRO
02-05-2024 06:34:47.775Z;functions.waitForImage;  FILTER CLEAN image found.
02-05-2024 06:34:49.904Z;functions.filter_clean;  CLICK NO BOTÃO X DO LIMPA FILTRO
02-05-2024 06:35:05.466Z;functions.waitForImage;  FILTER CLEAN image not found.
02-05-2024 06:35:20.974Z;functions.waitForImage;  FILTER CLEAN image not found.
02-05-2024 06:35:21.900Z;functions.tabela_vazia;  Texto extraido 0/0
02-05-2024 06:35:21.900Z;functions.tabela_vazia;  Count 0
02-05-2024 06:35:21.900Z;functions.tabela_vazia;  Type <class 'int'>
02-05-2024 06:35:23.907Z;functions.tabela_vazia;  SEM REMESSA DE FÉRIAS/RESCISÃO
02-05-2024 06:35:25.908Z;main.<module>;  SEM REMESSA DE PENSÃO
02-05-2024 06:35:27.441Z;errorhandler.__handle;  Property: Unknown Property name. [1:203: -ms-interpolation-mode]
02-05-2024 06:35:27.449Z;errorhandler.__handle;  Property: Unknown Property name. [1:353: -webkit-font-smoothing]
02-05-2024 06:35:27.449Z;errorhandler.__handle;  Property: Unknown Property name. [1:483: -ms-text-size-adjust]
02-05-2024 06:35:27.453Z;errorhandler.__handle;  Property: Unknown Property name. [1:518: -webkit-text-size-adjust]
02-05-2024 06:35:27.454Z;errorhandler.__handle;  Property: Unknown Property name. [1:612: mso-table-lspace]
02-05-2024 06:35:27.454Z;errorhandler.__handle;  Property: Unknown Property name. [1:642: mso-table-rspace]
02-05-2024 06:35:27.502Z;errorhandler.__handle;  Property: Unknown Property name. [1:4734: mso-hide]
02-05-2024 06:35:27.526Z;errorhandler.__handle;  Property: Unknown Property name. [1:13: -ms-interpolation-mode]
02-05-2024 06:35:27.526Z;errorhandler.__handle;  Property: Unknown Property name. [1:49: -webkit-font-smoothing]
02-05-2024 06:35:27.526Z;errorhandler.__handle;  Property: Unknown Property name. [1:134: -ms-text-size-adjust]
02-05-2024 06:35:27.526Z;errorhandler.__handle;  Property: Unknown Property name. [1:160: -webkit-text-size-adjust]
02-05-2024 06:35:27.526Z;errorhandler.__handle;  Property: Unknown Property name. [1:26: mso-table-lspace]
02-05-2024 06:35:27.526Z;errorhandler.__handle;  Property: Unknown Property name. [1:45: mso-table-rspace]
02-05-2024 06:35:27.541Z;errorhandler.__handle;  Property: Unknown Property name. [1:92: mso-hide]
02-05-2024 06:35:27.541Z;errorhandler.__handle;  Property: No ":" after name found: align-center [1:1: align-center]
02-05-2024 06:35:27.541Z;errorhandler.__handle;  Property: No property value found: align-center [1:1: align-center]
02-05-2024 06:35:27.541Z;errorhandler.__handle;  CSSStyleDeclaration: Syntax Error in Property: align-center
02-05-2024 06:35:27.541Z;errorhandler.__handle;  Property: Unknown Property name. [1:14: -ms-interpolation-mode]
02-05-2024 06:35:30.041Z;functions.emailFinalizado;  Warning e-mail sent.
02-05-2024 06:35:30.117Z;functions.encerra_prog;  RM ENCERRADO
