25-04-2024 21:04:41.697Z;functions.bot_text_art;      ____     
25-04-2024 21:04:41.697Z;functions.bot_text_art;     [____]    
25-04-2024 21:04:41.697Z;functions.bot_text_art;   |=]()()[=|  
25-04-2024 21:04:41.697Z;functions.bot_text_art;     _\==/__    _____    ____     _        _____    ___   _  __ 
25-04-2024 21:04:41.697Z;functions.bot_text_art;   |__|   |_|  |  _  \  / ___|   | |      |_   _| / ___| | |/ / 
25-04-2024 21:04:41.697Z;functions.bot_text_art;   |_|_/\_|_|  | |  | | | |      | |        | |   | |    | ' /  
25-04-2024 21:04:41.697Z;functions.bot_text_art;   | | __ | |  | |  | | | |      | |        | |   | |    |  <   
25-04-2024 21:04:41.697Z;functions.bot_text_art;   |_|[  ]|_|  | |__| | | |____  | |____   _| |_  | |__  | . \  
25-04-2024 21:04:41.697Z;functions.bot_text_art;   \_|_||_|_/  |_____/   \_____| |______| |_____| \ ___| |_|\_\ 
25-04-2024 21:04:41.697Z;functions.bot_text_art;     |_||_|    
25-04-2024 21:04:41.697Z;functions.bot_text_art;     | ||_|_   
25-04-2024 21:04:41.697Z;functions.bot_text_art;   |___||___|  
25-04-2024 21:04:41.697Z;functions.bot_text_art;               
25-04-2024 21:04:41.697Z;functions.open_RM;  OPEN PROGRAM RM
25-04-2024 21:04:52.250Z;functions.loggin_RM;  ACHOU O PANE PICTURE
25-04-2024 21:04:52.907Z;functions.loggin_RM;  ENCONTRA USE FIELD
25-04-2024 21:04:52.985Z;functions.loggin_RM;  DUPLO CLICK
25-04-2024 21:04:55.976Z;functions.loggin_RM;  ENTRAR USER_NAME
25-04-2024 21:04:56.632Z;functions.loggin_RM;  ENCONTRA PASS FIELD
25-04-2024 21:04:56.710Z;functions.loggin_RM;  CLICK
25-04-2024 21:04:58.820Z;functions.loggin_RM;  ENTRAR PASSWORD
25-04-2024 21:04:59.498Z;functions.loggin_RM;  ENTRAR RM
25-04-2024 21:06:47.438Z;functions.enter_coligada;  CLICK CONTEXTO
25-04-2024 21:07:04.952Z;functions.show_exception_and_exit;  'NoneType' object has no attribute 'click'
Traceback (most recent call last):
  File "C:\Projetos_Remessas\Remessa_Pensao\main.py", line 14, in <module>
    enter_coligada()
  File "C:\Projetos_Remessas\Remessa_Pensao\SUBPROGRAMS\functions.py", line 110, in enter_coligada
    click_alterar_contexto.click()
    ^^^^^^^^^^^^^^^^^^^^^^^^^^^^
AttributeError: 'NoneType' object has no attribute 'click'
25-04-2024 21:07:05.543Z;functions.show_exception_and_exit;  RM FECHADO
25-04-2024 21:07:12.232Z;errorhandler.__handle;  Property: Unknown Property name. [1:203: -ms-interpolation-mode]
25-04-2024 21:07:12.248Z;errorhandler.__handle;  Property: Unknown Property name. [1:353: -webkit-font-smoothing]
25-04-2024 21:07:12.248Z;errorhandler.__handle;  Property: Unknown Property name. [1:483: -ms-text-size-adjust]
25-04-2024 21:07:12.248Z;errorhandler.__handle;  Property: Unknown Property name. [1:518: -webkit-text-size-adjust]
25-04-2024 21:07:12.248Z;errorhandler.__handle;  Property: Unknown Property name. [1:612: mso-table-lspace]
25-04-2024 21:07:12.248Z;errorhandler.__handle;  Property: Unknown Property name. [1:642: mso-table-rspace]
25-04-2024 21:07:12.295Z;errorhandler.__handle;  Property: Unknown Property name. [1:4734: mso-hide]
25-04-2024 21:07:12.326Z;errorhandler.__handle;  Property: Unknown Property name. [1:13: -ms-interpolation-mode]
25-04-2024 21:07:12.326Z;errorhandler.__handle;  Property: Unknown Property name. [1:49: -webkit-font-smoothing]
25-04-2024 21:07:12.326Z;errorhandler.__handle;  Property: Unknown Property name. [1:134: -ms-text-size-adjust]
25-04-2024 21:07:12.326Z;errorhandler.__handle;  Property: Unknown Property name. [1:160: -webkit-text-size-adjust]
25-04-2024 21:07:12.326Z;errorhandler.__handle;  Property: Unknown Property name. [1:26: mso-table-lspace]
25-04-2024 21:07:12.326Z;errorhandler.__handle;  Property: Unknown Property name. [1:45: mso-table-rspace]
25-04-2024 21:07:12.342Z;errorhandler.__handle;  Property: Unknown Property name. [1:92: mso-hide]
25-04-2024 21:07:12.342Z;errorhandler.__handle;  Property: No ":" after name found: align-center [1:1: align-center]
25-04-2024 21:07:12.342Z;errorhandler.__handle;  Property: No property value found: align-center [1:1: align-center]
25-04-2024 21:07:12.342Z;errorhandler.__handle;  CSSStyleDeclaration: Syntax Error in Property: align-center
25-04-2024 21:07:12.342Z;errorhandler.__handle;  Property: Unknown Property name. [1:14: -ms-interpolation-mode]
25-04-2024 21:07:15.023Z;functions.show_exception_and_exit;  EMAIL EXCEÇÃO ENVIADO
25-04-2024 21:07:15.023Z;functions.show_exception_and_exit;  ERRO - <class 'AttributeError'> / 'NoneType' object has no attribute 'click'
