29-04-2024 20:30:19.442Z;functions.bot_text_art;      ____     
29-04-2024 20:30:19.442Z;functions.bot_text_art;     [____]    
29-04-2024 20:30:19.442Z;functions.bot_text_art;   |=]()()[=|  
29-04-2024 20:30:19.442Z;functions.bot_text_art;     _\==/__    _____    ____     _        _____    ___   _  __ 
29-04-2024 20:30:19.442Z;functions.bot_text_art;   |__|   |_|  |  _  \  / ___|   | |      |_   _| / ___| | |/ / 
29-04-2024 20:30:19.442Z;functions.bot_text_art;   |_|_/\_|_|  | |  | | | |      | |        | |   | |    | ' /  
29-04-2024 20:30:19.442Z;functions.bot_text_art;   | | __ | |  | |  | | | |      | |        | |   | |    |  <   
29-04-2024 20:30:19.442Z;functions.bot_text_art;   |_|[  ]|_|  | |__| | | |____  | |____   _| |_  | |__  | . \  
29-04-2024 20:30:19.442Z;functions.bot_text_art;   \_|_||_|_/  |_____/   \_____| |______| |_____| \ ___| |_|\_\ 
29-04-2024 20:30:19.442Z;functions.bot_text_art;     |_||_|    
29-04-2024 20:30:19.442Z;functions.bot_text_art;     | ||_|_   
29-04-2024 20:30:19.442Z;functions.bot_text_art;   |___||___|  
29-04-2024 20:30:19.442Z;functions.bot_text_art;               
29-04-2024 20:30:19.442Z;functions.open_RM;  OPEN PROGRAM RM
29-04-2024 20:30:32.333Z;functions.loggin_RM;  ACHOU O PANE PICTURE
29-04-2024 20:30:32.989Z;functions.loggin_RM;  ENCONTRA USE FIELD
29-04-2024 20:30:33.070Z;functions.loggin_RM;  DUPLO CLICK
29-04-2024 20:30:36.033Z;functions.loggin_RM;  ENTRAR USER_NAME
29-04-2024 20:30:36.692Z;functions.loggin_RM;  ENCONTRA PASS FIELD
29-04-2024 20:30:36.755Z;functions.loggin_RM;  CLICK
29-04-2024 20:30:38.864Z;functions.loggin_RM;  ENTRAR PASSWORD
29-04-2024 20:30:39.520Z;functions.loggin_RM;  ENTRAR RM
29-04-2024 20:31:53.114Z;functions.enter_coligada;  CLICK CONTEXTO
29-04-2024 20:31:57.005Z;functions.enter_coligada;  CLICK ALTERAR MODULO DO CONTEXTO
29-04-2024 20:32:00.282Z;functions.enter_coligada;  INSERE O COLIGADA CODE = 1
29-04-2024 20:32:00.383Z;functions.enter_coligada;  APERTA TAB PARA PREENCHER O CAMPO COM A STRING: OCEANICA ENGENHARIA E CONSULTORIA S.A.
29-04-2024 20:32:02.583Z;functions.enter_coligada;  CLICK AVANÇAR NOVAMENTE
29-04-2024 20:32:04.692Z;functions.enter_coligada;  CLICK CONCLUIR
29-04-2024 20:32:25.786Z;functions.enter_coligada;  POP UP COLIGADA DESAPARECER
29-04-2024 20:32:48.270Z;functions.check_movimentacao_bancaria;  CLICK - TOTVS - LINHA RM
29-04-2024 20:32:51.661Z;functions.check_movimentacao_bancaria;  CLICK - BACK OFFICE
29-04-2024 20:32:53.942Z;functions.check_movimentacao_bancaria;  CLICK - GESTAO FINANCEIRA
29-04-2024 20:33:22.849Z;functions.movimentacao_bancaria;  CLICK NA ABA MOVIMENTAÇÃO BANCARIA
29-04-2024 20:33:24.945Z;functions.waitForImage;  IMAGEM BORDERO image found.
29-04-2024 20:33:27.077Z;functions.movimentacao_bancaria;  IMAGEM BORDERO CLICADA.
29-04-2024 20:33:37.360Z;functions.waitForImage;  LICENCAS EXCEDIDAS image not found.
29-04-2024 20:33:39.838Z;functions.waitForImage;  LICENCE SERVER image not found.
29-04-2024 20:33:45.411Z;functions.movimentacao_bancaria;  ENCONTROU O FILTRO DA MOVIMENTAÇÃO BANCÁRIA
29-04-2024 20:33:45.442Z;functions.movimentacao_bancaria;  CLICA NA ABA SUPERIOR DO FILTRO
29-04-2024 20:33:49.647Z;functions.movimentacao_bancaria;  SELECIONA O FILTRO HOJE
29-04-2024 20:33:49.647Z;functions.filter_clean;  FUNÇÃO LIMPA FILTRO
29-04-2024 20:33:59.843Z;functions.waitForImage;  FILTER CLEAN image found.
29-04-2024 20:34:01.959Z;functions.filter_clean;  CLICK NO BOTÃO X DO LIMPA FILTRO
29-04-2024 20:34:16.973Z;functions.waitForImage;  FILTER CLEAN image not found.
29-04-2024 20:34:31.988Z;functions.waitForImage;  FILTER CLEAN image not found.
29-04-2024 20:34:32.740Z;functions.movimentacao_bancaria;  CLICK NA PRIMEIRA LINHA DA TABELA MOVIMENTAÇÃO BANCÁRIA
29-04-2024 20:34:33.951Z;functions.movimentacao_bancaria;  12 PASSOS PARA DIREITA NA TABELA >>
29-04-2024 20:34:35.192Z;functions.movimentacao_bancaria;  HOVER FILTER
29-04-2024 20:34:35.538Z;functions.movimentacao_bancaria;  CLICK FILTER
29-04-2024 20:34:39.849Z;functions.movimentacao_bancaria;  CLICK NO FILTRO  STATUS DA REMESSA
29-04-2024 20:34:41.950Z;functions.movimentacao_bancaria;  APERTA TAB PARA ESCREVER O FILTRO
29-04-2024 20:34:44.054Z;functions.movimentacao_bancaria;  ESCREVE PENDENTE NO FILTRO
29-04-2024 20:34:46.155Z;functions.movimentacao_bancaria;  APERTA ENTER PARA SELECIONAR OS PENDENTES
29-04-2024 20:35:06.099Z;functions.movimentacao_bancaria;  SEM REGISTROS DE PROCESSO DE BORDERO PENDENTE
29-04-2024 20:35:06.099Z;functions.filter_clean;  FUNÇÃO LIMPA FILTRO
29-04-2024 20:35:06.193Z;functions.waitForImage;  FILTER CLEAN image found.
29-04-2024 20:35:08.313Z;functions.filter_clean;  CLICK NO BOTÃO X DO LIMPA FILTRO
29-04-2024 20:35:23.340Z;functions.waitForImage;  FILTER CLEAN image not found.
29-04-2024 20:35:38.366Z;functions.waitForImage;  FILTER CLEAN image not found.
29-04-2024 20:35:39.162Z;functions.remessa_pagamento;  CLICK NA PRIMEIRA LINHA DA TABELA MOVIMENTAÇÃO BANCÁRIA
29-04-2024 20:35:40.411Z;functions.remessa_pagamento;  HOVER FILTER
29-04-2024 20:35:40.700Z;functions.remessa_pagamento;  CLICK FILTER
29-04-2024 20:35:45.013Z;functions.remessa_pagamento;  CLICK NO FILTRO  STATUS DA REMESSA
29-04-2024 20:35:47.115Z;functions.remessa_pagamento;  APERTA TAB PARA ESCREVER O FILTRO
29-04-2024 20:35:49.221Z;functions.remessa_pagamento;  ESCREVE AUTORIZADO NO FILTRO
29-04-2024 20:35:51.323Z;functions.remessa_pagamento;  APERTA ENTER PARA SELECIONAR OS AUTORIZADOS
29-04-2024 20:36:12.270Z;functions.remessa_pagamento;  SEM REMESSA DE BORDERO AUTORIZADO
29-04-2024 20:36:12.880Z;functions.enter_contas_a_pagar;  CLICK - TOTVS - LINHA RM
29-04-2024 20:36:13.836Z;functions.enter_contas_a_pagar;  CLICK - BACK OFFICE
29-04-2024 20:36:14.520Z;functions.enter_contas_a_pagar;  CLICK - GESTAO FINANCEIRA
29-04-2024 20:36:39.079Z;functions.enter_contas_a_pagar;  CLICK - CONTAS A PAGAR
29-04-2024 20:36:39.774Z;functions.waitForImage;  LANÇAMENTOS image found.
29-04-2024 20:36:41.892Z;functions.enter_contas_a_pagar;  CLICA EM LANÇAMENTOS
29-04-2024 20:36:57.198Z;functions.waitForImage;  LICENCAS EXCEDIDAS image not found.
29-04-2024 20:36:57.198Z;functions.obter_intervalo_data;  VERIFICANDO A HORA ATUAL 20
29-04-2024 20:36:57.198Z;functions.obter_intervalo_data;  Data Inicial PENSAO antes da remoção: None
29-04-2024 20:36:57.198Z;functions.obter_intervalo_data;  Data Final PENSAO antes da remoção: None
29-04-2024 20:36:57.214Z;functions.obter_intervalo_data;  Data Inicial PENSAO após a remoção: None
29-04-2024 20:36:57.214Z;functions.obter_intervalo_data;  Data Final PENSAO após a remoção: None
29-04-2024 20:36:57.214Z;functions.obter_intervalo_data;  hoje -  2024-04-29 20:36:57.214232
29-04-2024 20:36:57.214Z;functions.data_filter;  DATA INICIO 01-05-2024
29-04-2024 20:36:57.214Z;functions.data_filter;  DATA FIM 07-05-2024
29-04-2024 20:36:57.214Z;functions.data_filter;  CLICK - SELECIONA A DATA DE QUARTA FEIRA E DA PROXIMA TERÇA
29-04-2024 20:36:57.214Z;functions.data_filter;  QUARTA-FEIRA: 01-05-2024
29-04-2024 20:36:57.214Z;functions.data_filter;  TERCA-FEIRA: 07-05-2024
29-04-2024 20:37:08.239Z;functions.data_filter;  CLICK - BUTÃO DE SELECAO DE FILTRO
29-04-2024 20:37:11.985Z;functions.data_filter;  INSERE - DATA DE QUARTA-FEIRA: 01-05-2024
29-04-2024 20:37:15.458Z;functions.data_filter;  INSERE - DATA DA PROX TERCA-FEIRA: 07-05-2024
29-04-2024 20:37:16.084Z;functions.data_filter;  CLICK - BUTÃO DE EXECUTAR O FILTRO
29-04-2024 20:37:21.867Z;functions.desmark_filter;  CLICK CHECKBOX LANÇAMENTOS A RECEBER
29-04-2024 20:37:22.661Z;functions.desmark_filter;  CLICK CHECKBOX LANÇAMENTOS BAIXADOS
29-04-2024 20:37:23.489Z;functions.desmark_filter;  CLICK CHECKBOX LANÇAMENTOS CANCELADOS
29-04-2024 20:37:24.364Z;functions.desmark_filter;  CLICK CHECKBOX LANÇAMENTOS FATURADOS
29-04-2024 20:37:25.224Z;functions.desmark_filter;  ATUALIZA O FILTRO
29-04-2024 20:37:25.224Z;functions.filter_clean;  FUNÇÃO LIMPA FILTRO
29-04-2024 20:37:40.760Z;functions.waitForImage;  FILTER CLEAN image not found.
29-04-2024 20:37:55.786Z;functions.waitForImage;  FILTER CLEAN image not found.
29-04-2024 20:38:11.311Z;functions.waitForImage;  FILTER CLEAN image not found.
29-04-2024 20:38:12.240Z;functions.tabela_vazia;  Texto extraido 0/0
29-04-2024 20:38:12.240Z;functions.tabela_vazia;  Count 0
29-04-2024 20:38:12.240Z;functions.tabela_vazia;  Type <class 'int'>
29-04-2024 20:38:14.252Z;functions.tabela_vazia;  SEM REMESSA DE FÉRIAS/RESCISÃO
29-04-2024 20:38:16.252Z;main.<module>;  SEM REMESSA DE PENSÃO
29-04-2024 20:38:17.695Z;errorhandler.__handle;  Property: Unknown Property name. [1:203: -ms-interpolation-mode]
29-04-2024 20:38:17.711Z;errorhandler.__handle;  Property: Unknown Property name. [1:353: -webkit-font-smoothing]
29-04-2024 20:38:17.711Z;errorhandler.__handle;  Property: Unknown Property name. [1:483: -ms-text-size-adjust]
29-04-2024 20:38:17.711Z;errorhandler.__handle;  Property: Unknown Property name. [1:518: -webkit-text-size-adjust]
29-04-2024 20:38:17.711Z;errorhandler.__handle;  Property: Unknown Property name. [1:612: mso-table-lspace]
29-04-2024 20:38:17.711Z;errorhandler.__handle;  Property: Unknown Property name. [1:642: mso-table-rspace]
29-04-2024 20:38:17.758Z;errorhandler.__handle;  Property: Unknown Property name. [1:4734: mso-hide]
29-04-2024 20:38:17.789Z;errorhandler.__handle;  Property: Unknown Property name. [1:13: -ms-interpolation-mode]
29-04-2024 20:38:17.789Z;errorhandler.__handle;  Property: Unknown Property name. [1:49: -webkit-font-smoothing]
29-04-2024 20:38:17.789Z;errorhandler.__handle;  Property: Unknown Property name. [1:134: -ms-text-size-adjust]
29-04-2024 20:38:17.789Z;errorhandler.__handle;  Property: Unknown Property name. [1:160: -webkit-text-size-adjust]
29-04-2024 20:38:17.789Z;errorhandler.__handle;  Property: Unknown Property name. [1:26: mso-table-lspace]
29-04-2024 20:38:17.789Z;errorhandler.__handle;  Property: Unknown Property name. [1:45: mso-table-rspace]
29-04-2024 20:38:17.804Z;errorhandler.__handle;  Property: Unknown Property name. [1:92: mso-hide]
29-04-2024 20:38:17.804Z;errorhandler.__handle;  Property: No ":" after name found: align-center [1:1: align-center]
29-04-2024 20:38:17.804Z;errorhandler.__handle;  Property: No property value found: align-center [1:1: align-center]
29-04-2024 20:38:17.804Z;errorhandler.__handle;  CSSStyleDeclaration: Syntax Error in Property: align-center
29-04-2024 20:38:17.804Z;errorhandler.__handle;  Property: Unknown Property name. [1:14: -ms-interpolation-mode]
29-04-2024 20:38:20.380Z;functions.emailFinalizado;  Warning e-mail sent.
29-04-2024 20:38:20.466Z;functions.encerra_prog;  RM ENCERRADO
