24-07-2024 01:26:21.608Z;functions.bot_text_art;      ____     
24-07-2024 01:26:21.608Z;functions.bot_text_art;     [____]    
24-07-2024 01:26:21.608Z;functions.bot_text_art;   |=]()()[=|  
24-07-2024 01:26:21.608Z;functions.bot_text_art;     _\==/__    _____    ____     _        _____    ___   _  __ 
24-07-2024 01:26:21.608Z;functions.bot_text_art;   |__|   |_|  |  _  \  / ___|   | |      |_   _| / ___| | |/ / 
24-07-2024 01:26:21.608Z;functions.bot_text_art;   |_|_/\_|_|  | |  | | | |      | |        | |   | |    | ' /  
24-07-2024 01:26:21.608Z;functions.bot_text_art;   | | __ | |  | |  | | | |      | |        | |   | |    |  <   
24-07-2024 01:26:21.608Z;functions.bot_text_art;   |_|[  ]|_|  | |__| | | |____  | |____   _| |_  | |__  | . \  
24-07-2024 01:26:21.639Z;functions.bot_text_art;   \_|_||_|_/  |_____/   \_____| |______| |_____| \ ___| |_|\_\ 
24-07-2024 01:26:21.639Z;functions.bot_text_art;     |_||_|    
24-07-2024 01:26:21.639Z;functions.bot_text_art;     | ||_|_   
24-07-2024 01:26:21.639Z;functions.bot_text_art;   |___||___|  
24-07-2024 01:26:21.639Z;functions.bot_text_art;               
24-07-2024 01:26:21.655Z;functions.open_RM;  OPEN PROGRAM RM
24-07-2024 01:26:39.873Z;functions.loggin_RM;  ACHOU O PANE PICTURE
24-07-2024 01:26:41.936Z;functions.loggin_RM;  ENCONTRA USE FIELD
24-07-2024 01:26:42.705Z;functions.loggin_RM;  DUPLO CLICK
24-07-2024 01:26:47.310Z;functions.loggin_RM;  ENTRAR USER_NAME
24-07-2024 01:26:49.499Z;functions.loggin_RM;  ENCONTRA PASS FIELD
24-07-2024 01:26:50.274Z;functions.loggin_RM;  CLICK
24-07-2024 01:26:52.432Z;functions.loggin_RM;  ENTRAR PASSWORD
24-07-2024 01:26:55.264Z;functions.loggin_RM;  ENTRAR RM
24-07-2024 01:30:15.545Z;functions.enter_coligada;  AGUARDANDO 1
24-07-2024 01:30:16.826Z;functions.enter_coligada;  CLICK CONTEXTO
24-07-2024 01:30:20.201Z;functions.enter_coligada;  CLICK ALTERAR MODULO DO CONTEXTO
24-07-2024 01:30:25.285Z;functions.enter_coligada;  INSERE O COLIGADA CODE = 1
24-07-2024 01:30:25.389Z;functions.enter_coligada;  APERTA TAB PARA PREENCHER O CAMPO COM A STRING: OCEANICA ENGENHARIA E CONSULTORIA S.A.
24-07-2024 01:30:27.545Z;functions.enter_coligada;  CLICK AVANÇAR NOVAMENTE
24-07-2024 01:30:28.983Z;functions.enter_coligada;  CLICK CONCLUIR
24-07-2024 01:30:49.170Z;functions.waitForImage;  TROCA COLIGADA image not found.
24-07-2024 01:31:07.592Z;functions.enter_coligada;  POP UP COLIGADA DESAPARECER
24-07-2024 01:31:08.608Z;functions.check_movimentacao_bancaria;  CLICK - TOTVS - LINHA RM
24-07-2024 01:31:11.076Z;functions.check_movimentacao_bancaria;  CLICK - BACK OFFICE
24-07-2024 01:31:14.014Z;functions.check_movimentacao_bancaria;  CLICK - GESTAO FINANCEIRA
24-07-2024 01:31:14.014Z;functions.obter_intervalo_data;  VERIFICANDO A HORA ATUAL 1
24-07-2024 01:31:14.042Z;functions.obter_intervalo_data;  Data Inicial PENSAO antes da remoção: None
24-07-2024 01:31:14.042Z;functions.obter_intervalo_data;  Data Final PENSAO antes da remoção: None
24-07-2024 01:31:14.045Z;functions.obter_intervalo_data;  Data Inicial PENSAO após a remoção: None
24-07-2024 01:31:14.045Z;functions.obter_intervalo_data;  Data Final PENSAO após a remoção: None
24-07-2024 01:31:14.045Z;functions.obter_intervalo_data;  hoje -  2024-07-24 01:31:14.045315
24-07-2024 01:31:14.045Z;functions.check_movimentacao_bancaria;  DATA INICIO 31-07-2024
24-07-2024 01:31:14.045Z;functions.check_movimentacao_bancaria;  DATA FIM 06-08-2024
24-07-2024 01:31:14.045Z;functions.movimentacao_bancaria;  AGUARDANDO 1
24-07-2024 01:31:19.795Z;functions.movimentacao_bancaria;  CLICK NA ABA MOVIMENTAÇÃO BANCARIA
24-07-2024 01:31:21.998Z;functions.waitForImage;  IMAGEM BORDERO image found.
24-07-2024 01:31:24.115Z;functions.movimentacao_bancaria;  IMAGEM BORDERO CLICADA.
24-07-2024 01:31:34.685Z;functions.waitForImage;  LICENCAS EXCEDIDAS image not found.
24-07-2024 01:31:36.920Z;functions.waitForImage;  LICENCE SERVER image not found.
24-07-2024 01:31:37.826Z;functions.movimentacao_bancaria;  ENCONTROU O FILTRO DA MOVIMENTAÇÃO BANCÁRIA
24-07-2024 01:31:37.889Z;functions.movimentacao_bancaria;  CLICA NA ABA SUPERIOR DO FILTRO
24-07-2024 01:31:42.104Z;functions.movimentacao_bancaria;  SELECIONA O FILTRO HOJE
24-07-2024 01:31:42.104Z;functions.filter_clean;  FUNÇÃO LIMPA FILTRO
24-07-2024 01:31:46.389Z;functions.waitForImage;  FILTER CLEAN image found.
24-07-2024 01:31:48.521Z;functions.filter_clean;  CLICK NO BOTÃO X DO LIMPA FILTRO
24-07-2024 01:31:48.718Z;functions.waitForImage;  FILTER CLEAN image found.
24-07-2024 01:31:50.834Z;functions.filter_clean;  CLICK NO BOTÃO X DO LIMPA FILTRO
24-07-2024 01:32:06.139Z;functions.waitForImage;  FILTER CLEAN image not found.
24-07-2024 01:32:07.920Z;functions.movimentacao_bancaria;  CLICK NA PRIMEIRA LINHA DA TABELA MOVIMENTAÇÃO BANCÁRIA
24-07-2024 01:32:09.148Z;functions.movimentacao_bancaria;  12 PASSOS PARA DIREITA NA TABELA >>
24-07-2024 01:32:11.451Z;functions.movimentacao_bancaria;  HOVER FILTER
24-07-2024 01:32:12.039Z;functions.movimentacao_bancaria;  CLICK FILTER
24-07-2024 01:32:16.366Z;functions.movimentacao_bancaria;  CLICK NO FILTRO  STATUS DA REMESSA
24-07-2024 01:32:18.470Z;functions.movimentacao_bancaria;  APERTA TAB PARA ESCREVER O FILTRO
24-07-2024 01:32:20.585Z;functions.movimentacao_bancaria;  ESCREVE PENDENTE NO FILTRO
24-07-2024 01:32:22.689Z;functions.movimentacao_bancaria;  APERTA ENTER PARA SELECIONAR OS PENDENTES
24-07-2024 01:32:42.546Z;functions.movimentacao_bancaria;  SEM REGISTROS DE PROCESSO DE BORDERO PENDENTE
24-07-2024 01:32:42.546Z;functions.filter_clean;  FUNÇÃO LIMPA FILTRO
24-07-2024 01:32:42.732Z;functions.waitForImage;  FILTER CLEAN image found.
24-07-2024 01:32:44.867Z;functions.filter_clean;  CLICK NO BOTÃO X DO LIMPA FILTRO
24-07-2024 01:33:00.170Z;functions.waitForImage;  FILTER CLEAN image not found.
24-07-2024 01:33:15.482Z;functions.waitForImage;  FILTER CLEAN image not found.
24-07-2024 01:33:17.451Z;functions.remessa_pagamento;  CLICK NA PRIMEIRA LINHA DA TABELA MOVIMENTAÇÃO BANCÁRIA
24-07-2024 01:33:19.685Z;functions.remessa_pagamento;  HOVER FILTER
24-07-2024 01:33:20.260Z;functions.remessa_pagamento;  CLICK FILTER
24-07-2024 01:33:24.595Z;functions.remessa_pagamento;  CLICK NO FILTRO  STATUS DA REMESSA
24-07-2024 01:33:26.698Z;functions.remessa_pagamento;  APERTA TAB PARA ESCREVER O FILTRO
24-07-2024 01:33:28.820Z;functions.remessa_pagamento;  ESCREVE AUTORIZADO NO FILTRO
24-07-2024 01:33:30.923Z;functions.remessa_pagamento;  APERTA ENTER PARA SELECIONAR OS AUTORIZADOS
24-07-2024 01:33:51.732Z;functions.remessa_pagamento;  SEM REMESSA DE BORDERO AUTORIZADO
24-07-2024 01:33:52.764Z;functions.enter_contas_a_pagar;  CLICK - TOTVS - LINHA RM
24-07-2024 01:33:55.014Z;functions.enter_contas_a_pagar;  CLICK - BACK OFFICE
24-07-2024 01:33:57.920Z;functions.enter_contas_a_pagar;  CLICK - GESTAO FINANCEIRA
24-07-2024 01:34:03.860Z;functions.enter_contas_a_pagar;  CLICK - CONTAS A PAGAR
24-07-2024 01:34:04.045Z;functions.waitForImage;  LANÇAMENTOS image found.
24-07-2024 01:34:06.180Z;functions.enter_contas_a_pagar;  CLICA EM LANÇAMENTOS
24-07-2024 01:34:21.701Z;functions.waitForImage;  LICENCAS EXCEDIDAS image not found.
24-07-2024 01:34:21.701Z;functions.data_filter;  CLICK - SELECIONA A DATA DE QUARTA FEIRA E DA PROXIMA TERÇA
24-07-2024 01:34:21.701Z;functions.data_filter;  QUARTA-FEIRA: 31-07-2024
24-07-2024 01:34:21.701Z;functions.data_filter;  TERCA-FEIRA: 06-08-2024
24-07-2024 01:34:38.576Z;functions.data_filter;  CLICK - BUTÃO DE SELECAO DE FILTRO
24-07-2024 01:34:43.614Z;functions.data_filter;  INSERE - DATA DE QUARTA-FEIRA: 31-07-2024
24-07-2024 01:34:48.185Z;functions.data_filter;  INSERE - DATA DA PROX TERCA-FEIRA: 06-08-2024
24-07-2024 01:34:49.388Z;functions.data_filter;  CLICK - BUTÃO DE EXECUTAR O FILTRO
24-07-2024 01:34:54.393Z;functions.desmark_filter;  AGUARDANDO 1
24-07-2024 01:34:56.670Z;functions.desmark_filter;  CLICK CHECKBOX LANÇAMENTOS A RECEBER
24-07-2024 01:34:59.169Z;functions.desmark_filter;  CLICK CHECKBOX LANÇAMENTOS BAIXADOS
24-07-2024 01:35:01.544Z;functions.desmark_filter;  CLICK CHECKBOX LANÇAMENTOS CANCELADOS
24-07-2024 01:35:04.357Z;functions.desmark_filter;  CLICK CHECKBOX LANÇAMENTOS FATURADOS
24-07-2024 01:35:07.095Z;functions.desmark_filter;  ATUALIZA O FILTRO
24-07-2024 01:35:07.095Z;functions.filter_clean;  FUNÇÃO LIMPA FILTRO
24-07-2024 01:35:22.388Z;functions.waitForImage;  FILTER CLEAN image not found.
24-07-2024 01:35:37.701Z;functions.waitForImage;  FILTER CLEAN image not found.
24-07-2024 01:35:53.013Z;functions.waitForImage;  FILTER CLEAN image not found.
24-07-2024 01:35:56.341Z;functions.tabela_vazia;  Texto extraido 0/0
24-07-2024 01:35:56.341Z;functions.tabela_vazia;  Count 0
24-07-2024 01:35:56.341Z;functions.tabela_vazia;  Type <class 'int'>
24-07-2024 01:35:58.352Z;functions.tabela_vazia;  SEM REMESSA DE FÉRIAS/RESCISÃO
24-07-2024 01:36:00.353Z;main.<module>;  SEM REMESSA DE PENSÃO
24-07-2024 01:36:03.341Z;errorhandler.__handle;  Property: Unknown Property name. [1:203: -ms-interpolation-mode]
24-07-2024 01:36:03.388Z;errorhandler.__handle;  Property: Unknown Property name. [1:353: -webkit-font-smoothing]
24-07-2024 01:36:03.388Z;errorhandler.__handle;  Property: Unknown Property name. [1:483: -ms-text-size-adjust]
24-07-2024 01:36:03.388Z;errorhandler.__handle;  Property: Unknown Property name. [1:518: -webkit-text-size-adjust]
24-07-2024 01:36:03.404Z;errorhandler.__handle;  Property: Unknown Property name. [1:612: mso-table-lspace]
24-07-2024 01:36:03.404Z;errorhandler.__handle;  Property: Unknown Property name. [1:642: mso-table-rspace]
24-07-2024 01:36:03.626Z;errorhandler.__handle;  Property: Unknown Property name. [1:4734: mso-hide]
24-07-2024 01:36:03.727Z;errorhandler.__handle;  Property: Unknown Property name. [1:13: -ms-interpolation-mode]
24-07-2024 01:36:03.730Z;errorhandler.__handle;  Property: Unknown Property name. [1:49: -webkit-font-smoothing]
24-07-2024 01:36:03.733Z;errorhandler.__handle;  Property: Unknown Property name. [1:134: -ms-text-size-adjust]
24-07-2024 01:36:03.734Z;errorhandler.__handle;  Property: Unknown Property name. [1:160: -webkit-text-size-adjust]
24-07-2024 01:36:03.734Z;errorhandler.__handle;  Property: Unknown Property name. [1:26: mso-table-lspace]
24-07-2024 01:36:03.734Z;errorhandler.__handle;  Property: Unknown Property name. [1:45: mso-table-rspace]
24-07-2024 01:36:03.765Z;errorhandler.__handle;  Property: Unknown Property name. [1:92: mso-hide]
24-07-2024 01:36:03.784Z;errorhandler.__handle;  Property: No ":" after name found: align-center [1:1: align-center]
24-07-2024 01:36:03.785Z;errorhandler.__handle;  Property: No property value found: align-center [1:1: align-center]
24-07-2024 01:36:03.785Z;errorhandler.__handle;  CSSStyleDeclaration: Syntax Error in Property: align-center
24-07-2024 01:36:03.788Z;errorhandler.__handle;  Property: Unknown Property name. [1:14: -ms-interpolation-mode]
24-07-2024 01:36:06.327Z;functions.emailFinalizado;  Warning e-mail sent.
24-07-2024 01:36:06.828Z;functions.encerra_prog;  RM ENCERRADO
