24-07-2024 05:31:20.968Z;functions.bot_text_art;      ____     
24-07-2024 05:31:20.968Z;functions.bot_text_art;     [____]    
24-07-2024 05:31:20.968Z;functions.bot_text_art;   |=]()()[=|  
24-07-2024 05:31:20.968Z;functions.bot_text_art;     _\==/__    _____    ____     _        _____    ___   _  __ 
24-07-2024 05:31:20.968Z;functions.bot_text_art;   |__|   |_|  |  _  \  / ___|   | |      |_   _| / ___| | |/ / 
24-07-2024 05:31:20.968Z;functions.bot_text_art;   |_|_/\_|_|  | |  | | | |      | |        | |   | |    | ' /  
24-07-2024 05:31:20.968Z;functions.bot_text_art;   | | __ | |  | |  | | | |      | |        | |   | |    |  <   
24-07-2024 05:31:20.968Z;functions.bot_text_art;   |_|[  ]|_|  | |__| | | |____  | |____   _| |_  | |__  | . \  
24-07-2024 05:31:20.982Z;functions.bot_text_art;   \_|_||_|_/  |_____/   \_____| |______| |_____| \ ___| |_|\_\ 
24-07-2024 05:31:20.982Z;functions.bot_text_art;     |_||_|    
24-07-2024 05:31:20.982Z;functions.bot_text_art;     | ||_|_   
24-07-2024 05:31:20.982Z;functions.bot_text_art;   |___||___|  
24-07-2024 05:31:20.982Z;functions.bot_text_art;               
24-07-2024 05:31:21.008Z;functions.open_RM;  OPEN PROGRAM RM
24-07-2024 05:31:41.248Z;functions.loggin_RM;  ACHOU O PANE PICTURE
24-07-2024 05:31:43.326Z;functions.loggin_RM;  ENCONTRA USE FIELD
24-07-2024 05:31:43.920Z;functions.loggin_RM;  DUPLO CLICK
24-07-2024 05:31:47.498Z;functions.loggin_RM;  ENTRAR USER_NAME
24-07-2024 05:31:48.904Z;functions.loggin_RM;  ENCONTRA PASS FIELD
24-07-2024 05:31:49.170Z;functions.loggin_RM;  CLICK
24-07-2024 05:31:51.298Z;functions.loggin_RM;  ENTRAR PASSWORD
24-07-2024 05:31:52.794Z;functions.loggin_RM;  ENTRAR RM
24-07-2024 05:35:14.404Z;functions.enter_coligada;  AGUARDANDO 1
24-07-2024 05:35:15.888Z;functions.enter_coligada;  CLICK CONTEXTO
24-07-2024 05:35:19.357Z;functions.enter_coligada;  CLICK ALTERAR MODULO DO CONTEXTO
24-07-2024 05:35:24.499Z;functions.enter_coligada;  INSERE O COLIGADA CODE = 1
24-07-2024 05:35:24.607Z;functions.enter_coligada;  APERTA TAB PARA PREENCHER O CAMPO COM A STRING: OCEANICA ENGENHARIA E CONSULTORIA S.A.
24-07-2024 05:35:26.919Z;functions.enter_coligada;  CLICK AVANÇAR NOVAMENTE
24-07-2024 05:35:28.450Z;functions.enter_coligada;  CLICK CONCLUIR
24-07-2024 05:35:48.622Z;functions.waitForImage;  TROCA COLIGADA image not found.
24-07-2024 05:36:07.091Z;functions.enter_coligada;  POP UP COLIGADA DESAPARECER
24-07-2024 05:36:08.107Z;functions.check_movimentacao_bancaria;  CLICK - TOTVS - LINHA RM
24-07-2024 05:36:10.607Z;functions.check_movimentacao_bancaria;  CLICK - BACK OFFICE
24-07-2024 05:36:13.544Z;functions.check_movimentacao_bancaria;  CLICK - GESTAO FINANCEIRA
24-07-2024 05:36:13.544Z;functions.obter_intervalo_data;  VERIFICANDO A HORA ATUAL 5
24-07-2024 05:36:13.575Z;functions.obter_intervalo_data;  Data Inicial PENSAO antes da remoção: None
24-07-2024 05:36:13.575Z;functions.obter_intervalo_data;  Data Final PENSAO antes da remoção: None
24-07-2024 05:36:13.575Z;functions.obter_intervalo_data;  Data Inicial PENSAO após a remoção: None
24-07-2024 05:36:13.575Z;functions.obter_intervalo_data;  Data Final PENSAO após a remoção: None
24-07-2024 05:36:13.575Z;functions.obter_intervalo_data;  hoje -  2024-07-24 05:36:13.575686
24-07-2024 05:36:13.575Z;functions.check_movimentacao_bancaria;  DATA INICIO 31-07-2024
24-07-2024 05:36:13.575Z;functions.check_movimentacao_bancaria;  DATA FIM 06-08-2024
24-07-2024 05:36:13.575Z;functions.movimentacao_bancaria;  AGUARDANDO 1
24-07-2024 05:36:19.263Z;functions.movimentacao_bancaria;  CLICK NA ABA MOVIMENTAÇÃO BANCARIA
24-07-2024 05:36:21.466Z;functions.waitForImage;  IMAGEM BORDERO image found.
24-07-2024 05:36:23.616Z;functions.movimentacao_bancaria;  IMAGEM BORDERO CLICADA.
24-07-2024 05:36:34.185Z;functions.waitForImage;  LICENCAS EXCEDIDAS image not found.
24-07-2024 05:36:36.419Z;functions.waitForImage;  LICENCE SERVER image not found.
24-07-2024 05:36:37.497Z;functions.movimentacao_bancaria;  ENCONTROU O FILTRO DA MOVIMENTAÇÃO BANCÁRIA
24-07-2024 05:36:37.544Z;functions.movimentacao_bancaria;  CLICA NA ABA SUPERIOR DO FILTRO
24-07-2024 05:36:41.758Z;functions.movimentacao_bancaria;  SELECIONA O FILTRO HOJE
24-07-2024 05:36:41.758Z;functions.filter_clean;  FUNÇÃO LIMPA FILTRO
24-07-2024 05:36:46.732Z;functions.waitForImage;  FILTER CLEAN image found.
24-07-2024 05:36:48.868Z;functions.filter_clean;  CLICK NO BOTÃO X DO LIMPA FILTRO
24-07-2024 05:36:49.044Z;functions.waitForImage;  FILTER CLEAN image found.
24-07-2024 05:36:51.177Z;functions.filter_clean;  CLICK NO BOTÃO X DO LIMPA FILTRO
24-07-2024 05:37:06.435Z;functions.waitForImage;  FILTER CLEAN image not found.
24-07-2024 05:37:08.170Z;functions.movimentacao_bancaria;  CLICK NA PRIMEIRA LINHA DA TABELA MOVIMENTAÇÃO BANCÁRIA
24-07-2024 05:37:09.399Z;functions.movimentacao_bancaria;  12 PASSOS PARA DIREITA NA TABELA >>
24-07-2024 05:37:11.700Z;functions.movimentacao_bancaria;  HOVER FILTER
24-07-2024 05:37:12.304Z;functions.movimentacao_bancaria;  CLICK FILTER
24-07-2024 05:37:16.629Z;functions.movimentacao_bancaria;  CLICK NO FILTRO  STATUS DA REMESSA
24-07-2024 05:37:18.732Z;functions.movimentacao_bancaria;  APERTA TAB PARA ESCREVER O FILTRO
24-07-2024 05:37:20.847Z;functions.movimentacao_bancaria;  ESCREVE PENDENTE NO FILTRO
24-07-2024 05:37:22.950Z;functions.movimentacao_bancaria;  APERTA ENTER PARA SELECIONAR OS PENDENTES
24-07-2024 05:37:42.826Z;functions.movimentacao_bancaria;  SEM REGISTROS DE PROCESSO DE BORDERO PENDENTE
24-07-2024 05:37:42.826Z;functions.filter_clean;  FUNÇÃO LIMPA FILTRO
24-07-2024 05:37:43.013Z;functions.waitForImage;  FILTER CLEAN image found.
24-07-2024 05:37:45.148Z;functions.filter_clean;  CLICK NO BOTÃO X DO LIMPA FILTRO
24-07-2024 05:38:00.325Z;functions.waitForImage;  FILTER CLEAN image not found.
24-07-2024 05:38:15.575Z;functions.waitForImage;  FILTER CLEAN image not found.
24-07-2024 05:38:17.481Z;functions.remessa_pagamento;  CLICK NA PRIMEIRA LINHA DA TABELA MOVIMENTAÇÃO BANCÁRIA
24-07-2024 05:38:19.731Z;functions.remessa_pagamento;  HOVER FILTER
24-07-2024 05:38:20.333Z;functions.remessa_pagamento;  CLICK FILTER
24-07-2024 05:38:24.667Z;functions.remessa_pagamento;  CLICK NO FILTRO  STATUS DA REMESSA
24-07-2024 05:38:26.770Z;functions.remessa_pagamento;  APERTA TAB PARA ESCREVER O FILTRO
24-07-2024 05:38:28.887Z;functions.remessa_pagamento;  ESCREVE AUTORIZADO NO FILTRO
24-07-2024 05:38:30.990Z;functions.remessa_pagamento;  APERTA ENTER PARA SELECIONAR OS AUTORIZADOS
24-07-2024 05:38:51.716Z;functions.remessa_pagamento;  SEM REMESSA DE BORDERO AUTORIZADO
24-07-2024 05:38:52.732Z;functions.enter_contas_a_pagar;  CLICK - TOTVS - LINHA RM
24-07-2024 05:38:54.919Z;functions.enter_contas_a_pagar;  CLICK - BACK OFFICE
24-07-2024 05:38:55.950Z;functions.enter_contas_a_pagar;  CLICK - GESTAO FINANCEIRA
24-07-2024 05:39:01.825Z;functions.enter_contas_a_pagar;  CLICK - CONTAS A PAGAR
24-07-2024 05:39:01.997Z;functions.waitForImage;  LANÇAMENTOS image found.
24-07-2024 05:39:04.119Z;functions.enter_contas_a_pagar;  CLICA EM LANÇAMENTOS
24-07-2024 05:39:19.544Z;functions.waitForImage;  LICENCAS EXCEDIDAS image not found.
24-07-2024 05:39:19.544Z;functions.data_filter;  CLICK - SELECIONA A DATA DE QUARTA FEIRA E DA PROXIMA TERÇA
24-07-2024 05:39:19.544Z;functions.data_filter;  QUARTA-FEIRA: 31-07-2024
24-07-2024 05:39:19.544Z;functions.data_filter;  TERCA-FEIRA: 06-08-2024
24-07-2024 05:39:36.481Z;functions.data_filter;  CLICK - BUTÃO DE SELECAO DE FILTRO
24-07-2024 05:39:41.247Z;functions.data_filter;  INSERE - DATA DE QUARTA-FEIRA: 31-07-2024
24-07-2024 05:39:45.685Z;functions.data_filter;  INSERE - DATA DA PROX TERCA-FEIRA: 06-08-2024
24-07-2024 05:39:46.856Z;functions.data_filter;  CLICK - BUTÃO DE EXECUTAR O FILTRO
24-07-2024 05:39:51.861Z;functions.desmark_filter;  AGUARDANDO 1
24-07-2024 05:39:54.169Z;functions.desmark_filter;  CLICK CHECKBOX LANÇAMENTOS A RECEBER
24-07-2024 05:39:56.653Z;functions.desmark_filter;  CLICK CHECKBOX LANÇAMENTOS BAIXADOS
24-07-2024 05:39:59.231Z;functions.desmark_filter;  CLICK CHECKBOX LANÇAMENTOS CANCELADOS
24-07-2024 05:40:01.825Z;functions.desmark_filter;  CLICK CHECKBOX LANÇAMENTOS FATURADOS
24-07-2024 05:40:04.450Z;functions.desmark_filter;  ATUALIZA O FILTRO
24-07-2024 05:40:04.450Z;functions.filter_clean;  FUNÇÃO LIMPA FILTRO
24-07-2024 05:40:19.528Z;functions.waitForImage;  FILTER CLEAN image not found.
24-07-2024 05:40:34.653Z;functions.waitForImage;  FILTER CLEAN image not found.
24-07-2024 05:40:49.904Z;functions.waitForImage;  FILTER CLEAN image not found.
24-07-2024 05:40:53.215Z;functions.tabela_vazia;  Texto extraido 0/0
24-07-2024 05:40:53.215Z;functions.tabela_vazia;  Count 0
24-07-2024 05:40:53.216Z;functions.tabela_vazia;  Type <class 'int'>
24-07-2024 05:40:55.217Z;functions.tabela_vazia;  SEM REMESSA DE FÉRIAS/RESCISÃO
24-07-2024 05:40:57.218Z;main.<module>;  SEM REMESSA DE PENSÃO
24-07-2024 05:41:00.950Z;errorhandler.__handle;  Property: Unknown Property name. [1:203: -ms-interpolation-mode]
24-07-2024 05:41:00.981Z;errorhandler.__handle;  Property: Unknown Property name. [1:353: -webkit-font-smoothing]
24-07-2024 05:41:00.997Z;errorhandler.__handle;  Property: Unknown Property name. [1:483: -ms-text-size-adjust]
24-07-2024 05:41:00.997Z;errorhandler.__handle;  Property: Unknown Property name. [1:518: -webkit-text-size-adjust]
24-07-2024 05:41:00.997Z;errorhandler.__handle;  Property: Unknown Property name. [1:612: mso-table-lspace]
24-07-2024 05:41:00.997Z;errorhandler.__handle;  Property: Unknown Property name. [1:642: mso-table-rspace]
24-07-2024 05:41:01.231Z;errorhandler.__handle;  Property: Unknown Property name. [1:4734: mso-hide]
24-07-2024 05:41:01.856Z;errorhandler.__handle;  Property: Unknown Property name. [1:13: -ms-interpolation-mode]
24-07-2024 05:41:01.856Z;errorhandler.__handle;  Property: Unknown Property name. [1:49: -webkit-font-smoothing]
24-07-2024 05:41:01.872Z;errorhandler.__handle;  Property: Unknown Property name. [1:134: -ms-text-size-adjust]
24-07-2024 05:41:01.872Z;errorhandler.__handle;  Property: Unknown Property name. [1:160: -webkit-text-size-adjust]
24-07-2024 05:41:01.872Z;errorhandler.__handle;  Property: Unknown Property name. [1:26: mso-table-lspace]
24-07-2024 05:41:01.872Z;errorhandler.__handle;  Property: Unknown Property name. [1:45: mso-table-rspace]
24-07-2024 05:41:01.903Z;errorhandler.__handle;  Property: Unknown Property name. [1:92: mso-hide]
24-07-2024 05:41:01.919Z;errorhandler.__handle;  Property: No ":" after name found: align-center [1:1: align-center]
24-07-2024 05:41:01.919Z;errorhandler.__handle;  Property: No property value found: align-center [1:1: align-center]
24-07-2024 05:41:01.919Z;errorhandler.__handle;  CSSStyleDeclaration: Syntax Error in Property: align-center
24-07-2024 05:41:01.919Z;errorhandler.__handle;  Property: Unknown Property name. [1:14: -ms-interpolation-mode]
24-07-2024 05:41:04.465Z;functions.emailFinalizado;  Warning e-mail sent.
24-07-2024 05:41:05.731Z;functions.encerra_prog;  RM ENCERRADO
