30-10-2023 18:54:22.526Z;functions.bot_text_art;      ____   
30-10-2023 18:54:22.526Z;functions.bot_text_art;     [____]    
30-10-2023 18:54:22.527Z;functions.bot_text_art;   |=]()()[=|  
30-10-2023 18:54:22.527Z;functions.bot_text_art;     _\==/__    _____    ____     _        _____    ___   _  __
30-10-2023 18:54:22.527Z;functions.bot_text_art;   |__|   |_|  |  _  \  / ___|   | |      |_   _| / ___| | |/ /
30-10-2023 18:54:22.527Z;functions.bot_text_art;   |_|_/\_|_|  | |  | | | |      | |        | |   | |    | ' / 
30-10-2023 18:54:22.528Z;functions.bot_text_art;   | | __ | |  | |  | | | |      | |        | |   | |    |  <  
30-10-2023 18:54:22.528Z;functions.bot_text_art;   |_|[  ]|_|  | |__| | | |____  | |____   _| |_  | |__  | . \ 
30-10-2023 18:54:22.529Z;functions.bot_text_art;   \_|_||_|_/  |_____/   \_____| |______| |_____| \ ___| |_|\_\
30-10-2023 18:54:22.530Z;functions.bot_text_art;     |_||_|                                                     
30-10-2023 18:54:22.530Z;functions.bot_text_art;     | ||_|_   
30-10-2023 18:54:22.530Z;functions.bot_text_art;   |___||___|  
30-10-2023 18:54:22.530Z;functions.bot_text_art;               
30-10-2023 18:54:22.534Z;functions.open_RM;  OPEN PROGRAM RM
30-10-2023 18:54:29.840Z;functions.loggin_RM;  ENTER USER_NAME
30-10-2023 18:54:30.645Z;functions.loggin_RM;  ENTER PASSWORD
30-10-2023 18:54:31.327Z;functions.loggin_RM;  ENTER RM
30-10-2023 18:54:52.229Z;functions.enter_coligada;  CLICK CONTEXTO
30-10-2023 18:54:56.092Z;functions.enter_coligada;  CLICK COLIGADA 1
30-10-2023 18:54:57.236Z;functions.enter_coligada;  CLICK AVANÇAR
30-10-2023 18:54:59.040Z;functions.enter_coligada;  INSERE O COLIGADA CODE = 1
30-10-2023 18:54:59.141Z;functions.enter_coligada;  APERTA TAB PARA PREENCHER O CAMPO COM A STRING: OCEANICA ENGENHARIA E CONSULTORIA S.A.
30-10-2023 18:55:00.131Z;functions.enter_coligada;  CLICK AVANÇAR NOVAMENTE
30-10-2023 18:55:00.993Z;functions.enter_coligada;  CLICK CONCLUIR
30-10-2023 18:55:11.773Z;functions.enter_coligada;  POP UP COLIGADA DESAPARECER
30-10-2023 18:55:12.394Z;functions.enter_contas_a_pagar;  CLICK - TOTVS - LINHA RM
30-10-2023 18:55:13.457Z;functions.enter_contas_a_pagar;  CLICK - BACK OFFICE
30-10-2023 18:55:15.760Z;functions.enter_contas_a_pagar;  CLICK - GESTAO FINANCEIRA
30-10-2023 18:55:21.017Z;functions.enter_contas_a_pagar;  CLICK - CONTAS A PAGAR
30-10-2023 18:55:21.091Z;functions.waitForImage;  LANÇAMENTOS image found.
30-10-2023 18:55:23.194Z;functions.enter_contas_a_pagar;  CLICA EM LANÇAMENTOS
30-10-2023 18:55:25.196Z;functions.data_filter;  CLICK - SELECIONA A DATA DE QUARTA FEIRA E DA PROXIMA TERÇA
30-10-2023 18:55:25.197Z;functions.data_filter;  QUARTA-FEIRA: 01-11-2023
30-10-2023 18:55:25.197Z;functions.data_filter;  TERCA-FEIRA: 07-11-2023
30-10-2023 18:55:31.629Z;functions.data_filter;  ESCREVE REMESSA BANCÁRIA NO FILTRO
30-10-2023 18:55:32.233Z;functions.data_filter;  CLICK - BUTÃO DE SELECAO DE FILTRO
30-10-2023 18:55:34.176Z;functions.data_filter;  INSERE - DATA DE QUARTA-FEIRA: 01-11-2023
30-10-2023 18:55:35.763Z;functions.data_filter;  INSERE - DATA DA PROX TERCA-FEIRA: 07-11-2023
30-10-2023 18:55:36.412Z;functions.data_filter;  CLICK - BUTÃO DE EXECUTAR O FILTRO
30-10-2023 18:55:42.199Z;functions.desmark_filter;  CLICK CHECKBOX LANÇAMENTOS A RECEBER
30-10-2023 18:55:43.035Z;functions.desmark_filter;  CLICK CHECKBOX LANÇAMENTOS BAIXADOS
30-10-2023 18:55:43.857Z;functions.desmark_filter;  CLICK CHECKBOX LANÇAMENTOS CANCELADOS
30-10-2023 18:55:44.740Z;functions.desmark_filter;  CLICK CHECKBOX LANÇAMENTOS FATURADOS
30-10-2023 18:55:45.633Z;functions.desmark_filter;  ATUALIZA O FILTRO
30-10-2023 18:55:45.633Z;functions.tabela_vazia;  VERIFICANDO SE A TABELA ESTÁ VAZIA
30-10-2023 18:55:58.324Z;functions.tabela_vazia;  ATENÇÃO: 

Este processo exige que seja selecionado ao menos um registro para sua execução.
Como não foi feita nenhuma seleção, você deseja executá-lo para TODOS os 1 registros?
30-10-2023 18:56:00.426Z;functions.tabela_vazia;  TABELA CONTÉM REGISTROS
30-10-2023 18:56:01.137Z;functions.desbloqueio;  SELECIONA TODAS AS TUPLAS
30-10-2023 18:56:01.240Z;functions.desbloqueio;  CONTROL P PARA SELECIONAR PROCESSO
30-10-2023 18:56:03.949Z;functions.desbloqueio;  7 SETAS PARA BAIXO - MANUTENÇÃO DE LANÇAMENTO
30-10-2023 18:56:06.052Z;functions.desbloqueio;  SETA PARA DIREITA
30-10-2023 18:56:08.962Z;functions.desbloqueio;  9 SETAS PARA BAIXO
30-10-2023 18:56:11.064Z;functions.desbloqueio;  ENTER PARA SELECIONAR DESBLOQUEIO ALTERAÇÃO
30-10-2023 18:56:14.306Z;functions.desbloqueio;  SELECIONA PROCESSO DA EXECUCAO DOS PROGRESSOS ABA INFERIOR
30-10-2023 18:56:16.690Z;functions.waitForImage;  FILTER CLEAN image found.
30-10-2023 18:56:18.692Z;functions.desbloqueio;  DESBLOQUEIO COM SUCESSO
30-10-2023 19:01:31.374Z;functions.show_exception_and_exit;  
Traceback (most recent call last):
  File "c:\Projetos\Remessa_Ferias_Rescisao\main.py", line 23, in <module>
    desbloqueio()
  File "c:\Projetos\Remessa_Ferias_Rescisao\SUBPROGRAMS\functions.py", line 332, in desbloqueio
    desbloqueio_error = waitForImage(image = exe_desbloqueio_erro, timeout=360, name = 'FILTER CLEAN')
                        ^^^^^^^^^^^^^^^^^^^^^^^^^^^^^^^^^^^^^^^^^^^^^^^^^^^^^^^^^^^^^^^^^^^^^^^^^^^^^^
  File "c:\Projetos\Remessa_Ferias_Rescisao\SUBPROGRAMS\functions.py", line 711, in waitForImage
    time.sleep(0.5)
KeyboardInterrupt
