30-10-2023 19:23:51.397Z;functions.bot_text_art;      ____   
30-10-2023 19:23:51.397Z;functions.bot_text_art;     [____]    
30-10-2023 19:23:51.397Z;functions.bot_text_art;   |=]()()[=|  
30-10-2023 19:23:51.398Z;functions.bot_text_art;     _\==/__    _____    ____     _        _____    ___   _  __
30-10-2023 19:23:51.398Z;functions.bot_text_art;   |__|   |_|  |  _  \  / ___|   | |      |_   _| / ___| | |/ /
30-10-2023 19:23:51.398Z;functions.bot_text_art;   |_|_/\_|_|  | |  | | | |      | |        | |   | |    | ' / 
30-10-2023 19:23:51.398Z;functions.bot_text_art;   | | __ | |  | |  | | | |      | |        | |   | |    |  <  
30-10-2023 19:23:51.399Z;functions.bot_text_art;   |_|[  ]|_|  | |__| | | |____  | |____   _| |_  | |__  | . \ 
30-10-2023 19:23:51.400Z;functions.bot_text_art;   \_|_||_|_/  |_____/   \_____| |______| |_____| \ ___| |_|\_\
30-10-2023 19:23:51.400Z;functions.bot_text_art;     |_||_|                                                     
30-10-2023 19:23:51.401Z;functions.bot_text_art;     | ||_|_   
30-10-2023 19:23:51.401Z;functions.bot_text_art;   |___||___|  
30-10-2023 19:23:51.401Z;functions.bot_text_art;               
30-10-2023 19:23:51.405Z;functions.open_RM;  OPEN PROGRAM RM
30-10-2023 19:23:58.594Z;functions.loggin_RM;  ENTER USER_NAME
30-10-2023 19:23:59.397Z;functions.loggin_RM;  ENTER PASSWORD
30-10-2023 19:24:00.092Z;functions.loggin_RM;  ENTER RM
30-10-2023 19:24:21.194Z;functions.enter_coligada;  CLICK CONTEXTO
30-10-2023 19:24:25.164Z;functions.enter_coligada;  CLICK COLIGADA 1
30-10-2023 19:24:26.335Z;functions.enter_coligada;  CLICK AVANÇAR
30-10-2023 19:24:28.118Z;functions.enter_coligada;  INSERE O COLIGADA CODE = 1
30-10-2023 19:24:28.219Z;functions.enter_coligada;  APERTA TAB PARA PREENCHER O CAMPO COM A STRING: OCEANICA ENGENHARIA E CONSULTORIA S.A.
30-10-2023 19:24:29.198Z;functions.enter_coligada;  CLICK AVANÇAR NOVAMENTE
30-10-2023 19:24:30.081Z;functions.enter_coligada;  CLICK CONCLUIR
30-10-2023 19:24:40.652Z;functions.enter_coligada;  POP UP COLIGADA DESAPARECER
30-10-2023 19:24:41.254Z;functions.enter_contas_a_pagar;  CLICK - TOTVS - LINHA RM
30-10-2023 19:24:42.316Z;functions.enter_contas_a_pagar;  CLICK - BACK OFFICE
30-10-2023 19:24:44.604Z;functions.enter_contas_a_pagar;  CLICK - GESTAO FINANCEIRA
30-10-2023 19:24:49.893Z;functions.enter_contas_a_pagar;  CLICK - CONTAS A PAGAR
30-10-2023 19:24:49.999Z;functions.waitForImage;  LANÇAMENTOS image found.
30-10-2023 19:24:52.102Z;functions.enter_contas_a_pagar;  CLICA EM LANÇAMENTOS
30-10-2023 19:24:54.104Z;functions.data_filter;  CLICK - SELECIONA A DATA DE QUARTA FEIRA E DA PROXIMA TERÇA
30-10-2023 19:24:54.104Z;functions.data_filter;  QUARTA-FEIRA: 01-11-2023
30-10-2023 19:24:54.105Z;functions.data_filter;  TERCA-FEIRA: 07-11-2023
30-10-2023 19:25:00.563Z;functions.data_filter;  ESCREVE REMESSA BANCÁRIA NO FILTRO
30-10-2023 19:25:01.167Z;functions.data_filter;  CLICK - BUTÃO DE SELECAO DE FILTRO
30-10-2023 19:25:03.098Z;functions.data_filter;  INSERE - DATA DE QUARTA-FEIRA: 01-11-2023
30-10-2023 19:25:04.722Z;functions.data_filter;  INSERE - DATA DA PROX TERCA-FEIRA: 07-11-2023
30-10-2023 19:25:05.358Z;functions.data_filter;  CLICK - BUTÃO DE EXECUTAR O FILTRO
30-10-2023 19:25:11.139Z;functions.desmark_filter;  CLICK CHECKBOX LANÇAMENTOS A RECEBER
30-10-2023 19:25:11.945Z;functions.desmark_filter;  CLICK CHECKBOX LANÇAMENTOS BAIXADOS
30-10-2023 19:25:12.790Z;functions.desmark_filter;  CLICK CHECKBOX LANÇAMENTOS CANCELADOS
30-10-2023 19:25:13.669Z;functions.desmark_filter;  CLICK CHECKBOX LANÇAMENTOS FATURADOS
30-10-2023 19:25:14.572Z;functions.desmark_filter;  ATUALIZA O FILTRO
30-10-2023 19:25:14.573Z;functions.tabela_vazia;  VERIFICANDO SE A TABELA ESTÁ VAZIA
30-10-2023 19:25:27.270Z;functions.tabela_vazia;  ATENÇÃO: 

Este processo exige que seja selecionado ao menos um registro para sua execução.
Como não foi feita nenhuma seleção, você deseja executá-lo para TODOS os 1 registros?
30-10-2023 19:25:29.372Z;functions.tabela_vazia;  TABELA CONTÉM REGISTROS
30-10-2023 19:25:30.084Z;functions.desbloqueio;  SELECIONA TODAS AS TUPLAS
30-10-2023 19:25:30.187Z;functions.desbloqueio;  CONTROL P PARA SELECIONAR PROCESSO
30-10-2023 19:25:32.894Z;functions.desbloqueio;  7 SETAS PARA BAIXO - MANUTENÇÃO DE LANÇAMENTO
30-10-2023 19:25:34.997Z;functions.desbloqueio;  SETA PARA DIREITA
30-10-2023 19:25:37.906Z;functions.desbloqueio;  9 SETAS PARA BAIXO
30-10-2023 19:25:40.008Z;functions.desbloqueio;  ENTER PARA SELECIONAR DESBLOQUEIO ALTERAÇÃO
30-10-2023 19:25:43.406Z;functions.desbloqueio;  SELECIONA PROCESSO DA EXECUCAO DOS PROGRESSOS ABA INFERIOR
30-10-2023 19:31:53.661Z;functions.show_exception_and_exit;  'NoneType' object has no attribute 'get_text'
Traceback (most recent call last):
  File "c:\Projetos\Remessa_Ferias_Rescisao\main.py", line 23, in <module>
    desbloqueio()
  File "c:\Projetos\Remessa_Ferias_Rescisao\SUBPROGRAMS\functions.py", line 327, in desbloqueio
    txt_msg = get_txt_msg.get_text()
              ^^^^^^^^^^^^^^^^^^^^
AttributeError: 'NoneType' object has no attribute 'get_text'
