21-06-2024 14:30:29.402Z;functions.bot_text_art;      ____     
21-06-2024 14:30:29.402Z;functions.bot_text_art;     [____]    
21-06-2024 14:30:29.402Z;functions.bot_text_art;   |=]()()[=|  
21-06-2024 14:30:29.402Z;functions.bot_text_art;     _\==/__    _____    ____     _        _____    ___   _  __ 
21-06-2024 14:30:29.402Z;functions.bot_text_art;   |__|   |_|  |  _  \  / ___|   | |      |_   _| / ___| | |/ / 
21-06-2024 14:30:29.418Z;functions.bot_text_art;   |_|_/\_|_|  | |  | | | |      | |        | |   | |    | ' /  
21-06-2024 14:30:29.418Z;functions.bot_text_art;   | | __ | |  | |  | | | |      | |        | |   | |    |  <   
21-06-2024 14:30:29.418Z;functions.bot_text_art;   |_|[  ]|_|  | |__| | | |____  | |____   _| |_  | |__  | . \  
21-06-2024 14:30:29.418Z;functions.bot_text_art;   \_|_||_|_/  |_____/   \_____| |______| |_____| \ ___| |_|\_\ 
21-06-2024 14:30:29.418Z;functions.bot_text_art;     |_||_|    
21-06-2024 14:30:29.418Z;functions.bot_text_art;     | ||_|_   
21-06-2024 14:30:29.418Z;functions.bot_text_art;   |___||___|  
21-06-2024 14:30:29.418Z;functions.bot_text_art;               
21-06-2024 14:30:29.433Z;functions.open_RM;  OPEN PROGRAM RM
21-06-2024 14:30:48.792Z;functions.loggin_RM;  ACHOU O PANE PICTURE
21-06-2024 14:30:49.940Z;functions.loggin_RM;  ENCONTRA USE FIELD
21-06-2024 14:30:50.214Z;functions.loggin_RM;  DUPLO CLICK
21-06-2024 14:30:53.605Z;functions.loggin_RM;  ENTRAR USER_NAME
21-06-2024 14:30:54.933Z;functions.loggin_RM;  ENCONTRA PASS FIELD
21-06-2024 14:30:55.214Z;functions.loggin_RM;  CLICK
21-06-2024 14:30:57.341Z;functions.loggin_RM;  ENTRAR PASSWORD
21-06-2024 14:30:58.839Z;functions.loggin_RM;  ENTRAR RM
21-06-2024 14:31:59.888Z;functions.loggin_RM;  FILTRO NÃO ENCONTRADO DE INICIO
21-06-2024 14:33:02.229Z;functions.loggin_RM;  FILTRO NÃO ENCONTRADO DE INICIO
21-06-2024 14:34:04.138Z;functions.loggin_RM;  FILTRO NÃO ENCONTRADO DE INICIO
21-06-2024 14:34:04.138Z;functions.enter_coligada;  AGUARDANDO 1
21-06-2024 14:34:05.432Z;functions.enter_coligada;  CLICK CONTEXTO
21-06-2024 14:34:08.058Z;functions.enter_coligada;  CLICK ALTERAR MODULO DO CONTEXTO
21-06-2024 14:34:11.807Z;functions.enter_coligada;  INSERE O COLIGADA CODE = 1
21-06-2024 14:34:11.910Z;functions.enter_coligada;  APERTA TAB PARA PREENCHER O CAMPO COM A STRING: OCEANICA ENGENHARIA E CONSULTORIA S.A.
21-06-2024 14:34:13.901Z;functions.enter_coligada;  CLICK AVANÇAR NOVAMENTE
21-06-2024 14:34:15.057Z;functions.enter_coligada;  CLICK CONCLUIR
21-06-2024 14:34:35.292Z;functions.waitForImage;  TROCA COLIGADA image not found.
21-06-2024 14:34:56.104Z;functions.enter_coligada;  POP UP COLIGADA DESAPARECER
21-06-2024 14:34:57.057Z;functions.check_movimentacao_bancaria;  CLICK - TOTVS - LINHA RM
21-06-2024 14:34:58.745Z;functions.check_movimentacao_bancaria;  CLICK - BACK OFFICE
21-06-2024 14:35:01.432Z;functions.check_movimentacao_bancaria;  CLICK - GESTAO FINANCEIRA
21-06-2024 14:35:01.432Z;functions.obter_intervalo_data;  VERIFICANDO A HORA ATUAL 14
21-06-2024 14:35:01.456Z;functions.obter_intervalo_data;  Data Inicial PENSAO antes da remoção: None
21-06-2024 14:35:01.456Z;functions.obter_intervalo_data;  Data Final PENSAO antes da remoção: None
21-06-2024 14:35:01.463Z;functions.obter_intervalo_data;  Data Inicial PENSAO após a remoção: None
21-06-2024 14:35:01.463Z;functions.obter_intervalo_data;  Data Final PENSAO após a remoção: None
21-06-2024 14:35:01.463Z;functions.obter_intervalo_data;  hoje -  2024-06-21 14:35:01.463743
21-06-2024 14:35:01.463Z;functions.check_movimentacao_bancaria;  DATA INICIO 26-06-2024
21-06-2024 14:35:01.463Z;functions.check_movimentacao_bancaria;  DATA FIM 02-07-2024
21-06-2024 14:35:01.463Z;functions.movimentacao_bancaria;  AGUARDANDO 1
21-06-2024 14:35:07.495Z;functions.movimentacao_bancaria;  CLICK NA ABA MOVIMENTAÇÃO BANCARIA
21-06-2024 14:35:09.729Z;functions.waitForImage;  IMAGEM BORDERO image found.
21-06-2024 14:35:11.846Z;functions.movimentacao_bancaria;  IMAGEM BORDERO CLICADA.
21-06-2024 14:35:22.209Z;functions.waitForImage;  LICENCAS EXCEDIDAS image not found.
21-06-2024 14:35:24.620Z;functions.waitForImage;  LICENCE SERVER image not found.
21-06-2024 14:35:25.307Z;functions.movimentacao_bancaria;  ENCONTROU O FILTRO DA MOVIMENTAÇÃO BANCÁRIA
21-06-2024 14:35:25.369Z;functions.movimentacao_bancaria;  CLICA NA ABA SUPERIOR DO FILTRO
21-06-2024 14:35:29.579Z;functions.movimentacao_bancaria;  SELECIONA O FILTRO HOJE
21-06-2024 14:35:29.579Z;functions.filter_clean;  FUNÇÃO LIMPA FILTRO
21-06-2024 14:35:34.057Z;functions.waitForImage;  FILTER CLEAN image found.
21-06-2024 14:35:36.191Z;functions.filter_clean;  CLICK NO BOTÃO X DO LIMPA FILTRO
21-06-2024 14:35:36.401Z;functions.waitForImage;  FILTER CLEAN image found.
21-06-2024 14:35:38.533Z;functions.filter_clean;  CLICK NO BOTÃO X DO LIMPA FILTRO
21-06-2024 14:35:53.838Z;functions.waitForImage;  FILTER CLEAN image not found.
21-06-2024 14:35:55.463Z;functions.movimentacao_bancaria;  CLICK NA PRIMEIRA LINHA DA TABELA MOVIMENTAÇÃO BANCÁRIA
21-06-2024 14:35:56.687Z;functions.movimentacao_bancaria;  12 PASSOS PARA DIREITA NA TABELA >>
21-06-2024 14:35:58.932Z;functions.movimentacao_bancaria;  HOVER FILTER
21-06-2024 14:35:59.403Z;functions.movimentacao_bancaria;  CLICK FILTER
21-06-2024 14:36:03.726Z;functions.movimentacao_bancaria;  CLICK NO FILTRO  STATUS DA REMESSA
21-06-2024 14:36:05.829Z;functions.movimentacao_bancaria;  APERTA TAB PARA ESCREVER O FILTRO
21-06-2024 14:36:07.941Z;functions.movimentacao_bancaria;  ESCREVE PENDENTE NO FILTRO
21-06-2024 14:36:10.044Z;functions.movimentacao_bancaria;  APERTA ENTER PARA SELECIONAR OS PENDENTES
21-06-2024 14:36:32.104Z;functions.movimentacao_bancaria;  SEM REGISTROS DE PROCESSO DE BORDERO PENDENTE
21-06-2024 14:36:32.104Z;functions.filter_clean;  FUNÇÃO LIMPA FILTRO
21-06-2024 14:36:32.311Z;functions.waitForImage;  FILTER CLEAN image found.
21-06-2024 14:36:34.440Z;functions.filter_clean;  CLICK NO BOTÃO X DO LIMPA FILTRO
21-06-2024 14:36:49.619Z;functions.waitForImage;  FILTER CLEAN image not found.
21-06-2024 14:37:04.869Z;functions.waitForImage;  FILTER CLEAN image not found.
21-06-2024 14:37:06.994Z;functions.remessa_pagamento;  CLICK NA PRIMEIRA LINHA DA TABELA MOVIMENTAÇÃO BANCÁRIA
21-06-2024 14:37:09.182Z;functions.remessa_pagamento;  HOVER FILTER
21-06-2024 14:37:09.732Z;functions.remessa_pagamento;  CLICK FILTER
21-06-2024 14:37:14.061Z;functions.remessa_pagamento;  CLICK NO FILTRO  STATUS DA REMESSA
21-06-2024 14:37:16.164Z;functions.remessa_pagamento;  APERTA TAB PARA ESCREVER O FILTRO
21-06-2024 14:37:18.280Z;functions.remessa_pagamento;  ESCREVE AUTORIZADO NO FILTRO
21-06-2024 14:37:20.383Z;functions.remessa_pagamento;  APERTA ENTER PARA SELECIONAR OS AUTORIZADOS
21-06-2024 14:37:43.885Z;functions.remessa_pagamento;  SEM REMESSA DE BORDERO AUTORIZADO
21-06-2024 14:37:44.838Z;functions.enter_contas_a_pagar;  CLICK - TOTVS - LINHA RM
21-06-2024 14:37:46.182Z;functions.enter_contas_a_pagar;  CLICK - BACK OFFICE
21-06-2024 14:37:48.869Z;functions.enter_contas_a_pagar;  CLICK - GESTAO FINANCEIRA
21-06-2024 14:37:55.057Z;functions.enter_contas_a_pagar;  CLICK - CONTAS A PAGAR
21-06-2024 14:37:55.979Z;functions.waitForImage;  LANÇAMENTOS image found.
21-06-2024 14:37:58.095Z;functions.enter_contas_a_pagar;  CLICA EM LANÇAMENTOS
21-06-2024 14:38:13.322Z;functions.waitForImage;  LICENCAS EXCEDIDAS image not found.
21-06-2024 14:38:13.322Z;functions.data_filter;  CLICK - SELECIONA A DATA DE QUARTA FEIRA E DA PROXIMA TERÇA
21-06-2024 14:38:13.322Z;functions.data_filter;  QUARTA-FEIRA: 26-06-2024
21-06-2024 14:38:13.322Z;functions.data_filter;  TERCA-FEIRA: 02-07-2024
21-06-2024 14:38:25.557Z;functions.data_filter;  CLICK - BUTÃO DE SELECAO DE FILTRO
21-06-2024 14:38:30.416Z;functions.data_filter;  INSERE - DATA DE QUARTA-FEIRA: 26-06-2024
21-06-2024 14:38:34.697Z;functions.data_filter;  INSERE - DATA DA PROX TERCA-FEIRA: 02-07-2024
21-06-2024 14:38:35.775Z;functions.data_filter;  CLICK - BUTÃO DE EXECUTAR O FILTRO
21-06-2024 14:38:40.779Z;functions.desmark_filter;  AGUARDANDO 1
21-06-2024 14:38:43.119Z;functions.desmark_filter;  CLICK CHECKBOX LANÇAMENTOS A RECEBER
21-06-2024 14:38:45.681Z;functions.desmark_filter;  CLICK CHECKBOX LANÇAMENTOS BAIXADOS
21-06-2024 14:38:48.463Z;functions.desmark_filter;  CLICK CHECKBOX LANÇAMENTOS CANCELADOS
21-06-2024 14:38:51.244Z;functions.desmark_filter;  CLICK CHECKBOX LANÇAMENTOS FATURADOS
21-06-2024 14:38:54.213Z;functions.desmark_filter;  ATUALIZA O FILTRO
21-06-2024 14:38:54.213Z;functions.filter_clean;  FUNÇÃO LIMPA FILTRO
21-06-2024 14:38:54.432Z;functions.waitForImage;  FILTER CLEAN image found.
21-06-2024 14:38:56.542Z;functions.filter_clean;  CLICK NO BOTÃO X DO LIMPA FILTRO
21-06-2024 14:39:11.729Z;functions.waitForImage;  FILTER CLEAN image not found.
21-06-2024 14:39:27.062Z;functions.waitForImage;  FILTER CLEAN image not found.
21-06-2024 14:39:30.463Z;functions.tabela_vazia;  Texto extraido 0/0
21-06-2024 14:39:30.463Z;functions.tabela_vazia;  Count 0
21-06-2024 14:39:30.463Z;functions.tabela_vazia;  Type <class 'int'>
21-06-2024 14:39:32.476Z;functions.tabela_vazia;  SEM REMESSA DE FÉRIAS/RESCISÃO
21-06-2024 14:39:34.477Z;main.<module>;  SEM REMESSA DE PENSÃO
21-06-2024 14:39:36.946Z;errorhandler.__handle;  Property: Unknown Property name. [1:203: -ms-interpolation-mode]
21-06-2024 14:39:36.993Z;errorhandler.__handle;  Property: Unknown Property name. [1:353: -webkit-font-smoothing]
21-06-2024 14:39:37.008Z;errorhandler.__handle;  Property: Unknown Property name. [1:483: -ms-text-size-adjust]
21-06-2024 14:39:37.008Z;errorhandler.__handle;  Property: Unknown Property name. [1:518: -webkit-text-size-adjust]
21-06-2024 14:39:37.008Z;errorhandler.__handle;  Property: Unknown Property name. [1:612: mso-table-lspace]
21-06-2024 14:39:37.008Z;errorhandler.__handle;  Property: Unknown Property name. [1:642: mso-table-rspace]
21-06-2024 14:39:37.245Z;errorhandler.__handle;  Property: Unknown Property name. [1:4734: mso-hide]
21-06-2024 14:39:37.359Z;errorhandler.__handle;  Property: Unknown Property name. [1:13: -ms-interpolation-mode]
21-06-2024 14:39:37.362Z;errorhandler.__handle;  Property: Unknown Property name. [1:49: -webkit-font-smoothing]
21-06-2024 14:39:37.366Z;errorhandler.__handle;  Property: Unknown Property name. [1:134: -ms-text-size-adjust]
21-06-2024 14:39:37.366Z;errorhandler.__handle;  Property: Unknown Property name. [1:160: -webkit-text-size-adjust]
21-06-2024 14:39:37.370Z;errorhandler.__handle;  Property: Unknown Property name. [1:26: mso-table-lspace]
21-06-2024 14:39:37.371Z;errorhandler.__handle;  Property: Unknown Property name. [1:45: mso-table-rspace]
21-06-2024 14:39:37.410Z;errorhandler.__handle;  Property: Unknown Property name. [1:92: mso-hide]
21-06-2024 14:39:37.423Z;errorhandler.__handle;  Property: No ":" after name found: align-center [1:1: align-center]
21-06-2024 14:39:37.424Z;errorhandler.__handle;  Property: No property value found: align-center [1:1: align-center]
21-06-2024 14:39:37.424Z;errorhandler.__handle;  CSSStyleDeclaration: Syntax Error in Property: align-center
21-06-2024 14:39:37.427Z;errorhandler.__handle;  Property: Unknown Property name. [1:14: -ms-interpolation-mode]
21-06-2024 14:39:39.826Z;functions.emailFinalizado;  Warning e-mail sent.
21-06-2024 14:39:40.072Z;functions.encerra_prog;  RM ENCERRADO
