26-04-2024 14:30:23.051Z;functions.bot_text_art;      ____     
26-04-2024 14:30:23.051Z;functions.bot_text_art;     [____]    
26-04-2024 14:30:23.051Z;functions.bot_text_art;   |=]()()[=|  
26-04-2024 14:30:23.051Z;functions.bot_text_art;     _\==/__    _____    ____     _        _____    ___   _  __ 
26-04-2024 14:30:23.051Z;functions.bot_text_art;   |__|   |_|  |  _  \  / ___|   | |      |_   _| / ___| | |/ / 
26-04-2024 14:30:23.051Z;functions.bot_text_art;   |_|_/\_|_|  | |  | | | |      | |        | |   | |    | ' /  
26-04-2024 14:30:23.051Z;functions.bot_text_art;   | | __ | |  | |  | | | |      | |        | |   | |    |  <   
26-04-2024 14:30:23.051Z;functions.bot_text_art;   |_|[  ]|_|  | |__| | | |____  | |____   _| |_  | |__  | . \  
26-04-2024 14:30:23.051Z;functions.bot_text_art;   \_|_||_|_/  |_____/   \_____| |______| |_____| \ ___| |_|\_\ 
26-04-2024 14:30:23.051Z;functions.bot_text_art;     |_||_|    
26-04-2024 14:30:23.051Z;functions.bot_text_art;     | ||_|_   
26-04-2024 14:30:23.051Z;functions.bot_text_art;   |___||___|  
26-04-2024 14:30:23.051Z;functions.bot_text_art;               
26-04-2024 14:30:23.066Z;functions.open_RM;  OPEN PROGRAM RM
26-04-2024 14:30:33.520Z;functions.loggin_RM;  ACHOU O PANE PICTURE
26-04-2024 14:30:34.159Z;functions.loggin_RM;  ENCONTRA USE FIELD
26-04-2024 14:30:34.253Z;functions.loggin_RM;  DUPLO CLICK
26-04-2024 14:30:37.254Z;functions.loggin_RM;  ENTRAR USER_NAME
26-04-2024 14:30:37.910Z;functions.loggin_RM;  ENCONTRA PASS FIELD
26-04-2024 14:30:37.988Z;functions.loggin_RM;  CLICK
26-04-2024 14:30:40.098Z;functions.loggin_RM;  ENTRAR PASSWORD
26-04-2024 14:30:40.784Z;functions.loggin_RM;  ENTRAR RM
26-04-2024 14:31:23.535Z;functions.enter_coligada;  CLICK CONTEXTO
26-04-2024 14:31:27.631Z;functions.enter_coligada;  CLICK ALTERAR MODULO DO CONTEXTO
26-04-2024 14:31:30.943Z;functions.enter_coligada;  INSERE O COLIGADA CODE = 1
26-04-2024 14:31:31.045Z;functions.enter_coligada;  APERTA TAB PARA PREENCHER O CAMPO COM A STRING: OCEANICA ENGENHARIA E CONSULTORIA S.A.
26-04-2024 14:31:32.910Z;functions.enter_coligada;  CLICK AVANÇAR NOVAMENTE
26-04-2024 14:31:34.337Z;functions.enter_coligada;  CLICK CONCLUIR
26-04-2024 14:31:50.332Z;functions.enter_coligada;  POP UP COLIGADA DESAPARECER
26-04-2024 14:31:50.942Z;functions.check_movimentacao_bancaria;  CLICK - TOTVS - LINHA RM
26-04-2024 14:31:51.988Z;functions.check_movimentacao_bancaria;  CLICK - BACK OFFICE
26-04-2024 14:31:54.254Z;functions.check_movimentacao_bancaria;  CLICK - GESTAO FINANCEIRA
26-04-2024 14:32:05.879Z;functions.movimentacao_bancaria;  CLICK NA ABA MOVIMENTAÇÃO BANCARIA
26-04-2024 14:32:07.990Z;functions.waitForImage;  IMAGEM BORDERO image found.
26-04-2024 14:32:10.113Z;functions.movimentacao_bancaria;  IMAGEM BORDERO CLICADA.
26-04-2024 14:32:20.518Z;functions.waitForImage;  LICENCAS EXCEDIDAS image not found.
26-04-2024 14:32:22.997Z;functions.waitForImage;  LICENCE SERVER image not found.
26-04-2024 14:32:23.560Z;functions.movimentacao_bancaria;  ENCONTROU O FILTRO DA MOVIMENTAÇÃO BANCÁRIA
26-04-2024 14:32:23.591Z;functions.movimentacao_bancaria;  CLICA NA ABA SUPERIOR DO FILTRO
26-04-2024 14:32:27.796Z;functions.movimentacao_bancaria;  SELECIONA O FILTRO HOJE
26-04-2024 14:32:27.796Z;functions.filter_clean;  FUNÇÃO LIMPA FILTRO
26-04-2024 14:32:30.915Z;functions.waitForImage;  FILTER CLEAN image found.
26-04-2024 14:32:33.033Z;functions.filter_clean;  CLICK NO BOTÃO X DO LIMPA FILTRO
26-04-2024 14:32:48.068Z;functions.waitForImage;  FILTER CLEAN image not found.
26-04-2024 14:33:03.157Z;functions.waitForImage;  FILTER CLEAN image not found.
26-04-2024 14:33:03.941Z;functions.movimentacao_bancaria;  CLICK NA PRIMEIRA LINHA DA TABELA MOVIMENTAÇÃO BANCÁRIA
26-04-2024 14:33:05.155Z;functions.movimentacao_bancaria;  12 PASSOS PARA DIREITA NA TABELA >>
26-04-2024 14:33:06.629Z;functions.movimentacao_bancaria;  HOVER FILTER
26-04-2024 14:33:06.985Z;functions.movimentacao_bancaria;  CLICK FILTER
26-04-2024 14:33:11.295Z;functions.movimentacao_bancaria;  CLICK NO FILTRO  STATUS DA REMESSA
26-04-2024 14:33:13.396Z;functions.movimentacao_bancaria;  APERTA TAB PARA ESCREVER O FILTRO
26-04-2024 14:33:15.501Z;functions.movimentacao_bancaria;  ESCREVE PENDENTE NO FILTRO
26-04-2024 14:33:17.603Z;functions.movimentacao_bancaria;  APERTA ENTER PARA SELECIONAR OS PENDENTES
26-04-2024 14:33:37.582Z;functions.movimentacao_bancaria;  SEM REGISTROS DE PROCESSO DE BORDERO PENDENTE
26-04-2024 14:33:37.582Z;functions.filter_clean;  FUNÇÃO LIMPA FILTRO
26-04-2024 14:33:37.676Z;functions.waitForImage;  FILTER CLEAN image found.
26-04-2024 14:33:39.809Z;functions.filter_clean;  CLICK NO BOTÃO X DO LIMPA FILTRO
26-04-2024 14:33:54.850Z;functions.waitForImage;  FILTER CLEAN image not found.
26-04-2024 14:34:09.962Z;functions.waitForImage;  FILTER CLEAN image not found.
26-04-2024 14:34:10.769Z;functions.remessa_pagamento;  CLICK NA PRIMEIRA LINHA DA TABELA MOVIMENTAÇÃO BANCÁRIA
26-04-2024 14:34:12.020Z;functions.remessa_pagamento;  HOVER FILTER
26-04-2024 14:34:12.303Z;functions.remessa_pagamento;  CLICK FILTER
26-04-2024 14:34:16.615Z;functions.remessa_pagamento;  CLICK NO FILTRO  STATUS DA REMESSA
26-04-2024 14:34:18.716Z;functions.remessa_pagamento;  APERTA TAB PARA ESCREVER O FILTRO
26-04-2024 14:34:20.823Z;functions.remessa_pagamento;  ESCREVE AUTORIZADO NO FILTRO
26-04-2024 14:34:22.924Z;functions.remessa_pagamento;  APERTA ENTER PARA SELECIONAR OS AUTORIZADOS
26-04-2024 14:34:43.847Z;functions.remessa_pagamento;  SEM REMESSA DE BORDERO AUTORIZADO
26-04-2024 14:34:44.457Z;functions.enter_contas_a_pagar;  CLICK - TOTVS - LINHA RM
26-04-2024 14:34:45.413Z;functions.enter_contas_a_pagar;  CLICK - BACK OFFICE
26-04-2024 14:34:46.120Z;functions.enter_contas_a_pagar;  CLICK - GESTAO FINANCEIRA
26-04-2024 14:34:57.708Z;functions.enter_contas_a_pagar;  CLICK - CONTAS A PAGAR
26-04-2024 14:34:57.861Z;functions.waitForImage;  LANÇAMENTOS image found.
26-04-2024 14:34:59.981Z;functions.enter_contas_a_pagar;  CLICA EM LANÇAMENTOS
26-04-2024 14:35:15.321Z;functions.waitForImage;  LICENCAS EXCEDIDAS image not found.
26-04-2024 14:35:15.321Z;functions.obter_intervalo_data;  VERIFICANDO A HORA ATUAL 14
26-04-2024 14:35:15.321Z;functions.obter_intervalo_data;  Data Inicial PENSAO antes da remoção: None
26-04-2024 14:35:15.321Z;functions.obter_intervalo_data;  Data Final PENSAO antes da remoção: None
26-04-2024 14:35:15.321Z;functions.obter_intervalo_data;  Data Inicial PENSAO após a remoção: None
26-04-2024 14:35:15.321Z;functions.obter_intervalo_data;  Data Final PENSAO após a remoção: None
26-04-2024 14:35:15.321Z;functions.obter_intervalo_data;  hoje -  2024-04-26 14:35:15.321424
26-04-2024 14:35:15.321Z;functions.data_filter;  DATA INICIO 01-05-2024
26-04-2024 14:35:15.321Z;functions.data_filter;  DATA FIM 07-05-2024
26-04-2024 14:35:15.321Z;functions.data_filter;  CLICK - SELECIONA A DATA DE QUARTA FEIRA E DA PROXIMA TERÇA
26-04-2024 14:35:15.321Z;functions.data_filter;  QUARTA-FEIRA: 01-05-2024
26-04-2024 14:35:15.321Z;functions.data_filter;  TERCA-FEIRA: 07-05-2024
26-04-2024 14:35:26.457Z;functions.data_filter;  CLICK - BUTÃO DE SELECAO DE FILTRO
26-04-2024 14:35:30.191Z;functions.data_filter;  INSERE - DATA DE QUARTA-FEIRA: 01-05-2024
26-04-2024 14:35:33.691Z;functions.data_filter;  INSERE - DATA DA PROX TERCA-FEIRA: 07-05-2024
26-04-2024 14:35:34.316Z;functions.data_filter;  CLICK - BUTÃO DE EXECUTAR O FILTRO
26-04-2024 14:35:40.097Z;functions.desmark_filter;  CLICK CHECKBOX LANÇAMENTOS A RECEBER
26-04-2024 14:35:40.910Z;functions.desmark_filter;  CLICK CHECKBOX LANÇAMENTOS BAIXADOS
26-04-2024 14:35:41.755Z;functions.desmark_filter;  CLICK CHECKBOX LANÇAMENTOS CANCELADOS
26-04-2024 14:35:42.622Z;functions.desmark_filter;  CLICK CHECKBOX LANÇAMENTOS FATURADOS
26-04-2024 14:35:43.534Z;functions.desmark_filter;  ATUALIZA O FILTRO
26-04-2024 14:35:43.534Z;functions.filter_clean;  FUNÇÃO LIMPA FILTRO
26-04-2024 14:35:43.676Z;functions.waitForImage;  FILTER CLEAN image found.
26-04-2024 14:35:45.806Z;functions.filter_clean;  CLICK NO BOTÃO X DO LIMPA FILTRO
26-04-2024 14:36:00.807Z;functions.waitForImage;  FILTER CLEAN image not found.
26-04-2024 14:36:16.379Z;functions.waitForImage;  FILTER CLEAN image not found.
26-04-2024 14:36:17.316Z;functions.tabela_vazia;  Texto extraido 0/0
26-04-2024 14:36:17.316Z;functions.tabela_vazia;  Count 0
26-04-2024 14:36:17.316Z;functions.tabela_vazia;  Type <class 'int'>
26-04-2024 14:36:19.324Z;functions.tabela_vazia;  SEM REMESSA DE FÉRIAS/RESCISÃO
26-04-2024 14:36:21.324Z;main.<module>;  SEM REMESSA DE PENSÃO
26-04-2024 14:36:23.395Z;errorhandler.__handle;  Property: Unknown Property name. [1:203: -ms-interpolation-mode]
26-04-2024 14:36:23.410Z;errorhandler.__handle;  Property: Unknown Property name. [1:353: -webkit-font-smoothing]
26-04-2024 14:36:23.410Z;errorhandler.__handle;  Property: Unknown Property name. [1:483: -ms-text-size-adjust]
26-04-2024 14:36:23.410Z;errorhandler.__handle;  Property: Unknown Property name. [1:518: -webkit-text-size-adjust]
26-04-2024 14:36:23.410Z;errorhandler.__handle;  Property: Unknown Property name. [1:612: mso-table-lspace]
26-04-2024 14:36:23.410Z;errorhandler.__handle;  Property: Unknown Property name. [1:642: mso-table-rspace]
26-04-2024 14:36:23.457Z;errorhandler.__handle;  Property: Unknown Property name. [1:4734: mso-hide]
26-04-2024 14:36:23.488Z;errorhandler.__handle;  Property: Unknown Property name. [1:13: -ms-interpolation-mode]
26-04-2024 14:36:23.488Z;errorhandler.__handle;  Property: Unknown Property name. [1:49: -webkit-font-smoothing]
26-04-2024 14:36:23.488Z;errorhandler.__handle;  Property: Unknown Property name. [1:134: -ms-text-size-adjust]
26-04-2024 14:36:23.488Z;errorhandler.__handle;  Property: Unknown Property name. [1:160: -webkit-text-size-adjust]
26-04-2024 14:36:23.488Z;errorhandler.__handle;  Property: Unknown Property name. [1:26: mso-table-lspace]
26-04-2024 14:36:23.488Z;errorhandler.__handle;  Property: Unknown Property name. [1:45: mso-table-rspace]
26-04-2024 14:36:23.504Z;errorhandler.__handle;  Property: Unknown Property name. [1:92: mso-hide]
26-04-2024 14:36:23.504Z;errorhandler.__handle;  Property: No ":" after name found: align-center [1:1: align-center]
26-04-2024 14:36:23.504Z;errorhandler.__handle;  Property: No property value found: align-center [1:1: align-center]
26-04-2024 14:36:23.504Z;errorhandler.__handle;  CSSStyleDeclaration: Syntax Error in Property: align-center
26-04-2024 14:36:23.504Z;errorhandler.__handle;  Property: Unknown Property name. [1:14: -ms-interpolation-mode]
26-04-2024 14:36:25.754Z;functions.emailFinalizado;  Warning e-mail sent.
26-04-2024 14:36:25.838Z;functions.encerra_prog;  RM ENCERRADO
