26-04-2024 20:30:14.118Z;functions.bot_text_art;      ____     
26-04-2024 20:30:14.118Z;functions.bot_text_art;     [____]    
26-04-2024 20:30:14.118Z;functions.bot_text_art;   |=]()()[=|  
26-04-2024 20:30:14.118Z;functions.bot_text_art;     _\==/__    _____    ____     _        _____    ___   _  __ 
26-04-2024 20:30:14.118Z;functions.bot_text_art;   |__|   |_|  |  _  \  / ___|   | |      |_   _| / ___| | |/ / 
26-04-2024 20:30:14.118Z;functions.bot_text_art;   |_|_/\_|_|  | |  | | | |      | |        | |   | |    | ' /  
26-04-2024 20:30:14.118Z;functions.bot_text_art;   | | __ | |  | |  | | | |      | |        | |   | |    |  <   
26-04-2024 20:30:14.118Z;functions.bot_text_art;   |_|[  ]|_|  | |__| | | |____  | |____   _| |_  | |__  | . \  
26-04-2024 20:30:14.118Z;functions.bot_text_art;   \_|_||_|_/  |_____/   \_____| |______| |_____| \ ___| |_|\_\ 
26-04-2024 20:30:14.118Z;functions.bot_text_art;     |_||_|    
26-04-2024 20:30:14.118Z;functions.bot_text_art;     | ||_|_   
26-04-2024 20:30:14.118Z;functions.bot_text_art;   |___||___|  
26-04-2024 20:30:14.118Z;functions.bot_text_art;               
26-04-2024 20:30:14.118Z;functions.open_RM;  OPEN PROGRAM RM
26-04-2024 20:30:29.446Z;functions.loggin_RM;  ACHOU O PANE PICTURE
26-04-2024 20:30:30.071Z;functions.loggin_RM;  ENCONTRA USE FIELD
26-04-2024 20:30:30.165Z;functions.loggin_RM;  DUPLO CLICK
26-04-2024 20:30:33.132Z;functions.loggin_RM;  ENTRAR USER_NAME
26-04-2024 20:30:33.773Z;functions.loggin_RM;  ENCONTRA PASS FIELD
26-04-2024 20:30:33.836Z;functions.loggin_RM;  CLICK
26-04-2024 20:30:35.945Z;functions.loggin_RM;  ENTRAR PASSWORD
26-04-2024 20:30:36.602Z;functions.loggin_RM;  ENTRAR RM
26-04-2024 20:31:43.820Z;functions.enter_coligada;  CLICK CONTEXTO
26-04-2024 20:31:48.121Z;functions.enter_coligada;  CLICK ALTERAR MODULO DO CONTEXTO
26-04-2024 20:31:52.641Z;functions.enter_coligada;  INSERE O COLIGADA CODE = 1
26-04-2024 20:31:52.742Z;functions.enter_coligada;  APERTA TAB PARA PREENCHER O CAMPO COM A STRING: OCEANICA ENGENHARIA E CONSULTORIA S.A.
26-04-2024 20:31:55.617Z;functions.enter_coligada;  CLICK AVANÇAR NOVAMENTE
26-04-2024 20:31:57.617Z;functions.enter_coligada;  CLICK CONCLUIR
26-04-2024 20:32:24.507Z;functions.enter_coligada;  POP UP COLIGADA DESAPARECER
26-04-2024 20:32:25.101Z;functions.check_movimentacao_bancaria;  CLICK - TOTVS - LINHA RM
26-04-2024 20:32:26.136Z;functions.check_movimentacao_bancaria;  CLICK - BACK OFFICE
26-04-2024 20:32:28.430Z;functions.check_movimentacao_bancaria;  CLICK - GESTAO FINANCEIRA
26-04-2024 20:32:42.711Z;functions.movimentacao_bancaria;  CLICK NA ABA MOVIMENTAÇÃO BANCARIA
26-04-2024 20:32:44.822Z;functions.waitForImage;  IMAGEM BORDERO image found.
26-04-2024 20:32:46.944Z;functions.movimentacao_bancaria;  IMAGEM BORDERO CLICADA.
26-04-2024 20:32:57.304Z;functions.waitForImage;  LICENCAS EXCEDIDAS image not found.
26-04-2024 20:32:59.767Z;functions.waitForImage;  LICENCE SERVER image not found.
26-04-2024 20:33:00.332Z;functions.movimentacao_bancaria;  ENCONTROU O FILTRO DA MOVIMENTAÇÃO BANCÁRIA
26-04-2024 20:33:00.355Z;functions.movimentacao_bancaria;  CLICA NA ABA SUPERIOR DO FILTRO
26-04-2024 20:33:04.559Z;functions.movimentacao_bancaria;  SELECIONA O FILTRO HOJE
26-04-2024 20:33:04.559Z;functions.filter_clean;  FUNÇÃO LIMPA FILTRO
26-04-2024 20:33:08.870Z;functions.waitForImage;  FILTER CLEAN image found.
26-04-2024 20:33:11.003Z;functions.filter_clean;  CLICK NO BOTÃO X DO LIMPA FILTRO
26-04-2024 20:33:26.572Z;functions.waitForImage;  FILTER CLEAN image not found.
26-04-2024 20:33:42.148Z;functions.waitForImage;  FILTER CLEAN image not found.
26-04-2024 20:33:42.914Z;functions.movimentacao_bancaria;  CLICK NA PRIMEIRA LINHA DA TABELA MOVIMENTAÇÃO BANCÁRIA
26-04-2024 20:33:44.125Z;functions.movimentacao_bancaria;  12 PASSOS PARA DIREITA NA TABELA >>
26-04-2024 20:33:45.358Z;functions.movimentacao_bancaria;  HOVER FILTER
26-04-2024 20:33:45.687Z;functions.movimentacao_bancaria;  CLICK FILTER
26-04-2024 20:33:49.996Z;functions.movimentacao_bancaria;  CLICK NO FILTRO  STATUS DA REMESSA
26-04-2024 20:33:52.097Z;functions.movimentacao_bancaria;  APERTA TAB PARA ESCREVER O FILTRO
26-04-2024 20:33:54.202Z;functions.movimentacao_bancaria;  ESCREVE PENDENTE NO FILTRO
26-04-2024 20:33:56.303Z;functions.movimentacao_bancaria;  APERTA ENTER PARA SELECIONAR OS PENDENTES
26-04-2024 20:34:16.233Z;functions.movimentacao_bancaria;  SEM REGISTROS DE PROCESSO DE BORDERO PENDENTE
26-04-2024 20:34:16.233Z;functions.filter_clean;  FUNÇÃO LIMPA FILTRO
26-04-2024 20:34:16.327Z;functions.waitForImage;  FILTER CLEAN image found.
26-04-2024 20:34:18.445Z;functions.filter_clean;  CLICK NO BOTÃO X DO LIMPA FILTRO
26-04-2024 20:34:33.508Z;functions.waitForImage;  FILTER CLEAN image not found.
26-04-2024 20:34:48.509Z;functions.waitForImage;  FILTER CLEAN image not found.
26-04-2024 20:34:49.290Z;functions.remessa_pagamento;  CLICK NA PRIMEIRA LINHA DA TABELA MOVIMENTAÇÃO BANCÁRIA
26-04-2024 20:34:50.539Z;functions.remessa_pagamento;  HOVER FILTER
26-04-2024 20:34:50.821Z;functions.remessa_pagamento;  CLICK FILTER
26-04-2024 20:34:55.133Z;functions.remessa_pagamento;  CLICK NO FILTRO  STATUS DA REMESSA
26-04-2024 20:34:57.234Z;functions.remessa_pagamento;  APERTA TAB PARA ESCREVER O FILTRO
26-04-2024 20:34:59.340Z;functions.remessa_pagamento;  ESCREVE AUTORIZADO NO FILTRO
26-04-2024 20:35:01.442Z;functions.remessa_pagamento;  APERTA ENTER PARA SELECIONAR OS AUTORIZADOS
26-04-2024 20:35:22.343Z;functions.remessa_pagamento;  SEM REMESSA DE BORDERO AUTORIZADO
26-04-2024 20:35:22.945Z;functions.enter_contas_a_pagar;  CLICK - TOTVS - LINHA RM
26-04-2024 20:35:23.883Z;functions.enter_contas_a_pagar;  CLICK - BACK OFFICE
26-04-2024 20:35:24.555Z;functions.enter_contas_a_pagar;  CLICK - GESTAO FINANCEIRA
26-04-2024 20:35:43.151Z;functions.enter_contas_a_pagar;  CLICK - CONTAS A PAGAR
26-04-2024 20:35:43.833Z;functions.waitForImage;  LANÇAMENTOS image found.
26-04-2024 20:35:45.967Z;functions.enter_contas_a_pagar;  CLICA EM LANÇAMENTOS
26-04-2024 20:36:01.279Z;functions.waitForImage;  LICENCAS EXCEDIDAS image not found.
26-04-2024 20:36:01.279Z;functions.obter_intervalo_data;  VERIFICANDO A HORA ATUAL 20
26-04-2024 20:36:01.279Z;functions.obter_intervalo_data;  Data Inicial PENSAO antes da remoção: None
26-04-2024 20:36:01.279Z;functions.obter_intervalo_data;  Data Final PENSAO antes da remoção: None
26-04-2024 20:36:01.279Z;functions.obter_intervalo_data;  Data Inicial PENSAO após a remoção: None
26-04-2024 20:36:01.279Z;functions.obter_intervalo_data;  Data Final PENSAO após a remoção: None
26-04-2024 20:36:01.279Z;functions.obter_intervalo_data;  hoje -  2024-04-26 20:36:01.279437
26-04-2024 20:36:01.279Z;functions.data_filter;  DATA INICIO 01-05-2024
26-04-2024 20:36:01.279Z;functions.data_filter;  DATA FIM 07-05-2024
26-04-2024 20:36:01.279Z;functions.data_filter;  CLICK - SELECIONA A DATA DE QUARTA FEIRA E DA PROXIMA TERÇA
26-04-2024 20:36:01.279Z;functions.data_filter;  QUARTA-FEIRA: 01-05-2024
26-04-2024 20:36:01.279Z;functions.data_filter;  TERCA-FEIRA: 07-05-2024
26-04-2024 20:36:13.292Z;functions.data_filter;  CLICK - BUTÃO DE SELECAO DE FILTRO
26-04-2024 20:36:18.298Z;functions.data_filter;  INSERE - DATA DE QUARTA-FEIRA: 01-05-2024
26-04-2024 20:36:21.759Z;functions.data_filter;  INSERE - DATA DA PROX TERCA-FEIRA: 07-05-2024
26-04-2024 20:36:22.368Z;functions.data_filter;  CLICK - BUTÃO DE EXECUTAR O FILTRO
26-04-2024 20:36:30.789Z;functions.desmark_filter;  CLICK CHECKBOX LANÇAMENTOS A RECEBER
26-04-2024 20:36:31.570Z;functions.desmark_filter;  CLICK CHECKBOX LANÇAMENTOS BAIXADOS
26-04-2024 20:36:32.385Z;functions.desmark_filter;  CLICK CHECKBOX LANÇAMENTOS CANCELADOS
26-04-2024 20:36:33.274Z;functions.desmark_filter;  CLICK CHECKBOX LANÇAMENTOS FATURADOS
26-04-2024 20:36:34.149Z;functions.desmark_filter;  ATUALIZA O FILTRO
26-04-2024 20:36:34.149Z;functions.filter_clean;  FUNÇÃO LIMPA FILTRO
26-04-2024 20:36:34.259Z;functions.waitForImage;  FILTER CLEAN image found.
26-04-2024 20:36:36.376Z;functions.filter_clean;  CLICK NO BOTÃO X DO LIMPA FILTRO
26-04-2024 20:36:51.899Z;functions.waitForImage;  FILTER CLEAN image not found.
26-04-2024 20:37:07.422Z;functions.waitForImage;  FILTER CLEAN image not found.
26-04-2024 20:37:08.337Z;functions.tabela_vazia;  Texto extraido 0/0
26-04-2024 20:37:08.337Z;functions.tabela_vazia;  Count 0
26-04-2024 20:37:08.337Z;functions.tabela_vazia;  Type <class 'int'>
26-04-2024 20:37:10.343Z;functions.tabela_vazia;  SEM REMESSA DE FÉRIAS/RESCISÃO
26-04-2024 20:37:12.344Z;main.<module>;  SEM REMESSA DE PENSÃO
26-04-2024 20:37:13.977Z;errorhandler.__handle;  Property: Unknown Property name. [1:203: -ms-interpolation-mode]
26-04-2024 20:37:13.993Z;errorhandler.__handle;  Property: Unknown Property name. [1:353: -webkit-font-smoothing]
26-04-2024 20:37:13.993Z;errorhandler.__handle;  Property: Unknown Property name. [1:483: -ms-text-size-adjust]
26-04-2024 20:37:13.993Z;errorhandler.__handle;  Property: Unknown Property name. [1:518: -webkit-text-size-adjust]
26-04-2024 20:37:13.993Z;errorhandler.__handle;  Property: Unknown Property name. [1:612: mso-table-lspace]
26-04-2024 20:37:13.993Z;errorhandler.__handle;  Property: Unknown Property name. [1:642: mso-table-rspace]
26-04-2024 20:37:14.039Z;errorhandler.__handle;  Property: Unknown Property name. [1:4734: mso-hide]
26-04-2024 20:37:14.071Z;errorhandler.__handle;  Property: Unknown Property name. [1:13: -ms-interpolation-mode]
26-04-2024 20:37:14.071Z;errorhandler.__handle;  Property: Unknown Property name. [1:49: -webkit-font-smoothing]
26-04-2024 20:37:14.071Z;errorhandler.__handle;  Property: Unknown Property name. [1:134: -ms-text-size-adjust]
26-04-2024 20:37:14.071Z;errorhandler.__handle;  Property: Unknown Property name. [1:160: -webkit-text-size-adjust]
26-04-2024 20:37:14.071Z;errorhandler.__handle;  Property: Unknown Property name. [1:26: mso-table-lspace]
26-04-2024 20:37:14.071Z;errorhandler.__handle;  Property: Unknown Property name. [1:45: mso-table-rspace]
26-04-2024 20:37:14.086Z;errorhandler.__handle;  Property: Unknown Property name. [1:92: mso-hide]
26-04-2024 20:37:14.086Z;errorhandler.__handle;  Property: No ":" after name found: align-center [1:1: align-center]
26-04-2024 20:37:14.086Z;errorhandler.__handle;  Property: No property value found: align-center [1:1: align-center]
26-04-2024 20:37:14.086Z;errorhandler.__handle;  CSSStyleDeclaration: Syntax Error in Property: align-center
26-04-2024 20:37:14.086Z;errorhandler.__handle;  Property: Unknown Property name. [1:14: -ms-interpolation-mode]
26-04-2024 20:37:16.805Z;functions.emailFinalizado;  Warning e-mail sent.
26-04-2024 20:37:16.900Z;functions.encerra_prog;  RM ENCERRADO
