03-05-2024 20:30:12.028Z;functions.bot_text_art;      ____     
03-05-2024 20:30:12.028Z;functions.bot_text_art;     [____]    
03-05-2024 20:30:12.028Z;functions.bot_text_art;   |=]()()[=|  
03-05-2024 20:30:12.028Z;functions.bot_text_art;     _\==/__    _____    ____     _        _____    ___   _  __ 
03-05-2024 20:30:12.028Z;functions.bot_text_art;   |__|   |_|  |  _  \  / ___|   | |      |_   _| / ___| | |/ / 
03-05-2024 20:30:12.028Z;functions.bot_text_art;   |_|_/\_|_|  | |  | | | |      | |        | |   | |    | ' /  
03-05-2024 20:30:12.028Z;functions.bot_text_art;   | | __ | |  | |  | | | |      | |        | |   | |    |  <   
03-05-2024 20:30:12.028Z;functions.bot_text_art;   |_|[  ]|_|  | |__| | | |____  | |____   _| |_  | |__  | . \  
03-05-2024 20:30:12.028Z;functions.bot_text_art;   \_|_||_|_/  |_____/   \_____| |______| |_____| \ ___| |_|\_\ 
03-05-2024 20:30:12.028Z;functions.bot_text_art;     |_||_|    
03-05-2024 20:30:12.028Z;functions.bot_text_art;     | ||_|_   
03-05-2024 20:30:12.028Z;functions.bot_text_art;   |___||___|  
03-05-2024 20:30:12.028Z;functions.bot_text_art;               
03-05-2024 20:30:12.028Z;functions.open_RM;  OPEN PROGRAM RM
03-05-2024 20:30:50.012Z;functions.loggin_RM;  ACHOU O PANE PICTURE
03-05-2024 20:30:50.638Z;functions.loggin_RM;  ENCONTRA USE FIELD
03-05-2024 20:30:50.731Z;functions.loggin_RM;  DUPLO CLICK
03-05-2024 20:30:53.701Z;functions.loggin_RM;  ENTRAR USER_NAME
03-05-2024 20:30:54.342Z;functions.loggin_RM;  ENCONTRA PASS FIELD
03-05-2024 20:30:54.420Z;functions.loggin_RM;  CLICK
03-05-2024 20:30:56.529Z;functions.loggin_RM;  ENTRAR PASSWORD
03-05-2024 20:30:57.216Z;functions.loggin_RM;  ENTRAR RM
03-05-2024 20:32:38.013Z;functions.enter_coligada;  CLICK CONTEXTO
03-05-2024 20:32:42.217Z;functions.enter_coligada;  CLICK ALTERAR MODULO DO CONTEXTO
03-05-2024 20:32:48.569Z;functions.enter_coligada;  INSERE O COLIGADA CODE = 1
03-05-2024 20:32:48.671Z;functions.enter_coligada;  APERTA TAB PARA PREENCHER O CAMPO COM A STRING: OCEANICA ENGENHARIA E CONSULTORIA S.A.
03-05-2024 20:32:54.841Z;functions.enter_coligada;  CLICK AVANÇAR NOVAMENTE
03-05-2024 20:32:59.076Z;functions.enter_coligada;  CLICK CONCLUIR
03-05-2024 20:33:20.154Z;functions.enter_coligada;  POP UP COLIGADA DESAPARECER
03-05-2024 20:33:25.529Z;functions.check_movimentacao_bancaria;  CLICK - TOTVS - LINHA RM
03-05-2024 20:33:28.890Z;functions.check_movimentacao_bancaria;  CLICK - BACK OFFICE
03-05-2024 20:33:31.155Z;functions.check_movimentacao_bancaria;  CLICK - GESTAO FINANCEIRA
03-05-2024 20:33:46.231Z;functions.movimentacao_bancaria;  CLICK NA ABA MOVIMENTAÇÃO BANCARIA
03-05-2024 20:33:48.343Z;functions.waitForImage;  IMAGEM BORDERO image found.
03-05-2024 20:33:50.470Z;functions.movimentacao_bancaria;  IMAGEM BORDERO CLICADA.
03-05-2024 20:34:00.918Z;functions.waitForImage;  LICENCAS EXCEDIDAS image not found.
03-05-2024 20:34:03.465Z;functions.waitForImage;  LICENCE SERVER image not found.
03-05-2024 20:34:05.177Z;functions.movimentacao_bancaria;  ENCONTROU O FILTRO DA MOVIMENTAÇÃO BANCÁRIA
03-05-2024 20:34:05.216Z;functions.movimentacao_bancaria;  CLICA NA ABA SUPERIOR DO FILTRO
03-05-2024 20:34:09.421Z;functions.movimentacao_bancaria;  SELECIONA O FILTRO HOJE
03-05-2024 20:34:09.421Z;functions.filter_clean;  FUNÇÃO LIMPA FILTRO
03-05-2024 20:34:15.561Z;functions.waitForImage;  FILTER CLEAN image found.
03-05-2024 20:34:17.693Z;functions.filter_clean;  CLICK NO BOTÃO X DO LIMPA FILTRO
03-05-2024 20:34:32.814Z;functions.waitForImage;  FILTER CLEAN image not found.
03-05-2024 20:34:47.967Z;functions.waitForImage;  FILTER CLEAN image not found.
03-05-2024 20:34:48.732Z;functions.movimentacao_bancaria;  CLICK NA PRIMEIRA LINHA DA TABELA MOVIMENTAÇÃO BANCÁRIA
03-05-2024 20:34:49.943Z;functions.movimentacao_bancaria;  12 PASSOS PARA DIREITA NA TABELA >>
03-05-2024 20:34:51.193Z;functions.movimentacao_bancaria;  HOVER FILTER
03-05-2024 20:34:51.520Z;functions.movimentacao_bancaria;  CLICK FILTER
03-05-2024 20:34:55.829Z;functions.movimentacao_bancaria;  CLICK NO FILTRO  STATUS DA REMESSA
03-05-2024 20:34:57.930Z;functions.movimentacao_bancaria;  APERTA TAB PARA ESCREVER O FILTRO
03-05-2024 20:35:00.035Z;functions.movimentacao_bancaria;  ESCREVE PENDENTE NO FILTRO
03-05-2024 20:35:02.139Z;functions.movimentacao_bancaria;  APERTA ENTER PARA SELECIONAR OS PENDENTES
03-05-2024 20:35:22.091Z;functions.movimentacao_bancaria;  SEM REGISTROS DE PROCESSO DE BORDERO PENDENTE
03-05-2024 20:35:22.091Z;functions.filter_clean;  FUNÇÃO LIMPA FILTRO
03-05-2024 20:35:22.189Z;functions.waitForImage;  FILTER CLEAN image found.
03-05-2024 20:35:24.317Z;functions.filter_clean;  CLICK NO BOTÃO X DO LIMPA FILTRO
03-05-2024 20:35:39.396Z;functions.waitForImage;  FILTER CLEAN image not found.
03-05-2024 20:35:54.516Z;functions.waitForImage;  FILTER CLEAN image not found.
03-05-2024 20:35:55.310Z;functions.remessa_pagamento;  CLICK NA PRIMEIRA LINHA DA TABELA MOVIMENTAÇÃO BANCÁRIA
03-05-2024 20:35:56.560Z;functions.remessa_pagamento;  HOVER FILTER
03-05-2024 20:35:56.849Z;functions.remessa_pagamento;  CLICK FILTER
03-05-2024 20:36:01.161Z;functions.remessa_pagamento;  CLICK NO FILTRO  STATUS DA REMESSA
03-05-2024 20:36:03.262Z;functions.remessa_pagamento;  APERTA TAB PARA ESCREVER O FILTRO
03-05-2024 20:36:05.368Z;functions.remessa_pagamento;  ESCREVE AUTORIZADO NO FILTRO
03-05-2024 20:36:07.470Z;functions.remessa_pagamento;  APERTA ENTER PARA SELECIONAR OS AUTORIZADOS
03-05-2024 20:36:28.341Z;functions.remessa_pagamento;  SEM REMESSA DE BORDERO AUTORIZADO
03-05-2024 20:36:28.935Z;functions.enter_contas_a_pagar;  CLICK - TOTVS - LINHA RM
03-05-2024 20:36:29.875Z;functions.enter_contas_a_pagar;  CLICK - BACK OFFICE
03-05-2024 20:36:30.561Z;functions.enter_contas_a_pagar;  CLICK - GESTAO FINANCEIRA
03-05-2024 20:36:55.073Z;functions.enter_contas_a_pagar;  CLICK - CONTAS A PAGAR
03-05-2024 20:36:55.205Z;functions.waitForImage;  LANÇAMENTOS image found.
03-05-2024 20:36:57.334Z;functions.enter_contas_a_pagar;  CLICA EM LANÇAMENTOS
03-05-2024 20:37:12.732Z;functions.waitForImage;  LICENCAS EXCEDIDAS image not found.
03-05-2024 20:37:12.732Z;functions.obter_intervalo_data;  VERIFICANDO A HORA ATUAL 20
03-05-2024 20:37:12.732Z;functions.obter_intervalo_data;  Data Inicial PENSAO antes da remoção: None
03-05-2024 20:37:12.732Z;functions.obter_intervalo_data;  Data Final PENSAO antes da remoção: None
03-05-2024 20:37:12.732Z;functions.obter_intervalo_data;  Data Inicial PENSAO após a remoção: None
03-05-2024 20:37:12.732Z;functions.obter_intervalo_data;  Data Final PENSAO após a remoção: None
03-05-2024 20:37:12.732Z;functions.obter_intervalo_data;  hoje -  2024-05-03 20:37:12.732939
03-05-2024 20:37:12.732Z;functions.data_filter;  DATA INICIO 08-05-2024
03-05-2024 20:37:12.732Z;functions.data_filter;  DATA FIM 14-05-2024
03-05-2024 20:37:12.732Z;functions.data_filter;  CLICK - SELECIONA A DATA DE QUARTA FEIRA E DA PROXIMA TERÇA
03-05-2024 20:37:12.732Z;functions.data_filter;  QUARTA-FEIRA: 08-05-2024
03-05-2024 20:37:12.732Z;functions.data_filter;  TERCA-FEIRA: 14-05-2024
03-05-2024 20:37:23.795Z;functions.data_filter;  CLICK - BUTÃO DE SELECAO DE FILTRO
03-05-2024 20:37:27.536Z;functions.data_filter;  INSERE - DATA DE QUARTA-FEIRA: 08-05-2024
03-05-2024 20:37:31.014Z;functions.data_filter;  INSERE - DATA DA PROX TERCA-FEIRA: 14-05-2024
03-05-2024 20:37:31.638Z;functions.data_filter;  CLICK - BUTÃO DE EXECUTAR O FILTRO
03-05-2024 20:37:43.639Z;functions.desmark_filter;  CLICK CHECKBOX LANÇAMENTOS A RECEBER
03-05-2024 20:37:44.435Z;functions.desmark_filter;  CLICK CHECKBOX LANÇAMENTOS BAIXADOS
03-05-2024 20:37:45.482Z;functions.desmark_filter;  CLICK CHECKBOX LANÇAMENTOS CANCELADOS
03-05-2024 20:37:46.327Z;functions.desmark_filter;  CLICK CHECKBOX LANÇAMENTOS FATURADOS
03-05-2024 20:37:47.217Z;functions.desmark_filter;  ATUALIZA O FILTRO
03-05-2024 20:37:47.217Z;functions.filter_clean;  FUNÇÃO LIMPA FILTRO
03-05-2024 20:37:47.322Z;functions.waitForImage;  FILTER CLEAN image found.
03-05-2024 20:37:49.428Z;functions.filter_clean;  CLICK NO BOTÃO X DO LIMPA FILTRO
03-05-2024 20:38:04.526Z;functions.waitForImage;  FILTER CLEAN image not found.
03-05-2024 20:38:19.575Z;functions.waitForImage;  FILTER CLEAN image not found.
03-05-2024 20:38:20.497Z;functions.tabela_vazia;  Texto extraido 0/0
03-05-2024 20:38:20.497Z;functions.tabela_vazia;  Count 0
03-05-2024 20:38:20.497Z;functions.tabela_vazia;  Type <class 'int'>
03-05-2024 20:38:22.498Z;functions.tabela_vazia;  SEM REMESSA DE FÉRIAS/RESCISÃO
03-05-2024 20:38:24.499Z;main.<module>;  SEM REMESSA DE PENSÃO
03-05-2024 20:38:26.218Z;errorhandler.__handle;  Property: Unknown Property name. [1:203: -ms-interpolation-mode]
03-05-2024 20:38:26.233Z;errorhandler.__handle;  Property: Unknown Property name. [1:353: -webkit-font-smoothing]
03-05-2024 20:38:26.233Z;errorhandler.__handle;  Property: Unknown Property name. [1:483: -ms-text-size-adjust]
03-05-2024 20:38:26.233Z;errorhandler.__handle;  Property: Unknown Property name. [1:518: -webkit-text-size-adjust]
03-05-2024 20:38:26.233Z;errorhandler.__handle;  Property: Unknown Property name. [1:612: mso-table-lspace]
03-05-2024 20:38:26.233Z;errorhandler.__handle;  Property: Unknown Property name. [1:642: mso-table-rspace]
03-05-2024 20:38:26.280Z;errorhandler.__handle;  Property: Unknown Property name. [1:4734: mso-hide]
03-05-2024 20:38:26.312Z;errorhandler.__handle;  Property: Unknown Property name. [1:13: -ms-interpolation-mode]
03-05-2024 20:38:26.312Z;errorhandler.__handle;  Property: Unknown Property name. [1:49: -webkit-font-smoothing]
03-05-2024 20:38:26.312Z;errorhandler.__handle;  Property: Unknown Property name. [1:134: -ms-text-size-adjust]
03-05-2024 20:38:26.312Z;errorhandler.__handle;  Property: Unknown Property name. [1:160: -webkit-text-size-adjust]
03-05-2024 20:38:26.312Z;errorhandler.__handle;  Property: Unknown Property name. [1:26: mso-table-lspace]
03-05-2024 20:38:26.312Z;errorhandler.__handle;  Property: Unknown Property name. [1:45: mso-table-rspace]
03-05-2024 20:38:26.327Z;errorhandler.__handle;  Property: Unknown Property name. [1:92: mso-hide]
03-05-2024 20:38:26.327Z;errorhandler.__handle;  Property: No ":" after name found: align-center [1:1: align-center]
03-05-2024 20:38:26.327Z;errorhandler.__handle;  Property: No property value found: align-center [1:1: align-center]
03-05-2024 20:38:26.327Z;errorhandler.__handle;  CSSStyleDeclaration: Syntax Error in Property: align-center
03-05-2024 20:38:26.327Z;errorhandler.__handle;  Property: Unknown Property name. [1:14: -ms-interpolation-mode]
03-05-2024 20:38:28.599Z;functions.emailFinalizado;  Warning e-mail sent.
03-05-2024 20:38:28.690Z;functions.encerra_prog;  RM ENCERRADO
