28-04-2024 20:30:13.565Z;functions.bot_text_art;      ____     
28-04-2024 20:30:13.565Z;functions.bot_text_art;     [____]    
28-04-2024 20:30:13.565Z;functions.bot_text_art;   |=]()()[=|  
28-04-2024 20:30:13.565Z;functions.bot_text_art;     _\==/__    _____    ____     _        _____    ___   _  __ 
28-04-2024 20:30:13.565Z;functions.bot_text_art;   |__|   |_|  |  _  \  / ___|   | |      |_   _| / ___| | |/ / 
28-04-2024 20:30:13.565Z;functions.bot_text_art;   |_|_/\_|_|  | |  | | | |      | |        | |   | |    | ' /  
28-04-2024 20:30:13.565Z;functions.bot_text_art;   | | __ | |  | |  | | | |      | |        | |   | |    |  <   
28-04-2024 20:30:13.565Z;functions.bot_text_art;   |_|[  ]|_|  | |__| | | |____  | |____   _| |_  | |__  | . \  
28-04-2024 20:30:13.565Z;functions.bot_text_art;   \_|_||_|_/  |_____/   \_____| |______| |_____| \ ___| |_|\_\ 
28-04-2024 20:30:13.565Z;functions.bot_text_art;     |_||_|    
28-04-2024 20:30:13.565Z;functions.bot_text_art;     | ||_|_   
28-04-2024 20:30:13.565Z;functions.bot_text_art;   |___||___|  
28-04-2024 20:30:13.565Z;functions.bot_text_art;               
28-04-2024 20:30:13.565Z;functions.open_RM;  OPEN PROGRAM RM
28-04-2024 20:30:19.144Z;functions.loggin_RM;  ACHOU O PANE PICTURE
28-04-2024 20:30:19.753Z;functions.loggin_RM;  ENCONTRA USE FIELD
28-04-2024 20:30:19.831Z;functions.loggin_RM;  DUPLO CLICK
28-04-2024 20:30:22.800Z;functions.loggin_RM;  ENTRAR USER_NAME
28-04-2024 20:30:23.441Z;functions.loggin_RM;  ENCONTRA PASS FIELD
28-04-2024 20:30:23.519Z;functions.loggin_RM;  CLICK
28-04-2024 20:30:25.628Z;functions.loggin_RM;  ENTRAR PASSWORD
28-04-2024 20:30:26.300Z;functions.loggin_RM;  ENTRAR RM
28-04-2024 20:30:44.657Z;functions.enter_coligada;  CLICK CONTEXTO
28-04-2024 20:30:48.534Z;functions.enter_coligada;  CLICK ALTERAR MODULO DO CONTEXTO
28-04-2024 20:30:50.763Z;functions.enter_coligada;  INSERE O COLIGADA CODE = 1
28-04-2024 20:30:50.865Z;functions.enter_coligada;  APERTA TAB PARA PREENCHER O CAMPO COM A STRING: OCEANICA ENGENHARIA E CONSULTORIA S.A.
28-04-2024 20:30:51.691Z;functions.enter_coligada;  CLICK AVANÇAR NOVAMENTE
28-04-2024 20:30:52.488Z;functions.enter_coligada;  CLICK CONCLUIR
28-04-2024 20:31:01.612Z;functions.enter_coligada;  POP UP COLIGADA DESAPARECER
28-04-2024 20:31:02.223Z;functions.check_movimentacao_bancaria;  CLICK - TOTVS - LINHA RM
28-04-2024 20:31:03.269Z;functions.check_movimentacao_bancaria;  CLICK - BACK OFFICE
28-04-2024 20:31:05.566Z;functions.check_movimentacao_bancaria;  CLICK - GESTAO FINANCEIRA
28-04-2024 20:31:07.892Z;functions.movimentacao_bancaria;  CLICK NA ABA MOVIMENTAÇÃO BANCARIA
28-04-2024 20:31:10.002Z;functions.waitForImage;  IMAGEM BORDERO image found.
28-04-2024 20:31:12.123Z;functions.movimentacao_bancaria;  IMAGEM BORDERO CLICADA.
28-04-2024 20:31:22.520Z;functions.waitForImage;  LICENCAS EXCEDIDAS image not found.
28-04-2024 20:31:24.985Z;functions.waitForImage;  LICENCE SERVER image not found.
28-04-2024 20:31:25.549Z;functions.movimentacao_bancaria;  ENCONTROU O FILTRO DA MOVIMENTAÇÃO BANCÁRIA
28-04-2024 20:31:25.565Z;functions.movimentacao_bancaria;  CLICA NA ABA SUPERIOR DO FILTRO
28-04-2024 20:31:29.769Z;functions.movimentacao_bancaria;  SELECIONA O FILTRO HOJE
28-04-2024 20:31:29.769Z;functions.filter_clean;  FUNÇÃO LIMPA FILTRO
28-04-2024 20:31:31.683Z;functions.waitForImage;  FILTER CLEAN image found.
28-04-2024 20:31:33.802Z;functions.filter_clean;  CLICK NO BOTÃO X DO LIMPA FILTRO
28-04-2024 20:31:49.315Z;functions.waitForImage;  FILTER CLEAN image not found.
28-04-2024 20:32:04.894Z;functions.waitForImage;  FILTER CLEAN image not found.
28-04-2024 20:32:05.662Z;functions.movimentacao_bancaria;  CLICK NA PRIMEIRA LINHA DA TABELA MOVIMENTAÇÃO BANCÁRIA
28-04-2024 20:32:06.873Z;functions.movimentacao_bancaria;  12 PASSOS PARA DIREITA NA TABELA >>
28-04-2024 20:32:08.128Z;functions.movimentacao_bancaria;  HOVER FILTER
28-04-2024 20:32:08.477Z;functions.movimentacao_bancaria;  CLICK FILTER
28-04-2024 20:32:12.786Z;functions.movimentacao_bancaria;  CLICK NO FILTRO  STATUS DA REMESSA
28-04-2024 20:32:14.887Z;functions.movimentacao_bancaria;  APERTA TAB PARA ESCREVER O FILTRO
28-04-2024 20:32:16.992Z;functions.movimentacao_bancaria;  ESCREVE PENDENTE NO FILTRO
28-04-2024 20:32:19.094Z;functions.movimentacao_bancaria;  APERTA ENTER PARA SELECIONAR OS PENDENTES
28-04-2024 20:32:39.003Z;functions.movimentacao_bancaria;  SEM REGISTROS DE PROCESSO DE BORDERO PENDENTE
28-04-2024 20:32:39.003Z;functions.filter_clean;  FUNÇÃO LIMPA FILTRO
28-04-2024 20:32:39.113Z;functions.waitForImage;  FILTER CLEAN image found.
28-04-2024 20:32:41.230Z;functions.filter_clean;  CLICK NO BOTÃO X DO LIMPA FILTRO
28-04-2024 20:32:56.750Z;functions.waitForImage;  FILTER CLEAN image not found.
28-04-2024 20:33:12.342Z;functions.waitForImage;  FILTER CLEAN image not found.
28-04-2024 20:33:13.129Z;functions.remessa_pagamento;  CLICK NA PRIMEIRA LINHA DA TABELA MOVIMENTAÇÃO BANCÁRIA
28-04-2024 20:33:14.378Z;functions.remessa_pagamento;  HOVER FILTER
28-04-2024 20:33:14.667Z;functions.remessa_pagamento;  CLICK FILTER
28-04-2024 20:33:18.980Z;functions.remessa_pagamento;  CLICK NO FILTRO  STATUS DA REMESSA
28-04-2024 20:33:21.081Z;functions.remessa_pagamento;  APERTA TAB PARA ESCREVER O FILTRO
28-04-2024 20:33:23.188Z;functions.remessa_pagamento;  ESCREVE AUTORIZADO NO FILTRO
28-04-2024 20:33:25.290Z;functions.remessa_pagamento;  APERTA ENTER PARA SELECIONAR OS AUTORIZADOS
28-04-2024 20:33:46.206Z;functions.remessa_pagamento;  SEM REMESSA DE BORDERO AUTORIZADO
28-04-2024 20:33:46.800Z;functions.enter_contas_a_pagar;  CLICK - TOTVS - LINHA RM
28-04-2024 20:33:47.753Z;functions.enter_contas_a_pagar;  CLICK - BACK OFFICE
28-04-2024 20:33:48.441Z;functions.enter_contas_a_pagar;  CLICK - GESTAO FINANCEIRA
28-04-2024 20:33:53.378Z;functions.enter_contas_a_pagar;  CLICK - CONTAS A PAGAR
28-04-2024 20:33:53.498Z;functions.waitForImage;  LANÇAMENTOS image found.
28-04-2024 20:33:55.626Z;functions.enter_contas_a_pagar;  CLICA EM LANÇAMENTOS
28-04-2024 20:34:10.937Z;functions.waitForImage;  LICENCAS EXCEDIDAS image not found.
28-04-2024 20:34:10.937Z;functions.obter_intervalo_data;  VERIFICANDO A HORA ATUAL 20
28-04-2024 20:34:10.937Z;functions.obter_intervalo_data;  Data Inicial PENSAO antes da remoção: None
28-04-2024 20:34:10.937Z;functions.obter_intervalo_data;  Data Final PENSAO antes da remoção: None
28-04-2024 20:34:10.937Z;functions.obter_intervalo_data;  Data Inicial PENSAO após a remoção: None
28-04-2024 20:34:10.937Z;functions.obter_intervalo_data;  Data Final PENSAO após a remoção: None
28-04-2024 20:34:10.937Z;functions.obter_intervalo_data;  hoje -  2024-04-28 20:34:10.937990
28-04-2024 20:34:10.937Z;functions.data_filter;  DATA INICIO 01-05-2024
28-04-2024 20:34:10.937Z;functions.data_filter;  DATA FIM 07-05-2024
28-04-2024 20:34:10.937Z;functions.data_filter;  CLICK - SELECIONA A DATA DE QUARTA FEIRA E DA PROXIMA TERÇA
28-04-2024 20:34:10.937Z;functions.data_filter;  QUARTA-FEIRA: 01-05-2024
28-04-2024 20:34:10.937Z;functions.data_filter;  TERCA-FEIRA: 07-05-2024
28-04-2024 20:34:21.925Z;functions.data_filter;  CLICK - BUTÃO DE SELECAO DE FILTRO
28-04-2024 20:34:25.645Z;functions.data_filter;  INSERE - DATA DE QUARTA-FEIRA: 01-05-2024
28-04-2024 20:34:29.128Z;functions.data_filter;  INSERE - DATA DA PROX TERCA-FEIRA: 07-05-2024
28-04-2024 20:34:29.738Z;functions.data_filter;  CLICK - BUTÃO DE EXECUTAR O FILTRO
28-04-2024 20:34:35.503Z;functions.desmark_filter;  CLICK CHECKBOX LANÇAMENTOS A RECEBER
28-04-2024 20:34:36.301Z;functions.desmark_filter;  CLICK CHECKBOX LANÇAMENTOS BAIXADOS
28-04-2024 20:34:37.124Z;functions.desmark_filter;  CLICK CHECKBOX LANÇAMENTOS CANCELADOS
28-04-2024 20:34:37.988Z;functions.desmark_filter;  CLICK CHECKBOX LANÇAMENTOS FATURADOS
28-04-2024 20:34:38.879Z;functions.desmark_filter;  ATUALIZA O FILTRO
28-04-2024 20:34:38.879Z;functions.filter_clean;  FUNÇÃO LIMPA FILTRO
28-04-2024 20:34:39.017Z;functions.waitForImage;  FILTER CLEAN image found.
28-04-2024 20:34:41.148Z;functions.filter_clean;  CLICK NO BOTÃO X DO LIMPA FILTRO
28-04-2024 20:34:56.689Z;functions.waitForImage;  FILTER CLEAN image not found.
28-04-2024 20:35:12.295Z;functions.waitForImage;  FILTER CLEAN image not found.
28-04-2024 20:35:13.232Z;functions.tabela_vazia;  Texto extraido 0/0
28-04-2024 20:35:13.233Z;functions.tabela_vazia;  Count 0
28-04-2024 20:35:13.233Z;functions.tabela_vazia;  Type <class 'int'>
28-04-2024 20:35:15.234Z;functions.tabela_vazia;  SEM REMESSA DE FÉRIAS/RESCISÃO
28-04-2024 20:35:17.234Z;main.<module>;  SEM REMESSA DE PENSÃO
28-04-2024 20:35:18.831Z;errorhandler.__handle;  Property: Unknown Property name. [1:203: -ms-interpolation-mode]
28-04-2024 20:35:18.847Z;errorhandler.__handle;  Property: Unknown Property name. [1:353: -webkit-font-smoothing]
28-04-2024 20:35:18.847Z;errorhandler.__handle;  Property: Unknown Property name. [1:483: -ms-text-size-adjust]
28-04-2024 20:35:18.847Z;errorhandler.__handle;  Property: Unknown Property name. [1:518: -webkit-text-size-adjust]
28-04-2024 20:35:18.847Z;errorhandler.__handle;  Property: Unknown Property name. [1:612: mso-table-lspace]
28-04-2024 20:35:18.847Z;errorhandler.__handle;  Property: Unknown Property name. [1:642: mso-table-rspace]
28-04-2024 20:35:18.894Z;errorhandler.__handle;  Property: Unknown Property name. [1:4734: mso-hide]
28-04-2024 20:35:18.925Z;errorhandler.__handle;  Property: Unknown Property name. [1:13: -ms-interpolation-mode]
28-04-2024 20:35:18.925Z;errorhandler.__handle;  Property: Unknown Property name. [1:49: -webkit-font-smoothing]
28-04-2024 20:35:18.925Z;errorhandler.__handle;  Property: Unknown Property name. [1:134: -ms-text-size-adjust]
28-04-2024 20:35:18.925Z;errorhandler.__handle;  Property: Unknown Property name. [1:160: -webkit-text-size-adjust]
28-04-2024 20:35:18.925Z;errorhandler.__handle;  Property: Unknown Property name. [1:26: mso-table-lspace]
28-04-2024 20:35:18.925Z;errorhandler.__handle;  Property: Unknown Property name. [1:45: mso-table-rspace]
28-04-2024 20:35:18.940Z;errorhandler.__handle;  Property: Unknown Property name. [1:92: mso-hide]
28-04-2024 20:35:18.940Z;errorhandler.__handle;  Property: No ":" after name found: align-center [1:1: align-center]
28-04-2024 20:35:18.940Z;errorhandler.__handle;  Property: No property value found: align-center [1:1: align-center]
28-04-2024 20:35:18.940Z;errorhandler.__handle;  CSSStyleDeclaration: Syntax Error in Property: align-center
28-04-2024 20:35:18.940Z;errorhandler.__handle;  Property: Unknown Property name. [1:14: -ms-interpolation-mode]
28-04-2024 20:35:21.738Z;functions.emailFinalizado;  Warning e-mail sent.
28-04-2024 20:35:21.817Z;functions.encerra_prog;  RM ENCERRADO
