26-02-2024 20:31:57.614Z;functions.bot_text_art;      ____     
26-02-2024 20:31:57.614Z;functions.bot_text_art;     [____]    
26-02-2024 20:31:57.614Z;functions.bot_text_art;   |=]()()[=|  
26-02-2024 20:31:57.614Z;functions.bot_text_art;     _\==/__    _____    ____     _        _____    ___   _  __ 
26-02-2024 20:31:57.614Z;functions.bot_text_art;   |__|   |_|  |  _  \  / ___|   | |      |_   _| / ___| | |/ / 
26-02-2024 20:31:57.614Z;functions.bot_text_art;   |_|_/\_|_|  | |  | | | |      | |        | |   | |    | ' /  
26-02-2024 20:31:57.614Z;functions.bot_text_art;   | | __ | |  | |  | | | |      | |        | |   | |    |  <   
26-02-2024 20:31:57.614Z;functions.bot_text_art;   |_|[  ]|_|  | |__| | | |____  | |____   _| |_  | |__  | . \  
26-02-2024 20:31:57.614Z;functions.bot_text_art;   \_|_||_|_/  |_____/   \_____| |______| |_____| \ ___| |_|\_\ 
26-02-2024 20:31:57.614Z;functions.bot_text_art;     |_||_|    
26-02-2024 20:31:57.614Z;functions.bot_text_art;     | ||_|_   
26-02-2024 20:31:57.614Z;functions.bot_text_art;   |___||___|  
26-02-2024 20:31:57.614Z;functions.bot_text_art;               
26-02-2024 20:31:57.630Z;functions.open_RM;  OPEN PROGRAM RM
26-02-2024 20:32:09.412Z;functions.loggin_RM;  ACHOU O PANE PICTURE
26-02-2024 20:32:10.128Z;functions.loggin_RM;  ENCONTRA USE FIELD
26-02-2024 20:32:10.238Z;functions.loggin_RM;  DUPLO CLICK
26-02-2024 20:32:11.458Z;functions.loggin_RM;  ENTRAR USER_NAME
26-02-2024 20:32:12.161Z;functions.loggin_RM;  ENCONTRA PASS FIELD
26-02-2024 20:32:12.255Z;functions.loggin_RM;  CLICK
26-02-2024 20:32:12.364Z;functions.loggin_RM;  ENTRAR PASSWORD
26-02-2024 20:32:13.176Z;functions.loggin_RM;  ENTRAR RM
26-02-2024 20:37:14.380Z;functions.show_exception_and_exit;  'NoneType' object has no attribute 'click'
Traceback (most recent call last):
  File "C:\Projetos_Remessas\Remessa_Pensao\main.py", line 13, in <module>
    enter_coligada()
  File "C:\Projetos_Remessas\Remessa_Pensao\SUBPROGRAMS\functions.py", line 98, in enter_coligada
    click_context.click()
    ^^^^^^^^^^^^^^^^^^^
AttributeError: 'NoneType' object has no attribute 'click'
26-02-2024 20:37:14.614Z;functions.show_exception_and_exit;  RM FECHADO
26-02-2024 20:37:18.020Z;errorhandler.__handle;  Property: Unknown Property name. [1:203: -ms-interpolation-mode]
26-02-2024 20:37:18.035Z;errorhandler.__handle;  Property: Unknown Property name. [1:353: -webkit-font-smoothing]
26-02-2024 20:37:18.035Z;errorhandler.__handle;  Property: Unknown Property name. [1:483: -ms-text-size-adjust]
26-02-2024 20:37:18.035Z;errorhandler.__handle;  Property: Unknown Property name. [1:518: -webkit-text-size-adjust]
26-02-2024 20:37:18.035Z;errorhandler.__handle;  Property: Unknown Property name. [1:612: mso-table-lspace]
26-02-2024 20:37:18.035Z;errorhandler.__handle;  Property: Unknown Property name. [1:642: mso-table-rspace]
26-02-2024 20:37:18.082Z;errorhandler.__handle;  Property: Unknown Property name. [1:4734: mso-hide]
26-02-2024 20:37:18.129Z;errorhandler.__handle;  Property: Unknown Property name. [1:13: -ms-interpolation-mode]
26-02-2024 20:37:18.129Z;errorhandler.__handle;  Property: Unknown Property name. [1:49: -webkit-font-smoothing]
26-02-2024 20:37:18.129Z;errorhandler.__handle;  Property: Unknown Property name. [1:134: -ms-text-size-adjust]
26-02-2024 20:37:18.129Z;errorhandler.__handle;  Property: Unknown Property name. [1:160: -webkit-text-size-adjust]
26-02-2024 20:37:18.129Z;errorhandler.__handle;  Property: Unknown Property name. [1:26: mso-table-lspace]
26-02-2024 20:37:18.129Z;errorhandler.__handle;  Property: Unknown Property name. [1:45: mso-table-rspace]
26-02-2024 20:37:18.129Z;errorhandler.__handle;  Property: Unknown Property name. [1:92: mso-hide]
26-02-2024 20:37:18.145Z;errorhandler.__handle;  Property: No ":" after name found: align-center [1:1: align-center]
26-02-2024 20:37:18.145Z;errorhandler.__handle;  Property: No property value found: align-center [1:1: align-center]
26-02-2024 20:37:18.145Z;errorhandler.__handle;  CSSStyleDeclaration: Syntax Error in Property: align-center
26-02-2024 20:37:18.145Z;errorhandler.__handle;  Property: Unknown Property name. [1:14: -ms-interpolation-mode]
26-02-2024 20:37:21.098Z;functions.show_exception_and_exit;  EMAIL EXCEÇÃO ENVIADO
26-02-2024 20:37:21.098Z;functions.show_exception_and_exit;  ERRO - <class 'AttributeError'> / 'NoneType' object has no attribute 'click'
