26-07-2024 03:30:55.250Z;functions.bot_text_art;      ____     
26-07-2024 03:30:55.250Z;functions.bot_text_art;     [____]    
26-07-2024 03:30:55.250Z;functions.bot_text_art;   |=]()()[=|  
26-07-2024 03:30:55.250Z;functions.bot_text_art;     _\==/__    _____    ____     _        _____    ___   _  __ 
26-07-2024 03:30:55.250Z;functions.bot_text_art;   |__|   |_|  |  _  \  / ___|   | |      |_   _| / ___| | |/ / 
26-07-2024 03:30:55.250Z;functions.bot_text_art;   |_|_/\_|_|  | |  | | | |      | |        | |   | |    | ' /  
26-07-2024 03:30:55.250Z;functions.bot_text_art;   | | __ | |  | |  | | | |      | |        | |   | |    |  <   
26-07-2024 03:30:55.250Z;functions.bot_text_art;   |_|[  ]|_|  | |__| | | |____  | |____   _| |_  | |__  | . \  
26-07-2024 03:30:55.250Z;functions.bot_text_art;   \_|_||_|_/  |_____/   \_____| |______| |_____| \ ___| |_|\_\ 
26-07-2024 03:30:55.250Z;functions.bot_text_art;     |_||_|    
26-07-2024 03:30:55.250Z;functions.bot_text_art;     | ||_|_   
26-07-2024 03:30:55.250Z;functions.bot_text_art;   |___||___|  
26-07-2024 03:30:55.250Z;functions.bot_text_art;               
26-07-2024 03:30:55.274Z;functions.open_RM;  OPEN PROGRAM RM
26-07-2024 03:31:13.578Z;functions.loggin_RM;  ACHOU O PANE PICTURE
26-07-2024 03:31:15.359Z;functions.loggin_RM;  ENCONTRA USE FIELD
26-07-2024 03:31:16.078Z;functions.loggin_RM;  DUPLO CLICK
26-07-2024 03:31:20.624Z;functions.loggin_RM;  ENTRAR USER_NAME
26-07-2024 03:31:22.828Z;functions.loggin_RM;  ENCONTRA PASS FIELD
26-07-2024 03:31:23.457Z;functions.loggin_RM;  CLICK
26-07-2024 03:31:25.614Z;functions.loggin_RM;  ENTRAR PASSWORD
26-07-2024 03:31:27.796Z;functions.loggin_RM;  ENTRAR RM
26-07-2024 03:34:49.734Z;functions.enter_coligada;  AGUARDANDO 1
26-07-2024 03:34:50.953Z;functions.enter_coligada;  CLICK CONTEXTO
26-07-2024 03:34:54.296Z;functions.enter_coligada;  CLICK ALTERAR MODULO DO CONTEXTO
26-07-2024 03:34:59.044Z;functions.enter_coligada;  INSERE O COLIGADA CODE = 1
26-07-2024 03:34:59.152Z;functions.enter_coligada;  APERTA TAB PARA PREENCHER O CAMPO COM A STRING: OCEANICA ENGENHARIA E CONSULTORIA S.A.
26-07-2024 03:35:01.578Z;functions.enter_coligada;  CLICK AVANÇAR NOVAMENTE
26-07-2024 03:35:02.984Z;functions.enter_coligada;  CLICK CONCLUIR
26-07-2024 03:35:23.140Z;functions.waitForImage;  TROCA COLIGADA image not found.
26-07-2024 03:35:40.921Z;functions.enter_coligada;  POP UP COLIGADA DESAPARECER
26-07-2024 03:35:41.921Z;functions.check_movimentacao_bancaria;  CLICK - TOTVS - LINHA RM
26-07-2024 03:35:44.296Z;functions.check_movimentacao_bancaria;  CLICK - BACK OFFICE
26-07-2024 03:35:47.144Z;functions.check_movimentacao_bancaria;  CLICK - GESTAO FINANCEIRA
26-07-2024 03:35:47.144Z;functions.obter_intervalo_data;  VERIFICANDO A HORA ATUAL 3
26-07-2024 03:35:47.176Z;functions.obter_intervalo_data;  Data Inicial PENSAO antes da remoção: None
26-07-2024 03:35:47.176Z;functions.obter_intervalo_data;  Data Final PENSAO antes da remoção: None
26-07-2024 03:35:47.183Z;functions.obter_intervalo_data;  Data Inicial PENSAO após a remoção: None
26-07-2024 03:35:47.184Z;functions.obter_intervalo_data;  Data Final PENSAO após a remoção: None
26-07-2024 03:35:47.184Z;functions.obter_intervalo_data;  hoje -  2024-07-26 03:35:47.184977
26-07-2024 03:35:47.185Z;functions.check_movimentacao_bancaria;  DATA INICIO 31-07-2024
26-07-2024 03:35:47.185Z;functions.check_movimentacao_bancaria;  DATA FIM 06-08-2024
26-07-2024 03:35:47.186Z;functions.movimentacao_bancaria;  AGUARDANDO 1
26-07-2024 03:35:53.172Z;functions.movimentacao_bancaria;  CLICK NA ABA MOVIMENTAÇÃO BANCARIA
26-07-2024 03:35:55.374Z;functions.waitForImage;  IMAGEM BORDERO image found.
26-07-2024 03:35:57.493Z;functions.movimentacao_bancaria;  IMAGEM BORDERO CLICADA.
26-07-2024 03:36:07.890Z;functions.waitForImage;  LICENCAS EXCEDIDAS image not found.
26-07-2024 03:36:10.156Z;functions.waitForImage;  LICENCE SERVER image not found.
26-07-2024 03:36:10.906Z;functions.movimentacao_bancaria;  ENCONTROU O FILTRO DA MOVIMENTAÇÃO BANCÁRIA
26-07-2024 03:36:10.952Z;functions.movimentacao_bancaria;  CLICA NA ABA SUPERIOR DO FILTRO
26-07-2024 03:36:15.165Z;functions.movimentacao_bancaria;  SELECIONA O FILTRO HOJE
26-07-2024 03:36:15.165Z;functions.filter_clean;  FUNÇÃO LIMPA FILTRO
26-07-2024 03:36:30.312Z;functions.waitForImage;  FILTER CLEAN image not found.
26-07-2024 03:36:45.499Z;functions.waitForImage;  FILTER CLEAN image not found.
26-07-2024 03:37:00.718Z;functions.waitForImage;  FILTER CLEAN image not found.
26-07-2024 03:37:18.605Z;functions.movimentacao_bancaria;  SEM REGISTROS DE PROCESSO DE BORDERO PENDENTE
26-07-2024 03:37:18.605Z;functions.filter_clean;  FUNÇÃO LIMPA FILTRO
26-07-2024 03:37:33.687Z;functions.waitForImage;  FILTER CLEAN image not found.
26-07-2024 03:37:48.937Z;functions.waitForImage;  FILTER CLEAN image not found.
26-07-2024 03:38:04.218Z;functions.waitForImage;  FILTER CLEAN image not found.
26-07-2024 03:38:35.999Z;functions.remessa_pagamento;  SEM PROCESSO DE BORDERO AUTORIZADO
26-07-2024 03:38:39.265Z;errorhandler.__handle;  Property: Unknown Property name. [1:203: -ms-interpolation-mode]
26-07-2024 03:38:39.312Z;errorhandler.__handle;  Property: Unknown Property name. [1:353: -webkit-font-smoothing]
26-07-2024 03:38:39.312Z;errorhandler.__handle;  Property: Unknown Property name. [1:483: -ms-text-size-adjust]
26-07-2024 03:38:39.312Z;errorhandler.__handle;  Property: Unknown Property name. [1:518: -webkit-text-size-adjust]
26-07-2024 03:38:39.327Z;errorhandler.__handle;  Property: Unknown Property name. [1:612: mso-table-lspace]
26-07-2024 03:38:39.327Z;errorhandler.__handle;  Property: Unknown Property name. [1:642: mso-table-rspace]
26-07-2024 03:38:39.562Z;errorhandler.__handle;  Property: Unknown Property name. [1:4734: mso-hide]
26-07-2024 03:38:39.655Z;errorhandler.__handle;  Property: Unknown Property name. [1:13: -ms-interpolation-mode]
26-07-2024 03:38:39.671Z;errorhandler.__handle;  Property: Unknown Property name. [1:49: -webkit-font-smoothing]
26-07-2024 03:38:39.671Z;errorhandler.__handle;  Property: Unknown Property name. [1:134: -ms-text-size-adjust]
26-07-2024 03:38:39.671Z;errorhandler.__handle;  Property: Unknown Property name. [1:160: -webkit-text-size-adjust]
26-07-2024 03:38:39.671Z;errorhandler.__handle;  Property: Unknown Property name. [1:26: mso-table-lspace]
26-07-2024 03:38:39.671Z;errorhandler.__handle;  Property: Unknown Property name. [1:45: mso-table-rspace]
26-07-2024 03:38:39.718Z;errorhandler.__handle;  Property: Unknown Property name. [1:92: mso-hide]
26-07-2024 03:38:39.718Z;errorhandler.__handle;  Property: No ":" after name found: align-center [1:1: align-center]
26-07-2024 03:38:39.718Z;errorhandler.__handle;  Property: No property value found: align-center [1:1: align-center]
26-07-2024 03:38:39.718Z;errorhandler.__handle;  CSSStyleDeclaration: Syntax Error in Property: align-center
26-07-2024 03:38:39.734Z;errorhandler.__handle;  Property: Unknown Property name. [1:14: -ms-interpolation-mode]
26-07-2024 03:38:42.205Z;functions.emailFinalizado;  Warning e-mail sent.
26-07-2024 03:38:42.687Z;functions.encerra_prog;  RM ENCERRADO
