26-07-2024 23:50:34.816Z;functions.bot_text_art;      ____     
26-07-2024 23:50:34.816Z;functions.bot_text_art;     [____]    
26-07-2024 23:50:34.816Z;functions.bot_text_art;   |=]()()[=|  
26-07-2024 23:50:34.816Z;functions.bot_text_art;     _\==/__    _____    ____     _        _____    ___   _  __ 
26-07-2024 23:50:34.832Z;functions.bot_text_art;   |__|   |_|  |  _  \  / ___|   | |      |_   _| / ___| | |/ / 
26-07-2024 23:50:34.832Z;functions.bot_text_art;   |_|_/\_|_|  | |  | | | |      | |        | |   | |    | ' /  
26-07-2024 23:50:34.832Z;functions.bot_text_art;   | | __ | |  | |  | | | |      | |        | |   | |    |  <   
26-07-2024 23:50:34.832Z;functions.bot_text_art;   |_|[  ]|_|  | |__| | | |____  | |____   _| |_  | |__  | . \  
26-07-2024 23:50:34.832Z;functions.bot_text_art;   \_|_||_|_/  |_____/   \_____| |______| |_____| \ ___| |_|\_\ 
26-07-2024 23:50:34.832Z;functions.bot_text_art;     |_||_|    
26-07-2024 23:50:34.832Z;functions.bot_text_art;     | ||_|_   
26-07-2024 23:50:34.832Z;functions.bot_text_art;   |___||___|  
26-07-2024 23:50:34.832Z;functions.bot_text_art;               
26-07-2024 23:50:34.847Z;functions.open_RM;  OPEN PROGRAM RM
26-07-2024 23:50:52.035Z;functions.loggin_RM;  ACHOU O PANE PICTURE
26-07-2024 23:50:53.191Z;functions.loggin_RM;  ENCONTRA USE FIELD
26-07-2024 23:50:53.519Z;functions.loggin_RM;  DUPLO CLICK
26-07-2024 23:50:57.191Z;functions.loggin_RM;  ENTRAR USER_NAME
26-07-2024 23:50:58.545Z;functions.loggin_RM;  ENCONTRA PASS FIELD
26-07-2024 23:50:58.863Z;functions.loggin_RM;  CLICK
26-07-2024 23:51:00.991Z;functions.loggin_RM;  ENTRAR PASSWORD
26-07-2024 23:51:02.456Z;functions.loggin_RM;  ENTRAR RM
26-07-2024 23:54:23.316Z;functions.enter_coligada;  AGUARDANDO 1
26-07-2024 23:54:24.518Z;functions.enter_coligada;  CLICK CONTEXTO
26-07-2024 23:54:27.175Z;functions.enter_coligada;  CLICK ALTERAR MODULO DO CONTEXTO
26-07-2024 23:54:31.331Z;functions.enter_coligada;  INSERE O COLIGADA CODE = 1
26-07-2024 23:54:31.438Z;functions.enter_coligada;  APERTA TAB PARA PREENCHER O CAMPO COM A STRING: OCEANICA ENGENHARIA E CONSULTORIA S.A.
26-07-2024 23:54:33.706Z;functions.enter_coligada;  CLICK AVANÇAR NOVAMENTE
26-07-2024 23:54:35.050Z;functions.enter_coligada;  CLICK CONCLUIR
26-07-2024 23:54:55.425Z;functions.waitForImage;  TROCA COLIGADA image not found.
26-07-2024 23:55:14.691Z;functions.enter_coligada;  POP UP COLIGADA DESAPARECER
26-07-2024 23:55:15.675Z;functions.check_movimentacao_bancaria;  CLICK - TOTVS - LINHA RM
26-07-2024 23:55:17.456Z;functions.check_movimentacao_bancaria;  CLICK - BACK OFFICE
26-07-2024 23:55:20.144Z;functions.check_movimentacao_bancaria;  CLICK - GESTAO FINANCEIRA
26-07-2024 23:55:20.144Z;functions.obter_intervalo_data;  VERIFICANDO A HORA ATUAL 23
26-07-2024 23:55:20.167Z;functions.obter_intervalo_data;  Data Inicial PENSAO antes da remoção: None
26-07-2024 23:55:20.167Z;functions.obter_intervalo_data;  Data Final PENSAO antes da remoção: None
26-07-2024 23:55:20.175Z;functions.obter_intervalo_data;  Data Inicial PENSAO após a remoção: None
26-07-2024 23:55:20.175Z;functions.obter_intervalo_data;  Data Final PENSAO após a remoção: None
26-07-2024 23:55:20.175Z;functions.obter_intervalo_data;  hoje -  2024-07-26 23:55:20.175409
26-07-2024 23:55:20.175Z;functions.check_movimentacao_bancaria;  DATA INICIO 31-07-2024
26-07-2024 23:55:20.175Z;functions.check_movimentacao_bancaria;  DATA FIM 06-08-2024
26-07-2024 23:55:20.175Z;functions.movimentacao_bancaria;  AGUARDANDO 1
26-07-2024 23:55:26.021Z;functions.movimentacao_bancaria;  CLICK NA ABA MOVIMENTAÇÃO BANCARIA
26-07-2024 23:55:28.253Z;functions.waitForImage;  IMAGEM BORDERO image found.
26-07-2024 23:55:30.370Z;functions.movimentacao_bancaria;  IMAGEM BORDERO CLICADA.
26-07-2024 23:55:40.659Z;functions.waitForImage;  LICENCAS EXCEDIDAS image not found.
26-07-2024 23:55:43.128Z;functions.waitForImage;  LICENCE SERVER image not found.
26-07-2024 23:55:43.831Z;functions.movimentacao_bancaria;  ENCONTROU O FILTRO DA MOVIMENTAÇÃO BANCÁRIA
26-07-2024 23:55:43.893Z;functions.movimentacao_bancaria;  CLICA NA ABA SUPERIOR DO FILTRO
26-07-2024 23:55:48.104Z;functions.movimentacao_bancaria;  SELECIONA O FILTRO HOJE
26-07-2024 23:55:48.104Z;functions.filter_clean;  FUNÇÃO LIMPA FILTRO
26-07-2024 23:55:53.269Z;functions.waitForImage;  FILTER CLEAN image found.
26-07-2024 23:55:55.402Z;functions.filter_clean;  CLICK NO BOTÃO X DO LIMPA FILTRO
26-07-2024 23:55:55.612Z;functions.waitForImage;  FILTER CLEAN image found.
26-07-2024 23:55:57.745Z;functions.filter_clean;  CLICK NO BOTÃO X DO LIMPA FILTRO
26-07-2024 23:56:12.987Z;functions.waitForImage;  FILTER CLEAN image not found.
26-07-2024 23:56:14.644Z;functions.movimentacao_bancaria;  CLICK NA PRIMEIRA LINHA DA TABELA MOVIMENTAÇÃO BANCÁRIA
26-07-2024 23:56:15.871Z;functions.movimentacao_bancaria;  12 PASSOS PARA DIREITA NA TABELA >>
26-07-2024 23:56:18.159Z;functions.movimentacao_bancaria;  HOVER FILTER
26-07-2024 23:56:18.758Z;functions.movimentacao_bancaria;  CLICK FILTER
26-07-2024 23:56:23.084Z;functions.movimentacao_bancaria;  CLICK NO FILTRO  STATUS DA REMESSA
26-07-2024 23:56:25.190Z;functions.movimentacao_bancaria;  APERTA TAB PARA ESCREVER O FILTRO
26-07-2024 23:56:27.317Z;functions.movimentacao_bancaria;  ESCREVE PENDENTE NO FILTRO
26-07-2024 23:56:29.420Z;functions.movimentacao_bancaria;  APERTA ENTER PARA SELECIONAR OS PENDENTES
26-07-2024 23:56:49.019Z;functions.movimentacao_bancaria;  SEM REGISTROS DE PROCESSO DE BORDERO PENDENTE
26-07-2024 23:56:49.019Z;functions.filter_clean;  FUNÇÃO LIMPA FILTRO
26-07-2024 23:56:49.238Z;functions.waitForImage;  FILTER CLEAN image found.
26-07-2024 23:56:51.372Z;functions.filter_clean;  CLICK NO BOTÃO X DO LIMPA FILTRO
26-07-2024 23:57:06.675Z;functions.waitForImage;  FILTER CLEAN image not found.
26-07-2024 23:57:22.034Z;functions.waitForImage;  FILTER CLEAN image not found.
26-07-2024 23:57:23.987Z;functions.remessa_pagamento;  CLICK NA PRIMEIRA LINHA DA TABELA MOVIMENTAÇÃO BANCÁRIA
26-07-2024 23:57:26.253Z;functions.remessa_pagamento;  HOVER FILTER
26-07-2024 23:57:26.852Z;functions.remessa_pagamento;  CLICK FILTER
26-07-2024 23:57:31.186Z;functions.remessa_pagamento;  CLICK NO FILTRO  STATUS DA REMESSA
26-07-2024 23:57:33.289Z;functions.remessa_pagamento;  APERTA TAB PARA ESCREVER O FILTRO
26-07-2024 23:57:35.409Z;functions.remessa_pagamento;  ESCREVE AUTORIZADO NO FILTRO
26-07-2024 23:57:37.512Z;functions.remessa_pagamento;  APERTA ENTER PARA SELECIONAR OS AUTORIZADOS
26-07-2024 23:57:44.676Z;functions.remessa_pagamento;  6 PASSOS PARA ESQUERDA NA TABELA <<
26-07-2024 23:57:47.800Z;functions.check_user_bot;  Texto extraido 1/1
26-07-2024 23:57:47.800Z;functions.check_user_bot;  Count 1
26-07-2024 23:57:47.800Z;functions.check_user_bot;  Type <class 'int'>
26-07-2024 23:57:49.917Z;functions.check_user_bot;  CHECK USER BOT 1
26-07-2024 23:57:51.918Z;functions.check_user_bot;  dclick
26-07-2024 23:57:54.634Z;functions.check_user_bot;  7 PASSOS PARA DIREITA NA TABELA >>
26-07-2024 23:57:58.739Z;functions.check_user_bot;  341 / 3212 / 02675 SISPAG FORNECEDOR
26-07-2024 23:57:58.739Z;functions.check_user_bot;  NOME PENSAO NÃO ENCONTRADO NA STRING.
26-07-2024 23:57:59.454Z;functions.check_user_bot;  7 PASSOS PARA ESQUERDA NA TABELA <<
26-07-2024 23:57:59.556Z;functions.check_user_bot;  COUNT1: 0
26-07-2024 23:58:00.550Z;functions.enter_contas_a_pagar;  CLICK - TOTVS - LINHA RM
26-07-2024 23:58:01.987Z;functions.enter_contas_a_pagar;  CLICK - BACK OFFICE
26-07-2024 23:58:02.925Z;functions.enter_contas_a_pagar;  CLICK - GESTAO FINANCEIRA
26-07-2024 23:58:08.831Z;functions.enter_contas_a_pagar;  CLICK - CONTAS A PAGAR
26-07-2024 23:58:09.768Z;functions.waitForImage;  LANÇAMENTOS image found.
26-07-2024 23:58:11.909Z;functions.enter_contas_a_pagar;  CLICA EM LANÇAMENTOS
26-07-2024 23:58:27.190Z;functions.waitForImage;  LICENCAS EXCEDIDAS image not found.
26-07-2024 23:58:27.190Z;functions.data_filter;  CLICK - SELECIONA A DATA DE QUARTA FEIRA E DA PROXIMA TERÇA
26-07-2024 23:58:27.190Z;functions.data_filter;  QUARTA-FEIRA: 31-07-2024
26-07-2024 23:58:27.190Z;functions.data_filter;  TERCA-FEIRA: 06-08-2024
26-07-2024 23:58:43.987Z;functions.data_filter;  CLICK - BUTÃO DE SELECAO DE FILTRO
26-07-2024 23:58:48.784Z;functions.data_filter;  INSERE - DATA DE QUARTA-FEIRA: 31-07-2024
26-07-2024 23:58:53.159Z;functions.data_filter;  INSERE - DATA DA PROX TERCA-FEIRA: 06-08-2024
26-07-2024 23:58:54.300Z;functions.data_filter;  CLICK - BUTÃO DE EXECUTAR O FILTRO
26-07-2024 23:58:59.305Z;functions.desmark_filter;  AGUARDANDO 1
26-07-2024 23:59:01.768Z;functions.desmark_filter;  CLICK CHECKBOX LANÇAMENTOS A RECEBER
26-07-2024 23:59:04.425Z;functions.desmark_filter;  CLICK CHECKBOX LANÇAMENTOS BAIXADOS
26-07-2024 23:59:07.081Z;functions.desmark_filter;  CLICK CHECKBOX LANÇAMENTOS CANCELADOS
26-07-2024 23:59:10.112Z;functions.desmark_filter;  CLICK CHECKBOX LANÇAMENTOS FATURADOS
26-07-2024 23:59:13.505Z;functions.desmark_filter;  ATUALIZA O FILTRO
26-07-2024 23:59:13.505Z;functions.filter_clean;  FUNÇÃO LIMPA FILTRO
26-07-2024 23:59:28.800Z;functions.waitForImage;  FILTER CLEAN image not found.
26-07-2024 23:59:44.112Z;functions.waitForImage;  FILTER CLEAN image not found.
26-07-2024 23:59:59.425Z;functions.waitForImage;  FILTER CLEAN image not found.
27-07-2024 00:00:02.549Z;functions.tabela_vazia;  Texto extraido 0/0
27-07-2024 00:00:02.549Z;functions.tabela_vazia;  Count 0
27-07-2024 00:00:02.549Z;functions.tabela_vazia;  Type <class 'int'>
27-07-2024 00:00:04.559Z;functions.tabela_vazia;  SEM REMESSA DE FÉRIAS/RESCISÃO
27-07-2024 00:00:06.560Z;main.<module>;  SEM REMESSA DE PENSÃO
27-07-2024 00:00:09.075Z;errorhandler.__handle;  Property: Unknown Property name. [1:203: -ms-interpolation-mode]
27-07-2024 00:00:09.122Z;errorhandler.__handle;  Property: Unknown Property name. [1:353: -webkit-font-smoothing]
27-07-2024 00:00:09.138Z;errorhandler.__handle;  Property: Unknown Property name. [1:483: -ms-text-size-adjust]
27-07-2024 00:00:09.138Z;errorhandler.__handle;  Property: Unknown Property name. [1:518: -webkit-text-size-adjust]
27-07-2024 00:00:09.138Z;errorhandler.__handle;  Property: Unknown Property name. [1:612: mso-table-lspace]
27-07-2024 00:00:09.138Z;errorhandler.__handle;  Property: Unknown Property name. [1:642: mso-table-rspace]
27-07-2024 00:00:09.372Z;errorhandler.__handle;  Property: Unknown Property name. [1:4734: mso-hide]
27-07-2024 00:00:09.466Z;errorhandler.__handle;  Property: Unknown Property name. [1:13: -ms-interpolation-mode]
27-07-2024 00:00:09.466Z;errorhandler.__handle;  Property: Unknown Property name. [1:49: -webkit-font-smoothing]
27-07-2024 00:00:09.466Z;errorhandler.__handle;  Property: Unknown Property name. [1:134: -ms-text-size-adjust]
27-07-2024 00:00:09.466Z;errorhandler.__handle;  Property: Unknown Property name. [1:160: -webkit-text-size-adjust]
27-07-2024 00:00:09.466Z;errorhandler.__handle;  Property: Unknown Property name. [1:26: mso-table-lspace]
27-07-2024 00:00:09.466Z;errorhandler.__handle;  Property: Unknown Property name. [1:45: mso-table-rspace]
27-07-2024 00:00:09.497Z;errorhandler.__handle;  Property: Unknown Property name. [1:92: mso-hide]
27-07-2024 00:00:09.497Z;errorhandler.__handle;  Property: No ":" after name found: align-center [1:1: align-center]
27-07-2024 00:00:09.497Z;errorhandler.__handle;  Property: No property value found: align-center [1:1: align-center]
27-07-2024 00:00:09.497Z;errorhandler.__handle;  CSSStyleDeclaration: Syntax Error in Property: align-center
27-07-2024 00:00:09.497Z;errorhandler.__handle;  Property: Unknown Property name. [1:14: -ms-interpolation-mode]
27-07-2024 00:00:11.925Z;functions.emailFinalizado;  Warning e-mail sent.
27-07-2024 00:00:12.221Z;functions.encerra_prog;  RM ENCERRADO
