15-04-2024 06:30:22.265Z;functions.bot_text_art;      ____     
15-04-2024 06:30:22.265Z;functions.bot_text_art;     [____]    
15-04-2024 06:30:22.265Z;functions.bot_text_art;   |=]()()[=|  
15-04-2024 06:30:22.265Z;functions.bot_text_art;     _\==/__    _____    ____     _        _____    ___   _  __ 
15-04-2024 06:30:22.265Z;functions.bot_text_art;   |__|   |_|  |  _  \  / ___|   | |      |_   _| / ___| | |/ / 
15-04-2024 06:30:22.265Z;functions.bot_text_art;   |_|_/\_|_|  | |  | | | |      | |        | |   | |    | ' /  
15-04-2024 06:30:22.265Z;functions.bot_text_art;   | | __ | |  | |  | | | |      | |        | |   | |    |  <   
15-04-2024 06:30:22.265Z;functions.bot_text_art;   |_|[  ]|_|  | |__| | | |____  | |____   _| |_  | |__  | . \  
15-04-2024 06:30:22.265Z;functions.bot_text_art;   \_|_||_|_/  |_____/   \_____| |______| |_____| \ ___| |_|\_\ 
15-04-2024 06:30:22.265Z;functions.bot_text_art;     |_||_|    
15-04-2024 06:30:22.265Z;functions.bot_text_art;     | ||_|_   
15-04-2024 06:30:22.265Z;functions.bot_text_art;   |___||___|  
15-04-2024 06:30:22.265Z;functions.bot_text_art;               
15-04-2024 06:30:22.281Z;functions.open_RM;  OPEN PROGRAM RM
15-04-2024 06:30:27.906Z;functions.loggin_RM;  ACHOU O PANE PICTURE
15-04-2024 06:30:28.578Z;functions.loggin_RM;  ENCONTRA USE FIELD
15-04-2024 06:30:28.671Z;functions.loggin_RM;  DUPLO CLICK
15-04-2024 06:30:31.686Z;functions.loggin_RM;  ENTRAR USER_NAME
15-04-2024 06:30:32.374Z;functions.loggin_RM;  ENCONTRA PASS FIELD
15-04-2024 06:30:32.452Z;functions.loggin_RM;  CLICK
15-04-2024 06:30:34.562Z;functions.loggin_RM;  ENTRAR PASSWORD
15-04-2024 06:30:35.313Z;functions.loggin_RM;  ENTRAR RM
15-04-2024 06:31:02.954Z;functions.enter_coligada;  CLICK CONTEXTO
15-04-2024 06:31:06.874Z;functions.enter_coligada;  CLICK ALTERAR MODULO DO CONTEXTO
15-04-2024 06:31:09.273Z;functions.enter_coligada;  INSERE O COLIGADA CODE = 1
15-04-2024 06:31:09.374Z;functions.enter_coligada;  APERTA TAB PARA PREENCHER O CAMPO COM A STRING: OCEANICA ENGENHARIA E CONSULTORIA S.A.
15-04-2024 06:31:10.250Z;functions.enter_coligada;  CLICK AVANÇAR NOVAMENTE
15-04-2024 06:31:11.046Z;functions.enter_coligada;  CLICK CONCLUIR
15-04-2024 06:31:20.125Z;functions.enter_coligada;  POP UP COLIGADA DESAPARECER
15-04-2024 06:31:20.749Z;functions.check_movimentacao_bancaria;  CLICK - TOTVS - LINHA RM
15-04-2024 06:31:21.812Z;functions.check_movimentacao_bancaria;  CLICK - BACK OFFICE
15-04-2024 06:31:22.531Z;functions.check_movimentacao_bancaria;  CLICK - GESTAO FINANCEIRA
15-04-2024 06:31:24.811Z;functions.movimentacao_bancaria;  CLICK NA ABA MOVIMENTAÇÃO BANCARIA
15-04-2024 06:31:26.984Z;functions.waitForImage;  IMAGEM BORDERO image found.
15-04-2024 06:31:29.107Z;functions.movimentacao_bancaria;  IMAGEM BORDERO CLICADA.
15-04-2024 06:31:39.602Z;functions.waitForImage;  LICENCAS EXCEDIDAS image not found.
15-04-2024 06:31:41.641Z;functions.waitForImage;  LICENCE SERVER image not found.
15-04-2024 06:31:42.218Z;functions.movimentacao_bancaria;  ENCONTROU O FILTRO DA MOVIMENTAÇÃO BANCÁRIA
15-04-2024 06:31:42.233Z;functions.movimentacao_bancaria;  CLICA NA ABA SUPERIOR DO FILTRO
15-04-2024 06:31:46.438Z;functions.movimentacao_bancaria;  SELECIONA O FILTRO HOJE
15-04-2024 06:31:46.438Z;functions.filter_clean;  FUNÇÃO LIMPA FILTRO
15-04-2024 06:31:48.458Z;functions.waitForImage;  FILTER CLEAN image found.
15-04-2024 06:31:50.583Z;functions.filter_clean;  CLICK NO BOTÃO X DO LIMPA FILTRO
15-04-2024 06:32:05.610Z;functions.waitForImage;  FILTER CLEAN image not found.
15-04-2024 06:32:20.749Z;functions.waitForImage;  FILTER CLEAN image not found.
15-04-2024 06:32:38.890Z;functions.movimentacao_bancaria;  SEM REGISTROS DE PROCESSO DE BORDERO PENDENTE
15-04-2024 06:32:38.890Z;functions.filter_clean;  FUNÇÃO LIMPA FILTRO
15-04-2024 06:32:54.506Z;functions.waitForImage;  FILTER CLEAN image not found.
15-04-2024 06:33:09.548Z;functions.waitForImage;  FILTER CLEAN image not found.
15-04-2024 06:33:24.620Z;functions.waitForImage;  FILTER CLEAN image not found.
15-04-2024 06:33:56.910Z;functions.remessa_pagamento;  SEM PROCESSO DE BORDERO AUTORIZADO
15-04-2024 06:33:59.046Z;errorhandler.__handle;  Property: Unknown Property name. [1:203: -ms-interpolation-mode]
15-04-2024 06:33:59.046Z;errorhandler.__handle;  Property: Unknown Property name. [1:353: -webkit-font-smoothing]
15-04-2024 06:33:59.046Z;errorhandler.__handle;  Property: Unknown Property name. [1:483: -ms-text-size-adjust]
15-04-2024 06:33:59.046Z;errorhandler.__handle;  Property: Unknown Property name. [1:518: -webkit-text-size-adjust]
15-04-2024 06:33:59.046Z;errorhandler.__handle;  Property: Unknown Property name. [1:612: mso-table-lspace]
15-04-2024 06:33:59.046Z;errorhandler.__handle;  Property: Unknown Property name. [1:642: mso-table-rspace]
15-04-2024 06:33:59.093Z;errorhandler.__handle;  Property: Unknown Property name. [1:4734: mso-hide]
15-04-2024 06:33:59.124Z;errorhandler.__handle;  Property: Unknown Property name. [1:13: -ms-interpolation-mode]
15-04-2024 06:33:59.124Z;errorhandler.__handle;  Property: Unknown Property name. [1:49: -webkit-font-smoothing]
15-04-2024 06:33:59.124Z;errorhandler.__handle;  Property: Unknown Property name. [1:134: -ms-text-size-adjust]
15-04-2024 06:33:59.124Z;errorhandler.__handle;  Property: Unknown Property name. [1:160: -webkit-text-size-adjust]
15-04-2024 06:33:59.124Z;errorhandler.__handle;  Property: Unknown Property name. [1:26: mso-table-lspace]
15-04-2024 06:33:59.124Z;errorhandler.__handle;  Property: Unknown Property name. [1:45: mso-table-rspace]
15-04-2024 06:33:59.140Z;errorhandler.__handle;  Property: Unknown Property name. [1:92: mso-hide]
15-04-2024 06:33:59.140Z;errorhandler.__handle;  Property: No ":" after name found: align-center [1:1: align-center]
15-04-2024 06:33:59.140Z;errorhandler.__handle;  Property: No property value found: align-center [1:1: align-center]
15-04-2024 06:33:59.140Z;errorhandler.__handle;  CSSStyleDeclaration: Syntax Error in Property: align-center
15-04-2024 06:33:59.140Z;errorhandler.__handle;  Property: Unknown Property name. [1:14: -ms-interpolation-mode]
15-04-2024 06:34:01.873Z;functions.emailFinalizado;  Warning e-mail sent.
15-04-2024 06:34:01.961Z;functions.encerra_prog;  RM ENCERRADO
