04-05-2024 20:30:12.880Z;functions.bot_text_art;      ____     
04-05-2024 20:30:12.880Z;functions.bot_text_art;     [____]    
04-05-2024 20:30:12.880Z;functions.bot_text_art;   |=]()()[=|  
04-05-2024 20:30:12.880Z;functions.bot_text_art;     _\==/__    _____    ____     _        _____    ___   _  __ 
04-05-2024 20:30:12.880Z;functions.bot_text_art;   |__|   |_|  |  _  \  / ___|   | |      |_   _| / ___| | |/ / 
04-05-2024 20:30:12.880Z;functions.bot_text_art;   |_|_/\_|_|  | |  | | | |      | |        | |   | |    | ' /  
04-05-2024 20:30:12.880Z;functions.bot_text_art;   | | __ | |  | |  | | | |      | |        | |   | |    |  <   
04-05-2024 20:30:12.880Z;functions.bot_text_art;   |_|[  ]|_|  | |__| | | |____  | |____   _| |_  | |__  | . \  
04-05-2024 20:30:12.880Z;functions.bot_text_art;   \_|_||_|_/  |_____/   \_____| |______| |_____| \ ___| |_|\_\ 
04-05-2024 20:30:12.880Z;functions.bot_text_art;     |_||_|    
04-05-2024 20:30:12.880Z;functions.bot_text_art;     | ||_|_   
04-05-2024 20:30:12.880Z;functions.bot_text_art;   |___||___|  
04-05-2024 20:30:12.880Z;functions.bot_text_art;               
04-05-2024 20:30:12.896Z;functions.open_RM;  OPEN PROGRAM RM
04-05-2024 20:30:18.489Z;functions.loggin_RM;  ACHOU O PANE PICTURE
04-05-2024 20:30:19.133Z;functions.loggin_RM;  ENCONTRA USE FIELD
04-05-2024 20:30:19.209Z;functions.loggin_RM;  DUPLO CLICK
04-05-2024 20:30:22.177Z;functions.loggin_RM;  ENTRAR USER_NAME
04-05-2024 20:30:22.817Z;functions.loggin_RM;  ENCONTRA PASS FIELD
04-05-2024 20:30:22.880Z;functions.loggin_RM;  CLICK
04-05-2024 20:30:24.989Z;functions.loggin_RM;  ENTRAR PASSWORD
04-05-2024 20:30:25.661Z;functions.loggin_RM;  ENTRAR RM
04-05-2024 20:30:44.723Z;functions.enter_coligada;  CLICK CONTEXTO
04-05-2024 20:30:48.616Z;functions.enter_coligada;  CLICK ALTERAR MODULO DO CONTEXTO
04-05-2024 20:30:50.866Z;functions.enter_coligada;  INSERE O COLIGADA CODE = 1
04-05-2024 20:30:50.967Z;functions.enter_coligada;  APERTA TAB PARA PREENCHER O CAMPO COM A STRING: OCEANICA ENGENHARIA E CONSULTORIA S.A.
04-05-2024 20:30:51.836Z;functions.enter_coligada;  CLICK AVANÇAR NOVAMENTE
04-05-2024 20:30:52.616Z;functions.enter_coligada;  CLICK CONCLUIR
04-05-2024 20:31:02.287Z;functions.enter_coligada;  POP UP COLIGADA DESAPARECER
04-05-2024 20:31:02.900Z;functions.check_movimentacao_bancaria;  CLICK - TOTVS - LINHA RM
04-05-2024 20:31:03.943Z;functions.check_movimentacao_bancaria;  CLICK - BACK OFFICE
04-05-2024 20:31:06.239Z;functions.check_movimentacao_bancaria;  CLICK - GESTAO FINANCEIRA
04-05-2024 20:31:08.524Z;functions.movimentacao_bancaria;  CLICK NA ABA MOVIMENTAÇÃO BANCARIA
04-05-2024 20:31:10.634Z;functions.waitForImage;  IMAGEM BORDERO image found.
04-05-2024 20:31:12.761Z;functions.movimentacao_bancaria;  IMAGEM BORDERO CLICADA.
04-05-2024 20:31:23.355Z;functions.waitForImage;  LICENCAS EXCEDIDAS image not found.
04-05-2024 20:31:25.868Z;functions.waitForImage;  LICENCE SERVER image not found.
04-05-2024 20:31:26.427Z;functions.movimentacao_bancaria;  ENCONTROU O FILTRO DA MOVIMENTAÇÃO BANCÁRIA
04-05-2024 20:31:26.442Z;functions.movimentacao_bancaria;  CLICA NA ABA SUPERIOR DO FILTRO
04-05-2024 20:31:30.647Z;functions.movimentacao_bancaria;  SELECIONA O FILTRO HOJE
04-05-2024 20:31:30.647Z;functions.filter_clean;  FUNÇÃO LIMPA FILTRO
04-05-2024 20:31:32.609Z;functions.waitForImage;  FILTER CLEAN image found.
04-05-2024 20:31:34.730Z;functions.filter_clean;  CLICK NO BOTÃO X DO LIMPA FILTRO
04-05-2024 20:31:49.869Z;functions.waitForImage;  FILTER CLEAN image not found.
04-05-2024 20:32:05.000Z;functions.waitForImage;  FILTER CLEAN image not found.
04-05-2024 20:32:05.755Z;functions.movimentacao_bancaria;  CLICK NA PRIMEIRA LINHA DA TABELA MOVIMENTAÇÃO BANCÁRIA
04-05-2024 20:32:06.966Z;functions.movimentacao_bancaria;  12 PASSOS PARA DIREITA NA TABELA >>
04-05-2024 20:32:08.224Z;functions.movimentacao_bancaria;  HOVER FILTER
04-05-2024 20:32:08.561Z;functions.movimentacao_bancaria;  CLICK FILTER
04-05-2024 20:32:12.870Z;functions.movimentacao_bancaria;  CLICK NO FILTRO  STATUS DA REMESSA
04-05-2024 20:32:14.972Z;functions.movimentacao_bancaria;  APERTA TAB PARA ESCREVER O FILTRO
04-05-2024 20:32:17.076Z;functions.movimentacao_bancaria;  ESCREVE PENDENTE NO FILTRO
04-05-2024 20:32:19.178Z;functions.movimentacao_bancaria;  APERTA ENTER PARA SELECIONAR OS PENDENTES
04-05-2024 20:32:39.107Z;functions.movimentacao_bancaria;  SEM REGISTROS DE PROCESSO DE BORDERO PENDENTE
04-05-2024 20:32:39.107Z;functions.filter_clean;  FUNÇÃO LIMPA FILTRO
04-05-2024 20:32:39.194Z;functions.waitForImage;  FILTER CLEAN image found.
04-05-2024 20:32:41.322Z;functions.filter_clean;  CLICK NO BOTÃO X DO LIMPA FILTRO
04-05-2024 20:32:56.469Z;functions.waitForImage;  FILTER CLEAN image not found.
04-05-2024 20:33:11.569Z;functions.waitForImage;  FILTER CLEAN image not found.
04-05-2024 20:33:12.365Z;functions.remessa_pagamento;  CLICK NA PRIMEIRA LINHA DA TABELA MOVIMENTAÇÃO BANCÁRIA
04-05-2024 20:33:13.604Z;functions.remessa_pagamento;  HOVER FILTER
04-05-2024 20:33:13.886Z;functions.remessa_pagamento;  CLICK FILTER
04-05-2024 20:33:18.198Z;functions.remessa_pagamento;  CLICK NO FILTRO  STATUS DA REMESSA
04-05-2024 20:33:20.300Z;functions.remessa_pagamento;  APERTA TAB PARA ESCREVER O FILTRO
04-05-2024 20:33:22.406Z;functions.remessa_pagamento;  ESCREVE AUTORIZADO NO FILTRO
04-05-2024 20:33:24.508Z;functions.remessa_pagamento;  APERTA ENTER PARA SELECIONAR OS AUTORIZADOS
04-05-2024 20:33:45.396Z;functions.remessa_pagamento;  SEM REMESSA DE BORDERO AUTORIZADO
04-05-2024 20:33:46.021Z;functions.enter_contas_a_pagar;  CLICK - TOTVS - LINHA RM
04-05-2024 20:33:46.961Z;functions.enter_contas_a_pagar;  CLICK - BACK OFFICE
04-05-2024 20:33:47.646Z;functions.enter_contas_a_pagar;  CLICK - GESTAO FINANCEIRA
04-05-2024 20:33:52.365Z;functions.enter_contas_a_pagar;  CLICK - CONTAS A PAGAR
04-05-2024 20:33:52.454Z;functions.waitForImage;  LANÇAMENTOS image found.
04-05-2024 20:33:54.582Z;functions.enter_contas_a_pagar;  CLICA EM LANÇAMENTOS
04-05-2024 20:34:10.003Z;functions.waitForImage;  LICENCAS EXCEDIDAS image not found.
04-05-2024 20:34:10.003Z;functions.obter_intervalo_data;  VERIFICANDO A HORA ATUAL 20
04-05-2024 20:34:10.019Z;functions.obter_intervalo_data;  Data Inicial PENSAO antes da remoção: None
04-05-2024 20:34:10.019Z;functions.obter_intervalo_data;  Data Final PENSAO antes da remoção: None
04-05-2024 20:34:10.019Z;functions.obter_intervalo_data;  Data Inicial PENSAO após a remoção: None
04-05-2024 20:34:10.019Z;functions.obter_intervalo_data;  Data Final PENSAO após a remoção: None
04-05-2024 20:34:10.019Z;functions.obter_intervalo_data;  hoje -  2024-05-04 20:34:10.019267
04-05-2024 20:34:10.019Z;functions.data_filter;  DATA INICIO 08-05-2024
04-05-2024 20:34:10.019Z;functions.data_filter;  DATA FIM 14-05-2024
04-05-2024 20:34:10.019Z;functions.data_filter;  CLICK - SELECIONA A DATA DE QUARTA FEIRA E DA PROXIMA TERÇA
04-05-2024 20:34:10.019Z;functions.data_filter;  QUARTA-FEIRA: 08-05-2024
04-05-2024 20:34:10.019Z;functions.data_filter;  TERCA-FEIRA: 14-05-2024
04-05-2024 20:34:21.037Z;functions.data_filter;  CLICK - BUTÃO DE SELECAO DE FILTRO
04-05-2024 20:34:24.771Z;functions.data_filter;  INSERE - DATA DE QUARTA-FEIRA: 08-05-2024
04-05-2024 20:34:28.240Z;functions.data_filter;  INSERE - DATA DA PROX TERCA-FEIRA: 14-05-2024
04-05-2024 20:34:28.864Z;functions.data_filter;  CLICK - BUTÃO DE EXECUTAR O FILTRO
04-05-2024 20:34:34.646Z;functions.desmark_filter;  CLICK CHECKBOX LANÇAMENTOS A RECEBER
04-05-2024 20:34:35.709Z;functions.desmark_filter;  CLICK CHECKBOX LANÇAMENTOS BAIXADOS
04-05-2024 20:34:36.536Z;functions.desmark_filter;  CLICK CHECKBOX LANÇAMENTOS CANCELADOS
04-05-2024 20:34:37.395Z;functions.desmark_filter;  CLICK CHECKBOX LANÇAMENTOS FATURADOS
04-05-2024 20:34:38.272Z;functions.desmark_filter;  ATUALIZA O FILTRO
04-05-2024 20:34:38.272Z;functions.filter_clean;  FUNÇÃO LIMPA FILTRO
04-05-2024 20:34:38.384Z;functions.waitForImage;  FILTER CLEAN image found.
04-05-2024 20:34:40.504Z;functions.filter_clean;  CLICK NO BOTÃO X DO LIMPA FILTRO
04-05-2024 20:34:55.603Z;functions.waitForImage;  FILTER CLEAN image not found.
04-05-2024 20:35:10.712Z;functions.waitForImage;  FILTER CLEAN image not found.
04-05-2024 20:35:11.631Z;functions.tabela_vazia;  Texto extraido 0/0
04-05-2024 20:35:11.631Z;functions.tabela_vazia;  Count 0
04-05-2024 20:35:11.631Z;functions.tabela_vazia;  Type <class 'int'>
04-05-2024 20:35:13.636Z;functions.tabela_vazia;  SEM REMESSA DE FÉRIAS/RESCISÃO
04-05-2024 20:35:15.637Z;main.<module>;  SEM REMESSA DE PENSÃO
04-05-2024 20:35:17.962Z;errorhandler.__handle;  Property: Unknown Property name. [1:203: -ms-interpolation-mode]
04-05-2024 20:35:17.962Z;errorhandler.__handle;  Property: Unknown Property name. [1:353: -webkit-font-smoothing]
04-05-2024 20:35:17.962Z;errorhandler.__handle;  Property: Unknown Property name. [1:483: -ms-text-size-adjust]
04-05-2024 20:35:17.962Z;errorhandler.__handle;  Property: Unknown Property name. [1:518: -webkit-text-size-adjust]
04-05-2024 20:35:17.962Z;errorhandler.__handle;  Property: Unknown Property name. [1:612: mso-table-lspace]
04-05-2024 20:35:17.977Z;errorhandler.__handle;  Property: Unknown Property name. [1:642: mso-table-rspace]
04-05-2024 20:35:18.024Z;errorhandler.__handle;  Property: Unknown Property name. [1:4734: mso-hide]
04-05-2024 20:35:18.040Z;errorhandler.__handle;  Property: Unknown Property name. [1:13: -ms-interpolation-mode]
04-05-2024 20:35:18.040Z;errorhandler.__handle;  Property: Unknown Property name. [1:49: -webkit-font-smoothing]
04-05-2024 20:35:18.040Z;errorhandler.__handle;  Property: Unknown Property name. [1:134: -ms-text-size-adjust]
04-05-2024 20:35:18.040Z;errorhandler.__handle;  Property: Unknown Property name. [1:160: -webkit-text-size-adjust]
04-05-2024 20:35:18.040Z;errorhandler.__handle;  Property: Unknown Property name. [1:26: mso-table-lspace]
04-05-2024 20:35:18.040Z;errorhandler.__handle;  Property: Unknown Property name. [1:45: mso-table-rspace]
04-05-2024 20:35:18.055Z;errorhandler.__handle;  Property: Unknown Property name. [1:92: mso-hide]
04-05-2024 20:35:18.055Z;errorhandler.__handle;  Property: No ":" after name found: align-center [1:1: align-center]
04-05-2024 20:35:18.055Z;errorhandler.__handle;  Property: No property value found: align-center [1:1: align-center]
04-05-2024 20:35:18.055Z;errorhandler.__handle;  CSSStyleDeclaration: Syntax Error in Property: align-center
04-05-2024 20:35:18.055Z;errorhandler.__handle;  Property: Unknown Property name. [1:14: -ms-interpolation-mode]
04-05-2024 20:35:19.902Z;functions.emailFinalizado;  Warning e-mail sent.
04-05-2024 20:35:19.990Z;functions.encerra_prog;  RM ENCERRADO
