19-07-2024 03:31:05.924Z;functions.bot_text_art;      ____     
19-07-2024 03:31:05.924Z;functions.bot_text_art;     [____]    
19-07-2024 03:31:05.924Z;functions.bot_text_art;   |=]()()[=|  
19-07-2024 03:31:05.924Z;functions.bot_text_art;     _\==/__    _____    ____     _        _____    ___   _  __ 
19-07-2024 03:31:05.924Z;functions.bot_text_art;   |__|   |_|  |  _  \  / ___|   | |      |_   _| / ___| | |/ / 
19-07-2024 03:31:05.924Z;functions.bot_text_art;   |_|_/\_|_|  | |  | | | |      | |        | |   | |    | ' /  
19-07-2024 03:31:05.924Z;functions.bot_text_art;   | | __ | |  | |  | | | |      | |        | |   | |    |  <   
19-07-2024 03:31:05.924Z;functions.bot_text_art;   |_|[  ]|_|  | |__| | | |____  | |____   _| |_  | |__  | . \  
19-07-2024 03:31:05.924Z;functions.bot_text_art;   \_|_||_|_/  |_____/   \_____| |______| |_____| \ ___| |_|\_\ 
19-07-2024 03:31:05.924Z;functions.bot_text_art;     |_||_|    
19-07-2024 03:31:05.924Z;functions.bot_text_art;     | ||_|_   
19-07-2024 03:31:05.924Z;functions.bot_text_art;   |___||___|  
19-07-2024 03:31:05.924Z;functions.bot_text_art;               
19-07-2024 03:31:05.939Z;functions.open_RM;  OPEN PROGRAM RM
19-07-2024 03:40:14.986Z;functions.loggin_RM;  ACHOU O PANE PICTURE
19-07-2024 03:40:16.158Z;functions.loggin_RM;  ENCONTRA USE FIELD
19-07-2024 03:40:16.533Z;functions.loggin_RM;  DUPLO CLICK
19-07-2024 03:40:20.111Z;functions.loggin_RM;  ENTRAR USER_NAME
19-07-2024 03:40:21.423Z;functions.loggin_RM;  ENCONTRA PASS FIELD
19-07-2024 03:40:21.720Z;functions.loggin_RM;  CLICK
19-07-2024 03:40:23.849Z;functions.loggin_RM;  ENTRAR PASSWORD
19-07-2024 03:40:25.283Z;functions.loggin_RM;  ENTRAR RM
19-07-2024 03:43:32.783Z;functions.enter_coligada;  AGUARDANDO 1
19-07-2024 03:46:04.619Z;functions.enter_coligada;  apertou up
19-07-2024 03:46:04.619Z;functions.enter_coligada;  AGUARDANDO 2
19-07-2024 03:48:35.556Z;functions.enter_coligada;  apertou up
19-07-2024 03:48:35.556Z;functions.enter_coligada;  AGUARDANDO 3
19-07-2024 03:51:06.391Z;functions.enter_coligada;  apertou up
19-07-2024 03:51:06.391Z;functions.enter_coligada;  AGUARDANDO 4
19-07-2024 03:53:39.196Z;functions.enter_coligada;  apertou up
19-07-2024 03:53:39.196Z;functions.enter_coligada;  AGUARDANDO 5
19-07-2024 03:56:12.040Z;functions.enter_coligada;  apertou up
19-07-2024 03:56:12.040Z;functions.enter_coligada;  AGUARDANDO 6
19-07-2024 03:58:44.735Z;functions.enter_coligada;  apertou up
19-07-2024 03:58:44.735Z;functions.enter_coligada;  AGUARDANDO 7
19-07-2024 04:01:18.920Z;functions.enter_coligada;  apertou up
19-07-2024 04:01:34.437Z;functions.show_exception_and_exit;  'NoneType' object has no attribute 'click'
Traceback (most recent call last):
  File "C:\Projetos_Remessas\Remessa_Pensao\main.py", line 14, in <module>
    enter_coligada()
  File "C:\Projetos_Remessas\Remessa_Pensao\SUBPROGRAMS\functions.py", line 212, in enter_coligada
    click_alterar_contexto.click()
    ^^^^^^^^^^^^^^^^^^^^^^^^^^^^
AttributeError: 'NoneType' object has no attribute 'click'
19-07-2024 04:01:35.360Z;functions.show_exception_and_exit;  RM FECHADO
19-07-2024 04:01:39.328Z;errorhandler.__handle;  Property: Unknown Property name. [1:203: -ms-interpolation-mode]
19-07-2024 04:01:39.375Z;errorhandler.__handle;  Property: Unknown Property name. [1:353: -webkit-font-smoothing]
19-07-2024 04:01:39.393Z;errorhandler.__handle;  Property: Unknown Property name. [1:483: -ms-text-size-adjust]
19-07-2024 04:01:39.394Z;errorhandler.__handle;  Property: Unknown Property name. [1:518: -webkit-text-size-adjust]
19-07-2024 04:01:39.397Z;errorhandler.__handle;  Property: Unknown Property name. [1:612: mso-table-lspace]
19-07-2024 04:01:39.398Z;errorhandler.__handle;  Property: Unknown Property name. [1:642: mso-table-rspace]
19-07-2024 04:01:39.625Z;errorhandler.__handle;  Property: Unknown Property name. [1:4734: mso-hide]
19-07-2024 04:01:39.735Z;errorhandler.__handle;  Property: Unknown Property name. [1:13: -ms-interpolation-mode]
19-07-2024 04:01:39.735Z;errorhandler.__handle;  Property: Unknown Property name. [1:49: -webkit-font-smoothing]
19-07-2024 04:01:39.735Z;errorhandler.__handle;  Property: Unknown Property name. [1:134: -ms-text-size-adjust]
19-07-2024 04:01:39.735Z;errorhandler.__handle;  Property: Unknown Property name. [1:160: -webkit-text-size-adjust]
19-07-2024 04:01:39.750Z;errorhandler.__handle;  Property: Unknown Property name. [1:26: mso-table-lspace]
19-07-2024 04:01:39.750Z;errorhandler.__handle;  Property: Unknown Property name. [1:45: mso-table-rspace]
19-07-2024 04:01:39.782Z;errorhandler.__handle;  Property: Unknown Property name. [1:92: mso-hide]
19-07-2024 04:01:39.797Z;errorhandler.__handle;  Property: No ":" after name found: align-center [1:1: align-center]
19-07-2024 04:01:39.797Z;errorhandler.__handle;  Property: No property value found: align-center [1:1: align-center]
19-07-2024 04:01:39.797Z;errorhandler.__handle;  CSSStyleDeclaration: Syntax Error in Property: align-center
19-07-2024 04:01:39.797Z;errorhandler.__handle;  Property: Unknown Property name. [1:14: -ms-interpolation-mode]
19-07-2024 04:01:43.048Z;functions.show_exception_and_exit;  EMAIL EXCEÇÃO ENVIADO
19-07-2024 04:01:43.048Z;functions.show_exception_and_exit;  ERRO - <class 'AttributeError'> / 'NoneType' object has no attribute 'click'
