30-03-2024 20:30:17.647Z;functions.bot_text_art;      ____     
30-03-2024 20:30:17.647Z;functions.bot_text_art;     [____]    
30-03-2024 20:30:17.647Z;functions.bot_text_art;   |=]()()[=|  
30-03-2024 20:30:17.647Z;functions.bot_text_art;     _\==/__    _____    ____     _        _____    ___   _  __ 
30-03-2024 20:30:17.647Z;functions.bot_text_art;   |__|   |_|  |  _  \  / ___|   | |      |_   _| / ___| | |/ / 
30-03-2024 20:30:17.647Z;functions.bot_text_art;   |_|_/\_|_|  | |  | | | |      | |        | |   | |    | ' /  
30-03-2024 20:30:17.647Z;functions.bot_text_art;   | | __ | |  | |  | | | |      | |        | |   | |    |  <   
30-03-2024 20:30:17.647Z;functions.bot_text_art;   |_|[  ]|_|  | |__| | | |____  | |____   _| |_  | |__  | . \  
30-03-2024 20:30:17.647Z;functions.bot_text_art;   \_|_||_|_/  |_____/   \_____| |______| |_____| \ ___| |_|\_\ 
30-03-2024 20:30:17.647Z;functions.bot_text_art;     |_||_|    
30-03-2024 20:30:17.647Z;functions.bot_text_art;     | ||_|_   
30-03-2024 20:30:17.647Z;functions.bot_text_art;   |___||___|  
30-03-2024 20:30:17.647Z;functions.bot_text_art;               
30-03-2024 20:30:17.663Z;functions.open_RM;  OPEN PROGRAM RM
30-03-2024 20:30:27.538Z;functions.loggin_RM;  ACHOU O PANE PICTURE
30-03-2024 20:30:28.506Z;functions.loggin_RM;  ENCONTRA USE FIELD
30-03-2024 20:30:28.741Z;functions.loggin_RM;  DUPLO CLICK
30-03-2024 20:30:32.257Z;functions.loggin_RM;  ENTRAR USER_NAME
30-03-2024 20:30:33.272Z;functions.loggin_RM;  ENCONTRA PASS FIELD
30-03-2024 20:30:33.492Z;functions.loggin_RM;  CLICK
30-03-2024 20:30:35.613Z;functions.loggin_RM;  ENTRAR PASSWORD
30-03-2024 20:30:36.804Z;functions.loggin_RM;  ENTRAR RM
30-03-2024 20:31:09.616Z;functions.enter_coligada;  CLICK CONTEXTO
30-03-2024 20:31:14.818Z;functions.enter_coligada;  CLICK ALTERAR MODULO DO CONTEXTO
30-03-2024 20:31:18.366Z;functions.enter_coligada;  INSERE O COLIGADA CODE = 1
30-03-2024 20:31:18.475Z;functions.enter_coligada;  APERTA TAB PARA PREENCHER O CAMPO COM A STRING: OCEANICA ENGENHARIA E CONSULTORIA S.A.
30-03-2024 20:31:19.836Z;functions.enter_coligada;  CLICK AVANÇAR NOVAMENTE
30-03-2024 20:31:20.975Z;functions.enter_coligada;  CLICK CONCLUIR
30-03-2024 20:31:41.805Z;functions.enter_coligada;  POP UP COLIGADA DESAPARECER
30-03-2024 20:31:42.648Z;functions.check_movimentacao_bancaria;  CLICK - TOTVS - LINHA RM
30-03-2024 20:31:44.350Z;functions.check_movimentacao_bancaria;  CLICK - BACK OFFICE
30-03-2024 20:31:47.085Z;functions.check_movimentacao_bancaria;  CLICK - GESTAO FINANCEIRA
30-03-2024 20:31:53.150Z;functions.movimentacao_bancaria;  CLICK NA ABA MOVIMENTAÇÃO BANCARIA
30-03-2024 20:31:55.554Z;functions.waitForImage;  IMAGEM BORDERO image found.
30-03-2024 20:31:57.680Z;functions.movimentacao_bancaria;  IMAGEM BORDERO CLICADA.
30-03-2024 20:32:08.178Z;functions.waitForImage;  LICENCAS EXCEDIDAS image not found.
30-03-2024 20:32:10.888Z;functions.waitForImage;  LICENCE SERVER image not found.
30-03-2024 20:32:11.569Z;functions.movimentacao_bancaria;  ENCONTROU O FILTRO DA MOVIMENTAÇÃO BANCÁRIA
30-03-2024 20:32:11.600Z;functions.movimentacao_bancaria;  CLICA NA ABA SUPERIOR DO FILTRO
30-03-2024 20:32:15.811Z;functions.movimentacao_bancaria;  SELECIONA O FILTRO HOJE
30-03-2024 20:32:15.811Z;functions.filter_clean;  FUNÇÃO LIMPA FILTRO
30-03-2024 20:32:31.522Z;functions.waitForImage;  FILTER CLEAN image not found.
30-03-2024 20:32:47.296Z;functions.waitForImage;  FILTER CLEAN image not found.
30-03-2024 20:33:03.101Z;functions.waitForImage;  FILTER CLEAN image not found.
30-03-2024 20:33:22.960Z;functions.movimentacao_bancaria;  SEM REGISTROS DE PROCESSO DE BORDERO PENDENTE
30-03-2024 20:33:22.960Z;functions.filter_clean;  FUNÇÃO LIMPA FILTRO
30-03-2024 20:33:38.772Z;functions.waitForImage;  FILTER CLEAN image not found.
30-03-2024 20:33:53.805Z;functions.waitForImage;  FILTER CLEAN image not found.
30-03-2024 20:34:09.617Z;functions.waitForImage;  FILTER CLEAN image not found.
30-03-2024 20:34:45.084Z;functions.remessa_pagamento;  SEM PROCESSO DE BORDERO AUTORIZADO
30-03-2024 20:34:47.810Z;errorhandler.__handle;  Property: Unknown Property name. [1:203: -ms-interpolation-mode]
30-03-2024 20:34:47.860Z;errorhandler.__handle;  Property: Unknown Property name. [1:353: -webkit-font-smoothing]
30-03-2024 20:34:47.861Z;errorhandler.__handle;  Property: Unknown Property name. [1:483: -ms-text-size-adjust]
30-03-2024 20:34:47.878Z;errorhandler.__handle;  Property: Unknown Property name. [1:518: -webkit-text-size-adjust]
30-03-2024 20:34:47.878Z;errorhandler.__handle;  Property: Unknown Property name. [1:612: mso-table-lspace]
30-03-2024 20:34:47.878Z;errorhandler.__handle;  Property: Unknown Property name. [1:642: mso-table-rspace]
30-03-2024 20:34:48.115Z;errorhandler.__handle;  Property: Unknown Property name. [1:4734: mso-hide]
30-03-2024 20:34:48.225Z;errorhandler.__handle;  Property: Unknown Property name. [1:13: -ms-interpolation-mode]
30-03-2024 20:34:48.225Z;errorhandler.__handle;  Property: Unknown Property name. [1:49: -webkit-font-smoothing]
30-03-2024 20:34:48.241Z;errorhandler.__handle;  Property: Unknown Property name. [1:134: -ms-text-size-adjust]
30-03-2024 20:34:48.241Z;errorhandler.__handle;  Property: Unknown Property name. [1:160: -webkit-text-size-adjust]
30-03-2024 20:34:48.241Z;errorhandler.__handle;  Property: Unknown Property name. [1:26: mso-table-lspace]
30-03-2024 20:34:48.241Z;errorhandler.__handle;  Property: Unknown Property name. [1:45: mso-table-rspace]
30-03-2024 20:34:48.288Z;errorhandler.__handle;  Property: Unknown Property name. [1:92: mso-hide]
30-03-2024 20:34:48.288Z;errorhandler.__handle;  Property: No ":" after name found: align-center [1:1: align-center]
30-03-2024 20:34:48.288Z;errorhandler.__handle;  Property: No property value found: align-center [1:1: align-center]
30-03-2024 20:34:48.288Z;errorhandler.__handle;  CSSStyleDeclaration: Syntax Error in Property: align-center
30-03-2024 20:34:48.303Z;errorhandler.__handle;  Property: Unknown Property name. [1:14: -ms-interpolation-mode]
30-03-2024 20:34:50.600Z;functions.emailFinalizado;  Warning e-mail sent.
30-03-2024 20:34:50.921Z;functions.encerra_prog;  RM ENCERRADO
