06-03-2024 23:08:14.172Z;functions.bot_text_art;      ____     
06-03-2024 23:08:14.172Z;functions.bot_text_art;     [____]    
06-03-2024 23:08:14.172Z;functions.bot_text_art;   |=]()()[=|  
06-03-2024 23:08:14.172Z;functions.bot_text_art;     _\==/__    _____    ____     _        _____    ___   _  __ 
06-03-2024 23:08:14.172Z;functions.bot_text_art;   |__|   |_|  |  _  \  / ___|   | |      |_   _| / ___| | |/ / 
06-03-2024 23:08:14.172Z;functions.bot_text_art;   |_|_/\_|_|  | |  | | | |      | |        | |   | |    | ' /  
06-03-2024 23:08:14.172Z;functions.bot_text_art;   | | __ | |  | |  | | | |      | |        | |   | |    |  <   
06-03-2024 23:08:14.172Z;functions.bot_text_art;   |_|[  ]|_|  | |__| | | |____  | |____   _| |_  | |__  | . \  
06-03-2024 23:08:14.172Z;functions.bot_text_art;   \_|_||_|_/  |_____/   \_____| |______| |_____| \ ___| |_|\_\ 
06-03-2024 23:08:14.172Z;functions.bot_text_art;     |_||_|    
06-03-2024 23:08:14.172Z;functions.bot_text_art;     | ||_|_   
06-03-2024 23:08:14.172Z;functions.bot_text_art;   |___||___|  
06-03-2024 23:08:14.172Z;functions.bot_text_art;               
06-03-2024 23:08:14.188Z;functions.open_RM;  OPEN PROGRAM RM
06-03-2024 23:08:26.734Z;functions.loggin_RM;  ACHOU O PANE PICTURE
06-03-2024 23:08:27.750Z;functions.loggin_RM;  ENCONTRA USE FIELD
06-03-2024 23:08:28.000Z;functions.loggin_RM;  DUPLO CLICK
06-03-2024 23:08:31.562Z;functions.loggin_RM;  ENTRAR USER_NAME
06-03-2024 23:08:32.593Z;functions.loggin_RM;  ENCONTRA PASS FIELD
06-03-2024 23:08:32.827Z;functions.loggin_RM;  CLICK
06-03-2024 23:08:34.956Z;functions.loggin_RM;  ENTRAR PASSWORD
06-03-2024 23:08:36.124Z;functions.loggin_RM;  ENTRAR RM
06-03-2024 23:09:18.672Z;functions.enter_coligada;  CLICK CONTEXTO
06-03-2024 23:09:24.015Z;functions.enter_coligada;  CLICK COLIGADA 1
06-03-2024 23:09:26.562Z;functions.enter_coligada;  CLICK AVANÇAR
06-03-2024 23:09:29.033Z;functions.enter_coligada;  INSERE O COLIGADA CODE = 1
06-03-2024 23:09:29.144Z;functions.enter_coligada;  APERTA TAB PARA PREENCHER O CAMPO COM A STRING: OCEANICA ENGENHARIA E CONSULTORIA S.A.
06-03-2024 23:09:31.187Z;functions.enter_coligada;  CLICK AVANÇAR NOVAMENTE
06-03-2024 23:09:32.374Z;functions.enter_coligada;  CLICK CONCLUIR
06-03-2024 23:10:00.890Z;functions.enter_coligada;  POP UP COLIGADA DESAPARECER
06-03-2024 23:10:01.750Z;functions.check_movimentacao_bancaria;  CLICK - TOTVS - LINHA RM
06-03-2024 23:10:03.531Z;functions.check_movimentacao_bancaria;  CLICK - BACK OFFICE
06-03-2024 23:10:06.312Z;functions.check_movimentacao_bancaria;  CLICK - GESTAO FINANCEIRA
06-03-2024 23:10:16.889Z;functions.movimentacao_bancaria;  CLICK NA ABA MOVIMENTAÇÃO BANCARIA
06-03-2024 23:10:19.312Z;functions.waitForImage;  IMAGEM BORDERO image found.
06-03-2024 23:10:21.442Z;functions.movimentacao_bancaria;  IMAGEM BORDERO CLICADA.
06-03-2024 23:10:41.582Z;functions.waitForImage;  LICENCAS EXCEDIDAS image not found.
06-03-2024 23:10:42.240Z;functions.movimentacao_bancaria;  ENCONTROU O FILTRO DA MOVIMENTAÇÃO BANCÁRIA
06-03-2024 23:10:42.268Z;functions.movimentacao_bancaria;  CLICA NA ABA SUPERIOR DO FILTRO
06-03-2024 23:10:46.477Z;functions.movimentacao_bancaria;  SELECIONA O FILTRO HOJE
06-03-2024 23:10:46.477Z;functions.filter_clean;  FUNÇÃO LIMPA FILTRO, 60 segundos
06-03-2024 23:10:51.108Z;functions.waitForImage;  FILTER CLEAN image found.
06-03-2024 23:10:53.237Z;functions.filter_clean;  CLICK NO BOTÃO X DO LIMPA FILTRO
06-03-2024 23:10:56.655Z;functions.movimentacao_bancaria;  CLICK NA PRIMEIRA LINHA DA TABELA MOVIMENTAÇÃO BANCÁRIA
06-03-2024 23:10:57.887Z;functions.movimentacao_bancaria;  12 PASSOS PARA DIREITA NA TABELA >>
06-03-2024 23:10:59.811Z;functions.movimentacao_bancaria;  HOVER FILTER
06-03-2024 23:11:00.250Z;functions.movimentacao_bancaria;  CLICK FILTER
06-03-2024 23:11:04.579Z;functions.movimentacao_bancaria;  CLICK NO FILTRO  STATUS DA REMESSA
06-03-2024 23:11:06.683Z;functions.movimentacao_bancaria;  APERTA TAB PARA ESCREVER O FILTRO
06-03-2024 23:11:08.798Z;functions.movimentacao_bancaria;  ESCREVE PENDENTE NO FILTRO
06-03-2024 23:11:10.901Z;functions.movimentacao_bancaria;  APERTA ENTER PARA SELECIONAR OS PENDENTES
06-03-2024 23:11:32.593Z;functions.movimentacao_bancaria;  SEM REGISTROS DE PROCESSO DE BORDERO PENDENTE
06-03-2024 23:11:32.593Z;functions.filter_clean;  FUNÇÃO LIMPA FILTRO, 60 segundos
06-03-2024 23:11:32.929Z;functions.waitForImage;  FILTER CLEAN image found.
06-03-2024 23:11:35.048Z;functions.filter_clean;  CLICK NO BOTÃO X DO LIMPA FILTRO
06-03-2024 23:11:38.639Z;functions.remessa_pagamento;  CLICK NA PRIMEIRA LINHA DA TABELA MOVIMENTAÇÃO BANCÁRIA
06-03-2024 23:11:40.561Z;functions.remessa_pagamento;  HOVER FILTER
06-03-2024 23:11:41.058Z;functions.remessa_pagamento;  CLICK FILTER
06-03-2024 23:11:45.389Z;functions.remessa_pagamento;  CLICK NO FILTRO  STATUS DA REMESSA
06-03-2024 23:11:47.492Z;functions.remessa_pagamento;  APERTA TAB PARA ESCREVER O FILTRO
06-03-2024 23:11:49.613Z;functions.remessa_pagamento;  ESCREVE AUTORIZADO NO FILTRO
06-03-2024 23:11:51.716Z;functions.remessa_pagamento;  APERTA ENTER PARA SELECIONAR OS AUTORIZADOS
06-03-2024 23:12:14.343Z;functions.remessa_pagamento;  SEM REMESSA DE BORDERO AUTORIZADO
06-03-2024 23:12:15.185Z;functions.enter_contas_a_pagar;  CLICK - TOTVS - LINHA RM
06-03-2024 23:12:16.670Z;functions.enter_contas_a_pagar;  CLICK - BACK OFFICE
06-03-2024 23:12:17.631Z;functions.enter_contas_a_pagar;  CLICK - GESTAO FINANCEIRA
06-03-2024 23:12:26.327Z;functions.enter_contas_a_pagar;  CLICK - CONTAS A PAGAR
06-03-2024 23:12:27.525Z;functions.waitForImage;  LANÇAMENTOS image found.
06-03-2024 23:12:29.655Z;functions.enter_contas_a_pagar;  CLICA EM LANÇAMENTOS
06-03-2024 23:12:45.186Z;functions.waitForImage;  LICENCAS EXCEDIDAS image not found.
06-03-2024 23:12:45.202Z;functions.obter_intervalo_data;  Data Inicial PENSAO antes da remoção: None
06-03-2024 23:12:45.202Z;functions.obter_intervalo_data;  Data Final PENSAO antes da remoção: None
06-03-2024 23:12:45.202Z;functions.obter_intervalo_data;  Data Inicial PENSAO após a remoção: None
06-03-2024 23:12:45.202Z;functions.obter_intervalo_data;  Data Final PENSAO após a remoção: None
06-03-2024 23:12:45.202Z;functions.obter_intervalo_data;  hoje -  2024-03-06 23:12:45.202400
06-03-2024 23:12:45.202Z;functions.data_filter;  DATA INICIO 13-03-2024
06-03-2024 23:12:45.202Z;functions.data_filter;  DATA FIM 19-03-2024
06-03-2024 23:12:45.202Z;functions.data_filter;  CLICK - SELECIONA A DATA DE QUARTA FEIRA E DA PROXIMA TERÇA
06-03-2024 23:12:45.202Z;functions.data_filter;  QUARTA-FEIRA: 13-03-2024
06-03-2024 23:12:45.202Z;functions.data_filter;  TERCA-FEIRA: 19-03-2024
06-03-2024 23:12:48.264Z;functions.data_filter;  ESCREVE REMESSA BANCÁRIA NO FILTRO
06-03-2024 23:12:49.452Z;functions.data_filter;  CLICK - BUTÃO DE SELECAO DE FILTRO
06-03-2024 23:12:54.451Z;functions.data_filter;  INSERE - DATA DE QUARTA-FEIRA: 13-03-2024
06-03-2024 23:12:58.436Z;functions.data_filter;  INSERE - DATA DA PROX TERCA-FEIRA: 19-03-2024
06-03-2024 23:12:59.687Z;functions.data_filter;  CLICK - BUTÃO DE EXECUTAR O FILTRO
06-03-2024 23:13:06.342Z;functions.desmark_filter;  CLICK CHECKBOX LANÇAMENTOS A RECEBER
06-03-2024 23:13:08.186Z;functions.desmark_filter;  CLICK CHECKBOX LANÇAMENTOS BAIXADOS
06-03-2024 23:13:10.155Z;functions.desmark_filter;  CLICK CHECKBOX LANÇAMENTOS CANCELADOS
06-03-2024 23:13:12.264Z;functions.desmark_filter;  CLICK CHECKBOX LANÇAMENTOS FATURADOS
06-03-2024 23:13:14.452Z;functions.desmark_filter;  ATUALIZA O FILTRO
06-03-2024 23:13:14.467Z;functions.filter_clean;  FUNÇÃO LIMPA FILTRO, 60 segundos
06-03-2024 23:14:15.217Z;functions.waitForImage;  FILTER CLEAN image not found.
06-03-2024 23:14:17.608Z;functions.tabela_vazia;  Texto extraido 0/0
06-03-2024 23:14:17.608Z;functions.tabela_vazia;  Count 0
06-03-2024 23:14:17.608Z;functions.tabela_vazia;  Type <class 'int'>
06-03-2024 23:14:19.616Z;functions.tabela_vazia;  SEM REMESSA DE FÉRIAS/RESCISÃO
06-03-2024 23:14:21.617Z;main.<module>;  SEM REMESSA DE PENSÃO
06-03-2024 23:14:24.701Z;errorhandler.__handle;  Property: Unknown Property name. [1:203: -ms-interpolation-mode]
06-03-2024 23:14:24.748Z;errorhandler.__handle;  Property: Unknown Property name. [1:353: -webkit-font-smoothing]
06-03-2024 23:14:24.764Z;errorhandler.__handle;  Property: Unknown Property name. [1:483: -ms-text-size-adjust]
06-03-2024 23:14:24.764Z;errorhandler.__handle;  Property: Unknown Property name. [1:518: -webkit-text-size-adjust]
06-03-2024 23:14:24.764Z;errorhandler.__handle;  Property: Unknown Property name. [1:612: mso-table-lspace]
06-03-2024 23:14:24.764Z;errorhandler.__handle;  Property: Unknown Property name. [1:642: mso-table-rspace]
06-03-2024 23:14:24.998Z;errorhandler.__handle;  Property: Unknown Property name. [1:4734: mso-hide]
06-03-2024 23:14:25.123Z;errorhandler.__handle;  Property: Unknown Property name. [1:13: -ms-interpolation-mode]
06-03-2024 23:14:25.123Z;errorhandler.__handle;  Property: Unknown Property name. [1:49: -webkit-font-smoothing]
06-03-2024 23:14:25.123Z;errorhandler.__handle;  Property: Unknown Property name. [1:134: -ms-text-size-adjust]
06-03-2024 23:14:25.123Z;errorhandler.__handle;  Property: Unknown Property name. [1:160: -webkit-text-size-adjust]
06-03-2024 23:14:25.139Z;errorhandler.__handle;  Property: Unknown Property name. [1:26: mso-table-lspace]
06-03-2024 23:14:25.139Z;errorhandler.__handle;  Property: Unknown Property name. [1:45: mso-table-rspace]
06-03-2024 23:14:25.170Z;errorhandler.__handle;  Property: Unknown Property name. [1:92: mso-hide]
06-03-2024 23:14:25.186Z;errorhandler.__handle;  Property: No ":" after name found: align-center [1:1: align-center]
06-03-2024 23:14:25.186Z;errorhandler.__handle;  Property: No property value found: align-center [1:1: align-center]
06-03-2024 23:14:25.186Z;errorhandler.__handle;  CSSStyleDeclaration: Syntax Error in Property: align-center
06-03-2024 23:14:25.186Z;errorhandler.__handle;  Property: Unknown Property name. [1:14: -ms-interpolation-mode]
06-03-2024 23:14:27.530Z;functions.emailFinalizado;  Warning e-mail sent.
06-03-2024 23:14:27.530Z;functions.encerra_prog;  RM ENCERRADO
