03-06-2024 20:31:05.948Z;functions.bot_text_art;      ____     
03-06-2024 20:31:05.948Z;functions.bot_text_art;     [____]    
03-06-2024 20:31:05.948Z;functions.bot_text_art;   |=]()()[=|  
03-06-2024 20:31:05.948Z;functions.bot_text_art;     _\==/__    _____    ____     _        _____    ___   _  __ 
03-06-2024 20:31:05.948Z;functions.bot_text_art;   |__|   |_|  |  _  \  / ___|   | |      |_   _| / ___| | |/ / 
03-06-2024 20:31:05.964Z;functions.bot_text_art;   |_|_/\_|_|  | |  | | | |      | |        | |   | |    | ' /  
03-06-2024 20:31:05.964Z;functions.bot_text_art;   | | __ | |  | |  | | | |      | |        | |   | |    |  <   
03-06-2024 20:31:05.964Z;functions.bot_text_art;   |_|[  ]|_|  | |__| | | |____  | |____   _| |_  | |__  | . \  
03-06-2024 20:31:05.964Z;functions.bot_text_art;   \_|_||_|_/  |_____/   \_____| |______| |_____| \ ___| |_|\_\ 
03-06-2024 20:31:05.964Z;functions.bot_text_art;     |_||_|    
03-06-2024 20:31:05.964Z;functions.bot_text_art;     | ||_|_   
03-06-2024 20:31:05.964Z;functions.bot_text_art;   |___||___|  
03-06-2024 20:31:05.964Z;functions.bot_text_art;               
03-06-2024 20:31:06.702Z;functions.open_RM;  OPEN PROGRAM RM
03-06-2024 20:31:28.792Z;functions.loggin_RM;  ACHOU O PANE PICTURE
03-06-2024 20:31:30.325Z;functions.loggin_RM;  ENCONTRA USE FIELD
03-06-2024 20:31:30.777Z;functions.loggin_RM;  DUPLO CLICK
03-06-2024 20:31:34.902Z;functions.loggin_RM;  ENTRAR USER_NAME
03-06-2024 20:31:36.543Z;functions.loggin_RM;  ENCONTRA PASS FIELD
03-06-2024 20:31:36.981Z;functions.loggin_RM;  CLICK
03-06-2024 20:31:39.106Z;functions.loggin_RM;  ENTRAR PASSWORD
03-06-2024 20:31:40.965Z;functions.loggin_RM;  ENTRAR RM
03-06-2024 20:51:43.884Z;functions.show_exception_and_exit;  'NoneType' object has no attribute 'click'
Traceback (most recent call last):
  File "C:\Projetos_Remessas\Remessa_Pensao\main.py", line 14, in <module>
    enter_coligada()
  File "C:\Projetos_Remessas\Remessa_Pensao\SUBPROGRAMS\functions.py", line 107, in enter_coligada
    click_context.click()
    ^^^^^^^^^^^^^^^^^^^
AttributeError: 'NoneType' object has no attribute 'click'
03-06-2024 20:51:44.750Z;functions.show_exception_and_exit;  RM FECHADO
03-06-2024 20:51:48.368Z;errorhandler.__handle;  Property: Unknown Property name. [1:203: -ms-interpolation-mode]
03-06-2024 20:51:48.415Z;errorhandler.__handle;  Property: Unknown Property name. [1:353: -webkit-font-smoothing]
03-06-2024 20:51:48.431Z;errorhandler.__handle;  Property: Unknown Property name. [1:483: -ms-text-size-adjust]
03-06-2024 20:51:48.431Z;errorhandler.__handle;  Property: Unknown Property name. [1:518: -webkit-text-size-adjust]
03-06-2024 20:51:48.431Z;errorhandler.__handle;  Property: Unknown Property name. [1:612: mso-table-lspace]
03-06-2024 20:51:48.431Z;errorhandler.__handle;  Property: Unknown Property name. [1:642: mso-table-rspace]
03-06-2024 20:51:48.676Z;errorhandler.__handle;  Property: Unknown Property name. [1:4734: mso-hide]
03-06-2024 20:51:48.775Z;errorhandler.__handle;  Property: Unknown Property name. [1:13: -ms-interpolation-mode]
03-06-2024 20:51:48.775Z;errorhandler.__handle;  Property: Unknown Property name. [1:49: -webkit-font-smoothing]
03-06-2024 20:51:48.790Z;errorhandler.__handle;  Property: Unknown Property name. [1:134: -ms-text-size-adjust]
03-06-2024 20:51:48.790Z;errorhandler.__handle;  Property: Unknown Property name. [1:160: -webkit-text-size-adjust]
03-06-2024 20:51:48.790Z;errorhandler.__handle;  Property: Unknown Property name. [1:26: mso-table-lspace]
03-06-2024 20:51:48.790Z;errorhandler.__handle;  Property: Unknown Property name. [1:45: mso-table-rspace]
03-06-2024 20:51:48.822Z;errorhandler.__handle;  Property: Unknown Property name. [1:92: mso-hide]
03-06-2024 20:51:48.837Z;errorhandler.__handle;  Property: No ":" after name found: align-center [1:1: align-center]
03-06-2024 20:51:48.837Z;errorhandler.__handle;  Property: No property value found: align-center [1:1: align-center]
03-06-2024 20:51:48.837Z;errorhandler.__handle;  CSSStyleDeclaration: Syntax Error in Property: align-center
03-06-2024 20:51:48.853Z;errorhandler.__handle;  Property: Unknown Property name. [1:14: -ms-interpolation-mode]
03-06-2024 20:51:52.915Z;functions.show_exception_and_exit;  EMAIL EXCEÇÃO ENVIADO
03-06-2024 20:51:52.915Z;functions.show_exception_and_exit;  ERRO - <class 'AttributeError'> / 'NoneType' object has no attribute 'click'
