18-04-2024 14:30:11.384Z;functions.bot_text_art;      ____     
18-04-2024 14:30:11.384Z;functions.bot_text_art;     [____]    
18-04-2024 14:30:11.384Z;functions.bot_text_art;   |=]()()[=|  
18-04-2024 14:30:11.384Z;functions.bot_text_art;     _\==/__    _____    ____     _        _____    ___   _  __ 
18-04-2024 14:30:11.384Z;functions.bot_text_art;   |__|   |_|  |  _  \  / ___|   | |      |_   _| / ___| | |/ / 
18-04-2024 14:30:11.384Z;functions.bot_text_art;   |_|_/\_|_|  | |  | | | |      | |        | |   | |    | ' /  
18-04-2024 14:30:11.384Z;functions.bot_text_art;   | | __ | |  | |  | | | |      | |        | |   | |    |  <   
18-04-2024 14:30:11.384Z;functions.bot_text_art;   |_|[  ]|_|  | |__| | | |____  | |____   _| |_  | |__  | . \  
18-04-2024 14:30:11.384Z;functions.bot_text_art;   \_|_||_|_/  |_____/   \_____| |______| |_____| \ ___| |_|\_\ 
18-04-2024 14:30:11.384Z;functions.bot_text_art;     |_||_|    
18-04-2024 14:30:11.384Z;functions.bot_text_art;     | ||_|_   
18-04-2024 14:30:11.384Z;functions.bot_text_art;   |___||___|  
18-04-2024 14:30:11.384Z;functions.bot_text_art;               
18-04-2024 14:30:11.384Z;functions.open_RM;  OPEN PROGRAM RM
18-04-2024 14:30:20.569Z;functions.loggin_RM;  ACHOU O PANE PICTURE
18-04-2024 14:30:21.211Z;functions.loggin_RM;  ENCONTRA USE FIELD
18-04-2024 14:30:21.304Z;functions.loggin_RM;  DUPLO CLICK
18-04-2024 14:30:24.290Z;functions.loggin_RM;  ENTRAR USER_NAME
18-04-2024 14:30:24.946Z;functions.loggin_RM;  ENCONTRA PASS FIELD
18-04-2024 14:30:25.024Z;functions.loggin_RM;  CLICK
18-04-2024 14:30:27.134Z;functions.loggin_RM;  ENTRAR PASSWORD
18-04-2024 14:30:27.820Z;functions.loggin_RM;  ENTRAR RM
18-04-2024 14:31:00.804Z;functions.enter_coligada;  CLICK CONTEXTO
18-04-2024 14:31:05.023Z;functions.enter_coligada;  CLICK ALTERAR MODULO DO CONTEXTO
18-04-2024 14:31:08.084Z;functions.enter_coligada;  INSERE O COLIGADA CODE = 1
18-04-2024 14:31:08.186Z;functions.enter_coligada;  APERTA TAB PARA PREENCHER O CAMPO COM A STRING: OCEANICA ENGENHARIA E CONSULTORIA S.A.
18-04-2024 14:31:09.338Z;functions.enter_coligada;  CLICK AVANÇAR NOVAMENTE
18-04-2024 14:31:10.341Z;functions.enter_coligada;  CLICK CONCLUIR
18-04-2024 14:31:21.501Z;functions.enter_coligada;  POP UP COLIGADA DESAPARECER
18-04-2024 14:31:22.117Z;functions.check_movimentacao_bancaria;  CLICK - TOTVS - LINHA RM
18-04-2024 14:31:23.163Z;functions.check_movimentacao_bancaria;  CLICK - BACK OFFICE
18-04-2024 14:31:25.476Z;functions.check_movimentacao_bancaria;  CLICK - GESTAO FINANCEIRA
18-04-2024 14:31:33.054Z;functions.movimentacao_bancaria;  CLICK NA ABA MOVIMENTAÇÃO BANCARIA
18-04-2024 14:31:35.197Z;functions.waitForImage;  IMAGEM BORDERO image found.
18-04-2024 14:31:37.344Z;functions.movimentacao_bancaria;  IMAGEM BORDERO CLICADA.
18-04-2024 14:31:47.757Z;functions.waitForImage;  LICENCAS EXCEDIDAS image not found.
18-04-2024 14:31:50.389Z;functions.waitForImage;  LICENCE SERVER image not found.
18-04-2024 14:31:50.945Z;functions.movimentacao_bancaria;  ENCONTROU O FILTRO DA MOVIMENTAÇÃO BANCÁRIA
18-04-2024 14:31:50.976Z;functions.movimentacao_bancaria;  CLICA NA ABA SUPERIOR DO FILTRO
18-04-2024 14:31:55.181Z;functions.movimentacao_bancaria;  SELECIONA O FILTRO HOJE
18-04-2024 14:31:55.181Z;functions.filter_clean;  FUNÇÃO LIMPA FILTRO
18-04-2024 14:31:57.805Z;functions.waitForImage;  FILTER CLEAN image found.
18-04-2024 14:31:59.929Z;functions.filter_clean;  CLICK NO BOTÃO X DO LIMPA FILTRO
18-04-2024 14:32:14.964Z;functions.waitForImage;  FILTER CLEAN image not found.
18-04-2024 14:32:30.550Z;functions.waitForImage;  FILTER CLEAN image not found.
18-04-2024 14:32:31.311Z;functions.movimentacao_bancaria;  CLICK NA PRIMEIRA LINHA DA TABELA MOVIMENTAÇÃO BANCÁRIA
18-04-2024 14:32:32.523Z;functions.movimentacao_bancaria;  12 PASSOS PARA DIREITA NA TABELA >>
18-04-2024 14:32:33.819Z;functions.movimentacao_bancaria;  HOVER FILTER
18-04-2024 14:32:34.155Z;functions.movimentacao_bancaria;  CLICK FILTER
18-04-2024 14:32:38.465Z;functions.movimentacao_bancaria;  CLICK NO FILTRO  STATUS DA REMESSA
18-04-2024 14:32:40.567Z;functions.movimentacao_bancaria;  APERTA TAB PARA ESCREVER O FILTRO
18-04-2024 14:32:42.673Z;functions.movimentacao_bancaria;  ESCREVE PENDENTE NO FILTRO
18-04-2024 14:32:44.775Z;functions.movimentacao_bancaria;  APERTA ENTER PARA SELECIONAR OS PENDENTES
18-04-2024 14:33:04.819Z;functions.movimentacao_bancaria;  SEM REGISTROS DE PROCESSO DE BORDERO PENDENTE
18-04-2024 14:33:04.819Z;functions.filter_clean;  FUNÇÃO LIMPA FILTRO
18-04-2024 14:33:04.929Z;functions.waitForImage;  FILTER CLEAN image found.
18-04-2024 14:33:07.061Z;functions.filter_clean;  CLICK NO BOTÃO X DO LIMPA FILTRO
18-04-2024 14:33:22.649Z;functions.waitForImage;  FILTER CLEAN image not found.
18-04-2024 14:33:38.171Z;functions.waitForImage;  FILTER CLEAN image not found.
18-04-2024 14:33:38.992Z;functions.remessa_pagamento;  CLICK NA PRIMEIRA LINHA DA TABELA MOVIMENTAÇÃO BANCÁRIA
18-04-2024 14:33:40.257Z;functions.remessa_pagamento;  HOVER FILTER
18-04-2024 14:33:40.540Z;functions.remessa_pagamento;  CLICK FILTER
18-04-2024 14:33:44.852Z;functions.remessa_pagamento;  CLICK NO FILTRO  STATUS DA REMESSA
18-04-2024 14:33:46.953Z;functions.remessa_pagamento;  APERTA TAB PARA ESCREVER O FILTRO
18-04-2024 14:33:49.059Z;functions.remessa_pagamento;  ESCREVE AUTORIZADO NO FILTRO
18-04-2024 14:33:51.160Z;functions.remessa_pagamento;  APERTA ENTER PARA SELECIONAR OS AUTORIZADOS
18-04-2024 14:33:57.487Z;functions.remessa_pagamento;  6 PASSOS PARA ESQUERDA NA TABELA <<
18-04-2024 14:33:58.351Z;functions.check_user_bot;  Texto extraido 1/1
18-04-2024 14:33:58.351Z;functions.check_user_bot;  Count 1
18-04-2024 14:33:58.351Z;functions.check_user_bot;  Type <class 'int'>
18-04-2024 14:34:00.467Z;functions.check_user_bot;  CHECK USER BOT 1
18-04-2024 14:34:02.468Z;functions.check_user_bot;  integracao
18-04-2024 14:34:05.175Z;functions.check_user_bot;  7 PASSOS PARA DIREITA NA TABELA >>
18-04-2024 14:34:09.278Z;functions.check_user_bot;  341 / 3212 / 02675  PIX
18-04-2024 14:34:09.278Z;functions.check_user_bot;  NOME PENSAO NÃO ENCONTRADO NA STRING.
18-04-2024 14:34:09.984Z;functions.check_user_bot;  7 PASSOS PARA ESQUERDA NA TABELA <<
18-04-2024 14:34:10.086Z;functions.check_user_bot;  COUNT1: 6
18-04-2024 14:34:10.710Z;functions.enter_contas_a_pagar;  CLICK - TOTVS - LINHA RM
18-04-2024 14:34:11.647Z;functions.enter_contas_a_pagar;  CLICK - BACK OFFICE
18-04-2024 14:34:12.342Z;functions.enter_contas_a_pagar;  CLICK - GESTAO FINANCEIRA
18-04-2024 14:34:18.803Z;functions.enter_contas_a_pagar;  CLICK - CONTAS A PAGAR
18-04-2024 14:34:18.940Z;functions.waitForImage;  LANÇAMENTOS image found.
18-04-2024 14:34:21.071Z;functions.enter_contas_a_pagar;  CLICA EM LANÇAMENTOS
18-04-2024 14:34:36.395Z;functions.waitForImage;  LICENCAS EXCEDIDAS image not found.
18-04-2024 14:34:36.395Z;functions.obter_intervalo_data;  VERIFICANDO A HORA ATUAL 14
18-04-2024 14:34:36.395Z;functions.obter_intervalo_data;  Data Inicial PENSAO antes da remoção: None
18-04-2024 14:34:36.395Z;functions.obter_intervalo_data;  Data Final PENSAO antes da remoção: None
18-04-2024 14:34:36.395Z;functions.obter_intervalo_data;  Data Inicial PENSAO após a remoção: None
18-04-2024 14:34:36.395Z;functions.obter_intervalo_data;  Data Final PENSAO após a remoção: None
18-04-2024 14:34:36.395Z;functions.obter_intervalo_data;  hoje -  2024-04-18 14:34:36.395379
18-04-2024 14:34:36.395Z;functions.data_filter;  DATA INICIO 24-04-2024
18-04-2024 14:34:36.395Z;functions.data_filter;  DATA FIM 30-04-2024
18-04-2024 14:34:36.395Z;functions.data_filter;  CLICK - SELECIONA A DATA DE QUARTA FEIRA E DA PROXIMA TERÇA
18-04-2024 14:34:36.395Z;functions.data_filter;  QUARTA-FEIRA: 24-04-2024
18-04-2024 14:34:36.395Z;functions.data_filter;  TERCA-FEIRA: 30-04-2024
18-04-2024 14:34:47.446Z;functions.data_filter;  CLICK - BUTÃO DE SELECAO DE FILTRO
18-04-2024 14:34:51.180Z;functions.data_filter;  INSERE - DATA DE QUARTA-FEIRA: 24-04-2024
18-04-2024 14:34:54.647Z;functions.data_filter;  INSERE - DATA DA PROX TERCA-FEIRA: 30-04-2024
18-04-2024 14:34:55.275Z;functions.data_filter;  CLICK - BUTÃO DE EXECUTAR O FILTRO
18-04-2024 14:35:01.054Z;functions.desmark_filter;  CLICK CHECKBOX LANÇAMENTOS A RECEBER
18-04-2024 14:35:01.867Z;functions.desmark_filter;  CLICK CHECKBOX LANÇAMENTOS BAIXADOS
18-04-2024 14:35:02.711Z;functions.desmark_filter;  CLICK CHECKBOX LANÇAMENTOS CANCELADOS
18-04-2024 14:35:03.585Z;functions.desmark_filter;  CLICK CHECKBOX LANÇAMENTOS FATURADOS
18-04-2024 14:35:04.470Z;functions.desmark_filter;  ATUALIZA O FILTRO
18-04-2024 14:35:04.470Z;functions.filter_clean;  FUNÇÃO LIMPA FILTRO
18-04-2024 14:35:20.016Z;functions.waitForImage;  FILTER CLEAN image not found.
18-04-2024 14:35:35.601Z;functions.waitForImage;  FILTER CLEAN image not found.
18-04-2024 14:35:51.112Z;functions.waitForImage;  FILTER CLEAN image not found.
18-04-2024 14:35:52.038Z;functions.tabela_vazia;  Texto extraido 0/0
18-04-2024 14:35:52.038Z;functions.tabela_vazia;  Count 0
18-04-2024 14:35:52.038Z;functions.tabela_vazia;  Type <class 'int'>
18-04-2024 14:35:54.048Z;functions.tabela_vazia;  SEM REMESSA DE FÉRIAS/RESCISÃO
18-04-2024 14:35:56.048Z;main.<module>;  SEM REMESSA DE PENSÃO
18-04-2024 14:35:57.882Z;errorhandler.__handle;  Property: Unknown Property name. [1:203: -ms-interpolation-mode]
18-04-2024 14:35:57.882Z;errorhandler.__handle;  Property: Unknown Property name. [1:353: -webkit-font-smoothing]
18-04-2024 14:35:57.898Z;errorhandler.__handle;  Property: Unknown Property name. [1:483: -ms-text-size-adjust]
18-04-2024 14:35:57.898Z;errorhandler.__handle;  Property: Unknown Property name. [1:518: -webkit-text-size-adjust]
18-04-2024 14:35:57.898Z;errorhandler.__handle;  Property: Unknown Property name. [1:612: mso-table-lspace]
18-04-2024 14:35:57.898Z;errorhandler.__handle;  Property: Unknown Property name. [1:642: mso-table-rspace]
18-04-2024 14:35:57.944Z;errorhandler.__handle;  Property: Unknown Property name. [1:4734: mso-hide]
18-04-2024 14:35:57.960Z;errorhandler.__handle;  Property: Unknown Property name. [1:13: -ms-interpolation-mode]
18-04-2024 14:35:57.960Z;errorhandler.__handle;  Property: Unknown Property name. [1:49: -webkit-font-smoothing]
18-04-2024 14:35:57.976Z;errorhandler.__handle;  Property: Unknown Property name. [1:134: -ms-text-size-adjust]
18-04-2024 14:35:57.976Z;errorhandler.__handle;  Property: Unknown Property name. [1:160: -webkit-text-size-adjust]
18-04-2024 14:35:57.976Z;errorhandler.__handle;  Property: Unknown Property name. [1:26: mso-table-lspace]
18-04-2024 14:35:57.976Z;errorhandler.__handle;  Property: Unknown Property name. [1:45: mso-table-rspace]
18-04-2024 14:35:57.976Z;errorhandler.__handle;  Property: Unknown Property name. [1:92: mso-hide]
18-04-2024 14:35:57.976Z;errorhandler.__handle;  Property: No ":" after name found: align-center [1:1: align-center]
18-04-2024 14:35:57.976Z;errorhandler.__handle;  Property: No property value found: align-center [1:1: align-center]
18-04-2024 14:35:57.976Z;errorhandler.__handle;  CSSStyleDeclaration: Syntax Error in Property: align-center
18-04-2024 14:35:57.991Z;errorhandler.__handle;  Property: Unknown Property name. [1:14: -ms-interpolation-mode]
18-04-2024 14:36:00.319Z;functions.emailFinalizado;  Warning e-mail sent.
18-04-2024 14:36:00.393Z;functions.encerra_prog;  RM ENCERRADO
