22-05-2024 14:30:34.634Z;functions.bot_text_art;      ____     
22-05-2024 14:30:34.634Z;functions.bot_text_art;     [____]    
22-05-2024 14:30:34.634Z;functions.bot_text_art;   |=]()()[=|  
22-05-2024 14:30:34.634Z;functions.bot_text_art;     _\==/__    _____    ____     _        _____    ___   _  __ 
22-05-2024 14:30:34.634Z;functions.bot_text_art;   |__|   |_|  |  _  \  / ___|   | |      |_   _| / ___| | |/ / 
22-05-2024 14:30:34.634Z;functions.bot_text_art;   |_|_/\_|_|  | |  | | | |      | |        | |   | |    | ' /  
22-05-2024 14:30:34.634Z;functions.bot_text_art;   | | __ | |  | |  | | | |      | |        | |   | |    |  <   
22-05-2024 14:30:34.634Z;functions.bot_text_art;   |_|[  ]|_|  | |__| | | |____  | |____   _| |_  | |__  | . \  
22-05-2024 14:30:34.634Z;functions.bot_text_art;   \_|_||_|_/  |_____/   \_____| |______| |_____| \ ___| |_|\_\ 
22-05-2024 14:30:34.634Z;functions.bot_text_art;     |_||_|    
22-05-2024 14:30:34.634Z;functions.bot_text_art;     | ||_|_   
22-05-2024 14:30:34.634Z;functions.bot_text_art;   |___||___|  
22-05-2024 14:30:34.634Z;functions.bot_text_art;               
22-05-2024 14:30:35.040Z;functions.open_RM;  OPEN PROGRAM RM
22-05-2024 14:30:47.164Z;functions.loggin_RM;  ACHOU O PANE PICTURE
22-05-2024 14:30:47.914Z;functions.loggin_RM;  ENCONTRA USE FIELD
22-05-2024 14:30:48.023Z;functions.loggin_RM;  DUPLO CLICK
22-05-2024 14:30:51.119Z;functions.loggin_RM;  ENTRAR USER_NAME
22-05-2024 14:30:51.978Z;functions.loggin_RM;  ENCONTRA PASS FIELD
22-05-2024 14:30:52.087Z;functions.loggin_RM;  CLICK
22-05-2024 14:30:54.197Z;functions.loggin_RM;  ENTRAR PASSWORD
22-05-2024 14:30:55.071Z;functions.loggin_RM;  ENTRAR RM
22-05-2024 14:31:25.212Z;functions.enter_coligada;  CLICK CONTEXTO
22-05-2024 14:31:29.153Z;functions.enter_coligada;  CLICK ALTERAR MODULO DO CONTEXTO
22-05-2024 14:31:31.766Z;functions.enter_coligada;  INSERE O COLIGADA CODE = 1
22-05-2024 14:31:31.867Z;functions.enter_coligada;  APERTA TAB PARA PREENCHER O CAMPO COM A STRING: OCEANICA ENGENHARIA E CONSULTORIA S.A.
22-05-2024 14:31:33.170Z;functions.enter_coligada;  CLICK AVANÇAR NOVAMENTE
22-05-2024 14:31:34.087Z;functions.enter_coligada;  CLICK CONCLUIR
22-05-2024 14:31:43.337Z;functions.enter_coligada;  POP UP COLIGADA DESAPARECER
22-05-2024 14:31:44.024Z;functions.check_movimentacao_bancaria;  CLICK - TOTVS - LINHA RM
22-05-2024 14:31:45.152Z;functions.check_movimentacao_bancaria;  CLICK - BACK OFFICE
22-05-2024 14:31:45.898Z;functions.check_movimentacao_bancaria;  CLICK - GESTAO FINANCEIRA
22-05-2024 14:31:48.665Z;functions.movimentacao_bancaria;  CLICK NA ABA MOVIMENTAÇÃO BANCARIA
22-05-2024 14:31:50.777Z;functions.waitForImage;  IMAGEM BORDERO image found.
22-05-2024 14:31:52.909Z;functions.movimentacao_bancaria;  IMAGEM BORDERO CLICADA.
22-05-2024 14:32:03.035Z;functions.waitForImage;  LICENCAS EXCEDIDAS image not found.
22-05-2024 14:32:05.557Z;functions.waitForImage;  LICENCE SERVER image not found.
22-05-2024 14:32:06.150Z;functions.movimentacao_bancaria;  ENCONTROU O FILTRO DA MOVIMENTAÇÃO BANCÁRIA
22-05-2024 14:32:06.182Z;functions.movimentacao_bancaria;  CLICA NA ABA SUPERIOR DO FILTRO
22-05-2024 14:32:10.387Z;functions.movimentacao_bancaria;  SELECIONA O FILTRO HOJE
22-05-2024 14:32:10.387Z;functions.filter_clean;  FUNÇÃO LIMPA FILTRO
22-05-2024 14:32:12.926Z;functions.waitForImage;  FILTER CLEAN image found.
22-05-2024 14:32:15.052Z;functions.filter_clean;  CLICK NO BOTÃO X DO LIMPA FILTRO
22-05-2024 14:32:30.337Z;functions.waitForImage;  FILTER CLEAN image not found.
22-05-2024 14:32:45.600Z;functions.waitForImage;  FILTER CLEAN image not found.
22-05-2024 14:32:46.586Z;functions.movimentacao_bancaria;  CLICK NA PRIMEIRA LINHA DA TABELA MOVIMENTAÇÃO BANCÁRIA
22-05-2024 14:32:47.802Z;functions.movimentacao_bancaria;  12 PASSOS PARA DIREITA NA TABELA >>
22-05-2024 14:32:49.274Z;functions.movimentacao_bancaria;  HOVER FILTER
22-05-2024 14:32:49.697Z;functions.movimentacao_bancaria;  CLICK FILTER
22-05-2024 14:32:54.015Z;functions.movimentacao_bancaria;  CLICK NO FILTRO  STATUS DA REMESSA
22-05-2024 14:32:56.117Z;functions.movimentacao_bancaria;  APERTA TAB PARA ESCREVER O FILTRO
22-05-2024 14:32:58.221Z;functions.movimentacao_bancaria;  ESCREVE PENDENTE NO FILTRO
22-05-2024 14:33:00.324Z;functions.movimentacao_bancaria;  APERTA ENTER PARA SELECIONAR OS PENDENTES
22-05-2024 14:33:21.055Z;functions.movimentacao_bancaria;  SEM REGISTROS DE PROCESSO DE BORDERO PENDENTE
22-05-2024 14:33:21.055Z;functions.filter_clean;  FUNÇÃO LIMPA FILTRO
22-05-2024 14:33:21.165Z;functions.waitForImage;  FILTER CLEAN image found.
22-05-2024 14:33:23.294Z;functions.filter_clean;  CLICK NO BOTÃO X DO LIMPA FILTRO
22-05-2024 14:33:38.538Z;functions.waitForImage;  FILTER CLEAN image not found.
22-05-2024 14:33:53.812Z;functions.waitForImage;  FILTER CLEAN image not found.
22-05-2024 14:33:54.790Z;functions.remessa_pagamento;  CLICK NA PRIMEIRA LINHA DA TABELA MOVIMENTAÇÃO BANCÁRIA
22-05-2024 14:33:56.196Z;functions.remessa_pagamento;  HOVER FILTER
22-05-2024 14:33:56.561Z;functions.remessa_pagamento;  CLICK FILTER
22-05-2024 14:34:00.872Z;functions.remessa_pagamento;  CLICK NO FILTRO  STATUS DA REMESSA
22-05-2024 14:34:02.973Z;functions.remessa_pagamento;  APERTA TAB PARA ESCREVER O FILTRO
22-05-2024 14:34:05.079Z;functions.remessa_pagamento;  ESCREVE AUTORIZADO NO FILTRO
22-05-2024 14:34:07.180Z;functions.remessa_pagamento;  APERTA ENTER PARA SELECIONAR OS AUTORIZADOS
22-05-2024 14:34:28.884Z;functions.remessa_pagamento;  SEM REMESSA DE BORDERO AUTORIZADO
22-05-2024 14:34:29.587Z;functions.enter_contas_a_pagar;  CLICK - TOTVS - LINHA RM
22-05-2024 14:34:30.603Z;functions.enter_contas_a_pagar;  CLICK - BACK OFFICE
22-05-2024 14:34:31.353Z;functions.enter_contas_a_pagar;  CLICK - GESTAO FINANCEIRA
22-05-2024 14:34:36.588Z;functions.enter_contas_a_pagar;  CLICK - CONTAS A PAGAR
22-05-2024 14:34:36.739Z;functions.waitForImage;  LANÇAMENTOS image found.
22-05-2024 14:34:38.865Z;functions.enter_contas_a_pagar;  CLICA EM LANÇAMENTOS
22-05-2024 14:34:54.368Z;functions.waitForImage;  LICENCAS EXCEDIDAS image not found.
22-05-2024 14:34:54.368Z;functions.obter_intervalo_data;  VERIFICANDO A HORA ATUAL 14
22-05-2024 14:34:54.368Z;functions.obter_intervalo_data;  Data Inicial PENSAO antes da remoção: None
22-05-2024 14:34:54.368Z;functions.obter_intervalo_data;  Data Final PENSAO antes da remoção: None
22-05-2024 14:34:54.384Z;functions.obter_intervalo_data;  Data Inicial PENSAO após a remoção: None
22-05-2024 14:34:54.384Z;functions.obter_intervalo_data;  Data Final PENSAO após a remoção: None
22-05-2024 14:34:54.384Z;functions.obter_intervalo_data;  hoje -  2024-05-22 14:34:54.384576
22-05-2024 14:34:54.384Z;functions.data_filter;  DATA INICIO 29-05-2024
22-05-2024 14:34:54.384Z;functions.data_filter;  DATA FIM 04-06-2024
22-05-2024 14:34:54.384Z;functions.data_filter;  CLICK - SELECIONA A DATA DE QUARTA FEIRA E DA PROXIMA TERÇA
22-05-2024 14:34:54.384Z;functions.data_filter;  QUARTA-FEIRA: 29-05-2024
22-05-2024 14:34:54.384Z;functions.data_filter;  TERCA-FEIRA: 04-06-2024
22-05-2024 14:35:05.696Z;functions.data_filter;  CLICK - BUTÃO DE SELECAO DE FILTRO
22-05-2024 14:35:09.524Z;functions.data_filter;  INSERE - DATA DE QUARTA-FEIRA: 29-05-2024
22-05-2024 14:35:13.205Z;functions.data_filter;  INSERE - DATA DA PROX TERCA-FEIRA: 04-06-2024
22-05-2024 14:35:13.961Z;functions.data_filter;  CLICK - BUTÃO DE EXECUTAR O FILTRO
22-05-2024 14:35:20.212Z;functions.desmark_filter;  CLICK CHECKBOX LANÇAMENTOS A RECEBER
22-05-2024 14:35:21.181Z;functions.desmark_filter;  CLICK CHECKBOX LANÇAMENTOS BAIXADOS
22-05-2024 14:35:22.298Z;functions.desmark_filter;  CLICK CHECKBOX LANÇAMENTOS CANCELADOS
22-05-2024 14:35:23.369Z;functions.desmark_filter;  CLICK CHECKBOX LANÇAMENTOS FATURADOS
22-05-2024 14:35:24.447Z;functions.desmark_filter;  ATUALIZA O FILTRO
22-05-2024 14:35:24.447Z;functions.filter_clean;  FUNÇÃO LIMPA FILTRO
22-05-2024 14:35:24.592Z;functions.waitForImage;  FILTER CLEAN image found.
22-05-2024 14:35:26.701Z;functions.filter_clean;  CLICK NO BOTÃO X DO LIMPA FILTRO
22-05-2024 14:35:41.930Z;functions.waitForImage;  FILTER CLEAN image not found.
22-05-2024 14:35:57.155Z;functions.waitForImage;  FILTER CLEAN image not found.
22-05-2024 14:35:58.524Z;functions.tabela_vazia;  Texto extraido 0/0
22-05-2024 14:35:58.524Z;functions.tabela_vazia;  Count 0
22-05-2024 14:35:58.524Z;functions.tabela_vazia;  Type <class 'int'>
22-05-2024 14:36:00.529Z;functions.tabela_vazia;  SEM REMESSA DE FÉRIAS/RESCISÃO
22-05-2024 14:36:02.530Z;main.<module>;  SEM REMESSA DE PENSÃO
22-05-2024 14:36:05.009Z;errorhandler.__handle;  Property: Unknown Property name. [1:203: -ms-interpolation-mode]
22-05-2024 14:36:05.009Z;errorhandler.__handle;  Property: Unknown Property name. [1:353: -webkit-font-smoothing]
22-05-2024 14:36:05.009Z;errorhandler.__handle;  Property: Unknown Property name. [1:483: -ms-text-size-adjust]
22-05-2024 14:36:05.009Z;errorhandler.__handle;  Property: Unknown Property name. [1:518: -webkit-text-size-adjust]
22-05-2024 14:36:05.009Z;errorhandler.__handle;  Property: Unknown Property name. [1:612: mso-table-lspace]
22-05-2024 14:36:05.009Z;errorhandler.__handle;  Property: Unknown Property name. [1:642: mso-table-rspace]
22-05-2024 14:36:05.072Z;errorhandler.__handle;  Property: Unknown Property name. [1:4734: mso-hide]
22-05-2024 14:36:05.087Z;errorhandler.__handle;  Property: Unknown Property name. [1:13: -ms-interpolation-mode]
22-05-2024 14:36:05.087Z;errorhandler.__handle;  Property: Unknown Property name. [1:49: -webkit-font-smoothing]
22-05-2024 14:36:05.087Z;errorhandler.__handle;  Property: Unknown Property name. [1:134: -ms-text-size-adjust]
22-05-2024 14:36:05.087Z;errorhandler.__handle;  Property: Unknown Property name. [1:160: -webkit-text-size-adjust]
22-05-2024 14:36:05.087Z;errorhandler.__handle;  Property: Unknown Property name. [1:26: mso-table-lspace]
22-05-2024 14:36:05.087Z;errorhandler.__handle;  Property: Unknown Property name. [1:45: mso-table-rspace]
22-05-2024 14:36:05.103Z;errorhandler.__handle;  Property: Unknown Property name. [1:92: mso-hide]
22-05-2024 14:36:05.103Z;errorhandler.__handle;  Property: No ":" after name found: align-center [1:1: align-center]
22-05-2024 14:36:05.103Z;errorhandler.__handle;  Property: No property value found: align-center [1:1: align-center]
22-05-2024 14:36:05.103Z;errorhandler.__handle;  CSSStyleDeclaration: Syntax Error in Property: align-center
22-05-2024 14:36:05.119Z;errorhandler.__handle;  Property: Unknown Property name. [1:14: -ms-interpolation-mode]
22-05-2024 14:36:08.025Z;functions.emailFinalizado;  Warning e-mail sent.
22-05-2024 14:36:08.275Z;functions.encerra_prog;  RM ENCERRADO
