30-05-2024 06:30:31.852Z;functions.bot_text_art;      ____     
30-05-2024 06:30:31.852Z;functions.bot_text_art;     [____]    
30-05-2024 06:30:31.852Z;functions.bot_text_art;   |=]()()[=|  
30-05-2024 06:30:31.852Z;functions.bot_text_art;     _\==/__    _____    ____     _        _____    ___   _  __ 
30-05-2024 06:30:31.867Z;functions.bot_text_art;   |__|   |_|  |  _  \  / ___|   | |      |_   _| / ___| | |/ / 
30-05-2024 06:30:31.867Z;functions.bot_text_art;   |_|_/\_|_|  | |  | | | |      | |        | |   | |    | ' /  
30-05-2024 06:30:31.867Z;functions.bot_text_art;   | | __ | |  | |  | | | |      | |        | |   | |    |  <   
30-05-2024 06:30:31.867Z;functions.bot_text_art;   |_|[  ]|_|  | |__| | | |____  | |____   _| |_  | |__  | . \  
30-05-2024 06:30:31.867Z;functions.bot_text_art;   \_|_||_|_/  |_____/   \_____| |______| |_____| \ ___| |_|\_\ 
30-05-2024 06:30:31.867Z;functions.bot_text_art;     |_||_|    
30-05-2024 06:30:31.867Z;functions.bot_text_art;     | ||_|_   
30-05-2024 06:30:31.867Z;functions.bot_text_art;   |___||___|  
30-05-2024 06:30:31.867Z;functions.bot_text_art;               
30-05-2024 06:30:32.539Z;functions.open_RM;  OPEN PROGRAM RM
30-05-2024 06:30:46.773Z;functions.loggin_RM;  ACHOU O PANE PICTURE
30-05-2024 06:30:48.241Z;functions.loggin_RM;  ENCONTRA USE FIELD
30-05-2024 06:30:48.647Z;functions.loggin_RM;  DUPLO CLICK
30-05-2024 06:30:52.789Z;functions.loggin_RM;  ENTRAR USER_NAME
30-05-2024 06:30:54.429Z;functions.loggin_RM;  ENCONTRA PASS FIELD
30-05-2024 06:30:54.851Z;functions.loggin_RM;  CLICK
30-05-2024 06:30:56.978Z;functions.loggin_RM;  ENTRAR PASSWORD
30-05-2024 06:30:58.820Z;functions.loggin_RM;  ENTRAR RM
30-05-2024 06:31:45.664Z;functions.enter_coligada;  CLICK CONTEXTO
30-05-2024 06:31:51.179Z;functions.enter_coligada;  CLICK ALTERAR MODULO DO CONTEXTO
30-05-2024 06:31:55.881Z;functions.enter_coligada;  INSERE O COLIGADA CODE = 1
30-05-2024 06:31:55.990Z;functions.enter_coligada;  APERTA TAB PARA PREENCHER O CAMPO COM A STRING: OCEANICA ENGENHARIA E CONSULTORIA S.A.
30-05-2024 06:31:58.194Z;functions.enter_coligada;  CLICK AVANÇAR NOVAMENTE
30-05-2024 06:31:59.695Z;functions.enter_coligada;  CLICK CONCLUIR
30-05-2024 06:32:17.382Z;functions.enter_coligada;  POP UP COLIGADA DESAPARECER
30-05-2024 06:32:18.522Z;functions.check_movimentacao_bancaria;  CLICK - TOTVS - LINHA RM
30-05-2024 06:32:20.460Z;functions.check_movimentacao_bancaria;  CLICK - BACK OFFICE
30-05-2024 06:32:21.866Z;functions.check_movimentacao_bancaria;  CLICK - GESTAO FINANCEIRA
30-05-2024 06:32:28.026Z;functions.movimentacao_bancaria;  CLICK NA ABA MOVIMENTAÇÃO BANCARIA
30-05-2024 06:32:30.444Z;functions.waitForImage;  IMAGEM BORDERO image found.
30-05-2024 06:32:32.570Z;functions.movimentacao_bancaria;  IMAGEM BORDERO CLICADA.
30-05-2024 06:32:43.242Z;functions.waitForImage;  LICENCAS EXCEDIDAS image not found.
30-05-2024 06:32:46.084Z;functions.waitForImage;  LICENCE SERVER image not found.
30-05-2024 06:32:46.881Z;functions.movimentacao_bancaria;  ENCONTROU O FILTRO DA MOVIMENTAÇÃO BANCÁRIA
30-05-2024 06:32:46.928Z;functions.movimentacao_bancaria;  CLICA NA ABA SUPERIOR DO FILTRO
30-05-2024 06:32:51.139Z;functions.movimentacao_bancaria;  SELECIONA O FILTRO HOJE
30-05-2024 06:32:51.139Z;functions.filter_clean;  FUNÇÃO LIMPA FILTRO
30-05-2024 06:32:55.499Z;functions.waitForImage;  FILTER CLEAN image found.
30-05-2024 06:32:57.627Z;functions.filter_clean;  CLICK NO BOTÃO X DO LIMPA FILTRO
30-05-2024 06:32:57.992Z;functions.waitForImage;  FILTER CLEAN image found.
30-05-2024 06:33:00.125Z;functions.filter_clean;  CLICK NO BOTÃO X DO LIMPA FILTRO
30-05-2024 06:33:15.704Z;functions.waitForImage;  FILTER CLEAN image not found.
30-05-2024 06:33:17.850Z;functions.movimentacao_bancaria;  CLICK NA PRIMEIRA LINHA DA TABELA MOVIMENTAÇÃO BANCÁRIA
30-05-2024 06:33:19.076Z;functions.movimentacao_bancaria;  12 PASSOS PARA DIREITA NA TABELA >>
30-05-2024 06:33:21.648Z;functions.movimentacao_bancaria;  HOVER FILTER
30-05-2024 06:33:22.507Z;functions.movimentacao_bancaria;  CLICK FILTER
30-05-2024 06:33:26.834Z;functions.movimentacao_bancaria;  CLICK NO FILTRO  STATUS DA REMESSA
30-05-2024 06:33:28.936Z;functions.movimentacao_bancaria;  APERTA TAB PARA ESCREVER O FILTRO
30-05-2024 06:33:31.051Z;functions.movimentacao_bancaria;  ESCREVE PENDENTE NO FILTRO
30-05-2024 06:33:33.157Z;functions.movimentacao_bancaria;  APERTA ENTER PARA SELECIONAR OS PENDENTES
30-05-2024 06:33:53.781Z;functions.movimentacao_bancaria;  SEM REGISTROS DE PROCESSO DE BORDERO PENDENTE
30-05-2024 06:33:53.781Z;functions.filter_clean;  FUNÇÃO LIMPA FILTRO
30-05-2024 06:33:54.131Z;functions.waitForImage;  FILTER CLEAN image found.
30-05-2024 06:33:56.253Z;functions.filter_clean;  CLICK NO BOTÃO X DO LIMPA FILTRO
30-05-2024 06:34:11.544Z;functions.waitForImage;  FILTER CLEAN image not found.
30-05-2024 06:34:26.753Z;functions.waitForImage;  FILTER CLEAN image not found.
30-05-2024 06:34:29.179Z;functions.remessa_pagamento;  CLICK NA PRIMEIRA LINHA DA TABELA MOVIMENTAÇÃO BANCÁRIA
30-05-2024 06:34:31.771Z;functions.remessa_pagamento;  HOVER FILTER
30-05-2024 06:34:32.441Z;functions.remessa_pagamento;  CLICK FILTER
30-05-2024 06:34:36.774Z;functions.remessa_pagamento;  CLICK NO FILTRO  STATUS DA REMESSA
30-05-2024 06:34:38.878Z;functions.remessa_pagamento;  APERTA TAB PARA ESCREVER O FILTRO
30-05-2024 06:34:40.996Z;functions.remessa_pagamento;  ESCREVE AUTORIZADO NO FILTRO
30-05-2024 06:34:43.098Z;functions.remessa_pagamento;  APERTA ENTER PARA SELECIONAR OS AUTORIZADOS
30-05-2024 06:35:04.772Z;functions.remessa_pagamento;  SEM REMESSA DE BORDERO AUTORIZADO
30-05-2024 06:35:05.897Z;functions.enter_contas_a_pagar;  CLICK - TOTVS - LINHA RM
30-05-2024 06:35:07.085Z;functions.enter_contas_a_pagar;  CLICK - BACK OFFICE
30-05-2024 06:35:08.226Z;functions.enter_contas_a_pagar;  CLICK - GESTAO FINANCEIRA
30-05-2024 06:35:14.365Z;functions.enter_contas_a_pagar;  CLICK - CONTAS A PAGAR
30-05-2024 06:35:14.722Z;functions.waitForImage;  LANÇAMENTOS image found.
30-05-2024 06:35:16.857Z;functions.enter_contas_a_pagar;  CLICA EM LANÇAMENTOS
30-05-2024 06:35:32.486Z;functions.waitForImage;  LICENCAS EXCEDIDAS image not found.
30-05-2024 06:35:32.486Z;functions.obter_intervalo_data;  VERIFICANDO A HORA ATUAL 6
30-05-2024 06:35:32.517Z;functions.obter_intervalo_data;  Data Inicial PENSAO antes da remoção: None
30-05-2024 06:35:32.517Z;functions.obter_intervalo_data;  Data Final PENSAO antes da remoção: None
30-05-2024 06:35:32.517Z;functions.obter_intervalo_data;  Data Inicial PENSAO após a remoção: None
30-05-2024 06:35:32.517Z;functions.obter_intervalo_data;  Data Final PENSAO após a remoção: None
30-05-2024 06:35:32.533Z;functions.obter_intervalo_data;  hoje -  2024-05-30 06:35:32.533465
30-05-2024 06:35:32.533Z;functions.data_filter;  DATA INICIO 05-06-2024
30-05-2024 06:35:32.533Z;functions.data_filter;  DATA FIM 11-06-2024
30-05-2024 06:35:32.533Z;functions.data_filter;  CLICK - SELECIONA A DATA DE QUARTA FEIRA E DA PROXIMA TERÇA
30-05-2024 06:35:32.533Z;functions.data_filter;  QUARTA-FEIRA: 05-06-2024
30-05-2024 06:35:32.533Z;functions.data_filter;  TERCA-FEIRA: 11-06-2024
30-05-2024 06:35:45.412Z;functions.data_filter;  CLICK - BUTÃO DE SELECAO DE FILTRO
30-05-2024 06:35:50.491Z;functions.data_filter;  INSERE - DATA DE QUARTA-FEIRA: 05-06-2024
30-05-2024 06:35:55.194Z;functions.data_filter;  INSERE - DATA DA PROX TERCA-FEIRA: 11-06-2024
30-05-2024 06:35:56.382Z;functions.data_filter;  CLICK - BUTÃO DE EXECUTAR O FILTRO
30-05-2024 06:36:04.008Z;functions.desmark_filter;  CLICK CHECKBOX LANÇAMENTOS A RECEBER
30-05-2024 06:36:06.928Z;functions.desmark_filter;  CLICK CHECKBOX LANÇAMENTOS BAIXADOS
30-05-2024 06:36:09.975Z;functions.desmark_filter;  CLICK CHECKBOX LANÇAMENTOS CANCELADOS
30-05-2024 06:36:13.210Z;functions.desmark_filter;  CLICK CHECKBOX LANÇAMENTOS FATURADOS
30-05-2024 06:36:16.632Z;functions.desmark_filter;  ATUALIZA O FILTRO
30-05-2024 06:36:16.632Z;functions.filter_clean;  FUNÇÃO LIMPA FILTRO
30-05-2024 06:36:17.019Z;functions.waitForImage;  FILTER CLEAN image found.
30-05-2024 06:36:19.124Z;functions.filter_clean;  CLICK NO BOTÃO X DO LIMPA FILTRO
30-05-2024 06:36:34.622Z;functions.waitForImage;  FILTER CLEAN image not found.
30-05-2024 06:36:49.879Z;functions.waitForImage;  FILTER CLEAN image not found.
30-05-2024 06:36:52.975Z;functions.tabela_vazia;  Texto extraido 0/0
30-05-2024 06:36:52.975Z;functions.tabela_vazia;  Count 0
30-05-2024 06:36:52.975Z;functions.tabela_vazia;  Type <class 'int'>
30-05-2024 06:36:54.980Z;functions.tabela_vazia;  SEM REMESSA DE FÉRIAS/RESCISÃO
30-05-2024 06:36:56.981Z;main.<module>;  SEM REMESSA DE PENSÃO
30-05-2024 06:37:01.038Z;errorhandler.__handle;  Property: Unknown Property name. [1:203: -ms-interpolation-mode]
30-05-2024 06:37:01.069Z;errorhandler.__handle;  Property: Unknown Property name. [1:353: -webkit-font-smoothing]
30-05-2024 06:37:01.085Z;errorhandler.__handle;  Property: Unknown Property name. [1:483: -ms-text-size-adjust]
30-05-2024 06:37:01.085Z;errorhandler.__handle;  Property: Unknown Property name. [1:518: -webkit-text-size-adjust]
30-05-2024 06:37:01.085Z;errorhandler.__handle;  Property: Unknown Property name. [1:612: mso-table-lspace]
30-05-2024 06:37:01.100Z;errorhandler.__handle;  Property: Unknown Property name. [1:642: mso-table-rspace]
30-05-2024 06:37:01.335Z;errorhandler.__handle;  Property: Unknown Property name. [1:4734: mso-hide]
30-05-2024 06:37:01.444Z;errorhandler.__handle;  Property: Unknown Property name. [1:13: -ms-interpolation-mode]
30-05-2024 06:37:01.444Z;errorhandler.__handle;  Property: Unknown Property name. [1:49: -webkit-font-smoothing]
30-05-2024 06:37:01.444Z;errorhandler.__handle;  Property: Unknown Property name. [1:134: -ms-text-size-adjust]
30-05-2024 06:37:01.444Z;errorhandler.__handle;  Property: Unknown Property name. [1:160: -webkit-text-size-adjust]
30-05-2024 06:37:01.459Z;errorhandler.__handle;  Property: Unknown Property name. [1:26: mso-table-lspace]
30-05-2024 06:37:01.459Z;errorhandler.__handle;  Property: Unknown Property name. [1:45: mso-table-rspace]
30-05-2024 06:37:01.491Z;errorhandler.__handle;  Property: Unknown Property name. [1:92: mso-hide]
30-05-2024 06:37:01.506Z;errorhandler.__handle;  Property: No ":" after name found: align-center [1:1: align-center]
30-05-2024 06:37:01.506Z;errorhandler.__handle;  Property: No property value found: align-center [1:1: align-center]
30-05-2024 06:37:01.506Z;errorhandler.__handle;  CSSStyleDeclaration: Syntax Error in Property: align-center
30-05-2024 06:37:01.506Z;errorhandler.__handle;  Property: Unknown Property name. [1:14: -ms-interpolation-mode]
30-05-2024 06:37:05.240Z;functions.emailFinalizado;  Warning e-mail sent.
30-05-2024 06:37:05.709Z;functions.encerra_prog;  RM ENCERRADO
