30-05-2024 20:30:39.530Z;functions.bot_text_art;      ____     
30-05-2024 20:30:39.530Z;functions.bot_text_art;     [____]    
30-05-2024 20:30:39.530Z;functions.bot_text_art;   |=]()()[=|  
30-05-2024 20:30:39.530Z;functions.bot_text_art;     _\==/__    _____    ____     _        _____    ___   _  __ 
30-05-2024 20:30:39.530Z;functions.bot_text_art;   |__|   |_|  |  _  \  / ___|   | |      |_   _| / ___| | |/ / 
30-05-2024 20:30:39.530Z;functions.bot_text_art;   |_|_/\_|_|  | |  | | | |      | |        | |   | |    | ' /  
30-05-2024 20:30:39.530Z;functions.bot_text_art;   | | __ | |  | |  | | | |      | |        | |   | |    |  <   
30-05-2024 20:30:39.530Z;functions.bot_text_art;   |_|[  ]|_|  | |__| | | |____  | |____   _| |_  | |__  | . \  
30-05-2024 20:30:39.530Z;functions.bot_text_art;   \_|_||_|_/  |_____/   \_____| |______| |_____| \ ___| |_|\_\ 
30-05-2024 20:30:39.530Z;functions.bot_text_art;     |_||_|    
30-05-2024 20:30:39.530Z;functions.bot_text_art;     | ||_|_   
30-05-2024 20:30:39.530Z;functions.bot_text_art;   |___||___|  
30-05-2024 20:30:39.530Z;functions.bot_text_art;               
30-05-2024 20:30:40.108Z;functions.open_RM;  OPEN PROGRAM RM
30-05-2024 20:30:54.655Z;functions.loggin_RM;  ACHOU O PANE PICTURE
30-05-2024 20:30:56.123Z;functions.loggin_RM;  ENCONTRA USE FIELD
30-05-2024 20:30:56.561Z;functions.loggin_RM;  DUPLO CLICK
30-05-2024 20:31:00.671Z;functions.loggin_RM;  ENTRAR USER_NAME
30-05-2024 20:31:02.358Z;functions.loggin_RM;  ENCONTRA PASS FIELD
30-05-2024 20:31:02.796Z;functions.loggin_RM;  CLICK
30-05-2024 20:31:04.922Z;functions.loggin_RM;  ENTRAR PASSWORD
30-05-2024 20:31:06.795Z;functions.loggin_RM;  ENTRAR RM
30-05-2024 20:31:54.750Z;functions.enter_coligada;  CLICK CONTEXTO
30-05-2024 20:32:00.147Z;functions.enter_coligada;  CLICK ALTERAR MODULO DO CONTEXTO
30-05-2024 20:32:04.471Z;functions.enter_coligada;  INSERE O COLIGADA CODE = 1
30-05-2024 20:32:04.689Z;functions.enter_coligada;  APERTA TAB PARA PREENCHER O CAMPO COM A STRING: OCEANICA ENGENHARIA E CONSULTORIA S.A.
30-05-2024 20:32:06.732Z;functions.enter_coligada;  CLICK AVANÇAR NOVAMENTE
30-05-2024 20:32:08.280Z;functions.enter_coligada;  CLICK CONCLUIR
30-05-2024 20:32:24.467Z;functions.enter_coligada;  POP UP COLIGADA DESAPARECER
30-05-2024 20:32:25.452Z;functions.check_movimentacao_bancaria;  CLICK - TOTVS - LINHA RM
30-05-2024 20:32:27.129Z;functions.check_movimentacao_bancaria;  CLICK - BACK OFFICE
30-05-2024 20:32:28.072Z;functions.check_movimentacao_bancaria;  CLICK - GESTAO FINANCEIRA
30-05-2024 20:32:34.077Z;functions.movimentacao_bancaria;  CLICK NA ABA MOVIMENTAÇÃO BANCARIA
30-05-2024 20:32:36.514Z;functions.waitForImage;  IMAGEM BORDERO image found.
30-05-2024 20:32:38.673Z;functions.movimentacao_bancaria;  IMAGEM BORDERO CLICADA.
30-05-2024 20:32:49.406Z;functions.waitForImage;  LICENCAS EXCEDIDAS image not found.
30-05-2024 20:32:51.452Z;functions.waitForImage;  LICENCE SERVER image not found.
30-05-2024 20:32:52.249Z;functions.movimentacao_bancaria;  ENCONTROU O FILTRO DA MOVIMENTAÇÃO BANCÁRIA
30-05-2024 20:32:52.296Z;functions.movimentacao_bancaria;  CLICA NA ABA SUPERIOR DO FILTRO
30-05-2024 20:32:56.586Z;functions.movimentacao_bancaria;  SELECIONA O FILTRO HOJE
30-05-2024 20:32:56.586Z;functions.filter_clean;  FUNÇÃO LIMPA FILTRO
30-05-2024 20:33:00.217Z;functions.waitForImage;  FILTER CLEAN image found.
30-05-2024 20:33:02.351Z;functions.filter_clean;  CLICK NO BOTÃO X DO LIMPA FILTRO
30-05-2024 20:33:02.790Z;functions.waitForImage;  FILTER CLEAN image found.
30-05-2024 20:33:04.908Z;functions.filter_clean;  CLICK NO BOTÃO X DO LIMPA FILTRO
30-05-2024 20:33:20.573Z;functions.waitForImage;  FILTER CLEAN image not found.
30-05-2024 20:33:22.734Z;functions.movimentacao_bancaria;  CLICK NA PRIMEIRA LINHA DA TABELA MOVIMENTAÇÃO BANCÁRIA
30-05-2024 20:33:23.960Z;functions.movimentacao_bancaria;  12 PASSOS PARA DIREITA NA TABELA >>
30-05-2024 20:33:26.578Z;functions.movimentacao_bancaria;  HOVER FILTER
30-05-2024 20:33:27.487Z;functions.movimentacao_bancaria;  CLICK FILTER
30-05-2024 20:33:31.814Z;functions.movimentacao_bancaria;  CLICK NO FILTRO  STATUS DA REMESSA
30-05-2024 20:33:33.917Z;functions.movimentacao_bancaria;  APERTA TAB PARA ESCREVER O FILTRO
30-05-2024 20:33:36.031Z;functions.movimentacao_bancaria;  ESCREVE PENDENTE NO FILTRO
30-05-2024 20:33:38.134Z;functions.movimentacao_bancaria;  APERTA ENTER PARA SELECIONAR OS PENDENTES
30-05-2024 20:33:58.750Z;functions.movimentacao_bancaria;  SEM REGISTROS DE PROCESSO DE BORDERO PENDENTE
30-05-2024 20:33:58.750Z;functions.filter_clean;  FUNÇÃO LIMPA FILTRO
30-05-2024 20:33:59.078Z;functions.waitForImage;  FILTER CLEAN image found.
30-05-2024 20:34:01.203Z;functions.filter_clean;  CLICK NO BOTÃO X DO LIMPA FILTRO
30-05-2024 20:34:16.548Z;functions.waitForImage;  FILTER CLEAN image not found.
30-05-2024 20:34:31.882Z;functions.waitForImage;  FILTER CLEAN image not found.
30-05-2024 20:34:34.280Z;functions.remessa_pagamento;  CLICK NA PRIMEIRA LINHA DA TABELA MOVIMENTAÇÃO BANCÁRIA
30-05-2024 20:34:36.843Z;functions.remessa_pagamento;  HOVER FILTER
30-05-2024 20:34:37.533Z;functions.remessa_pagamento;  CLICK FILTER
30-05-2024 20:34:41.867Z;functions.remessa_pagamento;  CLICK NO FILTRO  STATUS DA REMESSA
30-05-2024 20:34:43.971Z;functions.remessa_pagamento;  APERTA TAB PARA ESCREVER O FILTRO
30-05-2024 20:34:46.089Z;functions.remessa_pagamento;  ESCREVE AUTORIZADO NO FILTRO
30-05-2024 20:34:48.191Z;functions.remessa_pagamento;  APERTA ENTER PARA SELECIONAR OS AUTORIZADOS
30-05-2024 20:35:09.764Z;functions.remessa_pagamento;  SEM REMESSA DE BORDERO AUTORIZADO
30-05-2024 20:35:10.858Z;functions.enter_contas_a_pagar;  CLICK - TOTVS - LINHA RM
30-05-2024 20:35:12.420Z;functions.enter_contas_a_pagar;  CLICK - BACK OFFICE
30-05-2024 20:35:13.811Z;functions.enter_contas_a_pagar;  CLICK - GESTAO FINANCEIRA
30-05-2024 20:35:19.889Z;functions.enter_contas_a_pagar;  CLICK - CONTAS A PAGAR
30-05-2024 20:35:21.061Z;functions.waitForImage;  LANÇAMENTOS image found.
30-05-2024 20:35:23.194Z;functions.enter_contas_a_pagar;  CLICA EM LANÇAMENTOS
30-05-2024 20:35:38.530Z;functions.waitForImage;  LICENCAS EXCEDIDAS image not found.
30-05-2024 20:35:38.530Z;functions.obter_intervalo_data;  VERIFICANDO A HORA ATUAL 20
30-05-2024 20:35:38.561Z;functions.obter_intervalo_data;  Data Inicial PENSAO antes da remoção: None
30-05-2024 20:35:38.561Z;functions.obter_intervalo_data;  Data Final PENSAO antes da remoção: None
30-05-2024 20:35:38.561Z;functions.obter_intervalo_data;  Data Inicial PENSAO após a remoção: None
30-05-2024 20:35:38.561Z;functions.obter_intervalo_data;  Data Final PENSAO após a remoção: None
30-05-2024 20:35:38.561Z;functions.obter_intervalo_data;  hoje -  2024-05-30 20:35:38.561919
30-05-2024 20:35:38.561Z;functions.data_filter;  DATA INICIO 05-06-2024
30-05-2024 20:35:38.561Z;functions.data_filter;  DATA FIM 11-06-2024
30-05-2024 20:35:38.577Z;functions.data_filter;  CLICK - SELECIONA A DATA DE QUARTA FEIRA E DA PROXIMA TERÇA
30-05-2024 20:35:38.577Z;functions.data_filter;  QUARTA-FEIRA: 05-06-2024
30-05-2024 20:35:38.577Z;functions.data_filter;  TERCA-FEIRA: 11-06-2024
30-05-2024 20:35:51.514Z;functions.data_filter;  CLICK - BUTÃO DE SELECAO DE FILTRO
30-05-2024 20:35:56.421Z;functions.data_filter;  INSERE - DATA DE QUARTA-FEIRA: 05-06-2024
30-05-2024 20:36:01.108Z;functions.data_filter;  INSERE - DATA DA PROX TERCA-FEIRA: 11-06-2024
30-05-2024 20:36:02.405Z;functions.data_filter;  CLICK - BUTÃO DE EXECUTAR O FILTRO
30-05-2024 20:36:10.076Z;functions.desmark_filter;  CLICK CHECKBOX LANÇAMENTOS A RECEBER
30-05-2024 20:36:13.000Z;functions.desmark_filter;  CLICK CHECKBOX LANÇAMENTOS BAIXADOS
30-05-2024 20:36:15.998Z;functions.desmark_filter;  CLICK CHECKBOX LANÇAMENTOS CANCELADOS
30-05-2024 20:36:19.197Z;functions.desmark_filter;  CLICK CHECKBOX LANÇAMENTOS FATURADOS
30-05-2024 20:36:22.577Z;functions.desmark_filter;  ATUALIZA O FILTRO
30-05-2024 20:36:22.593Z;functions.filter_clean;  FUNÇÃO LIMPA FILTRO
30-05-2024 20:36:22.946Z;functions.waitForImage;  FILTER CLEAN image found.
30-05-2024 20:36:25.054Z;functions.filter_clean;  CLICK NO BOTÃO X DO LIMPA FILTRO
30-05-2024 20:36:40.587Z;functions.waitForImage;  FILTER CLEAN image not found.
30-05-2024 20:36:56.138Z;functions.waitForImage;  FILTER CLEAN image not found.
30-05-2024 20:36:58.795Z;functions.tabela_vazia;  Texto extraido 0/0
30-05-2024 20:36:58.795Z;functions.tabela_vazia;  Count 0
30-05-2024 20:36:58.795Z;functions.tabela_vazia;  Type <class 'int'>
30-05-2024 20:37:00.797Z;functions.tabela_vazia;  SEM REMESSA DE FÉRIAS/RESCISÃO
30-05-2024 20:37:02.798Z;main.<module>;  SEM REMESSA DE PENSÃO
30-05-2024 20:37:05.905Z;errorhandler.__handle;  Property: Unknown Property name. [1:203: -ms-interpolation-mode]
30-05-2024 20:37:05.936Z;errorhandler.__handle;  Property: Unknown Property name. [1:353: -webkit-font-smoothing]
30-05-2024 20:37:05.952Z;errorhandler.__handle;  Property: Unknown Property name. [1:483: -ms-text-size-adjust]
30-05-2024 20:37:05.952Z;errorhandler.__handle;  Property: Unknown Property name. [1:518: -webkit-text-size-adjust]
30-05-2024 20:37:05.952Z;errorhandler.__handle;  Property: Unknown Property name. [1:612: mso-table-lspace]
30-05-2024 20:37:05.952Z;errorhandler.__handle;  Property: Unknown Property name. [1:642: mso-table-rspace]
30-05-2024 20:37:06.209Z;errorhandler.__handle;  Property: Unknown Property name. [1:4734: mso-hide]
30-05-2024 20:37:06.327Z;errorhandler.__handle;  Property: Unknown Property name. [1:13: -ms-interpolation-mode]
30-05-2024 20:37:06.327Z;errorhandler.__handle;  Property: Unknown Property name. [1:49: -webkit-font-smoothing]
30-05-2024 20:37:06.327Z;errorhandler.__handle;  Property: Unknown Property name. [1:134: -ms-text-size-adjust]
30-05-2024 20:37:06.327Z;errorhandler.__handle;  Property: Unknown Property name. [1:160: -webkit-text-size-adjust]
30-05-2024 20:37:06.343Z;errorhandler.__handle;  Property: Unknown Property name. [1:26: mso-table-lspace]
30-05-2024 20:37:06.343Z;errorhandler.__handle;  Property: Unknown Property name. [1:45: mso-table-rspace]
30-05-2024 20:37:06.374Z;errorhandler.__handle;  Property: Unknown Property name. [1:92: mso-hide]
30-05-2024 20:37:06.390Z;errorhandler.__handle;  Property: No ":" after name found: align-center [1:1: align-center]
30-05-2024 20:37:06.390Z;errorhandler.__handle;  Property: No property value found: align-center [1:1: align-center]
30-05-2024 20:37:06.390Z;errorhandler.__handle;  CSSStyleDeclaration: Syntax Error in Property: align-center
30-05-2024 20:37:06.390Z;errorhandler.__handle;  Property: Unknown Property name. [1:14: -ms-interpolation-mode]
30-05-2024 20:37:09.154Z;functions.emailFinalizado;  Warning e-mail sent.
30-05-2024 20:37:09.671Z;functions.encerra_prog;  RM ENCERRADO
