05-03-2024 10:04:08.244Z;functions.bot_text_art;      ____     
05-03-2024 10:04:08.259Z;functions.bot_text_art;     [____]    
05-03-2024 10:04:08.259Z;functions.bot_text_art;   |=]()()[=|  
05-03-2024 10:04:08.259Z;functions.bot_text_art;     _\==/__    _____    ____     _        _____    ___   _  __ 
05-03-2024 10:04:08.259Z;functions.bot_text_art;   |__|   |_|  |  _  \  / ___|   | |      |_   _| / ___| | |/ / 
05-03-2024 10:04:08.259Z;functions.bot_text_art;   |_|_/\_|_|  | |  | | | |      | |        | |   | |    | ' /  
05-03-2024 10:04:08.259Z;functions.bot_text_art;   | | __ | |  | |  | | | |      | |        | |   | |    |  <   
05-03-2024 10:04:08.259Z;functions.bot_text_art;   |_|[  ]|_|  | |__| | | |____  | |____   _| |_  | |__  | . \  
05-03-2024 10:04:08.259Z;functions.bot_text_art;   \_|_||_|_/  |_____/   \_____| |______| |_____| \ ___| |_|\_\ 
05-03-2024 10:04:08.259Z;functions.bot_text_art;     |_||_|    
05-03-2024 10:04:08.259Z;functions.bot_text_art;     | ||_|_   
05-03-2024 10:04:08.259Z;functions.bot_text_art;   |___||___|  
05-03-2024 10:04:08.259Z;functions.bot_text_art;               
05-03-2024 10:04:08.259Z;functions.open_RM;  OPEN PROGRAM RM
05-03-2024 10:04:18.884Z;functions.loggin_RM;  ACHOU O PANE PICTURE
05-03-2024 10:04:19.884Z;functions.loggin_RM;  ENCONTRA USE FIELD
05-03-2024 10:04:20.166Z;functions.loggin_RM;  DUPLO CLICK
05-03-2024 10:04:23.728Z;functions.loggin_RM;  ENTRAR USER_NAME
05-03-2024 10:04:24.775Z;functions.loggin_RM;  ENCONTRA PASS FIELD
05-03-2024 10:04:25.009Z;functions.loggin_RM;  CLICK
05-03-2024 10:04:27.137Z;functions.loggin_RM;  ENTRAR PASSWORD
05-03-2024 10:04:28.369Z;functions.loggin_RM;  ENTRAR RM
05-03-2024 10:05:00.306Z;functions.enter_coligada;  CLICK CONTEXTO
05-03-2024 10:05:05.372Z;functions.enter_coligada;  CLICK COLIGADA 1
05-03-2024 10:05:07.666Z;functions.enter_coligada;  CLICK AVANÇAR
05-03-2024 10:05:10.155Z;functions.enter_coligada;  INSERE O COLIGADA CODE = 1
05-03-2024 10:05:10.265Z;functions.enter_coligada;  APERTA TAB PARA PREENCHER O CAMPO COM A STRING: OCEANICA ENGENHARIA E CONSULTORIA S.A.
05-03-2024 10:05:11.634Z;functions.enter_coligada;  CLICK AVANÇAR NOVAMENTE
05-03-2024 10:05:13.244Z;functions.enter_coligada;  CLICK CONCLUIR
05-03-2024 10:05:38.697Z;functions.enter_coligada;  POP UP COLIGADA DESAPARECER
05-03-2024 10:05:39.556Z;functions.check_movimentacao_bancaria;  CLICK - TOTVS - LINHA RM
05-03-2024 10:05:41.302Z;functions.check_movimentacao_bancaria;  CLICK - BACK OFFICE
05-03-2024 10:05:44.056Z;functions.check_movimentacao_bancaria;  CLICK - GESTAO FINANCEIRA
05-03-2024 10:05:50.524Z;functions.movimentacao_bancaria;  CLICK NA ABA MOVIMENTAÇÃO BANCARIA
05-03-2024 10:05:52.966Z;functions.waitForImage;  IMAGEM BORDERO image found.
05-03-2024 10:05:55.081Z;functions.movimentacao_bancaria;  IMAGEM BORDERO CLICADA.
05-03-2024 10:06:15.917Z;functions.waitForImage;  LICENCAS EXCEDIDAS image not found.
05-03-2024 10:06:17.070Z;functions.movimentacao_bancaria;  ENCONTROU O FILTRO DA MOVIMENTAÇÃO BANCÁRIA
05-03-2024 10:06:17.117Z;functions.movimentacao_bancaria;  CLICA NA ABA SUPERIOR DO FILTRO
05-03-2024 10:06:21.336Z;functions.movimentacao_bancaria;  SELECIONA O FILTRO HOJE
05-03-2024 10:06:21.336Z;functions.filter_clean;  FUNÇÃO LIMPA FILTRO, 60 segundos
05-03-2024 10:06:25.680Z;functions.waitForImage;  FILTER CLEAN image found.
05-03-2024 10:06:27.799Z;functions.filter_clean;  CLICK NO BOTÃO X DO LIMPA FILTRO
05-03-2024 10:06:31.165Z;functions.movimentacao_bancaria;  CLICK NA PRIMEIRA LINHA DA TABELA MOVIMENTAÇÃO BANCÁRIA
05-03-2024 10:06:32.393Z;functions.movimentacao_bancaria;  12 PASSOS PARA DIREITA NA TABELA >>
05-03-2024 10:06:34.321Z;functions.movimentacao_bancaria;  HOVER FILTER
05-03-2024 10:06:34.809Z;functions.movimentacao_bancaria;  CLICK FILTER
05-03-2024 10:06:39.138Z;functions.movimentacao_bancaria;  CLICK NO FILTRO  STATUS DA REMESSA
05-03-2024 10:06:41.241Z;functions.movimentacao_bancaria;  APERTA TAB PARA ESCREVER O FILTRO
05-03-2024 10:06:43.355Z;functions.movimentacao_bancaria;  ESCREVE PENDENTE NO FILTRO
05-03-2024 10:06:45.459Z;functions.movimentacao_bancaria;  APERTA ENTER PARA SELECIONAR OS PENDENTES
05-03-2024 10:07:06.915Z;functions.movimentacao_bancaria;  SEM REGISTROS DE PROCESSO DE BORDERO PENDENTE
05-03-2024 10:07:06.915Z;functions.filter_clean;  FUNÇÃO LIMPA FILTRO, 60 segundos
05-03-2024 10:07:07.258Z;functions.waitForImage;  FILTER CLEAN image found.
05-03-2024 10:07:09.383Z;functions.filter_clean;  CLICK NO BOTÃO X DO LIMPA FILTRO
05-03-2024 10:07:12.992Z;functions.remessa_pagamento;  CLICK NA PRIMEIRA LINHA DA TABELA MOVIMENTAÇÃO BANCÁRIA
05-03-2024 10:07:14.883Z;functions.remessa_pagamento;  HOVER FILTER
05-03-2024 10:07:15.333Z;functions.remessa_pagamento;  CLICK FILTER
05-03-2024 10:07:19.671Z;functions.remessa_pagamento;  CLICK NO FILTRO  STATUS DA REMESSA
05-03-2024 10:07:21.775Z;functions.remessa_pagamento;  APERTA TAB PARA ESCREVER O FILTRO
05-03-2024 10:07:23.890Z;functions.remessa_pagamento;  ESCREVE AUTORIZADO NO FILTRO
05-03-2024 10:07:25.993Z;functions.remessa_pagamento;  APERTA ENTER PARA SELECIONAR OS AUTORIZADOS
05-03-2024 10:07:48.477Z;functions.remessa_pagamento;  SEM REMESSA DE BORDERO AUTORIZADO
05-03-2024 10:07:49.289Z;functions.enter_contas_a_pagar;  CLICK - TOTVS - LINHA RM
05-03-2024 10:07:50.679Z;functions.enter_contas_a_pagar;  CLICK - BACK OFFICE
05-03-2024 10:07:53.445Z;functions.enter_contas_a_pagar;  CLICK - GESTAO FINANCEIRA
05-03-2024 10:08:00.212Z;functions.enter_contas_a_pagar;  CLICK - CONTAS A PAGAR
05-03-2024 10:08:00.571Z;functions.waitForImage;  LANÇAMENTOS image found.
05-03-2024 10:08:02.699Z;functions.enter_contas_a_pagar;  CLICA EM LANÇAMENTOS
05-03-2024 10:08:18.238Z;functions.waitForImage;  LICENCAS EXCEDIDAS image not found.
05-03-2024 10:08:18.238Z;functions.obter_intervalo_data;  Data Inicial PENSAO antes da remoção: None
05-03-2024 10:08:18.238Z;functions.obter_intervalo_data;  Data Final PENSAO antes da remoção: None
05-03-2024 10:08:18.238Z;functions.obter_intervalo_data;  Data Inicial PENSAO após a remoção: None
05-03-2024 10:08:18.238Z;functions.obter_intervalo_data;  Data Final PENSAO após a remoção: None
05-03-2024 10:08:18.238Z;functions.obter_intervalo_data;  hoje -  2024-03-05 10:08:18.238641
05-03-2024 10:08:18.238Z;functions.data_filter;  DATA INICIO 06-03-2024
05-03-2024 10:08:18.238Z;functions.data_filter;  DATA FIM 12-03-2024
05-03-2024 10:08:18.238Z;functions.data_filter;  CLICK - SELECIONA A DATA DE QUARTA FEIRA E DA PROXIMA TERÇA
05-03-2024 10:08:18.254Z;functions.data_filter;  QUARTA-FEIRA: 06-03-2024
05-03-2024 10:08:18.254Z;functions.data_filter;  TERCA-FEIRA: 12-03-2024
05-03-2024 10:08:21.330Z;functions.data_filter;  ESCREVE REMESSA BANCÁRIA NO FILTRO
05-03-2024 10:08:22.132Z;functions.data_filter;  CLICK - BUTÃO DE SELECAO DE FILTRO
05-03-2024 10:08:26.554Z;functions.data_filter;  INSERE - DATA DE QUARTA-FEIRA: 06-03-2024
05-03-2024 10:08:30.524Z;functions.data_filter;  INSERE - DATA DA PROX TERCA-FEIRA: 12-03-2024
05-03-2024 10:08:31.586Z;functions.data_filter;  CLICK - BUTÃO DE EXECUTAR O FILTRO
05-03-2024 10:08:38.211Z;functions.desmark_filter;  CLICK CHECKBOX LANÇAMENTOS A RECEBER
05-03-2024 10:08:40.055Z;functions.desmark_filter;  CLICK CHECKBOX LANÇAMENTOS BAIXADOS
05-03-2024 10:08:42.023Z;functions.desmark_filter;  CLICK CHECKBOX LANÇAMENTOS CANCELADOS
05-03-2024 10:08:44.039Z;functions.desmark_filter;  CLICK CHECKBOX LANÇAMENTOS FATURADOS
05-03-2024 10:08:46.259Z;functions.desmark_filter;  ATUALIZA O FILTRO
05-03-2024 10:08:46.259Z;functions.filter_clean;  FUNÇÃO LIMPA FILTRO, 60 segundos
05-03-2024 10:08:46.602Z;functions.waitForImage;  FILTER CLEAN image found.
05-03-2024 10:08:48.715Z;functions.filter_clean;  CLICK NO BOTÃO X DO LIMPA FILTRO
05-03-2024 10:08:53.290Z;functions.tabela_vazia;  Texto extraido 0/0
05-03-2024 10:08:53.290Z;functions.tabela_vazia;  Count 0
05-03-2024 10:08:53.290Z;functions.tabela_vazia;  Type <class 'int'>
05-03-2024 10:08:55.293Z;functions.tabela_vazia;  SEM REMESSA DE FÉRIAS/RESCISÃO
05-03-2024 10:08:57.294Z;main.<module>;  SEM REMESSA DE PENSÃO
05-03-2024 10:08:59.859Z;errorhandler.__handle;  Property: Unknown Property name. [1:203: -ms-interpolation-mode]
05-03-2024 10:08:59.914Z;errorhandler.__handle;  Property: Unknown Property name. [1:353: -webkit-font-smoothing]
05-03-2024 10:08:59.914Z;errorhandler.__handle;  Property: Unknown Property name. [1:483: -ms-text-size-adjust]
05-03-2024 10:08:59.914Z;errorhandler.__handle;  Property: Unknown Property name. [1:518: -webkit-text-size-adjust]
05-03-2024 10:08:59.930Z;errorhandler.__handle;  Property: Unknown Property name. [1:612: mso-table-lspace]
05-03-2024 10:08:59.930Z;errorhandler.__handle;  Property: Unknown Property name. [1:642: mso-table-rspace]
05-03-2024 10:09:00.164Z;errorhandler.__handle;  Property: Unknown Property name. [1:4734: mso-hide]
05-03-2024 10:09:00.289Z;errorhandler.__handle;  Property: Unknown Property name. [1:13: -ms-interpolation-mode]
05-03-2024 10:09:00.289Z;errorhandler.__handle;  Property: Unknown Property name. [1:49: -webkit-font-smoothing]
05-03-2024 10:09:00.289Z;errorhandler.__handle;  Property: Unknown Property name. [1:134: -ms-text-size-adjust]
05-03-2024 10:09:00.289Z;errorhandler.__handle;  Property: Unknown Property name. [1:160: -webkit-text-size-adjust]
05-03-2024 10:09:00.289Z;errorhandler.__handle;  Property: Unknown Property name. [1:26: mso-table-lspace]
05-03-2024 10:09:00.289Z;errorhandler.__handle;  Property: Unknown Property name. [1:45: mso-table-rspace]
05-03-2024 10:09:00.335Z;errorhandler.__handle;  Property: Unknown Property name. [1:92: mso-hide]
05-03-2024 10:09:00.351Z;errorhandler.__handle;  Property: No ":" after name found: align-center [1:1: align-center]
05-03-2024 10:09:00.351Z;errorhandler.__handle;  Property: No property value found: align-center [1:1: align-center]
05-03-2024 10:09:00.351Z;errorhandler.__handle;  CSSStyleDeclaration: Syntax Error in Property: align-center
05-03-2024 10:09:00.351Z;errorhandler.__handle;  Property: Unknown Property name. [1:14: -ms-interpolation-mode]
05-03-2024 10:09:02.617Z;functions.emailFinalizado;  Warning e-mail sent.
05-03-2024 10:09:02.617Z;functions.encerra_prog;  RM ENCERRADO
