31-03-2024 06:30:24.344Z;functions.bot_text_art;      ____     
31-03-2024 06:30:24.344Z;functions.bot_text_art;     [____]    
31-03-2024 06:30:24.344Z;functions.bot_text_art;   |=]()()[=|  
31-03-2024 06:30:24.344Z;functions.bot_text_art;     _\==/__    _____    ____     _        _____    ___   _  __ 
31-03-2024 06:30:24.344Z;functions.bot_text_art;   |__|   |_|  |  _  \  / ___|   | |      |_   _| / ___| | |/ / 
31-03-2024 06:30:24.344Z;functions.bot_text_art;   |_|_/\_|_|  | |  | | | |      | |        | |   | |    | ' /  
31-03-2024 06:30:24.344Z;functions.bot_text_art;   | | __ | |  | |  | | | |      | |        | |   | |    |  <   
31-03-2024 06:30:24.344Z;functions.bot_text_art;   |_|[  ]|_|  | |__| | | |____  | |____   _| |_  | |__  | . \  
31-03-2024 06:30:24.344Z;functions.bot_text_art;   \_|_||_|_/  |_____/   \_____| |______| |_____| \ ___| |_|\_\ 
31-03-2024 06:30:24.344Z;functions.bot_text_art;     |_||_|    
31-03-2024 06:30:24.344Z;functions.bot_text_art;     | ||_|_   
31-03-2024 06:30:24.344Z;functions.bot_text_art;   |___||___|  
31-03-2024 06:30:24.344Z;functions.bot_text_art;               
31-03-2024 06:30:24.360Z;functions.open_RM;  OPEN PROGRAM RM
31-03-2024 06:30:32.765Z;functions.loggin_RM;  ACHOU O PANE PICTURE
31-03-2024 06:30:33.765Z;functions.loggin_RM;  ENCONTRA USE FIELD
31-03-2024 06:30:34.015Z;functions.loggin_RM;  DUPLO CLICK
31-03-2024 06:30:37.531Z;functions.loggin_RM;  ENTRAR USER_NAME
31-03-2024 06:30:38.593Z;functions.loggin_RM;  ENCONTRA PASS FIELD
31-03-2024 06:30:38.859Z;functions.loggin_RM;  CLICK
31-03-2024 06:30:40.983Z;functions.loggin_RM;  ENTRAR PASSWORD
31-03-2024 06:30:42.171Z;functions.loggin_RM;  ENTRAR RM
31-03-2024 06:31:15.610Z;functions.enter_coligada;  CLICK CONTEXTO
31-03-2024 06:31:20.906Z;functions.enter_coligada;  CLICK ALTERAR MODULO DO CONTEXTO
31-03-2024 06:31:24.501Z;functions.enter_coligada;  INSERE O COLIGADA CODE = 1
31-03-2024 06:31:24.606Z;functions.enter_coligada;  APERTA TAB PARA PREENCHER O CAMPO COM A STRING: OCEANICA ENGENHARIA E CONSULTORIA S.A.
31-03-2024 06:31:25.921Z;functions.enter_coligada;  CLICK AVANÇAR NOVAMENTE
31-03-2024 06:31:27.079Z;functions.enter_coligada;  CLICK CONCLUIR
31-03-2024 06:31:48.720Z;functions.enter_coligada;  POP UP COLIGADA DESAPARECER
31-03-2024 06:31:49.552Z;functions.check_movimentacao_bancaria;  CLICK - TOTVS - LINHA RM
31-03-2024 06:31:51.260Z;functions.check_movimentacao_bancaria;  CLICK - BACK OFFICE
31-03-2024 06:31:54.000Z;functions.check_movimentacao_bancaria;  CLICK - GESTAO FINANCEIRA
31-03-2024 06:32:00.000Z;functions.movimentacao_bancaria;  CLICK NA ABA MOVIMENTAÇÃO BANCARIA
31-03-2024 06:32:02.406Z;functions.waitForImage;  IMAGEM BORDERO image found.
31-03-2024 06:32:04.532Z;functions.movimentacao_bancaria;  IMAGEM BORDERO CLICADA.
31-03-2024 06:32:14.580Z;functions.waitForImage;  LICENCAS EXCEDIDAS image not found.
31-03-2024 06:32:16.609Z;functions.waitForImage;  LICENCE SERVER image not found.
31-03-2024 06:32:17.562Z;functions.movimentacao_bancaria;  ENCONTROU O FILTRO DA MOVIMENTAÇÃO BANCÁRIA
31-03-2024 06:32:17.594Z;functions.movimentacao_bancaria;  CLICA NA ABA SUPERIOR DO FILTRO
31-03-2024 06:32:21.804Z;functions.movimentacao_bancaria;  SELECIONA O FILTRO HOJE
31-03-2024 06:32:21.804Z;functions.filter_clean;  FUNÇÃO LIMPA FILTRO
31-03-2024 06:32:37.531Z;functions.waitForImage;  FILTER CLEAN image not found.
31-03-2024 06:32:53.324Z;functions.waitForImage;  FILTER CLEAN image not found.
31-03-2024 06:33:08.360Z;functions.waitForImage;  FILTER CLEAN image not found.
31-03-2024 06:33:28.204Z;functions.movimentacao_bancaria;  SEM REGISTROS DE PROCESSO DE BORDERO PENDENTE
31-03-2024 06:33:28.204Z;functions.filter_clean;  FUNÇÃO LIMPA FILTRO
31-03-2024 06:33:43.253Z;functions.waitForImage;  FILTER CLEAN image not found.
31-03-2024 06:33:58.308Z;functions.waitForImage;  FILTER CLEAN image not found.
31-03-2024 06:34:13.375Z;functions.waitForImage;  FILTER CLEAN image not found.
31-03-2024 06:34:48.893Z;functions.remessa_pagamento;  SEM PROCESSO DE BORDERO AUTORIZADO
31-03-2024 06:34:51.250Z;errorhandler.__handle;  Property: Unknown Property name. [1:203: -ms-interpolation-mode]
31-03-2024 06:34:51.282Z;errorhandler.__handle;  Property: Unknown Property name. [1:353: -webkit-font-smoothing]
31-03-2024 06:34:51.315Z;errorhandler.__handle;  Property: Unknown Property name. [1:483: -ms-text-size-adjust]
31-03-2024 06:34:51.316Z;errorhandler.__handle;  Property: Unknown Property name. [1:518: -webkit-text-size-adjust]
31-03-2024 06:34:51.319Z;errorhandler.__handle;  Property: Unknown Property name. [1:612: mso-table-lspace]
31-03-2024 06:34:51.321Z;errorhandler.__handle;  Property: Unknown Property name. [1:642: mso-table-rspace]
31-03-2024 06:34:51.548Z;errorhandler.__handle;  Property: Unknown Property name. [1:4734: mso-hide]
31-03-2024 06:34:51.673Z;errorhandler.__handle;  Property: Unknown Property name. [1:13: -ms-interpolation-mode]
31-03-2024 06:34:51.673Z;errorhandler.__handle;  Property: Unknown Property name. [1:49: -webkit-font-smoothing]
31-03-2024 06:34:51.673Z;errorhandler.__handle;  Property: Unknown Property name. [1:134: -ms-text-size-adjust]
31-03-2024 06:34:51.673Z;errorhandler.__handle;  Property: Unknown Property name. [1:160: -webkit-text-size-adjust]
31-03-2024 06:34:51.673Z;errorhandler.__handle;  Property: Unknown Property name. [1:26: mso-table-lspace]
31-03-2024 06:34:51.673Z;errorhandler.__handle;  Property: Unknown Property name. [1:45: mso-table-rspace]
31-03-2024 06:34:51.720Z;errorhandler.__handle;  Property: Unknown Property name. [1:92: mso-hide]
31-03-2024 06:34:51.735Z;errorhandler.__handle;  Property: No ":" after name found: align-center [1:1: align-center]
31-03-2024 06:34:51.735Z;errorhandler.__handle;  Property: No property value found: align-center [1:1: align-center]
31-03-2024 06:34:51.735Z;errorhandler.__handle;  CSSStyleDeclaration: Syntax Error in Property: align-center
31-03-2024 06:34:51.735Z;errorhandler.__handle;  Property: Unknown Property name. [1:14: -ms-interpolation-mode]
31-03-2024 06:34:54.046Z;functions.emailFinalizado;  Warning e-mail sent.
31-03-2024 06:34:54.344Z;functions.encerra_prog;  RM ENCERRADO
