31-03-2024 20:30:21.841Z;functions.bot_text_art;      ____     
31-03-2024 20:30:21.841Z;functions.bot_text_art;     [____]    
31-03-2024 20:30:21.841Z;functions.bot_text_art;   |=]()()[=|  
31-03-2024 20:30:21.841Z;functions.bot_text_art;     _\==/__    _____    ____     _        _____    ___   _  __ 
31-03-2024 20:30:21.841Z;functions.bot_text_art;   |__|   |_|  |  _  \  / ___|   | |      |_   _| / ___| | |/ / 
31-03-2024 20:30:21.841Z;functions.bot_text_art;   |_|_/\_|_|  | |  | | | |      | |        | |   | |    | ' /  
31-03-2024 20:30:21.856Z;functions.bot_text_art;   | | __ | |  | |  | | | |      | |        | |   | |    |  <   
31-03-2024 20:30:21.856Z;functions.bot_text_art;   |_|[  ]|_|  | |__| | | |____  | |____   _| |_  | |__  | . \  
31-03-2024 20:30:21.856Z;functions.bot_text_art;   \_|_||_|_/  |_____/   \_____| |______| |_____| \ ___| |_|\_\ 
31-03-2024 20:30:21.856Z;functions.bot_text_art;     |_||_|    
31-03-2024 20:30:21.856Z;functions.bot_text_art;     | ||_|_   
31-03-2024 20:30:21.856Z;functions.bot_text_art;   |___||___|  
31-03-2024 20:30:21.856Z;functions.bot_text_art;               
31-03-2024 20:30:21.856Z;functions.open_RM;  OPEN PROGRAM RM
31-03-2024 20:30:38.982Z;functions.loggin_RM;  ACHOU O PANE PICTURE
31-03-2024 20:30:39.966Z;functions.loggin_RM;  ENCONTRA USE FIELD
31-03-2024 20:30:40.216Z;functions.loggin_RM;  DUPLO CLICK
31-03-2024 20:30:43.748Z;functions.loggin_RM;  ENTRAR USER_NAME
31-03-2024 20:30:44.809Z;functions.loggin_RM;  ENCONTRA PASS FIELD
31-03-2024 20:30:45.028Z;functions.loggin_RM;  CLICK
31-03-2024 20:30:47.166Z;functions.loggin_RM;  ENTRAR PASSWORD
31-03-2024 20:30:48.358Z;functions.loggin_RM;  ENTRAR RM
31-03-2024 20:31:50.310Z;functions.enter_coligada;  CLICK CONTEXTO
31-03-2024 20:31:55.297Z;functions.enter_coligada;  CLICK ALTERAR MODULO DO CONTEXTO
31-03-2024 20:31:59.784Z;functions.enter_coligada;  INSERE O COLIGADA CODE = 1
31-03-2024 20:31:59.892Z;functions.enter_coligada;  APERTA TAB PARA PREENCHER O CAMPO COM A STRING: OCEANICA ENGENHARIA E CONSULTORIA S.A.
31-03-2024 20:32:02.080Z;functions.enter_coligada;  CLICK AVANÇAR NOVAMENTE
31-03-2024 20:32:03.988Z;functions.enter_coligada;  CLICK CONCLUIR
31-03-2024 20:32:33.919Z;functions.enter_coligada;  POP UP COLIGADA DESAPARECER
31-03-2024 20:32:34.762Z;functions.check_movimentacao_bancaria;  CLICK - TOTVS - LINHA RM
31-03-2024 20:32:36.467Z;functions.check_movimentacao_bancaria;  CLICK - BACK OFFICE
31-03-2024 20:32:39.250Z;functions.check_movimentacao_bancaria;  CLICK - GESTAO FINANCEIRA
31-03-2024 20:32:45.047Z;functions.movimentacao_bancaria;  CLICK NA ABA MOVIMENTAÇÃO BANCARIA
31-03-2024 20:32:47.450Z;functions.waitForImage;  IMAGEM BORDERO image found.
31-03-2024 20:32:49.577Z;functions.movimentacao_bancaria;  IMAGEM BORDERO CLICADA.
31-03-2024 20:33:00.184Z;functions.waitForImage;  LICENCAS EXCEDIDAS image not found.
31-03-2024 20:33:02.993Z;functions.waitForImage;  LICENCE SERVER image not found.
31-03-2024 20:33:03.653Z;functions.movimentacao_bancaria;  ENCONTROU O FILTRO DA MOVIMENTAÇÃO BANCÁRIA
31-03-2024 20:33:03.685Z;functions.movimentacao_bancaria;  CLICA NA ABA SUPERIOR DO FILTRO
31-03-2024 20:33:07.895Z;functions.movimentacao_bancaria;  SELECIONA O FILTRO HOJE
31-03-2024 20:33:07.895Z;functions.filter_clean;  FUNÇÃO LIMPA FILTRO
31-03-2024 20:33:12.309Z;functions.waitForImage;  FILTER CLEAN image found.
31-03-2024 20:33:14.436Z;functions.filter_clean;  CLICK NO BOTÃO X DO LIMPA FILTRO
31-03-2024 20:33:14.746Z;functions.waitForImage;  FILTER CLEAN image found.
31-03-2024 20:33:16.874Z;functions.filter_clean;  CLICK NO BOTÃO X DO LIMPA FILTRO
31-03-2024 20:33:32.098Z;functions.waitForImage;  FILTER CLEAN image not found.
31-03-2024 20:33:33.592Z;functions.movimentacao_bancaria;  CLICK NA PRIMEIRA LINHA DA TABELA MOVIMENTAÇÃO BANCÁRIA
31-03-2024 20:33:34.817Z;functions.movimentacao_bancaria;  12 PASSOS PARA DIREITA NA TABELA >>
31-03-2024 20:33:36.816Z;functions.movimentacao_bancaria;  HOVER FILTER
31-03-2024 20:33:37.278Z;functions.movimentacao_bancaria;  CLICK FILTER
31-03-2024 20:33:41.604Z;functions.movimentacao_bancaria;  CLICK NO FILTRO  STATUS DA REMESSA
31-03-2024 20:33:43.708Z;functions.movimentacao_bancaria;  APERTA TAB PARA ESCREVER O FILTRO
31-03-2024 20:33:45.820Z;functions.movimentacao_bancaria;  ESCREVE PENDENTE NO FILTRO
31-03-2024 20:33:47.923Z;functions.movimentacao_bancaria;  APERTA ENTER PARA SELECIONAR OS PENDENTES
31-03-2024 20:34:09.716Z;functions.movimentacao_bancaria;  SEM REGISTROS DE PROCESSO DE BORDERO PENDENTE
31-03-2024 20:34:09.716Z;functions.filter_clean;  FUNÇÃO LIMPA FILTRO
31-03-2024 20:34:10.050Z;functions.waitForImage;  FILTER CLEAN image found.
31-03-2024 20:34:12.171Z;functions.filter_clean;  CLICK NO BOTÃO X DO LIMPA FILTRO
31-03-2024 20:34:27.356Z;functions.waitForImage;  FILTER CLEAN image not found.
31-03-2024 20:34:42.591Z;functions.waitForImage;  FILTER CLEAN image not found.
31-03-2024 20:34:44.282Z;functions.remessa_pagamento;  CLICK NA PRIMEIRA LINHA DA TABELA MOVIMENTAÇÃO BANCÁRIA
31-03-2024 20:34:46.248Z;functions.remessa_pagamento;  HOVER FILTER
31-03-2024 20:34:46.717Z;functions.remessa_pagamento;  CLICK FILTER
31-03-2024 20:34:51.053Z;functions.remessa_pagamento;  CLICK NO FILTRO  STATUS DA REMESSA
31-03-2024 20:34:53.156Z;functions.remessa_pagamento;  APERTA TAB PARA ESCREVER O FILTRO
31-03-2024 20:34:55.274Z;functions.remessa_pagamento;  ESCREVE AUTORIZADO NO FILTRO
31-03-2024 20:34:57.376Z;functions.remessa_pagamento;  APERTA ENTER PARA SELECIONAR OS AUTORIZADOS
31-03-2024 20:35:20.153Z;functions.remessa_pagamento;  SEM REMESSA DE BORDERO AUTORIZADO
31-03-2024 20:35:21.013Z;functions.enter_contas_a_pagar;  CLICK - TOTVS - LINHA RM
31-03-2024 20:35:22.404Z;functions.enter_contas_a_pagar;  CLICK - BACK OFFICE
31-03-2024 20:35:23.341Z;functions.enter_contas_a_pagar;  CLICK - GESTAO FINANCEIRA
31-03-2024 20:35:35.310Z;functions.enter_contas_a_pagar;  CLICK - CONTAS A PAGAR
31-03-2024 20:35:36.496Z;functions.waitForImage;  LANÇAMENTOS image found.
31-03-2024 20:35:38.626Z;functions.enter_contas_a_pagar;  CLICA EM LANÇAMENTOS
31-03-2024 20:35:54.060Z;functions.waitForImage;  LICENCAS EXCEDIDAS image not found.
31-03-2024 20:35:54.060Z;functions.obter_intervalo_data;  VERIFICANDO A HORA ATUAL 20
31-03-2024 20:35:54.076Z;functions.obter_intervalo_data;  Data Inicial PENSAO antes da remoção: None
31-03-2024 20:35:54.076Z;functions.obter_intervalo_data;  Data Final PENSAO antes da remoção: None
31-03-2024 20:35:54.076Z;functions.obter_intervalo_data;  Data Inicial PENSAO após a remoção: None
31-03-2024 20:35:54.076Z;functions.obter_intervalo_data;  Data Final PENSAO após a remoção: None
31-03-2024 20:35:54.076Z;functions.obter_intervalo_data;  hoje -  2024-03-31 20:35:54.076188
31-03-2024 20:35:54.076Z;functions.data_filter;  DATA INICIO 03-04-2024
31-03-2024 20:35:54.076Z;functions.data_filter;  DATA FIM 09-04-2024
31-03-2024 20:35:54.076Z;functions.data_filter;  CLICK - SELECIONA A DATA DE QUARTA FEIRA E DA PROXIMA TERÇA
31-03-2024 20:35:54.076Z;functions.data_filter;  QUARTA-FEIRA: 03-04-2024
31-03-2024 20:35:54.076Z;functions.data_filter;  TERCA-FEIRA: 09-04-2024
31-03-2024 20:36:06.357Z;functions.data_filter;  CLICK - BUTÃO DE SELECAO DE FILTRO
31-03-2024 20:36:10.919Z;functions.data_filter;  INSERE - DATA DE QUARTA-FEIRA: 03-04-2024
31-03-2024 20:36:14.946Z;functions.data_filter;  INSERE - DATA DA PROX TERCA-FEIRA: 09-04-2024
31-03-2024 20:36:15.887Z;functions.data_filter;  CLICK - BUTÃO DE EXECUTAR O FILTRO
31-03-2024 20:36:22.544Z;functions.desmark_filter;  CLICK CHECKBOX LANÇAMENTOS A RECEBER
31-03-2024 20:36:24.403Z;functions.desmark_filter;  CLICK CHECKBOX LANÇAMENTOS BAIXADOS
31-03-2024 20:36:26.388Z;functions.desmark_filter;  CLICK CHECKBOX LANÇAMENTOS CANCELADOS
31-03-2024 20:36:28.513Z;functions.desmark_filter;  CLICK CHECKBOX LANÇAMENTOS FATURADOS
31-03-2024 20:36:30.732Z;functions.desmark_filter;  ATUALIZA O FILTRO
31-03-2024 20:36:30.732Z;functions.filter_clean;  FUNÇÃO LIMPA FILTRO
31-03-2024 20:36:31.067Z;functions.waitForImage;  FILTER CLEAN image found.
31-03-2024 20:36:33.184Z;functions.filter_clean;  CLICK NO BOTÃO X DO LIMPA FILTRO
31-03-2024 20:36:48.419Z;functions.waitForImage;  FILTER CLEAN image not found.
31-03-2024 20:37:03.574Z;functions.waitForImage;  FILTER CLEAN image not found.
31-03-2024 20:37:05.967Z;functions.tabela_vazia;  Texto extraido 0/0
31-03-2024 20:37:05.967Z;functions.tabela_vazia;  Count 0
31-03-2024 20:37:05.967Z;functions.tabela_vazia;  Type <class 'int'>
31-03-2024 20:37:07.975Z;functions.tabela_vazia;  SEM REMESSA DE FÉRIAS/RESCISÃO
31-03-2024 20:37:09.976Z;main.<module>;  SEM REMESSA DE PENSÃO
31-03-2024 20:37:12.276Z;errorhandler.__handle;  Property: Unknown Property name. [1:203: -ms-interpolation-mode]
31-03-2024 20:37:12.312Z;errorhandler.__handle;  Property: Unknown Property name. [1:353: -webkit-font-smoothing]
31-03-2024 20:37:12.327Z;errorhandler.__handle;  Property: Unknown Property name. [1:483: -ms-text-size-adjust]
31-03-2024 20:37:12.327Z;errorhandler.__handle;  Property: Unknown Property name. [1:518: -webkit-text-size-adjust]
31-03-2024 20:37:12.327Z;errorhandler.__handle;  Property: Unknown Property name. [1:612: mso-table-lspace]
31-03-2024 20:37:12.327Z;errorhandler.__handle;  Property: Unknown Property name. [1:642: mso-table-rspace]
31-03-2024 20:37:12.577Z;errorhandler.__handle;  Property: Unknown Property name. [1:4734: mso-hide]
31-03-2024 20:37:12.702Z;errorhandler.__handle;  Property: Unknown Property name. [1:13: -ms-interpolation-mode]
31-03-2024 20:37:12.702Z;errorhandler.__handle;  Property: Unknown Property name. [1:49: -webkit-font-smoothing]
31-03-2024 20:37:12.702Z;errorhandler.__handle;  Property: Unknown Property name. [1:134: -ms-text-size-adjust]
31-03-2024 20:37:12.702Z;errorhandler.__handle;  Property: Unknown Property name. [1:160: -webkit-text-size-adjust]
31-03-2024 20:37:12.702Z;errorhandler.__handle;  Property: Unknown Property name. [1:26: mso-table-lspace]
31-03-2024 20:37:12.702Z;errorhandler.__handle;  Property: Unknown Property name. [1:45: mso-table-rspace]
31-03-2024 20:37:12.749Z;errorhandler.__handle;  Property: Unknown Property name. [1:92: mso-hide]
31-03-2024 20:37:12.765Z;errorhandler.__handle;  Property: No ":" after name found: align-center [1:1: align-center]
31-03-2024 20:37:12.765Z;errorhandler.__handle;  Property: No property value found: align-center [1:1: align-center]
31-03-2024 20:37:12.765Z;errorhandler.__handle;  CSSStyleDeclaration: Syntax Error in Property: align-center
31-03-2024 20:37:12.765Z;errorhandler.__handle;  Property: Unknown Property name. [1:14: -ms-interpolation-mode]
31-03-2024 20:37:15.074Z;functions.emailFinalizado;  Warning e-mail sent.
31-03-2024 20:37:15.418Z;functions.encerra_prog;  RM ENCERRADO
