15-07-2024 12:24:41.494Z;functions.bot_text_art;      ____     
15-07-2024 12:24:41.496Z;functions.bot_text_art;     [____]    
15-07-2024 12:24:41.498Z;functions.bot_text_art;   |=]()()[=|  
15-07-2024 12:24:41.501Z;functions.bot_text_art;     _\==/__    _____    ____     _        _____    ___   _  __ 
15-07-2024 12:24:41.502Z;functions.bot_text_art;   |__|   |_|  |  _  \  / ___|   | |      |_   _| / ___| | |/ / 
15-07-2024 12:24:41.509Z;functions.bot_text_art;   |_|_/\_|_|  | |  | | | |      | |        | |   | |    | ' /  
15-07-2024 12:24:41.510Z;functions.bot_text_art;   | | __ | |  | |  | | | |      | |        | |   | |    |  <   
15-07-2024 12:24:41.512Z;functions.bot_text_art;   |_|[  ]|_|  | |__| | | |____  | |____   _| |_  | |__  | . \  
15-07-2024 12:24:41.528Z;functions.bot_text_art;   \_|_||_|_/  |_____/   \_____| |______| |_____| \ ___| |_|\_\ 
15-07-2024 12:24:41.530Z;functions.bot_text_art;     |_||_|    
15-07-2024 12:24:41.531Z;functions.bot_text_art;     | ||_|_   
15-07-2024 12:24:41.531Z;functions.bot_text_art;   |___||___|  
15-07-2024 12:24:41.532Z;functions.bot_text_art;               
15-07-2024 12:24:41.558Z;functions.open_RM;  OPEN PROGRAM RM
15-07-2024 12:25:02.217Z;functions.loggin_RM;  ACHOU O PANE PICTURE
15-07-2024 12:25:03.498Z;functions.loggin_RM;  ENCONTRA USE FIELD
15-07-2024 12:25:03.920Z;functions.loggin_RM;  DUPLO CLICK
15-07-2024 12:25:07.717Z;functions.loggin_RM;  ENTRAR USER_NAME
15-07-2024 12:25:09.217Z;functions.loggin_RM;  ENCONTRA PASS FIELD
15-07-2024 12:25:09.545Z;functions.loggin_RM;  CLICK
15-07-2024 12:25:11.655Z;functions.loggin_RM;  ENTRAR PASSWORD
15-07-2024 12:25:13.311Z;functions.loggin_RM;  ENTRAR RM
15-07-2024 12:25:13.311Z;functions.enter_coligada;  AGUARDANDO 1
15-07-2024 12:26:34.482Z;functions.enter_coligada;  CLICK CONTEXTO
15-07-2024 12:26:37.763Z;functions.enter_coligada;  CLICK ALTERAR MODULO DO CONTEXTO
15-07-2024 12:26:42.177Z;functions.enter_coligada;  INSERE O COLIGADA CODE = 1
15-07-2024 12:26:42.282Z;functions.enter_coligada;  APERTA TAB PARA PREENCHER O CAMPO COM A STRING: OCEANICA ENGENHARIA E CONSULTORIA S.A.
15-07-2024 12:26:44.767Z;functions.enter_coligada;  CLICK AVANÇAR NOVAMENTE
15-07-2024 12:26:46.232Z;functions.enter_coligada;  CLICK CONCLUIR
15-07-2024 12:27:06.607Z;functions.waitForImage;  TROCA COLIGADA image not found.
15-07-2024 12:27:57.888Z;functions.enter_coligada;  POP UP COLIGADA DESAPARECER
15-07-2024 12:27:59.014Z;functions.enter_contas_a_pagar;  CLICK - TOTVS - LINHA RM
15-07-2024 12:28:01.388Z;functions.enter_contas_a_pagar;  CLICK - BACK OFFICE
15-07-2024 12:28:04.388Z;functions.enter_contas_a_pagar;  CLICK - GESTAO FINANCEIRA
15-07-2024 12:28:10.669Z;functions.enter_contas_a_pagar;  CLICK - CONTAS A PAGAR
15-07-2024 12:28:11.623Z;functions.waitForImage;  LANÇAMENTOS image found.
15-07-2024 12:28:13.741Z;functions.enter_contas_a_pagar;  CLICA EM LANÇAMENTOS
15-07-2024 12:28:29.466Z;functions.waitForImage;  LICENCAS EXCEDIDAS image not found.
15-07-2024 12:28:29.466Z;functions.show_exception_and_exit;  name 'inicio' is not defined
Traceback (most recent call last):
  File "c:\Projetos_Remessas\Remessa_Pensao\main.py", line 17, in <module>
    data_filter()
  File "c:\Projetos_Remessas\Remessa_Pensao\SUBPROGRAMS\functions.py", line 404, in data_filter
    dt_inicial_format = inicio.strftime("%d-%m-%Y")
                        ^^^^^^
NameError: name 'inicio' is not defined
15-07-2024 12:28:30.230Z;functions.show_exception_and_exit;  RM FECHADO
15-07-2024 12:28:33.294Z;errorhandler.__handle;  Property: Unknown Property name. [1:203: -ms-interpolation-mode]
15-07-2024 12:28:33.343Z;errorhandler.__handle;  Property: Unknown Property name. [1:353: -webkit-font-smoothing]
15-07-2024 12:28:33.358Z;errorhandler.__handle;  Property: Unknown Property name. [1:483: -ms-text-size-adjust]
15-07-2024 12:28:33.359Z;errorhandler.__handle;  Property: Unknown Property name. [1:518: -webkit-text-size-adjust]
15-07-2024 12:28:33.366Z;errorhandler.__handle;  Property: Unknown Property name. [1:612: mso-table-lspace]
15-07-2024 12:28:33.368Z;errorhandler.__handle;  Property: Unknown Property name. [1:642: mso-table-rspace]
15-07-2024 12:28:33.607Z;errorhandler.__handle;  Property: Unknown Property name. [1:4734: mso-hide]
15-07-2024 12:28:33.726Z;errorhandler.__handle;  Property: Unknown Property name. [1:13: -ms-interpolation-mode]
15-07-2024 12:28:33.733Z;errorhandler.__handle;  Property: Unknown Property name. [1:49: -webkit-font-smoothing]
15-07-2024 12:28:33.739Z;errorhandler.__handle;  Property: Unknown Property name. [1:134: -ms-text-size-adjust]
15-07-2024 12:28:33.742Z;errorhandler.__handle;  Property: Unknown Property name. [1:160: -webkit-text-size-adjust]
15-07-2024 12:28:33.746Z;errorhandler.__handle;  Property: Unknown Property name. [1:26: mso-table-lspace]
15-07-2024 12:28:33.748Z;errorhandler.__handle;  Property: Unknown Property name. [1:45: mso-table-rspace]
15-07-2024 12:28:33.792Z;errorhandler.__handle;  Property: Unknown Property name. [1:92: mso-hide]
15-07-2024 12:28:33.809Z;errorhandler.__handle;  Property: No ":" after name found: align-center [1:1: align-center]
15-07-2024 12:28:33.812Z;errorhandler.__handle;  Property: No property value found: align-center [1:1: align-center]
15-07-2024 12:28:33.813Z;errorhandler.__handle;  CSSStyleDeclaration: Syntax Error in Property: align-center
15-07-2024 12:28:33.818Z;errorhandler.__handle;  Property: Unknown Property name. [1:14: -ms-interpolation-mode]
15-07-2024 12:28:37.812Z;functions.show_exception_and_exit;  EMAIL EXCEÇÃO ENVIADO
15-07-2024 12:28:37.812Z;functions.show_exception_and_exit;  ERRO - <class 'NameError'> / name 'inicio' is not defined
