15-07-2024 12:32:04.082Z;functions.bot_text_art;      ____     
15-07-2024 12:32:04.083Z;functions.bot_text_art;     [____]    
15-07-2024 12:32:04.085Z;functions.bot_text_art;   |=]()()[=|  
15-07-2024 12:32:04.086Z;functions.bot_text_art;     _\==/__    _____    ____     _        _____    ___   _  __ 
15-07-2024 12:32:04.088Z;functions.bot_text_art;   |__|   |_|  |  _  \  / ___|   | |      |_   _| / ___| | |/ / 
15-07-2024 12:32:04.089Z;functions.bot_text_art;   |_|_/\_|_|  | |  | | | |      | |        | |   | |    | ' /  
15-07-2024 12:32:04.091Z;functions.bot_text_art;   | | __ | |  | |  | | | |      | |        | |   | |    |  <   
15-07-2024 12:32:04.092Z;functions.bot_text_art;   |_|[  ]|_|  | |__| | | |____  | |____   _| |_  | |__  | . \  
15-07-2024 12:32:04.099Z;functions.bot_text_art;   \_|_||_|_/  |_____/   \_____| |______| |_____| \ ___| |_|\_\ 
15-07-2024 12:32:04.101Z;functions.bot_text_art;     |_||_|    
15-07-2024 12:32:04.101Z;functions.bot_text_art;     | ||_|_   
15-07-2024 12:32:04.101Z;functions.bot_text_art;   |___||___|  
15-07-2024 12:32:04.103Z;functions.bot_text_art;               
15-07-2024 12:32:04.126Z;functions.open_RM;  OPEN PROGRAM RM
15-07-2024 12:32:14.888Z;functions.loggin_RM;  ACHOU O PANE PICTURE
15-07-2024 12:32:16.263Z;functions.loggin_RM;  ENCONTRA USE FIELD
15-07-2024 12:32:16.677Z;functions.loggin_RM;  DUPLO CLICK
15-07-2024 12:32:20.435Z;functions.loggin_RM;  ENTRAR USER_NAME
15-07-2024 12:32:21.966Z;functions.loggin_RM;  ENCONTRA PASS FIELD
15-07-2024 12:32:22.357Z;functions.loggin_RM;  CLICK
15-07-2024 12:32:24.469Z;functions.loggin_RM;  ENTRAR PASSWORD
15-07-2024 12:32:26.232Z;functions.loggin_RM;  ENTRAR RM
15-07-2024 12:32:26.232Z;functions.enter_coligada;  AGUARDANDO 1
15-07-2024 12:33:31.763Z;functions.enter_coligada;  CLICK CONTEXTO
15-07-2024 12:33:34.950Z;functions.enter_coligada;  CLICK ALTERAR MODULO DO CONTEXTO
15-07-2024 12:33:40.160Z;functions.enter_coligada;  INSERE O COLIGADA CODE = 1
15-07-2024 12:33:40.263Z;functions.enter_coligada;  APERTA TAB PARA PREENCHER O CAMPO COM A STRING: OCEANICA ENGENHARIA E CONSULTORIA S.A.
15-07-2024 12:33:41.982Z;functions.enter_coligada;  CLICK AVANÇAR NOVAMENTE
15-07-2024 12:33:43.544Z;functions.enter_coligada;  CLICK CONCLUIR
15-07-2024 12:34:03.982Z;functions.waitForImage;  TROCA COLIGADA image not found.
15-07-2024 12:34:58.356Z;functions.enter_coligada;  POP UP COLIGADA DESAPARECER
15-07-2024 12:34:59.482Z;functions.check_movimentacao_bancaria;  CLICK - TOTVS - LINHA RM
15-07-2024 12:35:01.669Z;functions.check_movimentacao_bancaria;  CLICK - BACK OFFICE
15-07-2024 12:35:04.518Z;functions.check_movimentacao_bancaria;  CLICK - GESTAO FINANCEIRA
15-07-2024 12:35:04.518Z;functions.obter_intervalo_data;  VERIFICANDO A HORA ATUAL 12
15-07-2024 12:35:04.547Z;functions.obter_intervalo_data;  Data Inicial PENSAO antes da remoção: None
15-07-2024 12:35:04.548Z;functions.obter_intervalo_data;  Data Final PENSAO antes da remoção: None
15-07-2024 12:35:04.559Z;functions.obter_intervalo_data;  Data Inicial PENSAO após a remoção: None
15-07-2024 12:35:04.561Z;functions.obter_intervalo_data;  Data Final PENSAO após a remoção: None
15-07-2024 12:35:04.563Z;functions.obter_intervalo_data;  hoje -  2024-07-15 12:35:04.563302
15-07-2024 12:35:04.566Z;functions.check_movimentacao_bancaria;  DATA INICIO 17-07-2024
15-07-2024 12:35:04.567Z;functions.check_movimentacao_bancaria;  DATA FIM 23-07-2024
15-07-2024 12:35:10.575Z;functions.enter_contas_a_pagar;  CLICK - TOTVS - LINHA RM
15-07-2024 12:35:14.768Z;functions.enter_contas_a_pagar;  CLICK - BACK OFFICE
15-07-2024 12:35:15.888Z;functions.enter_contas_a_pagar;  CLICK - GESTAO FINANCEIRA
15-07-2024 12:35:19.981Z;functions.enter_contas_a_pagar;  CLICK - CONTAS A PAGAR
15-07-2024 12:35:20.950Z;functions.waitForImage;  LANÇAMENTOS image found.
15-07-2024 12:35:23.084Z;functions.enter_contas_a_pagar;  CLICA EM LANÇAMENTOS
15-07-2024 12:35:38.747Z;functions.waitForImage;  LICENCAS EXCEDIDAS image not found.
15-07-2024 12:35:38.747Z;functions.data_filter;  CLICK - SELECIONA A DATA DE QUARTA FEIRA E DA PROXIMA TERÇA
15-07-2024 12:35:38.747Z;functions.data_filter;  QUARTA-FEIRA: 17-07-2024
15-07-2024 12:35:38.747Z;functions.data_filter;  TERCA-FEIRA: 23-07-2024
15-07-2024 12:35:55.950Z;functions.data_filter;  CLICK - BUTÃO DE SELECAO DE FILTRO
15-07-2024 12:36:01.638Z;functions.data_filter;  INSERE - DATA DE QUARTA-FEIRA: 17-07-2024
15-07-2024 12:36:06.341Z;functions.data_filter;  INSERE - DATA DA PROX TERCA-FEIRA: 23-07-2024
15-07-2024 12:36:07.606Z;functions.data_filter;  CLICK - BUTÃO DE EXECUTAR O FILTRO
15-07-2024 12:36:12.609Z;functions.desmark_filter;  AGUARDANDO 1
15-07-2024 12:36:15.702Z;functions.desmark_filter;  CLICK CHECKBOX LANÇAMENTOS A RECEBER
15-07-2024 12:36:18.516Z;functions.desmark_filter;  CLICK CHECKBOX LANÇAMENTOS BAIXADOS
