19-05-2024 14:30:20.551Z;functions.bot_text_art;      ____     
19-05-2024 14:30:20.551Z;functions.bot_text_art;     [____]    
19-05-2024 14:30:20.551Z;functions.bot_text_art;   |=]()()[=|  
19-05-2024 14:30:20.551Z;functions.bot_text_art;     _\==/__    _____    ____     _        _____    ___   _  __ 
19-05-2024 14:30:20.551Z;functions.bot_text_art;   |__|   |_|  |  _  \  / ___|   | |      |_   _| / ___| | |/ / 
19-05-2024 14:30:20.551Z;functions.bot_text_art;   |_|_/\_|_|  | |  | | | |      | |        | |   | |    | ' /  
19-05-2024 14:30:20.551Z;functions.bot_text_art;   | | __ | |  | |  | | | |      | |        | |   | |    |  <   
19-05-2024 14:30:20.551Z;functions.bot_text_art;   |_|[  ]|_|  | |__| | | |____  | |____   _| |_  | |__  | . \  
19-05-2024 14:30:20.551Z;functions.bot_text_art;   \_|_||_|_/  |_____/   \_____| |______| |_____| \ ___| |_|\_\ 
19-05-2024 14:30:20.551Z;functions.bot_text_art;     |_||_|    
19-05-2024 14:30:20.551Z;functions.bot_text_art;     | ||_|_   
19-05-2024 14:30:20.551Z;functions.bot_text_art;   |___||___|  
19-05-2024 14:30:20.551Z;functions.bot_text_art;               
19-05-2024 14:30:20.567Z;functions.open_RM;  OPEN PROGRAM RM
19-05-2024 14:30:26.003Z;functions.loggin_RM;  ACHOU O PANE PICTURE
19-05-2024 14:30:26.659Z;functions.loggin_RM;  ENCONTRA USE FIELD
19-05-2024 14:30:26.754Z;functions.loggin_RM;  DUPLO CLICK
19-05-2024 14:30:29.768Z;functions.loggin_RM;  ENTRAR USER_NAME
19-05-2024 14:30:30.440Z;functions.loggin_RM;  ENCONTRA PASS FIELD
19-05-2024 14:30:30.518Z;functions.loggin_RM;  CLICK
19-05-2024 14:30:32.629Z;functions.loggin_RM;  ENTRAR PASSWORD
19-05-2024 14:30:33.331Z;functions.loggin_RM;  ENTRAR RM
19-05-2024 14:30:49.645Z;functions.enter_coligada;  CLICK CONTEXTO
19-05-2024 14:30:53.741Z;functions.enter_coligada;  CLICK ALTERAR MODULO DO CONTEXTO
19-05-2024 14:30:55.851Z;functions.enter_coligada;  INSERE O COLIGADA CODE = 1
19-05-2024 14:30:55.953Z;functions.enter_coligada;  APERTA TAB PARA PREENCHER O CAMPO COM A STRING: OCEANICA ENGENHARIA E CONSULTORIA S.A.
19-05-2024 14:30:56.846Z;functions.enter_coligada;  CLICK AVANÇAR NOVAMENTE
19-05-2024 14:30:57.654Z;functions.enter_coligada;  CLICK CONCLUIR
19-05-2024 14:31:06.003Z;functions.enter_coligada;  POP UP COLIGADA DESAPARECER
19-05-2024 14:31:06.612Z;functions.check_movimentacao_bancaria;  CLICK - TOTVS - LINHA RM
19-05-2024 14:31:07.650Z;functions.check_movimentacao_bancaria;  CLICK - BACK OFFICE
19-05-2024 14:31:09.940Z;functions.check_movimentacao_bancaria;  CLICK - GESTAO FINANCEIRA
19-05-2024 14:31:12.439Z;functions.movimentacao_bancaria;  CLICK NA ABA MOVIMENTAÇÃO BANCARIA
19-05-2024 14:31:14.550Z;functions.waitForImage;  IMAGEM BORDERO image found.
19-05-2024 14:31:16.681Z;functions.movimentacao_bancaria;  IMAGEM BORDERO CLICADA.
19-05-2024 14:31:27.228Z;functions.waitForImage;  LICENCAS EXCEDIDAS image not found.
19-05-2024 14:31:29.753Z;functions.waitForImage;  LICENCE SERVER image not found.
19-05-2024 14:31:30.315Z;functions.movimentacao_bancaria;  ENCONTROU O FILTRO DA MOVIMENTAÇÃO BANCÁRIA
19-05-2024 14:31:30.362Z;functions.movimentacao_bancaria;  CLICA NA ABA SUPERIOR DO FILTRO
19-05-2024 14:31:34.566Z;functions.movimentacao_bancaria;  SELECIONA O FILTRO HOJE
19-05-2024 14:31:34.566Z;functions.filter_clean;  FUNÇÃO LIMPA FILTRO
19-05-2024 14:31:36.538Z;functions.waitForImage;  FILTER CLEAN image found.
19-05-2024 14:31:38.667Z;functions.filter_clean;  CLICK NO BOTÃO X DO LIMPA FILTRO
19-05-2024 14:31:53.922Z;functions.waitForImage;  FILTER CLEAN image not found.
19-05-2024 14:32:09.136Z;functions.waitForImage;  FILTER CLEAN image not found.
19-05-2024 14:32:27.159Z;functions.movimentacao_bancaria;  SEM REGISTROS DE PROCESSO DE BORDERO PENDENTE
19-05-2024 14:32:27.159Z;functions.filter_clean;  FUNÇÃO LIMPA FILTRO
19-05-2024 14:32:42.357Z;functions.waitForImage;  FILTER CLEAN image not found.
19-05-2024 14:32:57.520Z;functions.waitForImage;  FILTER CLEAN image not found.
19-05-2024 14:33:12.728Z;functions.waitForImage;  FILTER CLEAN image not found.
19-05-2024 14:33:44.691Z;functions.remessa_pagamento;  SEM PROCESSO DE BORDERO AUTORIZADO
19-05-2024 14:33:46.425Z;errorhandler.__handle;  Property: Unknown Property name. [1:203: -ms-interpolation-mode]
19-05-2024 14:33:46.425Z;errorhandler.__handle;  Property: Unknown Property name. [1:353: -webkit-font-smoothing]
19-05-2024 14:33:46.440Z;errorhandler.__handle;  Property: Unknown Property name. [1:483: -ms-text-size-adjust]
19-05-2024 14:33:46.440Z;errorhandler.__handle;  Property: Unknown Property name. [1:518: -webkit-text-size-adjust]
19-05-2024 14:33:46.440Z;errorhandler.__handle;  Property: Unknown Property name. [1:612: mso-table-lspace]
19-05-2024 14:33:46.440Z;errorhandler.__handle;  Property: Unknown Property name. [1:642: mso-table-rspace]
19-05-2024 14:33:46.487Z;errorhandler.__handle;  Property: Unknown Property name. [1:4734: mso-hide]
19-05-2024 14:33:46.503Z;errorhandler.__handle;  Property: Unknown Property name. [1:13: -ms-interpolation-mode]
19-05-2024 14:33:46.503Z;errorhandler.__handle;  Property: Unknown Property name. [1:49: -webkit-font-smoothing]
19-05-2024 14:33:46.503Z;errorhandler.__handle;  Property: Unknown Property name. [1:134: -ms-text-size-adjust]
19-05-2024 14:33:46.503Z;errorhandler.__handle;  Property: Unknown Property name. [1:160: -webkit-text-size-adjust]
19-05-2024 14:33:46.519Z;errorhandler.__handle;  Property: Unknown Property name. [1:26: mso-table-lspace]
19-05-2024 14:33:46.519Z;errorhandler.__handle;  Property: Unknown Property name. [1:45: mso-table-rspace]
19-05-2024 14:33:46.519Z;errorhandler.__handle;  Property: Unknown Property name. [1:92: mso-hide]
19-05-2024 14:33:46.519Z;errorhandler.__handle;  Property: No ":" after name found: align-center [1:1: align-center]
19-05-2024 14:33:46.519Z;errorhandler.__handle;  Property: No property value found: align-center [1:1: align-center]
19-05-2024 14:33:46.519Z;errorhandler.__handle;  CSSStyleDeclaration: Syntax Error in Property: align-center
19-05-2024 14:33:46.534Z;errorhandler.__handle;  Property: Unknown Property name. [1:14: -ms-interpolation-mode]
19-05-2024 14:33:48.863Z;functions.emailFinalizado;  Warning e-mail sent.
19-05-2024 14:33:48.941Z;functions.encerra_prog;  RM ENCERRADO
