19-05-2024 20:30:40.812Z;functions.bot_text_art;      ____     
19-05-2024 20:30:40.812Z;functions.bot_text_art;     [____]    
19-05-2024 20:30:40.812Z;functions.bot_text_art;   |=]()()[=|  
19-05-2024 20:30:40.812Z;functions.bot_text_art;     _\==/__    _____    ____     _        _____    ___   _  __ 
19-05-2024 20:30:40.812Z;functions.bot_text_art;   |__|   |_|  |  _  \  / ___|   | |      |_   _| / ___| | |/ / 
19-05-2024 20:30:40.812Z;functions.bot_text_art;   |_|_/\_|_|  | |  | | | |      | |        | |   | |    | ' /  
19-05-2024 20:30:40.812Z;functions.bot_text_art;   | | __ | |  | |  | | | |      | |        | |   | |    |  <   
19-05-2024 20:30:40.812Z;functions.bot_text_art;   |_|[  ]|_|  | |__| | | |____  | |____   _| |_  | |__  | . \  
19-05-2024 20:30:40.812Z;functions.bot_text_art;   \_|_||_|_/  |_____/   \_____| |______| |_____| \ ___| |_|\_\ 
19-05-2024 20:30:40.812Z;functions.bot_text_art;     |_||_|    
19-05-2024 20:30:40.812Z;functions.bot_text_art;     | ||_|_   
19-05-2024 20:30:40.812Z;functions.bot_text_art;   |___||___|  
19-05-2024 20:30:40.812Z;functions.bot_text_art;               
19-05-2024 20:30:40.812Z;functions.open_RM;  OPEN PROGRAM RM
19-05-2024 20:30:52.712Z;functions.loggin_RM;  ACHOU O PANE PICTURE
19-05-2024 20:30:53.383Z;functions.loggin_RM;  ENCONTRA USE FIELD
19-05-2024 20:30:53.476Z;functions.loggin_RM;  DUPLO CLICK
19-05-2024 20:30:56.493Z;functions.loggin_RM;  ENTRAR USER_NAME
19-05-2024 20:30:57.150Z;functions.loggin_RM;  ENCONTRA PASS FIELD
19-05-2024 20:30:57.243Z;functions.loggin_RM;  CLICK
19-05-2024 20:30:59.353Z;functions.loggin_RM;  ENTRAR PASSWORD
19-05-2024 20:31:00.070Z;functions.loggin_RM;  ENTRAR RM
19-05-2024 20:31:37.009Z;functions.enter_coligada;  CLICK CONTEXTO
19-05-2024 20:31:40.933Z;functions.enter_coligada;  CLICK ALTERAR MODULO DO CONTEXTO
19-05-2024 20:31:44.223Z;functions.enter_coligada;  INSERE O COLIGADA CODE = 1
19-05-2024 20:31:44.324Z;functions.enter_coligada;  APERTA TAB PARA PREENCHER O CAMPO COM A STRING: OCEANICA ENGENHARIA E CONSULTORIA S.A.
19-05-2024 20:31:46.040Z;functions.enter_coligada;  CLICK AVANÇAR NOVAMENTE
19-05-2024 20:31:47.352Z;functions.enter_coligada;  CLICK CONCLUIR
19-05-2024 20:32:00.055Z;functions.enter_coligada;  POP UP COLIGADA DESAPARECER
19-05-2024 20:32:00.680Z;functions.check_movimentacao_bancaria;  CLICK - TOTVS - LINHA RM
19-05-2024 20:32:01.716Z;functions.check_movimentacao_bancaria;  CLICK - BACK OFFICE
19-05-2024 20:32:04.023Z;functions.check_movimentacao_bancaria;  CLICK - GESTAO FINANCEIRA
19-05-2024 20:32:10.086Z;functions.movimentacao_bancaria;  CLICK NA ABA MOVIMENTAÇÃO BANCARIA
19-05-2024 20:32:12.197Z;functions.waitForImage;  IMAGEM BORDERO image found.
19-05-2024 20:32:14.325Z;functions.movimentacao_bancaria;  IMAGEM BORDERO CLICADA.
19-05-2024 20:32:24.365Z;functions.waitForImage;  LICENCAS EXCEDIDAS image not found.
19-05-2024 20:32:26.916Z;functions.waitForImage;  LICENCE SERVER image not found.
19-05-2024 20:32:27.462Z;functions.movimentacao_bancaria;  ENCONTROU O FILTRO DA MOVIMENTAÇÃO BANCÁRIA
19-05-2024 20:32:27.477Z;functions.movimentacao_bancaria;  CLICA NA ABA SUPERIOR DO FILTRO
19-05-2024 20:32:31.682Z;functions.movimentacao_bancaria;  SELECIONA O FILTRO HOJE
19-05-2024 20:32:31.682Z;functions.filter_clean;  FUNÇÃO LIMPA FILTRO
19-05-2024 20:32:34.261Z;functions.waitForImage;  FILTER CLEAN image found.
19-05-2024 20:32:36.387Z;functions.filter_clean;  CLICK NO BOTÃO X DO LIMPA FILTRO
19-05-2024 20:32:51.654Z;functions.waitForImage;  FILTER CLEAN image not found.
19-05-2024 20:33:06.962Z;functions.waitForImage;  FILTER CLEAN image not found.
19-05-2024 20:33:07.728Z;functions.movimentacao_bancaria;  CLICK NA PRIMEIRA LINHA DA TABELA MOVIMENTAÇÃO BANCÁRIA
19-05-2024 20:33:08.939Z;functions.movimentacao_bancaria;  12 PASSOS PARA DIREITA NA TABELA >>
19-05-2024 20:33:10.212Z;functions.movimentacao_bancaria;  HOVER FILTER
19-05-2024 20:33:10.543Z;functions.movimentacao_bancaria;  CLICK FILTER
19-05-2024 20:33:14.853Z;functions.movimentacao_bancaria;  CLICK NO FILTRO  STATUS DA REMESSA
19-05-2024 20:33:16.954Z;functions.movimentacao_bancaria;  APERTA TAB PARA ESCREVER O FILTRO
19-05-2024 20:33:19.059Z;functions.movimentacao_bancaria;  ESCREVE PENDENTE NO FILTRO
19-05-2024 20:33:21.161Z;functions.movimentacao_bancaria;  APERTA ENTER PARA SELECIONAR OS PENDENTES
19-05-2024 20:33:41.150Z;functions.movimentacao_bancaria;  SEM REGISTROS DE PROCESSO DE BORDERO PENDENTE
19-05-2024 20:33:41.150Z;functions.filter_clean;  FUNÇÃO LIMPA FILTRO
19-05-2024 20:33:41.244Z;functions.waitForImage;  FILTER CLEAN image found.
19-05-2024 20:33:43.374Z;functions.filter_clean;  CLICK NO BOTÃO X DO LIMPA FILTRO
19-05-2024 20:33:58.565Z;functions.waitForImage;  FILTER CLEAN image not found.
19-05-2024 20:34:13.794Z;functions.waitForImage;  FILTER CLEAN image not found.
19-05-2024 20:34:14.606Z;functions.remessa_pagamento;  CLICK NA PRIMEIRA LINHA DA TABELA MOVIMENTAÇÃO BANCÁRIA
19-05-2024 20:34:15.852Z;functions.remessa_pagamento;  HOVER FILTER
19-05-2024 20:34:16.144Z;functions.remessa_pagamento;  CLICK FILTER
19-05-2024 20:34:20.456Z;functions.remessa_pagamento;  CLICK NO FILTRO  STATUS DA REMESSA
19-05-2024 20:34:22.557Z;functions.remessa_pagamento;  APERTA TAB PARA ESCREVER O FILTRO
19-05-2024 20:34:24.664Z;functions.remessa_pagamento;  ESCREVE AUTORIZADO NO FILTRO
19-05-2024 20:34:26.765Z;functions.remessa_pagamento;  APERTA ENTER PARA SELECIONAR OS AUTORIZADOS
19-05-2024 20:34:47.742Z;functions.remessa_pagamento;  SEM REMESSA DE BORDERO AUTORIZADO
19-05-2024 20:34:48.352Z;functions.enter_contas_a_pagar;  CLICK - TOTVS - LINHA RM
19-05-2024 20:34:49.289Z;functions.enter_contas_a_pagar;  CLICK - BACK OFFICE
19-05-2024 20:34:49.962Z;functions.enter_contas_a_pagar;  CLICK - GESTAO FINANCEIRA
19-05-2024 20:35:03.766Z;functions.enter_contas_a_pagar;  CLICK - CONTAS A PAGAR
19-05-2024 20:35:03.924Z;functions.waitForImage;  LANÇAMENTOS image found.
19-05-2024 20:35:06.031Z;functions.enter_contas_a_pagar;  CLICA EM LANÇAMENTOS
19-05-2024 20:35:21.547Z;functions.waitForImage;  LICENCAS EXCEDIDAS image not found.
19-05-2024 20:35:21.547Z;functions.obter_intervalo_data;  VERIFICANDO A HORA ATUAL 20
19-05-2024 20:35:21.547Z;functions.obter_intervalo_data;  Data Inicial PENSAO antes da remoção: None
19-05-2024 20:35:21.547Z;functions.obter_intervalo_data;  Data Final PENSAO antes da remoção: None
19-05-2024 20:35:21.547Z;functions.obter_intervalo_data;  Data Inicial PENSAO após a remoção: None
19-05-2024 20:35:21.547Z;functions.obter_intervalo_data;  Data Final PENSAO após a remoção: None
19-05-2024 20:35:21.547Z;functions.obter_intervalo_data;  hoje -  2024-05-19 20:35:21.547872
19-05-2024 20:35:21.547Z;functions.data_filter;  DATA INICIO 22-05-2024
19-05-2024 20:35:21.547Z;functions.data_filter;  DATA FIM 28-05-2024
19-05-2024 20:35:21.547Z;functions.data_filter;  CLICK - SELECIONA A DATA DE QUARTA FEIRA E DA PROXIMA TERÇA
19-05-2024 20:35:21.547Z;functions.data_filter;  QUARTA-FEIRA: 22-05-2024
19-05-2024 20:35:21.547Z;functions.data_filter;  TERCA-FEIRA: 28-05-2024
19-05-2024 20:35:32.586Z;functions.data_filter;  CLICK - BUTÃO DE SELECAO DE FILTRO
19-05-2024 20:35:36.289Z;functions.data_filter;  INSERE - DATA DE QUARTA-FEIRA: 22-05-2024
19-05-2024 20:35:39.757Z;functions.data_filter;  INSERE - DATA DA PROX TERCA-FEIRA: 28-05-2024
19-05-2024 20:35:40.383Z;functions.data_filter;  CLICK - BUTÃO DE EXECUTAR O FILTRO
19-05-2024 20:35:46.180Z;functions.desmark_filter;  CLICK CHECKBOX LANÇAMENTOS A RECEBER
19-05-2024 20:35:46.992Z;functions.desmark_filter;  CLICK CHECKBOX LANÇAMENTOS BAIXADOS
19-05-2024 20:35:47.837Z;functions.desmark_filter;  CLICK CHECKBOX LANÇAMENTOS CANCELADOS
19-05-2024 20:35:48.695Z;functions.desmark_filter;  CLICK CHECKBOX LANÇAMENTOS FATURADOS
19-05-2024 20:35:49.650Z;functions.desmark_filter;  ATUALIZA O FILTRO
19-05-2024 20:35:49.650Z;functions.filter_clean;  FUNÇÃO LIMPA FILTRO
19-05-2024 20:35:49.794Z;functions.waitForImage;  FILTER CLEAN image found.
19-05-2024 20:35:51.923Z;functions.filter_clean;  CLICK NO BOTÃO X DO LIMPA FILTRO
19-05-2024 20:36:07.147Z;functions.waitForImage;  FILTER CLEAN image not found.
19-05-2024 20:36:22.360Z;functions.waitForImage;  FILTER CLEAN image not found.
19-05-2024 20:36:23.321Z;functions.tabela_vazia;  Texto extraido 0/0
19-05-2024 20:36:23.321Z;functions.tabela_vazia;  Count 0
19-05-2024 20:36:23.321Z;functions.tabela_vazia;  Type <class 'int'>
19-05-2024 20:36:25.331Z;functions.tabela_vazia;  SEM REMESSA DE FÉRIAS/RESCISÃO
19-05-2024 20:36:27.331Z;main.<module>;  SEM REMESSA DE PENSÃO
19-05-2024 20:36:29.352Z;errorhandler.__handle;  Property: Unknown Property name. [1:203: -ms-interpolation-mode]
19-05-2024 20:36:29.368Z;errorhandler.__handle;  Property: Unknown Property name. [1:353: -webkit-font-smoothing]
19-05-2024 20:36:29.368Z;errorhandler.__handle;  Property: Unknown Property name. [1:483: -ms-text-size-adjust]
19-05-2024 20:36:29.368Z;errorhandler.__handle;  Property: Unknown Property name. [1:518: -webkit-text-size-adjust]
19-05-2024 20:36:29.368Z;errorhandler.__handle;  Property: Unknown Property name. [1:612: mso-table-lspace]
19-05-2024 20:36:29.368Z;errorhandler.__handle;  Property: Unknown Property name. [1:642: mso-table-rspace]
19-05-2024 20:36:29.415Z;errorhandler.__handle;  Property: Unknown Property name. [1:4734: mso-hide]
19-05-2024 20:36:29.446Z;errorhandler.__handle;  Property: Unknown Property name. [1:13: -ms-interpolation-mode]
19-05-2024 20:36:29.446Z;errorhandler.__handle;  Property: Unknown Property name. [1:49: -webkit-font-smoothing]
19-05-2024 20:36:29.446Z;errorhandler.__handle;  Property: Unknown Property name. [1:134: -ms-text-size-adjust]
19-05-2024 20:36:29.446Z;errorhandler.__handle;  Property: Unknown Property name. [1:160: -webkit-text-size-adjust]
19-05-2024 20:36:29.446Z;errorhandler.__handle;  Property: Unknown Property name. [1:26: mso-table-lspace]
19-05-2024 20:36:29.446Z;errorhandler.__handle;  Property: Unknown Property name. [1:45: mso-table-rspace]
19-05-2024 20:36:29.462Z;errorhandler.__handle;  Property: Unknown Property name. [1:92: mso-hide]
19-05-2024 20:36:29.462Z;errorhandler.__handle;  Property: No ":" after name found: align-center [1:1: align-center]
19-05-2024 20:36:29.462Z;errorhandler.__handle;  Property: No property value found: align-center [1:1: align-center]
19-05-2024 20:36:29.462Z;errorhandler.__handle;  CSSStyleDeclaration: Syntax Error in Property: align-center
19-05-2024 20:36:29.462Z;errorhandler.__handle;  Property: Unknown Property name. [1:14: -ms-interpolation-mode]
19-05-2024 20:36:32.430Z;functions.emailFinalizado;  Warning e-mail sent.
19-05-2024 20:36:32.508Z;functions.encerra_prog;  RM ENCERRADO
