18-06-2024 06:30:31.191Z;functions.bot_text_art;      ____     
18-06-2024 06:30:31.191Z;functions.bot_text_art;     [____]    
18-06-2024 06:30:31.191Z;functions.bot_text_art;   |=]()()[=|  
18-06-2024 06:30:31.191Z;functions.bot_text_art;     _\==/__    _____    ____     _        _____    ___   _  __ 
18-06-2024 06:30:31.191Z;functions.bot_text_art;   |__|   |_|  |  _  \  / ___|   | |      |_   _| / ___| | |/ / 
18-06-2024 06:30:31.191Z;functions.bot_text_art;   |_|_/\_|_|  | |  | | | |      | |        | |   | |    | ' /  
18-06-2024 06:30:31.191Z;functions.bot_text_art;   | | __ | |  | |  | | | |      | |        | |   | |    |  <   
18-06-2024 06:30:31.191Z;functions.bot_text_art;   |_|[  ]|_|  | |__| | | |____  | |____   _| |_  | |__  | . \  
18-06-2024 06:30:31.191Z;functions.bot_text_art;   \_|_||_|_/  |_____/   \_____| |______| |_____| \ ___| |_|\_\ 
18-06-2024 06:30:31.191Z;functions.bot_text_art;     |_||_|    
18-06-2024 06:30:31.191Z;functions.bot_text_art;     | ||_|_   
18-06-2024 06:30:31.191Z;functions.bot_text_art;   |___||___|  
18-06-2024 06:30:31.191Z;functions.bot_text_art;               
18-06-2024 06:30:31.206Z;functions.open_RM;  OPEN PROGRAM RM
18-06-2024 06:30:47.003Z;functions.loggin_RM;  ACHOU O PANE PICTURE
18-06-2024 06:30:48.143Z;functions.loggin_RM;  ENCONTRA USE FIELD
18-06-2024 06:30:48.425Z;functions.loggin_RM;  DUPLO CLICK
18-06-2024 06:30:51.940Z;functions.loggin_RM;  ENTRAR USER_NAME
18-06-2024 06:30:53.206Z;functions.loggin_RM;  ENCONTRA PASS FIELD
18-06-2024 06:30:53.456Z;functions.loggin_RM;  CLICK
18-06-2024 06:30:55.584Z;functions.loggin_RM;  ENTRAR PASSWORD
18-06-2024 06:30:57.059Z;functions.loggin_RM;  ENTRAR RM
18-06-2024 06:31:57.744Z;functions.loggin_RM;  FILTRO NÃO ENCONTRADO DE INICIO
18-06-2024 06:33:00.534Z;functions.loggin_RM;  FILTRO NÃO ENCONTRADO DE INICIO
18-06-2024 06:34:02.737Z;functions.loggin_RM;  FILTRO NÃO ENCONTRADO DE INICIO
18-06-2024 06:34:02.737Z;functions.enter_coligada;  AGUARDANDO 1
18-06-2024 06:34:04.050Z;functions.enter_coligada;  CLICK CONTEXTO
18-06-2024 06:34:06.737Z;functions.enter_coligada;  CLICK ALTERAR MODULO DO CONTEXTO
18-06-2024 06:34:10.315Z;functions.enter_coligada;  INSERE O COLIGADA CODE = 1
18-06-2024 06:34:10.419Z;functions.enter_coligada;  APERTA TAB PARA PREENCHER O CAMPO COM A STRING: OCEANICA ENGENHARIA E CONSULTORIA S.A.
18-06-2024 06:34:12.456Z;functions.enter_coligada;  CLICK AVANÇAR NOVAMENTE
18-06-2024 06:34:13.675Z;functions.enter_coligada;  CLICK CONCLUIR
18-06-2024 06:35:16.166Z;functions.enter_coligada;  POP UP COLIGADA DESAPARECER
18-06-2024 06:35:17.143Z;functions.check_movimentacao_bancaria;  CLICK - TOTVS - LINHA RM
18-06-2024 06:35:18.862Z;functions.check_movimentacao_bancaria;  CLICK - BACK OFFICE
18-06-2024 06:35:21.581Z;functions.check_movimentacao_bancaria;  CLICK - GESTAO FINANCEIRA
18-06-2024 06:35:21.581Z;functions.obter_intervalo_data;  VERIFICANDO A HORA ATUAL 6
18-06-2024 06:35:21.606Z;functions.obter_intervalo_data;  Data Inicial PENSAO antes da remoção: None
18-06-2024 06:35:21.606Z;functions.obter_intervalo_data;  Data Final PENSAO antes da remoção: None
18-06-2024 06:35:21.612Z;functions.obter_intervalo_data;  Data Inicial PENSAO após a remoção: None
18-06-2024 06:35:21.612Z;functions.obter_intervalo_data;  Data Final PENSAO após a remoção: None
18-06-2024 06:35:21.612Z;functions.obter_intervalo_data;  hoje -  2024-06-18 06:35:21.612520
18-06-2024 06:35:21.612Z;functions.check_movimentacao_bancaria;  DATA INICIO 19-06-2024
18-06-2024 06:35:21.612Z;functions.check_movimentacao_bancaria;  DATA FIM 25-06-2024
18-06-2024 06:35:21.612Z;functions.movimentacao_bancaria;  AGUARDANDO 1
18-06-2024 06:35:28.018Z;functions.movimentacao_bancaria;  CLICK NA ABA MOVIMENTAÇÃO BANCARIA
18-06-2024 06:35:30.268Z;functions.waitForImage;  IMAGEM BORDERO image found.
18-06-2024 06:35:32.403Z;functions.movimentacao_bancaria;  IMAGEM BORDERO CLICADA.
18-06-2024 06:35:42.847Z;functions.waitForImage;  LICENCAS EXCEDIDAS image not found.
18-06-2024 06:35:45.190Z;functions.waitForImage;  LICENCE SERVER image not found.
18-06-2024 06:35:45.878Z;functions.movimentacao_bancaria;  ENCONTROU O FILTRO DA MOVIMENTAÇÃO BANCÁRIA
18-06-2024 06:35:45.925Z;functions.movimentacao_bancaria;  CLICA NA ABA SUPERIOR DO FILTRO
18-06-2024 06:35:50.135Z;functions.movimentacao_bancaria;  SELECIONA O FILTRO HOJE
18-06-2024 06:35:50.135Z;functions.filter_clean;  FUNÇÃO LIMPA FILTRO
18-06-2024 06:35:54.628Z;functions.waitForImage;  FILTER CLEAN image found.
18-06-2024 06:35:56.746Z;functions.filter_clean;  CLICK NO BOTÃO X DO LIMPA FILTRO
18-06-2024 06:35:56.956Z;functions.waitForImage;  FILTER CLEAN image found.
18-06-2024 06:35:59.090Z;functions.filter_clean;  CLICK NO BOTÃO X DO LIMPA FILTRO
18-06-2024 06:36:14.393Z;functions.waitForImage;  FILTER CLEAN image not found.
18-06-2024 06:36:15.955Z;functions.movimentacao_bancaria;  CLICK NA PRIMEIRA LINHA DA TABELA MOVIMENTAÇÃO BANCÁRIA
18-06-2024 06:36:17.180Z;functions.movimentacao_bancaria;  12 PASSOS PARA DIREITA NA TABELA >>
18-06-2024 06:36:19.440Z;functions.movimentacao_bancaria;  HOVER FILTER
18-06-2024 06:36:20.008Z;functions.movimentacao_bancaria;  CLICK FILTER
18-06-2024 06:36:24.334Z;functions.movimentacao_bancaria;  CLICK NO FILTRO  STATUS DA REMESSA
18-06-2024 06:36:26.437Z;functions.movimentacao_bancaria;  APERTA TAB PARA ESCREVER O FILTRO
18-06-2024 06:36:28.565Z;functions.movimentacao_bancaria;  ESCREVE PENDENTE NO FILTRO
18-06-2024 06:36:30.667Z;functions.movimentacao_bancaria;  APERTA ENTER PARA SELECIONAR OS PENDENTES
18-06-2024 06:36:53.239Z;functions.movimentacao_bancaria;  SEM REGISTROS DE PROCESSO DE BORDERO PENDENTE
18-06-2024 06:36:53.239Z;functions.filter_clean;  FUNÇÃO LIMPA FILTRO
18-06-2024 06:36:53.456Z;functions.waitForImage;  FILTER CLEAN image found.
18-06-2024 06:36:55.590Z;functions.filter_clean;  CLICK NO BOTÃO X DO LIMPA FILTRO
18-06-2024 06:37:10.893Z;functions.waitForImage;  FILTER CLEAN image not found.
18-06-2024 06:37:26.205Z;functions.waitForImage;  FILTER CLEAN image not found.
18-06-2024 06:37:28.112Z;functions.remessa_pagamento;  CLICK NA PRIMEIRA LINHA DA TABELA MOVIMENTAÇÃO BANCÁRIA
18-06-2024 06:37:30.237Z;functions.remessa_pagamento;  HOVER FILTER
18-06-2024 06:37:30.804Z;functions.remessa_pagamento;  CLICK FILTER
18-06-2024 06:37:35.151Z;functions.remessa_pagamento;  CLICK NO FILTRO  STATUS DA REMESSA
18-06-2024 06:37:37.254Z;functions.remessa_pagamento;  APERTA TAB PARA ESCREVER O FILTRO
18-06-2024 06:37:39.372Z;functions.remessa_pagamento;  ESCREVE AUTORIZADO NO FILTRO
18-06-2024 06:37:41.475Z;functions.remessa_pagamento;  APERTA ENTER PARA SELECIONAR OS AUTORIZADOS
18-06-2024 06:38:04.990Z;functions.remessa_pagamento;  SEM REMESSA DE BORDERO AUTORIZADO
18-06-2024 06:38:05.955Z;functions.enter_contas_a_pagar;  CLICK - TOTVS - LINHA RM
18-06-2024 06:38:07.364Z;functions.enter_contas_a_pagar;  CLICK - BACK OFFICE
18-06-2024 06:38:08.299Z;functions.enter_contas_a_pagar;  CLICK - GESTAO FINANCEIRA
18-06-2024 06:38:14.424Z;functions.enter_contas_a_pagar;  CLICK - CONTAS A PAGAR
18-06-2024 06:38:14.565Z;functions.waitForImage;  LANÇAMENTOS image found.
18-06-2024 06:38:16.683Z;functions.enter_contas_a_pagar;  CLICA EM LANÇAMENTOS
18-06-2024 06:38:31.971Z;functions.waitForImage;  LICENCAS EXCEDIDAS image not found.
18-06-2024 06:38:31.971Z;functions.data_filter;  CLICK - SELECIONA A DATA DE QUARTA FEIRA E DA PROXIMA TERÇA
18-06-2024 06:38:31.971Z;functions.data_filter;  QUARTA-FEIRA: 19-06-2024
18-06-2024 06:38:31.971Z;functions.data_filter;  TERCA-FEIRA: 25-06-2024
18-06-2024 06:38:44.237Z;functions.data_filter;  CLICK - BUTÃO DE SELECAO DE FILTRO
18-06-2024 06:38:49.596Z;functions.data_filter;  INSERE - DATA DE QUARTA-FEIRA: 19-06-2024
18-06-2024 06:38:53.940Z;functions.data_filter;  INSERE - DATA DA PROX TERCA-FEIRA: 25-06-2024
18-06-2024 06:38:55.049Z;functions.data_filter;  CLICK - BUTÃO DE EXECUTAR O FILTRO
18-06-2024 06:39:00.054Z;functions.desmark_filter;  AGUARDANDO 1
18-06-2024 06:39:02.396Z;functions.desmark_filter;  CLICK CHECKBOX LANÇAMENTOS A RECEBER
18-06-2024 06:39:05.143Z;functions.desmark_filter;  CLICK CHECKBOX LANÇAMENTOS BAIXADOS
18-06-2024 06:39:07.987Z;functions.desmark_filter;  CLICK CHECKBOX LANÇAMENTOS CANCELADOS
18-06-2024 06:39:10.721Z;functions.desmark_filter;  CLICK CHECKBOX LANÇAMENTOS FATURADOS
18-06-2024 06:39:13.768Z;functions.desmark_filter;  ATUALIZA O FILTRO
18-06-2024 06:39:13.768Z;functions.filter_clean;  FUNÇÃO LIMPA FILTRO
18-06-2024 06:39:13.987Z;functions.waitForImage;  FILTER CLEAN image found.
18-06-2024 06:39:16.100Z;functions.filter_clean;  CLICK NO BOTÃO X DO LIMPA FILTRO
18-06-2024 06:39:31.393Z;functions.waitForImage;  FILTER CLEAN image not found.
18-06-2024 06:39:46.705Z;functions.waitForImage;  FILTER CLEAN image not found.
18-06-2024 06:39:50.174Z;functions.tabela_vazia;  Texto extraido 0/0
18-06-2024 06:39:50.174Z;functions.tabela_vazia;  Count 0
18-06-2024 06:39:50.174Z;functions.tabela_vazia;  Type <class 'int'>
18-06-2024 06:39:52.185Z;functions.tabela_vazia;  SEM REMESSA DE FÉRIAS/RESCISÃO
18-06-2024 06:39:54.186Z;main.<module>;  SEM REMESSA DE PENSÃO
18-06-2024 06:39:57.705Z;errorhandler.__handle;  Property: Unknown Property name. [1:203: -ms-interpolation-mode]
18-06-2024 06:39:57.752Z;errorhandler.__handle;  Property: Unknown Property name. [1:353: -webkit-font-smoothing]
18-06-2024 06:39:57.752Z;errorhandler.__handle;  Property: Unknown Property name. [1:483: -ms-text-size-adjust]
18-06-2024 06:39:57.768Z;errorhandler.__handle;  Property: Unknown Property name. [1:518: -webkit-text-size-adjust]
18-06-2024 06:39:57.768Z;errorhandler.__handle;  Property: Unknown Property name. [1:612: mso-table-lspace]
18-06-2024 06:39:57.768Z;errorhandler.__handle;  Property: Unknown Property name. [1:642: mso-table-rspace]
18-06-2024 06:39:58.002Z;errorhandler.__handle;  Property: Unknown Property name. [1:4734: mso-hide]
18-06-2024 06:39:58.096Z;errorhandler.__handle;  Property: Unknown Property name. [1:13: -ms-interpolation-mode]
18-06-2024 06:39:58.112Z;errorhandler.__handle;  Property: Unknown Property name. [1:49: -webkit-font-smoothing]
18-06-2024 06:39:58.112Z;errorhandler.__handle;  Property: Unknown Property name. [1:134: -ms-text-size-adjust]
18-06-2024 06:39:58.112Z;errorhandler.__handle;  Property: Unknown Property name. [1:160: -webkit-text-size-adjust]
18-06-2024 06:39:58.112Z;errorhandler.__handle;  Property: Unknown Property name. [1:26: mso-table-lspace]
18-06-2024 06:39:58.112Z;errorhandler.__handle;  Property: Unknown Property name. [1:45: mso-table-rspace]
18-06-2024 06:39:58.159Z;errorhandler.__handle;  Property: Unknown Property name. [1:92: mso-hide]
18-06-2024 06:39:58.159Z;errorhandler.__handle;  Property: No ":" after name found: align-center [1:1: align-center]
18-06-2024 06:39:58.159Z;errorhandler.__handle;  Property: No property value found: align-center [1:1: align-center]
18-06-2024 06:39:58.159Z;errorhandler.__handle;  CSSStyleDeclaration: Syntax Error in Property: align-center
18-06-2024 06:39:58.174Z;errorhandler.__handle;  Property: Unknown Property name. [1:14: -ms-interpolation-mode]
18-06-2024 06:40:01.096Z;functions.emailFinalizado;  Warning e-mail sent.
18-06-2024 06:40:01.346Z;functions.encerra_prog;  RM ENCERRADO
