18-06-2024 14:30:33.293Z;functions.bot_text_art;      ____     
18-06-2024 14:30:33.293Z;functions.bot_text_art;     [____]    
18-06-2024 14:30:33.293Z;functions.bot_text_art;   |=]()()[=|  
18-06-2024 14:30:33.293Z;functions.bot_text_art;     _\==/__    _____    ____     _        _____    ___   _  __ 
18-06-2024 14:30:33.293Z;functions.bot_text_art;   |__|   |_|  |  _  \  / ___|   | |      |_   _| / ___| | |/ / 
18-06-2024 14:30:33.293Z;functions.bot_text_art;   |_|_/\_|_|  | |  | | | |      | |        | |   | |    | ' /  
18-06-2024 14:30:33.293Z;functions.bot_text_art;   | | __ | |  | |  | | | |      | |        | |   | |    |  <   
18-06-2024 14:30:33.293Z;functions.bot_text_art;   |_|[  ]|_|  | |__| | | |____  | |____   _| |_  | |__  | . \  
18-06-2024 14:30:33.309Z;functions.bot_text_art;   \_|_||_|_/  |_____/   \_____| |______| |_____| \ ___| |_|\_\ 
18-06-2024 14:30:33.309Z;functions.bot_text_art;     |_||_|    
18-06-2024 14:30:33.309Z;functions.bot_text_art;     | ||_|_   
18-06-2024 14:30:33.309Z;functions.bot_text_art;   |___||___|  
18-06-2024 14:30:33.309Z;functions.bot_text_art;               
18-06-2024 14:30:33.309Z;functions.open_RM;  OPEN PROGRAM RM
18-06-2024 14:30:55.309Z;functions.loggin_RM;  ACHOU O PANE PICTURE
18-06-2024 14:30:56.465Z;functions.loggin_RM;  ENCONTRA USE FIELD
18-06-2024 14:30:56.777Z;functions.loggin_RM;  DUPLO CLICK
18-06-2024 14:31:00.387Z;functions.loggin_RM;  ENTRAR USER_NAME
18-06-2024 14:31:01.684Z;functions.loggin_RM;  ENCONTRA PASS FIELD
18-06-2024 14:31:01.965Z;functions.loggin_RM;  CLICK
18-06-2024 14:31:04.090Z;functions.loggin_RM;  ENTRAR PASSWORD
18-06-2024 14:31:05.528Z;functions.loggin_RM;  ENTRAR RM
18-06-2024 14:32:08.952Z;functions.loggin_RM;  FILTRO NÃO ENCONTRADO DE INICIO
18-06-2024 14:33:12.089Z;functions.loggin_RM;  FILTRO NÃO ENCONTRADO DE INICIO
18-06-2024 14:34:14.788Z;functions.loggin_RM;  FILTRO NÃO ENCONTRADO DE INICIO
18-06-2024 14:34:14.788Z;functions.enter_coligada;  AGUARDANDO 1
18-06-2024 14:34:16.121Z;functions.enter_coligada;  CLICK CONTEXTO
18-06-2024 14:34:19.121Z;functions.enter_coligada;  CLICK ALTERAR MODULO DO CONTEXTO
18-06-2024 14:34:24.137Z;functions.enter_coligada;  INSERE O COLIGADA CODE = 1
18-06-2024 14:34:24.242Z;functions.enter_coligada;  APERTA TAB PARA PREENCHER O CAMPO COM A STRING: OCEANICA ENGENHARIA E CONSULTORIA S.A.
18-06-2024 14:34:27.402Z;functions.enter_coligada;  CLICK AVANÇAR NOVAMENTE
18-06-2024 14:34:29.371Z;functions.enter_coligada;  CLICK CONCLUIR
18-06-2024 14:36:30.215Z;functions.enter_coligada;  POP UP COLIGADA DESAPARECER
18-06-2024 14:36:31.214Z;functions.check_movimentacao_bancaria;  CLICK - TOTVS - LINHA RM
18-06-2024 14:36:46.904Z;functions.show_exception_and_exit;  'NoneType' object has no attribute 'click'
Traceback (most recent call last):
  File "C:\Projetos_Remessas\Remessa_Pensao\main.py", line 15, in <module>
    check_movimentacao_bancaria()
  File "C:\Projetos_Remessas\Remessa_Pensao\SUBPROGRAMS\functions.py", line 1383, in check_movimentacao_bancaria
    back_office.click()
    ^^^^^^^^^^^^^^^^^
AttributeError: 'NoneType' object has no attribute 'click'
18-06-2024 14:36:47.777Z;functions.show_exception_and_exit;  RM FECHADO
18-06-2024 14:36:50.574Z;errorhandler.__handle;  Property: Unknown Property name. [1:203: -ms-interpolation-mode]
18-06-2024 14:36:50.605Z;errorhandler.__handle;  Property: Unknown Property name. [1:353: -webkit-font-smoothing]
18-06-2024 14:36:50.621Z;errorhandler.__handle;  Property: Unknown Property name. [1:483: -ms-text-size-adjust]
18-06-2024 14:36:50.621Z;errorhandler.__handle;  Property: Unknown Property name. [1:518: -webkit-text-size-adjust]
18-06-2024 14:36:50.636Z;errorhandler.__handle;  Property: Unknown Property name. [1:612: mso-table-lspace]
18-06-2024 14:36:50.636Z;errorhandler.__handle;  Property: Unknown Property name. [1:642: mso-table-rspace]
18-06-2024 14:36:50.871Z;errorhandler.__handle;  Property: Unknown Property name. [1:4734: mso-hide]
18-06-2024 14:36:50.964Z;errorhandler.__handle;  Property: Unknown Property name. [1:13: -ms-interpolation-mode]
18-06-2024 14:36:50.980Z;errorhandler.__handle;  Property: Unknown Property name. [1:49: -webkit-font-smoothing]
18-06-2024 14:36:50.980Z;errorhandler.__handle;  Property: Unknown Property name. [1:134: -ms-text-size-adjust]
18-06-2024 14:36:50.980Z;errorhandler.__handle;  Property: Unknown Property name. [1:160: -webkit-text-size-adjust]
18-06-2024 14:36:50.980Z;errorhandler.__handle;  Property: Unknown Property name. [1:26: mso-table-lspace]
18-06-2024 14:36:50.980Z;errorhandler.__handle;  Property: Unknown Property name. [1:45: mso-table-rspace]
18-06-2024 14:36:51.027Z;errorhandler.__handle;  Property: Unknown Property name. [1:92: mso-hide]
18-06-2024 14:36:51.027Z;errorhandler.__handle;  Property: No ":" after name found: align-center [1:1: align-center]
18-06-2024 14:36:51.027Z;errorhandler.__handle;  Property: No property value found: align-center [1:1: align-center]
18-06-2024 14:36:51.027Z;errorhandler.__handle;  CSSStyleDeclaration: Syntax Error in Property: align-center
18-06-2024 14:36:51.043Z;errorhandler.__handle;  Property: Unknown Property name. [1:14: -ms-interpolation-mode]
18-06-2024 14:36:56.903Z;functions.show_exception_and_exit;  EMAIL EXCEÇÃO ENVIADO
18-06-2024 14:36:56.903Z;functions.show_exception_and_exit;  ERRO - <class 'AttributeError'> / 'NoneType' object has no attribute 'click'
