26-06-2024 12:32:16.074Z;functions.bot_text_art;      ____     
26-06-2024 12:32:16.074Z;functions.bot_text_art;     [____]    
26-06-2024 12:32:16.074Z;functions.bot_text_art;   |=]()()[=|  
26-06-2024 12:32:16.074Z;functions.bot_text_art;     _\==/__    _____    ____     _        _____    ___   _  __ 
26-06-2024 12:32:16.074Z;functions.bot_text_art;   |__|   |_|  |  _  \  / ___|   | |      |_   _| / ___| | |/ / 
26-06-2024 12:32:16.074Z;functions.bot_text_art;   |_|_/\_|_|  | |  | | | |      | |        | |   | |    | ' /  
26-06-2024 12:32:16.074Z;functions.bot_text_art;   | | __ | |  | |  | | | |      | |        | |   | |    |  <   
26-06-2024 12:32:16.074Z;functions.bot_text_art;   |_|[  ]|_|  | |__| | | |____  | |____   _| |_  | |__  | . \  
26-06-2024 12:32:16.090Z;functions.bot_text_art;   \_|_||_|_/  |_____/   \_____| |______| |_____| \ ___| |_|\_\ 
26-06-2024 12:32:16.090Z;functions.bot_text_art;     |_||_|    
26-06-2024 12:32:16.090Z;functions.bot_text_art;     | ||_|_   
26-06-2024 12:32:16.090Z;functions.bot_text_art;   |___||___|  
26-06-2024 12:32:16.090Z;functions.bot_text_art;               
26-06-2024 12:32:16.106Z;functions.open_RM;  OPEN PROGRAM RM
26-06-2024 12:32:30.465Z;functions.loggin_RM;  ACHOU O PANE PICTURE
26-06-2024 12:32:31.700Z;functions.loggin_RM;  ENCONTRA USE FIELD
26-06-2024 12:32:32.059Z;functions.loggin_RM;  DUPLO CLICK
26-06-2024 12:32:35.668Z;functions.loggin_RM;  ENTRAR USER_NAME
26-06-2024 12:32:37.090Z;functions.loggin_RM;  ENCONTRA PASS FIELD
26-06-2024 12:32:37.372Z;functions.loggin_RM;  CLICK
26-06-2024 12:32:39.497Z;functions.loggin_RM;  ENTRAR PASSWORD
26-06-2024 12:32:40.965Z;functions.loggin_RM;  ENTRAR RM
26-06-2024 12:33:42.766Z;functions.loggin_RM;  FILTRO NÃO ENCONTRADO DE INICIO
26-06-2024 12:34:43.668Z;functions.loggin_RM;  FILTRO NÃO ENCONTRADO DE INICIO
26-06-2024 12:35:46.324Z;functions.loggin_RM;  FILTRO NÃO ENCONTRADO DE INICIO
26-06-2024 12:35:46.324Z;functions.enter_coligada;  AGUARDANDO 1
26-06-2024 12:35:47.655Z;functions.enter_coligada;  CLICK CONTEXTO
26-06-2024 12:35:50.527Z;functions.enter_coligada;  CLICK ALTERAR MODULO DO CONTEXTO
26-06-2024 12:35:54.667Z;functions.enter_coligada;  INSERE O COLIGADA CODE = 1
26-06-2024 12:35:54.772Z;functions.enter_coligada;  APERTA TAB PARA PREENCHER O CAMPO COM A STRING: OCEANICA ENGENHARIA E CONSULTORIA S.A.
26-06-2024 12:35:56.558Z;functions.enter_coligada;  CLICK AVANÇAR NOVAMENTE
26-06-2024 12:35:57.902Z;functions.enter_coligada;  CLICK CONCLUIR
26-06-2024 12:36:18.183Z;functions.waitForImage;  TROCA COLIGADA image not found.
26-06-2024 12:36:41.386Z;functions.enter_coligada;  POP UP COLIGADA DESAPARECER
26-06-2024 12:36:42.402Z;functions.check_movimentacao_bancaria;  CLICK - TOTVS - LINHA RM
26-06-2024 12:36:44.339Z;functions.check_movimentacao_bancaria;  CLICK - BACK OFFICE
26-06-2024 12:36:47.121Z;functions.check_movimentacao_bancaria;  CLICK - GESTAO FINANCEIRA
26-06-2024 12:36:47.121Z;functions.obter_intervalo_data;  VERIFICANDO A HORA ATUAL 12
26-06-2024 12:36:47.146Z;functions.obter_intervalo_data;  Data Inicial PENSAO antes da remoção: None
26-06-2024 12:36:47.146Z;functions.obter_intervalo_data;  Data Final PENSAO antes da remoção: None
26-06-2024 12:36:47.152Z;functions.obter_intervalo_data;  Data Inicial PENSAO após a remoção: None
26-06-2024 12:36:47.152Z;functions.obter_intervalo_data;  Data Final PENSAO após a remoção: None
26-06-2024 12:36:47.152Z;functions.obter_intervalo_data;  hoje -  2024-06-26 12:36:47.152326
26-06-2024 12:36:47.152Z;functions.check_movimentacao_bancaria;  DATA INICIO 03-07-2024
26-06-2024 12:36:47.152Z;functions.check_movimentacao_bancaria;  DATA FIM 09-07-2024
26-06-2024 12:36:47.152Z;functions.movimentacao_bancaria;  AGUARDANDO 1
26-06-2024 12:36:53.183Z;functions.movimentacao_bancaria;  CLICK NA ABA MOVIMENTAÇÃO BANCARIA
26-06-2024 12:36:55.433Z;functions.waitForImage;  IMAGEM BORDERO image found.
26-06-2024 12:36:57.567Z;functions.movimentacao_bancaria;  IMAGEM BORDERO CLICADA.
26-06-2024 12:37:07.855Z;functions.waitForImage;  LICENCAS EXCEDIDAS image not found.
26-06-2024 12:37:10.292Z;functions.waitForImage;  LICENCE SERVER image not found.
26-06-2024 12:37:11.027Z;functions.movimentacao_bancaria;  ENCONTROU O FILTRO DA MOVIMENTAÇÃO BANCÁRIA
26-06-2024 12:37:11.089Z;functions.movimentacao_bancaria;  CLICA NA ABA SUPERIOR DO FILTRO
26-06-2024 12:37:15.300Z;functions.movimentacao_bancaria;  SELECIONA O FILTRO HOJE
26-06-2024 12:37:15.300Z;functions.filter_clean;  FUNÇÃO LIMPA FILTRO
26-06-2024 12:37:20.511Z;functions.waitForImage;  FILTER CLEAN image found.
26-06-2024 12:37:22.630Z;functions.filter_clean;  CLICK NO BOTÃO X DO LIMPA FILTRO
26-06-2024 12:37:22.792Z;functions.waitForImage;  FILTER CLEAN image found.
26-06-2024 12:37:24.909Z;functions.filter_clean;  CLICK NO BOTÃO X DO LIMPA FILTRO
26-06-2024 12:37:40.120Z;functions.waitForImage;  FILTER CLEAN image not found.
26-06-2024 12:37:41.870Z;functions.movimentacao_bancaria;  CLICK NA PRIMEIRA LINHA DA TABELA MOVIMENTAÇÃO BANCÁRIA
26-06-2024 12:37:43.097Z;functions.movimentacao_bancaria;  12 PASSOS PARA DIREITA NA TABELA >>
26-06-2024 12:37:45.354Z;functions.movimentacao_bancaria;  HOVER FILTER
26-06-2024 12:37:45.950Z;functions.movimentacao_bancaria;  CLICK FILTER
26-06-2024 12:37:50.278Z;functions.movimentacao_bancaria;  CLICK NO FILTRO  STATUS DA REMESSA
26-06-2024 12:37:52.381Z;functions.movimentacao_bancaria;  APERTA TAB PARA ESCREVER O FILTRO
26-06-2024 12:37:54.495Z;functions.movimentacao_bancaria;  ESCREVE PENDENTE NO FILTRO
26-06-2024 12:37:56.598Z;functions.movimentacao_bancaria;  APERTA ENTER PARA SELECIONAR OS PENDENTES
26-06-2024 12:38:16.324Z;functions.movimentacao_bancaria;  SEM REGISTROS DE PROCESSO DE BORDERO PENDENTE
26-06-2024 12:38:16.324Z;functions.filter_clean;  FUNÇÃO LIMPA FILTRO
26-06-2024 12:38:16.526Z;functions.waitForImage;  FILTER CLEAN image found.
26-06-2024 12:38:18.662Z;functions.filter_clean;  CLICK NO BOTÃO X DO LIMPA FILTRO
26-06-2024 12:38:33.964Z;functions.waitForImage;  FILTER CLEAN image not found.
26-06-2024 12:38:49.276Z;functions.waitForImage;  FILTER CLEAN image not found.
26-06-2024 12:38:51.276Z;functions.remessa_pagamento;  CLICK NA PRIMEIRA LINHA DA TABELA MOVIMENTAÇÃO BANCÁRIA
26-06-2024 12:38:53.605Z;functions.remessa_pagamento;  HOVER FILTER
26-06-2024 12:38:54.200Z;functions.remessa_pagamento;  CLICK FILTER
26-06-2024 12:38:58.535Z;functions.remessa_pagamento;  CLICK NO FILTRO  STATUS DA REMESSA
26-06-2024 12:39:00.638Z;functions.remessa_pagamento;  APERTA TAB PARA ESCREVER O FILTRO
26-06-2024 12:39:02.759Z;functions.remessa_pagamento;  ESCREVE AUTORIZADO NO FILTRO
26-06-2024 12:39:04.862Z;functions.remessa_pagamento;  APERTA ENTER PARA SELECIONAR OS AUTORIZADOS
26-06-2024 12:39:25.792Z;functions.remessa_pagamento;  SEM REMESSA DE BORDERO AUTORIZADO
26-06-2024 12:39:26.839Z;functions.enter_contas_a_pagar;  CLICK - TOTVS - LINHA RM
26-06-2024 12:39:28.464Z;functions.enter_contas_a_pagar;  CLICK - BACK OFFICE
26-06-2024 12:39:31.245Z;functions.enter_contas_a_pagar;  CLICK - GESTAO FINANCEIRA
26-06-2024 12:39:37.308Z;functions.enter_contas_a_pagar;  CLICK - CONTAS A PAGAR
26-06-2024 12:39:38.167Z;functions.waitForImage;  LANÇAMENTOS image found.
26-06-2024 12:39:40.285Z;functions.enter_contas_a_pagar;  CLICA EM LANÇAMENTOS
26-06-2024 12:39:55.698Z;functions.waitForImage;  LICENCAS EXCEDIDAS image not found.
26-06-2024 12:39:55.698Z;functions.data_filter;  CLICK - SELECIONA A DATA DE QUARTA FEIRA E DA PROXIMA TERÇA
26-06-2024 12:39:55.698Z;functions.data_filter;  QUARTA-FEIRA: 03-07-2024
26-06-2024 12:39:55.698Z;functions.data_filter;  TERCA-FEIRA: 09-07-2024
26-06-2024 12:40:08.151Z;functions.data_filter;  CLICK - BUTÃO DE SELECAO DE FILTRO
26-06-2024 12:40:12.979Z;functions.data_filter;  INSERE - DATA DE QUARTA-FEIRA: 03-07-2024
26-06-2024 12:40:17.476Z;functions.data_filter;  INSERE - DATA DA PROX TERCA-FEIRA: 09-07-2024
26-06-2024 12:40:18.651Z;functions.data_filter;  CLICK - BUTÃO DE EXECUTAR O FILTRO
26-06-2024 12:40:23.655Z;functions.desmark_filter;  AGUARDANDO 1
26-06-2024 12:40:26.245Z;functions.desmark_filter;  CLICK CHECKBOX LANÇAMENTOS A RECEBER
26-06-2024 12:40:29.526Z;functions.desmark_filter;  CLICK CHECKBOX LANÇAMENTOS BAIXADOS
26-06-2024 12:40:32.276Z;functions.desmark_filter;  CLICK CHECKBOX LANÇAMENTOS CANCELADOS
26-06-2024 12:40:35.426Z;functions.desmark_filter;  CLICK CHECKBOX LANÇAMENTOS FATURADOS
26-06-2024 12:40:38.870Z;functions.desmark_filter;  ATUALIZA O FILTRO
26-06-2024 12:40:38.885Z;functions.filter_clean;  FUNÇÃO LIMPA FILTRO
26-06-2024 12:40:39.073Z;functions.waitForImage;  FILTER CLEAN image found.
26-06-2024 12:40:41.184Z;functions.filter_clean;  CLICK NO BOTÃO X DO LIMPA FILTRO
26-06-2024 12:40:56.417Z;functions.waitForImage;  FILTER CLEAN image not found.
26-06-2024 12:41:11.510Z;functions.waitForImage;  FILTER CLEAN image not found.
26-06-2024 12:41:15.416Z;functions.tabela_vazia;  Texto extraido 0/0
26-06-2024 12:41:15.416Z;functions.tabela_vazia;  Count 0
26-06-2024 12:41:15.416Z;functions.tabela_vazia;  Type <class 'int'>
26-06-2024 12:41:17.427Z;functions.tabela_vazia;  SEM REMESSA DE FÉRIAS/RESCISÃO
26-06-2024 12:41:19.428Z;main.<module>;  SEM REMESSA DE PENSÃO
26-06-2024 12:41:22.543Z;errorhandler.__handle;  Property: Unknown Property name. [1:203: -ms-interpolation-mode]
26-06-2024 12:41:22.585Z;errorhandler.__handle;  Property: Unknown Property name. [1:353: -webkit-font-smoothing]
26-06-2024 12:41:22.589Z;errorhandler.__handle;  Property: Unknown Property name. [1:483: -ms-text-size-adjust]
26-06-2024 12:41:22.599Z;errorhandler.__handle;  Property: Unknown Property name. [1:518: -webkit-text-size-adjust]
26-06-2024 12:41:22.602Z;errorhandler.__handle;  Property: Unknown Property name. [1:612: mso-table-lspace]
26-06-2024 12:41:22.603Z;errorhandler.__handle;  Property: Unknown Property name. [1:642: mso-table-rspace]
26-06-2024 12:41:22.838Z;errorhandler.__handle;  Property: Unknown Property name. [1:4734: mso-hide]
26-06-2024 12:41:22.932Z;errorhandler.__handle;  Property: Unknown Property name. [1:13: -ms-interpolation-mode]
26-06-2024 12:41:22.932Z;errorhandler.__handle;  Property: Unknown Property name. [1:49: -webkit-font-smoothing]
26-06-2024 12:41:22.948Z;errorhandler.__handle;  Property: Unknown Property name. [1:134: -ms-text-size-adjust]
26-06-2024 12:41:22.948Z;errorhandler.__handle;  Property: Unknown Property name. [1:160: -webkit-text-size-adjust]
26-06-2024 12:41:22.948Z;errorhandler.__handle;  Property: Unknown Property name. [1:26: mso-table-lspace]
26-06-2024 12:41:22.948Z;errorhandler.__handle;  Property: Unknown Property name. [1:45: mso-table-rspace]
26-06-2024 12:41:22.995Z;errorhandler.__handle;  Property: Unknown Property name. [1:92: mso-hide]
26-06-2024 12:41:22.995Z;errorhandler.__handle;  Property: No ":" after name found: align-center [1:1: align-center]
26-06-2024 12:41:22.995Z;errorhandler.__handle;  Property: No property value found: align-center [1:1: align-center]
26-06-2024 12:41:22.995Z;errorhandler.__handle;  CSSStyleDeclaration: Syntax Error in Property: align-center
26-06-2024 12:41:23.010Z;errorhandler.__handle;  Property: Unknown Property name. [1:14: -ms-interpolation-mode]
26-06-2024 12:41:25.432Z;functions.emailFinalizado;  Warning e-mail sent.
26-06-2024 12:41:25.713Z;functions.encerra_prog;  RM ENCERRADO
