14-05-2024 06:30:20.161Z;functions.bot_text_art;      ____     
14-05-2024 06:30:20.161Z;functions.bot_text_art;     [____]    
14-05-2024 06:30:20.161Z;functions.bot_text_art;   |=]()()[=|  
14-05-2024 06:30:20.161Z;functions.bot_text_art;     _\==/__    _____    ____     _        _____    ___   _  __ 
14-05-2024 06:30:20.161Z;functions.bot_text_art;   |__|   |_|  |  _  \  / ___|   | |      |_   _| / ___| | |/ / 
14-05-2024 06:30:20.161Z;functions.bot_text_art;   |_|_/\_|_|  | |  | | | |      | |        | |   | |    | ' /  
14-05-2024 06:30:20.161Z;functions.bot_text_art;   | | __ | |  | |  | | | |      | |        | |   | |    |  <   
14-05-2024 06:30:20.161Z;functions.bot_text_art;   |_|[  ]|_|  | |__| | | |____  | |____   _| |_  | |__  | . \  
14-05-2024 06:30:20.161Z;functions.bot_text_art;   \_|_||_|_/  |_____/   \_____| |______| |_____| \ ___| |_|\_\ 
14-05-2024 06:30:20.161Z;functions.bot_text_art;     |_||_|    
14-05-2024 06:30:20.161Z;functions.bot_text_art;     | ||_|_   
14-05-2024 06:30:20.161Z;functions.bot_text_art;   |___||___|  
14-05-2024 06:30:20.161Z;functions.bot_text_art;               
14-05-2024 06:30:20.161Z;functions.open_RM;  OPEN PROGRAM RM
14-05-2024 06:30:25.396Z;functions.loggin_RM;  ACHOU O PANE PICTURE
14-05-2024 06:30:26.021Z;functions.loggin_RM;  ENCONTRA USE FIELD
14-05-2024 06:30:26.099Z;functions.loggin_RM;  DUPLO CLICK
14-05-2024 06:30:29.067Z;functions.loggin_RM;  ENTRAR USER_NAME
14-05-2024 06:30:29.708Z;functions.loggin_RM;  ENCONTRA PASS FIELD
14-05-2024 06:30:29.787Z;functions.loggin_RM;  CLICK
14-05-2024 06:30:31.896Z;functions.loggin_RM;  ENTRAR PASSWORD
14-05-2024 06:30:32.583Z;functions.loggin_RM;  ENTRAR RM
14-05-2024 06:30:51.720Z;functions.enter_coligada;  CLICK CONTEXTO
14-05-2024 06:30:55.632Z;functions.enter_coligada;  CLICK ALTERAR MODULO DO CONTEXTO
14-05-2024 06:30:57.966Z;functions.enter_coligada;  INSERE O COLIGADA CODE = 1
14-05-2024 06:30:58.067Z;functions.enter_coligada;  APERTA TAB PARA PREENCHER O CAMPO COM A STRING: OCEANICA ENGENHARIA E CONSULTORIA S.A.
14-05-2024 06:30:58.927Z;functions.enter_coligada;  CLICK AVANÇAR NOVAMENTE
14-05-2024 06:30:59.752Z;functions.enter_coligada;  CLICK CONCLUIR
14-05-2024 06:31:09.713Z;functions.enter_coligada;  POP UP COLIGADA DESAPARECER
14-05-2024 06:31:10.334Z;functions.check_movimentacao_bancaria;  CLICK - TOTVS - LINHA RM
14-05-2024 06:31:11.412Z;functions.check_movimentacao_bancaria;  CLICK - BACK OFFICE
14-05-2024 06:31:13.708Z;functions.check_movimentacao_bancaria;  CLICK - GESTAO FINANCEIRA
14-05-2024 06:31:16.272Z;functions.movimentacao_bancaria;  CLICK NA ABA MOVIMENTAÇÃO BANCARIA
14-05-2024 06:31:18.382Z;functions.waitForImage;  IMAGEM BORDERO image found.
14-05-2024 06:31:20.503Z;functions.movimentacao_bancaria;  IMAGEM BORDERO CLICADA.
14-05-2024 06:31:30.962Z;functions.waitForImage;  LICENCAS EXCEDIDAS image not found.
14-05-2024 06:31:33.460Z;functions.waitForImage;  LICENCE SERVER image not found.
14-05-2024 06:31:34.246Z;functions.movimentacao_bancaria;  ENCONTROU O FILTRO DA MOVIMENTAÇÃO BANCÁRIA
14-05-2024 06:31:34.262Z;functions.movimentacao_bancaria;  CLICA NA ABA SUPERIOR DO FILTRO
14-05-2024 06:31:38.466Z;functions.movimentacao_bancaria;  SELECIONA O FILTRO HOJE
14-05-2024 06:31:38.466Z;functions.filter_clean;  FUNÇÃO LIMPA FILTRO
14-05-2024 06:31:40.369Z;functions.waitForImage;  FILTER CLEAN image found.
14-05-2024 06:31:42.500Z;functions.filter_clean;  CLICK NO BOTÃO X DO LIMPA FILTRO
14-05-2024 06:31:57.524Z;functions.waitForImage;  FILTER CLEAN image not found.
14-05-2024 06:32:13.113Z;functions.waitForImage;  FILTER CLEAN image not found.
14-05-2024 06:32:31.053Z;functions.movimentacao_bancaria;  SEM REGISTROS DE PROCESSO DE BORDERO PENDENTE
14-05-2024 06:32:31.053Z;functions.filter_clean;  FUNÇÃO LIMPA FILTRO
14-05-2024 06:32:46.591Z;functions.waitForImage;  FILTER CLEAN image not found.
14-05-2024 06:33:01.711Z;functions.waitForImage;  FILTER CLEAN image not found.
14-05-2024 06:33:17.299Z;functions.waitForImage;  FILTER CLEAN image not found.
14-05-2024 06:33:49.146Z;functions.remessa_pagamento;  SEM PROCESSO DE BORDERO AUTORIZADO
14-05-2024 06:33:51.218Z;errorhandler.__handle;  Property: Unknown Property name. [1:203: -ms-interpolation-mode]
14-05-2024 06:33:51.227Z;errorhandler.__handle;  Property: Unknown Property name. [1:353: -webkit-font-smoothing]
14-05-2024 06:33:51.230Z;errorhandler.__handle;  Property: Unknown Property name. [1:483: -ms-text-size-adjust]
14-05-2024 06:33:51.230Z;errorhandler.__handle;  Property: Unknown Property name. [1:518: -webkit-text-size-adjust]
14-05-2024 06:33:51.231Z;errorhandler.__handle;  Property: Unknown Property name. [1:612: mso-table-lspace]
14-05-2024 06:33:51.231Z;errorhandler.__handle;  Property: Unknown Property name. [1:642: mso-table-rspace]
14-05-2024 06:33:51.271Z;errorhandler.__handle;  Property: Unknown Property name. [1:4734: mso-hide]
14-05-2024 06:33:51.302Z;errorhandler.__handle;  Property: Unknown Property name. [1:13: -ms-interpolation-mode]
14-05-2024 06:33:51.302Z;errorhandler.__handle;  Property: Unknown Property name. [1:49: -webkit-font-smoothing]
14-05-2024 06:33:51.302Z;errorhandler.__handle;  Property: Unknown Property name. [1:134: -ms-text-size-adjust]
14-05-2024 06:33:51.302Z;errorhandler.__handle;  Property: Unknown Property name. [1:160: -webkit-text-size-adjust]
14-05-2024 06:33:51.302Z;errorhandler.__handle;  Property: Unknown Property name. [1:26: mso-table-lspace]
14-05-2024 06:33:51.302Z;errorhandler.__handle;  Property: Unknown Property name. [1:45: mso-table-rspace]
14-05-2024 06:33:51.302Z;errorhandler.__handle;  Property: Unknown Property name. [1:92: mso-hide]
14-05-2024 06:33:51.318Z;errorhandler.__handle;  Property: No ":" after name found: align-center [1:1: align-center]
14-05-2024 06:33:51.318Z;errorhandler.__handle;  Property: No property value found: align-center [1:1: align-center]
14-05-2024 06:33:51.318Z;errorhandler.__handle;  CSSStyleDeclaration: Syntax Error in Property: align-center
14-05-2024 06:33:51.318Z;errorhandler.__handle;  Property: Unknown Property name. [1:14: -ms-interpolation-mode]
14-05-2024 06:33:53.755Z;functions.emailFinalizado;  Warning e-mail sent.
14-05-2024 06:33:53.838Z;functions.encerra_prog;  RM ENCERRADO
