27-04-2024 14:30:17.786Z;functions.bot_text_art;      ____     
27-04-2024 14:30:17.786Z;functions.bot_text_art;     [____]    
27-04-2024 14:30:17.786Z;functions.bot_text_art;   |=]()()[=|  
27-04-2024 14:30:17.786Z;functions.bot_text_art;     _\==/__    _____    ____     _        _____    ___   _  __ 
27-04-2024 14:30:17.786Z;functions.bot_text_art;   |__|   |_|  |  _  \  / ___|   | |      |_   _| / ___| | |/ / 
27-04-2024 14:30:17.786Z;functions.bot_text_art;   |_|_/\_|_|  | |  | | | |      | |        | |   | |    | ' /  
27-04-2024 14:30:17.786Z;functions.bot_text_art;   | | __ | |  | |  | | | |      | |        | |   | |    |  <   
27-04-2024 14:30:17.786Z;functions.bot_text_art;   |_|[  ]|_|  | |__| | | |____  | |____   _| |_  | |__  | . \  
27-04-2024 14:30:17.786Z;functions.bot_text_art;   \_|_||_|_/  |_____/   \_____| |______| |_____| \ ___| |_|\_\ 
27-04-2024 14:30:17.786Z;functions.bot_text_art;     |_||_|    
27-04-2024 14:30:17.786Z;functions.bot_text_art;     | ||_|_   
27-04-2024 14:30:17.786Z;functions.bot_text_art;   |___||___|  
27-04-2024 14:30:17.786Z;functions.bot_text_art;               
27-04-2024 14:30:17.802Z;functions.open_RM;  OPEN PROGRAM RM
27-04-2024 14:30:23.442Z;functions.loggin_RM;  ACHOU O PANE PICTURE
27-04-2024 14:30:24.068Z;functions.loggin_RM;  ENCONTRA USE FIELD
27-04-2024 14:30:24.146Z;functions.loggin_RM;  DUPLO CLICK
27-04-2024 14:30:27.114Z;functions.loggin_RM;  ENTRAR USER_NAME
27-04-2024 14:30:27.754Z;functions.loggin_RM;  ENCONTRA PASS FIELD
27-04-2024 14:30:27.832Z;functions.loggin_RM;  CLICK
27-04-2024 14:30:29.942Z;functions.loggin_RM;  ENTRAR PASSWORD
27-04-2024 14:30:30.614Z;functions.loggin_RM;  ENTRAR RM
27-04-2024 14:30:50.005Z;functions.enter_coligada;  CLICK CONTEXTO
27-04-2024 14:30:53.865Z;functions.enter_coligada;  CLICK ALTERAR MODULO DO CONTEXTO
27-04-2024 14:30:56.175Z;functions.enter_coligada;  INSERE O COLIGADA CODE = 1
27-04-2024 14:30:56.276Z;functions.enter_coligada;  APERTA TAB PARA PREENCHER O CAMPO COM A STRING: OCEANICA ENGENHARIA E CONSULTORIA S.A.
27-04-2024 14:30:57.145Z;functions.enter_coligada;  CLICK AVANÇAR NOVAMENTE
27-04-2024 14:30:57.959Z;functions.enter_coligada;  CLICK CONCLUIR
27-04-2024 14:31:07.246Z;functions.enter_coligada;  POP UP COLIGADA DESAPARECER
27-04-2024 14:31:07.864Z;functions.check_movimentacao_bancaria;  CLICK - TOTVS - LINHA RM
27-04-2024 14:31:08.880Z;functions.check_movimentacao_bancaria;  CLICK - BACK OFFICE
27-04-2024 14:31:11.161Z;functions.check_movimentacao_bancaria;  CLICK - GESTAO FINANCEIRA
27-04-2024 14:31:13.755Z;functions.movimentacao_bancaria;  CLICK NA ABA MOVIMENTAÇÃO BANCARIA
27-04-2024 14:31:15.866Z;functions.waitForImage;  IMAGEM BORDERO image found.
27-04-2024 14:31:17.982Z;functions.movimentacao_bancaria;  IMAGEM BORDERO CLICADA.
27-04-2024 14:31:28.395Z;functions.waitForImage;  LICENCAS EXCEDIDAS image not found.
27-04-2024 14:31:30.860Z;functions.waitForImage;  LICENCE SERVER image not found.
27-04-2024 14:31:31.422Z;functions.movimentacao_bancaria;  ENCONTROU O FILTRO DA MOVIMENTAÇÃO BANCÁRIA
27-04-2024 14:31:31.438Z;functions.movimentacao_bancaria;  CLICA NA ABA SUPERIOR DO FILTRO
27-04-2024 14:31:35.643Z;functions.movimentacao_bancaria;  SELECIONA O FILTRO HOJE
27-04-2024 14:31:35.643Z;functions.filter_clean;  FUNÇÃO LIMPA FILTRO
27-04-2024 14:31:37.536Z;functions.waitForImage;  FILTER CLEAN image found.
27-04-2024 14:31:39.662Z;functions.filter_clean;  CLICK NO BOTÃO X DO LIMPA FILTRO
27-04-2024 14:31:55.191Z;functions.waitForImage;  FILTER CLEAN image not found.
27-04-2024 14:32:10.768Z;functions.waitForImage;  FILTER CLEAN image not found.
27-04-2024 14:32:11.537Z;functions.movimentacao_bancaria;  CLICK NA PRIMEIRA LINHA DA TABELA MOVIMENTAÇÃO BANCÁRIA
27-04-2024 14:32:12.747Z;functions.movimentacao_bancaria;  12 PASSOS PARA DIREITA NA TABELA >>
27-04-2024 14:32:14.005Z;functions.movimentacao_bancaria;  HOVER FILTER
27-04-2024 14:32:14.368Z;functions.movimentacao_bancaria;  CLICK FILTER
27-04-2024 14:32:18.677Z;functions.movimentacao_bancaria;  CLICK NO FILTRO  STATUS DA REMESSA
27-04-2024 14:32:20.778Z;functions.movimentacao_bancaria;  APERTA TAB PARA ESCREVER O FILTRO
27-04-2024 14:32:22.883Z;functions.movimentacao_bancaria;  ESCREVE PENDENTE NO FILTRO
27-04-2024 14:32:24.985Z;functions.movimentacao_bancaria;  APERTA ENTER PARA SELECIONAR OS PENDENTES
27-04-2024 14:32:44.903Z;functions.movimentacao_bancaria;  SEM REGISTROS DE PROCESSO DE BORDERO PENDENTE
27-04-2024 14:32:44.903Z;functions.filter_clean;  FUNÇÃO LIMPA FILTRO
27-04-2024 14:32:44.997Z;functions.waitForImage;  FILTER CLEAN image found.
27-04-2024 14:32:47.115Z;functions.filter_clean;  CLICK NO BOTÃO X DO LIMPA FILTRO
27-04-2024 14:33:02.671Z;functions.waitForImage;  FILTER CLEAN image not found.
27-04-2024 14:33:18.223Z;functions.waitForImage;  FILTER CLEAN image not found.
27-04-2024 14:33:19.020Z;functions.remessa_pagamento;  CLICK NA PRIMEIRA LINHA DA TABELA MOVIMENTAÇÃO BANCÁRIA
27-04-2024 14:33:20.254Z;functions.remessa_pagamento;  HOVER FILTER
27-04-2024 14:33:20.542Z;functions.remessa_pagamento;  CLICK FILTER
27-04-2024 14:33:24.853Z;functions.remessa_pagamento;  CLICK NO FILTRO  STATUS DA REMESSA
27-04-2024 14:33:26.955Z;functions.remessa_pagamento;  APERTA TAB PARA ESCREVER O FILTRO
27-04-2024 14:33:29.062Z;functions.remessa_pagamento;  ESCREVE AUTORIZADO NO FILTRO
27-04-2024 14:33:31.164Z;functions.remessa_pagamento;  APERTA ENTER PARA SELECIONAR OS AUTORIZADOS
27-04-2024 14:33:52.067Z;functions.remessa_pagamento;  SEM REMESSA DE BORDERO AUTORIZADO
27-04-2024 14:33:52.676Z;functions.enter_contas_a_pagar;  CLICK - TOTVS - LINHA RM
27-04-2024 14:33:53.614Z;functions.enter_contas_a_pagar;  CLICK - BACK OFFICE
27-04-2024 14:33:54.291Z;functions.enter_contas_a_pagar;  CLICK - GESTAO FINANCEIRA
27-04-2024 14:33:59.376Z;functions.enter_contas_a_pagar;  CLICK - CONTAS A PAGAR
27-04-2024 14:33:59.473Z;functions.waitForImage;  LANÇAMENTOS image found.
27-04-2024 14:34:01.604Z;functions.enter_contas_a_pagar;  CLICA EM LANÇAMENTOS
27-04-2024 14:34:16.894Z;functions.waitForImage;  LICENCAS EXCEDIDAS image not found.
27-04-2024 14:34:16.894Z;functions.obter_intervalo_data;  VERIFICANDO A HORA ATUAL 14
27-04-2024 14:34:16.894Z;functions.obter_intervalo_data;  Data Inicial PENSAO antes da remoção: None
27-04-2024 14:34:16.894Z;functions.obter_intervalo_data;  Data Final PENSAO antes da remoção: None
27-04-2024 14:34:16.894Z;functions.obter_intervalo_data;  Data Inicial PENSAO após a remoção: None
27-04-2024 14:34:16.894Z;functions.obter_intervalo_data;  Data Final PENSAO após a remoção: None
27-04-2024 14:34:16.894Z;functions.obter_intervalo_data;  hoje -  2024-04-27 14:34:16.894951
27-04-2024 14:34:16.894Z;functions.data_filter;  DATA INICIO 01-05-2024
27-04-2024 14:34:16.894Z;functions.data_filter;  DATA FIM 07-05-2024
27-04-2024 14:34:16.894Z;functions.data_filter;  CLICK - SELECIONA A DATA DE QUARTA FEIRA E DA PROXIMA TERÇA
27-04-2024 14:34:16.894Z;functions.data_filter;  QUARTA-FEIRA: 01-05-2024
27-04-2024 14:34:16.894Z;functions.data_filter;  TERCA-FEIRA: 07-05-2024
27-04-2024 14:34:27.886Z;functions.data_filter;  CLICK - BUTÃO DE SELECAO DE FILTRO
27-04-2024 14:34:31.614Z;functions.data_filter;  INSERE - DATA DE QUARTA-FEIRA: 01-05-2024
27-04-2024 14:34:35.083Z;functions.data_filter;  INSERE - DATA DA PROX TERCA-FEIRA: 07-05-2024
27-04-2024 14:34:35.942Z;functions.data_filter;  CLICK - BUTÃO DE EXECUTAR O FILTRO
27-04-2024 14:34:41.724Z;functions.desmark_filter;  CLICK CHECKBOX LANÇAMENTOS A RECEBER
27-04-2024 14:34:42.504Z;functions.desmark_filter;  CLICK CHECKBOX LANÇAMENTOS BAIXADOS
27-04-2024 14:34:43.338Z;functions.desmark_filter;  CLICK CHECKBOX LANÇAMENTOS CANCELADOS
27-04-2024 14:34:44.193Z;functions.desmark_filter;  CLICK CHECKBOX LANÇAMENTOS FATURADOS
27-04-2024 14:34:45.067Z;functions.desmark_filter;  ATUALIZA O FILTRO
27-04-2024 14:34:45.067Z;functions.filter_clean;  FUNÇÃO LIMPA FILTRO
27-04-2024 14:34:45.190Z;functions.waitForImage;  FILTER CLEAN image found.
27-04-2024 14:34:47.321Z;functions.filter_clean;  CLICK NO BOTÃO X DO LIMPA FILTRO
27-04-2024 14:35:02.911Z;functions.waitForImage;  FILTER CLEAN image not found.
27-04-2024 14:35:17.912Z;functions.waitForImage;  FILTER CLEAN image not found.
27-04-2024 14:35:18.832Z;functions.tabela_vazia;  Texto extraido 0/0
27-04-2024 14:35:18.832Z;functions.tabela_vazia;  Count 0
27-04-2024 14:35:18.832Z;functions.tabela_vazia;  Type <class 'int'>
27-04-2024 14:35:20.842Z;functions.tabela_vazia;  SEM REMESSA DE FÉRIAS/RESCISÃO
27-04-2024 14:35:22.843Z;main.<module>;  SEM REMESSA DE PENSÃO
27-04-2024 14:35:25.180Z;errorhandler.__handle;  Property: Unknown Property name. [1:203: -ms-interpolation-mode]
27-04-2024 14:35:25.180Z;errorhandler.__handle;  Property: Unknown Property name. [1:353: -webkit-font-smoothing]
27-04-2024 14:35:25.196Z;errorhandler.__handle;  Property: Unknown Property name. [1:483: -ms-text-size-adjust]
27-04-2024 14:35:25.196Z;errorhandler.__handle;  Property: Unknown Property name. [1:518: -webkit-text-size-adjust]
27-04-2024 14:35:25.196Z;errorhandler.__handle;  Property: Unknown Property name. [1:612: mso-table-lspace]
27-04-2024 14:35:25.196Z;errorhandler.__handle;  Property: Unknown Property name. [1:642: mso-table-rspace]
27-04-2024 14:35:25.243Z;errorhandler.__handle;  Property: Unknown Property name. [1:4734: mso-hide]
27-04-2024 14:35:25.259Z;errorhandler.__handle;  Property: Unknown Property name. [1:13: -ms-interpolation-mode]
27-04-2024 14:35:25.259Z;errorhandler.__handle;  Property: Unknown Property name. [1:49: -webkit-font-smoothing]
27-04-2024 14:35:25.259Z;errorhandler.__handle;  Property: Unknown Property name. [1:134: -ms-text-size-adjust]
27-04-2024 14:35:25.259Z;errorhandler.__handle;  Property: Unknown Property name. [1:160: -webkit-text-size-adjust]
27-04-2024 14:35:25.259Z;errorhandler.__handle;  Property: Unknown Property name. [1:26: mso-table-lspace]
27-04-2024 14:35:25.259Z;errorhandler.__handle;  Property: Unknown Property name. [1:45: mso-table-rspace]
27-04-2024 14:35:25.274Z;errorhandler.__handle;  Property: Unknown Property name. [1:92: mso-hide]
27-04-2024 14:35:25.274Z;errorhandler.__handle;  Property: No ":" after name found: align-center [1:1: align-center]
27-04-2024 14:35:25.274Z;errorhandler.__handle;  Property: No property value found: align-center [1:1: align-center]
27-04-2024 14:35:25.274Z;errorhandler.__handle;  CSSStyleDeclaration: Syntax Error in Property: align-center
27-04-2024 14:35:25.274Z;errorhandler.__handle;  Property: Unknown Property name. [1:14: -ms-interpolation-mode]
27-04-2024 14:35:27.629Z;functions.emailFinalizado;  Warning e-mail sent.
27-04-2024 14:35:27.721Z;functions.encerra_prog;  RM ENCERRADO
