27-04-2024 20:30:19.413Z;functions.bot_text_art;      ____     
27-04-2024 20:30:19.413Z;functions.bot_text_art;     [____]    
27-04-2024 20:30:19.413Z;functions.bot_text_art;   |=]()()[=|  
27-04-2024 20:30:19.413Z;functions.bot_text_art;     _\==/__    _____    ____     _        _____    ___   _  __ 
27-04-2024 20:30:19.413Z;functions.bot_text_art;   |__|   |_|  |  _  \  / ___|   | |      |_   _| / ___| | |/ / 
27-04-2024 20:30:19.413Z;functions.bot_text_art;   |_|_/\_|_|  | |  | | | |      | |        | |   | |    | ' /  
27-04-2024 20:30:19.413Z;functions.bot_text_art;   | | __ | |  | |  | | | |      | |        | |   | |    |  <   
27-04-2024 20:30:19.413Z;functions.bot_text_art;   |_|[  ]|_|  | |__| | | |____  | |____   _| |_  | |__  | . \  
27-04-2024 20:30:19.413Z;functions.bot_text_art;   \_|_||_|_/  |_____/   \_____| |______| |_____| \ ___| |_|\_\ 
27-04-2024 20:30:19.413Z;functions.bot_text_art;     |_||_|    
27-04-2024 20:30:19.413Z;functions.bot_text_art;     | ||_|_   
27-04-2024 20:30:19.413Z;functions.bot_text_art;   |___||___|  
27-04-2024 20:30:19.413Z;functions.bot_text_art;               
27-04-2024 20:30:19.647Z;functions.open_RM;  OPEN PROGRAM RM
27-04-2024 20:30:26.882Z;functions.loggin_RM;  ACHOU O PANE PICTURE
27-04-2024 20:30:27.491Z;functions.loggin_RM;  ENCONTRA USE FIELD
27-04-2024 20:30:27.586Z;functions.loggin_RM;  DUPLO CLICK
27-04-2024 20:30:30.541Z;functions.loggin_RM;  ENTRAR USER_NAME
27-04-2024 20:30:31.180Z;functions.loggin_RM;  ENCONTRA PASS FIELD
27-04-2024 20:30:31.242Z;functions.loggin_RM;  CLICK
27-04-2024 20:30:33.351Z;functions.loggin_RM;  ENTRAR PASSWORD
27-04-2024 20:30:34.022Z;functions.loggin_RM;  ENTRAR RM
27-04-2024 20:30:59.403Z;functions.enter_coligada;  CLICK CONTEXTO
27-04-2024 20:31:03.290Z;functions.enter_coligada;  CLICK ALTERAR MODULO DO CONTEXTO
27-04-2024 20:31:05.518Z;functions.enter_coligada;  INSERE O COLIGADA CODE = 1
27-04-2024 20:31:05.620Z;functions.enter_coligada;  APERTA TAB PARA PREENCHER O CAMPO COM A STRING: OCEANICA ENGENHARIA E CONSULTORIA S.A.
27-04-2024 20:31:06.693Z;functions.enter_coligada;  CLICK AVANÇAR NOVAMENTE
27-04-2024 20:31:07.503Z;functions.enter_coligada;  CLICK CONCLUIR
27-04-2024 20:31:16.505Z;functions.enter_coligada;  POP UP COLIGADA DESAPARECER
27-04-2024 20:31:17.100Z;functions.check_movimentacao_bancaria;  CLICK - TOTVS - LINHA RM
27-04-2024 20:31:18.116Z;functions.check_movimentacao_bancaria;  CLICK - BACK OFFICE
27-04-2024 20:31:20.382Z;functions.check_movimentacao_bancaria;  CLICK - GESTAO FINANCEIRA
27-04-2024 20:31:22.694Z;functions.movimentacao_bancaria;  CLICK NA ABA MOVIMENTAÇÃO BANCARIA
27-04-2024 20:31:24.805Z;functions.waitForImage;  IMAGEM BORDERO image found.
27-04-2024 20:31:26.925Z;functions.movimentacao_bancaria;  IMAGEM BORDERO CLICADA.
27-04-2024 20:31:37.320Z;functions.waitForImage;  LICENCAS EXCEDIDAS image not found.
27-04-2024 20:31:39.788Z;functions.waitForImage;  LICENCE SERVER image not found.
27-04-2024 20:31:40.585Z;functions.movimentacao_bancaria;  ENCONTROU O FILTRO DA MOVIMENTAÇÃO BANCÁRIA
27-04-2024 20:31:40.600Z;functions.movimentacao_bancaria;  CLICA NA ABA SUPERIOR DO FILTRO
27-04-2024 20:31:44.804Z;functions.movimentacao_bancaria;  SELECIONA O FILTRO HOJE
27-04-2024 20:31:44.804Z;functions.filter_clean;  FUNÇÃO LIMPA FILTRO
27-04-2024 20:31:46.718Z;functions.waitForImage;  FILTER CLEAN image found.
27-04-2024 20:31:48.836Z;functions.filter_clean;  CLICK NO BOTÃO X DO LIMPA FILTRO
27-04-2024 20:32:04.406Z;functions.waitForImage;  FILTER CLEAN image not found.
27-04-2024 20:32:20.014Z;functions.waitForImage;  FILTER CLEAN image not found.
27-04-2024 20:32:20.773Z;functions.movimentacao_bancaria;  CLICK NA PRIMEIRA LINHA DA TABELA MOVIMENTAÇÃO BANCÁRIA
27-04-2024 20:32:21.984Z;functions.movimentacao_bancaria;  12 PASSOS PARA DIREITA NA TABELA >>
27-04-2024 20:32:23.210Z;functions.movimentacao_bancaria;  HOVER FILTER
27-04-2024 20:32:23.555Z;functions.movimentacao_bancaria;  CLICK FILTER
27-04-2024 20:32:27.863Z;functions.movimentacao_bancaria;  CLICK NO FILTRO  STATUS DA REMESSA
27-04-2024 20:32:29.965Z;functions.movimentacao_bancaria;  APERTA TAB PARA ESCREVER O FILTRO
27-04-2024 20:32:32.070Z;functions.movimentacao_bancaria;  ESCREVE PENDENTE NO FILTRO
27-04-2024 20:32:34.172Z;functions.movimentacao_bancaria;  APERTA ENTER PARA SELECIONAR OS PENDENTES
27-04-2024 20:32:54.061Z;functions.movimentacao_bancaria;  SEM REGISTROS DE PROCESSO DE BORDERO PENDENTE
27-04-2024 20:32:54.061Z;functions.filter_clean;  FUNÇÃO LIMPA FILTRO
27-04-2024 20:32:54.155Z;functions.waitForImage;  FILTER CLEAN image found.
27-04-2024 20:32:56.274Z;functions.filter_clean;  CLICK NO BOTÃO X DO LIMPA FILTRO
27-04-2024 20:33:11.833Z;functions.waitForImage;  FILTER CLEAN image not found.
27-04-2024 20:33:27.378Z;functions.waitForImage;  FILTER CLEAN image not found.
27-04-2024 20:33:28.194Z;functions.remessa_pagamento;  CLICK NA PRIMEIRA LINHA DA TABELA MOVIMENTAÇÃO BANCÁRIA
27-04-2024 20:33:29.428Z;functions.remessa_pagamento;  HOVER FILTER
27-04-2024 20:33:29.710Z;functions.remessa_pagamento;  CLICK FILTER
27-04-2024 20:33:34.022Z;functions.remessa_pagamento;  CLICK NO FILTRO  STATUS DA REMESSA
27-04-2024 20:33:36.123Z;functions.remessa_pagamento;  APERTA TAB PARA ESCREVER O FILTRO
27-04-2024 20:33:38.230Z;functions.remessa_pagamento;  ESCREVE AUTORIZADO NO FILTRO
27-04-2024 20:33:40.331Z;functions.remessa_pagamento;  APERTA ENTER PARA SELECIONAR OS AUTORIZADOS
27-04-2024 20:34:01.272Z;functions.remessa_pagamento;  SEM REMESSA DE BORDERO AUTORIZADO
27-04-2024 20:34:01.882Z;functions.enter_contas_a_pagar;  CLICK - TOTVS - LINHA RM
27-04-2024 20:34:02.834Z;functions.enter_contas_a_pagar;  CLICK - BACK OFFICE
27-04-2024 20:34:03.495Z;functions.enter_contas_a_pagar;  CLICK - GESTAO FINANCEIRA
27-04-2024 20:34:08.148Z;functions.enter_contas_a_pagar;  CLICK - CONTAS A PAGAR
27-04-2024 20:34:08.268Z;functions.waitForImage;  LANÇAMENTOS image found.
27-04-2024 20:34:10.397Z;functions.enter_contas_a_pagar;  CLICA EM LANÇAMENTOS
27-04-2024 20:34:25.766Z;functions.waitForImage;  LICENCAS EXCEDIDAS image not found.
27-04-2024 20:34:25.766Z;functions.obter_intervalo_data;  VERIFICANDO A HORA ATUAL 20
27-04-2024 20:34:25.766Z;functions.obter_intervalo_data;  Data Inicial PENSAO antes da remoção: None
27-04-2024 20:34:25.766Z;functions.obter_intervalo_data;  Data Final PENSAO antes da remoção: None
27-04-2024 20:34:25.766Z;functions.obter_intervalo_data;  Data Inicial PENSAO após a remoção: None
27-04-2024 20:34:25.766Z;functions.obter_intervalo_data;  Data Final PENSAO após a remoção: None
27-04-2024 20:34:25.766Z;functions.obter_intervalo_data;  hoje -  2024-04-27 20:34:25.766990
27-04-2024 20:34:25.766Z;functions.data_filter;  DATA INICIO 01-05-2024
27-04-2024 20:34:25.766Z;functions.data_filter;  DATA FIM 07-05-2024
27-04-2024 20:34:25.766Z;functions.data_filter;  CLICK - SELECIONA A DATA DE QUARTA FEIRA E DA PROXIMA TERÇA
27-04-2024 20:34:25.766Z;functions.data_filter;  QUARTA-FEIRA: 01-05-2024
27-04-2024 20:34:25.766Z;functions.data_filter;  TERCA-FEIRA: 07-05-2024
27-04-2024 20:34:36.803Z;functions.data_filter;  CLICK - BUTÃO DE SELECAO DE FILTRO
27-04-2024 20:34:40.518Z;functions.data_filter;  INSERE - DATA DE QUARTA-FEIRA: 01-05-2024
27-04-2024 20:34:44.022Z;functions.data_filter;  INSERE - DATA DA PROX TERCA-FEIRA: 07-05-2024
27-04-2024 20:34:44.632Z;functions.data_filter;  CLICK - BUTÃO DE EXECUTAR O FILTRO
27-04-2024 20:34:50.399Z;functions.desmark_filter;  CLICK CHECKBOX LANÇAMENTOS A RECEBER
27-04-2024 20:34:51.194Z;functions.desmark_filter;  CLICK CHECKBOX LANÇAMENTOS BAIXADOS
27-04-2024 20:34:52.006Z;functions.desmark_filter;  CLICK CHECKBOX LANÇAMENTOS CANCELADOS
27-04-2024 20:34:52.866Z;functions.desmark_filter;  CLICK CHECKBOX LANÇAMENTOS FATURADOS
27-04-2024 20:34:53.741Z;functions.desmark_filter;  ATUALIZA O FILTRO
27-04-2024 20:34:53.741Z;functions.filter_clean;  FUNÇÃO LIMPA FILTRO
27-04-2024 20:34:53.844Z;functions.waitForImage;  FILTER CLEAN image found.
27-04-2024 20:34:55.975Z;functions.filter_clean;  CLICK NO BOTÃO X DO LIMPA FILTRO
27-04-2024 20:35:11.483Z;functions.waitForImage;  FILTER CLEAN image not found.
27-04-2024 20:35:27.016Z;functions.waitForImage;  FILTER CLEAN image not found.
27-04-2024 20:35:27.990Z;functions.tabela_vazia;  Texto extraido 0/0
27-04-2024 20:35:27.990Z;functions.tabela_vazia;  Count 0
27-04-2024 20:35:27.990Z;functions.tabela_vazia;  Type <class 'int'>
27-04-2024 20:35:30.004Z;functions.tabela_vazia;  SEM REMESSA DE FÉRIAS/RESCISÃO
27-04-2024 20:35:32.004Z;main.<module>;  SEM REMESSA DE PENSÃO
27-04-2024 20:35:33.507Z;errorhandler.__handle;  Property: Unknown Property name. [1:203: -ms-interpolation-mode]
27-04-2024 20:35:33.507Z;errorhandler.__handle;  Property: Unknown Property name. [1:353: -webkit-font-smoothing]
27-04-2024 20:35:33.507Z;errorhandler.__handle;  Property: Unknown Property name. [1:483: -ms-text-size-adjust]
27-04-2024 20:35:33.507Z;errorhandler.__handle;  Property: Unknown Property name. [1:518: -webkit-text-size-adjust]
27-04-2024 20:35:33.507Z;errorhandler.__handle;  Property: Unknown Property name. [1:612: mso-table-lspace]
27-04-2024 20:35:33.507Z;errorhandler.__handle;  Property: Unknown Property name. [1:642: mso-table-rspace]
27-04-2024 20:35:33.569Z;errorhandler.__handle;  Property: Unknown Property name. [1:4734: mso-hide]
27-04-2024 20:35:33.585Z;errorhandler.__handle;  Property: Unknown Property name. [1:13: -ms-interpolation-mode]
27-04-2024 20:35:33.585Z;errorhandler.__handle;  Property: Unknown Property name. [1:49: -webkit-font-smoothing]
27-04-2024 20:35:33.585Z;errorhandler.__handle;  Property: Unknown Property name. [1:134: -ms-text-size-adjust]
27-04-2024 20:35:33.585Z;errorhandler.__handle;  Property: Unknown Property name. [1:160: -webkit-text-size-adjust]
27-04-2024 20:35:33.585Z;errorhandler.__handle;  Property: Unknown Property name. [1:26: mso-table-lspace]
27-04-2024 20:35:33.585Z;errorhandler.__handle;  Property: Unknown Property name. [1:45: mso-table-rspace]
27-04-2024 20:35:33.600Z;errorhandler.__handle;  Property: Unknown Property name. [1:92: mso-hide]
27-04-2024 20:35:33.600Z;errorhandler.__handle;  Property: No ":" after name found: align-center [1:1: align-center]
27-04-2024 20:35:33.600Z;errorhandler.__handle;  Property: No property value found: align-center [1:1: align-center]
27-04-2024 20:35:33.600Z;errorhandler.__handle;  CSSStyleDeclaration: Syntax Error in Property: align-center
27-04-2024 20:35:33.600Z;errorhandler.__handle;  Property: Unknown Property name. [1:14: -ms-interpolation-mode]
27-04-2024 20:35:36.038Z;functions.emailFinalizado;  Warning e-mail sent.
27-04-2024 20:35:36.118Z;functions.encerra_prog;  RM ENCERRADO
