22-03-2024 14:30:24.509Z;functions.bot_text_art;      ____     
22-03-2024 14:30:24.509Z;functions.bot_text_art;     [____]    
22-03-2024 14:30:24.509Z;functions.bot_text_art;   |=]()()[=|  
22-03-2024 14:30:24.524Z;functions.bot_text_art;     _\==/__    _____    ____     _        _____    ___   _  __ 
22-03-2024 14:30:24.524Z;functions.bot_text_art;   |__|   |_|  |  _  \  / ___|   | |      |_   _| / ___| | |/ / 
22-03-2024 14:30:24.524Z;functions.bot_text_art;   |_|_/\_|_|  | |  | | | |      | |        | |   | |    | ' /  
22-03-2024 14:30:24.524Z;functions.bot_text_art;   | | __ | |  | |  | | | |      | |        | |   | |    |  <   
22-03-2024 14:30:24.524Z;functions.bot_text_art;   |_|[  ]|_|  | |__| | | |____  | |____   _| |_  | |__  | . \  
22-03-2024 14:30:24.524Z;functions.bot_text_art;   \_|_||_|_/  |_____/   \_____| |______| |_____| \ ___| |_|\_\ 
22-03-2024 14:30:24.524Z;functions.bot_text_art;     |_||_|    
22-03-2024 14:30:24.524Z;functions.bot_text_art;     | ||_|_   
22-03-2024 14:30:24.524Z;functions.bot_text_art;   |___||___|  
22-03-2024 14:30:24.524Z;functions.bot_text_art;               
22-03-2024 14:30:24.540Z;functions.open_RM;  OPEN PROGRAM RM
22-03-2024 14:30:38.155Z;functions.loggin_RM;  ACHOU O PANE PICTURE
22-03-2024 14:30:39.317Z;functions.loggin_RM;  ENCONTRA USE FIELD
22-03-2024 14:30:39.771Z;functions.loggin_RM;  DUPLO CLICK
22-03-2024 14:30:43.459Z;functions.loggin_RM;  ENTRAR USER_NAME
22-03-2024 14:30:44.694Z;functions.loggin_RM;  ENCONTRA PASS FIELD
22-03-2024 14:30:45.068Z;functions.loggin_RM;  CLICK
22-03-2024 14:30:47.191Z;functions.loggin_RM;  ENTRAR PASSWORD
22-03-2024 14:30:49.225Z;functions.loggin_RM;  ENTRAR RM
