11-06-2024 10:34:16.113Z;functions.bot_text_art;      ____     
11-06-2024 10:34:16.113Z;functions.bot_text_art;     [____]    
11-06-2024 10:34:16.113Z;functions.bot_text_art;   |=]()()[=|  
11-06-2024 10:34:16.128Z;functions.bot_text_art;     _\==/__    _____    ____     _        _____    ___   _  __ 
11-06-2024 10:34:16.128Z;functions.bot_text_art;   |__|   |_|  |  _  \  / ___|   | |      |_   _| / ___| | |/ / 
11-06-2024 10:34:16.128Z;functions.bot_text_art;   |_|_/\_|_|  | |  | | | |      | |        | |   | |    | ' /  
11-06-2024 10:34:16.128Z;functions.bot_text_art;   | | __ | |  | |  | | | |      | |        | |   | |    |  <   
11-06-2024 10:34:16.128Z;functions.bot_text_art;   |_|[  ]|_|  | |__| | | |____  | |____   _| |_  | |__  | . \  
11-06-2024 10:34:16.128Z;functions.bot_text_art;   \_|_||_|_/  |_____/   \_____| |______| |_____| \ ___| |_|\_\ 
11-06-2024 10:34:16.128Z;functions.bot_text_art;     |_||_|    
11-06-2024 10:34:16.144Z;functions.bot_text_art;     | ||_|_   
11-06-2024 10:34:16.144Z;functions.bot_text_art;   |___||___|  
11-06-2024 10:34:16.144Z;functions.bot_text_art;               
11-06-2024 10:34:16.160Z;functions.open_RM;  OPEN PROGRAM RM
11-06-2024 10:34:30.710Z;functions.loggin_RM;  ACHOU O PANE PICTURE
11-06-2024 10:34:31.867Z;functions.loggin_RM;  ENCONTRA USE FIELD
11-06-2024 10:34:32.195Z;functions.loggin_RM;  DUPLO CLICK
11-06-2024 10:34:35.770Z;functions.loggin_RM;  ENTRAR USER_NAME
11-06-2024 10:34:37.051Z;functions.loggin_RM;  ENCONTRA PASS FIELD
11-06-2024 10:34:37.410Z;functions.loggin_RM;  CLICK
11-06-2024 10:34:39.521Z;functions.loggin_RM;  ENTRAR PASSWORD
11-06-2024 10:34:40.990Z;functions.loggin_RM;  ENTRAR RM
11-06-2024 10:35:44.616Z;functions.loggin_RM;  FILTRO NÃO ENCONTRADO DE INICIO
11-06-2024 10:36:47.581Z;functions.loggin_RM;  FILTRO NÃO ENCONTRADO DE INICIO
11-06-2024 10:37:50.523Z;functions.loggin_RM;  FILTRO NÃO ENCONTRADO DE INICIO
11-06-2024 10:37:50.523Z;functions.enter_coligada;  AGUARDANDO 1
11-06-2024 10:37:51.830Z;functions.enter_coligada;  CLICK CONTEXTO
11-06-2024 10:37:54.660Z;functions.enter_coligada;  CLICK ALTERAR MODULO DO CONTEXTO
11-06-2024 10:37:58.583Z;functions.enter_coligada;  INSERE O COLIGADA CODE = 1
11-06-2024 10:37:58.748Z;functions.enter_coligada;  APERTA TAB PARA PREENCHER O CAMPO COM A STRING: OCEANICA ENGENHARIA E CONSULTORIA S.A.
11-06-2024 10:38:00.634Z;functions.enter_coligada;  CLICK AVANÇAR NOVAMENTE
11-06-2024 10:38:01.942Z;functions.enter_coligada;  CLICK CONCLUIR
11-06-2024 10:38:18.959Z;functions.enter_coligada;  POP UP COLIGADA DESAPARECER
