11-06-2024 11:52:35.642Z;functions.bot_text_art;      ____     
11-06-2024 11:52:35.642Z;functions.bot_text_art;     [____]    
11-06-2024 11:52:35.642Z;functions.bot_text_art;   |=]()()[=|  
11-06-2024 11:52:35.642Z;functions.bot_text_art;     _\==/__    _____    ____     _        _____    ___   _  __ 
11-06-2024 11:52:35.642Z;functions.bot_text_art;   |__|   |_|  |  _  \  / ___|   | |      |_   _| / ___| | |/ / 
11-06-2024 11:52:35.642Z;functions.bot_text_art;   |_|_/\_|_|  | |  | | | |      | |        | |   | |    | ' /  
11-06-2024 11:52:35.642Z;functions.bot_text_art;   | | __ | |  | |  | | | |      | |        | |   | |    |  <   
11-06-2024 11:52:35.642Z;functions.bot_text_art;   |_|[  ]|_|  | |__| | | |____  | |____   _| |_  | |__  | . \  
11-06-2024 11:52:35.642Z;functions.bot_text_art;   \_|_||_|_/  |_____/   \_____| |______| |_____| \ ___| |_|\_\ 
11-06-2024 11:52:35.642Z;functions.bot_text_art;     |_||_|    
11-06-2024 11:52:35.642Z;functions.bot_text_art;     | ||_|_   
11-06-2024 11:52:35.642Z;functions.bot_text_art;   |___||___|  
11-06-2024 11:52:35.642Z;functions.bot_text_art;               
11-06-2024 11:52:35.954Z;functions.open_RM;  OPEN PROGRAM RM
11-06-2024 11:53:07.063Z;functions.loggin_RM;  ACHOU O PANE PICTURE
11-06-2024 11:53:08.220Z;functions.loggin_RM;  ENCONTRA USE FIELD
11-06-2024 11:53:08.610Z;functions.loggin_RM;  DUPLO CLICK
11-06-2024 11:53:12.064Z;functions.loggin_RM;  ENTRAR USER_NAME
11-06-2024 11:53:13.157Z;functions.loggin_RM;  ENCONTRA PASS FIELD
11-06-2024 11:53:13.329Z;functions.loggin_RM;  CLICK
11-06-2024 11:53:15.456Z;functions.loggin_RM;  ENTRAR PASSWORD
11-06-2024 11:53:16.767Z;functions.loggin_RM;  ENTRAR RM
11-06-2024 11:54:19.563Z;functions.loggin_RM;  FILTRO NÃO ENCONTRADO DE INICIO
11-06-2024 11:55:22.079Z;functions.loggin_RM;  FILTRO NÃO ENCONTRADO DE INICIO
11-06-2024 11:56:24.685Z;functions.loggin_RM;  FILTRO NÃO ENCONTRADO DE INICIO
11-06-2024 11:56:24.685Z;functions.enter_coligada;  AGUARDANDO 1
11-06-2024 11:56:26.207Z;functions.enter_coligada;  CLICK CONTEXTO
11-06-2024 11:56:29.204Z;functions.enter_coligada;  CLICK ALTERAR MODULO DO CONTEXTO
11-06-2024 11:56:34.219Z;functions.enter_coligada;  INSERE O COLIGADA CODE = 1
11-06-2024 11:56:34.326Z;functions.enter_coligada;  APERTA TAB PARA PREENCHER O CAMPO COM A STRING: OCEANICA ENGENHARIA E CONSULTORIA S.A.
11-06-2024 11:56:36.672Z;functions.enter_coligada;  CLICK AVANÇAR NOVAMENTE
11-06-2024 11:56:38.203Z;functions.enter_coligada;  CLICK CONCLUIR
11-06-2024 11:57:59.513Z;functions.enter_coligada;  POP UP COLIGADA DESAPARECER
11-06-2024 11:58:00.453Z;functions.check_movimentacao_bancaria;  CLICK - TOTVS - LINHA RM
11-06-2024 11:58:02.172Z;functions.check_movimentacao_bancaria;  CLICK - BACK OFFICE
11-06-2024 11:58:05.110Z;functions.check_movimentacao_bancaria;  CLICK - GESTAO FINANCEIRA
11-06-2024 11:58:05.110Z;functions.obter_intervalo_data;  VERIFICANDO A HORA ATUAL 11
11-06-2024 11:58:05.235Z;functions.obter_intervalo_data;  Data Inicial PENSAO antes da remoção: None
11-06-2024 11:58:05.235Z;functions.obter_intervalo_data;  Data Final PENSAO antes da remoção: None
11-06-2024 11:58:05.235Z;functions.obter_intervalo_data;  Data Inicial PENSAO após a remoção: None
11-06-2024 11:58:05.235Z;functions.obter_intervalo_data;  Data Final PENSAO após a remoção: None
11-06-2024 11:58:05.235Z;functions.obter_intervalo_data;  hoje -  2024-06-11 11:58:05.235400
11-06-2024 11:58:05.251Z;functions.check_movimentacao_bancaria;  DATA INICIO 12-06-2024
11-06-2024 11:58:05.251Z;functions.check_movimentacao_bancaria;  DATA FIM 18-06-2024
11-06-2024 11:58:05.251Z;functions.movimentacao_bancaria;  AGUARDANDO 1
11-06-2024 11:58:11.485Z;functions.movimentacao_bancaria;  CLICK NA ABA MOVIMENTAÇÃO BANCARIA
11-06-2024 11:58:14.610Z;functions.waitForImage;  IMAGEM BORDERO image found.
11-06-2024 11:58:16.743Z;functions.movimentacao_bancaria;  IMAGEM BORDERO CLICADA.
11-06-2024 11:58:20.000Z;functions.waitForImage;  LICENCAS EXCEDIDAS image found.
11-06-2024 11:58:22.532Z;functions.waitForImage;  LICENCE SERVER image not found.
11-06-2024 11:58:22.532Z;functions.movimentacao_bancaria;  LICENCAS EXCEDIDAS
11-06-2024 11:58:22.532Z;functions.movimentacao_bancaria;  TENTANDO NOVAMENTE - 1
11-06-2024 11:58:33.876Z;functions.waitForImage;  IMAGEM BORDERO image found.
11-06-2024 11:58:35.992Z;functions.movimentacao_bancaria;  IMAGEM BORDERO CLICADA.
11-06-2024 11:58:36.938Z;functions.waitForImage;  LICENCAS EXCEDIDAS image found.
11-06-2024 11:58:39.375Z;functions.waitForImage;  LICENCE SERVER image not found.
11-06-2024 11:58:39.375Z;functions.movimentacao_bancaria;  LICENCAS EXCEDIDAS
11-06-2024 11:58:39.375Z;functions.movimentacao_bancaria;  TENTANDO NOVAMENTE - 2
11-06-2024 11:58:50.736Z;functions.waitForImage;  IMAGEM BORDERO image found.
11-06-2024 11:58:52.868Z;functions.movimentacao_bancaria;  IMAGEM BORDERO CLICADA.
11-06-2024 11:58:53.813Z;functions.waitForImage;  LICENCAS EXCEDIDAS image found.
11-06-2024 11:58:56.203Z;functions.waitForImage;  LICENCE SERVER image not found.
11-06-2024 11:58:56.203Z;functions.movimentacao_bancaria;  LICENCAS EXCEDIDAS
11-06-2024 11:58:56.203Z;functions.movimentacao_bancaria;  TENTANDO NOVAMENTE - 3
11-06-2024 11:59:07.563Z;functions.waitForImage;  IMAGEM BORDERO image found.
11-06-2024 11:59:09.680Z;functions.movimentacao_bancaria;  IMAGEM BORDERO CLICADA.
11-06-2024 11:59:10.633Z;functions.waitForImage;  LICENCAS EXCEDIDAS image found.
11-06-2024 11:59:13.032Z;functions.waitForImage;  LICENCE SERVER image not found.
11-06-2024 11:59:13.032Z;functions.movimentacao_bancaria;  LICENCAS EXCEDIDAS
11-06-2024 11:59:13.032Z;functions.movimentacao_bancaria;  TENTANDO NOVAMENTE - 4
11-06-2024 11:59:24.376Z;functions.waitForImage;  IMAGEM BORDERO image found.
11-06-2024 11:59:26.492Z;functions.movimentacao_bancaria;  IMAGEM BORDERO CLICADA.
11-06-2024 11:59:27.438Z;functions.waitForImage;  LICENCAS EXCEDIDAS image found.
11-06-2024 11:59:29.844Z;functions.waitForImage;  LICENCE SERVER image not found.
11-06-2024 11:59:29.844Z;functions.movimentacao_bancaria;  LICENCAS EXCEDIDAS
11-06-2024 11:59:29.844Z;functions.movimentacao_bancaria;  TENTANDO NOVAMENTE - 5
11-06-2024 11:59:41.188Z;functions.waitForImage;  IMAGEM BORDERO image found.
11-06-2024 11:59:43.305Z;functions.movimentacao_bancaria;  IMAGEM BORDERO CLICADA.
11-06-2024 11:59:44.251Z;functions.waitForImage;  LICENCAS EXCEDIDAS image found.
11-06-2024 11:59:46.657Z;functions.waitForImage;  LICENCE SERVER image not found.
11-06-2024 11:59:46.657Z;functions.movimentacao_bancaria;  LICENCAS EXCEDIDAS
11-06-2024 11:59:46.657Z;functions.movimentacao_bancaria;  TENTANDO NOVAMENTE - 6
11-06-2024 11:59:58.001Z;functions.waitForImage;  IMAGEM BORDERO image found.
11-06-2024 12:00:00.119Z;functions.movimentacao_bancaria;  IMAGEM BORDERO CLICADA.
11-06-2024 12:00:10.391Z;functions.waitForImage;  LICENCAS EXCEDIDAS image not found.
11-06-2024 12:00:12.719Z;functions.waitForImage;  LICENCE SERVER image not found.
11-06-2024 12:00:13.704Z;functions.movimentacao_bancaria;  ENCONTROU O FILTRO DA MOVIMENTAÇÃO BANCÁRIA
11-06-2024 12:00:13.766Z;functions.movimentacao_bancaria;  CLICA NA ABA SUPERIOR DO FILTRO
11-06-2024 12:00:17.977Z;functions.movimentacao_bancaria;  SELECIONA O FILTRO HOJE
11-06-2024 12:00:17.977Z;functions.filter_clean;  FUNÇÃO LIMPA FILTRO
11-06-2024 12:00:25.391Z;functions.waitForImage;  FILTER CLEAN image found.
11-06-2024 12:00:27.524Z;functions.filter_clean;  CLICK NO BOTÃO X DO LIMPA FILTRO
11-06-2024 12:00:27.735Z;functions.waitForImage;  FILTER CLEAN image found.
11-06-2024 12:00:29.867Z;functions.filter_clean;  CLICK NO BOTÃO X DO LIMPA FILTRO
11-06-2024 12:00:45.172Z;functions.waitForImage;  FILTER CLEAN image not found.
11-06-2024 12:00:47.360Z;functions.movimentacao_bancaria;  CLICK NA PRIMEIRA LINHA DA TABELA MOVIMENTAÇÃO BANCÁRIA
11-06-2024 12:00:48.581Z;functions.movimentacao_bancaria;  12 PASSOS PARA DIREITA NA TABELA >>
11-06-2024 12:00:50.969Z;functions.movimentacao_bancaria;  HOVER FILTER
11-06-2024 12:00:51.531Z;functions.movimentacao_bancaria;  CLICK FILTER
11-06-2024 12:00:55.856Z;functions.movimentacao_bancaria;  CLICK NO FILTRO  STATUS DA REMESSA
11-06-2024 12:00:57.959Z;functions.movimentacao_bancaria;  APERTA TAB PARA ESCREVER O FILTRO
11-06-2024 12:01:00.073Z;functions.movimentacao_bancaria;  ESCREVE PENDENTE NO FILTRO
11-06-2024 12:01:02.175Z;functions.movimentacao_bancaria;  APERTA ENTER PARA SELECIONAR OS PENDENTES
11-06-2024 12:01:24.717Z;functions.movimentacao_bancaria;  SEM REGISTROS DE PROCESSO DE BORDERO PENDENTE
11-06-2024 12:01:24.717Z;functions.filter_clean;  FUNÇÃO LIMPA FILTRO
11-06-2024 12:01:24.922Z;functions.waitForImage;  FILTER CLEAN image found.
11-06-2024 12:01:27.057Z;functions.filter_clean;  CLICK NO BOTÃO X DO LIMPA FILTRO
11-06-2024 12:01:42.360Z;functions.waitForImage;  FILTER CLEAN image not found.
11-06-2024 12:01:57.672Z;functions.waitForImage;  FILTER CLEAN image not found.
11-06-2024 12:01:59.547Z;functions.remessa_pagamento;  CLICK NA PRIMEIRA LINHA DA TABELA MOVIMENTAÇÃO BANCÁRIA
11-06-2024 12:02:01.594Z;functions.remessa_pagamento;  HOVER FILTER
11-06-2024 12:02:02.153Z;functions.remessa_pagamento;  CLICK FILTER
11-06-2024 12:02:06.486Z;functions.remessa_pagamento;  CLICK NO FILTRO  STATUS DA REMESSA
11-06-2024 12:02:08.588Z;functions.remessa_pagamento;  APERTA TAB PARA ESCREVER O FILTRO
11-06-2024 12:02:10.708Z;functions.remessa_pagamento;  ESCREVE AUTORIZADO NO FILTRO
11-06-2024 12:02:12.813Z;functions.remessa_pagamento;  APERTA ENTER PARA SELECIONAR OS AUTORIZADOS
11-06-2024 12:02:36.329Z;functions.remessa_pagamento;  SEM REMESSA DE BORDERO AUTORIZADO
11-06-2024 12:02:37.547Z;functions.enter_contas_a_pagar;  CLICK - TOTVS - LINHA RM
11-06-2024 12:02:39.110Z;functions.enter_contas_a_pagar;  CLICK - BACK OFFICE
11-06-2024 12:02:40.016Z;functions.enter_contas_a_pagar;  CLICK - GESTAO FINANCEIRA
11-06-2024 12:02:46.172Z;functions.enter_contas_a_pagar;  CLICK - CONTAS A PAGAR
11-06-2024 12:02:47.126Z;functions.waitForImage;  LANÇAMENTOS image found.
11-06-2024 12:02:49.276Z;functions.enter_contas_a_pagar;  CLICA EM LANÇAMENTOS
11-06-2024 12:03:04.470Z;functions.waitForImage;  LICENCAS EXCEDIDAS image not found.
11-06-2024 12:03:04.470Z;functions.data_filter;  CLICK - SELECIONA A DATA DE QUARTA FEIRA E DA PROXIMA TERÇA
11-06-2024 12:03:04.470Z;functions.data_filter;  QUARTA-FEIRA: 12-06-2024
11-06-2024 12:03:04.470Z;functions.data_filter;  TERCA-FEIRA: 18-06-2024
11-06-2024 12:03:17.547Z;functions.data_filter;  CLICK - BUTÃO DE SELECAO DE FILTRO
11-06-2024 12:03:22.188Z;functions.data_filter;  INSERE - DATA DE QUARTA-FEIRA: 12-06-2024
11-06-2024 12:03:26.626Z;functions.data_filter;  INSERE - DATA DA PROX TERCA-FEIRA: 18-06-2024
11-06-2024 12:03:27.704Z;functions.data_filter;  CLICK - BUTÃO DE EXECUTAR O FILTRO
11-06-2024 12:03:32.707Z;functions.desmark_filter;  AGUARDANDO 1
