19-04-2024 20:30:20.650Z;functions.bot_text_art;      ____     
19-04-2024 20:30:20.650Z;functions.bot_text_art;     [____]    
19-04-2024 20:30:20.650Z;functions.bot_text_art;   |=]()()[=|  
19-04-2024 20:30:20.650Z;functions.bot_text_art;     _\==/__    _____    ____     _        _____    ___   _  __ 
19-04-2024 20:30:20.650Z;functions.bot_text_art;   |__|   |_|  |  _  \  / ___|   | |      |_   _| / ___| | |/ / 
19-04-2024 20:30:20.650Z;functions.bot_text_art;   |_|_/\_|_|  | |  | | | |      | |        | |   | |    | ' /  
19-04-2024 20:30:20.650Z;functions.bot_text_art;   | | __ | |  | |  | | | |      | |        | |   | |    |  <   
19-04-2024 20:30:20.650Z;functions.bot_text_art;   |_|[  ]|_|  | |__| | | |____  | |____   _| |_  | |__  | . \  
19-04-2024 20:30:20.650Z;functions.bot_text_art;   \_|_||_|_/  |_____/   \_____| |______| |_____| \ ___| |_|\_\ 
19-04-2024 20:30:20.650Z;functions.bot_text_art;     |_||_|    
19-04-2024 20:30:20.650Z;functions.bot_text_art;     | ||_|_   
19-04-2024 20:30:20.650Z;functions.bot_text_art;   |___||___|  
19-04-2024 20:30:20.650Z;functions.bot_text_art;               
19-04-2024 20:30:20.650Z;functions.open_RM;  OPEN PROGRAM RM
19-04-2024 20:30:33.167Z;functions.loggin_RM;  ACHOU O PANE PICTURE
19-04-2024 20:30:33.839Z;functions.loggin_RM;  ENCONTRA USE FIELD
19-04-2024 20:30:33.948Z;functions.loggin_RM;  DUPLO CLICK
19-04-2024 20:30:36.947Z;functions.loggin_RM;  ENTRAR USER_NAME
19-04-2024 20:30:37.619Z;functions.loggin_RM;  ENCONTRA PASS FIELD
19-04-2024 20:30:37.697Z;functions.loggin_RM;  CLICK
19-04-2024 20:30:39.806Z;functions.loggin_RM;  ENTRAR PASSWORD
19-04-2024 20:30:40.494Z;functions.loggin_RM;  ENTRAR RM
19-04-2024 20:31:43.682Z;functions.enter_coligada;  CLICK CONTEXTO
19-04-2024 20:31:48.235Z;functions.enter_coligada;  CLICK ALTERAR MODULO DO CONTEXTO
19-04-2024 20:31:51.700Z;functions.enter_coligada;  INSERE O COLIGADA CODE = 1
19-04-2024 20:31:51.801Z;functions.enter_coligada;  APERTA TAB PARA PREENCHER O CAMPO COM A STRING: OCEANICA ENGENHARIA E CONSULTORIA S.A.
19-04-2024 20:31:53.697Z;functions.enter_coligada;  CLICK AVANÇAR NOVAMENTE
19-04-2024 20:31:55.400Z;functions.enter_coligada;  CLICK CONCLUIR
19-04-2024 20:32:16.556Z;functions.enter_coligada;  POP UP COLIGADA DESAPARECER
19-04-2024 20:32:17.181Z;functions.check_movimentacao_bancaria;  CLICK - TOTVS - LINHA RM
19-04-2024 20:32:18.215Z;functions.check_movimentacao_bancaria;  CLICK - BACK OFFICE
19-04-2024 20:32:18.913Z;functions.check_movimentacao_bancaria;  CLICK - GESTAO FINANCEIRA
19-04-2024 20:32:32.041Z;functions.movimentacao_bancaria;  CLICK NA ABA MOVIMENTAÇÃO BANCARIA
19-04-2024 20:32:34.168Z;functions.waitForImage;  IMAGEM BORDERO image found.
19-04-2024 20:32:36.290Z;functions.movimentacao_bancaria;  IMAGEM BORDERO CLICADA.
19-04-2024 20:32:46.594Z;functions.waitForImage;  LICENCAS EXCEDIDAS image not found.
19-04-2024 20:32:49.169Z;functions.waitForImage;  LICENCE SERVER image not found.
19-04-2024 20:32:49.746Z;functions.movimentacao_bancaria;  ENCONTROU O FILTRO DA MOVIMENTAÇÃO BANCÁRIA
19-04-2024 20:32:49.778Z;functions.movimentacao_bancaria;  CLICA NA ABA SUPERIOR DO FILTRO
19-04-2024 20:32:53.982Z;functions.movimentacao_bancaria;  SELECIONA O FILTRO HOJE
19-04-2024 20:32:53.982Z;functions.filter_clean;  FUNÇÃO LIMPA FILTRO
19-04-2024 20:32:58.432Z;functions.waitForImage;  FILTER CLEAN image found.
19-04-2024 20:33:00.551Z;functions.filter_clean;  CLICK NO BOTÃO X DO LIMPA FILTRO
19-04-2024 20:33:16.053Z;functions.waitForImage;  FILTER CLEAN image not found.
19-04-2024 20:33:31.542Z;functions.waitForImage;  FILTER CLEAN image not found.
19-04-2024 20:33:32.353Z;functions.movimentacao_bancaria;  CLICK NA PRIMEIRA LINHA DA TABELA MOVIMENTAÇÃO BANCÁRIA
19-04-2024 20:33:33.566Z;functions.movimentacao_bancaria;  12 PASSOS PARA DIREITA NA TABELA >>
19-04-2024 20:33:34.853Z;functions.movimentacao_bancaria;  HOVER FILTER
19-04-2024 20:33:35.188Z;functions.movimentacao_bancaria;  CLICK FILTER
19-04-2024 20:33:39.498Z;functions.movimentacao_bancaria;  CLICK NO FILTRO  STATUS DA REMESSA
19-04-2024 20:33:41.599Z;functions.movimentacao_bancaria;  APERTA TAB PARA ESCREVER O FILTRO
19-04-2024 20:33:43.703Z;functions.movimentacao_bancaria;  ESCREVE PENDENTE NO FILTRO
19-04-2024 20:33:45.805Z;functions.movimentacao_bancaria;  APERTA ENTER PARA SELECIONAR OS PENDENTES
19-04-2024 20:34:05.837Z;functions.movimentacao_bancaria;  SEM REGISTROS DE PROCESSO DE BORDERO PENDENTE
19-04-2024 20:34:05.837Z;functions.filter_clean;  FUNÇÃO LIMPA FILTRO
19-04-2024 20:34:05.946Z;functions.waitForImage;  FILTER CLEAN image found.
19-04-2024 20:34:08.066Z;functions.filter_clean;  CLICK NO BOTÃO X DO LIMPA FILTRO
19-04-2024 20:34:23.525Z;functions.waitForImage;  FILTER CLEAN image not found.
19-04-2024 20:34:39.007Z;functions.waitForImage;  FILTER CLEAN image not found.
19-04-2024 20:34:39.836Z;functions.remessa_pagamento;  CLICK NA PRIMEIRA LINHA DA TABELA MOVIMENTAÇÃO BANCÁRIA
19-04-2024 20:34:41.108Z;functions.remessa_pagamento;  HOVER FILTER
19-04-2024 20:34:41.399Z;functions.remessa_pagamento;  CLICK FILTER
19-04-2024 20:34:45.711Z;functions.remessa_pagamento;  CLICK NO FILTRO  STATUS DA REMESSA
19-04-2024 20:34:47.813Z;functions.remessa_pagamento;  APERTA TAB PARA ESCREVER O FILTRO
19-04-2024 20:34:49.919Z;functions.remessa_pagamento;  ESCREVE AUTORIZADO NO FILTRO
19-04-2024 20:34:52.021Z;functions.remessa_pagamento;  APERTA ENTER PARA SELECIONAR OS AUTORIZADOS
19-04-2024 20:35:13.086Z;functions.remessa_pagamento;  SEM REMESSA DE BORDERO AUTORIZADO
19-04-2024 20:35:13.711Z;functions.enter_contas_a_pagar;  CLICK - TOTVS - LINHA RM
19-04-2024 20:35:14.665Z;functions.enter_contas_a_pagar;  CLICK - BACK OFFICE
19-04-2024 20:35:15.571Z;functions.enter_contas_a_pagar;  CLICK - GESTAO FINANCEIRA
19-04-2024 20:35:30.206Z;functions.enter_contas_a_pagar;  CLICK - CONTAS A PAGAR
19-04-2024 20:35:30.320Z;functions.waitForImage;  LANÇAMENTOS image found.
19-04-2024 20:35:32.441Z;functions.enter_contas_a_pagar;  CLICA EM LANÇAMENTOS
19-04-2024 20:35:47.668Z;functions.waitForImage;  LICENCAS EXCEDIDAS image not found.
19-04-2024 20:35:47.668Z;functions.obter_intervalo_data;  VERIFICANDO A HORA ATUAL 20
19-04-2024 20:35:47.668Z;functions.obter_intervalo_data;  Data Inicial PENSAO antes da remoção: None
19-04-2024 20:35:47.668Z;functions.obter_intervalo_data;  Data Final PENSAO antes da remoção: None
19-04-2024 20:35:47.668Z;functions.obter_intervalo_data;  Data Inicial PENSAO após a remoção: None
19-04-2024 20:35:47.668Z;functions.obter_intervalo_data;  Data Final PENSAO após a remoção: None
19-04-2024 20:35:47.668Z;functions.obter_intervalo_data;  hoje -  2024-04-19 20:35:47.668876
19-04-2024 20:35:47.668Z;functions.data_filter;  DATA INICIO 24-04-2024
19-04-2024 20:35:47.668Z;functions.data_filter;  DATA FIM 30-04-2024
19-04-2024 20:35:47.668Z;functions.data_filter;  CLICK - SELECIONA A DATA DE QUARTA FEIRA E DA PROXIMA TERÇA
19-04-2024 20:35:47.668Z;functions.data_filter;  QUARTA-FEIRA: 24-04-2024
19-04-2024 20:35:47.668Z;functions.data_filter;  TERCA-FEIRA: 30-04-2024
19-04-2024 20:35:59.633Z;functions.data_filter;  CLICK - BUTÃO DE SELECAO DE FILTRO
19-04-2024 20:36:04.430Z;functions.data_filter;  INSERE - DATA DE QUARTA-FEIRA: 24-04-2024
19-04-2024 20:36:07.914Z;functions.data_filter;  INSERE - DATA DA PROX TERCA-FEIRA: 30-04-2024
19-04-2024 20:36:08.570Z;functions.data_filter;  CLICK - BUTÃO DE EXECUTAR O FILTRO
19-04-2024 20:36:15.243Z;functions.desmark_filter;  CLICK CHECKBOX LANÇAMENTOS A RECEBER
19-04-2024 20:36:16.054Z;functions.desmark_filter;  CLICK CHECKBOX LANÇAMENTOS BAIXADOS
19-04-2024 20:36:16.899Z;functions.desmark_filter;  CLICK CHECKBOX LANÇAMENTOS CANCELADOS
19-04-2024 20:36:17.758Z;functions.desmark_filter;  CLICK CHECKBOX LANÇAMENTOS FATURADOS
19-04-2024 20:36:18.664Z;functions.desmark_filter;  ATUALIZA O FILTRO
19-04-2024 20:36:18.664Z;functions.filter_clean;  FUNÇÃO LIMPA FILTRO
19-04-2024 20:36:18.824Z;functions.waitForImage;  FILTER CLEAN image found.
19-04-2024 20:36:20.936Z;functions.filter_clean;  CLICK NO BOTÃO X DO LIMPA FILTRO
19-04-2024 20:36:36.361Z;functions.waitForImage;  FILTER CLEAN image not found.
19-04-2024 20:36:51.744Z;functions.waitForImage;  FILTER CLEAN image not found.
19-04-2024 20:36:52.695Z;functions.tabela_vazia;  Texto extraido 0/0
19-04-2024 20:36:52.695Z;functions.tabela_vazia;  Count 0
19-04-2024 20:36:52.695Z;functions.tabela_vazia;  Type <class 'int'>
19-04-2024 20:36:54.700Z;functions.tabela_vazia;  SEM REMESSA DE FÉRIAS/RESCISÃO
19-04-2024 20:36:56.700Z;main.<module>;  SEM REMESSA DE PENSÃO
19-04-2024 20:36:58.821Z;errorhandler.__handle;  Property: Unknown Property name. [1:203: -ms-interpolation-mode]
19-04-2024 20:36:58.836Z;errorhandler.__handle;  Property: Unknown Property name. [1:353: -webkit-font-smoothing]
19-04-2024 20:36:58.836Z;errorhandler.__handle;  Property: Unknown Property name. [1:483: -ms-text-size-adjust]
19-04-2024 20:36:58.836Z;errorhandler.__handle;  Property: Unknown Property name. [1:518: -webkit-text-size-adjust]
19-04-2024 20:36:58.836Z;errorhandler.__handle;  Property: Unknown Property name. [1:612: mso-table-lspace]
19-04-2024 20:36:58.836Z;errorhandler.__handle;  Property: Unknown Property name. [1:642: mso-table-rspace]
19-04-2024 20:36:58.883Z;errorhandler.__handle;  Property: Unknown Property name. [1:4734: mso-hide]
19-04-2024 20:36:58.915Z;errorhandler.__handle;  Property: Unknown Property name. [1:13: -ms-interpolation-mode]
19-04-2024 20:36:58.915Z;errorhandler.__handle;  Property: Unknown Property name. [1:49: -webkit-font-smoothing]
19-04-2024 20:36:58.915Z;errorhandler.__handle;  Property: Unknown Property name. [1:134: -ms-text-size-adjust]
19-04-2024 20:36:58.915Z;errorhandler.__handle;  Property: Unknown Property name. [1:160: -webkit-text-size-adjust]
19-04-2024 20:36:58.915Z;errorhandler.__handle;  Property: Unknown Property name. [1:26: mso-table-lspace]
19-04-2024 20:36:58.915Z;errorhandler.__handle;  Property: Unknown Property name. [1:45: mso-table-rspace]
19-04-2024 20:36:58.930Z;errorhandler.__handle;  Property: Unknown Property name. [1:92: mso-hide]
19-04-2024 20:36:58.930Z;errorhandler.__handle;  Property: No ":" after name found: align-center [1:1: align-center]
19-04-2024 20:36:58.930Z;errorhandler.__handle;  Property: No property value found: align-center [1:1: align-center]
19-04-2024 20:36:58.930Z;errorhandler.__handle;  CSSStyleDeclaration: Syntax Error in Property: align-center
19-04-2024 20:36:58.930Z;errorhandler.__handle;  Property: Unknown Property name. [1:14: -ms-interpolation-mode]
19-04-2024 20:37:01.230Z;functions.emailFinalizado;  Warning e-mail sent.
19-04-2024 20:37:01.311Z;functions.encerra_prog;  RM ENCERRADO
