22-08-2024 17:47:23.097Z;functions.bot_text_art;      ____     
22-08-2024 17:47:23.097Z;functions.bot_text_art;     [____]    
22-08-2024 17:47:23.097Z;functions.bot_text_art;   |=]()()[=|  
22-08-2024 17:47:23.097Z;functions.bot_text_art;     _\==/__    _____    ____     _        _____    ___   _  __ 
22-08-2024 17:47:23.097Z;functions.bot_text_art;   |__|   |_|  |  _  \  / ___|   | |      |_   _| / ___| | |/ / 
22-08-2024 17:47:23.097Z;functions.bot_text_art;   |_|_/\_|_|  | |  | | | |      | |        | |   | |    | ' /  
22-08-2024 17:47:23.097Z;functions.bot_text_art;   | | __ | |  | |  | | | |      | |        | |   | |    |  <   
22-08-2024 17:47:23.097Z;functions.bot_text_art;   |_|[  ]|_|  | |__| | | |____  | |____   _| |_  | |__  | . \  
22-08-2024 17:47:23.212Z;functions.bot_text_art;   \_|_||_|_/  |_____/   \_____| |______| |_____| \ ___| |_|\_\ 
22-08-2024 17:47:23.212Z;functions.bot_text_art;     |_||_|    
22-08-2024 17:47:23.212Z;functions.bot_text_art;     | ||_|_   
22-08-2024 17:47:23.212Z;functions.bot_text_art;   |___||___|  
22-08-2024 17:47:23.212Z;functions.bot_text_art;               
22-08-2024 17:47:23.212Z;functions.open_RM;  OPEN PROGRAM RM
22-08-2024 17:47:29.969Z;functions.loggin_RM;  ACHOU O PANE PICTURE
22-08-2024 17:47:30.876Z;functions.loggin_RM;  ENCONTRA USE FIELD
22-08-2024 17:47:31.017Z;functions.loggin_RM;  DUPLO CLICK
22-08-2024 17:47:34.079Z;functions.loggin_RM;  ENTRAR USER_NAME
22-08-2024 17:47:35.079Z;functions.loggin_RM;  ENCONTRA PASS FIELD
22-08-2024 17:47:35.235Z;functions.loggin_RM;  CLICK
22-08-2024 17:47:37.346Z;functions.loggin_RM;  ENTRAR PASSWORD
22-08-2024 17:47:38.423Z;functions.loggin_RM;  ENTRAR RM
22-08-2024 17:50:58.376Z;functions.enter_coligada;  AGUARDANDO 1
22-08-2024 17:50:59.297Z;functions.enter_coligada;  CLICK CONTEXTO
22-08-2024 17:51:01.079Z;functions.enter_coligada;  CLICK ALTERAR MODULO DO CONTEXTO
22-08-2024 17:51:04.079Z;functions.enter_coligada;  INSERE O COLIGADA CODE = 1
22-08-2024 17:51:04.181Z;functions.enter_coligada;  APERTA TAB PARA PREENCHER O CAMPO COM A STRING: OCEANICA ENGENHARIA E CONSULTORIA S.A.
22-08-2024 17:51:05.235Z;functions.enter_coligada;  CLICK AVANÇAR NOVAMENTE
22-08-2024 17:51:06.266Z;functions.enter_coligada;  CLICK CONCLUIR
22-08-2024 17:51:26.673Z;functions.waitForImage;  TROCA COLIGADA image not found.
22-08-2024 17:51:34.813Z;functions.enter_coligada;  POP UP COLIGADA DESAPARECER
22-08-2024 17:51:35.610Z;functions.check_movimentacao_bancaria;  CLICK - TOTVS - LINHA RM
22-08-2024 17:51:36.954Z;functions.check_movimentacao_bancaria;  CLICK - BACK OFFICE
22-08-2024 17:51:39.454Z;functions.check_movimentacao_bancaria;  CLICK - GESTAO FINANCEIRA
22-08-2024 17:51:39.454Z;functions.obter_intervalo_data;  VERIFICANDO A HORA ATUAL 17
22-08-2024 17:51:39.466Z;functions.obter_intervalo_data;  Data Inicial PENSAO antes da remoção: None
22-08-2024 17:51:39.466Z;functions.obter_intervalo_data;  Data Final PENSAO antes da remoção: None
22-08-2024 17:51:39.469Z;functions.obter_intervalo_data;  Data Inicial PENSAO após a remoção: None
22-08-2024 17:51:39.470Z;functions.obter_intervalo_data;  Data Final PENSAO após a remoção: None
22-08-2024 17:51:39.470Z;functions.obter_intervalo_data;  hoje -  2024-08-22 17:51:39.470136
22-08-2024 17:51:39.470Z;functions.check_movimentacao_bancaria;  DATA INICIO 28-08-2024
22-08-2024 17:51:39.470Z;functions.check_movimentacao_bancaria;  DATA FIM 03-09-2024
22-08-2024 17:51:39.470Z;functions.movimentacao_bancaria;  AGUARDANDO 1
22-08-2024 17:51:44.266Z;functions.movimentacao_bancaria;  CLICK NA ABA MOVIMENTAÇÃO BANCARIA
22-08-2024 17:51:46.360Z;functions.waitForImage;  IMAGEM BORDERO image found.
22-08-2024 17:51:48.493Z;functions.movimentacao_bancaria;  IMAGEM BORDERO CLICADA.
22-08-2024 17:51:58.891Z;functions.waitForImage;  LICENCAS EXCEDIDAS image not found.
22-08-2024 17:52:01.360Z;functions.waitForImage;  LICENCE SERVER image not found.
22-08-2024 17:52:02.032Z;functions.movimentacao_bancaria;  ENCONTROU O FILTRO DA MOVIMENTAÇÃO BANCÁRIA
22-08-2024 17:52:02.079Z;functions.movimentacao_bancaria;  CLICA NA ABA SUPERIOR DO FILTRO
22-08-2024 17:52:06.285Z;functions.movimentacao_bancaria;  SELECIONA O FILTRO HOJE
22-08-2024 17:52:06.285Z;functions.filter_clean;  FUNÇÃO LIMPA FILTRO
22-08-2024 17:52:08.626Z;functions.waitForImage;  FILTER CLEAN image found.
22-08-2024 17:52:10.743Z;functions.filter_clean;  CLICK NO BOTÃO X DO LIMPA FILTRO
22-08-2024 17:52:25.795Z;functions.waitForImage;  FILTER CLEAN image not found.
22-08-2024 17:52:40.969Z;functions.waitForImage;  FILTER CLEAN image not found.
22-08-2024 17:52:42.141Z;functions.movimentacao_bancaria;  CLICK NA PRIMEIRA LINHA DA TABELA MOVIMENTAÇÃO BANCÁRIA
22-08-2024 17:52:43.357Z;functions.movimentacao_bancaria;  12 PASSOS PARA DIREITA NA TABELA >>
22-08-2024 17:52:45.001Z;functions.movimentacao_bancaria;  HOVER FILTER
22-08-2024 17:52:45.431Z;functions.movimentacao_bancaria;  CLICK FILTER
22-08-2024 17:52:49.743Z;functions.movimentacao_bancaria;  CLICK NO FILTRO  STATUS DA REMESSA
22-08-2024 17:52:51.845Z;functions.movimentacao_bancaria;  APERTA TAB PARA ESCREVER O FILTRO
22-08-2024 17:52:53.951Z;functions.movimentacao_bancaria;  ESCREVE PENDENTE NO FILTRO
22-08-2024 17:52:56.053Z;functions.movimentacao_bancaria;  APERTA ENTER PARA SELECIONAR OS PENDENTES
22-08-2024 17:53:17.470Z;functions.movimentacao_bancaria;  SEM REGISTROS DE PROCESSO DE BORDERO PENDENTE
22-08-2024 17:53:17.470Z;functions.filter_clean;  FUNÇÃO LIMPA FILTRO
22-08-2024 17:53:17.547Z;functions.waitForImage;  FILTER CLEAN image found.
22-08-2024 17:53:19.680Z;functions.filter_clean;  CLICK NO BOTÃO X DO LIMPA FILTRO
22-08-2024 17:53:34.751Z;functions.waitForImage;  FILTER CLEAN image not found.
22-08-2024 17:53:49.923Z;functions.waitForImage;  FILTER CLEAN image not found.
22-08-2024 17:53:51.235Z;functions.remessa_pagamento;  CLICK NA PRIMEIRA LINHA DA TABELA MOVIMENTAÇÃO BANCÁRIA
22-08-2024 17:53:52.782Z;functions.remessa_pagamento;  HOVER FILTER
22-08-2024 17:53:53.172Z;functions.remessa_pagamento;  CLICK FILTER
22-08-2024 17:53:57.487Z;functions.remessa_pagamento;  CLICK NO FILTRO  STATUS DA REMESSA
22-08-2024 17:53:59.589Z;functions.remessa_pagamento;  APERTA TAB PARA ESCREVER O FILTRO
22-08-2024 17:54:01.698Z;functions.remessa_pagamento;  ESCREVE AUTORIZADO NO FILTRO
22-08-2024 17:54:03.799Z;functions.remessa_pagamento;  APERTA ENTER PARA SELECIONAR OS AUTORIZADOS
22-08-2024 17:54:26.157Z;functions.remessa_pagamento;  SEM REMESSA DE BORDERO AUTORIZADO
22-08-2024 17:54:26.954Z;functions.enter_contas_a_pagar;  CLICK - TOTVS - LINHA RM
22-08-2024 17:54:28.203Z;functions.enter_contas_a_pagar;  CLICK - BACK OFFICE
22-08-2024 17:54:29.016Z;functions.enter_contas_a_pagar;  CLICK - GESTAO FINANCEIRA
22-08-2024 17:54:36.298Z;functions.enter_contas_a_pagar;  CLICK - CONTAS A PAGAR
22-08-2024 17:54:36.391Z;functions.waitForImage;  LANÇAMENTOS image found.
22-08-2024 17:54:38.524Z;functions.enter_contas_a_pagar;  CLICA EM LANÇAMENTOS
22-08-2024 17:54:53.703Z;functions.waitForImage;  LICENCAS EXCEDIDAS image not found.
22-08-2024 17:54:53.703Z;functions.data_filter;  CLICK - SELECIONA A DATA DE QUARTA FEIRA E DA PROXIMA TERÇA
22-08-2024 17:54:53.703Z;functions.data_filter;  QUARTA-FEIRA: 28-08-2024
22-08-2024 17:54:53.703Z;functions.data_filter;  TERCA-FEIRA: 03-09-2024
22-08-2024 17:55:10.047Z;functions.data_filter;  CLICK - BUTÃO DE SELECAO DE FILTRO
22-08-2024 17:55:14.235Z;functions.data_filter;  INSERE - DATA DE QUARTA-FEIRA: 28-08-2024
22-08-2024 17:55:18.235Z;functions.data_filter;  INSERE - DATA DA PROX TERCA-FEIRA: 03-09-2024
22-08-2024 17:55:19.141Z;functions.data_filter;  CLICK - BUTÃO DE EXECUTAR O FILTRO
22-08-2024 17:55:24.144Z;functions.desmark_filter;  AGUARDANDO 1
22-08-2024 17:55:25.516Z;functions.desmark_filter;  CLICK CHECKBOX LANÇAMENTOS A RECEBER
22-08-2024 17:55:26.978Z;functions.desmark_filter;  CLICK CHECKBOX LANÇAMENTOS BAIXADOS
22-08-2024 17:55:28.507Z;functions.desmark_filter;  CLICK CHECKBOX LANÇAMENTOS CANCELADOS
22-08-2024 17:55:30.079Z;functions.desmark_filter;  CLICK CHECKBOX LANÇAMENTOS FATURADOS
22-08-2024 17:55:31.641Z;functions.desmark_filter;  ATUALIZA O FILTRO
22-08-2024 17:55:31.641Z;functions.filter_clean;  FUNÇÃO LIMPA FILTRO
22-08-2024 17:55:31.735Z;functions.waitForImage;  FILTER CLEAN image found.
22-08-2024 17:55:33.842Z;functions.filter_clean;  CLICK NO BOTÃO X DO LIMPA FILTRO
22-08-2024 17:55:49.407Z;functions.waitForImage;  FILTER CLEAN image not found.
22-08-2024 17:56:04.938Z;functions.waitForImage;  FILTER CLEAN image not found.
22-08-2024 17:56:06.875Z;functions.tabela_vazia;  Texto extraido 0/0
22-08-2024 17:56:06.875Z;functions.tabela_vazia;  Count 0
22-08-2024 17:56:06.875Z;functions.tabela_vazia;  Type <class 'int'>
22-08-2024 17:56:08.878Z;functions.tabela_vazia;  SEM REMESSA DE FÉRIAS/RESCISÃO
22-08-2024 17:56:10.878Z;main.<module>;  SEM REMESSA DE PENSÃO
22-08-2024 17:56:12.281Z;errorhandler.__handle;  Property: Unknown Property name. [1:203: -ms-interpolation-mode]
22-08-2024 17:56:12.297Z;errorhandler.__handle;  Property: Unknown Property name. [1:353: -webkit-font-smoothing]
22-08-2024 17:56:12.297Z;errorhandler.__handle;  Property: Unknown Property name. [1:483: -ms-text-size-adjust]
22-08-2024 17:56:12.297Z;errorhandler.__handle;  Property: Unknown Property name. [1:518: -webkit-text-size-adjust]
22-08-2024 17:56:12.297Z;errorhandler.__handle;  Property: Unknown Property name. [1:612: mso-table-lspace]
22-08-2024 17:56:12.297Z;errorhandler.__handle;  Property: Unknown Property name. [1:642: mso-table-rspace]
22-08-2024 17:56:12.344Z;errorhandler.__handle;  Property: Unknown Property name. [1:4734: mso-hide]
22-08-2024 17:56:12.375Z;errorhandler.__handle;  Property: Unknown Property name. [1:13: -ms-interpolation-mode]
22-08-2024 17:56:12.375Z;errorhandler.__handle;  Property: Unknown Property name. [1:49: -webkit-font-smoothing]
22-08-2024 17:56:12.375Z;errorhandler.__handle;  Property: Unknown Property name. [1:134: -ms-text-size-adjust]
22-08-2024 17:56:12.375Z;errorhandler.__handle;  Property: Unknown Property name. [1:160: -webkit-text-size-adjust]
22-08-2024 17:56:12.375Z;errorhandler.__handle;  Property: Unknown Property name. [1:26: mso-table-lspace]
22-08-2024 17:56:12.375Z;errorhandler.__handle;  Property: Unknown Property name. [1:45: mso-table-rspace]
22-08-2024 17:56:12.375Z;errorhandler.__handle;  Property: Unknown Property name. [1:92: mso-hide]
22-08-2024 17:56:12.391Z;errorhandler.__handle;  Property: No ":" after name found: align-center [1:1: align-center]
22-08-2024 17:56:12.391Z;errorhandler.__handle;  Property: No property value found: align-center [1:1: align-center]
22-08-2024 17:56:12.391Z;errorhandler.__handle;  CSSStyleDeclaration: Syntax Error in Property: align-center
22-08-2024 17:56:12.391Z;errorhandler.__handle;  Property: Unknown Property name. [1:14: -ms-interpolation-mode]
22-08-2024 17:56:14.735Z;functions.emailFinalizado;  Warning e-mail sent.
22-08-2024 17:56:14.891Z;functions.encerra_prog;  RM ENCERRADO
