28-03-2024 06:30:25.444Z;functions.bot_text_art;      ____     
28-03-2024 06:30:25.444Z;functions.bot_text_art;     [____]    
28-03-2024 06:30:25.444Z;functions.bot_text_art;   |=]()()[=|  
28-03-2024 06:30:25.444Z;functions.bot_text_art;     _\==/__    _____    ____     _        _____    ___   _  __ 
28-03-2024 06:30:25.444Z;functions.bot_text_art;   |__|   |_|  |  _  \  / ___|   | |      |_   _| / ___| | |/ / 
28-03-2024 06:30:25.444Z;functions.bot_text_art;   |_|_/\_|_|  | |  | | | |      | |        | |   | |    | ' /  
28-03-2024 06:30:25.444Z;functions.bot_text_art;   | | __ | |  | |  | | | |      | |        | |   | |    |  <   
28-03-2024 06:30:25.459Z;functions.bot_text_art;   |_|[  ]|_|  | |__| | | |____  | |____   _| |_  | |__  | . \  
28-03-2024 06:30:25.459Z;functions.bot_text_art;   \_|_||_|_/  |_____/   \_____| |______| |_____| \ ___| |_|\_\ 
28-03-2024 06:30:25.459Z;functions.bot_text_art;     |_||_|    
28-03-2024 06:30:25.459Z;functions.bot_text_art;     | ||_|_   
28-03-2024 06:30:25.459Z;functions.bot_text_art;   |___||___|  
28-03-2024 06:30:25.459Z;functions.bot_text_art;               
28-03-2024 06:30:25.459Z;functions.open_RM;  OPEN PROGRAM RM
28-03-2024 06:30:35.193Z;functions.loggin_RM;  ACHOU O PANE PICTURE
28-03-2024 06:30:36.178Z;functions.loggin_RM;  ENCONTRA USE FIELD
28-03-2024 06:30:36.459Z;functions.loggin_RM;  DUPLO CLICK
28-03-2024 06:30:39.944Z;functions.loggin_RM;  ENTRAR USER_NAME
28-03-2024 06:30:40.912Z;functions.loggin_RM;  ENCONTRA PASS FIELD
28-03-2024 06:30:41.115Z;functions.loggin_RM;  CLICK
28-03-2024 06:30:43.240Z;functions.loggin_RM;  ENTRAR PASSWORD
28-03-2024 06:30:44.444Z;functions.loggin_RM;  ENTRAR RM
28-03-2024 06:31:16.803Z;functions.enter_coligada;  CLICK CONTEXTO
28-03-2024 06:31:21.928Z;functions.enter_coligada;  CLICK ALTERAR MODULO DO CONTEXTO
28-03-2024 06:31:25.615Z;functions.enter_coligada;  INSERE O COLIGADA CODE = 1
28-03-2024 06:31:25.726Z;functions.enter_coligada;  APERTA TAB PARA PREENCHER O CAMPO COM A STRING: OCEANICA ENGENHARIA E CONSULTORIA S.A.
28-03-2024 06:31:27.053Z;functions.enter_coligada;  CLICK AVANÇAR NOVAMENTE
28-03-2024 06:31:28.209Z;functions.enter_coligada;  CLICK CONCLUIR
28-03-2024 06:31:51.943Z;functions.enter_coligada;  POP UP COLIGADA DESAPARECER
28-03-2024 06:31:52.771Z;functions.check_movimentacao_bancaria;  CLICK - TOTVS - LINHA RM
28-03-2024 06:31:54.511Z;functions.check_movimentacao_bancaria;  CLICK - BACK OFFICE
28-03-2024 06:31:55.427Z;functions.check_movimentacao_bancaria;  CLICK - GESTAO FINANCEIRA
28-03-2024 06:32:01.302Z;functions.movimentacao_bancaria;  CLICK NA ABA MOVIMENTAÇÃO BANCARIA
28-03-2024 06:32:03.772Z;functions.waitForImage;  IMAGEM BORDERO image found.
28-03-2024 06:32:05.904Z;functions.movimentacao_bancaria;  IMAGEM BORDERO CLICADA.
28-03-2024 06:32:15.928Z;functions.waitForImage;  LICENCAS EXCEDIDAS image not found.
28-03-2024 06:32:18.162Z;functions.waitForImage;  LICENCE SERVER image not found.
28-03-2024 06:32:18.834Z;functions.movimentacao_bancaria;  ENCONTROU O FILTRO DA MOVIMENTAÇÃO BANCÁRIA
28-03-2024 06:32:18.865Z;functions.movimentacao_bancaria;  CLICA NA ABA SUPERIOR DO FILTRO
28-03-2024 06:32:23.137Z;functions.movimentacao_bancaria;  SELECIONA O FILTRO HOJE
28-03-2024 06:32:23.138Z;functions.filter_clean;  FUNÇÃO LIMPA FILTRO
28-03-2024 06:32:26.896Z;functions.waitForImage;  FILTER CLEAN image found.
28-03-2024 06:32:29.031Z;functions.filter_clean;  CLICK NO BOTÃO X DO LIMPA FILTRO
28-03-2024 06:32:44.616Z;functions.waitForImage;  FILTER CLEAN image not found.
28-03-2024 06:33:00.256Z;functions.waitForImage;  FILTER CLEAN image not found.
28-03-2024 06:33:01.553Z;functions.movimentacao_bancaria;  CLICK NA PRIMEIRA LINHA DA TABELA MOVIMENTAÇÃO BANCÁRIA
28-03-2024 06:33:02.784Z;functions.movimentacao_bancaria;  12 PASSOS PARA DIREITA NA TABELA >>
28-03-2024 06:33:04.756Z;functions.movimentacao_bancaria;  HOVER FILTER
28-03-2024 06:33:05.222Z;functions.movimentacao_bancaria;  CLICK FILTER
28-03-2024 06:33:09.549Z;functions.movimentacao_bancaria;  CLICK NO FILTRO  STATUS DA REMESSA
28-03-2024 06:33:11.652Z;functions.movimentacao_bancaria;  APERTA TAB PARA ESCREVER O FILTRO
28-03-2024 06:33:13.765Z;functions.movimentacao_bancaria;  ESCREVE PENDENTE NO FILTRO
28-03-2024 06:33:15.868Z;functions.movimentacao_bancaria;  APERTA ENTER PARA SELECIONAR OS PENDENTES
28-03-2024 06:33:37.412Z;functions.movimentacao_bancaria;  SEM REGISTROS DE PROCESSO DE BORDERO PENDENTE
28-03-2024 06:33:37.412Z;functions.filter_clean;  FUNÇÃO LIMPA FILTRO
28-03-2024 06:33:37.834Z;functions.waitForImage;  FILTER CLEAN image found.
28-03-2024 06:33:39.974Z;functions.filter_clean;  CLICK NO BOTÃO X DO LIMPA FILTRO
28-03-2024 06:33:55.475Z;functions.waitForImage;  FILTER CLEAN image not found.
28-03-2024 06:34:11.084Z;functions.waitForImage;  FILTER CLEAN image not found.
28-03-2024 06:34:12.677Z;functions.remessa_pagamento;  CLICK NA PRIMEIRA LINHA DA TABELA MOVIMENTAÇÃO BANCÁRIA
28-03-2024 06:34:14.632Z;functions.remessa_pagamento;  HOVER FILTER
28-03-2024 06:34:15.108Z;functions.remessa_pagamento;  CLICK FILTER
28-03-2024 06:34:19.441Z;functions.remessa_pagamento;  CLICK NO FILTRO  STATUS DA REMESSA
28-03-2024 06:34:21.544Z;functions.remessa_pagamento;  APERTA TAB PARA ESCREVER O FILTRO
28-03-2024 06:34:23.665Z;functions.remessa_pagamento;  ESCREVE AUTORIZADO NO FILTRO
28-03-2024 06:34:25.771Z;functions.remessa_pagamento;  APERTA ENTER PARA SELECIONAR OS AUTORIZADOS
28-03-2024 06:34:48.303Z;functions.remessa_pagamento;  SEM REMESSA DE BORDERO AUTORIZADO
28-03-2024 06:34:49.115Z;functions.enter_contas_a_pagar;  CLICK - TOTVS - LINHA RM
28-03-2024 06:34:50.459Z;functions.enter_contas_a_pagar;  CLICK - BACK OFFICE
28-03-2024 06:34:51.365Z;functions.enter_contas_a_pagar;  CLICK - GESTAO FINANCEIRA
28-03-2024 06:34:57.271Z;functions.enter_contas_a_pagar;  CLICK - CONTAS A PAGAR
28-03-2024 06:34:58.584Z;functions.waitForImage;  LANÇAMENTOS image found.
28-03-2024 06:35:00.718Z;functions.enter_contas_a_pagar;  CLICA EM LANÇAMENTOS
28-03-2024 06:35:15.818Z;functions.waitForImage;  LICENCAS EXCEDIDAS image not found.
28-03-2024 06:35:15.818Z;functions.obter_intervalo_data;  VERIFICANDO A HORA ATUAL 6
28-03-2024 06:35:15.818Z;functions.obter_intervalo_data;  Data Inicial PENSAO antes da remoção: None
28-03-2024 06:35:15.818Z;functions.obter_intervalo_data;  Data Final PENSAO antes da remoção: None
28-03-2024 06:35:15.818Z;functions.obter_intervalo_data;  Data Inicial PENSAO após a remoção: None
28-03-2024 06:35:15.818Z;functions.obter_intervalo_data;  Data Final PENSAO após a remoção: None
28-03-2024 06:35:15.818Z;functions.obter_intervalo_data;  hoje -  2024-03-28 06:35:15.818843
28-03-2024 06:35:15.818Z;functions.data_filter;  DATA INICIO 03-04-2024
28-03-2024 06:35:15.818Z;functions.data_filter;  DATA FIM 09-04-2024
28-03-2024 06:35:15.818Z;functions.data_filter;  CLICK - SELECIONA A DATA DE QUARTA FEIRA E DA PROXIMA TERÇA
28-03-2024 06:35:15.818Z;functions.data_filter;  QUARTA-FEIRA: 03-04-2024
28-03-2024 06:35:15.818Z;functions.data_filter;  TERCA-FEIRA: 09-04-2024
28-03-2024 06:35:27.710Z;functions.data_filter;  CLICK - BUTÃO DE SELECAO DE FILTRO
28-03-2024 06:35:32.162Z;functions.data_filter;  INSERE - DATA DE QUARTA-FEIRA: 03-04-2024
28-03-2024 06:35:36.131Z;functions.data_filter;  INSERE - DATA DA PROX TERCA-FEIRA: 09-04-2024
28-03-2024 06:35:37.027Z;functions.data_filter;  CLICK - BUTÃO DE EXECUTAR O FILTRO
28-03-2024 06:35:43.646Z;functions.desmark_filter;  CLICK CHECKBOX LANÇAMENTOS A RECEBER
28-03-2024 06:35:45.428Z;functions.desmark_filter;  CLICK CHECKBOX LANÇAMENTOS BAIXADOS
28-03-2024 06:35:47.365Z;functions.desmark_filter;  CLICK CHECKBOX LANÇAMENTOS CANCELADOS
28-03-2024 06:35:49.460Z;functions.desmark_filter;  CLICK CHECKBOX LANÇAMENTOS FATURADOS
28-03-2024 06:35:51.709Z;functions.desmark_filter;  ATUALIZA O FILTRO
28-03-2024 06:35:51.709Z;functions.filter_clean;  FUNÇÃO LIMPA FILTRO
28-03-2024 06:35:52.131Z;functions.waitForImage;  FILTER CLEAN image found.
28-03-2024 06:35:54.236Z;functions.filter_clean;  CLICK NO BOTÃO X DO LIMPA FILTRO
28-03-2024 06:36:09.834Z;functions.waitForImage;  FILTER CLEAN image not found.
28-03-2024 06:36:25.490Z;functions.waitForImage;  FILTER CLEAN image not found.
28-03-2024 06:36:27.881Z;functions.tabela_vazia;  Texto extraido 0/0
28-03-2024 06:36:27.881Z;functions.tabela_vazia;  Count 0
28-03-2024 06:36:27.881Z;functions.tabela_vazia;  Type <class 'int'>
28-03-2024 06:36:29.893Z;functions.tabela_vazia;  SEM REMESSA DE FÉRIAS/RESCISÃO
28-03-2024 06:36:31.893Z;main.<module>;  SEM REMESSA DE PENSÃO
28-03-2024 06:36:35.068Z;errorhandler.__handle;  Property: Unknown Property name. [1:203: -ms-interpolation-mode]
28-03-2024 06:36:35.115Z;errorhandler.__handle;  Property: Unknown Property name. [1:353: -webkit-font-smoothing]
28-03-2024 06:36:35.131Z;errorhandler.__handle;  Property: Unknown Property name. [1:483: -ms-text-size-adjust]
28-03-2024 06:36:35.131Z;errorhandler.__handle;  Property: Unknown Property name. [1:518: -webkit-text-size-adjust]
28-03-2024 06:36:35.131Z;errorhandler.__handle;  Property: Unknown Property name. [1:612: mso-table-lspace]
28-03-2024 06:36:35.131Z;errorhandler.__handle;  Property: Unknown Property name. [1:642: mso-table-rspace]
28-03-2024 06:36:35.365Z;errorhandler.__handle;  Property: Unknown Property name. [1:4734: mso-hide]
28-03-2024 06:36:35.459Z;errorhandler.__handle;  Property: Unknown Property name. [1:13: -ms-interpolation-mode]
28-03-2024 06:36:35.459Z;errorhandler.__handle;  Property: Unknown Property name. [1:49: -webkit-font-smoothing]
28-03-2024 06:36:35.459Z;errorhandler.__handle;  Property: Unknown Property name. [1:134: -ms-text-size-adjust]
28-03-2024 06:36:35.459Z;errorhandler.__handle;  Property: Unknown Property name. [1:160: -webkit-text-size-adjust]
28-03-2024 06:36:35.459Z;errorhandler.__handle;  Property: Unknown Property name. [1:26: mso-table-lspace]
28-03-2024 06:36:35.459Z;errorhandler.__handle;  Property: Unknown Property name. [1:45: mso-table-rspace]
28-03-2024 06:36:35.490Z;errorhandler.__handle;  Property: Unknown Property name. [1:92: mso-hide]
28-03-2024 06:36:35.506Z;errorhandler.__handle;  Property: No ":" after name found: align-center [1:1: align-center]
28-03-2024 06:36:35.506Z;errorhandler.__handle;  Property: No property value found: align-center [1:1: align-center]
28-03-2024 06:36:35.506Z;errorhandler.__handle;  CSSStyleDeclaration: Syntax Error in Property: align-center
28-03-2024 06:36:35.506Z;errorhandler.__handle;  Property: Unknown Property name. [1:14: -ms-interpolation-mode]
28-03-2024 06:36:37.834Z;functions.emailFinalizado;  Warning e-mail sent.
28-03-2024 06:36:38.099Z;functions.encerra_prog;  RM ENCERRADO
