01-05-2024 14:30:13.699Z;functions.bot_text_art;      ____     
01-05-2024 14:30:13.699Z;functions.bot_text_art;     [____]    
01-05-2024 14:30:13.699Z;functions.bot_text_art;   |=]()()[=|  
01-05-2024 14:30:13.699Z;functions.bot_text_art;     _\==/__    _____    ____     _        _____    ___   _  __ 
01-05-2024 14:30:13.699Z;functions.bot_text_art;   |__|   |_|  |  _  \  / ___|   | |      |_   _| / ___| | |/ / 
01-05-2024 14:30:13.699Z;functions.bot_text_art;   |_|_/\_|_|  | |  | | | |      | |        | |   | |    | ' /  
01-05-2024 14:30:13.699Z;functions.bot_text_art;   | | __ | |  | |  | | | |      | |        | |   | |    |  <   
01-05-2024 14:30:13.699Z;functions.bot_text_art;   |_|[  ]|_|  | |__| | | |____  | |____   _| |_  | |__  | . \  
01-05-2024 14:30:13.699Z;functions.bot_text_art;   \_|_||_|_/  |_____/   \_____| |______| |_____| \ ___| |_|\_\ 
01-05-2024 14:30:13.699Z;functions.bot_text_art;     |_||_|    
01-05-2024 14:30:13.699Z;functions.bot_text_art;     | ||_|_   
01-05-2024 14:30:13.699Z;functions.bot_text_art;   |___||___|  
01-05-2024 14:30:13.699Z;functions.bot_text_art;               
01-05-2024 14:30:13.714Z;functions.open_RM;  OPEN PROGRAM RM
01-05-2024 14:30:19.324Z;functions.loggin_RM;  ACHOU O PANE PICTURE
01-05-2024 14:30:19.965Z;functions.loggin_RM;  ENCONTRA USE FIELD
01-05-2024 14:30:20.059Z;functions.loggin_RM;  DUPLO CLICK
01-05-2024 14:30:23.042Z;functions.loggin_RM;  ENTRAR USER_NAME
01-05-2024 14:30:23.683Z;functions.loggin_RM;  ENCONTRA PASS FIELD
01-05-2024 14:30:23.746Z;functions.loggin_RM;  CLICK
01-05-2024 14:30:25.854Z;functions.loggin_RM;  ENTRAR PASSWORD
01-05-2024 14:30:26.528Z;functions.loggin_RM;  ENTRAR RM
01-05-2024 14:30:44.214Z;functions.enter_coligada;  CLICK CONTEXTO
01-05-2024 14:30:48.139Z;functions.enter_coligada;  CLICK ALTERAR MODULO DO CONTEXTO
01-05-2024 14:30:50.450Z;functions.enter_coligada;  INSERE O COLIGADA CODE = 1
01-05-2024 14:30:50.551Z;functions.enter_coligada;  APERTA TAB PARA PREENCHER O CAMPO COM A STRING: OCEANICA ENGENHARIA E CONSULTORIA S.A.
01-05-2024 14:30:51.385Z;functions.enter_coligada;  CLICK AVANÇAR NOVAMENTE
01-05-2024 14:30:52.179Z;functions.enter_coligada;  CLICK CONCLUIR
01-05-2024 14:31:01.591Z;functions.enter_coligada;  POP UP COLIGADA DESAPARECER
01-05-2024 14:31:02.200Z;functions.check_movimentacao_bancaria;  CLICK - TOTVS - LINHA RM
01-05-2024 14:31:03.240Z;functions.check_movimentacao_bancaria;  CLICK - BACK OFFICE
01-05-2024 14:31:05.512Z;functions.check_movimentacao_bancaria;  CLICK - GESTAO FINANCEIRA
01-05-2024 14:31:07.699Z;functions.movimentacao_bancaria;  CLICK NA ABA MOVIMENTAÇÃO BANCARIA
01-05-2024 14:31:09.810Z;functions.waitForImage;  IMAGEM BORDERO image found.
01-05-2024 14:31:11.930Z;functions.movimentacao_bancaria;  IMAGEM BORDERO CLICADA.
01-05-2024 14:31:22.344Z;functions.waitForImage;  LICENCAS EXCEDIDAS image not found.
01-05-2024 14:31:24.801Z;functions.waitForImage;  LICENCE SERVER image not found.
01-05-2024 14:31:25.368Z;functions.movimentacao_bancaria;  ENCONTROU O FILTRO DA MOVIMENTAÇÃO BANCÁRIA
01-05-2024 14:31:25.387Z;functions.movimentacao_bancaria;  CLICA NA ABA SUPERIOR DO FILTRO
01-05-2024 14:31:29.593Z;functions.movimentacao_bancaria;  SELECIONA O FILTRO HOJE
01-05-2024 14:31:29.593Z;functions.filter_clean;  FUNÇÃO LIMPA FILTRO
01-05-2024 14:31:31.497Z;functions.waitForImage;  FILTER CLEAN image found.
01-05-2024 14:31:33.628Z;functions.filter_clean;  CLICK NO BOTÃO X DO LIMPA FILTRO
01-05-2024 14:31:49.152Z;functions.waitForImage;  FILTER CLEAN image not found.
01-05-2024 14:32:04.728Z;functions.waitForImage;  FILTER CLEAN image not found.
01-05-2024 14:32:05.495Z;functions.movimentacao_bancaria;  CLICK NA PRIMEIRA LINHA DA TABELA MOVIMENTAÇÃO BANCÁRIA
01-05-2024 14:32:06.707Z;functions.movimentacao_bancaria;  12 PASSOS PARA DIREITA NA TABELA >>
01-05-2024 14:32:07.950Z;functions.movimentacao_bancaria;  HOVER FILTER
01-05-2024 14:32:08.306Z;functions.movimentacao_bancaria;  CLICK FILTER
01-05-2024 14:32:12.616Z;functions.movimentacao_bancaria;  CLICK NO FILTRO  STATUS DA REMESSA
01-05-2024 14:32:14.717Z;functions.movimentacao_bancaria;  APERTA TAB PARA ESCREVER O FILTRO
01-05-2024 14:32:16.822Z;functions.movimentacao_bancaria;  ESCREVE PENDENTE NO FILTRO
01-05-2024 14:32:18.923Z;functions.movimentacao_bancaria;  APERTA ENTER PARA SELECIONAR OS PENDENTES
01-05-2024 14:32:38.855Z;functions.movimentacao_bancaria;  SEM REGISTROS DE PROCESSO DE BORDERO PENDENTE
01-05-2024 14:32:38.855Z;functions.filter_clean;  FUNÇÃO LIMPA FILTRO
01-05-2024 14:32:38.933Z;functions.waitForImage;  FILTER CLEAN image found.
01-05-2024 14:32:41.064Z;functions.filter_clean;  CLICK NO BOTÃO X DO LIMPA FILTRO
01-05-2024 14:32:56.573Z;functions.waitForImage;  FILTER CLEAN image not found.
01-05-2024 14:33:11.610Z;functions.waitForImage;  FILTER CLEAN image not found.
01-05-2024 14:33:12.403Z;functions.remessa_pagamento;  CLICK NA PRIMEIRA LINHA DA TABELA MOVIMENTAÇÃO BANCÁRIA
01-05-2024 14:33:13.653Z;functions.remessa_pagamento;  HOVER FILTER
01-05-2024 14:33:13.939Z;functions.remessa_pagamento;  CLICK FILTER
01-05-2024 14:33:18.251Z;functions.remessa_pagamento;  CLICK NO FILTRO  STATUS DA REMESSA
01-05-2024 14:33:20.352Z;functions.remessa_pagamento;  APERTA TAB PARA ESCREVER O FILTRO
01-05-2024 14:33:22.458Z;functions.remessa_pagamento;  ESCREVE AUTORIZADO NO FILTRO
01-05-2024 14:33:24.560Z;functions.remessa_pagamento;  APERTA ENTER PARA SELECIONAR OS AUTORIZADOS
01-05-2024 14:33:45.480Z;functions.remessa_pagamento;  SEM REMESSA DE BORDERO AUTORIZADO
01-05-2024 14:33:46.074Z;functions.enter_contas_a_pagar;  CLICK - TOTVS - LINHA RM
01-05-2024 14:33:47.014Z;functions.enter_contas_a_pagar;  CLICK - BACK OFFICE
01-05-2024 14:33:47.699Z;functions.enter_contas_a_pagar;  CLICK - GESTAO FINANCEIRA
01-05-2024 14:33:52.824Z;functions.enter_contas_a_pagar;  CLICK - CONTAS A PAGAR
01-05-2024 14:33:52.976Z;functions.waitForImage;  LANÇAMENTOS image found.
01-05-2024 14:33:55.097Z;functions.enter_contas_a_pagar;  CLICA EM LANÇAMENTOS
01-05-2024 14:34:10.465Z;functions.waitForImage;  LICENCAS EXCEDIDAS image not found.
01-05-2024 14:34:10.465Z;functions.obter_intervalo_data;  VERIFICANDO A HORA ATUAL 14
01-05-2024 14:34:10.465Z;functions.obter_intervalo_data;  Data Inicial PENSAO antes da remoção: None
01-05-2024 14:34:10.465Z;functions.obter_intervalo_data;  Data Final PENSAO antes da remoção: None
01-05-2024 14:34:10.465Z;functions.obter_intervalo_data;  Data Inicial PENSAO após a remoção: None
01-05-2024 14:34:10.465Z;functions.obter_intervalo_data;  Data Final PENSAO após a remoção: None
01-05-2024 14:34:10.465Z;functions.obter_intervalo_data;  hoje -  2024-05-01 14:34:10.465257
01-05-2024 14:34:10.465Z;functions.data_filter;  DATA INICIO 08-05-2024
01-05-2024 14:34:10.465Z;functions.data_filter;  DATA FIM 14-05-2024
01-05-2024 14:34:10.465Z;functions.data_filter;  CLICK - SELECIONA A DATA DE QUARTA FEIRA E DA PROXIMA TERÇA
01-05-2024 14:34:10.465Z;functions.data_filter;  QUARTA-FEIRA: 08-05-2024
01-05-2024 14:34:10.465Z;functions.data_filter;  TERCA-FEIRA: 14-05-2024
01-05-2024 14:34:21.527Z;functions.data_filter;  CLICK - BUTÃO DE SELECAO DE FILTRO
01-05-2024 14:34:25.245Z;functions.data_filter;  INSERE - DATA DE QUARTA-FEIRA: 08-05-2024
01-05-2024 14:34:28.699Z;functions.data_filter;  INSERE - DATA DA PROX TERCA-FEIRA: 14-05-2024
01-05-2024 14:34:29.324Z;functions.data_filter;  CLICK - BUTÃO DE EXECUTAR O FILTRO
01-05-2024 14:34:35.106Z;functions.desmark_filter;  CLICK CHECKBOX LANÇAMENTOS A RECEBER
01-05-2024 14:34:35.887Z;functions.desmark_filter;  CLICK CHECKBOX LANÇAMENTOS BAIXADOS
01-05-2024 14:34:36.715Z;functions.desmark_filter;  CLICK CHECKBOX LANÇAMENTOS CANCELADOS
01-05-2024 14:34:37.574Z;functions.desmark_filter;  CLICK CHECKBOX LANÇAMENTOS FATURADOS
01-05-2024 14:34:38.465Z;functions.desmark_filter;  ATUALIZA O FILTRO
01-05-2024 14:34:38.465Z;functions.filter_clean;  FUNÇÃO LIMPA FILTRO
01-05-2024 14:34:38.578Z;functions.waitForImage;  FILTER CLEAN image found.
01-05-2024 14:34:40.710Z;functions.filter_clean;  CLICK NO BOTÃO X DO LIMPA FILTRO
01-05-2024 14:34:56.240Z;functions.waitForImage;  FILTER CLEAN image not found.
01-05-2024 14:35:11.798Z;functions.waitForImage;  FILTER CLEAN image not found.
01-05-2024 14:35:12.746Z;functions.tabela_vazia;  Texto extraido 0/0
01-05-2024 14:35:12.746Z;functions.tabela_vazia;  Count 0
01-05-2024 14:35:12.746Z;functions.tabela_vazia;  Type <class 'int'>
01-05-2024 14:35:14.760Z;functions.tabela_vazia;  SEM REMESSA DE FÉRIAS/RESCISÃO
01-05-2024 14:35:16.761Z;main.<module>;  SEM REMESSA DE PENSÃO
01-05-2024 14:35:18.621Z;errorhandler.__handle;  Property: Unknown Property name. [1:203: -ms-interpolation-mode]
01-05-2024 14:35:18.637Z;errorhandler.__handle;  Property: Unknown Property name. [1:353: -webkit-font-smoothing]
01-05-2024 14:35:18.637Z;errorhandler.__handle;  Property: Unknown Property name. [1:483: -ms-text-size-adjust]
01-05-2024 14:35:18.637Z;errorhandler.__handle;  Property: Unknown Property name. [1:518: -webkit-text-size-adjust]
01-05-2024 14:35:18.637Z;errorhandler.__handle;  Property: Unknown Property name. [1:612: mso-table-lspace]
01-05-2024 14:35:18.637Z;errorhandler.__handle;  Property: Unknown Property name. [1:642: mso-table-rspace]
01-05-2024 14:35:18.683Z;errorhandler.__handle;  Property: Unknown Property name. [1:4734: mso-hide]
01-05-2024 14:35:18.699Z;errorhandler.__handle;  Property: Unknown Property name. [1:13: -ms-interpolation-mode]
01-05-2024 14:35:18.715Z;errorhandler.__handle;  Property: Unknown Property name. [1:49: -webkit-font-smoothing]
01-05-2024 14:35:18.715Z;errorhandler.__handle;  Property: Unknown Property name. [1:134: -ms-text-size-adjust]
01-05-2024 14:35:18.715Z;errorhandler.__handle;  Property: Unknown Property name. [1:160: -webkit-text-size-adjust]
01-05-2024 14:35:18.715Z;errorhandler.__handle;  Property: Unknown Property name. [1:26: mso-table-lspace]
01-05-2024 14:35:18.715Z;errorhandler.__handle;  Property: Unknown Property name. [1:45: mso-table-rspace]
01-05-2024 14:35:18.715Z;errorhandler.__handle;  Property: Unknown Property name. [1:92: mso-hide]
01-05-2024 14:35:18.730Z;errorhandler.__handle;  Property: No ":" after name found: align-center [1:1: align-center]
01-05-2024 14:35:18.730Z;errorhandler.__handle;  Property: No property value found: align-center [1:1: align-center]
01-05-2024 14:35:18.730Z;errorhandler.__handle;  CSSStyleDeclaration: Syntax Error in Property: align-center
01-05-2024 14:35:18.730Z;errorhandler.__handle;  Property: Unknown Property name. [1:14: -ms-interpolation-mode]
01-05-2024 14:35:21.246Z;functions.emailFinalizado;  Warning e-mail sent.
01-05-2024 14:35:21.333Z;functions.encerra_prog;  RM ENCERRADO
