06-08-2024 03:31:07.960Z;functions.bot_text_art;      ____     
06-08-2024 03:31:07.960Z;functions.bot_text_art;     [____]    
06-08-2024 03:31:07.960Z;functions.bot_text_art;   |=]()()[=|  
06-08-2024 03:31:07.960Z;functions.bot_text_art;     _\==/__    _____    ____     _        _____    ___   _  __ 
06-08-2024 03:31:07.960Z;functions.bot_text_art;   |__|   |_|  |  _  \  / ___|   | |      |_   _| / ___| | |/ / 
06-08-2024 03:31:07.960Z;functions.bot_text_art;   |_|_/\_|_|  | |  | | | |      | |        | |   | |    | ' /  
06-08-2024 03:31:07.960Z;functions.bot_text_art;   | | __ | |  | |  | | | |      | |        | |   | |    |  <   
06-08-2024 03:31:07.960Z;functions.bot_text_art;   |_|[  ]|_|  | |__| | | |____  | |____   _| |_  | |__  | . \  
06-08-2024 03:31:07.975Z;functions.bot_text_art;   \_|_||_|_/  |_____/   \_____| |______| |_____| \ ___| |_|\_\ 
06-08-2024 03:31:07.975Z;functions.bot_text_art;     |_||_|    
06-08-2024 03:31:07.975Z;functions.bot_text_art;     | ||_|_   
06-08-2024 03:31:07.975Z;functions.bot_text_art;   |___||___|  
06-08-2024 03:31:07.975Z;functions.bot_text_art;               
06-08-2024 03:31:07.991Z;functions.open_RM;  OPEN PROGRAM RM
06-08-2024 03:31:15.757Z;functions.loggin_RM;  ACHOU O PANE PICTURE
06-08-2024 03:31:16.522Z;functions.loggin_RM;  ENCONTRA USE FIELD
06-08-2024 03:31:16.632Z;functions.loggin_RM;  DUPLO CLICK
06-08-2024 03:31:19.491Z;functions.loggin_RM;  ENTRAR USER_NAME
06-08-2024 03:31:20.350Z;functions.loggin_RM;  ENCONTRA PASS FIELD
06-08-2024 03:31:20.444Z;functions.loggin_RM;  CLICK
06-08-2024 03:31:22.553Z;functions.loggin_RM;  ENTRAR PASSWORD
06-08-2024 03:31:23.475Z;functions.loggin_RM;  ENTRAR RM
06-08-2024 03:34:34.084Z;functions.enter_coligada;  AGUARDANDO 1
06-08-2024 03:34:35.100Z;functions.enter_coligada;  CLICK CONTEXTO
06-08-2024 03:34:36.663Z;functions.enter_coligada;  CLICK ALTERAR MODULO DO CONTEXTO
06-08-2024 03:34:38.944Z;functions.enter_coligada;  INSERE O COLIGADA CODE = 1
06-08-2024 03:34:39.045Z;functions.enter_coligada;  APERTA TAB PARA PREENCHER O CAMPO COM A STRING: OCEANICA ENGENHARIA E CONSULTORIA S.A.
06-08-2024 03:34:40.257Z;functions.enter_coligada;  CLICK AVANÇAR NOVAMENTE
06-08-2024 03:34:41.194Z;functions.enter_coligada;  CLICK CONCLUIR
06-08-2024 03:35:01.553Z;functions.waitForImage;  TROCA COLIGADA image not found.
06-08-2024 03:35:10.491Z;functions.enter_coligada;  POP UP COLIGADA DESAPARECER
06-08-2024 03:35:11.225Z;functions.check_movimentacao_bancaria;  CLICK - TOTVS - LINHA RM
06-08-2024 03:35:12.350Z;functions.check_movimentacao_bancaria;  CLICK - BACK OFFICE
06-08-2024 03:35:14.725Z;functions.check_movimentacao_bancaria;  CLICK - GESTAO FINANCEIRA
06-08-2024 03:35:14.725Z;functions.obter_intervalo_data;  VERIFICANDO A HORA ATUAL 3
06-08-2024 03:35:14.735Z;functions.obter_intervalo_data;  Data Inicial PENSAO antes da remoção: None
06-08-2024 03:35:14.735Z;functions.obter_intervalo_data;  Data Final PENSAO antes da remoção: None
06-08-2024 03:35:14.738Z;functions.obter_intervalo_data;  Data Inicial PENSAO após a remoção: None
06-08-2024 03:35:14.738Z;functions.obter_intervalo_data;  Data Final PENSAO após a remoção: None
06-08-2024 03:35:14.738Z;functions.obter_intervalo_data;  hoje -  2024-08-06 03:35:14.738954
06-08-2024 03:35:14.738Z;functions.check_movimentacao_bancaria;  DATA INICIO 07-08-2024
06-08-2024 03:35:14.738Z;functions.check_movimentacao_bancaria;  DATA FIM 13-08-2024
06-08-2024 03:35:14.739Z;functions.movimentacao_bancaria;  AGUARDANDO 1
06-08-2024 03:35:19.194Z;functions.movimentacao_bancaria;  CLICK NA ABA MOVIMENTAÇÃO BANCARIA
06-08-2024 03:35:21.285Z;functions.waitForImage;  IMAGEM BORDERO image found.
06-08-2024 03:35:23.389Z;functions.movimentacao_bancaria;  IMAGEM BORDERO CLICADA.
06-08-2024 03:35:33.678Z;functions.waitForImage;  LICENCAS EXCEDIDAS image not found.
06-08-2024 03:35:36.022Z;functions.waitForImage;  LICENCE SERVER image not found.
06-08-2024 03:35:36.617Z;functions.movimentacao_bancaria;  ENCONTROU O FILTRO DA MOVIMENTAÇÃO BANCÁRIA
06-08-2024 03:35:36.663Z;functions.movimentacao_bancaria;  CLICA NA ABA SUPERIOR DO FILTRO
06-08-2024 03:35:40.867Z;functions.movimentacao_bancaria;  SELECIONA O FILTRO HOJE
06-08-2024 03:35:40.867Z;functions.filter_clean;  FUNÇÃO LIMPA FILTRO
06-08-2024 03:35:56.209Z;functions.waitForImage;  FILTER CLEAN image not found.
06-08-2024 03:36:11.467Z;functions.waitForImage;  FILTER CLEAN image not found.
06-08-2024 03:36:26.710Z;functions.waitForImage;  FILTER CLEAN image not found.
06-08-2024 03:36:45.632Z;functions.movimentacao_bancaria;  SEM REGISTROS DE PROCESSO DE BORDERO PENDENTE
06-08-2024 03:36:45.632Z;functions.filter_clean;  FUNÇÃO LIMPA FILTRO
06-08-2024 03:37:00.897Z;functions.waitForImage;  FILTER CLEAN image not found.
06-08-2024 03:37:16.178Z;functions.waitForImage;  FILTER CLEAN image not found.
06-08-2024 03:37:31.436Z;functions.waitForImage;  FILTER CLEAN image not found.
06-08-2024 03:38:05.209Z;functions.remessa_pagamento;  SEM PROCESSO DE BORDERO AUTORIZADO
06-08-2024 03:38:06.663Z;errorhandler.__handle;  Property: Unknown Property name. [1:203: -ms-interpolation-mode]
06-08-2024 03:38:06.678Z;errorhandler.__handle;  Property: Unknown Property name. [1:353: -webkit-font-smoothing]
06-08-2024 03:38:06.678Z;errorhandler.__handle;  Property: Unknown Property name. [1:483: -ms-text-size-adjust]
06-08-2024 03:38:06.678Z;errorhandler.__handle;  Property: Unknown Property name. [1:518: -webkit-text-size-adjust]
06-08-2024 03:38:06.678Z;errorhandler.__handle;  Property: Unknown Property name. [1:612: mso-table-lspace]
06-08-2024 03:38:06.678Z;errorhandler.__handle;  Property: Unknown Property name. [1:642: mso-table-rspace]
06-08-2024 03:38:06.725Z;errorhandler.__handle;  Property: Unknown Property name. [1:4734: mso-hide]
06-08-2024 03:38:06.756Z;errorhandler.__handle;  Property: Unknown Property name. [1:13: -ms-interpolation-mode]
06-08-2024 03:38:06.756Z;errorhandler.__handle;  Property: Unknown Property name. [1:49: -webkit-font-smoothing]
06-08-2024 03:38:06.756Z;errorhandler.__handle;  Property: Unknown Property name. [1:134: -ms-text-size-adjust]
06-08-2024 03:38:06.756Z;errorhandler.__handle;  Property: Unknown Property name. [1:160: -webkit-text-size-adjust]
06-08-2024 03:38:06.756Z;errorhandler.__handle;  Property: Unknown Property name. [1:26: mso-table-lspace]
06-08-2024 03:38:06.756Z;errorhandler.__handle;  Property: Unknown Property name. [1:45: mso-table-rspace]
06-08-2024 03:38:06.756Z;errorhandler.__handle;  Property: Unknown Property name. [1:92: mso-hide]
06-08-2024 03:38:06.772Z;errorhandler.__handle;  Property: No ":" after name found: align-center [1:1: align-center]
06-08-2024 03:38:06.772Z;errorhandler.__handle;  Property: No property value found: align-center [1:1: align-center]
06-08-2024 03:38:06.772Z;errorhandler.__handle;  CSSStyleDeclaration: Syntax Error in Property: align-center
06-08-2024 03:38:06.772Z;errorhandler.__handle;  Property: Unknown Property name. [1:14: -ms-interpolation-mode]
06-08-2024 03:38:09.459Z;functions.emailFinalizado;  Warning e-mail sent.
06-08-2024 03:38:09.584Z;functions.encerra_prog;  RM ENCERRADO
