12-06-2024 20:00:33.133Z;functions.bot_text_art;      ____     
12-06-2024 20:00:33.133Z;functions.bot_text_art;     [____]    
12-06-2024 20:00:33.133Z;functions.bot_text_art;   |=]()()[=|  
12-06-2024 20:00:33.133Z;functions.bot_text_art;     _\==/__    _____    ____     _        _____    ___   _  __ 
12-06-2024 20:00:33.133Z;functions.bot_text_art;   |__|   |_|  |  _  \  / ___|   | |      |_   _| / ___| | |/ / 
12-06-2024 20:00:33.133Z;functions.bot_text_art;   |_|_/\_|_|  | |  | | | |      | |        | |   | |    | ' /  
12-06-2024 20:00:33.133Z;functions.bot_text_art;   | | __ | |  | |  | | | |      | |        | |   | |    |  <   
12-06-2024 20:00:33.133Z;functions.bot_text_art;   |_|[  ]|_|  | |__| | | |____  | |____   _| |_  | |__  | . \  
12-06-2024 20:00:33.133Z;functions.bot_text_art;   \_|_||_|_/  |_____/   \_____| |______| |_____| \ ___| |_|\_\ 
12-06-2024 20:00:33.133Z;functions.bot_text_art;     |_||_|    
12-06-2024 20:00:33.133Z;functions.bot_text_art;     | ||_|_   
12-06-2024 20:00:33.133Z;functions.bot_text_art;   |___||___|  
12-06-2024 20:00:33.133Z;functions.bot_text_art;               
12-06-2024 20:00:33.149Z;functions.open_RM;  OPEN PROGRAM RM
12-06-2024 20:00:50.340Z;functions.loggin_RM;  ACHOU O PANE PICTURE
12-06-2024 20:00:51.496Z;functions.loggin_RM;  ENCONTRA USE FIELD
12-06-2024 20:00:51.918Z;functions.loggin_RM;  DUPLO CLICK
12-06-2024 20:00:55.434Z;functions.loggin_RM;  ENTRAR USER_NAME
12-06-2024 20:00:56.778Z;functions.loggin_RM;  ENCONTRA PASS FIELD
12-06-2024 20:00:57.074Z;functions.loggin_RM;  CLICK
12-06-2024 20:00:59.202Z;functions.loggin_RM;  ENTRAR PASSWORD
12-06-2024 20:01:00.637Z;functions.loggin_RM;  ENTRAR RM
12-06-2024 20:02:01.387Z;functions.loggin_RM;  FILTRO NÃO ENCONTRADO DE INICIO
12-06-2024 20:03:04.383Z;functions.loggin_RM;  FILTRO NÃO ENCONTRADO DE INICIO
12-06-2024 20:04:07.940Z;functions.loggin_RM;  FILTRO NÃO ENCONTRADO DE INICIO
12-06-2024 20:04:07.940Z;functions.enter_coligada;  AGUARDANDO 1
12-06-2024 20:04:09.387Z;functions.enter_coligada;  CLICK CONTEXTO
12-06-2024 20:04:12.199Z;functions.enter_coligada;  CLICK ALTERAR MODULO DO CONTEXTO
12-06-2024 20:04:16.278Z;functions.enter_coligada;  INSERE O COLIGADA CODE = 1
12-06-2024 20:04:16.382Z;functions.enter_coligada;  APERTA TAB PARA PREENCHER O CAMPO COM A STRING: OCEANICA ENGENHARIA E CONSULTORIA S.A.
12-06-2024 20:04:18.543Z;functions.enter_coligada;  CLICK AVANÇAR NOVAMENTE
12-06-2024 20:04:19.855Z;functions.enter_coligada;  CLICK CONCLUIR
12-06-2024 20:05:24.228Z;functions.enter_coligada;  POP UP COLIGADA DESAPARECER
12-06-2024 20:05:25.199Z;functions.check_movimentacao_bancaria;  CLICK - TOTVS - LINHA RM
12-06-2024 20:05:26.918Z;functions.check_movimentacao_bancaria;  CLICK - BACK OFFICE
12-06-2024 20:05:29.606Z;functions.check_movimentacao_bancaria;  CLICK - GESTAO FINANCEIRA
12-06-2024 20:05:29.606Z;functions.obter_intervalo_data;  VERIFICANDO A HORA ATUAL 20
12-06-2024 20:05:29.634Z;functions.obter_intervalo_data;  Data Inicial PENSAO antes da remoção: None
12-06-2024 20:05:29.635Z;functions.obter_intervalo_data;  Data Final PENSAO antes da remoção: None
12-06-2024 20:05:29.641Z;functions.obter_intervalo_data;  Data Inicial PENSAO após a remoção: None
12-06-2024 20:05:29.642Z;functions.obter_intervalo_data;  Data Final PENSAO após a remoção: None
12-06-2024 20:05:29.642Z;functions.obter_intervalo_data;  hoje -  2024-06-12 20:05:29.642602
12-06-2024 20:05:29.643Z;functions.check_movimentacao_bancaria;  DATA INICIO 19-06-2024
12-06-2024 20:05:29.643Z;functions.check_movimentacao_bancaria;  DATA FIM 25-06-2024
12-06-2024 20:05:29.643Z;functions.movimentacao_bancaria;  AGUARDANDO 1
12-06-2024 20:05:36.230Z;functions.movimentacao_bancaria;  CLICK NA ABA MOVIMENTAÇÃO BANCARIA
12-06-2024 20:05:39.231Z;functions.waitForImage;  IMAGEM BORDERO image found.
12-06-2024 20:05:41.363Z;functions.movimentacao_bancaria;  IMAGEM BORDERO CLICADA.
12-06-2024 20:05:51.981Z;functions.waitForImage;  LICENCAS EXCEDIDAS image not found.
12-06-2024 20:05:54.340Z;functions.waitForImage;  LICENCE SERVER image not found.
12-06-2024 20:05:55.027Z;functions.movimentacao_bancaria;  ENCONTROU O FILTRO DA MOVIMENTAÇÃO BANCÁRIA
12-06-2024 20:05:55.074Z;functions.movimentacao_bancaria;  CLICA NA ABA SUPERIOR DO FILTRO
12-06-2024 20:05:59.284Z;functions.movimentacao_bancaria;  SELECIONA O FILTRO HOJE
12-06-2024 20:05:59.284Z;functions.filter_clean;  FUNÇÃO LIMPA FILTRO
12-06-2024 20:06:04.512Z;functions.waitForImage;  FILTER CLEAN image found.
12-06-2024 20:06:06.646Z;functions.filter_clean;  CLICK NO BOTÃO X DO LIMPA FILTRO
12-06-2024 20:06:06.856Z;functions.waitForImage;  FILTER CLEAN image found.
12-06-2024 20:06:08.988Z;functions.filter_clean;  CLICK NO BOTÃO X DO LIMPA FILTRO
12-06-2024 20:06:24.293Z;functions.waitForImage;  FILTER CLEAN image not found.
12-06-2024 20:06:26.012Z;functions.movimentacao_bancaria;  CLICK NA PRIMEIRA LINHA DA TABELA MOVIMENTAÇÃO BANCÁRIA
12-06-2024 20:06:27.235Z;functions.movimentacao_bancaria;  12 PASSOS PARA DIREITA NA TABELA >>
12-06-2024 20:06:29.371Z;functions.movimentacao_bancaria;  HOVER FILTER
12-06-2024 20:06:29.935Z;functions.movimentacao_bancaria;  CLICK FILTER
12-06-2024 20:06:34.262Z;functions.movimentacao_bancaria;  CLICK NO FILTRO  STATUS DA REMESSA
12-06-2024 20:06:36.364Z;functions.movimentacao_bancaria;  APERTA TAB PARA ESCREVER O FILTRO
12-06-2024 20:06:38.479Z;functions.movimentacao_bancaria;  ESCREVE PENDENTE NO FILTRO
12-06-2024 20:06:40.582Z;functions.movimentacao_bancaria;  APERTA ENTER PARA SELECIONAR OS PENDENTES
12-06-2024 20:07:03.106Z;functions.movimentacao_bancaria;  SEM REGISTROS DE PROCESSO DE BORDERO PENDENTE
12-06-2024 20:07:03.106Z;functions.filter_clean;  FUNÇÃO LIMPA FILTRO
12-06-2024 20:07:03.324Z;functions.waitForImage;  FILTER CLEAN image found.
12-06-2024 20:07:05.461Z;functions.filter_clean;  CLICK NO BOTÃO X DO LIMPA FILTRO
12-06-2024 20:07:20.762Z;functions.waitForImage;  FILTER CLEAN image not found.
12-06-2024 20:07:36.074Z;functions.waitForImage;  FILTER CLEAN image not found.
12-06-2024 20:07:37.886Z;functions.remessa_pagamento;  CLICK NA PRIMEIRA LINHA DA TABELA MOVIMENTAÇÃO BANCÁRIA
12-06-2024 20:07:40.027Z;functions.remessa_pagamento;  HOVER FILTER
12-06-2024 20:07:40.604Z;functions.remessa_pagamento;  CLICK FILTER
12-06-2024 20:07:44.936Z;functions.remessa_pagamento;  CLICK NO FILTRO  STATUS DA REMESSA
12-06-2024 20:07:47.039Z;functions.remessa_pagamento;  APERTA TAB PARA ESCREVER O FILTRO
12-06-2024 20:07:49.157Z;functions.remessa_pagamento;  ESCREVE AUTORIZADO NO FILTRO
12-06-2024 20:07:51.261Z;functions.remessa_pagamento;  APERTA ENTER PARA SELECIONAR OS AUTORIZADOS
12-06-2024 20:08:14.824Z;functions.remessa_pagamento;  SEM REMESSA DE BORDERO AUTORIZADO
12-06-2024 20:08:15.792Z;functions.enter_contas_a_pagar;  CLICK - TOTVS - LINHA RM
12-06-2024 20:08:17.230Z;functions.enter_contas_a_pagar;  CLICK - BACK OFFICE
12-06-2024 20:08:18.167Z;functions.enter_contas_a_pagar;  CLICK - GESTAO FINANCEIRA
12-06-2024 20:08:24.480Z;functions.enter_contas_a_pagar;  CLICK - CONTAS A PAGAR
12-06-2024 20:08:25.418Z;functions.waitForImage;  LANÇAMENTOS image found.
12-06-2024 20:08:27.551Z;functions.enter_contas_a_pagar;  CLICA EM LANÇAMENTOS
12-06-2024 20:08:42.870Z;functions.waitForImage;  LICENCAS EXCEDIDAS image not found.
12-06-2024 20:08:42.870Z;functions.data_filter;  CLICK - SELECIONA A DATA DE QUARTA FEIRA E DA PROXIMA TERÇA
12-06-2024 20:08:42.870Z;functions.data_filter;  QUARTA-FEIRA: 19-06-2024
12-06-2024 20:08:42.870Z;functions.data_filter;  TERCA-FEIRA: 25-06-2024
12-06-2024 20:08:55.542Z;functions.data_filter;  CLICK - BUTÃO DE SELECAO DE FILTRO
12-06-2024 20:09:00.218Z;functions.data_filter;  INSERE - DATA DE QUARTA-FEIRA: 19-06-2024
12-06-2024 20:09:04.495Z;functions.data_filter;  INSERE - DATA DA PROX TERCA-FEIRA: 25-06-2024
12-06-2024 20:09:05.604Z;functions.data_filter;  CLICK - BUTÃO DE EXECUTAR O FILTRO
12-06-2024 20:09:10.608Z;functions.desmark_filter;  AGUARDANDO 1
12-06-2024 20:09:12.948Z;functions.desmark_filter;  CLICK CHECKBOX LANÇAMENTOS A RECEBER
12-06-2024 20:09:15.604Z;functions.desmark_filter;  CLICK CHECKBOX LANÇAMENTOS BAIXADOS
12-06-2024 20:09:18.479Z;functions.desmark_filter;  CLICK CHECKBOX LANÇAMENTOS CANCELADOS
12-06-2024 20:09:21.559Z;functions.desmark_filter;  CLICK CHECKBOX LANÇAMENTOS FATURADOS
12-06-2024 20:09:24.903Z;functions.desmark_filter;  ATUALIZA O FILTRO
12-06-2024 20:09:24.903Z;functions.filter_clean;  FUNÇÃO LIMPA FILTRO
12-06-2024 20:09:40.200Z;functions.waitForImage;  FILTER CLEAN image not found.
12-06-2024 20:09:55.511Z;functions.waitForImage;  FILTER CLEAN image not found.
12-06-2024 20:10:10.823Z;functions.waitForImage;  FILTER CLEAN image not found.
12-06-2024 20:10:14.526Z;functions.tabela_vazia;  Texto extraido 1/1
12-06-2024 20:10:14.526Z;functions.tabela_vazia;  Count 1
12-06-2024 20:10:14.526Z;functions.tabela_vazia;  Type <class 'int'>
12-06-2024 20:10:14.526Z;functions.tabela_vazia;  TABELA CONTÉM REGISTROS
12-06-2024 20:10:15.948Z;functions.desbloqueio;  SELECIONA TODAS AS TUPLAS
12-06-2024 20:10:16.057Z;functions.desbloqueio;  CONTROL P PARA SELECIONAR PROCESSO
12-06-2024 20:10:22.272Z;functions.desbloqueio;  7 SETAS PARA BAIXO - MANUTENÇÃO DE LANÇAMENTO
12-06-2024 20:10:24.375Z;functions.desbloqueio;  SETA PARA DIREITA
12-06-2024 20:10:27.189Z;functions.desbloqueio;  8 SETAS PARA BAIXO
12-06-2024 20:10:29.292Z;functions.desbloqueio;  ENTER PARA SELECIONAR DESBLOQUEIO ALTERAÇÃO
12-06-2024 20:11:29.599Z;functions.desbloqueio;  CLICK ESC 3 VEZES
12-06-2024 20:11:31.702Z;functions.exec_lancamentos;  CONTROL G
12-06-2024 20:11:35.729Z;functions.exec_lancamentos;  CLICK PARA APARECER CONTA/CAIXA
12-06-2024 20:11:37.072Z;functions.exec_lancamentos;  SELECIONA CONTA/CAIXA
12-06-2024 20:11:38.572Z;functions.exec_lancamentos;  CLICK NO BOTÃO [...]
12-06-2024 20:11:41.375Z;functions.exec_lancamentos;  CLICK NO CAMPO PESQUISA E DIGITA: %3212
12-06-2024 20:11:42.626Z;functions.exec_lancamentos;  CLICK NO BOTÃO DO FILTRO
12-06-2024 20:11:43.947Z;functions.exec_lancamentos;  CLICK NO BOTÃO OK
12-06-2024 20:11:45.201Z;functions.exec_lancamentos;  CLICK NO BOTÃO EXECUTAR
12-06-2024 20:11:45.201Z;functions.process_lancamentos;  AGUARDANDO 1
12-06-2024 20:12:17.384Z;functions.waitForImage;  ERRO TEMPO image not found.
12-06-2024 20:12:17.635Z;functions.waitForImage;  PRESS BUTTON OK image found.
12-06-2024 20:12:19.641Z;functions.process_lancamentos;  O PROCESSAMENTO DE LANÇAMENTO FOI EXECUTADO COM SUCESSO.
12-06-2024 20:12:29.283Z;functions.process_lancamentos;  Lançamento Ref. 954537: Convênio alterado para o convênio default '7' da conta Caixa '02675-5' .
Alteração Global de Lançamentos executada com sucesso

12-06-2024 20:12:30.493Z;functions.process_lancamentos;  CLICA EM FECHAR.
12-06-2024 20:12:49.899Z;functions.proccess_bordero;  SELECIONAR INCLUSÃO DE BORDERO
12-06-2024 20:13:10.261Z;functions.waitForImage;  PRESS BUTON SIM image not found.
12-06-2024 20:13:11.822Z;functions.proccess_bordero;  CLICK EM CONVÊNIO TRÊS PONTINHOS
12-06-2024 20:13:13.822Z;functions.proccess_bordero;  CLICK EM COMBOBOX PARA SELECIONAR O ID DO CONVÊNIO
12-06-2024 20:13:15.356Z;functions.proccess_bordero;  CLICK EM ID DO CONVÊNIO
12-06-2024 20:13:17.460Z;functions.proccess_bordero;  APERTA TAB PARA ESCREVER O ID
12-06-2024 20:13:19.564Z;functions.proccess_bordero;  ESCREVE O ID 10 - PENSÃO
12-06-2024 20:13:21.666Z;functions.proccess_bordero;  APERTA ENTER PARA SELECIONAR O ID 10 - PENSÃO
12-06-2024 20:13:23.768Z;functions.proccess_bordero;  APERTA ENTER PARA ESCOLHER O ID 10 - PENSÃO
12-06-2024 20:13:26.885Z;functions.proccess_bordero;  CLICK EM EXECUTAR NA INCLUSÃO DO BORDÊRO
12-06-2024 20:13:47.119Z;functions.waitForImage;  PRESS BUTTON OK image found.
12-06-2024 20:13:49.131Z;functions.proccess_bordero;  O PROCESSAMENTO DO BORDERO FOI EXECUTADO COM SUCESSO.
12-06-2024 20:13:50.135Z;functions.proccess_bordero;  CLICK EM FECHAR.
12-06-2024 20:13:50.135Z;functions.movimentacao_bancaria;  AGUARDANDO 1
12-06-2024 20:13:53.103Z;functions.movimentacao_bancaria;  CLICK NA ABA MOVIMENTAÇÃO BANCARIA
12-06-2024 20:13:55.334Z;functions.waitForImage;  IMAGEM BORDERO image found.
12-06-2024 20:13:57.437Z;functions.movimentacao_bancaria;  IMAGEM BORDERO CLICADA.
12-06-2024 20:14:07.728Z;functions.waitForImage;  LICENCAS EXCEDIDAS image not found.
12-06-2024 20:14:10.103Z;functions.waitForImage;  LICENCE SERVER image not found.
12-06-2024 20:14:10.822Z;functions.movimentacao_bancaria;  ENCONTROU O FILTRO DA MOVIMENTAÇÃO BANCÁRIA
12-06-2024 20:14:10.885Z;functions.movimentacao_bancaria;  CLICA NA ABA SUPERIOR DO FILTRO
12-06-2024 20:14:15.096Z;functions.movimentacao_bancaria;  SELECIONA O FILTRO HOJE
12-06-2024 20:14:15.096Z;functions.filter_clean;  FUNÇÃO LIMPA FILTRO
12-06-2024 20:14:16.728Z;functions.waitForImage;  FILTER CLEAN image found.
12-06-2024 20:14:18.862Z;functions.filter_clean;  CLICK NO BOTÃO X DO LIMPA FILTRO
12-06-2024 20:14:34.166Z;functions.waitForImage;  FILTER CLEAN image not found.
12-06-2024 20:14:49.478Z;functions.waitForImage;  FILTER CLEAN image not found.
12-06-2024 20:14:51.041Z;functions.movimentacao_bancaria;  CLICK NA PRIMEIRA LINHA DA TABELA MOVIMENTAÇÃO BANCÁRIA
12-06-2024 20:14:52.275Z;functions.movimentacao_bancaria;  12 PASSOS PARA DIREITA NA TABELA >>
12-06-2024 20:14:54.525Z;functions.movimentacao_bancaria;  HOVER FILTER
12-06-2024 20:14:55.097Z;functions.movimentacao_bancaria;  CLICK FILTER
12-06-2024 20:14:59.428Z;functions.movimentacao_bancaria;  CLICK NO FILTRO  STATUS DA REMESSA
12-06-2024 20:15:01.531Z;functions.movimentacao_bancaria;  APERTA TAB PARA ESCREVER O FILTRO
12-06-2024 20:15:03.645Z;functions.movimentacao_bancaria;  ESCREVE PENDENTE NO FILTRO
12-06-2024 20:15:05.747Z;functions.movimentacao_bancaria;  APERTA ENTER PARA SELECIONAR OS PENDENTES
12-06-2024 20:15:10.712Z;functions.movimentacao_bancaria;  SELECIONA TODAS AS TUPLAS COM STATUS PENDENTE
12-06-2024 20:15:12.829Z;functions.movimentacao_bancaria;  CLICK EM PROCESSOS
12-06-2024 20:15:14.931Z;functions.movimentacao_bancaria;  APERTA PARA BAIXO
12-06-2024 20:15:17.034Z;functions.movimentacao_bancaria;  APERTA ENTER
12-06-2024 20:15:20.134Z;functions.movimentacao_bancaria;  CLICK EM EXECUTAR BORDERO DE PAGAMENTO
12-06-2024 20:15:31.931Z;functions.waitForImage;  PRESS BUTTON OK image found.
12-06-2024 20:15:33.934Z;functions.movimentacao_bancaria;  O PROCESSAMENTO DE AUTORIZAÇÃO DO BORDERO FOI EXECUTADO COM SUCESSO.
12-06-2024 20:15:36.947Z;functions.movimentacao_bancaria;  CLICK EM FECHAR.
12-06-2024 20:15:38.951Z;functions.filter_clean;  FUNÇÃO LIMPA FILTRO
12-06-2024 20:15:39.166Z;functions.waitForImage;  FILTER CLEAN image found.
12-06-2024 20:15:41.300Z;functions.filter_clean;  CLICK NO BOTÃO X DO LIMPA FILTRO
12-06-2024 20:15:56.603Z;functions.waitForImage;  FILTER CLEAN image not found.
12-06-2024 20:16:11.916Z;functions.waitForImage;  FILTER CLEAN image not found.
12-06-2024 20:16:32.140Z;functions.remessa_pagamento;  12 PASSOS PARA ESQUERDA NA TABELA >>
12-06-2024 20:16:34.385Z;functions.remessa_pagamento;  HOVER FILTER
12-06-2024 20:16:34.954Z;functions.remessa_pagamento;  CLICK FILTER
12-06-2024 20:16:39.286Z;functions.remessa_pagamento;  CLICA NO FILTRO  STATUS DA REMESSA
12-06-2024 20:16:41.389Z;functions.remessa_pagamento;  APERTA TAB PARA ESCREVER O FILTRO
12-06-2024 20:16:43.506Z;functions.remessa_pagamento;  ESCREVE AUTORIZADO NO FILTRO
12-06-2024 20:16:45.609Z;functions.remessa_pagamento;  APERTA ENTER PARA SELECIONAR OS AUTORIZADOS
12-06-2024 20:16:52.646Z;functions.remessa_pagamento;  6 PASSOS PARA ESQUERDA NA TABELA <<
12-06-2024 20:16:55.634Z;functions.check_user_bot;  Texto extraido 1/1
12-06-2024 20:16:55.634Z;functions.check_user_bot;  Count 1
12-06-2024 20:16:55.634Z;functions.check_user_bot;  Type <class 'int'>
12-06-2024 20:16:57.749Z;functions.check_user_bot;  CHECK USER BOT 1
12-06-2024 20:16:59.750Z;functions.check_user_bot;  dclick
12-06-2024 20:17:02.462Z;functions.check_user_bot;  7 PASSOS PARA DIREITA NA TABELA >>
12-06-2024 20:17:06.568Z;functions.check_user_bot;  341 / 3212 / 02675 - PENSAO ALIMENTICIA
12-06-2024 20:17:06.568Z;functions.check_user_bot;  NOME PENSAO ENCONTRADO
12-06-2024 20:17:08.777Z;functions.check_user_bot;  CLICK EM PROCESSOS
12-06-2024 20:17:10.880Z;functions.check_user_bot;  APERTA PARA BAIXO 0
12-06-2024 20:17:12.983Z;functions.check_user_bot;  APERTA PARA BAIXO 1
12-06-2024 20:17:15.086Z;functions.check_user_bot;  APERTA PARA BAIXO 2
12-06-2024 20:17:17.188Z;functions.check_user_bot;  APERTA ENTER
12-06-2024 20:17:20.884Z;functions.check_user_bot;  CLICK EM REMESSAS DE PAGAMENTO
12-06-2024 20:17:21.990Z;functions.check_user_bot;  APERTA TAB 0
12-06-2024 20:17:23.093Z;functions.check_user_bot;  APERTA TAB 1
12-06-2024 20:17:24.196Z;functions.check_user_bot;  APERTA TAB 2
12-06-2024 20:17:36.665Z;functions.check_user_bot;  CLICK EM AVANÇAR
12-06-2024 20:17:36.665Z;functions.check_user_bot;  CLICK - SELECIONA A DATA DE QUARTA FEIRA E DA PROXIMA TERÇA
12-06-2024 20:17:36.665Z;functions.check_user_bot;  QUARTA-FEIRA: 19-06-2024
12-06-2024 20:17:36.665Z;functions.check_user_bot;  TERCA-FEIRA: 25-06-2024
12-06-2024 20:17:41.665Z;functions.check_user_bot;  DESMARCA CHECKBOX PARA SALVAR ARQUIVO DE REMESSA
12-06-2024 20:17:42.759Z;functions.check_user_bot;  CLICK NOS ... PARA SELECIONAR O DIRETÓRIO E NOME DO ARQUIVO.
12-06-2024 20:17:47.166Z;functions.check_user_bot;  DUPLO CLICK NO DIRETORIO
12-06-2024 20:17:52.558Z;functions.check_user_bot;  APERTA TAB 0
12-06-2024 20:17:53.661Z;functions.check_user_bot;  APERTA TAB 1
12-06-2024 20:17:54.764Z;functions.check_user_bot;  APERTA TAB 2
12-06-2024 20:17:55.866Z;functions.check_user_bot;  APERTA TAB 3
12-06-2024 20:17:56.969Z;functions.check_user_bot;  APERTA TAB 4
12-06-2024 20:17:58.072Z;functions.check_user_bot;  APERTA TAB 5
12-06-2024 20:17:58.201Z;functions.check_user_bot;  S192524A.txt
12-06-2024 20:17:59.134Z;functions.check_user_bot;  CLICK NO BUTÃO SALVAR
12-06-2024 20:18:00.759Z;functions.check_user_bot;  CLICK EM AVANCAR PARA CONCLUIR
12-06-2024 20:18:05.790Z;functions.check_user_bot;  CLICK EM EXECUTAR
12-06-2024 20:18:39.025Z;functions.waitForImage;  PRESS BUTTON OK image found.
12-06-2024 20:18:41.039Z;functions.check_user_bot;  O PROCESSAMENTO DE AUTORIZAÇÃO DO BORDERO FOI EXECUTADO COM SUCESSO.
12-06-2024 20:18:50.750Z;functions.check_user_bot;  ===========================================================================================================
LANÇAMENTOS ENVIADOS PARA REMESSA PAGAMENTO
Coligada: 1
ID Remessa: 10
Convênio: 10
Data: 12/06/2024 20:18:25
Borderô remetidos: 1
===========================================================================================================
Borderô: 1-9562

Lançamentos remetidos no Borderô:
Lancamento 1-954537
----------------------------------------------------------------------------------------------------------


12-06-2024 20:18:56.087Z;errorhandler.__handle;  CSSStyleDeclaration: Unexpected token, ignoring upto '{        border: none;'. [1:174: {]
12-06-2024 20:18:56.087Z;errorhandler.__handle;  Property: Unknown Property name. [1:204: -ms-interpolation-mode]
12-06-2024 20:18:56.087Z;errorhandler.__handle;  CSSStyleDeclaration: Unexpected token, ignoring upto '}'. [1:267: }]
12-06-2024 20:18:56.087Z;errorhandler.__handle;  CSSStyleDeclaration: Unexpected token, ignoring upto '{        background-color: #f6f6f6;'. [1:281: {]
12-06-2024 20:18:56.103Z;errorhandler.__handle;  Property: Unknown Property name. [1:356: -webkit-font-smoothing]
12-06-2024 20:18:56.119Z;errorhandler.__handle;  Property: Unknown Property name. [1:486: -ms-text-size-adjust]
12-06-2024 20:18:56.119Z;errorhandler.__handle;  Property: Unknown Property name. [1:521: -webkit-text-size-adjust]
12-06-2024 20:18:56.119Z;errorhandler.__handle;  CSSStyleDeclaration: Unexpected token, ignoring upto '}'. [1:559: }]
12-06-2024 20:18:56.119Z;errorhandler.__handle;  CSSStyleDeclaration: Unexpected token, ignoring upto '{        border-collapse: separate;'. [1:574: {]
12-06-2024 20:18:56.119Z;errorhandler.__handle;  Property: Unknown Property name. [1:617: mso-table-lspace]
12-06-2024 20:18:56.119Z;errorhandler.__handle;  Property: Unknown Property name. [1:647: mso-table-rspace]
12-06-2024 20:18:56.119Z;errorhandler.__handle;  CSSStyleDeclaration: Unexpected token, ignoring upto '}'. [1:690: }]
12-06-2024 20:18:56.119Z;errorhandler.__handle;  CSSStyleDeclaration: Unexpected token, ignoring upto '{          font-family: sans-serif;'. [1:710: {]
12-06-2024 20:18:56.119Z;errorhandler.__handle;  CSSStyleDeclaration: Unexpected token, ignoring upto '}'. [1:808: }]
12-06-2024 20:18:56.119Z;errorhandler.__handle;  CSSStyleDeclaration: Unexpected token, ignoring upto '{        background-color: #f6f6f6;'. [1:941: {]
12-06-2024 20:18:56.134Z;errorhandler.__handle;  CSSStyleDeclaration: Unexpected token, ignoring upto '}'. [1:1003: }]
12-06-2024 20:18:56.134Z;errorhandler.__handle;  CSSStyleDeclaration: Unexpected token, ignoring upto '{        display: block;'. [1:1178: {]
12-06-2024 20:18:56.134Z;errorhandler.__handle;  CSSStyleDeclaration: Unexpected token, ignoring upto '}'. [1:1342: }]
12-06-2024 20:18:56.134Z;errorhandler.__handle;  CSSStyleDeclaration: Unexpected token, ignoring upto '{        box-sizing: border-box;'. [1:1452: {]
12-06-2024 20:18:56.134Z;errorhandler.__handle;  CSSStyleDeclaration: Unexpected token, ignoring upto '}'. [1:1584: }]
12-06-2024 20:18:56.134Z;errorhandler.__handle;  CSSStyleDeclaration: Unexpected token, ignoring upto '{        background: #ffffff;'. [1:1721: {]
12-06-2024 20:18:56.150Z;errorhandler.__handle;  CSSStyleDeclaration: Unexpected token, ignoring upto '}'. [1:1804: }]
12-06-2024 20:18:56.150Z;errorhandler.__handle;  CSSStyleDeclaration: Unexpected token, ignoring upto '{        box-sizing: border-box;'. [1:1822: {]
12-06-2024 20:18:56.150Z;errorhandler.__handle;  CSSStyleDeclaration: Unexpected token, ignoring upto '}'. [1:1883: }]
12-06-2024 20:18:56.150Z;errorhandler.__handle;  CSSStyleDeclaration: Unexpected token, ignoring upto '{        padding-bottom: 10px;'. [1:1907: {]
12-06-2024 20:18:56.150Z;errorhandler.__handle;  CSSStyleDeclaration: Unexpected token, ignoring upto '}'. [1:1969: }]
12-06-2024 20:18:56.150Z;errorhandler.__handle;  CSSStyleDeclaration: Unexpected token, ignoring upto '{        clear: both;'. [1:1986: {]
12-06-2024 20:18:56.150Z;errorhandler.__handle;  CSSStyleDeclaration: Unexpected token, ignoring upto '}'. [1:2086: }]
12-06-2024 20:18:56.150Z;errorhandler.__handle;  CSSStyleDeclaration: Unexpected token, ignoring upto '{          color: #999999;'. [1:2165: {]
12-06-2024 20:18:56.165Z;errorhandler.__handle;  CSSStyleDeclaration: Unexpected token, ignoring upto '}'. [1:2253: }]
12-06-2024 20:18:56.165Z;errorhandler.__handle;  CSSStyleDeclaration: Unexpected token, ignoring upto '{        color: #000000;'. [1:2404: {]
12-06-2024 20:18:56.165Z;errorhandler.__handle;  CSSStyleDeclaration: Unexpected token, ignoring upto '}'. [1:2563: }]
12-06-2024 20:18:56.165Z;errorhandler.__handle;  CSSStyleDeclaration: Unexpected token, ignoring upto '{        font-size: 35px;'. [1:2575: {]
12-06-2024 20:18:56.165Z;errorhandler.__handle;  CSSStyleDeclaration: Unexpected token, ignoring upto '}'. [1:2694: }]
12-06-2024 20:18:56.165Z;errorhandler.__handle;  CSSStyleDeclaration: Unexpected token, ignoring upto '{        font-family: sans-serif;'. [1:2723: {]
12-06-2024 20:18:56.165Z;errorhandler.__handle;  CSSStyleDeclaration: Unexpected token, ignoring upto '}'. [1:2861: }]
12-06-2024 20:18:56.165Z;errorhandler.__handle;  CSSStyleDeclaration: Unexpected token, ignoring upto '{          list-style-position: inside;'. [1:2905: {]
12-06-2024 20:18:56.181Z;errorhandler.__handle;  CSSStyleDeclaration: Unexpected token, ignoring upto '}'. [1:2978: }]
12-06-2024 20:18:56.181Z;errorhandler.__handle;  CSSStyleDeclaration: Unexpected token, ignoring upto '{        color: #3498db;'. [1:2989: {]
12-06-2024 20:18:56.181Z;errorhandler.__handle;  CSSStyleDeclaration: Unexpected token, ignoring upto '}'. [1:3055: }]
12-06-2024 20:18:56.181Z;errorhandler.__handle;  CSSStyleDeclaration: Unexpected token, ignoring upto '{        box-sizing: border-box;'. [1:3178: {]
12-06-2024 20:18:56.181Z;errorhandler.__handle;  CSSStyleDeclaration: Unexpected token, ignoring upto '}'. [1:3231: }]
12-06-2024 20:18:56.181Z;errorhandler.__handle;  CSSStyleDeclaration: Unexpected token, ignoring upto '{          padding-bottom: 15px;'. [1:3265: {]
12-06-2024 20:18:56.181Z;errorhandler.__handle;  CSSStyleDeclaration: Unexpected token, ignoring upto '}'. [1:3298: }]
12-06-2024 20:18:56.181Z;errorhandler.__handle;  CSSStyleDeclaration: Unexpected token, ignoring upto '{          width: auto;'. [1:3320: {]
12-06-2024 20:18:56.181Z;errorhandler.__handle;  CSSStyleDeclaration: Unexpected token, ignoring upto '}'. [1:3350: }]
12-06-2024 20:18:56.181Z;errorhandler.__handle;  CSSStyleDeclaration: Unexpected token, ignoring upto '{          background-color: #ffffff;'. [1:3375: {]
12-06-2024 20:18:56.181Z;errorhandler.__handle;  CSSStyleDeclaration: Unexpected token, ignoring upto '}'. [1:3477: }]
12-06-2024 20:18:56.181Z;errorhandler.__handle;  CSSStyleDeclaration: Unexpected token, ignoring upto '{          background-color: #ffffff;'. [1:3495: {]
12-06-2024 20:18:56.384Z;errorhandler.__handle;  CSSStyleDeclaration: Unexpected token, ignoring upto '}'. [1:3892: }]
12-06-2024 20:18:56.384Z;errorhandler.__handle;  CSSStyleDeclaration: Unexpected token, ignoring upto '{        background-color: #3498db;'. [1:3923: {]
12-06-2024 20:18:56.384Z;errorhandler.__handle;  CSSStyleDeclaration: Unexpected token, ignoring upto '}'. [1:3965: }]
12-06-2024 20:18:56.384Z;errorhandler.__handle;  CSSStyleDeclaration: Unexpected token, ignoring upto '{        background-color: #3498db;'. [1:3989: {]
12-06-2024 20:18:56.447Z;errorhandler.__handle;  CSSStyleDeclaration: Unexpected token, ignoring upto '}'. [1:4084: }]
12-06-2024 20:18:56.447Z;errorhandler.__handle;  CSSStyleDeclaration: Unexpected token, ignoring upto '{        margin-bottom: 0;'. [1:4234: {]
12-06-2024 20:18:56.447Z;errorhandler.__handle;  CSSStyleDeclaration: Unexpected token, ignoring upto '}'. [1:4267: }]
12-06-2024 20:18:56.447Z;errorhandler.__handle;  CSSStyleDeclaration: Unexpected token, ignoring upto '{        margin-top: 0;'. [1:4283: {]
12-06-2024 20:18:56.447Z;errorhandler.__handle;  CSSStyleDeclaration: Unexpected token, ignoring upto '}'. [1:4313: }]
12-06-2024 20:18:56.447Z;errorhandler.__handle;  CSSStyleDeclaration: Unexpected token, ignoring upto '{        text-align: center;'. [1:4336: {]
12-06-2024 20:18:56.447Z;errorhandler.__handle;  CSSStyleDeclaration: Unexpected token, ignoring upto '}'. [1:4371: }]
12-06-2024 20:18:56.447Z;errorhandler.__handle;  CSSStyleDeclaration: Unexpected token, ignoring upto '{        text-align: right;'. [1:4393: {]
12-06-2024 20:18:56.447Z;errorhandler.__handle;  CSSStyleDeclaration: Unexpected token, ignoring upto '}'. [1:4427: }]
12-06-2024 20:18:56.447Z;errorhandler.__handle;  CSSStyleDeclaration: Unexpected token, ignoring upto '{        text-align: left;'. [1:4448: {]
12-06-2024 20:18:56.447Z;errorhandler.__handle;  CSSStyleDeclaration: Unexpected token, ignoring upto '}'. [1:4481: }]
12-06-2024 20:18:56.447Z;errorhandler.__handle;  CSSStyleDeclaration: Unexpected token, ignoring upto '{        clear: both;'. [1:4497: {]
12-06-2024 20:18:56.447Z;errorhandler.__handle;  CSSStyleDeclaration: Unexpected token, ignoring upto '}'. [1:4525: }]
12-06-2024 20:18:56.447Z;errorhandler.__handle;  CSSStyleDeclaration: Unexpected token, ignoring upto '{        margin-top: 0;'. [1:4539: {]
12-06-2024 20:18:56.447Z;errorhandler.__handle;  CSSStyleDeclaration: Unexpected token, ignoring upto '}'. [1:4569: }]
12-06-2024 20:18:56.447Z;errorhandler.__handle;  CSSStyleDeclaration: Unexpected token, ignoring upto '{        margin-bottom: 0;'. [1:4583: {]
12-06-2024 20:18:56.447Z;errorhandler.__handle;  CSSStyleDeclaration: Unexpected token, ignoring upto '}'. [1:4616: }]
12-06-2024 20:18:56.447Z;errorhandler.__handle;  CSSStyleDeclaration: Unexpected token, ignoring upto '{        color: transparent;'. [1:4636: {]
12-06-2024 20:18:56.462Z;errorhandler.__handle;  Property: Unknown Property name. [1:4799: mso-hide]
12-06-2024 20:18:56.462Z;errorhandler.__handle;  CSSStyleDeclaration: Unexpected token, ignoring upto '}'. [1:4864: }]
12-06-2024 20:18:56.462Z;errorhandler.__handle;  CSSStyleDeclaration: Unexpected token, ignoring upto '{        text-decoration: none;'. [1:4887: {]
12-06-2024 20:18:56.462Z;errorhandler.__handle;  CSSStyleDeclaration: Unexpected token, ignoring upto '}'. [1:4925: }]
12-06-2024 20:18:56.462Z;errorhandler.__handle;  CSSStyleDeclaration: Unexpected token, ignoring upto '{        border: 0;'. [1:4937: {]
12-06-2024 20:18:56.462Z;errorhandler.__handle;  CSSStyleDeclaration: Unexpected token, ignoring upto '}'. [1:5027: }]
12-06-2024 20:18:56.478Z;errorhandler.__handle;  CSSStyleRule: No selector found: '{        table.body h1 {{          font-size: 28px !important;          margin-bottom: 10px !important;         }}        table.body p,        table.body ul,        table.body ol,        table.body td,        table.body span,        table.body a {{          font-size: 16px !important;         }}        table.body .wrapper,        table.body .article {{          padding: 10px !important;         }}        table.body .content {{          padding: 0 !important;         }}        table.body .container {{          padding: 0 !important;          width: 100% !important;         }}        table.body .main {{          border-left-width: 0 !important;          border-radius: 0 !important;          border-right-width: 0 !important;         }}        table.body .btn table {{          width: 100% !important;         }}        table.body .btn a {{          width: 100% !important;         }}        table.body .img-responsive {{          height: auto !important;          max-width: 100% !important;          width: auto !important;         }}      }'. [1:5217: {]
12-06-2024 20:18:56.478Z;errorhandler.__handle;  SelectorList: Unknown Syntax: ''
12-06-2024 20:18:56.478Z;errorhandler.__handle;  Property: No ":" after name found: table.body h1 {{          font-size: 28px !important;          margin-bottom: 10px !important;         }}        table.body p,        table.body ul,        table.body ol,        table.body td,        table.body span,        table.body a {{          font-size: 16px !important;         }}        table.body .wrapper,        table.body .article {{          padding: 10px !important;         }}        table.body .content {{          padding: 0 !important;         }}        table.body .container {{          padding: 0 !important;          width: 100% !important;         }}        table.body .main {{          border-left-width: 0 !important;          border-radius: 0 !important;          border-right-width: 0 !important;         }}        table.body .btn table {{          width: 100% !important;         }}        table.body .btn a {{          width: 100% !important;         }}        table.body .img-responsive {{          height: auto !important;          max-width: 100% !important;          width: auto !important;         }}       [1:6259:       ]
12-06-2024 20:18:56.478Z;errorhandler.__handle;  Property: No property value found: table.body h1 {{          font-size: 28px !important;          margin-bottom: 10px !important;         }}        table.body p,        table.body ul,        table.body ol,        table.body td,        table.body span,        table.body a {{          font-size: 16px !important;         }}        table.body .wrapper,        table.body .article {{          padding: 10px !important;         }}        table.body .content {{          padding: 0 !important;         }}        table.body .container {{          padding: 0 !important;          width: 100% !important;         }}        table.body .main {{          border-left-width: 0 !important;          border-radius: 0 !important;          border-right-width: 0 !important;         }}        table.body .btn table {{          width: 100% !important;         }}        table.body .btn a {{          width: 100% !important;         }}        table.body .img-responsive {{          height: auto !important;          max-width: 100% !important;          width: auto !important;         }}       [1:6259:       ]
12-06-2024 20:18:56.478Z;errorhandler.__handle;  CSSStyleDeclaration: Syntax Error in Property: table.body h1 {{          font-size: 28px !important;          margin-bottom: 10px !important;         }}        table.body p,        table.body ul,        table.body ol,        table.body td,        table.body span,        table.body a {{          font-size: 16px !important;         }}        table.body .wrapper,        table.body .article {{          padding: 10px !important;         }}        table.body .content {{          padding: 0 !important;         }}        table.body .container {{          padding: 0 !important;          width: 100% !important;         }}        table.body .main {{          border-left-width: 0 !important;          border-radius: 0 !important;          border-right-width: 0 !important;         }}        table.body .btn table {{          width: 100% !important;         }}        table.body .btn a {{          width: 100% !important;         }}        table.body .img-responsive {{          height: auto !important;          max-width: 100% !important;          width: auto !important;         }}      
12-06-2024 20:18:56.478Z;errorhandler.__handle;  CSSStyleRule: No selector found: '{        .ExternalClass {{          width: 100%;         }}        .ExternalClass,        .ExternalClass p,        .ExternalClass span,        .ExternalClass font,        .ExternalClass td,        .ExternalClass div {{          line-height: 100%;         }}        .apple-link a {{          color: inherit !important;          font-family: inherit !important;          font-size: inherit !important;          font-weight: inherit !important;          line-height: inherit !important;          text-decoration: none !important;         }}        #MessageViewBody a {{          color: inherit;          text-decoration: none;          font-size: inherit;          font-family: inherit;          font-weight: inherit;          line-height: inherit;        }}        .btn-primary table td:hover {{          background-color: #34495e !important;         }}        .btn-primary a:hover {{          background-color: #34495e !important;          border-color: #34495e !important;         }}       }'. [1:6420: {]
12-06-2024 20:18:56.478Z;errorhandler.__handle;  SelectorList: Unknown Syntax: ''
12-06-2024 20:18:56.478Z;errorhandler.__handle;  CSSStyleDeclaration: Unexpected token, ignoring upto '.ExternalClass {{          width: 100%;         }}        .ExternalClass,        .ExternalClass p,        .ExternalClass span,        .ExternalClass font,        .ExternalClass td,        .ExternalClass div {{          line-height: 100%;         }}        .apple-link a {{          color: inherit !important;          font-family: inherit !important;          font-size: inherit !important;          font-weight: inherit !important;          line-height: inherit !important;          text-decoration: none !important;         }}        #MessageViewBody a {{          color: inherit;          text-decoration: none;          font-size: inherit;          font-family: inherit;          font-weight: inherit;          line-height: inherit;        }}        .btn-primary table td:hover {{          background-color: #34495e !important;         }}        .btn-primary a:hover {{          background-color: #34495e !important;          border-color: #34495e !important;         }}       '. [1:6429: .]
12-06-2024 20:18:56.509Z;errorhandler.__handle;  Property: Unknown Property name. [1:1: -ms-interpolation-mode]
12-06-2024 20:18:56.509Z;errorhandler.__handle;  Property: Unknown Property name. [1:24: -webkit-font-smoothing]
12-06-2024 20:18:56.509Z;errorhandler.__handle;  Property: Unknown Property name. [1:109: -ms-text-size-adjust]
12-06-2024 20:18:56.509Z;errorhandler.__handle;  Property: Unknown Property name. [1:135: -webkit-text-size-adjust]
12-06-2024 20:18:56.509Z;errorhandler.__handle;  Property: Unknown Property name. [1:1: mso-table-lspace]
12-06-2024 20:18:56.509Z;errorhandler.__handle;  Property: Unknown Property name. [1:20: mso-table-rspace]
12-06-2024 20:18:56.540Z;errorhandler.__handle;  Property: Unknown Property name. [1:74: mso-hide]
12-06-2024 20:18:56.556Z;errorhandler.__handle;  Property: No ":" after name found: align-center [1:1: align-center]
12-06-2024 20:18:56.556Z;errorhandler.__handle;  Property: No property value found: align-center [1:1: align-center]
12-06-2024 20:18:56.556Z;errorhandler.__handle;  CSSStyleDeclaration: Syntax Error in Property: align-center
12-06-2024 20:18:56.556Z;errorhandler.__handle;  Property: Unknown Property name. [1:1: -ms-interpolation-mode]
12-06-2024 20:18:59.697Z;functions.emailSuccess;  Success e-mail sent.
12-06-2024 20:19:02.832Z;functions.check_user_bot;  FECHA A ABA MOVIMENTAÇÃO BANCÁRIA
12-06-2024 20:19:03.119Z;functions.encerra_prog;  RM ENCERRADO
