13-07-2024 01:30:55.642Z;functions.bot_text_art;      ____     
13-07-2024 01:30:55.643Z;functions.bot_text_art;     [____]    
13-07-2024 01:30:55.643Z;functions.bot_text_art;   |=]()()[=|  
13-07-2024 01:30:55.643Z;functions.bot_text_art;     _\==/__    _____    ____     _        _____    ___   _  __ 
13-07-2024 01:30:55.644Z;functions.bot_text_art;   |__|   |_|  |  _  \  / ___|   | |      |_   _| / ___| | |/ / 
13-07-2024 01:30:55.644Z;functions.bot_text_art;   |_|_/\_|_|  | |  | | | |      | |        | |   | |    | ' /  
13-07-2024 01:30:55.644Z;functions.bot_text_art;   | | __ | |  | |  | | | |      | |        | |   | |    |  <   
13-07-2024 01:30:55.645Z;functions.bot_text_art;   |_|[  ]|_|  | |__| | | |____  | |____   _| |_  | |__  | . \  
13-07-2024 01:30:55.646Z;functions.bot_text_art;   \_|_||_|_/  |_____/   \_____| |______| |_____| \ ___| |_|\_\ 
13-07-2024 01:30:55.646Z;functions.bot_text_art;     |_||_|    
13-07-2024 01:30:55.646Z;functions.bot_text_art;     | ||_|_   
13-07-2024 01:30:55.646Z;functions.bot_text_art;   |___||___|  
13-07-2024 01:30:55.646Z;functions.bot_text_art;               
13-07-2024 01:30:55.662Z;functions.open_RM;  OPEN PROGRAM RM
13-07-2024 01:31:10.521Z;functions.loggin_RM;  ACHOU O PANE PICTURE
13-07-2024 01:31:11.678Z;functions.loggin_RM;  ENCONTRA USE FIELD
13-07-2024 01:31:11.943Z;functions.loggin_RM;  DUPLO CLICK
13-07-2024 01:31:15.459Z;functions.loggin_RM;  ENTRAR USER_NAME
13-07-2024 01:31:16.740Z;functions.loggin_RM;  ENCONTRA PASS FIELD
13-07-2024 01:31:16.974Z;functions.loggin_RM;  CLICK
13-07-2024 01:31:19.104Z;functions.loggin_RM;  ENTRAR PASSWORD
13-07-2024 01:31:20.568Z;functions.loggin_RM;  ENTRAR RM
13-07-2024 01:31:56.273Z;functions.loggin_RM;  FILTRO 1 NÃO ENCONTRADO DE INICIO
13-07-2024 01:32:33.771Z;functions.loggin_RM;  FILTRO 2 NÃO ENCONTRADO DE INICIO
13-07-2024 01:33:07.552Z;functions.loggin_RM;  FILTRO 1 NÃO ENCONTRADO DE INICIO
13-07-2024 01:33:38.068Z;functions.loggin_RM;  FILTRO 2 NÃO ENCONTRADO DE INICIO
13-07-2024 01:34:11.599Z;functions.loggin_RM;  FILTRO 1 NÃO ENCONTRADO DE INICIO
13-07-2024 01:34:48.802Z;functions.loggin_RM;  FILTRO 2 NÃO ENCONTRADO DE INICIO
13-07-2024 01:34:48.802Z;functions.enter_coligada;  AGUARDANDO 1
13-07-2024 01:34:49.974Z;functions.enter_coligada;  CLICK CONTEXTO
13-07-2024 01:34:52.943Z;functions.enter_coligada;  CLICK ALTERAR MODULO DO CONTEXTO
13-07-2024 01:34:57.490Z;functions.enter_coligada;  INSERE O COLIGADA CODE = 1
13-07-2024 01:34:57.599Z;functions.enter_coligada;  APERTA TAB PARA PREENCHER O CAMPO COM A STRING: OCEANICA ENGENHARIA E CONSULTORIA S.A.
13-07-2024 01:34:59.068Z;functions.enter_coligada;  CLICK AVANÇAR NOVAMENTE
13-07-2024 01:35:00.412Z;functions.enter_coligada;  CLICK CONCLUIR
13-07-2024 01:35:20.521Z;functions.waitForImage;  TROCA COLIGADA image not found.
13-07-2024 01:35:37.302Z;functions.enter_coligada;  POP UP COLIGADA DESAPARECER
13-07-2024 01:35:38.255Z;functions.check_movimentacao_bancaria;  CLICK - TOTVS - LINHA RM
13-07-2024 01:35:40.318Z;functions.check_movimentacao_bancaria;  CLICK - BACK OFFICE
13-07-2024 01:35:43.068Z;functions.check_movimentacao_bancaria;  CLICK - GESTAO FINANCEIRA
13-07-2024 01:35:43.068Z;functions.obter_intervalo_data;  VERIFICANDO A HORA ATUAL 1
13-07-2024 01:35:43.080Z;functions.obter_intervalo_data;  Data Inicial PENSAO antes da remoção: None
13-07-2024 01:35:43.080Z;functions.obter_intervalo_data;  Data Final PENSAO antes da remoção: None
13-07-2024 01:35:43.087Z;functions.obter_intervalo_data;  Data Inicial PENSAO após a remoção: None
13-07-2024 01:35:43.087Z;functions.obter_intervalo_data;  Data Final PENSAO após a remoção: None
13-07-2024 01:35:43.087Z;functions.obter_intervalo_data;  hoje -  2024-07-13 01:35:43.087618
13-07-2024 01:35:43.088Z;functions.check_movimentacao_bancaria;  DATA INICIO 17-07-2024
13-07-2024 01:35:43.088Z;functions.check_movimentacao_bancaria;  DATA FIM 23-07-2024
13-07-2024 01:35:43.088Z;functions.movimentacao_bancaria;  AGUARDANDO 1
13-07-2024 01:35:48.787Z;functions.movimentacao_bancaria;  CLICK NA ABA MOVIMENTAÇÃO BANCARIA
13-07-2024 01:35:50.990Z;functions.waitForImage;  IMAGEM BORDERO image found.
13-07-2024 01:35:53.109Z;functions.movimentacao_bancaria;  IMAGEM BORDERO CLICADA.
13-07-2024 01:36:03.678Z;functions.waitForImage;  LICENCAS EXCEDIDAS image not found.
13-07-2024 01:36:05.911Z;functions.waitForImage;  LICENCE SERVER image not found.
13-07-2024 01:36:06.630Z;functions.movimentacao_bancaria;  ENCONTROU O FILTRO DA MOVIMENTAÇÃO BANCÁRIA
13-07-2024 01:36:06.693Z;functions.movimentacao_bancaria;  CLICA NA ABA SUPERIOR DO FILTRO
13-07-2024 01:36:10.906Z;functions.movimentacao_bancaria;  SELECIONA O FILTRO HOJE
13-07-2024 01:36:10.906Z;functions.filter_clean;  FUNÇÃO LIMPA FILTRO
13-07-2024 01:36:15.115Z;functions.waitForImage;  FILTER CLEAN image found.
13-07-2024 01:36:17.233Z;functions.filter_clean;  CLICK NO BOTÃO X DO LIMPA FILTRO
13-07-2024 01:36:17.395Z;functions.waitForImage;  FILTER CLEAN image found.
13-07-2024 01:36:19.544Z;functions.filter_clean;  CLICK NO BOTÃO X DO LIMPA FILTRO
13-07-2024 01:36:34.802Z;functions.waitForImage;  FILTER CLEAN image not found.
13-07-2024 01:36:36.380Z;functions.movimentacao_bancaria;  CLICK NA PRIMEIRA LINHA DA TABELA MOVIMENTAÇÃO BANCÁRIA
13-07-2024 01:36:37.606Z;functions.movimentacao_bancaria;  12 PASSOS PARA DIREITA NA TABELA >>
13-07-2024 01:36:39.849Z;functions.movimentacao_bancaria;  HOVER FILTER
13-07-2024 01:36:40.421Z;functions.movimentacao_bancaria;  CLICK FILTER
13-07-2024 01:36:44.750Z;functions.movimentacao_bancaria;  CLICK NO FILTRO  STATUS DA REMESSA
13-07-2024 01:36:46.853Z;functions.movimentacao_bancaria;  APERTA TAB PARA ESCREVER O FILTRO
13-07-2024 01:36:48.967Z;functions.movimentacao_bancaria;  ESCREVE PENDENTE NO FILTRO
13-07-2024 01:36:51.070Z;functions.movimentacao_bancaria;  APERTA ENTER PARA SELECIONAR OS PENDENTES
13-07-2024 01:37:13.651Z;functions.movimentacao_bancaria;  SEM REGISTROS DE PROCESSO DE BORDERO PENDENTE
13-07-2024 01:37:13.651Z;functions.filter_clean;  FUNÇÃO LIMPA FILTRO
13-07-2024 01:37:13.818Z;functions.waitForImage;  FILTER CLEAN image found.
13-07-2024 01:37:15.952Z;functions.filter_clean;  CLICK NO BOTÃO X DO LIMPA FILTRO
13-07-2024 01:37:31.240Z;functions.waitForImage;  FILTER CLEAN image not found.
13-07-2024 01:37:46.552Z;functions.waitForImage;  FILTER CLEAN image not found.
13-07-2024 01:37:48.477Z;functions.remessa_pagamento;  CLICK NA PRIMEIRA LINHA DA TABELA MOVIMENTAÇÃO BANCÁRIA
13-07-2024 01:37:50.599Z;functions.remessa_pagamento;  HOVER FILTER
13-07-2024 01:37:51.169Z;functions.remessa_pagamento;  CLICK FILTER
13-07-2024 01:37:55.500Z;functions.remessa_pagamento;  CLICK NO FILTRO  STATUS DA REMESSA
13-07-2024 01:37:57.603Z;functions.remessa_pagamento;  APERTA TAB PARA ESCREVER O FILTRO
13-07-2024 01:37:59.722Z;functions.remessa_pagamento;  ESCREVE AUTORIZADO NO FILTRO
13-07-2024 01:38:01.825Z;functions.remessa_pagamento;  APERTA ENTER PARA SELECIONAR OS AUTORIZADOS
13-07-2024 01:38:22.355Z;functions.remessa_pagamento;  SEM REMESSA DE BORDERO AUTORIZADO
13-07-2024 01:38:23.320Z;functions.enter_contas_a_pagar;  CLICK - TOTVS - LINHA RM
13-07-2024 01:38:25.162Z;functions.enter_contas_a_pagar;  CLICK - BACK OFFICE
13-07-2024 01:38:27.880Z;functions.enter_contas_a_pagar;  CLICK - GESTAO FINANCEIRA
13-07-2024 01:38:33.849Z;functions.enter_contas_a_pagar;  CLICK - CONTAS A PAGAR
13-07-2024 01:38:34.708Z;functions.waitForImage;  LANÇAMENTOS image found.
13-07-2024 01:38:36.858Z;functions.enter_contas_a_pagar;  CLICA EM LANÇAMENTOS
13-07-2024 01:38:52.349Z;functions.waitForImage;  LICENCAS EXCEDIDAS image not found.
13-07-2024 01:38:52.349Z;functions.data_filter;  CLICK - SELECIONA A DATA DE QUARTA FEIRA E DA PROXIMA TERÇA
13-07-2024 01:38:52.349Z;functions.data_filter;  QUARTA-FEIRA: 17-07-2024
13-07-2024 01:38:52.349Z;functions.data_filter;  TERCA-FEIRA: 23-07-2024
13-07-2024 01:39:09.255Z;functions.data_filter;  CLICK - BUTÃO DE SELECAO DE FILTRO
13-07-2024 01:39:14.146Z;functions.data_filter;  INSERE - DATA DE QUARTA-FEIRA: 17-07-2024
13-07-2024 01:39:18.524Z;functions.data_filter;  INSERE - DATA DA PROX TERCA-FEIRA: 23-07-2024
13-07-2024 01:39:19.661Z;functions.data_filter;  CLICK - BUTÃO DE EXECUTAR O FILTRO
13-07-2024 01:39:24.665Z;functions.desmark_filter;  AGUARDANDO 1
13-07-2024 01:39:26.849Z;functions.desmark_filter;  CLICK CHECKBOX LANÇAMENTOS A RECEBER
13-07-2024 01:39:29.192Z;functions.desmark_filter;  CLICK CHECKBOX LANÇAMENTOS BAIXADOS
13-07-2024 01:39:31.661Z;functions.desmark_filter;  CLICK CHECKBOX LANÇAMENTOS CANCELADOS
13-07-2024 01:39:34.255Z;functions.desmark_filter;  CLICK CHECKBOX LANÇAMENTOS FATURADOS
13-07-2024 01:39:37.115Z;functions.desmark_filter;  ATUALIZA O FILTRO
13-07-2024 01:39:37.115Z;functions.filter_clean;  FUNÇÃO LIMPA FILTRO
13-07-2024 01:39:37.271Z;functions.waitForImage;  FILTER CLEAN image found.
13-07-2024 01:39:39.388Z;functions.filter_clean;  CLICK NO BOTÃO X DO LIMPA FILTRO
13-07-2024 01:39:54.708Z;functions.waitForImage;  FILTER CLEAN image not found.
13-07-2024 01:40:10.021Z;functions.waitForImage;  FILTER CLEAN image not found.
13-07-2024 01:40:13.193Z;functions.tabela_vazia;  Texto extraido 0/0
13-07-2024 01:40:13.193Z;functions.tabela_vazia;  Count 0
13-07-2024 01:40:13.193Z;functions.tabela_vazia;  Type <class 'int'>
13-07-2024 01:40:15.197Z;functions.tabela_vazia;  SEM REMESSA DE FÉRIAS/RESCISÃO
13-07-2024 01:40:17.198Z;main.<module>;  SEM REMESSA DE PENSÃO
13-07-2024 01:40:19.833Z;errorhandler.__handle;  Property: Unknown Property name. [1:203: -ms-interpolation-mode]
13-07-2024 01:40:19.880Z;errorhandler.__handle;  Property: Unknown Property name. [1:353: -webkit-font-smoothing]
13-07-2024 01:40:19.880Z;errorhandler.__handle;  Property: Unknown Property name. [1:483: -ms-text-size-adjust]
13-07-2024 01:40:19.880Z;errorhandler.__handle;  Property: Unknown Property name. [1:518: -webkit-text-size-adjust]
13-07-2024 01:40:19.896Z;errorhandler.__handle;  Property: Unknown Property name. [1:612: mso-table-lspace]
13-07-2024 01:40:19.896Z;errorhandler.__handle;  Property: Unknown Property name. [1:642: mso-table-rspace]
13-07-2024 01:40:20.130Z;errorhandler.__handle;  Property: Unknown Property name. [1:4734: mso-hide]
13-07-2024 01:40:20.224Z;errorhandler.__handle;  Property: Unknown Property name. [1:13: -ms-interpolation-mode]
13-07-2024 01:40:20.224Z;errorhandler.__handle;  Property: Unknown Property name. [1:49: -webkit-font-smoothing]
13-07-2024 01:40:20.239Z;errorhandler.__handle;  Property: Unknown Property name. [1:134: -ms-text-size-adjust]
13-07-2024 01:40:20.239Z;errorhandler.__handle;  Property: Unknown Property name. [1:160: -webkit-text-size-adjust]
13-07-2024 01:40:20.239Z;errorhandler.__handle;  Property: Unknown Property name. [1:26: mso-table-lspace]
13-07-2024 01:40:20.239Z;errorhandler.__handle;  Property: Unknown Property name. [1:45: mso-table-rspace]
13-07-2024 01:40:20.271Z;errorhandler.__handle;  Property: Unknown Property name. [1:92: mso-hide]
13-07-2024 01:40:20.286Z;errorhandler.__handle;  Property: No ":" after name found: align-center [1:1: align-center]
13-07-2024 01:40:20.286Z;errorhandler.__handle;  Property: No property value found: align-center [1:1: align-center]
13-07-2024 01:40:20.286Z;errorhandler.__handle;  CSSStyleDeclaration: Syntax Error in Property: align-center
13-07-2024 01:40:20.286Z;errorhandler.__handle;  Property: Unknown Property name. [1:14: -ms-interpolation-mode]
13-07-2024 01:40:22.833Z;functions.emailFinalizado;  Warning e-mail sent.
13-07-2024 01:40:23.309Z;functions.encerra_prog;  RM ENCERRADO
