13-07-2024 03:30:45.890Z;functions.bot_text_art;      ____     
13-07-2024 03:30:45.890Z;functions.bot_text_art;     [____]    
13-07-2024 03:30:45.890Z;functions.bot_text_art;   |=]()()[=|  
13-07-2024 03:30:45.890Z;functions.bot_text_art;     _\==/__    _____    ____     _        _____    ___   _  __ 
13-07-2024 03:30:45.890Z;functions.bot_text_art;   |__|   |_|  |  _  \  / ___|   | |      |_   _| / ___| | |/ / 
13-07-2024 03:30:45.890Z;functions.bot_text_art;   |_|_/\_|_|  | |  | | | |      | |        | |   | |    | ' /  
13-07-2024 03:30:45.890Z;functions.bot_text_art;   | | __ | |  | |  | | | |      | |        | |   | |    |  <   
13-07-2024 03:30:45.890Z;functions.bot_text_art;   |_|[  ]|_|  | |__| | | |____  | |____   _| |_  | |__  | . \  
13-07-2024 03:30:45.905Z;functions.bot_text_art;   \_|_||_|_/  |_____/   \_____| |______| |_____| \ ___| |_|\_\ 
13-07-2024 03:30:45.905Z;functions.bot_text_art;     |_||_|    
13-07-2024 03:30:45.905Z;functions.bot_text_art;     | ||_|_   
13-07-2024 03:30:45.905Z;functions.bot_text_art;   |___||___|  
13-07-2024 03:30:45.905Z;functions.bot_text_art;               
13-07-2024 03:30:45.920Z;functions.open_RM;  OPEN PROGRAM RM
13-07-2024 03:31:01.670Z;functions.loggin_RM;  ACHOU O PANE PICTURE
13-07-2024 03:31:02.889Z;functions.loggin_RM;  ENCONTRA USE FIELD
13-07-2024 03:31:03.186Z;functions.loggin_RM;  DUPLO CLICK
13-07-2024 03:31:06.703Z;functions.loggin_RM;  ENTRAR USER_NAME
13-07-2024 03:31:07.998Z;functions.loggin_RM;  ENCONTRA PASS FIELD
13-07-2024 03:31:08.248Z;functions.loggin_RM;  CLICK
13-07-2024 03:31:10.375Z;functions.loggin_RM;  ENTRAR PASSWORD
13-07-2024 03:31:11.811Z;functions.loggin_RM;  ENTRAR RM
13-07-2024 03:31:48.967Z;functions.loggin_RM;  FILTRO 1 NÃO ENCONTRADO DE INICIO
13-07-2024 03:32:19.781Z;functions.loggin_RM;  FILTRO 2 NÃO ENCONTRADO DE INICIO
13-07-2024 03:32:50.733Z;functions.loggin_RM;  FILTRO 1 NÃO ENCONTRADO DE INICIO
13-07-2024 03:33:28.561Z;functions.loggin_RM;  FILTRO 2 NÃO ENCONTRADO DE INICIO
13-07-2024 03:34:01.529Z;functions.loggin_RM;  FILTRO 1 NÃO ENCONTRADO DE INICIO
13-07-2024 03:34:33.217Z;functions.loggin_RM;  FILTRO 2 NÃO ENCONTRADO DE INICIO
13-07-2024 03:34:33.217Z;functions.enter_coligada;  AGUARDANDO 1
13-07-2024 03:34:34.404Z;functions.enter_coligada;  CLICK CONTEXTO
13-07-2024 03:34:37.248Z;functions.enter_coligada;  CLICK ALTERAR MODULO DO CONTEXTO
13-07-2024 03:34:41.638Z;functions.enter_coligada;  INSERE O COLIGADA CODE = 1
13-07-2024 03:34:41.744Z;functions.enter_coligada;  APERTA TAB PARA PREENCHER O CAMPO COM A STRING: OCEANICA ENGENHARIA E CONSULTORIA S.A.
13-07-2024 03:34:43.904Z;functions.enter_coligada;  CLICK AVANÇAR NOVAMENTE
13-07-2024 03:34:45.248Z;functions.enter_coligada;  CLICK CONCLUIR
13-07-2024 03:35:05.560Z;functions.waitForImage;  TROCA COLIGADA image not found.
13-07-2024 03:35:15.295Z;functions.enter_coligada;  POP UP COLIGADA DESAPARECER
13-07-2024 03:35:15.998Z;functions.check_movimentacao_bancaria;  CLICK - TOTVS - LINHA RM
13-07-2024 03:35:17.311Z;functions.check_movimentacao_bancaria;  CLICK - BACK OFFICE
13-07-2024 03:35:18.092Z;functions.check_movimentacao_bancaria;  CLICK - GESTAO FINANCEIRA
13-07-2024 03:35:18.092Z;functions.obter_intervalo_data;  VERIFICANDO A HORA ATUAL 3
13-07-2024 03:35:18.104Z;functions.obter_intervalo_data;  Data Inicial PENSAO antes da remoção: None
13-07-2024 03:35:18.104Z;functions.obter_intervalo_data;  Data Final PENSAO antes da remoção: None
13-07-2024 03:35:18.107Z;functions.obter_intervalo_data;  Data Inicial PENSAO após a remoção: None
13-07-2024 03:35:18.107Z;functions.obter_intervalo_data;  Data Final PENSAO após a remoção: None
13-07-2024 03:35:18.107Z;functions.obter_intervalo_data;  hoje -  2024-07-13 03:35:18.107587
13-07-2024 03:35:18.107Z;functions.check_movimentacao_bancaria;  DATA INICIO 17-07-2024
13-07-2024 03:35:18.107Z;functions.check_movimentacao_bancaria;  DATA FIM 23-07-2024
13-07-2024 03:35:18.108Z;functions.movimentacao_bancaria;  AGUARDANDO 1
13-07-2024 03:35:20.404Z;functions.movimentacao_bancaria;  CLICK NA ABA MOVIMENTAÇÃO BANCARIA
13-07-2024 03:35:22.514Z;functions.waitForImage;  IMAGEM BORDERO image found.
13-07-2024 03:35:24.631Z;functions.movimentacao_bancaria;  IMAGEM BORDERO CLICADA.
13-07-2024 03:35:34.748Z;functions.waitForImage;  LICENCAS EXCEDIDAS image not found.
13-07-2024 03:35:37.061Z;functions.waitForImage;  LICENCE SERVER image not found.
13-07-2024 03:35:37.795Z;functions.movimentacao_bancaria;  ENCONTROU O FILTRO DA MOVIMENTAÇÃO BANCÁRIA
13-07-2024 03:35:37.842Z;functions.movimentacao_bancaria;  CLICA NA ABA SUPERIOR DO FILTRO
13-07-2024 03:35:42.051Z;functions.movimentacao_bancaria;  SELECIONA O FILTRO HOJE
13-07-2024 03:35:42.051Z;functions.filter_clean;  FUNÇÃO LIMPA FILTRO
13-07-2024 03:35:46.206Z;functions.waitForImage;  FILTER CLEAN image found.
13-07-2024 03:35:48.320Z;functions.filter_clean;  CLICK NO BOTÃO X DO LIMPA FILTRO
13-07-2024 03:35:48.498Z;functions.waitForImage;  FILTER CLEAN image found.
13-07-2024 03:35:50.631Z;functions.filter_clean;  CLICK NO BOTÃO X DO LIMPA FILTRO
13-07-2024 03:36:06.059Z;functions.waitForImage;  FILTER CLEAN image not found.
13-07-2024 03:36:07.779Z;functions.movimentacao_bancaria;  CLICK NA PRIMEIRA LINHA DA TABELA MOVIMENTAÇÃO BANCÁRIA
13-07-2024 03:36:09.004Z;functions.movimentacao_bancaria;  12 PASSOS PARA DIREITA NA TABELA >>
13-07-2024 03:36:11.108Z;functions.movimentacao_bancaria;  HOVER FILTER
13-07-2024 03:36:11.695Z;functions.movimentacao_bancaria;  CLICK FILTER
13-07-2024 03:36:16.021Z;functions.movimentacao_bancaria;  CLICK NO FILTRO  STATUS DA REMESSA
13-07-2024 03:36:18.124Z;functions.movimentacao_bancaria;  APERTA TAB PARA ESCREVER O FILTRO
13-07-2024 03:36:20.238Z;functions.movimentacao_bancaria;  ESCREVE PENDENTE NO FILTRO
13-07-2024 03:36:22.341Z;functions.movimentacao_bancaria;  APERTA ENTER PARA SELECIONAR OS PENDENTES
13-07-2024 03:36:41.999Z;functions.movimentacao_bancaria;  SEM REGISTROS DE PROCESSO DE BORDERO PENDENTE
13-07-2024 03:36:41.999Z;functions.filter_clean;  FUNÇÃO LIMPA FILTRO
13-07-2024 03:36:42.201Z;functions.waitForImage;  FILTER CLEAN image found.
13-07-2024 03:36:44.326Z;functions.filter_clean;  CLICK NO BOTÃO X DO LIMPA FILTRO
13-07-2024 03:36:59.420Z;functions.waitForImage;  FILTER CLEAN image not found.
13-07-2024 03:37:14.514Z;functions.waitForImage;  FILTER CLEAN image not found.
13-07-2024 03:37:16.373Z;functions.remessa_pagamento;  CLICK NA PRIMEIRA LINHA DA TABELA MOVIMENTAÇÃO BANCÁRIA
13-07-2024 03:37:18.514Z;functions.remessa_pagamento;  HOVER FILTER
13-07-2024 03:37:19.068Z;functions.remessa_pagamento;  CLICK FILTER
13-07-2024 03:37:23.401Z;functions.remessa_pagamento;  CLICK NO FILTRO  STATUS DA REMESSA
13-07-2024 03:37:25.503Z;functions.remessa_pagamento;  APERTA TAB PARA ESCREVER O FILTRO
13-07-2024 03:37:27.621Z;functions.remessa_pagamento;  ESCREVE AUTORIZADO NO FILTRO
13-07-2024 03:37:29.724Z;functions.remessa_pagamento;  APERTA ENTER PARA SELECIONAR OS AUTORIZADOS
13-07-2024 03:37:50.237Z;functions.remessa_pagamento;  SEM REMESSA DE BORDERO AUTORIZADO
13-07-2024 03:37:51.220Z;functions.enter_contas_a_pagar;  CLICK - TOTVS - LINHA RM
13-07-2024 03:37:52.967Z;functions.enter_contas_a_pagar;  CLICK - BACK OFFICE
13-07-2024 03:37:55.686Z;functions.enter_contas_a_pagar;  CLICK - GESTAO FINANCEIRA
13-07-2024 03:38:01.498Z;functions.enter_contas_a_pagar;  CLICK - CONTAS A PAGAR
13-07-2024 03:38:02.357Z;functions.waitForImage;  LANÇAMENTOS image found.
13-07-2024 03:38:04.474Z;functions.enter_contas_a_pagar;  CLICA EM LANÇAMENTOS
13-07-2024 03:38:19.904Z;functions.waitForImage;  LICENCAS EXCEDIDAS image not found.
13-07-2024 03:38:19.904Z;functions.data_filter;  CLICK - SELECIONA A DATA DE QUARTA FEIRA E DA PROXIMA TERÇA
13-07-2024 03:38:19.904Z;functions.data_filter;  QUARTA-FEIRA: 17-07-2024
13-07-2024 03:38:19.904Z;functions.data_filter;  TERCA-FEIRA: 23-07-2024
13-07-2024 03:38:36.779Z;functions.data_filter;  CLICK - BUTÃO DE SELECAO DE FILTRO
13-07-2024 03:38:41.514Z;functions.data_filter;  INSERE - DATA DE QUARTA-FEIRA: 17-07-2024
13-07-2024 03:38:45.858Z;functions.data_filter;  INSERE - DATA DA PROX TERCA-FEIRA: 23-07-2024
13-07-2024 03:38:46.998Z;functions.data_filter;  CLICK - BUTÃO DE EXECUTAR O FILTRO
13-07-2024 03:38:52.003Z;functions.desmark_filter;  AGUARDANDO 1
13-07-2024 03:38:54.248Z;functions.desmark_filter;  CLICK CHECKBOX LANÇAMENTOS A RECEBER
13-07-2024 03:38:56.748Z;functions.desmark_filter;  CLICK CHECKBOX LANÇAMENTOS BAIXADOS
13-07-2024 03:38:59.092Z;functions.desmark_filter;  CLICK CHECKBOX LANÇAMENTOS CANCELADOS
13-07-2024 03:39:01.685Z;functions.desmark_filter;  CLICK CHECKBOX LANÇAMENTOS FATURADOS
13-07-2024 03:39:04.435Z;functions.desmark_filter;  ATUALIZA O FILTRO
13-07-2024 03:39:04.435Z;functions.filter_clean;  FUNÇÃO LIMPA FILTRO
13-07-2024 03:39:04.623Z;functions.waitForImage;  FILTER CLEAN image found.
13-07-2024 03:39:06.756Z;functions.filter_clean;  CLICK NO BOTÃO X DO LIMPA FILTRO
13-07-2024 03:39:21.842Z;functions.waitForImage;  FILTER CLEAN image not found.
13-07-2024 03:39:36.982Z;functions.waitForImage;  FILTER CLEAN image not found.
13-07-2024 03:39:40.061Z;functions.tabela_vazia;  Texto extraido 0/0
13-07-2024 03:39:40.061Z;functions.tabela_vazia;  Count 0
13-07-2024 03:39:40.061Z;functions.tabela_vazia;  Type <class 'int'>
13-07-2024 03:39:42.064Z;functions.tabela_vazia;  SEM REMESSA DE FÉRIAS/RESCISÃO
13-07-2024 03:39:44.065Z;main.<module>;  SEM REMESSA DE PENSÃO
13-07-2024 03:39:46.326Z;errorhandler.__handle;  Property: Unknown Property name. [1:203: -ms-interpolation-mode]
13-07-2024 03:39:46.370Z;errorhandler.__handle;  Property: Unknown Property name. [1:353: -webkit-font-smoothing]
13-07-2024 03:39:46.373Z;errorhandler.__handle;  Property: Unknown Property name. [1:483: -ms-text-size-adjust]
13-07-2024 03:39:46.373Z;errorhandler.__handle;  Property: Unknown Property name. [1:518: -webkit-text-size-adjust]
13-07-2024 03:39:46.373Z;errorhandler.__handle;  Property: Unknown Property name. [1:612: mso-table-lspace]
13-07-2024 03:39:46.373Z;errorhandler.__handle;  Property: Unknown Property name. [1:642: mso-table-rspace]
13-07-2024 03:39:46.623Z;errorhandler.__handle;  Property: Unknown Property name. [1:4734: mso-hide]
13-07-2024 03:39:46.717Z;errorhandler.__handle;  Property: Unknown Property name. [1:13: -ms-interpolation-mode]
13-07-2024 03:39:46.733Z;errorhandler.__handle;  Property: Unknown Property name. [1:49: -webkit-font-smoothing]
13-07-2024 03:39:46.733Z;errorhandler.__handle;  Property: Unknown Property name. [1:134: -ms-text-size-adjust]
13-07-2024 03:39:46.733Z;errorhandler.__handle;  Property: Unknown Property name. [1:160: -webkit-text-size-adjust]
13-07-2024 03:39:46.733Z;errorhandler.__handle;  Property: Unknown Property name. [1:26: mso-table-lspace]
13-07-2024 03:39:46.733Z;errorhandler.__handle;  Property: Unknown Property name. [1:45: mso-table-rspace]
13-07-2024 03:39:46.779Z;errorhandler.__handle;  Property: Unknown Property name. [1:92: mso-hide]
13-07-2024 03:39:46.779Z;errorhandler.__handle;  Property: No ":" after name found: align-center [1:1: align-center]
13-07-2024 03:39:46.779Z;errorhandler.__handle;  Property: No property value found: align-center [1:1: align-center]
13-07-2024 03:39:46.779Z;errorhandler.__handle;  CSSStyleDeclaration: Syntax Error in Property: align-center
13-07-2024 03:39:46.795Z;errorhandler.__handle;  Property: Unknown Property name. [1:14: -ms-interpolation-mode]
13-07-2024 03:39:49.451Z;functions.emailFinalizado;  Warning e-mail sent.
13-07-2024 03:39:49.920Z;functions.encerra_prog;  RM ENCERRADO
