04-06-2024 18:01:07.876Z;functions.bot_text_art;      ____     
04-06-2024 18:01:07.876Z;functions.bot_text_art;     [____]    
04-06-2024 18:01:07.876Z;functions.bot_text_art;   |=]()()[=|  
04-06-2024 18:01:07.876Z;functions.bot_text_art;     _\==/__    _____    ____     _        _____    ___   _  __ 
04-06-2024 18:01:07.876Z;functions.bot_text_art;   |__|   |_|  |  _  \  / ___|   | |      |_   _| / ___| | |/ / 
04-06-2024 18:01:07.876Z;functions.bot_text_art;   |_|_/\_|_|  | |  | | | |      | |        | |   | |    | ' /  
04-06-2024 18:01:07.876Z;functions.bot_text_art;   | | __ | |  | |  | | | |      | |        | |   | |    |  <   
04-06-2024 18:01:07.876Z;functions.bot_text_art;   |_|[  ]|_|  | |__| | | |____  | |____   _| |_  | |__  | . \  
04-06-2024 18:01:07.876Z;functions.bot_text_art;   \_|_||_|_/  |_____/   \_____| |______| |_____| \ ___| |_|\_\ 
04-06-2024 18:01:07.876Z;functions.bot_text_art;     |_||_|    
04-06-2024 18:01:07.876Z;functions.bot_text_art;     | ||_|_   
04-06-2024 18:01:07.876Z;functions.bot_text_art;   |___||___|  
04-06-2024 18:01:07.876Z;functions.bot_text_art;               
04-06-2024 18:01:08.220Z;functions.open_RM;  OPEN PROGRAM RM
04-06-2024 18:01:23.266Z;functions.loggin_RM;  ACHOU O PANE PICTURE
04-06-2024 18:01:24.783Z;functions.loggin_RM;  ENCONTRA USE FIELD
04-06-2024 18:01:25.189Z;functions.loggin_RM;  DUPLO CLICK
04-06-2024 18:01:29.050Z;functions.loggin_RM;  ENTRAR USER_NAME
04-06-2024 18:01:30.704Z;functions.loggin_RM;  ENCONTRA PASS FIELD
04-06-2024 18:01:31.111Z;functions.loggin_RM;  CLICK
04-06-2024 18:01:33.237Z;functions.loggin_RM;  ENTRAR PASSWORD
04-06-2024 18:01:35.127Z;functions.loggin_RM;  ENTRAR RM
04-06-2024 18:02:17.266Z;functions.enter_coligada;  CLICK CONTEXTO
04-06-2024 18:02:22.142Z;functions.enter_coligada;  CLICK ALTERAR MODULO DO CONTEXTO
04-06-2024 18:02:26.684Z;functions.enter_coligada;  INSERE O COLIGADA CODE = 1
04-06-2024 18:02:26.809Z;functions.enter_coligada;  APERTA TAB PARA PREENCHER O CAMPO COM A STRING: OCEANICA ENGENHARIA E CONSULTORIA S.A.
04-06-2024 18:02:28.361Z;functions.enter_coligada;  CLICK AVANÇAR NOVAMENTE
04-06-2024 18:02:30.188Z;functions.enter_coligada;  CLICK CONCLUIR
04-06-2024 18:03:11.126Z;functions.enter_coligada;  POP UP COLIGADA DESAPARECER
04-06-2024 18:03:12.283Z;functions.check_movimentacao_bancaria;  CLICK - TOTVS - LINHA RM
04-06-2024 18:03:14.407Z;functions.check_movimentacao_bancaria;  CLICK - BACK OFFICE
04-06-2024 18:03:15.673Z;functions.check_movimentacao_bancaria;  CLICK - GESTAO FINANCEIRA
04-06-2024 18:03:23.204Z;functions.movimentacao_bancaria;  CLICK NA ABA MOVIMENTAÇÃO BANCARIA
04-06-2024 18:03:25.443Z;functions.waitForImage;  IMAGEM BORDERO image found.
04-06-2024 18:03:27.566Z;functions.movimentacao_bancaria;  IMAGEM BORDERO CLICADA.
04-06-2024 18:03:38.139Z;functions.waitForImage;  LICENCAS EXCEDIDAS image not found.
04-06-2024 18:03:40.395Z;functions.waitForImage;  LICENCE SERVER image not found.
04-06-2024 18:03:41.205Z;functions.movimentacao_bancaria;  ENCONTROU O FILTRO DA MOVIMENTAÇÃO BANCÁRIA
04-06-2024 18:03:41.299Z;functions.movimentacao_bancaria;  CLICA NA ABA SUPERIOR DO FILTRO
04-06-2024 18:03:45.510Z;functions.movimentacao_bancaria;  SELECIONA O FILTRO HOJE
04-06-2024 18:03:45.510Z;functions.filter_clean;  FUNÇÃO LIMPA FILTRO
04-06-2024 18:03:50.612Z;functions.waitForImage;  FILTER CLEAN image found.
04-06-2024 18:03:52.745Z;functions.filter_clean;  CLICK NO BOTÃO X DO LIMPA FILTRO
04-06-2024 18:03:52.936Z;functions.waitForImage;  FILTER CLEAN image found.
04-06-2024 18:03:55.061Z;functions.filter_clean;  CLICK NO BOTÃO X DO LIMPA FILTRO
04-06-2024 18:04:10.517Z;functions.waitForImage;  FILTER CLEAN image not found.
04-06-2024 18:04:12.704Z;functions.movimentacao_bancaria;  CLICK NA PRIMEIRA LINHA DA TABELA MOVIMENTAÇÃO BANCÁRIA
04-06-2024 18:04:13.930Z;functions.movimentacao_bancaria;  12 PASSOS PARA DIREITA NA TABELA >>
04-06-2024 18:04:16.532Z;functions.movimentacao_bancaria;  HOVER FILTER
04-06-2024 18:04:17.243Z;functions.movimentacao_bancaria;  CLICK FILTER
04-06-2024 18:04:21.572Z;functions.movimentacao_bancaria;  CLICK NO FILTRO  STATUS DA REMESSA
04-06-2024 18:04:23.674Z;functions.movimentacao_bancaria;  APERTA TAB PARA ESCREVER O FILTRO
04-06-2024 18:04:25.790Z;functions.movimentacao_bancaria;  ESCREVE PENDENTE NO FILTRO
04-06-2024 18:04:27.893Z;functions.movimentacao_bancaria;  APERTA ENTER PARA SELECIONAR OS PENDENTES
04-06-2024 18:04:48.549Z;functions.movimentacao_bancaria;  SEM REGISTROS DE PROCESSO DE BORDERO PENDENTE
04-06-2024 18:04:48.549Z;functions.filter_clean;  FUNÇÃO LIMPA FILTRO
04-06-2024 18:04:48.736Z;functions.waitForImage;  FILTER CLEAN image found.
04-06-2024 18:04:50.859Z;functions.filter_clean;  CLICK NO BOTÃO X DO LIMPA FILTRO
04-06-2024 18:05:06.396Z;functions.waitForImage;  FILTER CLEAN image not found.
04-06-2024 18:05:21.838Z;functions.waitForImage;  FILTER CLEAN image not found.
04-06-2024 18:05:24.204Z;functions.remessa_pagamento;  CLICK NA PRIMEIRA LINHA DA TABELA MOVIMENTAÇÃO BANCÁRIA
04-06-2024 18:05:26.813Z;functions.remessa_pagamento;  HOVER FILTER
04-06-2024 18:05:27.479Z;functions.remessa_pagamento;  CLICK FILTER
04-06-2024 18:05:31.812Z;functions.remessa_pagamento;  CLICK NO FILTRO  STATUS DA REMESSA
04-06-2024 18:05:33.915Z;functions.remessa_pagamento;  APERTA TAB PARA ESCREVER O FILTRO
04-06-2024 18:05:36.033Z;functions.remessa_pagamento;  ESCREVE AUTORIZADO NO FILTRO
04-06-2024 18:05:38.137Z;functions.remessa_pagamento;  APERTA ENTER PARA SELECIONAR OS AUTORIZADOS
04-06-2024 18:05:59.798Z;functions.remessa_pagamento;  SEM REMESSA DE BORDERO AUTORIZADO
04-06-2024 18:06:00.923Z;functions.enter_contas_a_pagar;  CLICK - TOTVS - LINHA RM
04-06-2024 18:06:02.487Z;functions.enter_contas_a_pagar;  CLICK - BACK OFFICE
04-06-2024 18:06:03.517Z;functions.enter_contas_a_pagar;  CLICK - GESTAO FINANCEIRA
04-06-2024 18:06:10.423Z;functions.enter_contas_a_pagar;  CLICK - CONTAS A PAGAR
04-06-2024 18:06:11.358Z;functions.waitForImage;  LANÇAMENTOS image found.
04-06-2024 18:06:13.481Z;functions.enter_contas_a_pagar;  CLICA EM LANÇAMENTOS
04-06-2024 18:06:28.595Z;functions.waitForImage;  LICENCAS EXCEDIDAS image not found.
04-06-2024 18:06:28.595Z;functions.obter_intervalo_data;  VERIFICANDO A HORA ATUAL 18
04-06-2024 18:06:28.595Z;functions.obter_intervalo_data;  Data Inicial PENSAO antes da remoção: None
04-06-2024 18:06:28.595Z;functions.obter_intervalo_data;  Data Final PENSAO antes da remoção: None
04-06-2024 18:06:28.611Z;functions.obter_intervalo_data;  Data Inicial PENSAO após a remoção: None
04-06-2024 18:06:28.611Z;functions.obter_intervalo_data;  Data Final PENSAO após a remoção: None
04-06-2024 18:06:28.611Z;functions.obter_intervalo_data;  hoje -  2024-06-04 18:06:28.611446
04-06-2024 18:06:28.611Z;functions.data_filter;  DATA INICIO 12-06-2024
04-06-2024 18:06:28.611Z;functions.data_filter;  DATA FIM 18-06-2024
04-06-2024 18:06:28.611Z;functions.data_filter;  CLICK - SELECIONA A DATA DE QUARTA FEIRA E DA PROXIMA TERÇA
04-06-2024 18:06:28.611Z;functions.data_filter;  QUARTA-FEIRA: 12-06-2024
04-06-2024 18:06:28.611Z;functions.data_filter;  TERCA-FEIRA: 18-06-2024
04-06-2024 18:06:41.362Z;functions.data_filter;  CLICK - BUTÃO DE SELECAO DE FILTRO
04-06-2024 18:06:45.861Z;functions.data_filter;  INSERE - DATA DE QUARTA-FEIRA: 12-06-2024
04-06-2024 18:06:50.298Z;functions.data_filter;  INSERE - DATA DA PROX TERCA-FEIRA: 18-06-2024
04-06-2024 18:06:51.267Z;functions.data_filter;  CLICK - BUTÃO DE EXECUTAR O FILTRO
04-06-2024 18:06:58.579Z;functions.desmark_filter;  CLICK CHECKBOX LANÇAMENTOS A RECEBER
04-06-2024 18:07:00.830Z;functions.desmark_filter;  CLICK CHECKBOX LANÇAMENTOS BAIXADOS
04-06-2024 18:07:02.719Z;functions.desmark_filter;  CLICK CHECKBOX LANÇAMENTOS CANCELADOS
04-06-2024 18:07:04.720Z;functions.desmark_filter;  CLICK CHECKBOX LANÇAMENTOS FATURADOS
04-06-2024 18:07:07.560Z;functions.desmark_filter;  ATUALIZA O FILTRO
04-06-2024 18:07:07.561Z;functions.filter_clean;  FUNÇÃO LIMPA FILTRO
04-06-2024 18:07:07.766Z;functions.waitForImage;  FILTER CLEAN image found.
04-06-2024 18:07:09.875Z;functions.filter_clean;  CLICK NO BOTÃO X DO LIMPA FILTRO
04-06-2024 18:07:25.294Z;functions.waitForImage;  FILTER CLEAN image not found.
04-06-2024 18:07:40.753Z;functions.waitForImage;  FILTER CLEAN image not found.
04-06-2024 18:07:44.704Z;functions.tabela_vazia;  Texto extraido 1/1
04-06-2024 18:07:44.704Z;functions.tabela_vazia;  Count 1
04-06-2024 18:07:44.704Z;functions.tabela_vazia;  Type <class 'int'>
04-06-2024 18:07:44.704Z;functions.tabela_vazia;  TABELA CONTÉM REGISTROS
04-06-2024 18:07:46.489Z;functions.desbloqueio;  SELECIONA TODAS AS TUPLAS
04-06-2024 18:07:46.595Z;functions.desbloqueio;  CONTROL P PARA SELECIONAR PROCESSO
04-06-2024 18:07:52.814Z;functions.desbloqueio;  7 SETAS PARA BAIXO - MANUTENÇÃO DE LANÇAMENTO
04-06-2024 18:07:54.918Z;functions.desbloqueio;  SETA PARA DIREITA
04-06-2024 18:07:57.839Z;functions.desbloqueio;  9 SETAS PARA BAIXO
04-06-2024 18:07:59.942Z;functions.desbloqueio;  ENTER PARA SELECIONAR DESBLOQUEIO ALTERAÇÃO
04-06-2024 18:09:02.353Z;functions.exec_lancamentos;  CONTROL G
04-06-2024 18:09:51.085Z;functions.show_exception_and_exit;  'NoneType' object has no attribute 'click'
Traceback (most recent call last):
  File "C:\Projetos_Remessas\Remessa_Pensao\main.py", line 28, in <module>
    process_lancamentos()
  File "C:\Projetos_Remessas\Remessa_Pensao\SUBPROGRAMS\functions.py", line 556, in process_lancamentos
    exec_lancamentos()
  File "C:\Projetos_Remessas\Remessa_Pensao\SUBPROGRAMS\functions.py", line 524, in exec_lancamentos
    click_combo.click()
    ^^^^^^^^^^^^^^^^^
AttributeError: 'NoneType' object has no attribute 'click'
04-06-2024 18:09:52.100Z;functions.show_exception_and_exit;  RM FECHADO
04-06-2024 18:09:55.595Z;errorhandler.__handle;  Property: Unknown Property name. [1:203: -ms-interpolation-mode]
04-06-2024 18:09:55.642Z;errorhandler.__handle;  Property: Unknown Property name. [1:353: -webkit-font-smoothing]
04-06-2024 18:09:55.657Z;errorhandler.__handle;  Property: Unknown Property name. [1:483: -ms-text-size-adjust]
04-06-2024 18:09:55.657Z;errorhandler.__handle;  Property: Unknown Property name. [1:518: -webkit-text-size-adjust]
04-06-2024 18:09:55.657Z;errorhandler.__handle;  Property: Unknown Property name. [1:612: mso-table-lspace]
04-06-2024 18:09:55.657Z;errorhandler.__handle;  Property: Unknown Property name. [1:642: mso-table-rspace]
04-06-2024 18:09:55.892Z;errorhandler.__handle;  Property: Unknown Property name. [1:4734: mso-hide]
04-06-2024 18:09:56.001Z;errorhandler.__handle;  Property: Unknown Property name. [1:13: -ms-interpolation-mode]
04-06-2024 18:09:56.001Z;errorhandler.__handle;  Property: Unknown Property name. [1:49: -webkit-font-smoothing]
04-06-2024 18:09:56.001Z;errorhandler.__handle;  Property: Unknown Property name. [1:134: -ms-text-size-adjust]
04-06-2024 18:09:56.001Z;errorhandler.__handle;  Property: Unknown Property name. [1:160: -webkit-text-size-adjust]
04-06-2024 18:09:56.001Z;errorhandler.__handle;  Property: Unknown Property name. [1:26: mso-table-lspace]
04-06-2024 18:09:56.017Z;errorhandler.__handle;  Property: Unknown Property name. [1:45: mso-table-rspace]
04-06-2024 18:09:56.048Z;errorhandler.__handle;  Property: Unknown Property name. [1:92: mso-hide]
04-06-2024 18:09:56.063Z;errorhandler.__handle;  Property: No ":" after name found: align-center [1:1: align-center]
04-06-2024 18:09:56.063Z;errorhandler.__handle;  Property: No property value found: align-center [1:1: align-center]
04-06-2024 18:09:56.063Z;errorhandler.__handle;  CSSStyleDeclaration: Syntax Error in Property: align-center
04-06-2024 18:09:56.063Z;errorhandler.__handle;  Property: Unknown Property name. [1:14: -ms-interpolation-mode]
04-06-2024 18:09:58.737Z;functions.show_exception_and_exit;  EMAIL EXCEÇÃO ENVIADO
04-06-2024 18:09:58.737Z;functions.show_exception_and_exit;  ERRO - <class 'AttributeError'> / 'NoneType' object has no attribute 'click'
