20-03-2024 06:30:38.881Z;functions.bot_text_art;      ____     
20-03-2024 06:30:38.881Z;functions.bot_text_art;     [____]    
20-03-2024 06:30:38.881Z;functions.bot_text_art;   |=]()()[=|  
20-03-2024 06:30:38.881Z;functions.bot_text_art;     _\==/__    _____    ____     _        _____    ___   _  __ 
20-03-2024 06:30:38.881Z;functions.bot_text_art;   |__|   |_|  |  _  \  / ___|   | |      |_   _| / ___| | |/ / 
20-03-2024 06:30:38.881Z;functions.bot_text_art;   |_|_/\_|_|  | |  | | | |      | |        | |   | |    | ' /  
20-03-2024 06:30:38.881Z;functions.bot_text_art;   | | __ | |  | |  | | | |      | |        | |   | |    |  <   
20-03-2024 06:30:38.881Z;functions.bot_text_art;   |_|[  ]|_|  | |__| | | |____  | |____   _| |_  | |__  | . \  
20-03-2024 06:30:38.881Z;functions.bot_text_art;   \_|_||_|_/  |_____/   \_____| |______| |_____| \ ___| |_|\_\ 
20-03-2024 06:30:38.881Z;functions.bot_text_art;     |_||_|    
20-03-2024 06:30:38.881Z;functions.bot_text_art;     | ||_|_   
20-03-2024 06:30:38.881Z;functions.bot_text_art;   |___||___|  
20-03-2024 06:30:38.881Z;functions.bot_text_art;               
20-03-2024 06:30:38.897Z;functions.open_RM;  OPEN PROGRAM RM
20-03-2024 06:30:48.694Z;functions.loggin_RM;  ACHOU O PANE PICTURE
20-03-2024 06:30:49.724Z;functions.loggin_RM;  ENCONTRA USE FIELD
20-03-2024 06:30:50.005Z;functions.loggin_RM;  DUPLO CLICK
20-03-2024 06:30:53.600Z;functions.loggin_RM;  ENTRAR USER_NAME
20-03-2024 06:30:54.679Z;functions.loggin_RM;  ENCONTRA PASS FIELD
20-03-2024 06:30:54.944Z;functions.loggin_RM;  CLICK
20-03-2024 06:30:57.070Z;functions.loggin_RM;  ENTRAR PASSWORD
20-03-2024 06:30:58.318Z;functions.loggin_RM;  ENTRAR RM
20-03-2024 06:31:31.043Z;functions.enter_coligada;  CLICK CONTEXTO
20-03-2024 06:31:36.412Z;functions.enter_coligada;  CLICK ALTERAR MODULO DO CONTEXTO
20-03-2024 06:31:40.457Z;functions.enter_coligada;  INSERE O COLIGADA CODE = 1
20-03-2024 06:31:40.564Z;functions.enter_coligada;  APERTA TAB PARA PREENCHER O CAMPO COM A STRING: OCEANICA ENGENHARIA E CONSULTORIA S.A.
20-03-2024 06:31:41.912Z;functions.enter_coligada;  CLICK AVANÇAR NOVAMENTE
20-03-2024 06:31:43.115Z;functions.enter_coligada;  CLICK CONCLUIR
20-03-2024 06:32:07.053Z;functions.enter_coligada;  POP UP COLIGADA DESAPARECER
20-03-2024 06:32:07.911Z;functions.check_movimentacao_bancaria;  CLICK - TOTVS - LINHA RM
20-03-2024 06:32:09.849Z;functions.check_movimentacao_bancaria;  CLICK - BACK OFFICE
20-03-2024 06:32:12.709Z;functions.check_movimentacao_bancaria;  CLICK - GESTAO FINANCEIRA
20-03-2024 06:32:18.615Z;functions.movimentacao_bancaria;  CLICK NA ABA MOVIMENTAÇÃO BANCARIA
20-03-2024 06:32:21.057Z;functions.waitForImage;  IMAGEM BORDERO image found.
20-03-2024 06:32:23.190Z;functions.movimentacao_bancaria;  IMAGEM BORDERO CLICADA.
20-03-2024 06:32:43.881Z;functions.waitForImage;  LICENCAS EXCEDIDAS image not found.
20-03-2024 06:32:44.568Z;functions.movimentacao_bancaria;  ENCONTROU O FILTRO DA MOVIMENTAÇÃO BANCÁRIA
20-03-2024 06:32:44.615Z;functions.movimentacao_bancaria;  CLICA NA ABA SUPERIOR DO FILTRO
20-03-2024 06:32:48.827Z;functions.movimentacao_bancaria;  SELECIONA O FILTRO HOJE
20-03-2024 06:32:48.827Z;functions.filter_clean;  FUNÇÃO LIMPA FILTRO
20-03-2024 06:32:52.382Z;functions.waitForImage;  FILTER CLEAN image found.
20-03-2024 06:32:54.512Z;functions.filter_clean;  CLICK NO BOTÃO X DO LIMPA FILTRO
20-03-2024 06:32:54.851Z;functions.waitForImage;  FILTER CLEAN image found.
20-03-2024 06:32:56.970Z;functions.filter_clean;  CLICK NO BOTÃO X DO LIMPA FILTRO
20-03-2024 06:33:12.380Z;functions.waitForImage;  FILTER CLEAN image not found.
20-03-2024 06:33:13.835Z;functions.movimentacao_bancaria;  CLICK NA PRIMEIRA LINHA DA TABELA MOVIMENTAÇÃO BANCÁRIA
20-03-2024 06:33:15.062Z;functions.movimentacao_bancaria;  12 PASSOS PARA DIREITA NA TABELA >>
20-03-2024 06:33:17.038Z;functions.movimentacao_bancaria;  HOVER FILTER
20-03-2024 06:33:17.514Z;functions.movimentacao_bancaria;  CLICK FILTER
20-03-2024 06:33:21.841Z;functions.movimentacao_bancaria;  CLICK NO FILTRO  STATUS DA REMESSA
20-03-2024 06:33:23.945Z;functions.movimentacao_bancaria;  APERTA TAB PARA ESCREVER O FILTRO
20-03-2024 06:33:26.060Z;functions.movimentacao_bancaria;  ESCREVE PENDENTE NO FILTRO
20-03-2024 06:33:28.162Z;functions.movimentacao_bancaria;  APERTA ENTER PARA SELECIONAR OS PENDENTES
20-03-2024 06:33:49.947Z;functions.movimentacao_bancaria;  SEM REGISTROS DE PROCESSO DE BORDERO PENDENTE
20-03-2024 06:33:49.947Z;functions.filter_clean;  FUNÇÃO LIMPA FILTRO
20-03-2024 06:33:50.280Z;functions.waitForImage;  FILTER CLEAN image found.
20-03-2024 06:33:52.407Z;functions.filter_clean;  CLICK NO BOTÃO X DO LIMPA FILTRO
20-03-2024 06:34:07.723Z;functions.waitForImage;  FILTER CLEAN image not found.
20-03-2024 06:34:23.149Z;functions.waitForImage;  FILTER CLEAN image not found.
20-03-2024 06:34:24.819Z;functions.remessa_pagamento;  CLICK NA PRIMEIRA LINHA DA TABELA MOVIMENTAÇÃO BANCÁRIA
20-03-2024 06:34:26.788Z;functions.remessa_pagamento;  HOVER FILTER
20-03-2024 06:34:27.261Z;functions.remessa_pagamento;  CLICK FILTER
20-03-2024 06:34:31.597Z;functions.remessa_pagamento;  CLICK NO FILTRO  STATUS DA REMESSA
20-03-2024 06:34:33.700Z;functions.remessa_pagamento;  APERTA TAB PARA ESCREVER O FILTRO
20-03-2024 06:34:35.818Z;functions.remessa_pagamento;  ESCREVE AUTORIZADO NO FILTRO
20-03-2024 06:34:37.921Z;functions.remessa_pagamento;  APERTA ENTER PARA SELECIONAR OS AUTORIZADOS
20-03-2024 06:35:00.833Z;functions.remessa_pagamento;  SEM REMESSA DE BORDERO AUTORIZADO
20-03-2024 06:35:01.708Z;functions.enter_contas_a_pagar;  CLICK - TOTVS - LINHA RM
20-03-2024 06:35:03.334Z;functions.enter_contas_a_pagar;  CLICK - BACK OFFICE
20-03-2024 06:35:06.178Z;functions.enter_contas_a_pagar;  CLICK - GESTAO FINANCEIRA
20-03-2024 06:35:12.036Z;functions.enter_contas_a_pagar;  CLICK - CONTAS A PAGAR
20-03-2024 06:35:12.443Z;functions.waitForImage;  LANÇAMENTOS image found.
20-03-2024 06:35:14.578Z;functions.enter_contas_a_pagar;  CLICA EM LANÇAMENTOS
20-03-2024 06:35:29.926Z;functions.waitForImage;  LICENCAS EXCEDIDAS image not found.
20-03-2024 06:35:29.926Z;functions.obter_intervalo_data;  VERIFICANDO A HORA ATUAL 6
20-03-2024 06:35:29.942Z;functions.obter_intervalo_data;  Data Inicial PENSAO antes da remoção: None
20-03-2024 06:35:29.942Z;functions.obter_intervalo_data;  Data Final PENSAO antes da remoção: None
20-03-2024 06:35:29.942Z;functions.obter_intervalo_data;  Data Inicial PENSAO após a remoção: None
20-03-2024 06:35:29.942Z;functions.obter_intervalo_data;  Data Final PENSAO após a remoção: None
20-03-2024 06:35:29.942Z;functions.obter_intervalo_data;  hoje -  2024-03-20 06:35:29.942297
20-03-2024 06:35:29.942Z;functions.data_filter;  DATA INICIO 27-03-2024
20-03-2024 06:35:29.942Z;functions.data_filter;  DATA FIM 02-04-2024
20-03-2024 06:35:29.942Z;functions.data_filter;  CLICK - SELECIONA A DATA DE QUARTA FEIRA E DA PROXIMA TERÇA
20-03-2024 06:35:29.942Z;functions.data_filter;  QUARTA-FEIRA: 27-03-2024
20-03-2024 06:35:29.942Z;functions.data_filter;  TERCA-FEIRA: 02-04-2024
20-03-2024 06:35:33.134Z;functions.data_filter;  ESCREVE REMESSA BANCÁRIA NO FILTRO
20-03-2024 06:35:33.958Z;functions.data_filter;  CLICK - BUTÃO DE SELECAO DE FILTRO
20-03-2024 06:35:38.459Z;functions.data_filter;  INSERE - DATA DE QUARTA-FEIRA: 27-03-2024
20-03-2024 06:35:42.521Z;functions.data_filter;  INSERE - DATA DA PROX TERCA-FEIRA: 02-04-2024
20-03-2024 06:35:43.364Z;functions.data_filter;  CLICK - BUTÃO DE EXECUTAR O FILTRO
20-03-2024 06:35:49.975Z;functions.desmark_filter;  CLICK CHECKBOX LANÇAMENTOS A RECEBER
20-03-2024 06:35:51.505Z;functions.desmark_filter;  CLICK CHECKBOX LANÇAMENTOS BAIXADOS
20-03-2024 06:35:53.142Z;functions.desmark_filter;  CLICK CHECKBOX LANÇAMENTOS CANCELADOS
20-03-2024 06:35:55.100Z;functions.desmark_filter;  CLICK CHECKBOX LANÇAMENTOS FATURADOS
20-03-2024 06:35:57.037Z;functions.desmark_filter;  ATUALIZA O FILTRO
20-03-2024 06:35:57.037Z;functions.filter_clean;  FUNÇÃO LIMPA FILTRO
20-03-2024 06:36:12.227Z;functions.waitForImage;  FILTER CLEAN image not found.
20-03-2024 06:36:27.397Z;functions.waitForImage;  FILTER CLEAN image not found.
20-03-2024 06:36:42.624Z;functions.waitForImage;  FILTER CLEAN image not found.
20-03-2024 06:36:45.005Z;functions.tabela_vazia;  Texto extraido 0/0
20-03-2024 06:36:45.005Z;functions.tabela_vazia;  Count 0
20-03-2024 06:36:45.005Z;functions.tabela_vazia;  Type <class 'int'>
20-03-2024 06:36:47.012Z;functions.tabela_vazia;  SEM REMESSA DE FÉRIAS/RESCISÃO
20-03-2024 06:36:49.013Z;main.<module>;  SEM REMESSA DE PENSÃO
20-03-2024 06:36:52.178Z;errorhandler.__handle;  Property: Unknown Property name. [1:203: -ms-interpolation-mode]
20-03-2024 06:36:52.209Z;errorhandler.__handle;  Property: Unknown Property name. [1:353: -webkit-font-smoothing]
20-03-2024 06:36:52.225Z;errorhandler.__handle;  Property: Unknown Property name. [1:483: -ms-text-size-adjust]
20-03-2024 06:36:52.225Z;errorhandler.__handle;  Property: Unknown Property name. [1:518: -webkit-text-size-adjust]
20-03-2024 06:36:52.225Z;errorhandler.__handle;  Property: Unknown Property name. [1:612: mso-table-lspace]
20-03-2024 06:36:52.225Z;errorhandler.__handle;  Property: Unknown Property name. [1:642: mso-table-rspace]
20-03-2024 06:36:52.412Z;errorhandler.__handle;  Property: Unknown Property name. [1:4734: mso-hide]
20-03-2024 06:36:52.459Z;errorhandler.__handle;  Property: Unknown Property name. [1:13: -ms-interpolation-mode]
20-03-2024 06:36:52.475Z;errorhandler.__handle;  Property: Unknown Property name. [1:49: -webkit-font-smoothing]
20-03-2024 06:36:52.475Z;errorhandler.__handle;  Property: Unknown Property name. [1:134: -ms-text-size-adjust]
20-03-2024 06:36:52.475Z;errorhandler.__handle;  Property: Unknown Property name. [1:160: -webkit-text-size-adjust]
20-03-2024 06:36:52.475Z;errorhandler.__handle;  Property: Unknown Property name. [1:26: mso-table-lspace]
20-03-2024 06:36:52.475Z;errorhandler.__handle;  Property: Unknown Property name. [1:45: mso-table-rspace]
20-03-2024 06:36:52.490Z;errorhandler.__handle;  Property: Unknown Property name. [1:92: mso-hide]
20-03-2024 06:36:52.490Z;errorhandler.__handle;  Property: No ":" after name found: align-center [1:1: align-center]
20-03-2024 06:36:52.506Z;errorhandler.__handle;  Property: No property value found: align-center [1:1: align-center]
20-03-2024 06:36:52.506Z;errorhandler.__handle;  CSSStyleDeclaration: Syntax Error in Property: align-center
20-03-2024 06:36:52.506Z;errorhandler.__handle;  Property: Unknown Property name. [1:14: -ms-interpolation-mode]
20-03-2024 06:36:55.006Z;functions.emailFinalizado;  Warning e-mail sent.
20-03-2024 06:36:55.349Z;functions.encerra_prog;  RM ENCERRADO
