25-10-2023 17:23:18.203Z;functions.bot_text_art;      ____   
25-10-2023 17:23:18.203Z;functions.bot_text_art;     [____]    
25-10-2023 17:23:18.204Z;functions.bot_text_art;   |=]()()[=|  
25-10-2023 17:23:18.204Z;functions.bot_text_art;     _\==/__    _____    ____     _        _____    ___   _  __
25-10-2023 17:23:18.204Z;functions.bot_text_art;   |__|   |_|  |  _  \  / ___|   | |      |_   _| / ___| | |/ /
25-10-2023 17:23:18.204Z;functions.bot_text_art;   |_|_/\_|_|  | |  | | | |      | |        | |   | |    | ' / 
25-10-2023 17:23:18.205Z;functions.bot_text_art;   | | __ | |  | |  | | | |      | |        | |   | |    |  <  
25-10-2023 17:23:18.205Z;functions.bot_text_art;   |_|[  ]|_|  | |__| | | |____  | |____   _| |_  | |__  | . \ 
25-10-2023 17:23:18.206Z;functions.bot_text_art;   \_|_||_|_/  |_____/   \_____| |______| |_____| \ ___| |_|\_\
25-10-2023 17:23:18.206Z;functions.bot_text_art;     |_||_|                                                     
25-10-2023 17:23:18.207Z;functions.bot_text_art;     | ||_|_   
25-10-2023 17:23:18.207Z;functions.bot_text_art;   |___||___|  
25-10-2023 17:23:18.207Z;functions.bot_text_art;               
25-10-2023 17:23:18.211Z;functions.open_RM;  OPEN PROGRAM RM
25-10-2023 17:23:25.338Z;functions.loggin_RM;  ENTER USER_NAME
25-10-2023 17:23:26.190Z;functions.loggin_RM;  ENTER PASSWORD
25-10-2023 17:23:26.877Z;functions.loggin_RM;  ENTER RM
25-10-2023 17:23:47.133Z;functions.enter_coligada;  CLICK CONTEXTO
25-10-2023 17:23:51.040Z;functions.enter_coligada;  CLICK COLIGADA 1
25-10-2023 17:23:52.435Z;functions.enter_coligada;  CLICK AVANÇAR
25-10-2023 17:23:54.010Z;functions.enter_coligada;  INSERE O COLIGADA CODE = 1
25-10-2023 17:23:54.112Z;functions.enter_coligada;  APERTA TAB PARA PREENCHER O CAMPO COM A STRING: OCEANICA ENGENHARIA E CONSULTORIA S.A.
25-10-2023 17:23:55.113Z;functions.enter_coligada;  CLICK AVANÇAR NOVAMENTE
25-10-2023 17:23:56.022Z;functions.enter_coligada;  CLICK CONCLUIR
25-10-2023 17:24:06.622Z;functions.enter_coligada;  POP UP COLIGADA DESAPARECER
25-10-2023 17:24:07.242Z;functions.enter_contas_a_pagar;  CLICK - TOTVS - LINHA RM
25-10-2023 17:24:08.360Z;functions.enter_contas_a_pagar;  CLICK - BACK OFFICE
25-10-2023 17:24:10.684Z;functions.enter_contas_a_pagar;  CLICK - GESTAO FINANCEIRA
25-10-2023 17:24:15.980Z;functions.enter_contas_a_pagar;  CLICK - CONTAS A PAGAR
25-10-2023 17:24:16.045Z;functions.waitForImage;  LANÇAMENTOS image found.
25-10-2023 17:24:18.148Z;functions.enter_contas_a_pagar;  CLICA EM LANÇAMENTOS
25-10-2023 17:24:20.149Z;functions.data_filter;  CLICK - SELECIONA A DATA DE QUARTA FEIRA E DA PROXIMA TERÇA
25-10-2023 17:24:20.150Z;functions.data_filter;  QUARTA-FEIRA: 25-10-2023
25-10-2023 17:24:20.150Z;functions.data_filter;  TERCA-FEIRA: 31-10-2023
25-10-2023 17:24:26.474Z;functions.data_filter;  ESCREVE REMESSA BANCÁRIA NO FILTRO
25-10-2023 17:24:27.092Z;functions.data_filter;  CLICK - BUTÃO DE SELECAO DE FILTRO
25-10-2023 17:24:28.931Z;functions.data_filter;  INSERE - DATA DE QUARTA-FEIRA: 25-10-2023
25-10-2023 17:24:30.439Z;functions.data_filter;  INSERE - DATA DA PROX TERCA-FEIRA: 31-10-2023
25-10-2023 17:24:31.085Z;functions.data_filter;  CLICK - BUTÃO DE EXECUTAR O FILTRO
25-10-2023 17:24:36.885Z;functions.desmark_filter;  CLICK CHECKBOX LANÇAMENTOS A RECEBER
25-10-2023 17:24:37.727Z;functions.desmark_filter;  CLICK CHECKBOX LANÇAMENTOS BAIXADOS
25-10-2023 17:24:38.605Z;functions.desmark_filter;  CLICK CHECKBOX LANÇAMENTOS CANCELADOS
25-10-2023 17:24:39.500Z;functions.desmark_filter;  CLICK CHECKBOX LANÇAMENTOS FATURADOS
25-10-2023 17:24:40.432Z;functions.desmark_filter;  ATUALIZA O FILTRO
25-10-2023 17:24:40.433Z;functions.tabela_vazia;  VERIFICANDO SE A TABELA ESTÁ VAZIA
25-10-2023 17:24:45.145Z;functions.tabela_vazia;  Para este processo é necessário que existam registros na visão.
25-10-2023 17:24:49.248Z;functions.tabela_vazia;  SEM REMESSA DE FÉRIAS/RESCISÃO
25-10-2023 17:24:51.350Z;functions.tabela_vazia;  FECHA A TABELA
25-10-2023 17:24:53.463Z;functions.tabela_vazia;  FECHA O PROGRAMA
25-10-2023 17:24:55.568Z;functions.tabela_vazia;  RM ENCERRADO
25-10-2023 17:24:55.568Z;functions.tabela_vazia;  VERIFICANDO SE A TABELA ESTÁ VAZIA
25-10-2023 17:25:15.459Z;functions.show_exception_and_exit;  'NoneType' object has no attribute 'get_text'
Traceback (most recent call last):
  File "c:\projetos\Remessa Ferias Rescisao\main.py", line 18, in <module>
    if tabela_vazia() == True:
       ^^^^^^^^^^^^^^
  File "c:\projetos\Remessa Ferias Rescisao\SUBPROGRAMS\functions.py", line 243, in tabela_vazia
    number_rows = numero_registros.get_text()
                  ^^^^^^^^^^^^^^^^^^^^^^^^^
AttributeError: 'NoneType' object has no attribute 'get_text'
