25-10-2023 17:28:49.634Z;functions.bot_text_art;      ____   
25-10-2023 17:28:49.634Z;functions.bot_text_art;     [____]    
25-10-2023 17:28:49.635Z;functions.bot_text_art;   |=]()()[=|  
25-10-2023 17:28:49.635Z;functions.bot_text_art;     _\==/__    _____    ____     _        _____    ___   _  __
25-10-2023 17:28:49.635Z;functions.bot_text_art;   |__|   |_|  |  _  \  / ___|   | |      |_   _| / ___| | |/ /
25-10-2023 17:28:49.635Z;functions.bot_text_art;   |_|_/\_|_|  | |  | | | |      | |        | |   | |    | ' / 
25-10-2023 17:28:49.636Z;functions.bot_text_art;   | | __ | |  | |  | | | |      | |        | |   | |    |  <  
25-10-2023 17:28:49.636Z;functions.bot_text_art;   |_|[  ]|_|  | |__| | | |____  | |____   _| |_  | |__  | . \ 
25-10-2023 17:28:49.637Z;functions.bot_text_art;   \_|_||_|_/  |_____/   \_____| |______| |_____| \ ___| |_|\_\
25-10-2023 17:28:49.638Z;functions.bot_text_art;     |_||_|                                                     
25-10-2023 17:28:49.638Z;functions.bot_text_art;     | ||_|_   
25-10-2023 17:28:49.638Z;functions.bot_text_art;   |___||___|  
25-10-2023 17:28:49.639Z;functions.bot_text_art;               
25-10-2023 17:28:49.642Z;functions.open_RM;  OPEN PROGRAM RM
25-10-2023 17:28:56.806Z;functions.loggin_RM;  ENTER USER_NAME
25-10-2023 17:28:57.627Z;functions.loggin_RM;  ENTER PASSWORD
25-10-2023 17:28:58.307Z;functions.loggin_RM;  ENTER RM
25-10-2023 17:29:19.093Z;functions.enter_coligada;  CLICK CONTEXTO
25-10-2023 17:29:23.037Z;functions.enter_coligada;  CLICK COLIGADA 1
25-10-2023 17:29:24.198Z;functions.enter_coligada;  CLICK AVANÇAR
25-10-2023 17:29:25.816Z;functions.enter_coligada;  INSERE O COLIGADA CODE = 1
25-10-2023 17:29:25.918Z;functions.enter_coligada;  APERTA TAB PARA PREENCHER O CAMPO COM A STRING: OCEANICA ENGENHARIA E CONSULTORIA S.A.
25-10-2023 17:29:26.919Z;functions.enter_coligada;  CLICK AVANÇAR NOVAMENTE
25-10-2023 17:29:27.834Z;functions.enter_coligada;  CLICK CONCLUIR
25-10-2023 17:29:38.879Z;functions.enter_coligada;  POP UP COLIGADA DESAPARECER
25-10-2023 17:29:39.498Z;functions.enter_contas_a_pagar;  CLICK - TOTVS - LINHA RM
25-10-2023 17:29:40.584Z;functions.enter_contas_a_pagar;  CLICK - BACK OFFICE
25-10-2023 17:29:41.308Z;functions.enter_contas_a_pagar;  CLICK - GESTAO FINANCEIRA
25-10-2023 17:29:44.320Z;functions.enter_contas_a_pagar;  CLICK - CONTAS A PAGAR
25-10-2023 17:29:44.426Z;functions.waitForImage;  LANÇAMENTOS image found.
25-10-2023 17:29:46.553Z;functions.enter_contas_a_pagar;  CLICA EM LANÇAMENTOS
25-10-2023 17:29:48.566Z;functions.data_filter;  CLICK - SELECIONA A DATA DE QUARTA FEIRA E DA PROXIMA TERÇA
25-10-2023 17:29:48.566Z;functions.data_filter;  QUARTA-FEIRA: 25-10-2023
25-10-2023 17:29:48.567Z;functions.data_filter;  TERCA-FEIRA: 31-10-2023
25-10-2023 17:29:54.925Z;functions.data_filter;  ESCREVE REMESSA BANCÁRIA NO FILTRO
25-10-2023 17:29:55.549Z;functions.data_filter;  CLICK - BUTÃO DE SELECAO DE FILTRO
25-10-2023 17:29:57.436Z;functions.data_filter;  INSERE - DATA DE QUARTA-FEIRA: 25-10-2023
25-10-2023 17:29:58.919Z;functions.data_filter;  INSERE - DATA DA PROX TERCA-FEIRA: 31-10-2023
25-10-2023 17:29:59.559Z;functions.data_filter;  CLICK - BUTÃO DE EXECUTAR O FILTRO
25-10-2023 17:30:05.356Z;functions.desmark_filter;  CLICK CHECKBOX LANÇAMENTOS A RECEBER
25-10-2023 17:30:06.194Z;functions.desmark_filter;  CLICK CHECKBOX LANÇAMENTOS BAIXADOS
25-10-2023 17:30:07.060Z;functions.desmark_filter;  CLICK CHECKBOX LANÇAMENTOS CANCELADOS
25-10-2023 17:30:07.971Z;functions.desmark_filter;  CLICK CHECKBOX LANÇAMENTOS FATURADOS
25-10-2023 17:30:08.895Z;functions.desmark_filter;  ATUALIZA O FILTRO
25-10-2023 17:30:08.896Z;functions.tabela_vazia;  VERIFICANDO SE A TABELA ESTÁ VAZIA
25-10-2023 17:30:13.626Z;functions.tabela_vazia;  Para este processo é necessário que existam registros na visão.
25-10-2023 17:30:17.729Z;functions.tabela_vazia;  SEM REMESSA DE FÉRIAS/RESCISÃO
25-10-2023 17:30:19.832Z;functions.tabela_vazia;  FECHA A TABELA
25-10-2023 17:30:21.936Z;functions.tabela_vazia;  FECHA O PROGRAMA
25-10-2023 17:30:24.043Z;functions.tabela_vazia;  RM ENCERRADO
25-10-2023 17:30:24.043Z;functions.tabela_vazia;  VERIFICANDO SE A TABELA ESTÁ VAZIA
25-10-2023 17:30:43.915Z;functions.show_exception_and_exit;  'NoneType' object has no attribute 'get_text'
Traceback (most recent call last):
  File "c:\projetos\Remessa Ferias Rescisao\main.py", line 17, in <module>
    tabela_vazia()
  File "c:\projetos\Remessa Ferias Rescisao\SUBPROGRAMS\functions.py", line 260, in tabela_vazia
    tabela_vazia() == True
    ^^^^^^^^^^^^^^
  File "c:\projetos\Remessa Ferias Rescisao\SUBPROGRAMS\functions.py", line 243, in tabela_vazia
    number_rows = numero_registros.get_text()
                  ^^^^^^^^^^^^^^^^^^^^^^^^^
AttributeError: 'NoneType' object has no attribute 'get_text'
