17-08-2024 17:55:33.254Z;functions.bot_text_art;      ____     
17-08-2024 17:55:33.254Z;functions.bot_text_art;     [____]    
17-08-2024 17:55:33.254Z;functions.bot_text_art;   |=]()()[=|  
17-08-2024 17:55:33.254Z;functions.bot_text_art;     _\==/__    _____    ____     _        _____    ___   _  __ 
17-08-2024 17:55:33.254Z;functions.bot_text_art;   |__|   |_|  |  _  \  / ___|   | |      |_   _| / ___| | |/ / 
17-08-2024 17:55:33.254Z;functions.bot_text_art;   |_|_/\_|_|  | |  | | | |      | |        | |   | |    | ' /  
17-08-2024 17:55:33.254Z;functions.bot_text_art;   | | __ | |  | |  | | | |      | |        | |   | |    |  <   
17-08-2024 17:55:33.254Z;functions.bot_text_art;   |_|[  ]|_|  | |__| | | |____  | |____   _| |_  | |__  | . \  
17-08-2024 17:55:33.254Z;functions.bot_text_art;   \_|_||_|_/  |_____/   \_____| |______| |_____| \ ___| |_|\_\ 
17-08-2024 17:55:33.254Z;functions.bot_text_art;     |_||_|    
17-08-2024 17:55:33.254Z;functions.bot_text_art;     | ||_|_   
17-08-2024 17:55:33.254Z;functions.bot_text_art;   |___||___|  
17-08-2024 17:55:33.254Z;functions.bot_text_art;               
17-08-2024 17:55:33.270Z;functions.open_RM;  OPEN PROGRAM RM
17-08-2024 17:55:39.160Z;functions.loggin_RM;  ACHOU O PANE PICTURE
17-08-2024 17:55:40.010Z;functions.loggin_RM;  ENCONTRA USE FIELD
17-08-2024 17:55:40.223Z;functions.loggin_RM;  DUPLO CLICK
17-08-2024 17:55:43.223Z;functions.loggin_RM;  ENTRAR USER_NAME
17-08-2024 17:55:44.207Z;functions.loggin_RM;  ENCONTRA PASS FIELD
17-08-2024 17:55:44.379Z;functions.loggin_RM;  CLICK
17-08-2024 17:55:46.490Z;functions.loggin_RM;  ENTRAR PASSWORD
17-08-2024 17:55:47.535Z;functions.loggin_RM;  ENTRAR RM
17-08-2024 17:59:05.582Z;functions.enter_coligada;  AGUARDANDO 1
17-08-2024 17:59:06.472Z;functions.enter_coligada;  CLICK CONTEXTO
17-08-2024 17:59:08.191Z;functions.enter_coligada;  CLICK ALTERAR MODULO DO CONTEXTO
17-08-2024 17:59:10.707Z;functions.enter_coligada;  INSERE O COLIGADA CODE = 1
17-08-2024 17:59:10.808Z;functions.enter_coligada;  APERTA TAB PARA PREENCHER O CAMPO COM A STRING: OCEANICA ENGENHARIA E CONSULTORIA S.A.
17-08-2024 17:59:12.160Z;functions.enter_coligada;  CLICK AVANÇAR NOVAMENTE
17-08-2024 17:59:13.191Z;functions.enter_coligada;  CLICK CONCLUIR
17-08-2024 17:59:33.332Z;functions.waitForImage;  TROCA COLIGADA image not found.
17-08-2024 17:59:41.472Z;functions.enter_coligada;  POP UP COLIGADA DESAPARECER
17-08-2024 17:59:42.253Z;functions.check_movimentacao_bancaria;  CLICK - TOTVS - LINHA RM
17-08-2024 17:59:43.597Z;functions.check_movimentacao_bancaria;  CLICK - BACK OFFICE
17-08-2024 17:59:46.066Z;functions.check_movimentacao_bancaria;  CLICK - GESTAO FINANCEIRA
17-08-2024 17:59:46.066Z;functions.obter_intervalo_data;  VERIFICANDO A HORA ATUAL 17
17-08-2024 17:59:46.078Z;functions.obter_intervalo_data;  Data Inicial PENSAO antes da remoção: None
17-08-2024 17:59:46.078Z;functions.obter_intervalo_data;  Data Final PENSAO antes da remoção: None
17-08-2024 17:59:46.082Z;functions.obter_intervalo_data;  Data Inicial PENSAO após a remoção: None
17-08-2024 17:59:46.082Z;functions.obter_intervalo_data;  Data Final PENSAO após a remoção: None
17-08-2024 17:59:46.082Z;functions.obter_intervalo_data;  hoje -  2024-08-17 17:59:46.082973
17-08-2024 17:59:46.082Z;functions.check_movimentacao_bancaria;  DATA INICIO 21-08-2024
17-08-2024 17:59:46.083Z;functions.check_movimentacao_bancaria;  DATA FIM 27-08-2024
17-08-2024 17:59:46.083Z;functions.movimentacao_bancaria;  AGUARDANDO 1
17-08-2024 17:59:50.878Z;functions.movimentacao_bancaria;  CLICK NA ABA MOVIMENTAÇÃO BANCARIA
17-08-2024 17:59:52.972Z;functions.waitForImage;  IMAGEM BORDERO image found.
17-08-2024 17:59:55.104Z;functions.movimentacao_bancaria;  IMAGEM BORDERO CLICADA.
17-08-2024 18:00:05.285Z;functions.waitForImage;  LICENCAS EXCEDIDAS image not found.
17-08-2024 18:00:07.769Z;functions.waitForImage;  LICENCE SERVER image not found.
17-08-2024 18:00:08.410Z;functions.movimentacao_bancaria;  ENCONTROU O FILTRO DA MOVIMENTAÇÃO BANCÁRIA
17-08-2024 18:00:08.441Z;functions.movimentacao_bancaria;  CLICA NA ABA SUPERIOR DO FILTRO
17-08-2024 18:00:12.648Z;functions.movimentacao_bancaria;  SELECIONA O FILTRO HOJE
17-08-2024 18:00:12.648Z;functions.filter_clean;  FUNÇÃO LIMPA FILTRO
17-08-2024 18:00:28.097Z;functions.waitForImage;  FILTER CLEAN image not found.
17-08-2024 18:00:43.503Z;functions.waitForImage;  FILTER CLEAN image not found.
17-08-2024 18:00:58.722Z;functions.waitForImage;  FILTER CLEAN image not found.
17-08-2024 18:01:18.160Z;functions.movimentacao_bancaria;  SEM REGISTROS DE PROCESSO DE BORDERO PENDENTE
17-08-2024 18:01:18.160Z;functions.filter_clean;  FUNÇÃO LIMPA FILTRO
17-08-2024 18:01:33.659Z;functions.waitForImage;  FILTER CLEAN image not found.
17-08-2024 18:01:49.128Z;functions.waitForImage;  FILTER CLEAN image not found.
17-08-2024 18:02:04.425Z;functions.waitForImage;  FILTER CLEAN image not found.
17-08-2024 18:02:39.222Z;functions.remessa_pagamento;  SEM PROCESSO DE BORDERO AUTORIZADO
17-08-2024 18:02:43.284Z;errorhandler.__handle;  Property: Unknown Property name. [1:203: -ms-interpolation-mode]
17-08-2024 18:02:43.300Z;errorhandler.__handle;  Property: Unknown Property name. [1:353: -webkit-font-smoothing]
17-08-2024 18:02:43.300Z;errorhandler.__handle;  Property: Unknown Property name. [1:483: -ms-text-size-adjust]
17-08-2024 18:02:43.300Z;errorhandler.__handle;  Property: Unknown Property name. [1:518: -webkit-text-size-adjust]
17-08-2024 18:02:43.300Z;errorhandler.__handle;  Property: Unknown Property name. [1:612: mso-table-lspace]
17-08-2024 18:02:43.300Z;errorhandler.__handle;  Property: Unknown Property name. [1:642: mso-table-rspace]
17-08-2024 18:02:43.347Z;errorhandler.__handle;  Property: Unknown Property name. [1:4734: mso-hide]
17-08-2024 18:02:43.378Z;errorhandler.__handle;  Property: Unknown Property name. [1:13: -ms-interpolation-mode]
17-08-2024 18:02:43.378Z;errorhandler.__handle;  Property: Unknown Property name. [1:49: -webkit-font-smoothing]
17-08-2024 18:02:43.378Z;errorhandler.__handle;  Property: Unknown Property name. [1:134: -ms-text-size-adjust]
17-08-2024 18:02:43.378Z;errorhandler.__handle;  Property: Unknown Property name. [1:160: -webkit-text-size-adjust]
17-08-2024 18:02:43.378Z;errorhandler.__handle;  Property: Unknown Property name. [1:26: mso-table-lspace]
17-08-2024 18:02:43.378Z;errorhandler.__handle;  Property: Unknown Property name. [1:45: mso-table-rspace]
17-08-2024 18:02:43.394Z;errorhandler.__handle;  Property: Unknown Property name. [1:92: mso-hide]
17-08-2024 18:02:43.394Z;errorhandler.__handle;  Property: No ":" after name found: align-center [1:1: align-center]
17-08-2024 18:02:43.394Z;errorhandler.__handle;  Property: No property value found: align-center [1:1: align-center]
17-08-2024 18:02:43.394Z;errorhandler.__handle;  CSSStyleDeclaration: Syntax Error in Property: align-center
17-08-2024 18:02:43.394Z;errorhandler.__handle;  Property: Unknown Property name. [1:14: -ms-interpolation-mode]
17-08-2024 18:02:45.690Z;functions.emailFinalizado;  Warning e-mail sent.
17-08-2024 18:02:45.867Z;functions.encerra_prog;  RM ENCERRADO
