07-05-2024 14:30:12.672Z;functions.bot_text_art;      ____     
07-05-2024 14:30:12.672Z;functions.bot_text_art;     [____]    
07-05-2024 14:30:12.672Z;functions.bot_text_art;   |=]()()[=|  
07-05-2024 14:30:12.672Z;functions.bot_text_art;     _\==/__    _____    ____     _        _____    ___   _  __ 
07-05-2024 14:30:12.672Z;functions.bot_text_art;   |__|   |_|  |  _  \  / ___|   | |      |_   _| / ___| | |/ / 
07-05-2024 14:30:12.672Z;functions.bot_text_art;   |_|_/\_|_|  | |  | | | |      | |        | |   | |    | ' /  
07-05-2024 14:30:12.672Z;functions.bot_text_art;   | | __ | |  | |  | | | |      | |        | |   | |    |  <   
07-05-2024 14:30:12.672Z;functions.bot_text_art;   |_|[  ]|_|  | |__| | | |____  | |____   _| |_  | |__  | . \  
07-05-2024 14:30:12.672Z;functions.bot_text_art;   \_|_||_|_/  |_____/   \_____| |______| |_____| \ ___| |_|\_\ 
07-05-2024 14:30:12.672Z;functions.bot_text_art;     |_||_|    
07-05-2024 14:30:12.672Z;functions.bot_text_art;     | ||_|_   
07-05-2024 14:30:12.672Z;functions.bot_text_art;   |___||___|  
07-05-2024 14:30:12.672Z;functions.bot_text_art;               
07-05-2024 14:30:12.687Z;functions.open_RM;  OPEN PROGRAM RM
07-05-2024 14:30:18.501Z;functions.loggin_RM;  ACHOU O PANE PICTURE
07-05-2024 14:30:19.126Z;functions.loggin_RM;  ENCONTRA USE FIELD
07-05-2024 14:30:19.220Z;functions.loggin_RM;  DUPLO CLICK
07-05-2024 14:30:22.187Z;functions.loggin_RM;  ENTRAR USER_NAME
07-05-2024 14:30:22.829Z;functions.loggin_RM;  ENCONTRA PASS FIELD
07-05-2024 14:30:22.923Z;functions.loggin_RM;  CLICK
07-05-2024 14:30:25.032Z;functions.loggin_RM;  ENTRAR PASSWORD
07-05-2024 14:30:25.735Z;functions.loggin_RM;  ENTRAR RM
07-05-2024 14:30:45.094Z;functions.enter_coligada;  CLICK CONTEXTO
07-05-2024 14:30:48.973Z;functions.enter_coligada;  CLICK ALTERAR MODULO DO CONTEXTO
07-05-2024 14:30:51.318Z;functions.enter_coligada;  INSERE O COLIGADA CODE = 1
07-05-2024 14:30:51.419Z;functions.enter_coligada;  APERTA TAB PARA PREENCHER O CAMPO COM A STRING: OCEANICA ENGENHARIA E CONSULTORIA S.A.
07-05-2024 14:30:52.298Z;functions.enter_coligada;  CLICK AVANÇAR NOVAMENTE
07-05-2024 14:30:53.104Z;functions.enter_coligada;  CLICK CONCLUIR
07-05-2024 14:31:03.266Z;functions.enter_coligada;  POP UP COLIGADA DESAPARECER
07-05-2024 14:31:03.891Z;functions.check_movimentacao_bancaria;  CLICK - TOTVS - LINHA RM
07-05-2024 14:31:04.938Z;functions.check_movimentacao_bancaria;  CLICK - BACK OFFICE
07-05-2024 14:31:07.251Z;functions.check_movimentacao_bancaria;  CLICK - GESTAO FINANCEIRA
07-05-2024 14:31:09.844Z;functions.movimentacao_bancaria;  CLICK NA ABA MOVIMENTAÇÃO BANCARIA
07-05-2024 14:31:11.955Z;functions.waitForImage;  IMAGEM BORDERO image found.
07-05-2024 14:31:14.088Z;functions.movimentacao_bancaria;  IMAGEM BORDERO CLICADA.
07-05-2024 14:31:24.138Z;functions.waitForImage;  LICENCAS EXCEDIDAS image not found.
07-05-2024 14:31:26.683Z;functions.waitForImage;  LICENCE SERVER image not found.
07-05-2024 14:31:27.282Z;functions.movimentacao_bancaria;  ENCONTROU O FILTRO DA MOVIMENTAÇÃO BANCÁRIA
07-05-2024 14:31:27.297Z;functions.movimentacao_bancaria;  CLICA NA ABA SUPERIOR DO FILTRO
07-05-2024 14:31:31.502Z;functions.movimentacao_bancaria;  SELECIONA O FILTRO HOJE
07-05-2024 14:31:31.502Z;functions.filter_clean;  FUNÇÃO LIMPA FILTRO
07-05-2024 14:31:33.452Z;functions.waitForImage;  FILTER CLEAN image found.
07-05-2024 14:31:35.575Z;functions.filter_clean;  CLICK NO BOTÃO X DO LIMPA FILTRO
07-05-2024 14:31:50.920Z;functions.waitForImage;  FILTER CLEAN image not found.
07-05-2024 14:32:06.266Z;functions.waitForImage;  FILTER CLEAN image not found.
07-05-2024 14:32:07.032Z;functions.movimentacao_bancaria;  CLICK NA PRIMEIRA LINHA DA TABELA MOVIMENTAÇÃO BANCÁRIA
07-05-2024 14:32:08.245Z;functions.movimentacao_bancaria;  12 PASSOS PARA DIREITA NA TABELA >>
07-05-2024 14:32:09.500Z;functions.movimentacao_bancaria;  HOVER FILTER
07-05-2024 14:32:09.852Z;functions.movimentacao_bancaria;  CLICK FILTER
07-05-2024 14:32:14.161Z;functions.movimentacao_bancaria;  CLICK NO FILTRO  STATUS DA REMESSA
07-05-2024 14:32:16.262Z;functions.movimentacao_bancaria;  APERTA TAB PARA ESCREVER O FILTRO
07-05-2024 14:32:18.367Z;functions.movimentacao_bancaria;  ESCREVE PENDENTE NO FILTRO
07-05-2024 14:32:20.470Z;functions.movimentacao_bancaria;  APERTA ENTER PARA SELECIONAR OS PENDENTES
07-05-2024 14:32:40.438Z;functions.movimentacao_bancaria;  SEM REGISTROS DE PROCESSO DE BORDERO PENDENTE
07-05-2024 14:32:40.438Z;functions.filter_clean;  FUNÇÃO LIMPA FILTRO
07-05-2024 14:32:40.548Z;functions.waitForImage;  FILTER CLEAN image found.
07-05-2024 14:32:42.674Z;functions.filter_clean;  CLICK NO BOTÃO X DO LIMPA FILTRO
07-05-2024 14:32:58.038Z;functions.waitForImage;  FILTER CLEAN image not found.
07-05-2024 14:33:13.337Z;functions.waitForImage;  FILTER CLEAN image not found.
07-05-2024 14:33:14.149Z;functions.remessa_pagamento;  CLICK NA PRIMEIRA LINHA DA TABELA MOVIMENTAÇÃO BANCÁRIA
07-05-2024 14:33:15.407Z;functions.remessa_pagamento;  HOVER FILTER
07-05-2024 14:33:15.694Z;functions.remessa_pagamento;  CLICK FILTER
07-05-2024 14:33:20.006Z;functions.remessa_pagamento;  CLICK NO FILTRO  STATUS DA REMESSA
07-05-2024 14:33:22.107Z;functions.remessa_pagamento;  APERTA TAB PARA ESCREVER O FILTRO
07-05-2024 14:33:24.215Z;functions.remessa_pagamento;  ESCREVE AUTORIZADO NO FILTRO
07-05-2024 14:33:26.316Z;functions.remessa_pagamento;  APERTA ENTER PARA SELECIONAR OS AUTORIZADOS
07-05-2024 14:33:47.266Z;functions.remessa_pagamento;  SEM REMESSA DE BORDERO AUTORIZADO
07-05-2024 14:33:47.875Z;functions.enter_contas_a_pagar;  CLICK - TOTVS - LINHA RM
07-05-2024 14:33:48.831Z;functions.enter_contas_a_pagar;  CLICK - BACK OFFICE
07-05-2024 14:33:49.532Z;functions.enter_contas_a_pagar;  CLICK - GESTAO FINANCEIRA
07-05-2024 14:33:54.672Z;functions.enter_contas_a_pagar;  CLICK - CONTAS A PAGAR
07-05-2024 14:33:55.369Z;functions.waitForImage;  LANÇAMENTOS image found.
07-05-2024 14:33:57.492Z;functions.enter_contas_a_pagar;  CLICA EM LANÇAMENTOS
07-05-2024 14:34:13.052Z;functions.waitForImage;  LICENCAS EXCEDIDAS image not found.
07-05-2024 14:34:13.052Z;functions.obter_intervalo_data;  VERIFICANDO A HORA ATUAL 14
07-05-2024 14:34:13.052Z;functions.obter_intervalo_data;  Data Inicial PENSAO antes da remoção: None
07-05-2024 14:34:13.052Z;functions.obter_intervalo_data;  Data Final PENSAO antes da remoção: None
07-05-2024 14:34:13.052Z;functions.obter_intervalo_data;  Data Inicial PENSAO após a remoção: None
07-05-2024 14:34:13.052Z;functions.obter_intervalo_data;  Data Final PENSAO após a remoção: None
07-05-2024 14:34:13.052Z;functions.obter_intervalo_data;  hoje -  2024-05-07 14:34:13.052227
07-05-2024 14:34:13.052Z;functions.data_filter;  DATA INICIO 15-05-2024
07-05-2024 14:34:13.052Z;functions.data_filter;  DATA FIM 21-05-2024
07-05-2024 14:34:13.052Z;functions.data_filter;  CLICK - SELECIONA A DATA DE QUARTA FEIRA E DA PROXIMA TERÇA
07-05-2024 14:34:13.052Z;functions.data_filter;  QUARTA-FEIRA: 15-05-2024
07-05-2024 14:34:13.052Z;functions.data_filter;  TERCA-FEIRA: 21-05-2024
07-05-2024 14:34:24.094Z;functions.data_filter;  CLICK - BUTÃO DE SELECAO DE FILTRO
07-05-2024 14:34:27.814Z;functions.data_filter;  INSERE - DATA DE QUARTA-FEIRA: 15-05-2024
07-05-2024 14:34:31.297Z;functions.data_filter;  INSERE - DATA DA PROX TERCA-FEIRA: 21-05-2024
07-05-2024 14:34:31.922Z;functions.data_filter;  CLICK - BUTÃO DE EXECUTAR O FILTRO
07-05-2024 14:34:37.704Z;functions.desmark_filter;  CLICK CHECKBOX LANÇAMENTOS A RECEBER
07-05-2024 14:34:38.516Z;functions.desmark_filter;  CLICK CHECKBOX LANÇAMENTOS BAIXADOS
07-05-2024 14:34:39.357Z;functions.desmark_filter;  CLICK CHECKBOX LANÇAMENTOS CANCELADOS
07-05-2024 14:34:40.220Z;functions.desmark_filter;  CLICK CHECKBOX LANÇAMENTOS FATURADOS
07-05-2024 14:34:41.123Z;functions.desmark_filter;  ATUALIZA O FILTRO
07-05-2024 14:34:41.123Z;functions.filter_clean;  FUNÇÃO LIMPA FILTRO
07-05-2024 14:34:56.350Z;functions.waitForImage;  FILTER CLEAN image not found.
07-05-2024 14:35:11.540Z;functions.waitForImage;  FILTER CLEAN image not found.
07-05-2024 14:35:26.758Z;functions.waitForImage;  FILTER CLEAN image not found.
07-05-2024 14:35:27.695Z;functions.tabela_vazia;  Texto extraido 0/0
07-05-2024 14:35:27.695Z;functions.tabela_vazia;  Count 0
07-05-2024 14:35:27.695Z;functions.tabela_vazia;  Type <class 'int'>
07-05-2024 14:35:29.705Z;functions.tabela_vazia;  SEM REMESSA DE FÉRIAS/RESCISÃO
07-05-2024 14:35:31.706Z;main.<module>;  SEM REMESSA DE PENSÃO
07-05-2024 14:35:33.423Z;errorhandler.__handle;  Property: Unknown Property name. [1:203: -ms-interpolation-mode]
07-05-2024 14:35:33.423Z;errorhandler.__handle;  Property: Unknown Property name. [1:353: -webkit-font-smoothing]
07-05-2024 14:35:33.423Z;errorhandler.__handle;  Property: Unknown Property name. [1:483: -ms-text-size-adjust]
07-05-2024 14:35:33.423Z;errorhandler.__handle;  Property: Unknown Property name. [1:518: -webkit-text-size-adjust]
07-05-2024 14:35:33.423Z;errorhandler.__handle;  Property: Unknown Property name. [1:612: mso-table-lspace]
07-05-2024 14:35:33.423Z;errorhandler.__handle;  Property: Unknown Property name. [1:642: mso-table-rspace]
07-05-2024 14:35:33.470Z;errorhandler.__handle;  Property: Unknown Property name. [1:4734: mso-hide]
07-05-2024 14:35:33.501Z;errorhandler.__handle;  Property: Unknown Property name. [1:13: -ms-interpolation-mode]
07-05-2024 14:35:33.501Z;errorhandler.__handle;  Property: Unknown Property name. [1:49: -webkit-font-smoothing]
07-05-2024 14:35:33.501Z;errorhandler.__handle;  Property: Unknown Property name. [1:134: -ms-text-size-adjust]
07-05-2024 14:35:33.501Z;errorhandler.__handle;  Property: Unknown Property name. [1:160: -webkit-text-size-adjust]
07-05-2024 14:35:33.501Z;errorhandler.__handle;  Property: Unknown Property name. [1:26: mso-table-lspace]
07-05-2024 14:35:33.501Z;errorhandler.__handle;  Property: Unknown Property name. [1:45: mso-table-rspace]
07-05-2024 14:35:33.517Z;errorhandler.__handle;  Property: Unknown Property name. [1:92: mso-hide]
07-05-2024 14:35:33.517Z;errorhandler.__handle;  Property: No ":" after name found: align-center [1:1: align-center]
07-05-2024 14:35:33.517Z;errorhandler.__handle;  Property: No property value found: align-center [1:1: align-center]
07-05-2024 14:35:33.517Z;errorhandler.__handle;  CSSStyleDeclaration: Syntax Error in Property: align-center
07-05-2024 14:35:33.517Z;errorhandler.__handle;  Property: Unknown Property name. [1:14: -ms-interpolation-mode]
07-05-2024 14:35:35.235Z;functions.emailFinalizado;  Warning e-mail sent.
07-05-2024 14:35:35.328Z;functions.encerra_prog;  RM ENCERRADO
