07-11-2023 17:25:53.284Z;functions.proccess_bordero;  SELECIONAR INCLUSÃO DE BORDERO
07-11-2023 17:25:54.597Z;functions.proccess_bordero;  CLICA EM CONVÊNIO TRÊS PONTINHOS
07-11-2023 17:25:55.738Z;functions.proccess_bordero;  CLICA EM COMBOBOX PARA SELECIONAR O ID DO CONVÊNIO
07-11-2023 17:25:56.667Z;functions.proccess_bordero;  CLICA EM ID DO CONVÊNIO
07-11-2023 17:25:58.770Z;functions.proccess_bordero;  APERTA TAB PARA ESCREVER O ID
07-11-2023 17:26:00.872Z;functions.proccess_bordero;  ESCREVE O ID 9 - FERIAS/RESCISÃO
07-11-2023 17:26:02.974Z;functions.proccess_bordero;  APERTA ENTER PARA SELECIONAR O ID 9 - FERIAS/RESCISÃO
07-11-2023 17:26:05.076Z;functions.proccess_bordero;  APERTA ENTER PARA ESCOLHER O ID 9 - FERIAS/RESCISÃO
07-11-2023 17:26:07.695Z;functions.proccess_bordero;  CLICA EM EXECUTAR NA INCLUSÃO DO BORDÊRO
07-11-2023 17:26:19.412Z;functions.waitForImage;  PRESS BUTTON OK image found.
07-11-2023 17:26:21.414Z;functions.proccess_bordero;  O PROCESSAMENTO DO BORDERO FOI EXECUTADO COM SUCESSO.
07-11-2023 17:26:24.024Z;functions.proccess_bordero;  CLICK EM FECHAR.
07-11-2023 17:26:26.827Z;functions.movimentacao_bancaria;  CLICA NA ABA MOVIMENTAÇÃO BANCARIA
07-11-2023 17:26:27.547Z;functions.movimentacao_bancaria;  CLICA NO ICONE BORDERO DE PAGAMENTO
07-11-2023 17:26:39.755Z;functions.movimentacao_bancaria;  SELECIONA O FILTRO HOJE
07-11-2023 17:26:40.938Z;functions.waitForImage;  FILTER CLEAN image found.
07-11-2023 17:26:43.057Z;functions.filter_clean;  CLICA NO BOTÃO X DO LIMPA FILTRO
07-11-2023 17:26:52.908Z;functions.movimentacao_bancaria;  CLICA NA PRIMEIRA LINHA DA TABELA MOVIMENTAÇÃO BANCÁRIA
07-11-2023 17:26:54.122Z;functions.movimentacao_bancaria;  12 PASSOS PARA DIREITA NA TABELA >>
07-11-2023 17:26:55.382Z;functions.movimentacao_bancaria;  HOVER FILTER
07-11-2023 17:26:55.484Z;functions.movimentacao_bancaria;  CLICK FILTER
07-11-2023 17:26:59.794Z;functions.movimentacao_bancaria;  CLICA NO FILTRO  STATUS DA REMESSA
07-11-2023 17:27:01.897Z;functions.movimentacao_bancaria;  APERTA TAB PARA ESCREVER O FILTRO
07-11-2023 17:27:04.001Z;functions.movimentacao_bancaria;  ESCREVE PENDENTE NO FILTRO
07-11-2023 17:27:06.104Z;functions.movimentacao_bancaria;  APERTA ENTER PARA SELECIONAR OS PENDENTES
07-11-2023 17:27:23.464Z;functions.waitForImage;  PRESS BUTTON OK image not found.
07-11-2023 17:27:24.178Z;functions.movimentacao_bancaria;  SELECIONA TODAS AS TUPLAS COM STATUS PENDENTE
07-11-2023 17:27:26.282Z;functions.movimentacao_bancaria;  CLICA EM PROCESSOS
07-11-2023 17:27:28.384Z;functions.movimentacao_bancaria;  APERTA PARA BAIXO
07-11-2023 17:27:30.487Z;functions.movimentacao_bancaria;  APERTA ENTER
07-11-2023 17:27:33.112Z;functions.movimentacao_bancaria;  CLICK EM EXECUTAR BORDERO DE PAGAMENTO
07-11-2023 17:27:39.371Z;functions.waitForImage;  PRESS BUTTON OK image found.
07-11-2023 17:27:41.372Z;functions.movimentacao_bancaria;  O PROCESSAMENTO DE AUTORIZAÇÃO DO BORDERO FOI EXECUTADO COM SUCESSO.
07-11-2023 17:27:43.990Z;functions.movimentacao_bancaria;  CLICK EM FECHAR.
07-11-2023 17:27:46.683Z;functions.remessa_pagamento;  SELECIONA TODAS AS TUPLAS COM STATUS AUTORIZADO
07-11-2023 17:27:48.786Z;functions.remessa_pagamento;  CLICA EM PROCESSOS
07-11-2023 17:27:50.888Z;functions.remessa_pagamento;  APERTA PARA BAIXO 1
07-11-2023 17:27:52.990Z;functions.remessa_pagamento;  APERTA PARA BAIXO 2
07-11-2023 17:27:55.093Z;functions.remessa_pagamento;  APERTA PARA BAIXO 3
07-11-2023 17:27:57.195Z;functions.remessa_pagamento;  APERTA ENTER
