07-11-2023 18:40:49.295Z;teste.<module>;  CLICA EM PROCESSOS
07-11-2023 18:40:51.399Z;teste.<module>;  APERTA PARA BAIXO 1
07-11-2023 18:40:53.501Z;teste.<module>;  APERTA PARA BAIXO 2
07-11-2023 18:40:55.604Z;teste.<module>;  APERTA PARA BAIXO 3
07-11-2023 18:40:57.707Z;teste.<module>;  APERTA ENTER
07-11-2023 18:41:00.854Z;teste.<module>;  CLICA EM REMESSAS DE PAGAMENTO
07-11-2023 18:41:15.187Z;teste.<module>;  CLICA EM AVANÇAR
07-11-2023 18:41:15.189Z;teste.<module>;  Quarta-feira desejada: 08-11-2023
07-11-2023 18:41:15.189Z;teste.<module>;  Data após somar 6 dias: 14-11-2023
07-11-2023 18:41:19.885Z;teste.<module>;  DESMARCA CHECKBOX PARA SALVAR ARQUIVO DE REMESSA
07-11-2023 18:41:20.521Z;teste.<module>;  CLICA NOS ... PARA SELECIONAR O DIRETÓRIO E NOME DO ARQUIVO.
07-11-2023 18:41:21.466Z;teste.<module>;  DUPLO CLICK NO DIRETORIO
07-11-2023 18:41:23.681Z;teste.<module>;  APERTA TAB
07-11-2023 18:41:25.783Z;teste.<module>;  APERTA TAB
07-11-2023 18:41:27.884Z;teste.<module>;  APERTA TAB
07-11-2023 18:41:29.991Z;teste.<module>;  APERTA TAB
07-11-2023 18:41:32.093Z;teste.<module>;  APERTA TAB
07-11-2023 18:41:34.195Z;teste.<module>;  APERTA TAB
07-11-2023 18:41:34.305Z;teste.<module>;  P08142023A.txt
07-11-2023 18:41:34.906Z;teste.<module>;  CLICAR NO BUTÃO SALVAR
07-11-2023 18:41:35.794Z;teste.<module>;  CLICA EM AVANCAR PARA CONCLUIR
07-11-2023 18:41:36.675Z;teste.<module>;  CLICA EM EXECUTAR
07-11-2023 18:41:44.567Z;teste.waitForImage;  PRESS BUTTON OK image found.
07-11-2023 18:41:46.568Z;teste.<module>;  O PROCESSAMENTO DE AUTORIZAÇÃO DO BORDERO FOI EXECUTADO COM SUCESSO.
07-11-2023 18:41:49.364Z;teste.<module>;  <clicknium.core.models.uielement.UiElement object at 0x0000025668732DD0>
07-11-2023 18:41:51.467Z;teste.<module>;  FECHA A ABA MOVIMENTAÇÃO BANCÁRIA
