18-05-2024 14:30:13.418Z;functions.bot_text_art;      ____     
18-05-2024 14:30:13.418Z;functions.bot_text_art;     [____]    
18-05-2024 14:30:13.418Z;functions.bot_text_art;   |=]()()[=|  
18-05-2024 14:30:13.418Z;functions.bot_text_art;     _\==/__    _____    ____     _        _____    ___   _  __ 
18-05-2024 14:30:13.418Z;functions.bot_text_art;   |__|   |_|  |  _  \  / ___|   | |      |_   _| / ___| | |/ / 
18-05-2024 14:30:13.418Z;functions.bot_text_art;   |_|_/\_|_|  | |  | | | |      | |        | |   | |    | ' /  
18-05-2024 14:30:13.418Z;functions.bot_text_art;   | | __ | |  | |  | | | |      | |        | |   | |    |  <   
18-05-2024 14:30:13.418Z;functions.bot_text_art;   |_|[  ]|_|  | |__| | | |____  | |____   _| |_  | |__  | . \  
18-05-2024 14:30:13.418Z;functions.bot_text_art;   \_|_||_|_/  |_____/   \_____| |______| |_____| \ ___| |_|\_\ 
18-05-2024 14:30:13.418Z;functions.bot_text_art;     |_||_|    
18-05-2024 14:30:13.418Z;functions.bot_text_art;     | ||_|_   
18-05-2024 14:30:13.418Z;functions.bot_text_art;   |___||___|  
18-05-2024 14:30:13.418Z;functions.bot_text_art;               
18-05-2024 14:30:13.418Z;functions.open_RM;  OPEN PROGRAM RM
18-05-2024 14:30:19.043Z;functions.loggin_RM;  ACHOU O PANE PICTURE
18-05-2024 14:30:19.699Z;functions.loggin_RM;  ENCONTRA USE FIELD
18-05-2024 14:30:19.793Z;functions.loggin_RM;  DUPLO CLICK
18-05-2024 14:30:22.793Z;functions.loggin_RM;  ENTRAR USER_NAME
18-05-2024 14:30:23.465Z;functions.loggin_RM;  ENCONTRA PASS FIELD
18-05-2024 14:30:23.543Z;functions.loggin_RM;  CLICK
18-05-2024 14:30:25.653Z;functions.loggin_RM;  ENTRAR PASSWORD
18-05-2024 14:30:26.356Z;functions.loggin_RM;  ENTRAR RM
18-05-2024 14:30:43.543Z;functions.enter_coligada;  CLICK CONTEXTO
18-05-2024 14:30:47.574Z;functions.enter_coligada;  CLICK ALTERAR MODULO DO CONTEXTO
18-05-2024 14:30:50.056Z;functions.enter_coligada;  INSERE O COLIGADA CODE = 1
18-05-2024 14:30:50.158Z;functions.enter_coligada;  APERTA TAB PARA PREENCHER O CAMPO COM A STRING: OCEANICA ENGENHARIA E CONSULTORIA S.A.
18-05-2024 14:30:51.090Z;functions.enter_coligada;  CLICK AVANÇAR NOVAMENTE
18-05-2024 14:30:51.918Z;functions.enter_coligada;  CLICK CONCLUIR
18-05-2024 14:31:00.402Z;functions.enter_coligada;  POP UP COLIGADA DESAPARECER
18-05-2024 14:31:01.027Z;functions.check_movimentacao_bancaria;  CLICK - TOTVS - LINHA RM
18-05-2024 14:31:02.076Z;functions.check_movimentacao_bancaria;  CLICK - BACK OFFICE
18-05-2024 14:31:04.393Z;functions.check_movimentacao_bancaria;  CLICK - GESTAO FINANCEIRA
18-05-2024 14:31:07.153Z;functions.movimentacao_bancaria;  CLICK NA ABA MOVIMENTAÇÃO BANCARIA
18-05-2024 14:31:09.280Z;functions.waitForImage;  IMAGEM BORDERO image found.
18-05-2024 14:31:11.412Z;functions.movimentacao_bancaria;  IMAGEM BORDERO CLICADA.
18-05-2024 14:31:21.941Z;functions.waitForImage;  LICENCAS EXCEDIDAS image not found.
18-05-2024 14:31:24.481Z;functions.waitForImage;  LICENCE SERVER image not found.
18-05-2024 14:31:25.047Z;functions.movimentacao_bancaria;  ENCONTROU O FILTRO DA MOVIMENTAÇÃO BANCÁRIA
18-05-2024 14:31:25.078Z;functions.movimentacao_bancaria;  CLICA NA ABA SUPERIOR DO FILTRO
18-05-2024 14:31:29.283Z;functions.movimentacao_bancaria;  SELECIONA O FILTRO HOJE
18-05-2024 14:31:29.283Z;functions.filter_clean;  FUNÇÃO LIMPA FILTRO
18-05-2024 14:31:31.230Z;functions.waitForImage;  FILTER CLEAN image found.
18-05-2024 14:31:33.348Z;functions.filter_clean;  CLICK NO BOTÃO X DO LIMPA FILTRO
18-05-2024 14:31:48.543Z;functions.waitForImage;  FILTER CLEAN image not found.
18-05-2024 14:32:03.828Z;functions.waitForImage;  FILTER CLEAN image not found.
18-05-2024 14:32:04.606Z;functions.movimentacao_bancaria;  CLICK NA PRIMEIRA LINHA DA TABELA MOVIMENTAÇÃO BANCÁRIA
18-05-2024 14:32:05.818Z;functions.movimentacao_bancaria;  12 PASSOS PARA DIREITA NA TABELA >>
18-05-2024 14:32:07.076Z;functions.movimentacao_bancaria;  HOVER FILTER
18-05-2024 14:32:07.405Z;functions.movimentacao_bancaria;  CLICK FILTER
18-05-2024 14:32:11.714Z;functions.movimentacao_bancaria;  CLICK NO FILTRO  STATUS DA REMESSA
18-05-2024 14:32:13.816Z;functions.movimentacao_bancaria;  APERTA TAB PARA ESCREVER O FILTRO
18-05-2024 14:32:15.920Z;functions.movimentacao_bancaria;  ESCREVE PENDENTE NO FILTRO
18-05-2024 14:32:18.022Z;functions.movimentacao_bancaria;  APERTA ENTER PARA SELECIONAR OS PENDENTES
18-05-2024 14:32:37.997Z;functions.movimentacao_bancaria;  SEM REGISTROS DE PROCESSO DE BORDERO PENDENTE
18-05-2024 14:32:37.997Z;functions.filter_clean;  FUNÇÃO LIMPA FILTRO
18-05-2024 14:32:38.091Z;functions.waitForImage;  FILTER CLEAN image found.
18-05-2024 14:32:40.218Z;functions.filter_clean;  CLICK NO BOTÃO X DO LIMPA FILTRO
18-05-2024 14:32:55.414Z;functions.waitForImage;  FILTER CLEAN image not found.
18-05-2024 14:33:10.621Z;functions.waitForImage;  FILTER CLEAN image not found.
18-05-2024 14:33:11.418Z;functions.remessa_pagamento;  CLICK NA PRIMEIRA LINHA DA TABELA MOVIMENTAÇÃO BANCÁRIA
18-05-2024 14:33:12.668Z;functions.remessa_pagamento;  HOVER FILTER
18-05-2024 14:33:12.959Z;functions.remessa_pagamento;  CLICK FILTER
18-05-2024 14:33:17.271Z;functions.remessa_pagamento;  CLICK NO FILTRO  STATUS DA REMESSA
18-05-2024 14:33:19.372Z;functions.remessa_pagamento;  APERTA TAB PARA ESCREVER O FILTRO
18-05-2024 14:33:21.479Z;functions.remessa_pagamento;  ESCREVE AUTORIZADO NO FILTRO
18-05-2024 14:33:23.580Z;functions.remessa_pagamento;  APERTA ENTER PARA SELECIONAR OS AUTORIZADOS
18-05-2024 14:33:44.543Z;functions.remessa_pagamento;  SEM REMESSA DE BORDERO AUTORIZADO
18-05-2024 14:33:45.153Z;functions.enter_contas_a_pagar;  CLICK - TOTVS - LINHA RM
18-05-2024 14:33:46.084Z;functions.enter_contas_a_pagar;  CLICK - BACK OFFICE
18-05-2024 14:33:46.778Z;functions.enter_contas_a_pagar;  CLICK - GESTAO FINANCEIRA
18-05-2024 14:33:52.606Z;functions.enter_contas_a_pagar;  CLICK - CONTAS A PAGAR
18-05-2024 14:33:52.745Z;functions.waitForImage;  LANÇAMENTOS image found.
18-05-2024 14:33:54.869Z;functions.enter_contas_a_pagar;  CLICA EM LANÇAMENTOS
18-05-2024 14:34:10.384Z;functions.waitForImage;  LICENCAS EXCEDIDAS image not found.
18-05-2024 14:34:10.384Z;functions.obter_intervalo_data;  VERIFICANDO A HORA ATUAL 14
18-05-2024 14:34:10.384Z;functions.obter_intervalo_data;  Data Inicial PENSAO antes da remoção: None
18-05-2024 14:34:10.384Z;functions.obter_intervalo_data;  Data Final PENSAO antes da remoção: None
18-05-2024 14:34:10.384Z;functions.obter_intervalo_data;  Data Inicial PENSAO após a remoção: None
18-05-2024 14:34:10.384Z;functions.obter_intervalo_data;  Data Final PENSAO após a remoção: None
18-05-2024 14:34:10.384Z;functions.obter_intervalo_data;  hoje -  2024-05-18 14:34:10.384681
18-05-2024 14:34:10.384Z;functions.data_filter;  DATA INICIO 22-05-2024
18-05-2024 14:34:10.384Z;functions.data_filter;  DATA FIM 28-05-2024
18-05-2024 14:34:10.384Z;functions.data_filter;  CLICK - SELECIONA A DATA DE QUARTA FEIRA E DA PROXIMA TERÇA
18-05-2024 14:34:10.384Z;functions.data_filter;  QUARTA-FEIRA: 22-05-2024
18-05-2024 14:34:10.384Z;functions.data_filter;  TERCA-FEIRA: 28-05-2024
18-05-2024 14:34:21.621Z;functions.data_filter;  CLICK - BUTÃO DE SELECAO DE FILTRO
18-05-2024 14:34:25.355Z;functions.data_filter;  INSERE - DATA DE QUARTA-FEIRA: 22-05-2024
18-05-2024 14:34:28.825Z;functions.data_filter;  INSERE - DATA DA PROX TERCA-FEIRA: 28-05-2024
18-05-2024 14:34:29.457Z;functions.data_filter;  CLICK - BUTÃO DE EXECUTAR O FILTRO
18-05-2024 14:34:35.231Z;functions.desmark_filter;  CLICK CHECKBOX LANÇAMENTOS A RECEBER
18-05-2024 14:34:36.091Z;functions.desmark_filter;  CLICK CHECKBOX LANÇAMENTOS BAIXADOS
18-05-2024 14:34:36.903Z;functions.desmark_filter;  CLICK CHECKBOX LANÇAMENTOS CANCELADOS
18-05-2024 14:34:37.763Z;functions.desmark_filter;  CLICK CHECKBOX LANÇAMENTOS FATURADOS
18-05-2024 14:34:38.653Z;functions.desmark_filter;  ATUALIZA O FILTRO
18-05-2024 14:34:38.653Z;functions.filter_clean;  FUNÇÃO LIMPA FILTRO
18-05-2024 14:34:38.775Z;functions.waitForImage;  FILTER CLEAN image found.
18-05-2024 14:34:40.896Z;functions.filter_clean;  CLICK NO BOTÃO X DO LIMPA FILTRO
18-05-2024 14:34:56.078Z;functions.waitForImage;  FILTER CLEAN image not found.
18-05-2024 14:35:11.334Z;functions.waitForImage;  FILTER CLEAN image not found.
18-05-2024 14:35:12.262Z;functions.tabela_vazia;  Texto extraido 0/0
18-05-2024 14:35:12.262Z;functions.tabela_vazia;  Count 0
18-05-2024 14:35:12.262Z;functions.tabela_vazia;  Type <class 'int'>
18-05-2024 14:35:14.276Z;functions.tabela_vazia;  SEM REMESSA DE FÉRIAS/RESCISÃO
18-05-2024 14:35:16.276Z;main.<module>;  SEM REMESSA DE PENSÃO
18-05-2024 14:35:18.638Z;errorhandler.__handle;  Property: Unknown Property name. [1:203: -ms-interpolation-mode]
18-05-2024 14:35:18.653Z;errorhandler.__handle;  Property: Unknown Property name. [1:353: -webkit-font-smoothing]
18-05-2024 14:35:18.653Z;errorhandler.__handle;  Property: Unknown Property name. [1:483: -ms-text-size-adjust]
18-05-2024 14:35:18.653Z;errorhandler.__handle;  Property: Unknown Property name. [1:518: -webkit-text-size-adjust]
18-05-2024 14:35:18.653Z;errorhandler.__handle;  Property: Unknown Property name. [1:612: mso-table-lspace]
18-05-2024 14:35:18.653Z;errorhandler.__handle;  Property: Unknown Property name. [1:642: mso-table-rspace]
18-05-2024 14:35:18.700Z;errorhandler.__handle;  Property: Unknown Property name. [1:4734: mso-hide]
18-05-2024 14:35:18.731Z;errorhandler.__handle;  Property: Unknown Property name. [1:13: -ms-interpolation-mode]
18-05-2024 14:35:18.731Z;errorhandler.__handle;  Property: Unknown Property name. [1:49: -webkit-font-smoothing]
18-05-2024 14:35:18.731Z;errorhandler.__handle;  Property: Unknown Property name. [1:134: -ms-text-size-adjust]
18-05-2024 14:35:18.731Z;errorhandler.__handle;  Property: Unknown Property name. [1:160: -webkit-text-size-adjust]
18-05-2024 14:35:18.731Z;errorhandler.__handle;  Property: Unknown Property name. [1:26: mso-table-lspace]
18-05-2024 14:35:18.731Z;errorhandler.__handle;  Property: Unknown Property name. [1:45: mso-table-rspace]
18-05-2024 14:35:18.731Z;errorhandler.__handle;  Property: Unknown Property name. [1:92: mso-hide]
18-05-2024 14:35:18.747Z;errorhandler.__handle;  Property: No ":" after name found: align-center [1:1: align-center]
18-05-2024 14:35:18.747Z;errorhandler.__handle;  Property: No property value found: align-center [1:1: align-center]
18-05-2024 14:35:18.747Z;errorhandler.__handle;  CSSStyleDeclaration: Syntax Error in Property: align-center
18-05-2024 14:35:18.747Z;errorhandler.__handle;  Property: Unknown Property name. [1:14: -ms-interpolation-mode]
18-05-2024 14:35:21.154Z;functions.emailFinalizado;  Warning e-mail sent.
18-05-2024 14:35:21.248Z;functions.encerra_prog;  RM ENCERRADO
