13-05-2024 20:30:16.830Z;functions.bot_text_art;      ____     
13-05-2024 20:30:16.830Z;functions.bot_text_art;     [____]    
13-05-2024 20:30:16.830Z;functions.bot_text_art;   |=]()()[=|  
13-05-2024 20:30:16.830Z;functions.bot_text_art;     _\==/__    _____    ____     _        _____    ___   _  __ 
13-05-2024 20:30:16.830Z;functions.bot_text_art;   |__|   |_|  |  _  \  / ___|   | |      |_   _| / ___| | |/ / 
13-05-2024 20:30:16.830Z;functions.bot_text_art;   |_|_/\_|_|  | |  | | | |      | |        | |   | |    | ' /  
13-05-2024 20:30:16.830Z;functions.bot_text_art;   | | __ | |  | |  | | | |      | |        | |   | |    |  <   
13-05-2024 20:30:16.830Z;functions.bot_text_art;   |_|[  ]|_|  | |__| | | |____  | |____   _| |_  | |__  | . \  
13-05-2024 20:30:16.830Z;functions.bot_text_art;   \_|_||_|_/  |_____/   \_____| |______| |_____| \ ___| |_|\_\ 
13-05-2024 20:30:16.830Z;functions.bot_text_art;     |_||_|    
13-05-2024 20:30:16.830Z;functions.bot_text_art;     | ||_|_   
13-05-2024 20:30:16.830Z;functions.bot_text_art;   |___||___|  
13-05-2024 20:30:16.830Z;functions.bot_text_art;               
13-05-2024 20:30:16.830Z;functions.open_RM;  OPEN PROGRAM RM
13-05-2024 20:30:35.112Z;functions.loggin_RM;  ACHOU O PANE PICTURE
13-05-2024 20:30:35.721Z;functions.loggin_RM;  ENCONTRA USE FIELD
13-05-2024 20:30:35.800Z;functions.loggin_RM;  DUPLO CLICK
13-05-2024 20:30:38.768Z;functions.loggin_RM;  ENTRAR USER_NAME
13-05-2024 20:30:39.408Z;functions.loggin_RM;  ENCONTRA PASS FIELD
13-05-2024 20:30:39.470Z;functions.loggin_RM;  CLICK
13-05-2024 20:30:41.580Z;functions.loggin_RM;  ENTRAR PASSWORD
13-05-2024 20:30:42.236Z;functions.loggin_RM;  ENTRAR RM
13-05-2024 20:32:18.939Z;functions.enter_coligada;  CLICK CONTEXTO
13-05-2024 20:32:23.970Z;functions.enter_coligada;  CLICK ALTERAR MODULO DO CONTEXTO
13-05-2024 20:32:32.936Z;functions.enter_coligada;  INSERE O COLIGADA CODE = 1
13-05-2024 20:32:33.037Z;functions.enter_coligada;  APERTA TAB PARA PREENCHER O CAMPO COM A STRING: OCEANICA ENGENHARIA E CONSULTORIA S.A.
13-05-2024 20:32:40.052Z;functions.enter_coligada;  CLICK AVANÇAR NOVAMENTE
13-05-2024 20:32:45.000Z;functions.enter_coligada;  CLICK CONCLUIR
13-05-2024 20:33:06.065Z;functions.enter_coligada;  POP UP COLIGADA DESAPARECER
13-05-2024 20:33:22.502Z;functions.check_movimentacao_bancaria;  CLICK - TOTVS - LINHA RM
13-05-2024 20:33:25.892Z;functions.check_movimentacao_bancaria;  CLICK - BACK OFFICE
13-05-2024 20:33:28.190Z;functions.check_movimentacao_bancaria;  CLICK - GESTAO FINANCEIRA
13-05-2024 20:33:39.252Z;functions.movimentacao_bancaria;  CLICK NA ABA MOVIMENTAÇÃO BANCARIA
13-05-2024 20:33:41.363Z;functions.waitForImage;  IMAGEM BORDERO image found.
13-05-2024 20:33:43.485Z;functions.movimentacao_bancaria;  IMAGEM BORDERO CLICADA.
13-05-2024 20:33:53.989Z;functions.waitForImage;  LICENCAS EXCEDIDAS image not found.
13-05-2024 20:33:56.495Z;functions.waitForImage;  LICENCE SERVER image not found.
13-05-2024 20:33:57.055Z;functions.movimentacao_bancaria;  ENCONTROU O FILTRO DA MOVIMENTAÇÃO BANCÁRIA
13-05-2024 20:33:57.084Z;functions.movimentacao_bancaria;  CLICA NA ABA SUPERIOR DO FILTRO
13-05-2024 20:34:01.287Z;functions.movimentacao_bancaria;  SELECIONA O FILTRO HOJE
13-05-2024 20:34:01.287Z;functions.filter_clean;  FUNÇÃO LIMPA FILTRO
13-05-2024 20:34:05.629Z;functions.waitForImage;  FILTER CLEAN image found.
13-05-2024 20:34:07.749Z;functions.filter_clean;  CLICK NO BOTÃO X DO LIMPA FILTRO
13-05-2024 20:34:22.862Z;functions.waitForImage;  FILTER CLEAN image not found.
13-05-2024 20:34:38.004Z;functions.waitForImage;  FILTER CLEAN image not found.
13-05-2024 20:34:38.783Z;functions.movimentacao_bancaria;  CLICK NA PRIMEIRA LINHA DA TABELA MOVIMENTAÇÃO BANCÁRIA
13-05-2024 20:34:39.994Z;functions.movimentacao_bancaria;  12 PASSOS PARA DIREITA NA TABELA >>
13-05-2024 20:34:41.236Z;functions.movimentacao_bancaria;  HOVER FILTER
13-05-2024 20:34:41.579Z;functions.movimentacao_bancaria;  CLICK FILTER
13-05-2024 20:34:45.888Z;functions.movimentacao_bancaria;  CLICK NO FILTRO  STATUS DA REMESSA
13-05-2024 20:34:47.989Z;functions.movimentacao_bancaria;  APERTA TAB PARA ESCREVER O FILTRO
13-05-2024 20:34:50.093Z;functions.movimentacao_bancaria;  ESCREVE PENDENTE NO FILTRO
13-05-2024 20:34:52.195Z;functions.movimentacao_bancaria;  APERTA ENTER PARA SELECIONAR OS PENDENTES
13-05-2024 20:35:12.127Z;functions.movimentacao_bancaria;  SEM REGISTROS DE PROCESSO DE BORDERO PENDENTE
13-05-2024 20:35:12.127Z;functions.filter_clean;  FUNÇÃO LIMPA FILTRO
13-05-2024 20:35:12.226Z;functions.waitForImage;  FILTER CLEAN image found.
13-05-2024 20:35:14.345Z;functions.filter_clean;  CLICK NO BOTÃO X DO LIMPA FILTRO
13-05-2024 20:35:29.468Z;functions.waitForImage;  FILTER CLEAN image not found.
13-05-2024 20:35:44.589Z;functions.waitForImage;  FILTER CLEAN image not found.
13-05-2024 20:35:45.377Z;functions.remessa_pagamento;  CLICK NA PRIMEIRA LINHA DA TABELA MOVIMENTAÇÃO BANCÁRIA
13-05-2024 20:35:46.626Z;functions.remessa_pagamento;  HOVER FILTER
13-05-2024 20:35:46.919Z;functions.remessa_pagamento;  CLICK FILTER
13-05-2024 20:35:51.231Z;functions.remessa_pagamento;  CLICK NO FILTRO  STATUS DA REMESSA
13-05-2024 20:35:53.332Z;functions.remessa_pagamento;  APERTA TAB PARA ESCREVER O FILTRO
13-05-2024 20:35:55.438Z;functions.remessa_pagamento;  ESCREVE AUTORIZADO NO FILTRO
13-05-2024 20:35:57.540Z;functions.remessa_pagamento;  APERTA ENTER PARA SELECIONAR OS AUTORIZADOS
13-05-2024 20:36:18.409Z;functions.remessa_pagamento;  SEM REMESSA DE BORDERO AUTORIZADO
13-05-2024 20:36:19.221Z;functions.enter_contas_a_pagar;  CLICK - TOTVS - LINHA RM
13-05-2024 20:36:20.190Z;functions.enter_contas_a_pagar;  CLICK - BACK OFFICE
13-05-2024 20:36:20.872Z;functions.enter_contas_a_pagar;  CLICK - GESTAO FINANCEIRA
13-05-2024 20:36:33.346Z;functions.enter_contas_a_pagar;  CLICK - CONTAS A PAGAR
13-05-2024 20:36:33.437Z;functions.waitForImage;  LANÇAMENTOS image found.
13-05-2024 20:36:35.563Z;functions.enter_contas_a_pagar;  CLICA EM LANÇAMENTOS
13-05-2024 20:36:51.012Z;functions.waitForImage;  LICENCAS EXCEDIDAS image not found.
13-05-2024 20:36:51.012Z;functions.obter_intervalo_data;  VERIFICANDO A HORA ATUAL 20
13-05-2024 20:36:51.012Z;functions.obter_intervalo_data;  Data Inicial PENSAO antes da remoção: None
13-05-2024 20:36:51.012Z;functions.obter_intervalo_data;  Data Final PENSAO antes da remoção: None
13-05-2024 20:36:51.028Z;functions.obter_intervalo_data;  Data Inicial PENSAO após a remoção: None
13-05-2024 20:36:51.028Z;functions.obter_intervalo_data;  Data Final PENSAO após a remoção: None
13-05-2024 20:36:51.028Z;functions.obter_intervalo_data;  hoje -  2024-05-13 20:36:51.028027
13-05-2024 20:36:51.028Z;functions.data_filter;  DATA INICIO 15-05-2024
13-05-2024 20:36:51.028Z;functions.data_filter;  DATA FIM 21-05-2024
13-05-2024 20:36:51.028Z;functions.data_filter;  CLICK - SELECIONA A DATA DE QUARTA FEIRA E DA PROXIMA TERÇA
13-05-2024 20:36:51.028Z;functions.data_filter;  QUARTA-FEIRA: 15-05-2024
13-05-2024 20:36:51.028Z;functions.data_filter;  TERCA-FEIRA: 21-05-2024
13-05-2024 20:37:03.776Z;functions.data_filter;  CLICK - BUTÃO DE SELECAO DE FILTRO
13-05-2024 20:37:07.464Z;functions.data_filter;  INSERE - DATA DE QUARTA-FEIRA: 15-05-2024
13-05-2024 20:37:10.917Z;functions.data_filter;  INSERE - DATA DA PROX TERCA-FEIRA: 21-05-2024
13-05-2024 20:37:11.533Z;functions.data_filter;  CLICK - BUTÃO DE EXECUTAR O FILTRO
13-05-2024 20:37:17.325Z;functions.desmark_filter;  CLICK CHECKBOX LANÇAMENTOS A RECEBER
13-05-2024 20:37:18.111Z;functions.desmark_filter;  CLICK CHECKBOX LANÇAMENTOS BAIXADOS
13-05-2024 20:37:18.936Z;functions.desmark_filter;  CLICK CHECKBOX LANÇAMENTOS CANCELADOS
13-05-2024 20:37:19.784Z;functions.desmark_filter;  CLICK CHECKBOX LANÇAMENTOS FATURADOS
13-05-2024 20:37:20.626Z;functions.desmark_filter;  ATUALIZA O FILTRO
13-05-2024 20:37:20.626Z;functions.filter_clean;  FUNÇÃO LIMPA FILTRO
13-05-2024 20:37:20.750Z;functions.waitForImage;  FILTER CLEAN image found.
13-05-2024 20:37:22.868Z;functions.filter_clean;  CLICK NO BOTÃO X DO LIMPA FILTRO
13-05-2024 20:37:37.998Z;functions.waitForImage;  FILTER CLEAN image not found.
13-05-2024 20:37:53.044Z;functions.waitForImage;  FILTER CLEAN image not found.
13-05-2024 20:37:53.956Z;functions.tabela_vazia;  Texto extraido 0/0
13-05-2024 20:37:53.956Z;functions.tabela_vazia;  Count 0
13-05-2024 20:37:53.956Z;functions.tabela_vazia;  Type <class 'int'>
13-05-2024 20:37:55.972Z;functions.tabela_vazia;  SEM REMESSA DE FÉRIAS/RESCISÃO
13-05-2024 20:37:57.972Z;main.<module>;  SEM REMESSA DE PENSÃO
13-05-2024 20:37:59.830Z;errorhandler.__handle;  Property: Unknown Property name. [1:203: -ms-interpolation-mode]
13-05-2024 20:37:59.830Z;errorhandler.__handle;  Property: Unknown Property name. [1:353: -webkit-font-smoothing]
13-05-2024 20:37:59.846Z;errorhandler.__handle;  Property: Unknown Property name. [1:483: -ms-text-size-adjust]
13-05-2024 20:37:59.846Z;errorhandler.__handle;  Property: Unknown Property name. [1:518: -webkit-text-size-adjust]
13-05-2024 20:37:59.846Z;errorhandler.__handle;  Property: Unknown Property name. [1:612: mso-table-lspace]
13-05-2024 20:37:59.846Z;errorhandler.__handle;  Property: Unknown Property name. [1:642: mso-table-rspace]
13-05-2024 20:37:59.893Z;errorhandler.__handle;  Property: Unknown Property name. [1:4734: mso-hide]
13-05-2024 20:37:59.908Z;errorhandler.__handle;  Property: Unknown Property name. [1:13: -ms-interpolation-mode]
13-05-2024 20:37:59.908Z;errorhandler.__handle;  Property: Unknown Property name. [1:49: -webkit-font-smoothing]
13-05-2024 20:37:59.908Z;errorhandler.__handle;  Property: Unknown Property name. [1:134: -ms-text-size-adjust]
13-05-2024 20:37:59.908Z;errorhandler.__handle;  Property: Unknown Property name. [1:160: -webkit-text-size-adjust]
13-05-2024 20:37:59.908Z;errorhandler.__handle;  Property: Unknown Property name. [1:26: mso-table-lspace]
13-05-2024 20:37:59.908Z;errorhandler.__handle;  Property: Unknown Property name. [1:45: mso-table-rspace]
13-05-2024 20:37:59.924Z;errorhandler.__handle;  Property: Unknown Property name. [1:92: mso-hide]
13-05-2024 20:37:59.924Z;errorhandler.__handle;  Property: No ":" after name found: align-center [1:1: align-center]
13-05-2024 20:37:59.924Z;errorhandler.__handle;  Property: No property value found: align-center [1:1: align-center]
13-05-2024 20:37:59.924Z;errorhandler.__handle;  CSSStyleDeclaration: Syntax Error in Property: align-center
13-05-2024 20:37:59.924Z;errorhandler.__handle;  Property: Unknown Property name. [1:14: -ms-interpolation-mode]
13-05-2024 20:38:02.717Z;functions.emailFinalizado;  Warning e-mail sent.
13-05-2024 20:38:02.788Z;functions.encerra_prog;  RM ENCERRADO
