03-04-2024 06:30:35.548Z;functions.bot_text_art;      ____     
03-04-2024 06:30:35.548Z;functions.bot_text_art;     [____]    
03-04-2024 06:30:35.548Z;functions.bot_text_art;   |=]()()[=|  
03-04-2024 06:30:35.548Z;functions.bot_text_art;     _\==/__    _____    ____     _        _____    ___   _  __ 
03-04-2024 06:30:35.548Z;functions.bot_text_art;   |__|   |_|  |  _  \  / ___|   | |      |_   _| / ___| | |/ / 
03-04-2024 06:30:35.548Z;functions.bot_text_art;   |_|_/\_|_|  | |  | | | |      | |        | |   | |    | ' /  
03-04-2024 06:30:35.548Z;functions.bot_text_art;   | | __ | |  | |  | | | |      | |        | |   | |    |  <   
03-04-2024 06:30:35.548Z;functions.bot_text_art;   |_|[  ]|_|  | |__| | | |____  | |____   _| |_  | |__  | . \  
03-04-2024 06:30:35.548Z;functions.bot_text_art;   \_|_||_|_/  |_____/   \_____| |______| |_____| \ ___| |_|\_\ 
03-04-2024 06:30:35.548Z;functions.bot_text_art;     |_||_|    
03-04-2024 06:30:35.548Z;functions.bot_text_art;     | ||_|_   
03-04-2024 06:30:35.548Z;functions.bot_text_art;   |___||___|  
03-04-2024 06:30:35.548Z;functions.bot_text_art;               
03-04-2024 06:30:35.564Z;functions.open_RM;  OPEN PROGRAM RM
03-04-2024 06:30:45.236Z;functions.loggin_RM;  ACHOU O PANE PICTURE
03-04-2024 06:30:46.267Z;functions.loggin_RM;  ENCONTRA USE FIELD
03-04-2024 06:30:46.533Z;functions.loggin_RM;  DUPLO CLICK
03-04-2024 06:30:50.048Z;functions.loggin_RM;  ENTRAR USER_NAME
03-04-2024 06:30:51.126Z;functions.loggin_RM;  ENCONTRA PASS FIELD
03-04-2024 06:30:51.376Z;functions.loggin_RM;  CLICK
03-04-2024 06:30:53.499Z;functions.loggin_RM;  ENTRAR PASSWORD
03-04-2024 06:30:54.730Z;functions.loggin_RM;  ENTRAR RM
03-04-2024 06:31:25.721Z;functions.enter_coligada;  CLICK CONTEXTO
03-04-2024 06:31:30.725Z;functions.enter_coligada;  CLICK ALTERAR MODULO DO CONTEXTO
03-04-2024 06:31:34.455Z;functions.enter_coligada;  INSERE O COLIGADA CODE = 1
03-04-2024 06:31:34.561Z;functions.enter_coligada;  APERTA TAB PARA PREENCHER O CAMPO COM A STRING: OCEANICA ENGENHARIA E CONSULTORIA S.A.
03-04-2024 06:31:35.845Z;functions.enter_coligada;  CLICK AVANÇAR NOVAMENTE
03-04-2024 06:31:37.001Z;functions.enter_coligada;  CLICK CONCLUIR
03-04-2024 06:31:57.658Z;functions.enter_coligada;  POP UP COLIGADA DESAPARECER
03-04-2024 06:31:58.564Z;functions.check_movimentacao_bancaria;  CLICK - TOTVS - LINHA RM
03-04-2024 06:32:00.251Z;functions.check_movimentacao_bancaria;  CLICK - BACK OFFICE
03-04-2024 06:32:03.033Z;functions.check_movimentacao_bancaria;  CLICK - GESTAO FINANCEIRA
03-04-2024 06:32:09.189Z;functions.movimentacao_bancaria;  CLICK NA ABA MOVIMENTAÇÃO BANCARIA
03-04-2024 06:32:11.689Z;functions.waitForImage;  IMAGEM BORDERO image found.
03-04-2024 06:32:13.826Z;functions.movimentacao_bancaria;  IMAGEM BORDERO CLICADA.
03-04-2024 06:32:24.748Z;functions.waitForImage;  LICENCAS EXCEDIDAS image not found.
03-04-2024 06:32:27.048Z;functions.waitForImage;  LICENCE SERVER image not found.
03-04-2024 06:32:27.740Z;functions.movimentacao_bancaria;  ENCONTROU O FILTRO DA MOVIMENTAÇÃO BANCÁRIA
03-04-2024 06:32:27.784Z;functions.movimentacao_bancaria;  CLICA NA ABA SUPERIOR DO FILTRO
03-04-2024 06:32:31.994Z;functions.movimentacao_bancaria;  SELECIONA O FILTRO HOJE
03-04-2024 06:32:31.994Z;functions.filter_clean;  FUNÇÃO LIMPA FILTRO
03-04-2024 06:32:35.814Z;functions.waitForImage;  FILTER CLEAN image found.
03-04-2024 06:32:37.949Z;functions.filter_clean;  CLICK NO BOTÃO X DO LIMPA FILTRO
03-04-2024 06:32:52.970Z;functions.waitForImage;  FILTER CLEAN image not found.
03-04-2024 06:33:08.798Z;functions.waitForImage;  FILTER CLEAN image not found.
03-04-2024 06:33:10.251Z;functions.movimentacao_bancaria;  CLICK NA PRIMEIRA LINHA DA TABELA MOVIMENTAÇÃO BANCÁRIA
03-04-2024 06:33:11.477Z;functions.movimentacao_bancaria;  12 PASSOS PARA DIREITA NA TABELA >>
03-04-2024 06:33:13.518Z;functions.movimentacao_bancaria;  HOVER FILTER
03-04-2024 06:33:13.960Z;functions.movimentacao_bancaria;  CLICK FILTER
03-04-2024 06:33:18.290Z;functions.movimentacao_bancaria;  CLICK NO FILTRO  STATUS DA REMESSA
03-04-2024 06:33:20.398Z;functions.movimentacao_bancaria;  APERTA TAB PARA ESCREVER O FILTRO
03-04-2024 06:33:22.511Z;functions.movimentacao_bancaria;  ESCREVE PENDENTE NO FILTRO
03-04-2024 06:33:24.615Z;functions.movimentacao_bancaria;  APERTA ENTER PARA SELECIONAR OS PENDENTES
03-04-2024 06:33:46.533Z;functions.movimentacao_bancaria;  SEM REGISTROS DE PROCESSO DE BORDERO PENDENTE
03-04-2024 06:33:46.533Z;functions.filter_clean;  FUNÇÃO LIMPA FILTRO
03-04-2024 06:33:46.954Z;functions.waitForImage;  FILTER CLEAN image found.
03-04-2024 06:33:49.073Z;functions.filter_clean;  CLICK NO BOTÃO X DO LIMPA FILTRO
03-04-2024 06:34:04.970Z;functions.waitForImage;  FILTER CLEAN image not found.
03-04-2024 06:34:20.845Z;functions.waitForImage;  FILTER CLEAN image not found.
03-04-2024 06:34:22.564Z;functions.remessa_pagamento;  CLICK NA PRIMEIRA LINHA DA TABELA MOVIMENTAÇÃO BANCÁRIA
03-04-2024 06:34:24.549Z;functions.remessa_pagamento;  HOVER FILTER
03-04-2024 06:34:25.026Z;functions.remessa_pagamento;  CLICK FILTER
03-04-2024 06:34:29.384Z;functions.remessa_pagamento;  CLICK NO FILTRO  STATUS DA REMESSA
03-04-2024 06:34:31.487Z;functions.remessa_pagamento;  APERTA TAB PARA ESCREVER O FILTRO
03-04-2024 06:34:33.611Z;functions.remessa_pagamento;  ESCREVE AUTORIZADO NO FILTRO
03-04-2024 06:34:35.715Z;functions.remessa_pagamento;  APERTA ENTER PARA SELECIONAR OS AUTORIZADOS
03-04-2024 06:34:58.627Z;functions.remessa_pagamento;  SEM REMESSA DE BORDERO AUTORIZADO
03-04-2024 06:34:59.502Z;functions.enter_contas_a_pagar;  CLICK - TOTVS - LINHA RM
03-04-2024 06:35:00.533Z;functions.enter_contas_a_pagar;  CLICK - BACK OFFICE
03-04-2024 06:35:01.470Z;functions.enter_contas_a_pagar;  CLICK - GESTAO FINANCEIRA
03-04-2024 06:35:07.564Z;functions.enter_contas_a_pagar;  CLICK - CONTAS A PAGAR
03-04-2024 06:35:08.986Z;functions.waitForImage;  LANÇAMENTOS image found.
03-04-2024 06:35:11.135Z;functions.enter_contas_a_pagar;  CLICA EM LANÇAMENTOS
03-04-2024 06:35:26.330Z;functions.waitForImage;  LICENCAS EXCEDIDAS image not found.
03-04-2024 06:35:26.330Z;functions.obter_intervalo_data;  VERIFICANDO A HORA ATUAL 6
03-04-2024 06:35:26.345Z;functions.obter_intervalo_data;  Data Inicial PENSAO antes da remoção: None
03-04-2024 06:35:26.345Z;functions.obter_intervalo_data;  Data Final PENSAO antes da remoção: None
03-04-2024 06:35:26.345Z;functions.obter_intervalo_data;  Data Inicial PENSAO após a remoção: None
03-04-2024 06:35:26.345Z;functions.obter_intervalo_data;  Data Final PENSAO após a remoção: None
03-04-2024 06:35:26.345Z;functions.obter_intervalo_data;  hoje -  2024-04-03 06:35:26.345610
03-04-2024 06:35:26.345Z;functions.data_filter;  DATA INICIO 10-04-2024
03-04-2024 06:35:26.345Z;functions.data_filter;  DATA FIM 16-04-2024
03-04-2024 06:35:26.345Z;functions.data_filter;  CLICK - SELECIONA A DATA DE QUARTA FEIRA E DA PROXIMA TERÇA
03-04-2024 06:35:26.345Z;functions.data_filter;  QUARTA-FEIRA: 10-04-2024
03-04-2024 06:35:26.345Z;functions.data_filter;  TERCA-FEIRA: 16-04-2024
03-04-2024 06:35:38.350Z;functions.data_filter;  CLICK - BUTÃO DE SELECAO DE FILTRO
03-04-2024 06:35:43.048Z;functions.data_filter;  INSERE - DATA DE QUARTA-FEIRA: 10-04-2024
03-04-2024 06:35:47.142Z;functions.data_filter;  INSERE - DATA DA PROX TERCA-FEIRA: 16-04-2024
03-04-2024 06:35:48.099Z;functions.data_filter;  CLICK - BUTÃO DE EXECUTAR O FILTRO
03-04-2024 06:35:54.815Z;functions.desmark_filter;  CLICK CHECKBOX LANÇAMENTOS A RECEBER
03-04-2024 06:35:56.707Z;functions.desmark_filter;  CLICK CHECKBOX LANÇAMENTOS BAIXADOS
03-04-2024 06:35:58.784Z;functions.desmark_filter;  CLICK CHECKBOX LANÇAMENTOS CANCELADOS
03-04-2024 06:36:00.955Z;functions.desmark_filter;  CLICK CHECKBOX LANÇAMENTOS FATURADOS
03-04-2024 06:36:03.282Z;functions.desmark_filter;  ATUALIZA O FILTRO
03-04-2024 06:36:03.282Z;functions.filter_clean;  FUNÇÃO LIMPA FILTRO
03-04-2024 06:36:03.710Z;functions.waitForImage;  FILTER CLEAN image found.
03-04-2024 06:36:05.812Z;functions.filter_clean;  CLICK NO BOTÃO X DO LIMPA FILTRO
03-04-2024 06:36:20.876Z;functions.waitForImage;  FILTER CLEAN image not found.
03-04-2024 06:36:35.955Z;functions.waitForImage;  FILTER CLEAN image not found.
03-04-2024 06:36:38.450Z;functions.tabela_vazia;  Texto extraido 0/0
03-04-2024 06:36:38.451Z;functions.tabela_vazia;  Count 0
03-04-2024 06:36:38.451Z;functions.tabela_vazia;  Type <class 'int'>
03-04-2024 06:36:40.453Z;functions.tabela_vazia;  SEM REMESSA DE FÉRIAS/RESCISÃO
03-04-2024 06:36:42.454Z;main.<module>;  SEM REMESSA DE PENSÃO
03-04-2024 06:36:45.689Z;errorhandler.__handle;  Property: Unknown Property name. [1:203: -ms-interpolation-mode]
03-04-2024 06:36:45.738Z;errorhandler.__handle;  Property: Unknown Property name. [1:353: -webkit-font-smoothing]
03-04-2024 06:36:45.750Z;errorhandler.__handle;  Property: Unknown Property name. [1:483: -ms-text-size-adjust]
03-04-2024 06:36:45.751Z;errorhandler.__handle;  Property: Unknown Property name. [1:518: -webkit-text-size-adjust]
03-04-2024 06:36:45.756Z;errorhandler.__handle;  Property: Unknown Property name. [1:612: mso-table-lspace]
03-04-2024 06:36:45.757Z;errorhandler.__handle;  Property: Unknown Property name. [1:642: mso-table-rspace]
03-04-2024 06:36:45.986Z;errorhandler.__handle;  Property: Unknown Property name. [1:4734: mso-hide]
03-04-2024 06:36:46.095Z;errorhandler.__handle;  Property: Unknown Property name. [1:13: -ms-interpolation-mode]
03-04-2024 06:36:46.095Z;errorhandler.__handle;  Property: Unknown Property name. [1:49: -webkit-font-smoothing]
03-04-2024 06:36:46.111Z;errorhandler.__handle;  Property: Unknown Property name. [1:134: -ms-text-size-adjust]
03-04-2024 06:36:46.111Z;errorhandler.__handle;  Property: Unknown Property name. [1:160: -webkit-text-size-adjust]
03-04-2024 06:36:46.111Z;errorhandler.__handle;  Property: Unknown Property name. [1:26: mso-table-lspace]
03-04-2024 06:36:46.111Z;errorhandler.__handle;  Property: Unknown Property name. [1:45: mso-table-rspace]
03-04-2024 06:36:46.158Z;errorhandler.__handle;  Property: Unknown Property name. [1:92: mso-hide]
03-04-2024 06:36:46.158Z;errorhandler.__handle;  Property: No ":" after name found: align-center [1:1: align-center]
03-04-2024 06:36:46.158Z;errorhandler.__handle;  Property: No property value found: align-center [1:1: align-center]
03-04-2024 06:36:46.158Z;errorhandler.__handle;  CSSStyleDeclaration: Syntax Error in Property: align-center
03-04-2024 06:36:46.173Z;errorhandler.__handle;  Property: Unknown Property name. [1:14: -ms-interpolation-mode]
03-04-2024 06:36:48.690Z;functions.emailFinalizado;  Warning e-mail sent.
03-04-2024 06:36:48.986Z;functions.encerra_prog;  RM ENCERRADO
