03-04-2024 14:30:27.995Z;functions.bot_text_art;      ____     
03-04-2024 14:30:27.995Z;functions.bot_text_art;     [____]    
03-04-2024 14:30:27.995Z;functions.bot_text_art;   |=]()()[=|  
03-04-2024 14:30:27.995Z;functions.bot_text_art;     _\==/__    _____    ____     _        _____    ___   _  __ 
03-04-2024 14:30:27.995Z;functions.bot_text_art;   |__|   |_|  |  _  \  / ___|   | |      |_   _| / ___| | |/ / 
03-04-2024 14:30:27.995Z;functions.bot_text_art;   |_|_/\_|_|  | |  | | | |      | |        | |   | |    | ' /  
03-04-2024 14:30:27.995Z;functions.bot_text_art;   | | __ | |  | |  | | | |      | |        | |   | |    |  <   
03-04-2024 14:30:27.995Z;functions.bot_text_art;   |_|[  ]|_|  | |__| | | |____  | |____   _| |_  | |__  | . \  
03-04-2024 14:30:27.995Z;functions.bot_text_art;   \_|_||_|_/  |_____/   \_____| |______| |_____| \ ___| |_|\_\ 
03-04-2024 14:30:27.995Z;functions.bot_text_art;     |_||_|    
03-04-2024 14:30:27.995Z;functions.bot_text_art;     | ||_|_   
03-04-2024 14:30:27.995Z;functions.bot_text_art;   |___||___|  
03-04-2024 14:30:27.995Z;functions.bot_text_art;               
03-04-2024 14:30:28.011Z;functions.open_RM;  OPEN PROGRAM RM
03-04-2024 14:30:38.307Z;functions.loggin_RM;  ACHOU O PANE PICTURE
03-04-2024 14:30:39.385Z;functions.loggin_RM;  ENCONTRA USE FIELD
03-04-2024 14:30:39.651Z;functions.loggin_RM;  DUPLO CLICK
03-04-2024 14:30:43.240Z;functions.loggin_RM;  ENTRAR USER_NAME
03-04-2024 14:30:44.287Z;functions.loggin_RM;  ENCONTRA PASS FIELD
03-04-2024 14:30:44.537Z;functions.loggin_RM;  CLICK
03-04-2024 14:30:46.661Z;functions.loggin_RM;  ENTRAR PASSWORD
03-04-2024 14:30:47.880Z;functions.loggin_RM;  ENTRAR RM
03-04-2024 14:31:20.948Z;functions.enter_coligada;  CLICK CONTEXTO
03-04-2024 14:31:26.228Z;functions.enter_coligada;  CLICK ALTERAR MODULO DO CONTEXTO
03-04-2024 14:31:29.746Z;functions.enter_coligada;  INSERE O COLIGADA CODE = 1
03-04-2024 14:31:29.851Z;functions.enter_coligada;  APERTA TAB PARA PREENCHER O CAMPO COM A STRING: OCEANICA ENGENHARIA E CONSULTORIA S.A.
03-04-2024 14:31:31.166Z;functions.enter_coligada;  CLICK AVANÇAR NOVAMENTE
03-04-2024 14:31:32.344Z;functions.enter_coligada;  CLICK CONCLUIR
03-04-2024 14:31:53.244Z;functions.enter_coligada;  POP UP COLIGADA DESAPARECER
03-04-2024 14:31:54.119Z;functions.check_movimentacao_bancaria;  CLICK - TOTVS - LINHA RM
03-04-2024 14:31:55.853Z;functions.check_movimentacao_bancaria;  CLICK - BACK OFFICE
03-04-2024 14:31:58.656Z;functions.check_movimentacao_bancaria;  CLICK - GESTAO FINANCEIRA
03-04-2024 14:32:05.182Z;functions.movimentacao_bancaria;  CLICK NA ABA MOVIMENTAÇÃO BANCARIA
03-04-2024 14:32:07.594Z;functions.waitForImage;  IMAGEM BORDERO image found.
03-04-2024 14:32:09.736Z;functions.movimentacao_bancaria;  IMAGEM BORDERO CLICADA.
03-04-2024 14:32:12.509Z;functions.waitForImage;  LICENCAS EXCEDIDAS image found.
03-04-2024 14:32:15.231Z;functions.waitForImage;  LICENCE SERVER image not found.
03-04-2024 14:32:15.231Z;functions.movimentacao_bancaria;  LICENCAS EXCEDIDAS
03-04-2024 14:32:15.231Z;functions.movimentacao_bancaria;  TENTANDO NOVAMENTE - 1
03-04-2024 14:32:36.691Z;functions.waitForImage;  IMAGEM BORDERO image found.
03-04-2024 14:32:38.817Z;functions.movimentacao_bancaria;  IMAGEM BORDERO CLICADA.
03-04-2024 14:32:40.927Z;functions.waitForImage;  LICENCAS EXCEDIDAS image found.
03-04-2024 14:32:43.719Z;functions.waitForImage;  LICENCE SERVER image not found.
03-04-2024 14:32:43.719Z;functions.movimentacao_bancaria;  LICENCAS EXCEDIDAS
03-04-2024 14:32:43.719Z;functions.movimentacao_bancaria;  TENTANDO NOVAMENTE - 2
03-04-2024 14:33:05.183Z;functions.waitForImage;  IMAGEM BORDERO image found.
03-04-2024 14:33:07.314Z;functions.movimentacao_bancaria;  IMAGEM BORDERO CLICADA.
03-04-2024 14:33:17.501Z;functions.waitForImage;  LICENCAS EXCEDIDAS image not found.
03-04-2024 14:33:19.510Z;functions.waitForImage;  LICENCE SERVER image not found.
03-04-2024 14:33:20.198Z;functions.movimentacao_bancaria;  ENCONTROU O FILTRO DA MOVIMENTAÇÃO BANCÁRIA
03-04-2024 14:33:20.229Z;functions.movimentacao_bancaria;  CLICA NA ABA SUPERIOR DO FILTRO
03-04-2024 14:33:24.447Z;functions.movimentacao_bancaria;  SELECIONA O FILTRO HOJE
03-04-2024 14:33:24.448Z;functions.filter_clean;  FUNÇÃO LIMPA FILTRO
03-04-2024 14:33:28.570Z;functions.waitForImage;  FILTER CLEAN image found.
03-04-2024 14:33:30.704Z;functions.filter_clean;  CLICK NO BOTÃO X DO LIMPA FILTRO
03-04-2024 14:33:31.012Z;functions.waitForImage;  FILTER CLEAN image found.
03-04-2024 14:33:33.143Z;functions.filter_clean;  CLICK NO BOTÃO X DO LIMPA FILTRO
03-04-2024 14:33:48.338Z;functions.waitForImage;  FILTER CLEAN image not found.
03-04-2024 14:33:49.838Z;functions.movimentacao_bancaria;  CLICK NA PRIMEIRA LINHA DA TABELA MOVIMENTAÇÃO BANCÁRIA
03-04-2024 14:33:51.066Z;functions.movimentacao_bancaria;  12 PASSOS PARA DIREITA NA TABELA >>
03-04-2024 14:33:53.098Z;functions.movimentacao_bancaria;  HOVER FILTER
03-04-2024 14:33:53.578Z;functions.movimentacao_bancaria;  CLICK FILTER
03-04-2024 14:33:57.921Z;functions.movimentacao_bancaria;  CLICK NO FILTRO  STATUS DA REMESSA
03-04-2024 14:34:00.024Z;functions.movimentacao_bancaria;  APERTA TAB PARA ESCREVER O FILTRO
03-04-2024 14:34:02.139Z;functions.movimentacao_bancaria;  ESCREVE PENDENTE NO FILTRO
03-04-2024 14:34:04.242Z;functions.movimentacao_bancaria;  APERTA ENTER PARA SELECIONAR OS PENDENTES
03-04-2024 14:34:26.139Z;functions.movimentacao_bancaria;  SEM REGISTROS DE PROCESSO DE BORDERO PENDENTE
03-04-2024 14:34:26.139Z;functions.filter_clean;  FUNÇÃO LIMPA FILTRO
03-04-2024 14:34:26.451Z;functions.waitForImage;  FILTER CLEAN image found.
03-04-2024 14:34:28.579Z;functions.filter_clean;  CLICK NO BOTÃO X DO LIMPA FILTRO
03-04-2024 14:34:43.732Z;functions.waitForImage;  FILTER CLEAN image not found.
03-04-2024 14:34:58.927Z;functions.waitForImage;  FILTER CLEAN image not found.
03-04-2024 14:35:00.712Z;functions.remessa_pagamento;  CLICK NA PRIMEIRA LINHA DA TABELA MOVIMENTAÇÃO BANCÁRIA
03-04-2024 14:35:02.707Z;functions.remessa_pagamento;  HOVER FILTER
03-04-2024 14:35:03.177Z;functions.remessa_pagamento;  CLICK FILTER
03-04-2024 14:35:07.511Z;functions.remessa_pagamento;  CLICK NO FILTRO  STATUS DA REMESSA
03-04-2024 14:35:09.613Z;functions.remessa_pagamento;  APERTA TAB PARA ESCREVER O FILTRO
03-04-2024 14:35:11.729Z;functions.remessa_pagamento;  ESCREVE AUTORIZADO NO FILTRO
03-04-2024 14:35:13.832Z;functions.remessa_pagamento;  APERTA ENTER PARA SELECIONAR OS AUTORIZADOS
03-04-2024 14:35:36.729Z;functions.remessa_pagamento;  SEM REMESSA DE BORDERO AUTORIZADO
03-04-2024 14:35:37.588Z;functions.enter_contas_a_pagar;  CLICK - TOTVS - LINHA RM
03-04-2024 14:35:39.004Z;functions.enter_contas_a_pagar;  CLICK - BACK OFFICE
03-04-2024 14:35:39.979Z;functions.enter_contas_a_pagar;  CLICK - GESTAO FINANCEIRA
03-04-2024 14:35:47.639Z;functions.enter_contas_a_pagar;  CLICK - CONTAS A PAGAR
03-04-2024 14:35:47.980Z;functions.waitForImage;  LANÇAMENTOS image found.
03-04-2024 14:35:50.112Z;functions.enter_contas_a_pagar;  CLICA EM LANÇAMENTOS
03-04-2024 14:36:05.582Z;functions.waitForImage;  LICENCAS EXCEDIDAS image not found.
03-04-2024 14:36:05.582Z;functions.obter_intervalo_data;  VERIFICANDO A HORA ATUAL 14
03-04-2024 14:36:05.582Z;functions.obter_intervalo_data;  Data Inicial PENSAO antes da remoção: None
03-04-2024 14:36:05.582Z;functions.obter_intervalo_data;  Data Final PENSAO antes da remoção: None
03-04-2024 14:36:05.582Z;functions.obter_intervalo_data;  Data Inicial PENSAO após a remoção: None
03-04-2024 14:36:05.582Z;functions.obter_intervalo_data;  Data Final PENSAO após a remoção: None
03-04-2024 14:36:05.582Z;functions.obter_intervalo_data;  hoje -  2024-04-03 14:36:05.582156
03-04-2024 14:36:05.582Z;functions.data_filter;  DATA INICIO 10-04-2024
03-04-2024 14:36:05.582Z;functions.data_filter;  DATA FIM 16-04-2024
03-04-2024 14:36:05.582Z;functions.data_filter;  CLICK - SELECIONA A DATA DE QUARTA FEIRA E DA PROXIMA TERÇA
03-04-2024 14:36:05.582Z;functions.data_filter;  QUARTA-FEIRA: 10-04-2024
03-04-2024 14:36:05.597Z;functions.data_filter;  TERCA-FEIRA: 16-04-2024
03-04-2024 14:36:17.641Z;functions.data_filter;  CLICK - BUTÃO DE SELECAO DE FILTRO
03-04-2024 14:36:22.212Z;functions.data_filter;  INSERE - DATA DE QUARTA-FEIRA: 10-04-2024
03-04-2024 14:36:26.622Z;functions.data_filter;  INSERE - DATA DA PROX TERCA-FEIRA: 16-04-2024
03-04-2024 14:36:27.559Z;functions.data_filter;  CLICK - BUTÃO DE EXECUTAR O FILTRO
03-04-2024 14:36:34.151Z;functions.desmark_filter;  CLICK CHECKBOX LANÇAMENTOS A RECEBER
03-04-2024 14:36:36.037Z;functions.desmark_filter;  CLICK CHECKBOX LANÇAMENTOS BAIXADOS
03-04-2024 14:36:38.058Z;functions.desmark_filter;  CLICK CHECKBOX LANÇAMENTOS CANCELADOS
03-04-2024 14:36:40.259Z;functions.desmark_filter;  CLICK CHECKBOX LANÇAMENTOS FATURADOS
03-04-2024 14:36:42.500Z;functions.desmark_filter;  ATUALIZA O FILTRO
03-04-2024 14:36:42.500Z;functions.filter_clean;  FUNÇÃO LIMPA FILTRO
03-04-2024 14:36:42.848Z;functions.waitForImage;  FILTER CLEAN image found.
03-04-2024 14:36:44.961Z;functions.filter_clean;  CLICK NO BOTÃO X DO LIMPA FILTRO
03-04-2024 14:37:00.082Z;functions.waitForImage;  FILTER CLEAN image not found.
03-04-2024 14:37:15.191Z;functions.waitForImage;  FILTER CLEAN image not found.
03-04-2024 14:37:17.660Z;functions.tabela_vazia;  Texto extraido 0/0
03-04-2024 14:37:17.660Z;functions.tabela_vazia;  Count 0
03-04-2024 14:37:17.660Z;functions.tabela_vazia;  Type <class 'int'>
03-04-2024 14:37:19.665Z;functions.tabela_vazia;  SEM REMESSA DE FÉRIAS/RESCISÃO
03-04-2024 14:37:21.666Z;main.<module>;  SEM REMESSA DE PENSÃO
03-04-2024 14:37:24.297Z;errorhandler.__handle;  Property: Unknown Property name. [1:203: -ms-interpolation-mode]
03-04-2024 14:37:24.345Z;errorhandler.__handle;  Property: Unknown Property name. [1:353: -webkit-font-smoothing]
03-04-2024 14:37:24.363Z;errorhandler.__handle;  Property: Unknown Property name. [1:483: -ms-text-size-adjust]
03-04-2024 14:37:24.370Z;errorhandler.__handle;  Property: Unknown Property name. [1:518: -webkit-text-size-adjust]
03-04-2024 14:37:24.373Z;errorhandler.__handle;  Property: Unknown Property name. [1:612: mso-table-lspace]
03-04-2024 14:37:24.374Z;errorhandler.__handle;  Property: Unknown Property name. [1:642: mso-table-rspace]
03-04-2024 14:37:24.604Z;errorhandler.__handle;  Property: Unknown Property name. [1:4734: mso-hide]
03-04-2024 14:37:24.697Z;errorhandler.__handle;  Property: Unknown Property name. [1:13: -ms-interpolation-mode]
03-04-2024 14:37:24.713Z;errorhandler.__handle;  Property: Unknown Property name. [1:49: -webkit-font-smoothing]
03-04-2024 14:37:24.713Z;errorhandler.__handle;  Property: Unknown Property name. [1:134: -ms-text-size-adjust]
03-04-2024 14:37:24.713Z;errorhandler.__handle;  Property: Unknown Property name. [1:160: -webkit-text-size-adjust]
03-04-2024 14:37:24.713Z;errorhandler.__handle;  Property: Unknown Property name. [1:26: mso-table-lspace]
03-04-2024 14:37:24.713Z;errorhandler.__handle;  Property: Unknown Property name. [1:45: mso-table-rspace]
03-04-2024 14:37:24.760Z;errorhandler.__handle;  Property: Unknown Property name. [1:92: mso-hide]
03-04-2024 14:37:24.760Z;errorhandler.__handle;  Property: No ":" after name found: align-center [1:1: align-center]
03-04-2024 14:37:24.760Z;errorhandler.__handle;  Property: No property value found: align-center [1:1: align-center]
03-04-2024 14:37:24.760Z;errorhandler.__handle;  CSSStyleDeclaration: Syntax Error in Property: align-center
03-04-2024 14:37:24.775Z;errorhandler.__handle;  Property: Unknown Property name. [1:14: -ms-interpolation-mode]
03-04-2024 14:37:27.135Z;functions.emailFinalizado;  Warning e-mail sent.
03-04-2024 14:37:27.465Z;functions.encerra_prog;  RM ENCERRADO
