22-11-2023 17:25:56.364Z;functions.bot_text_art;      ____     
22-11-2023 17:25:56.365Z;functions.bot_text_art;     [____]    
22-11-2023 17:25:56.366Z;functions.bot_text_art;   |=]()()[=|  
22-11-2023 17:25:56.366Z;functions.bot_text_art;     _\==/__    _____    ____     _        _____    ___   _  __ 
22-11-2023 17:25:56.367Z;functions.bot_text_art;   |__|   |_|  |  _  \  / ___|   | |      |_   _| / ___| | |/ / 
22-11-2023 17:25:56.368Z;functions.bot_text_art;   |_|_/\_|_|  | |  | | | |      | |        | |   | |    | ' /  
22-11-2023 17:25:56.369Z;functions.bot_text_art;   | | __ | |  | |  | | | |      | |        | |   | |    |  <   
22-11-2023 17:25:56.371Z;functions.bot_text_art;   |_|[  ]|_|  | |__| | | |____  | |____   _| |_  | |__  | . \  
22-11-2023 17:25:56.373Z;functions.bot_text_art;   \_|_||_|_/  |_____/   \_____| |______| |_____| \ ___| |_|\_\ 
22-11-2023 17:25:56.374Z;functions.bot_text_art;     |_||_|    
22-11-2023 17:25:56.375Z;functions.bot_text_art;     | ||_|_   
22-11-2023 17:25:56.375Z;functions.bot_text_art;   |___||___|  
22-11-2023 17:25:56.376Z;functions.bot_text_art;               
22-11-2023 17:25:56.391Z;functions.open_RM;  OPEN PROGRAM RM
22-11-2023 17:26:09.961Z;functions.loggin_RM;  ENTRAR USER_NAME
22-11-2023 17:26:11.353Z;functions.loggin_RM;  ENTRAR PASSWORD
22-11-2023 17:26:12.611Z;functions.loggin_RM;  ENTRAR RM
22-11-2023 17:26:47.728Z;functions.enter_coligada;  CLICK CONTEXTO
22-11-2023 17:26:52.875Z;functions.enter_coligada;  CLICK COLIGADA 1
22-11-2023 17:26:55.136Z;functions.enter_coligada;  CLICK AVANÇAR
22-11-2023 17:26:57.939Z;functions.enter_coligada;  INSERE O COLIGADA CODE = 1
22-11-2023 17:26:58.096Z;functions.enter_coligada;  APERTA TAB PARA PREENCHER O CAMPO COM A STRING: OCEANICA ENGENHARIA E CONSULTORIA S.A.
22-11-2023 17:26:59.428Z;functions.enter_coligada;  CLICK AVANÇAR NOVAMENTE
22-11-2023 17:27:00.697Z;functions.enter_coligada;  CLICK CONCLUIR
22-11-2023 17:27:25.545Z;functions.enter_coligada;  POP UP COLIGADA DESAPARECER
22-11-2023 17:27:26.394Z;functions.enter_contas_a_pagar;  CLICK - TOTVS - LINHA RM
22-11-2023 17:27:28.228Z;functions.enter_contas_a_pagar;  CLICK - BACK OFFICE
22-11-2023 17:27:31.015Z;functions.enter_contas_a_pagar;  CLICK - GESTAO FINANCEIRA
22-11-2023 17:27:38.349Z;functions.enter_contas_a_pagar;  CLICK - CONTAS A PAGAR
22-11-2023 17:27:39.232Z;functions.waitForImage;  LANÇAMENTOS image found.
22-11-2023 17:27:41.355Z;functions.enter_contas_a_pagar;  CLICK EM LANÇAMENTOS
22-11-2023 17:27:43.357Z;functions.data_filter;  DATA INICIO 22-11-2023
22-11-2023 17:27:43.358Z;functions.data_filter;  DATA FIM 28-11-2023
22-11-2023 17:27:43.360Z;functions.data_filter;  CLICK - SELECIONA A DATA DE QUARTA FEIRA E DA PROXIMA TERÇA
22-11-2023 17:27:43.361Z;functions.data_filter;  QUARTA-FEIRA: 22-11-2023
22-11-2023 17:27:43.362Z;functions.data_filter;  TERCA-FEIRA: 28-11-2023
22-11-2023 17:27:52.738Z;functions.data_filter;  ESCREVE REMESSA BANCÁRIA NO FILTRO
22-11-2023 17:27:53.762Z;functions.data_filter;  CLICK - BUTÃO DE SELECAO DE FILTRO
22-11-2023 17:27:56.706Z;functions.data_filter;  INSERE - DATA DE QUARTA-FEIRA: 22-11-2023
22-11-2023 17:27:59.116Z;functions.data_filter;  INSERE - DATA DA PROX TERCA-FEIRA: 28-11-2023
22-11-2023 17:28:00.036Z;functions.data_filter;  CLICK - BUTÃO DE EXECUTAR O FILTRO
22-11-2023 17:28:08.305Z;functions.desmark_filter;  CLICK CHECKBOX LANÇAMENTOS A RECEBER
22-11-2023 17:28:10.077Z;functions.desmark_filter;  CLICK CHECKBOX LANÇAMENTOS BAIXADOS
22-11-2023 17:28:11.983Z;functions.desmark_filter;  CLICK CHECKBOX LANÇAMENTOS CANCELADOS
22-11-2023 17:28:14.238Z;functions.desmark_filter;  CLICK CHECKBOX LANÇAMENTOS FATURADOS
22-11-2023 17:28:16.653Z;functions.desmark_filter;  ATUALIZA O FILTRO
22-11-2023 17:28:47.159Z;functions.waitForImage;  FILTER CLEAN image not found.
22-11-2023 17:28:47.161Z;functions.tabela_vazia;  VERIFICANDO SE A TABELA ESTÁ VAZIA
22-11-2023 17:29:00.132Z;functions.tabela_vazia;  ATENÇÃO: 

Este processo exige que seja selecionado ao menos um registro para sua execução.
Como não foi feita nenhuma seleção, você deseja executá-lo para TODOS os 4 registros?
22-11-2023 17:29:02.238Z;functions.tabela_vazia;  TABELA CONTÉM REGISTROS
22-11-2023 17:29:12.343Z;functions.desbloqueio;  CONTROL P PARA SELECIONAR PROCESSO
22-11-2023 17:29:15.062Z;functions.desbloqueio;  7 SETAS PARA BAIXO - MANUTENÇÃO DE LANÇAMENTO
22-11-2023 17:29:17.166Z;functions.desbloqueio;  SETA PARA DIREITA
22-11-2023 17:29:20.083Z;functions.desbloqueio;  9 SETAS PARA BAIXO
22-11-2023 17:29:22.186Z;functions.desbloqueio;  ENTER PARA SELECIONAR DESBLOQUEIO ALTERAÇÃO
22-11-2023 17:29:29.571Z;functions.desbloqueio;  SELECIONA PROCESSO DA EXECUCAO DOS PROGRESSOS ABA INFERIOR
22-11-2023 17:29:31.659Z;functions.desbloqueio;  MSG AQUI: 
22-11-2023 17:29:33.661Z;functions.desbloqueio;  DESBLOQUEIO COM SUCESSO
22-11-2023 17:29:36.602Z;functions.desbloqueio;  SELECIONAR EVIDENCIAR ABA INFERIOR
22-11-2023 17:29:38.706Z;functions.desbloqueio;  FECHANDO ABA INFERIOR
22-11-2023 17:29:40.816Z;functions.exec_lancamentos;  CONTROL G
22-11-2023 17:29:44.606Z;functions.exec_lancamentos;  CLICK PARA APARECER CONTA/CAIXA
22-11-2023 17:29:45.973Z;functions.exec_lancamentos;  SELECIONA CONTA/CAIXA
22-11-2023 17:29:47.273Z;functions.exec_lancamentos;  CLICK NO BOTÃO [...]
22-11-2023 17:29:49.742Z;functions.exec_lancamentos;  CLICK NO CAMPO PESQUISA E DIGITA: %3212
22-11-2023 17:29:50.794Z;functions.exec_lancamentos;  CLICK NO BOTÃO DO FILTRO
22-11-2023 17:29:52.033Z;functions.exec_lancamentos;  CLICK NO BOTÃO OK
22-11-2023 17:29:53.095Z;functions.exec_lancamentos;  CLICK NO BOTÃO EXECUTAR
22-11-2023 17:30:01.169Z;functions.process_lancamentos;  EXECUÇÃO FINALIZADA
22-11-2023 17:30:01.354Z;functions.waitForImage;  PRESS BUTTON OK image found.
22-11-2023 17:30:03.355Z;functions.process_lancamentos;  O PROCESSAMENTO DE LANÇAMENTO FOI EXECUTADO COM SUCESSO.
22-11-2023 17:30:12.968Z;functions.process_lancamentos;  Lançamento Ref. 865055: Convênio alterado para o convênio default '7' da conta Caixa '02675-5' .
Alteração Global de Lançamentos executada com sucesso

22-11-2023 17:30:29.375Z;functions.proccess_bordero;  SELECIONAR INCLUSÃO DE BORDERO
22-11-2023 17:30:31.451Z;functions.proccess_bordero;  CLICK EM CONVÊNIO TRÊS PONTINHOS
22-11-2023 17:30:33.156Z;functions.proccess_bordero;  CLICK EM COMBOBOX PARA SELECIONAR O ID DO CONVÊNIO
22-11-2023 17:30:34.613Z;functions.proccess_bordero;  CLICK EM ID DO CONVÊNIO
22-11-2023 17:30:36.719Z;functions.proccess_bordero;  APERTA TAB PARA ESCREVER O ID
22-11-2023 17:30:38.824Z;functions.proccess_bordero;  ESCREVE O ID 10 - PENSÃO
22-11-2023 17:30:40.926Z;functions.proccess_bordero;  APERTA ENTER PARA SELECIONAR O ID 10 - PENSÃO
22-11-2023 17:30:43.030Z;functions.proccess_bordero;  APERTA ENTER PARA ESCOLHER O ID 10 - PENSÃO
22-11-2023 17:30:45.943Z;functions.proccess_bordero;  CLICK EM EXECUTAR NA INCLUSÃO DO BORDÊRO
22-11-2023 17:30:53.519Z;functions.waitForImage;  PRESS BUTTON OK image found.
22-11-2023 17:30:55.520Z;functions.proccess_bordero;  O PROCESSAMENTO DO BORDERO FOI EXECUTADO COM SUCESSO.
22-11-2023 17:30:58.388Z;functions.proccess_bordero;  CLICK EM FECHAR.
22-11-2023 17:31:01.902Z;functions.movimentacao_bancaria;  CLICK NA ABA MOVIMENTAÇÃO BANCARIA
22-11-2023 17:31:03.290Z;functions.movimentacao_bancaria;  CLICK NO ICONE BORDERO DE PAGAMENTO
22-11-2023 17:31:15.512Z;functions.movimentacao_bancaria;  SELECIONA O FILTRO HOJE
22-11-2023 17:31:17.123Z;functions.waitForImage;  FILTER CLEAN image found.
22-11-2023 17:31:19.249Z;functions.filter_clean;  CLICK NO BOTÃO X DO LIMPA FILTRO
22-11-2023 17:31:29.778Z;functions.movimentacao_bancaria;  CLICK NA PRIMEIRA LINHA DA TABELA MOVIMENTAÇÃO BANCÁRIA
22-11-2023 17:31:31.001Z;functions.movimentacao_bancaria;  12 PASSOS PARA DIREITA NA TABELA >>
22-11-2023 17:31:32.981Z;functions.movimentacao_bancaria;  HOVER FILTER
22-11-2023 17:31:33.084Z;functions.movimentacao_bancaria;  CLICK FILTER
22-11-2023 17:31:37.409Z;functions.movimentacao_bancaria;  CLICK NO FILTRO  STATUS DA REMESSA
22-11-2023 17:31:39.516Z;functions.movimentacao_bancaria;  APERTA TAB PARA ESCREVER O FILTRO
22-11-2023 17:31:41.629Z;functions.movimentacao_bancaria;  ESCREVE PENDENTE NO FILTRO
22-11-2023 17:31:43.732Z;functions.movimentacao_bancaria;  APERTA ENTER PARA SELECIONAR OS PENDENTES
22-11-2023 17:31:46.874Z;functions.movimentacao_bancaria;  SELECIONA TODAS AS TUPLAS COM STATUS PENDENTE
22-11-2023 17:31:48.980Z;functions.movimentacao_bancaria;  CLICK EM PROCESSOS
22-11-2023 17:31:51.084Z;functions.movimentacao_bancaria;  APERTA PARA BAIXO
22-11-2023 17:31:53.188Z;functions.movimentacao_bancaria;  APERTA ENTER
22-11-2023 17:31:56.100Z;functions.movimentacao_bancaria;  CLICK EM EXECUTAR BORDERO DE PAGAMENTO
22-11-2023 17:32:02.395Z;functions.waitForImage;  PRESS BUTTON OK image found.
22-11-2023 17:32:04.396Z;functions.movimentacao_bancaria;  O PROCESSAMENTO DE AUTORIZAÇÃO DO BORDERO FOI EXECUTADO COM SUCESSO.
22-11-2023 17:32:07.260Z;functions.movimentacao_bancaria;  CLICK EM FECHAR.
22-11-2023 17:32:09.445Z;functions.waitForImage;  FILTER CLEAN image found.
22-11-2023 17:32:11.578Z;functions.filter_clean;  CLICK NO BOTÃO X DO LIMPA FILTRO
22-11-2023 17:32:14.884Z;functions.remessa_pagamento;  CLICK NA PRIMEIRA LINHA DA TABELA MOVIMENTAÇÃO BANCÁRIA
22-11-2023 17:32:15.905Z;functions.remessa_pagamento;  10 PASSOS PARA DIREITA NA TABELA >>
22-11-2023 17:32:17.853Z;functions.remessa_pagamento;  HOVER FILTER
22-11-2023 17:32:17.990Z;functions.remessa_pagamento;  CLICK FILTER
22-11-2023 17:32:22.324Z;functions.remessa_pagamento;  CLICK NO FILTRO  STATUS DA REMESSA
22-11-2023 17:32:24.428Z;functions.remessa_pagamento;  APERTA TAB PARA ESCREVER O FILTRO
22-11-2023 17:32:26.548Z;functions.remessa_pagamento;  ESCREVE PENDENTE NO FILTRO
22-11-2023 17:32:28.653Z;functions.remessa_pagamento;  APERTA ENTER PARA SELECIONAR OS PENDENTES
22-11-2023 17:32:31.828Z;functions.remessa_pagamento;  SELECIONA TODAS AS TUPLAS COM STATUS AUTORIZADO
22-11-2023 17:32:33.936Z;functions.remessa_pagamento;  CLICK EM PROCESSOS
22-11-2023 17:32:36.039Z;functions.remessa_pagamento;  APERTA PARA BAIXO 0
22-11-2023 17:32:38.142Z;functions.remessa_pagamento;  APERTA PARA BAIXO 1
22-11-2023 17:32:40.245Z;functions.remessa_pagamento;  APERTA PARA BAIXO 2
22-11-2023 17:32:42.348Z;functions.remessa_pagamento;  APERTA ENTER
22-11-2023 17:32:45.328Z;functions.remessa_pagamento;  CLICK EM REMESSAS DE PAGAMENTO
22-11-2023 17:32:46.438Z;functions.remessa_pagamento;  APERTA TAB 0
22-11-2023 17:32:47.542Z;functions.remessa_pagamento;  APERTA TAB 1
22-11-2023 17:32:48.645Z;functions.remessa_pagamento;  APERTA TAB 2
22-11-2023 17:32:58.960Z;functions.remessa_pagamento;  CLICK EM AVANÇAR
22-11-2023 17:32:58.961Z;functions.remessa_pagamento;  DATA INICIO 22-11-2023
22-11-2023 17:32:58.962Z;functions.remessa_pagamento;  DATA FIM 28-11-2023
22-11-2023 17:32:58.964Z;functions.remessa_pagamento;  CLICK - SELECIONA A DATA DE QUARTA FEIRA E DA PROXIMA TERÇA
22-11-2023 17:32:58.965Z;functions.remessa_pagamento;  QUARTA-FEIRA: 22-11-2023
22-11-2023 17:32:58.966Z;functions.remessa_pagamento;  TERCA-FEIRA: 28-11-2023
22-11-2023 17:33:03.892Z;functions.remessa_pagamento;  DESMARCA CHECKBOX PARA SALVAR ARQUIVO DE REMESSA
22-11-2023 17:33:04.838Z;functions.remessa_pagamento;  CLICK NOS ... PARA SELECIONAR O DIRETÓRIO E NOME DO ARQUIVO.
22-11-2023 17:33:07.582Z;functions.remessa_pagamento;  DUPLO CLICK NO DIRETORIO
22-11-2023 17:33:12.941Z;functions.remessa_pagamento;  APERTA TAB 0
22-11-2023 17:33:14.054Z;functions.remessa_pagamento;  APERTA TAB 1
22-11-2023 17:33:15.157Z;functions.remessa_pagamento;  APERTA TAB 2
22-11-2023 17:33:16.260Z;functions.remessa_pagamento;  APERTA TAB 3
22-11-2023 17:33:17.363Z;functions.remessa_pagamento;  APERTA TAB 4
22-11-2023 17:33:18.466Z;functions.remessa_pagamento;  APERTA TAB 5
22-11-2023 17:33:18.469Z;functions.remessa_pagamento;  A próxima letra seria: B
22-11-2023 17:33:18.613Z;functions.remessa_pagamento;  S222823B.txt
22-11-2023 17:33:19.476Z;functions.remessa_pagamento;  CLICK NO BUTÃO SALVAR
22-11-2023 17:33:21.113Z;functions.remessa_pagamento;  CLICK EM AVANCAR PARA CONCLUIR
22-11-2023 17:33:22.535Z;functions.remessa_pagamento;  CLICK EM EXECUTAR
22-11-2023 17:33:32.275Z;functions.waitForImage;  PRESS BUTTON OK image found.
22-11-2023 17:33:34.279Z;functions.remessa_pagamento;  O PROCESSAMENTO DE AUTORIZAÇÃO DO BORDERO FOI EXECUTADO COM SUCESSO.
22-11-2023 17:33:43.709Z;functions.remessa_pagamento;  ===========================================================================================================
LANÇAMENTOS ENVIADOS PARA REMESSA PAGAMENTO
Coligada: 1
ID Remessa: 10
Convênio: 10
Data: 22/11/2023 17:33:29
Borderô remetidos: 1
===========================================================================================================
Borderô: 1-7183

Lançamentos remetidos no Borderô:
Lancamento 1-865055
----------------------------------------------------------------------------------------------------------


22-11-2023 17:33:45.707Z;errorhandler.__handle;  CSSStyleDeclaration: Unexpected token, ignoring upto '{        border: none;'. [1:174: {]
22-11-2023 17:33:45.709Z;errorhandler.__handle;  Property: Unknown Property name. [1:204: -ms-interpolation-mode]
22-11-2023 17:33:45.715Z;errorhandler.__handle;  CSSStyleDeclaration: Unexpected token, ignoring upto '}'. [1:267: }]
22-11-2023 17:33:45.720Z;errorhandler.__handle;  CSSStyleDeclaration: Unexpected token, ignoring upto '{        background-color: #f6f6f6;'. [1:281: {]
22-11-2023 17:33:45.737Z;errorhandler.__handle;  Property: Unknown Property name. [1:356: -webkit-font-smoothing]
22-11-2023 17:33:45.755Z;errorhandler.__handle;  Property: Unknown Property name. [1:486: -ms-text-size-adjust]
22-11-2023 17:33:45.760Z;errorhandler.__handle;  Property: Unknown Property name. [1:521: -webkit-text-size-adjust]
22-11-2023 17:33:45.762Z;errorhandler.__handle;  CSSStyleDeclaration: Unexpected token, ignoring upto '}'. [1:559: }]
22-11-2023 17:33:45.766Z;errorhandler.__handle;  CSSStyleDeclaration: Unexpected token, ignoring upto '{        border-collapse: separate;'. [1:574: {]
22-11-2023 17:33:45.769Z;errorhandler.__handle;  Property: Unknown Property name. [1:617: mso-table-lspace]
22-11-2023 17:33:45.772Z;errorhandler.__handle;  Property: Unknown Property name. [1:647: mso-table-rspace]
22-11-2023 17:33:45.778Z;errorhandler.__handle;  CSSStyleDeclaration: Unexpected token, ignoring upto '}'. [1:690: }]
22-11-2023 17:33:45.783Z;errorhandler.__handle;  CSSStyleDeclaration: Unexpected token, ignoring upto '{          font-family: sans-serif;'. [1:710: {]
22-11-2023 17:33:45.789Z;errorhandler.__handle;  CSSStyleDeclaration: Unexpected token, ignoring upto '}'. [1:808: }]
22-11-2023 17:33:45.792Z;errorhandler.__handle;  CSSStyleDeclaration: Unexpected token, ignoring upto '{        background-color: #f6f6f6;'. [1:941: {]
22-11-2023 17:33:45.796Z;errorhandler.__handle;  CSSStyleDeclaration: Unexpected token, ignoring upto '}'. [1:1003: }]
22-11-2023 17:33:45.803Z;errorhandler.__handle;  CSSStyleDeclaration: Unexpected token, ignoring upto '{        display: block;'. [1:1178: {]
22-11-2023 17:33:45.806Z;errorhandler.__handle;  CSSStyleDeclaration: Unexpected token, ignoring upto '}'. [1:1342: }]
22-11-2023 17:33:45.810Z;errorhandler.__handle;  CSSStyleDeclaration: Unexpected token, ignoring upto '{        box-sizing: border-box;'. [1:1452: {]
22-11-2023 17:33:45.818Z;errorhandler.__handle;  CSSStyleDeclaration: Unexpected token, ignoring upto '}'. [1:1584: }]
22-11-2023 17:33:45.822Z;errorhandler.__handle;  CSSStyleDeclaration: Unexpected token, ignoring upto '{        background: #ffffff;'. [1:1721: {]
22-11-2023 17:33:45.830Z;errorhandler.__handle;  CSSStyleDeclaration: Unexpected token, ignoring upto '}'. [1:1804: }]
22-11-2023 17:33:45.833Z;errorhandler.__handle;  CSSStyleDeclaration: Unexpected token, ignoring upto '{        box-sizing: border-box;'. [1:1822: {]
22-11-2023 17:33:45.839Z;errorhandler.__handle;  CSSStyleDeclaration: Unexpected token, ignoring upto '}'. [1:1883: }]
22-11-2023 17:33:45.842Z;errorhandler.__handle;  CSSStyleDeclaration: Unexpected token, ignoring upto '{        padding-bottom: 10px;'. [1:1907: {]
22-11-2023 17:33:45.847Z;errorhandler.__handle;  CSSStyleDeclaration: Unexpected token, ignoring upto '}'. [1:1969: }]
22-11-2023 17:33:45.850Z;errorhandler.__handle;  CSSStyleDeclaration: Unexpected token, ignoring upto '{        clear: both;'. [1:1986: {]
22-11-2023 17:33:45.855Z;errorhandler.__handle;  CSSStyleDeclaration: Unexpected token, ignoring upto '}'. [1:2086: }]
22-11-2023 17:33:45.860Z;errorhandler.__handle;  CSSStyleDeclaration: Unexpected token, ignoring upto '{          color: #999999;'. [1:2165: {]
22-11-2023 17:33:45.864Z;errorhandler.__handle;  CSSStyleDeclaration: Unexpected token, ignoring upto '}'. [1:2253: }]
22-11-2023 17:33:45.867Z;errorhandler.__handle;  CSSStyleDeclaration: Unexpected token, ignoring upto '{        color: #000000;'. [1:2404: {]
22-11-2023 17:33:45.874Z;errorhandler.__handle;  CSSStyleDeclaration: Unexpected token, ignoring upto '}'. [1:2563: }]
22-11-2023 17:33:45.880Z;errorhandler.__handle;  CSSStyleDeclaration: Unexpected token, ignoring upto '{        font-size: 35px;'. [1:2575: {]
22-11-2023 17:33:45.884Z;errorhandler.__handle;  CSSStyleDeclaration: Unexpected token, ignoring upto '}'. [1:2694: }]
22-11-2023 17:33:45.888Z;errorhandler.__handle;  CSSStyleDeclaration: Unexpected token, ignoring upto '{        font-family: sans-serif;'. [1:2723: {]
22-11-2023 17:33:45.893Z;errorhandler.__handle;  CSSStyleDeclaration: Unexpected token, ignoring upto '}'. [1:2861: }]
22-11-2023 17:33:45.897Z;errorhandler.__handle;  CSSStyleDeclaration: Unexpected token, ignoring upto '{          list-style-position: inside;'. [1:2905: {]
22-11-2023 17:33:45.901Z;errorhandler.__handle;  CSSStyleDeclaration: Unexpected token, ignoring upto '}'. [1:2978: }]
22-11-2023 17:33:45.904Z;errorhandler.__handle;  CSSStyleDeclaration: Unexpected token, ignoring upto '{        color: #3498db;'. [1:2989: {]
22-11-2023 17:33:45.908Z;errorhandler.__handle;  CSSStyleDeclaration: Unexpected token, ignoring upto '}'. [1:3055: }]
22-11-2023 17:33:45.912Z;errorhandler.__handle;  CSSStyleDeclaration: Unexpected token, ignoring upto '{        box-sizing: border-box;'. [1:3178: {]
22-11-2023 17:33:45.917Z;errorhandler.__handle;  CSSStyleDeclaration: Unexpected token, ignoring upto '}'. [1:3231: }]
22-11-2023 17:33:45.921Z;errorhandler.__handle;  CSSStyleDeclaration: Unexpected token, ignoring upto '{          padding-bottom: 15px;'. [1:3265: {]
22-11-2023 17:33:45.924Z;errorhandler.__handle;  CSSStyleDeclaration: Unexpected token, ignoring upto '}'. [1:3298: }]
22-11-2023 17:33:45.928Z;errorhandler.__handle;  CSSStyleDeclaration: Unexpected token, ignoring upto '{          width: auto;'. [1:3320: {]
22-11-2023 17:33:45.930Z;errorhandler.__handle;  CSSStyleDeclaration: Unexpected token, ignoring upto '}'. [1:3350: }]
22-11-2023 17:33:45.933Z;errorhandler.__handle;  CSSStyleDeclaration: Unexpected token, ignoring upto '{          background-color: #ffffff;'. [1:3375: {]
22-11-2023 17:33:45.938Z;errorhandler.__handle;  CSSStyleDeclaration: Unexpected token, ignoring upto '}'. [1:3477: }]
22-11-2023 17:33:45.941Z;errorhandler.__handle;  CSSStyleDeclaration: Unexpected token, ignoring upto '{          background-color: #ffffff;'. [1:3495: {]
22-11-2023 17:33:46.146Z;errorhandler.__handle;  CSSStyleDeclaration: Unexpected token, ignoring upto '}'. [1:3892: }]
22-11-2023 17:33:46.150Z;errorhandler.__handle;  CSSStyleDeclaration: Unexpected token, ignoring upto '{        background-color: #3498db;'. [1:3923: {]
22-11-2023 17:33:46.153Z;errorhandler.__handle;  CSSStyleDeclaration: Unexpected token, ignoring upto '}'. [1:3965: }]
22-11-2023 17:33:46.157Z;errorhandler.__handle;  CSSStyleDeclaration: Unexpected token, ignoring upto '{        background-color: #3498db;'. [1:3989: {]
22-11-2023 17:33:46.224Z;errorhandler.__handle;  CSSStyleDeclaration: Unexpected token, ignoring upto '}'. [1:4084: }]
22-11-2023 17:33:46.229Z;errorhandler.__handle;  CSSStyleDeclaration: Unexpected token, ignoring upto '{        margin-bottom: 0;'. [1:4234: {]
22-11-2023 17:33:46.232Z;errorhandler.__handle;  CSSStyleDeclaration: Unexpected token, ignoring upto '}'. [1:4267: }]
22-11-2023 17:33:46.235Z;errorhandler.__handle;  CSSStyleDeclaration: Unexpected token, ignoring upto '{        margin-top: 0;'. [1:4283: {]
22-11-2023 17:33:46.238Z;errorhandler.__handle;  CSSStyleDeclaration: Unexpected token, ignoring upto '}'. [1:4313: }]
22-11-2023 17:33:46.241Z;errorhandler.__handle;  CSSStyleDeclaration: Unexpected token, ignoring upto '{        text-align: center;'. [1:4336: {]
22-11-2023 17:33:46.246Z;errorhandler.__handle;  CSSStyleDeclaration: Unexpected token, ignoring upto '}'. [1:4371: }]
22-11-2023 17:33:46.251Z;errorhandler.__handle;  CSSStyleDeclaration: Unexpected token, ignoring upto '{        text-align: right;'. [1:4393: {]
22-11-2023 17:33:46.255Z;errorhandler.__handle;  CSSStyleDeclaration: Unexpected token, ignoring upto '}'. [1:4427: }]
22-11-2023 17:33:46.262Z;errorhandler.__handle;  CSSStyleDeclaration: Unexpected token, ignoring upto '{        text-align: left;'. [1:4448: {]
22-11-2023 17:33:46.265Z;errorhandler.__handle;  CSSStyleDeclaration: Unexpected token, ignoring upto '}'. [1:4481: }]
22-11-2023 17:33:46.268Z;errorhandler.__handle;  CSSStyleDeclaration: Unexpected token, ignoring upto '{        clear: both;'. [1:4497: {]
22-11-2023 17:33:46.270Z;errorhandler.__handle;  CSSStyleDeclaration: Unexpected token, ignoring upto '}'. [1:4525: }]
22-11-2023 17:33:46.274Z;errorhandler.__handle;  CSSStyleDeclaration: Unexpected token, ignoring upto '{        margin-top: 0;'. [1:4539: {]
22-11-2023 17:33:46.276Z;errorhandler.__handle;  CSSStyleDeclaration: Unexpected token, ignoring upto '}'. [1:4569: }]
22-11-2023 17:33:46.278Z;errorhandler.__handle;  CSSStyleDeclaration: Unexpected token, ignoring upto '{        margin-bottom: 0;'. [1:4583: {]
22-11-2023 17:33:46.282Z;errorhandler.__handle;  CSSStyleDeclaration: Unexpected token, ignoring upto '}'. [1:4616: }]
22-11-2023 17:33:46.285Z;errorhandler.__handle;  CSSStyleDeclaration: Unexpected token, ignoring upto '{        color: transparent;'. [1:4636: {]
22-11-2023 17:33:46.293Z;errorhandler.__handle;  Property: Unknown Property name. [1:4799: mso-hide]
22-11-2023 17:33:46.296Z;errorhandler.__handle;  CSSStyleDeclaration: Unexpected token, ignoring upto '}'. [1:4864: }]
22-11-2023 17:33:46.299Z;errorhandler.__handle;  CSSStyleDeclaration: Unexpected token, ignoring upto '{        text-decoration: none;'. [1:4887: {]
22-11-2023 17:33:46.340Z;errorhandler.__handle;  CSSStyleDeclaration: Unexpected token, ignoring upto '}'. [1:4925: }]
22-11-2023 17:33:46.378Z;errorhandler.__handle;  CSSStyleDeclaration: Unexpected token, ignoring upto '{        border: 0;'. [1:4937: {]
22-11-2023 17:33:46.425Z;errorhandler.__handle;  CSSStyleDeclaration: Unexpected token, ignoring upto '}'. [1:5027: }]
22-11-2023 17:33:46.451Z;errorhandler.__handle;  CSSStyleRule: No selector found: '{        table.body h1 {{          font-size: 28px !important;          margin-bottom: 10px !important;         }}        table.body p,        table.body ul,        table.body ol,        table.body td,        table.body span,        table.body a {{          font-size: 16px !important;         }}        table.body .wrapper,        table.body .article {{          padding: 10px !important;         }}        table.body .content {{          padding: 0 !important;         }}        table.body .container {{          padding: 0 !important;          width: 100% !important;         }}        table.body .main {{          border-left-width: 0 !important;          border-radius: 0 !important;          border-right-width: 0 !important;         }}        table.body .btn table {{          width: 100% !important;         }}        table.body .btn a {{          width: 100% !important;         }}        table.body .img-responsive {{          height: auto !important;          max-width: 100% !important;          width: auto !important;         }}      }'. [1:5217: {]
22-11-2023 17:33:46.464Z;errorhandler.__handle;  SelectorList: Unknown Syntax: ''
22-11-2023 17:33:46.489Z;errorhandler.__handle;  Property: No ":" after name found: table.body h1 {{          font-size: 28px !important;          margin-bottom: 10px !important;         }}        table.body p,        table.body ul,        table.body ol,        table.body td,        table.body span,        table.body a {{          font-size: 16px !important;         }}        table.body .wrapper,        table.body .article {{          padding: 10px !important;         }}        table.body .content {{          padding: 0 !important;         }}        table.body .container {{          padding: 0 !important;          width: 100% !important;         }}        table.body .main {{          border-left-width: 0 !important;          border-radius: 0 !important;          border-right-width: 0 !important;         }}        table.body .btn table {{          width: 100% !important;         }}        table.body .btn a {{          width: 100% !important;         }}        table.body .img-responsive {{          height: auto !important;          max-width: 100% !important;          width: auto !important;         }}       [1:6259:       ]
22-11-2023 17:33:46.501Z;errorhandler.__handle;  Property: No property value found: table.body h1 {{          font-size: 28px !important;          margin-bottom: 10px !important;         }}        table.body p,        table.body ul,        table.body ol,        table.body td,        table.body span,        table.body a {{          font-size: 16px !important;         }}        table.body .wrapper,        table.body .article {{          padding: 10px !important;         }}        table.body .content {{          padding: 0 !important;         }}        table.body .container {{          padding: 0 !important;          width: 100% !important;         }}        table.body .main {{          border-left-width: 0 !important;          border-radius: 0 !important;          border-right-width: 0 !important;         }}        table.body .btn table {{          width: 100% !important;         }}        table.body .btn a {{          width: 100% !important;         }}        table.body .img-responsive {{          height: auto !important;          max-width: 100% !important;          width: auto !important;         }}       [1:6259:       ]
22-11-2023 17:33:46.514Z;errorhandler.__handle;  CSSStyleDeclaration: Syntax Error in Property: table.body h1 {{          font-size: 28px !important;          margin-bottom: 10px !important;         }}        table.body p,        table.body ul,        table.body ol,        table.body td,        table.body span,        table.body a {{          font-size: 16px !important;         }}        table.body .wrapper,        table.body .article {{          padding: 10px !important;         }}        table.body .content {{          padding: 0 !important;         }}        table.body .container {{          padding: 0 !important;          width: 100% !important;         }}        table.body .main {{          border-left-width: 0 !important;          border-radius: 0 !important;          border-right-width: 0 !important;         }}        table.body .btn table {{          width: 100% !important;         }}        table.body .btn a {{          width: 100% !important;         }}        table.body .img-responsive {{          height: auto !important;          max-width: 100% !important;          width: auto !important;         }}      
22-11-2023 17:33:46.532Z;errorhandler.__handle;  CSSStyleRule: No selector found: '{        .ExternalClass {{          width: 100%;         }}        .ExternalClass,        .ExternalClass p,        .ExternalClass span,        .ExternalClass font,        .ExternalClass td,        .ExternalClass div {{          line-height: 100%;         }}        .apple-link a {{          color: inherit !important;          font-family: inherit !important;          font-size: inherit !important;          font-weight: inherit !important;          line-height: inherit !important;          text-decoration: none !important;         }}        #MessageViewBody a {{          color: inherit;          text-decoration: none;          font-size: inherit;          font-family: inherit;          font-weight: inherit;          line-height: inherit;        }}        .btn-primary table td:hover {{          background-color: #34495e !important;         }}        .btn-primary a:hover {{          background-color: #34495e !important;          border-color: #34495e !important;         }}       }'. [1:6420: {]
22-11-2023 17:33:46.545Z;errorhandler.__handle;  SelectorList: Unknown Syntax: ''
22-11-2023 17:33:46.548Z;errorhandler.__handle;  CSSStyleDeclaration: Unexpected token, ignoring upto '.ExternalClass {{          width: 100%;         }}        .ExternalClass,        .ExternalClass p,        .ExternalClass span,        .ExternalClass font,        .ExternalClass td,        .ExternalClass div {{          line-height: 100%;         }}        .apple-link a {{          color: inherit !important;          font-family: inherit !important;          font-size: inherit !important;          font-weight: inherit !important;          line-height: inherit !important;          text-decoration: none !important;         }}        #MessageViewBody a {{          color: inherit;          text-decoration: none;          font-size: inherit;          font-family: inherit;          font-weight: inherit;          line-height: inherit;        }}        .btn-primary table td:hover {{          background-color: #34495e !important;         }}        .btn-primary a:hover {{          background-color: #34495e !important;          border-color: #34495e !important;         }}       '. [1:6429: .]
22-11-2023 17:33:46.577Z;errorhandler.__handle;  Property: Unknown Property name. [1:1: -ms-interpolation-mode]
22-11-2023 17:33:46.583Z;errorhandler.__handle;  Property: Unknown Property name. [1:24: -webkit-font-smoothing]
22-11-2023 17:33:46.588Z;errorhandler.__handle;  Property: Unknown Property name. [1:109: -ms-text-size-adjust]
22-11-2023 17:33:46.591Z;errorhandler.__handle;  Property: Unknown Property name. [1:135: -webkit-text-size-adjust]
22-11-2023 17:33:46.595Z;errorhandler.__handle;  Property: Unknown Property name. [1:1: mso-table-lspace]
22-11-2023 17:33:46.597Z;errorhandler.__handle;  Property: Unknown Property name. [1:20: mso-table-rspace]
22-11-2023 17:33:46.626Z;errorhandler.__handle;  Property: Unknown Property name. [1:74: mso-hide]
22-11-2023 17:33:46.635Z;errorhandler.__handle;  Property: No ":" after name found: align-center [1:1: align-center]
22-11-2023 17:33:46.639Z;errorhandler.__handle;  Property: No property value found: align-center [1:1: align-center]
22-11-2023 17:33:46.641Z;errorhandler.__handle;  CSSStyleDeclaration: Syntax Error in Property: align-center
22-11-2023 17:33:46.645Z;errorhandler.__handle;  Property: Unknown Property name. [1:1: -ms-interpolation-mode]
22-11-2023 17:33:48.537Z;functions.emailSuccess;  Success e-mail sent.
22-11-2023 17:33:51.505Z;functions.remessa_pagamento;  FECHA A ABA MOVIMENTAÇÃO BANCÁRIA
22-11-2023 17:33:52.470Z;errorhandler.__handle;  Property: Unknown Property name. [1:1: -ms-interpolation-mode]
22-11-2023 17:33:54.488Z;functions.emailSuccess;  Success e-mail sent.
22-11-2023 17:33:56.593Z;functions.encerra_prog;  FECHA A TABELA
22-11-2023 17:33:58.700Z;functions.encerra_prog;  FECHA O PROGRAMA
22-11-2023 17:34:00.822Z;functions.encerra_prog;  RM ENCERRADO
