24-06-2024 15:02:18.357Z;functions.bot_text_art;      ____     
24-06-2024 15:02:18.357Z;functions.bot_text_art;     [____]    
24-06-2024 15:02:18.357Z;functions.bot_text_art;   |=]()()[=|  
24-06-2024 15:02:18.357Z;functions.bot_text_art;     _\==/__    _____    ____     _        _____    ___   _  __ 
24-06-2024 15:02:18.357Z;functions.bot_text_art;   |__|   |_|  |  _  \  / ___|   | |      |_   _| / ___| | |/ / 
24-06-2024 15:02:18.357Z;functions.bot_text_art;   |_|_/\_|_|  | |  | | | |      | |        | |   | |    | ' /  
24-06-2024 15:02:18.357Z;functions.bot_text_art;   | | __ | |  | |  | | | |      | |        | |   | |    |  <   
24-06-2024 15:02:18.357Z;functions.bot_text_art;   |_|[  ]|_|  | |__| | | |____  | |____   _| |_  | |__  | . \  
24-06-2024 15:02:18.357Z;functions.bot_text_art;   \_|_||_|_/  |_____/   \_____| |______| |_____| \ ___| |_|\_\ 
24-06-2024 15:02:18.357Z;functions.bot_text_art;     |_||_|    
24-06-2024 15:02:18.357Z;functions.bot_text_art;     | ||_|_   
24-06-2024 15:02:18.357Z;functions.bot_text_art;   |___||___|  
24-06-2024 15:02:18.357Z;functions.bot_text_art;               
24-06-2024 15:02:18.373Z;functions.open_RM;  OPEN PROGRAM RM
24-06-2024 15:02:34.404Z;functions.loggin_RM;  ACHOU O PANE PICTURE
24-06-2024 15:02:35.623Z;functions.loggin_RM;  ENCONTRA USE FIELD
24-06-2024 15:02:36.013Z;functions.loggin_RM;  DUPLO CLICK
24-06-2024 15:02:39.654Z;functions.loggin_RM;  ENTRAR USER_NAME
24-06-2024 15:02:40.997Z;functions.loggin_RM;  ENCONTRA PASS FIELD
24-06-2024 15:02:41.294Z;functions.loggin_RM;  CLICK
24-06-2024 15:02:43.421Z;functions.loggin_RM;  ENTRAR PASSWORD
24-06-2024 15:02:44.856Z;functions.loggin_RM;  ENTRAR RM
24-06-2024 15:03:48.255Z;functions.loggin_RM;  FILTRO NÃO ENCONTRADO DE INICIO
24-06-2024 15:04:50.458Z;functions.loggin_RM;  FILTRO NÃO ENCONTRADO DE INICIO
24-06-2024 15:05:52.871Z;functions.loggin_RM;  FILTRO NÃO ENCONTRADO DE INICIO
24-06-2024 15:05:52.871Z;functions.enter_coligada;  AGUARDANDO 1
24-06-2024 15:05:54.231Z;functions.enter_coligada;  CLICK CONTEXTO
24-06-2024 15:05:56.762Z;functions.enter_coligada;  CLICK ALTERAR MODULO DO CONTEXTO
24-06-2024 15:06:01.062Z;functions.enter_coligada;  INSERE O COLIGADA CODE = 1
24-06-2024 15:06:01.170Z;functions.enter_coligada;  APERTA TAB PARA PREENCHER O CAMPO COM A STRING: OCEANICA ENGENHARIA E CONSULTORIA S.A.
24-06-2024 15:06:03.387Z;functions.enter_coligada;  CLICK AVANÇAR NOVAMENTE
24-06-2024 15:06:04.731Z;functions.enter_coligada;  CLICK CONCLUIR
24-06-2024 15:06:25.137Z;functions.waitForImage;  TROCA COLIGADA image not found.
24-06-2024 15:06:48.237Z;functions.enter_coligada;  POP UP COLIGADA DESAPARECER
24-06-2024 15:06:49.231Z;functions.check_movimentacao_bancaria;  CLICK - TOTVS - LINHA RM
24-06-2024 15:06:51.137Z;functions.check_movimentacao_bancaria;  CLICK - BACK OFFICE
24-06-2024 15:06:53.887Z;functions.check_movimentacao_bancaria;  CLICK - GESTAO FINANCEIRA
24-06-2024 15:06:53.887Z;functions.obter_intervalo_data;  VERIFICANDO A HORA ATUAL 15
24-06-2024 15:06:53.911Z;functions.obter_intervalo_data;  Data Inicial PENSAO antes da remoção: None
24-06-2024 15:06:53.911Z;functions.obter_intervalo_data;  Data Final PENSAO antes da remoção: None
24-06-2024 15:06:53.911Z;functions.obter_intervalo_data;  Data Inicial PENSAO após a remoção: None
24-06-2024 15:06:53.919Z;functions.obter_intervalo_data;  Data Final PENSAO após a remoção: None
24-06-2024 15:06:53.919Z;functions.obter_intervalo_data;  hoje -  2024-06-24 15:06:53.919048
24-06-2024 15:06:53.919Z;functions.check_movimentacao_bancaria;  DATA INICIO 26-06-2024
24-06-2024 15:06:53.919Z;functions.check_movimentacao_bancaria;  DATA FIM 02-07-2024
24-06-2024 15:06:53.919Z;functions.movimentacao_bancaria;  AGUARDANDO 1
24-06-2024 15:06:59.950Z;functions.movimentacao_bancaria;  CLICK NA ABA MOVIMENTAÇÃO BANCARIA
24-06-2024 15:07:02.184Z;functions.waitForImage;  IMAGEM BORDERO image found.
24-06-2024 15:07:04.302Z;functions.movimentacao_bancaria;  IMAGEM BORDERO CLICADA.
24-06-2024 15:07:14.684Z;functions.waitForImage;  LICENCAS EXCEDIDAS image not found.
24-06-2024 15:07:17.153Z;functions.waitForImage;  LICENCE SERVER image not found.
24-06-2024 15:07:17.871Z;functions.movimentacao_bancaria;  ENCONTROU O FILTRO DA MOVIMENTAÇÃO BANCÁRIA
24-06-2024 15:07:17.918Z;functions.movimentacao_bancaria;  CLICA NA ABA SUPERIOR DO FILTRO
24-06-2024 15:07:22.129Z;functions.movimentacao_bancaria;  SELECIONA O FILTRO HOJE
24-06-2024 15:07:22.129Z;functions.filter_clean;  FUNÇÃO LIMPA FILTRO
24-06-2024 15:07:27.324Z;functions.waitForImage;  FILTER CLEAN image found.
24-06-2024 15:07:29.458Z;functions.filter_clean;  CLICK NO BOTÃO X DO LIMPA FILTRO
24-06-2024 15:07:29.668Z;functions.waitForImage;  FILTER CLEAN image found.
24-06-2024 15:07:31.801Z;functions.filter_clean;  CLICK NO BOTÃO X DO LIMPA FILTRO
24-06-2024 15:07:47.106Z;functions.waitForImage;  FILTER CLEAN image not found.
24-06-2024 15:07:48.856Z;functions.movimentacao_bancaria;  CLICK NA PRIMEIRA LINHA DA TABELA MOVIMENTAÇÃO BANCÁRIA
24-06-2024 15:07:50.081Z;functions.movimentacao_bancaria;  12 PASSOS PARA DIREITA NA TABELA >>
24-06-2024 15:07:52.434Z;functions.movimentacao_bancaria;  HOVER FILTER
24-06-2024 15:07:53.043Z;functions.movimentacao_bancaria;  CLICK FILTER
24-06-2024 15:07:57.384Z;functions.movimentacao_bancaria;  CLICK NO FILTRO  STATUS DA REMESSA
24-06-2024 15:07:59.487Z;functions.movimentacao_bancaria;  APERTA TAB PARA ESCREVER O FILTRO
24-06-2024 15:08:01.602Z;functions.movimentacao_bancaria;  ESCREVE PENDENTE NO FILTRO
24-06-2024 15:08:03.704Z;functions.movimentacao_bancaria;  APERTA ENTER PARA SELECIONAR OS PENDENTES
24-06-2024 15:08:23.341Z;functions.movimentacao_bancaria;  SEM REGISTROS DE PROCESSO DE BORDERO PENDENTE
24-06-2024 15:08:23.341Z;functions.filter_clean;  FUNÇÃO LIMPA FILTRO
24-06-2024 15:08:23.543Z;functions.waitForImage;  FILTER CLEAN image found.
24-06-2024 15:08:25.676Z;functions.filter_clean;  CLICK NO BOTÃO X DO LIMPA FILTRO
24-06-2024 15:08:40.980Z;functions.waitForImage;  FILTER CLEAN image not found.
24-06-2024 15:08:56.293Z;functions.waitForImage;  FILTER CLEAN image not found.
24-06-2024 15:08:58.293Z;functions.remessa_pagamento;  CLICK NA PRIMEIRA LINHA DA TABELA MOVIMENTAÇÃO BANCÁRIA
24-06-2024 15:09:00.558Z;functions.remessa_pagamento;  HOVER FILTER
24-06-2024 15:09:01.158Z;functions.remessa_pagamento;  CLICK FILTER
24-06-2024 15:09:05.493Z;functions.remessa_pagamento;  CLICK NO FILTRO  STATUS DA REMESSA
24-06-2024 15:09:07.596Z;functions.remessa_pagamento;  APERTA TAB PARA ESCREVER O FILTRO
24-06-2024 15:09:09.715Z;functions.remessa_pagamento;  ESCREVE AUTORIZADO NO FILTRO
24-06-2024 15:09:11.817Z;functions.remessa_pagamento;  APERTA ENTER PARA SELECIONAR OS AUTORIZADOS
24-06-2024 15:09:32.496Z;functions.remessa_pagamento;  SEM REMESSA DE BORDERO AUTORIZADO
24-06-2024 15:09:33.512Z;functions.enter_contas_a_pagar;  CLICK - TOTVS - LINHA RM
24-06-2024 15:09:35.074Z;functions.enter_contas_a_pagar;  CLICK - BACK OFFICE
24-06-2024 15:09:37.824Z;functions.enter_contas_a_pagar;  CLICK - GESTAO FINANCEIRA
24-06-2024 15:09:44.357Z;functions.enter_contas_a_pagar;  CLICK - CONTAS A PAGAR
24-06-2024 15:09:45.277Z;functions.waitForImage;  LANÇAMENTOS image found.
24-06-2024 15:09:47.396Z;functions.enter_contas_a_pagar;  CLICA EM LANÇAMENTOS
24-06-2024 15:10:02.699Z;functions.waitForImage;  LICENCAS EXCEDIDAS image not found.
24-06-2024 15:10:02.699Z;functions.data_filter;  CLICK - SELECIONA A DATA DE QUARTA FEIRA E DA PROXIMA TERÇA
24-06-2024 15:10:02.699Z;functions.data_filter;  QUARTA-FEIRA: 26-06-2024
24-06-2024 15:10:02.699Z;functions.data_filter;  TERCA-FEIRA: 02-07-2024
24-06-2024 15:10:15.136Z;functions.data_filter;  CLICK - BUTÃO DE SELECAO DE FILTRO
24-06-2024 15:10:19.840Z;functions.data_filter;  INSERE - DATA DE QUARTA-FEIRA: 26-06-2024
24-06-2024 15:10:24.304Z;functions.data_filter;  INSERE - DATA DA PROX TERCA-FEIRA: 02-07-2024
24-06-2024 15:10:25.449Z;functions.data_filter;  CLICK - BUTÃO DE EXECUTAR O FILTRO
24-06-2024 15:10:30.454Z;functions.desmark_filter;  AGUARDANDO 1
24-06-2024 15:10:32.917Z;functions.desmark_filter;  CLICK CHECKBOX LANÇAMENTOS A RECEBER
24-06-2024 15:10:35.730Z;functions.desmark_filter;  CLICK CHECKBOX LANÇAMENTOS BAIXADOS
24-06-2024 15:10:38.559Z;functions.desmark_filter;  CLICK CHECKBOX LANÇAMENTOS CANCELADOS
24-06-2024 15:10:41.761Z;functions.desmark_filter;  CLICK CHECKBOX LANÇAMENTOS FATURADOS
24-06-2024 15:10:45.136Z;functions.desmark_filter;  ATUALIZA O FILTRO
24-06-2024 15:10:45.136Z;functions.filter_clean;  FUNÇÃO LIMPA FILTRO
24-06-2024 15:10:45.355Z;functions.waitForImage;  FILTER CLEAN image found.
24-06-2024 15:10:47.467Z;functions.filter_clean;  CLICK NO BOTÃO X DO LIMPA FILTRO
24-06-2024 15:11:02.746Z;functions.waitForImage;  FILTER CLEAN image not found.
24-06-2024 15:11:18.058Z;functions.waitForImage;  FILTER CLEAN image not found.
24-06-2024 15:11:21.871Z;functions.tabela_vazia;  Texto extraido 0/0
24-06-2024 15:11:21.871Z;functions.tabela_vazia;  Count 0
24-06-2024 15:11:21.871Z;functions.tabela_vazia;  Type <class 'int'>
24-06-2024 15:11:23.883Z;functions.tabela_vazia;  SEM REMESSA DE FÉRIAS/RESCISÃO
24-06-2024 15:11:25.884Z;main.<module>;  SEM REMESSA DE PENSÃO
24-06-2024 15:11:29.181Z;errorhandler.__handle;  Property: Unknown Property name. [1:203: -ms-interpolation-mode]
24-06-2024 15:11:29.212Z;errorhandler.__handle;  Property: Unknown Property name. [1:353: -webkit-font-smoothing]
24-06-2024 15:11:29.237Z;errorhandler.__handle;  Property: Unknown Property name. [1:483: -ms-text-size-adjust]
24-06-2024 15:11:29.238Z;errorhandler.__handle;  Property: Unknown Property name. [1:518: -webkit-text-size-adjust]
24-06-2024 15:11:29.240Z;errorhandler.__handle;  Property: Unknown Property name. [1:612: mso-table-lspace]
24-06-2024 15:11:29.241Z;errorhandler.__handle;  Property: Unknown Property name. [1:642: mso-table-rspace]
24-06-2024 15:11:29.478Z;errorhandler.__handle;  Property: Unknown Property name. [1:4734: mso-hide]
24-06-2024 15:11:29.586Z;errorhandler.__handle;  Property: Unknown Property name. [1:13: -ms-interpolation-mode]
24-06-2024 15:11:29.589Z;errorhandler.__handle;  Property: Unknown Property name. [1:49: -webkit-font-smoothing]
24-06-2024 15:11:29.593Z;errorhandler.__handle;  Property: Unknown Property name. [1:134: -ms-text-size-adjust]
24-06-2024 15:11:29.594Z;errorhandler.__handle;  Property: Unknown Property name. [1:160: -webkit-text-size-adjust]
24-06-2024 15:11:29.596Z;errorhandler.__handle;  Property: Unknown Property name. [1:26: mso-table-lspace]
24-06-2024 15:11:29.597Z;errorhandler.__handle;  Property: Unknown Property name. [1:45: mso-table-rspace]
24-06-2024 15:11:29.636Z;errorhandler.__handle;  Property: Unknown Property name. [1:92: mso-hide]
24-06-2024 15:11:29.636Z;errorhandler.__handle;  Property: No ":" after name found: align-center [1:1: align-center]
24-06-2024 15:11:29.636Z;errorhandler.__handle;  Property: No property value found: align-center [1:1: align-center]
24-06-2024 15:11:29.636Z;errorhandler.__handle;  CSSStyleDeclaration: Syntax Error in Property: align-center
24-06-2024 15:11:29.652Z;errorhandler.__handle;  Property: Unknown Property name. [1:14: -ms-interpolation-mode]
24-06-2024 15:11:32.140Z;functions.emailFinalizado;  Warning e-mail sent.
24-06-2024 15:11:32.417Z;functions.encerra_prog;  RM ENCERRADO
