14-04-2024 20:30:12.399Z;functions.bot_text_art;      ____     
14-04-2024 20:30:12.399Z;functions.bot_text_art;     [____]    
14-04-2024 20:30:12.399Z;functions.bot_text_art;   |=]()()[=|  
14-04-2024 20:30:12.399Z;functions.bot_text_art;     _\==/__    _____    ____     _        _____    ___   _  __ 
14-04-2024 20:30:12.399Z;functions.bot_text_art;   |__|   |_|  |  _  \  / ___|   | |      |_   _| / ___| | |/ / 
14-04-2024 20:30:12.399Z;functions.bot_text_art;   |_|_/\_|_|  | |  | | | |      | |        | |   | |    | ' /  
14-04-2024 20:30:12.399Z;functions.bot_text_art;   | | __ | |  | |  | | | |      | |        | |   | |    |  <   
14-04-2024 20:30:12.399Z;functions.bot_text_art;   |_|[  ]|_|  | |__| | | |____  | |____   _| |_  | |__  | . \  
14-04-2024 20:30:12.399Z;functions.bot_text_art;   \_|_||_|_/  |_____/   \_____| |______| |_____| \ ___| |_|\_\ 
14-04-2024 20:30:12.399Z;functions.bot_text_art;     |_||_|    
14-04-2024 20:30:12.399Z;functions.bot_text_art;     | ||_|_   
14-04-2024 20:30:12.399Z;functions.bot_text_art;   |___||___|  
14-04-2024 20:30:12.399Z;functions.bot_text_art;               
14-04-2024 20:30:12.399Z;functions.open_RM;  OPEN PROGRAM RM
14-04-2024 20:30:22.712Z;functions.loggin_RM;  ACHOU O PANE PICTURE
14-04-2024 20:30:23.384Z;functions.loggin_RM;  ENCONTRA USE FIELD
14-04-2024 20:30:23.493Z;functions.loggin_RM;  DUPLO CLICK
14-04-2024 20:30:26.493Z;functions.loggin_RM;  ENTRAR USER_NAME
14-04-2024 20:30:27.164Z;functions.loggin_RM;  ENCONTRA PASS FIELD
14-04-2024 20:30:27.258Z;functions.loggin_RM;  CLICK
14-04-2024 20:30:29.367Z;functions.loggin_RM;  ENTRAR PASSWORD
14-04-2024 20:30:30.087Z;functions.loggin_RM;  ENTRAR RM
14-04-2024 20:31:11.944Z;functions.enter_coligada;  CLICK CONTEXTO
14-04-2024 20:31:16.071Z;functions.enter_coligada;  CLICK ALTERAR MODULO DO CONTEXTO
14-04-2024 20:31:19.469Z;functions.enter_coligada;  INSERE O COLIGADA CODE = 1
14-04-2024 20:31:19.571Z;functions.enter_coligada;  APERTA TAB PARA PREENCHER O CAMPO COM A STRING: OCEANICA ENGENHARIA E CONSULTORIA S.A.
14-04-2024 20:31:21.447Z;functions.enter_coligada;  CLICK AVANÇAR NOVAMENTE
14-04-2024 20:31:22.891Z;functions.enter_coligada;  CLICK CONCLUIR
14-04-2024 20:31:39.337Z;functions.enter_coligada;  POP UP COLIGADA DESAPARECER
14-04-2024 20:31:39.978Z;functions.check_movimentacao_bancaria;  CLICK - TOTVS - LINHA RM
14-04-2024 20:31:41.071Z;functions.check_movimentacao_bancaria;  CLICK - BACK OFFICE
14-04-2024 20:31:41.786Z;functions.check_movimentacao_bancaria;  CLICK - GESTAO FINANCEIRA
14-04-2024 20:31:53.134Z;functions.movimentacao_bancaria;  CLICK NA ABA MOVIMENTAÇÃO BANCARIA
14-04-2024 20:31:55.276Z;functions.waitForImage;  IMAGEM BORDERO image found.
14-04-2024 20:31:57.405Z;functions.movimentacao_bancaria;  IMAGEM BORDERO CLICADA.
14-04-2024 20:32:07.914Z;functions.waitForImage;  LICENCAS EXCEDIDAS image not found.
14-04-2024 20:32:10.543Z;functions.waitForImage;  LICENCE SERVER image not found.
14-04-2024 20:32:11.118Z;functions.movimentacao_bancaria;  ENCONTROU O FILTRO DA MOVIMENTAÇÃO BANCÁRIA
14-04-2024 20:32:11.134Z;functions.movimentacao_bancaria;  CLICA NA ABA SUPERIOR DO FILTRO
14-04-2024 20:32:15.338Z;functions.movimentacao_bancaria;  SELECIONA O FILTRO HOJE
14-04-2024 20:32:15.338Z;functions.filter_clean;  FUNÇÃO LIMPA FILTRO
14-04-2024 20:32:18.594Z;functions.waitForImage;  FILTER CLEAN image found.
14-04-2024 20:32:20.726Z;functions.filter_clean;  CLICK NO BOTÃO X DO LIMPA FILTRO
14-04-2024 20:32:35.735Z;functions.waitForImage;  FILTER CLEAN image not found.
14-04-2024 20:32:50.753Z;functions.waitForImage;  FILTER CLEAN image not found.
14-04-2024 20:32:51.556Z;functions.movimentacao_bancaria;  CLICK NA PRIMEIRA LINHA DA TABELA MOVIMENTAÇÃO BANCÁRIA
14-04-2024 20:32:52.768Z;functions.movimentacao_bancaria;  12 PASSOS PARA DIREITA NA TABELA >>
14-04-2024 20:32:54.290Z;functions.movimentacao_bancaria;  HOVER FILTER
14-04-2024 20:32:54.646Z;functions.movimentacao_bancaria;  CLICK FILTER
14-04-2024 20:32:58.955Z;functions.movimentacao_bancaria;  CLICK NO FILTRO  STATUS DA REMESSA
14-04-2024 20:33:01.056Z;functions.movimentacao_bancaria;  APERTA TAB PARA ESCREVER O FILTRO
14-04-2024 20:33:03.161Z;functions.movimentacao_bancaria;  ESCREVE PENDENTE NO FILTRO
14-04-2024 20:33:05.263Z;functions.movimentacao_bancaria;  APERTA ENTER PARA SELECIONAR OS PENDENTES
14-04-2024 20:33:25.290Z;functions.movimentacao_bancaria;  SEM REGISTROS DE PROCESSO DE BORDERO PENDENTE
14-04-2024 20:33:25.290Z;functions.filter_clean;  FUNÇÃO LIMPA FILTRO
14-04-2024 20:33:25.400Z;functions.waitForImage;  FILTER CLEAN image found.
14-04-2024 20:33:27.531Z;functions.filter_clean;  CLICK NO BOTÃO X DO LIMPA FILTRO
14-04-2024 20:33:43.141Z;functions.waitForImage;  FILTER CLEAN image not found.
14-04-2024 20:33:58.712Z;functions.waitForImage;  FILTER CLEAN image not found.
14-04-2024 20:33:59.556Z;functions.remessa_pagamento;  CLICK NA PRIMEIRA LINHA DA TABELA MOVIMENTAÇÃO BANCÁRIA
14-04-2024 20:34:00.837Z;functions.remessa_pagamento;  HOVER FILTER
14-04-2024 20:34:01.126Z;functions.remessa_pagamento;  CLICK FILTER
14-04-2024 20:34:05.439Z;functions.remessa_pagamento;  CLICK NO FILTRO  STATUS DA REMESSA
14-04-2024 20:34:07.541Z;functions.remessa_pagamento;  APERTA TAB PARA ESCREVER O FILTRO
14-04-2024 20:34:09.647Z;functions.remessa_pagamento;  ESCREVE AUTORIZADO NO FILTRO
14-04-2024 20:34:11.749Z;functions.remessa_pagamento;  APERTA ENTER PARA SELECIONAR OS AUTORIZADOS
14-04-2024 20:34:32.775Z;functions.remessa_pagamento;  SEM REMESSA DE BORDERO AUTORIZADO
14-04-2024 20:34:33.384Z;functions.enter_contas_a_pagar;  CLICK - TOTVS - LINHA RM
14-04-2024 20:34:34.321Z;functions.enter_contas_a_pagar;  CLICK - BACK OFFICE
14-04-2024 20:34:35.024Z;functions.enter_contas_a_pagar;  CLICK - GESTAO FINANCEIRA
14-04-2024 20:34:46.509Z;functions.enter_contas_a_pagar;  CLICK - CONTAS A PAGAR
14-04-2024 20:34:46.630Z;functions.waitForImage;  LANÇAMENTOS image found.
14-04-2024 20:34:48.750Z;functions.enter_contas_a_pagar;  CLICA EM LANÇAMENTOS
14-04-2024 20:35:04.118Z;functions.waitForImage;  LICENCAS EXCEDIDAS image not found.
14-04-2024 20:35:04.118Z;functions.obter_intervalo_data;  VERIFICANDO A HORA ATUAL 20
14-04-2024 20:35:04.134Z;functions.obter_intervalo_data;  Data Inicial PENSAO antes da remoção: None
14-04-2024 20:35:04.134Z;functions.obter_intervalo_data;  Data Final PENSAO antes da remoção: None
14-04-2024 20:35:04.134Z;functions.obter_intervalo_data;  Data Inicial PENSAO após a remoção: None
14-04-2024 20:35:04.134Z;functions.obter_intervalo_data;  Data Final PENSAO após a remoção: None
14-04-2024 20:35:04.134Z;functions.obter_intervalo_data;  hoje -  2024-04-14 20:35:04.134049
14-04-2024 20:35:04.134Z;functions.data_filter;  DATA INICIO 17-04-2024
14-04-2024 20:35:04.134Z;functions.data_filter;  DATA FIM 23-04-2024
14-04-2024 20:35:04.134Z;functions.data_filter;  CLICK - SELECIONA A DATA DE QUARTA FEIRA E DA PROXIMA TERÇA
14-04-2024 20:35:04.134Z;functions.data_filter;  QUARTA-FEIRA: 17-04-2024
14-04-2024 20:35:04.134Z;functions.data_filter;  TERCA-FEIRA: 23-04-2024
14-04-2024 20:35:15.258Z;functions.data_filter;  CLICK - BUTÃO DE SELECAO DE FILTRO
14-04-2024 20:35:19.040Z;functions.data_filter;  INSERE - DATA DE QUARTA-FEIRA: 17-04-2024
14-04-2024 20:35:22.523Z;functions.data_filter;  INSERE - DATA DA PROX TERCA-FEIRA: 23-04-2024
14-04-2024 20:35:23.165Z;functions.data_filter;  CLICK - BUTÃO DE EXECUTAR O FILTRO
14-04-2024 20:35:28.981Z;functions.desmark_filter;  CLICK CHECKBOX LANÇAMENTOS A RECEBER
14-04-2024 20:35:29.797Z;functions.desmark_filter;  CLICK CHECKBOX LANÇAMENTOS BAIXADOS
14-04-2024 20:35:30.665Z;functions.desmark_filter;  CLICK CHECKBOX LANÇAMENTOS CANCELADOS
14-04-2024 20:35:31.571Z;functions.desmark_filter;  CLICK CHECKBOX LANÇAMENTOS FATURADOS
14-04-2024 20:35:32.462Z;functions.desmark_filter;  ATUALIZA O FILTRO
14-04-2024 20:35:32.462Z;functions.filter_clean;  FUNÇÃO LIMPA FILTRO
14-04-2024 20:35:47.493Z;functions.waitForImage;  FILTER CLEAN image not found.
14-04-2024 20:36:03.118Z;functions.waitForImage;  FILTER CLEAN image not found.
14-04-2024 20:36:18.202Z;functions.waitForImage;  FILTER CLEAN image not found.
14-04-2024 20:36:19.166Z;functions.tabela_vazia;  Texto extraido 0/0
14-04-2024 20:36:19.166Z;functions.tabela_vazia;  Count 0
14-04-2024 20:36:19.166Z;functions.tabela_vazia;  Type <class 'int'>
14-04-2024 20:36:21.175Z;functions.tabela_vazia;  SEM REMESSA DE FÉRIAS/RESCISÃO
14-04-2024 20:36:23.176Z;main.<module>;  SEM REMESSA DE PENSÃO
14-04-2024 20:36:24.915Z;errorhandler.__handle;  Property: Unknown Property name. [1:203: -ms-interpolation-mode]
14-04-2024 20:36:24.915Z;errorhandler.__handle;  Property: Unknown Property name. [1:353: -webkit-font-smoothing]
14-04-2024 20:36:24.931Z;errorhandler.__handle;  Property: Unknown Property name. [1:483: -ms-text-size-adjust]
14-04-2024 20:36:24.931Z;errorhandler.__handle;  Property: Unknown Property name. [1:518: -webkit-text-size-adjust]
14-04-2024 20:36:24.931Z;errorhandler.__handle;  Property: Unknown Property name. [1:612: mso-table-lspace]
14-04-2024 20:36:24.931Z;errorhandler.__handle;  Property: Unknown Property name. [1:642: mso-table-rspace]
14-04-2024 20:36:24.982Z;errorhandler.__handle;  Property: Unknown Property name. [1:4734: mso-hide]
14-04-2024 20:36:24.994Z;errorhandler.__handle;  Property: Unknown Property name. [1:13: -ms-interpolation-mode]
14-04-2024 20:36:25.009Z;errorhandler.__handle;  Property: Unknown Property name. [1:49: -webkit-font-smoothing]
14-04-2024 20:36:25.009Z;errorhandler.__handle;  Property: Unknown Property name. [1:134: -ms-text-size-adjust]
14-04-2024 20:36:25.009Z;errorhandler.__handle;  Property: Unknown Property name. [1:160: -webkit-text-size-adjust]
14-04-2024 20:36:25.009Z;errorhandler.__handle;  Property: Unknown Property name. [1:26: mso-table-lspace]
14-04-2024 20:36:25.009Z;errorhandler.__handle;  Property: Unknown Property name. [1:45: mso-table-rspace]
14-04-2024 20:36:25.009Z;errorhandler.__handle;  Property: Unknown Property name. [1:92: mso-hide]
14-04-2024 20:36:25.025Z;errorhandler.__handle;  Property: No ":" after name found: align-center [1:1: align-center]
14-04-2024 20:36:25.025Z;errorhandler.__handle;  Property: No property value found: align-center [1:1: align-center]
14-04-2024 20:36:25.025Z;errorhandler.__handle;  CSSStyleDeclaration: Syntax Error in Property: align-center
14-04-2024 20:36:25.025Z;errorhandler.__handle;  Property: Unknown Property name. [1:14: -ms-interpolation-mode]
14-04-2024 20:36:27.556Z;functions.emailFinalizado;  Warning e-mail sent.
14-04-2024 20:36:27.634Z;functions.encerra_prog;  RM ENCERRADO
