24-05-2024 06:30:37.512Z;functions.bot_text_art;      ____     
24-05-2024 06:30:37.512Z;functions.bot_text_art;     [____]    
24-05-2024 06:30:37.512Z;functions.bot_text_art;   |=]()()[=|  
24-05-2024 06:30:37.512Z;functions.bot_text_art;     _\==/__    _____    ____     _        _____    ___   _  __ 
24-05-2024 06:30:37.512Z;functions.bot_text_art;   |__|   |_|  |  _  \  / ___|   | |      |_   _| / ___| | |/ / 
24-05-2024 06:30:37.512Z;functions.bot_text_art;   |_|_/\_|_|  | |  | | | |      | |        | |   | |    | ' /  
24-05-2024 06:30:37.512Z;functions.bot_text_art;   | | __ | |  | |  | | | |      | |        | |   | |    |  <   
24-05-2024 06:30:37.512Z;functions.bot_text_art;   |_|[  ]|_|  | |__| | | |____  | |____   _| |_  | |__  | . \  
24-05-2024 06:30:37.512Z;functions.bot_text_art;   \_|_||_|_/  |_____/   \_____| |______| |_____| \ ___| |_|\_\ 
24-05-2024 06:30:37.512Z;functions.bot_text_art;     |_||_|    
24-05-2024 06:30:37.512Z;functions.bot_text_art;     | ||_|_   
24-05-2024 06:30:37.512Z;functions.bot_text_art;   |___||___|  
24-05-2024 06:30:37.512Z;functions.bot_text_art;               
24-05-2024 06:30:38.200Z;functions.open_RM;  OPEN PROGRAM RM
24-05-2024 06:30:55.702Z;functions.loggin_RM;  ACHOU O PANE PICTURE
24-05-2024 06:30:56.829Z;functions.loggin_RM;  ENCONTRA USE FIELD
24-05-2024 06:30:57.643Z;functions.loggin_RM;  DUPLO CLICK
24-05-2024 06:31:04.703Z;functions.show_exception_and_exit;  Failed to set focus.
Traceback (most recent call last):
  File "C:\Projetos_Remessas\Remessa_Pensao\main.py", line 13, in <module>
    loggin_RM()
  File "C:\Projetos_Remessas\Remessa_Pensao\SUBPROGRAMS\functions.py", line 90, in loggin_RM
    user_rm.send_hotkey(f'{user}')
  File "C:\Projetos_Remessas\Remessa_Pensao\venv\Lib\site-packages\clicknium\core\service\invokerservice.py", line 157, in wrapper
    raise exception;
    ^^^^^^^^^^^^^^^
clicknium.common.models.exceptions.WindowError: Failed to set focus.
