08-07-2024 23:30:51.290Z;functions.bot_text_art;      ____     
08-07-2024 23:30:51.290Z;functions.bot_text_art;     [____]    
08-07-2024 23:30:51.290Z;functions.bot_text_art;   |=]()()[=|  
08-07-2024 23:30:51.290Z;functions.bot_text_art;     _\==/__    _____    ____     _        _____    ___   _  __ 
08-07-2024 23:30:51.290Z;functions.bot_text_art;   |__|   |_|  |  _  \  / ___|   | |      |_   _| / ___| | |/ / 
08-07-2024 23:30:51.290Z;functions.bot_text_art;   |_|_/\_|_|  | |  | | | |      | |        | |   | |    | ' /  
08-07-2024 23:30:51.290Z;functions.bot_text_art;   | | __ | |  | |  | | | |      | |        | |   | |    |  <   
08-07-2024 23:30:51.290Z;functions.bot_text_art;   |_|[  ]|_|  | |__| | | |____  | |____   _| |_  | |__  | . \  
08-07-2024 23:30:51.290Z;functions.bot_text_art;   \_|_||_|_/  |_____/   \_____| |______| |_____| \ ___| |_|\_\ 
08-07-2024 23:30:51.306Z;functions.bot_text_art;     |_||_|    
08-07-2024 23:30:51.306Z;functions.bot_text_art;     | ||_|_   
08-07-2024 23:30:51.306Z;functions.bot_text_art;   |___||___|  
08-07-2024 23:30:51.306Z;functions.bot_text_art;               
08-07-2024 23:30:51.306Z;functions.open_RM;  OPEN PROGRAM RM
08-07-2024 23:31:08.493Z;functions.loggin_RM;  ACHOU O PANE PICTURE
08-07-2024 23:31:09.727Z;functions.loggin_RM;  ENCONTRA USE FIELD
08-07-2024 23:31:10.118Z;functions.loggin_RM;  DUPLO CLICK
08-07-2024 23:31:13.915Z;functions.loggin_RM;  ENTRAR USER_NAME
08-07-2024 23:31:15.243Z;functions.loggin_RM;  ENCONTRA PASS FIELD
08-07-2024 23:31:15.493Z;functions.loggin_RM;  CLICK
08-07-2024 23:31:17.624Z;functions.loggin_RM;  ENTRAR PASSWORD
08-07-2024 23:31:19.237Z;functions.loggin_RM;  ENTRAR RM
08-07-2024 23:32:04.743Z;functions.loggin_RM;  FILTRO 1 NÃO ENCONTRADO DE INICIO
08-07-2024 23:32:35.821Z;functions.loggin_RM;  FILTRO 2 NÃO ENCONTRADO DE INICIO
08-07-2024 23:33:07.344Z;functions.loggin_RM;  FILTRO 1 NÃO ENCONTRADO DE INICIO
08-07-2024 23:33:38.215Z;functions.loggin_RM;  FILTRO 2 NÃO ENCONTRADO DE INICIO
08-07-2024 23:34:10.102Z;functions.loggin_RM;  FILTRO 1 NÃO ENCONTRADO DE INICIO
08-07-2024 23:34:41.027Z;functions.loggin_RM;  FILTRO 2 NÃO ENCONTRADO DE INICIO
08-07-2024 23:34:41.027Z;functions.enter_coligada;  AGUARDANDO 1
08-07-2024 23:37:12.688Z;functions.enter_coligada;  apertou up
08-07-2024 23:37:12.688Z;functions.enter_coligada;  AGUARDANDO 2
08-07-2024 23:39:46.234Z;functions.enter_coligada;  apertou up
08-07-2024 23:39:46.234Z;functions.enter_coligada;  AGUARDANDO 3
08-07-2024 23:42:19.906Z;functions.enter_coligada;  apertou up
08-07-2024 23:42:19.906Z;functions.enter_coligada;  AGUARDANDO 4
08-07-2024 23:44:53.562Z;functions.enter_coligada;  apertou up
08-07-2024 23:44:53.562Z;functions.enter_coligada;  AGUARDANDO 5
08-07-2024 23:47:27.060Z;functions.enter_coligada;  apertou up
08-07-2024 23:47:27.060Z;functions.enter_coligada;  AGUARDANDO 6
08-07-2024 23:50:00.904Z;functions.enter_coligada;  apertou up
08-07-2024 23:50:00.904Z;functions.enter_coligada;  AGUARDANDO 7
08-07-2024 23:52:34.701Z;functions.enter_coligada;  apertou up
08-07-2024 23:52:52.145Z;functions.show_exception_and_exit;  'NoneType' object has no attribute 'click'
Traceback (most recent call last):
  File "C:\Projetos_Remessas\Remessa_Pensao\main.py", line 14, in <module>
    enter_coligada()
  File "C:\Projetos_Remessas\Remessa_Pensao\SUBPROGRAMS\functions.py", line 174, in enter_coligada
    click_alterar_contexto.click()
    ^^^^^^^^^^^^^^^^^^^^^^^^^^^^
AttributeError: 'NoneType' object has no attribute 'click'
08-07-2024 23:52:52.723Z;functions.show_exception_and_exit;  RM FECHADO
08-07-2024 23:52:55.942Z;errorhandler.__handle;  Property: Unknown Property name. [1:203: -ms-interpolation-mode]
08-07-2024 23:52:55.988Z;errorhandler.__handle;  Property: Unknown Property name. [1:353: -webkit-font-smoothing]
08-07-2024 23:52:56.004Z;errorhandler.__handle;  Property: Unknown Property name. [1:483: -ms-text-size-adjust]
08-07-2024 23:52:56.004Z;errorhandler.__handle;  Property: Unknown Property name. [1:518: -webkit-text-size-adjust]
08-07-2024 23:52:56.004Z;errorhandler.__handle;  Property: Unknown Property name. [1:612: mso-table-lspace]
08-07-2024 23:52:56.004Z;errorhandler.__handle;  Property: Unknown Property name. [1:642: mso-table-rspace]
08-07-2024 23:52:56.239Z;errorhandler.__handle;  Property: Unknown Property name. [1:4734: mso-hide]
08-07-2024 23:52:56.317Z;errorhandler.__handle;  Property: Unknown Property name. [1:13: -ms-interpolation-mode]
08-07-2024 23:52:56.317Z;errorhandler.__handle;  Property: Unknown Property name. [1:49: -webkit-font-smoothing]
08-07-2024 23:52:56.332Z;errorhandler.__handle;  Property: Unknown Property name. [1:134: -ms-text-size-adjust]
08-07-2024 23:52:56.332Z;errorhandler.__handle;  Property: Unknown Property name. [1:160: -webkit-text-size-adjust]
08-07-2024 23:52:56.332Z;errorhandler.__handle;  Property: Unknown Property name. [1:26: mso-table-lspace]
08-07-2024 23:52:56.332Z;errorhandler.__handle;  Property: Unknown Property name. [1:45: mso-table-rspace]
08-07-2024 23:52:56.348Z;errorhandler.__handle;  Property: Unknown Property name. [1:92: mso-hide]
08-07-2024 23:52:56.364Z;errorhandler.__handle;  Property: No ":" after name found: align-center [1:1: align-center]
08-07-2024 23:52:56.364Z;errorhandler.__handle;  Property: No property value found: align-center [1:1: align-center]
08-07-2024 23:52:56.364Z;errorhandler.__handle;  CSSStyleDeclaration: Syntax Error in Property: align-center
08-07-2024 23:52:56.364Z;errorhandler.__handle;  Property: Unknown Property name. [1:14: -ms-interpolation-mode]
08-07-2024 23:52:58.933Z;functions.show_exception_and_exit;  EMAIL EXCEÇÃO ENVIADO
08-07-2024 23:52:58.933Z;functions.show_exception_and_exit;  ERRO - <class 'AttributeError'> / 'NoneType' object has no attribute 'click'
