09-01-2024 14:31:41.382Z;functions.bot_text_art;      ____     
09-01-2024 14:31:41.383Z;functions.bot_text_art;     [____]    
09-01-2024 14:31:41.383Z;functions.bot_text_art;   |=]()()[=|  
09-01-2024 14:31:41.383Z;functions.bot_text_art;     _\==/__    _____    ____     _        _____    ___   _  __ 
09-01-2024 14:31:41.383Z;functions.bot_text_art;   |__|   |_|  |  _  \  / ___|   | |      |_   _| / ___| | |/ / 
09-01-2024 14:31:41.383Z;functions.bot_text_art;   |_|_/\_|_|  | |  | | | |      | |        | |   | |    | ' /  
09-01-2024 14:31:41.383Z;functions.bot_text_art;   | | __ | |  | |  | | | |      | |        | |   | |    |  <   
09-01-2024 14:31:41.383Z;functions.bot_text_art;   |_|[  ]|_|  | |__| | | |____  | |____   _| |_  | |__  | . \  
09-01-2024 14:31:41.384Z;functions.bot_text_art;   \_|_||_|_/  |_____/   \_____| |______| |_____| \ ___| |_|\_\ 
09-01-2024 14:31:41.384Z;functions.bot_text_art;     |_||_|    
09-01-2024 14:31:41.384Z;functions.bot_text_art;     | ||_|_   
09-01-2024 14:31:41.384Z;functions.bot_text_art;   |___||___|  
09-01-2024 14:31:41.384Z;functions.bot_text_art;               
09-01-2024 14:31:41.387Z;functions.open_RM;  OPEN PROGRAM RM
09-01-2024 14:31:47.806Z;functions.show_exception_and_exit;  Failed to set focus.
Traceback (most recent call last):
  File "C:\Projetos_Remessas\Remessa_Pensao\main.py", line 12, in <module>
    loggin_RM()
  File "C:\Projetos_Remessas\Remessa_Pensao\SUBPROGRAMS\functions.py", line 63, in loggin_RM
    user_rm.send_hotkey(f'{user}')
  File "C:\Projetos_Remessas\Remessa_Pensao\venv\Lib\site-packages\clicknium\core\service\invokerservice.py", line 157, in wrapper
    raise exception;
    ^^^^^^^^^^^^^^^
clicknium.common.models.exceptions.WindowError: Failed to set focus.
