27-03-2024 15:35:27.960Z;functions.bot_text_art;      ____     
27-03-2024 15:35:27.960Z;functions.bot_text_art;     [____]    
27-03-2024 15:35:27.960Z;functions.bot_text_art;   |=]()()[=|  
27-03-2024 15:35:27.960Z;functions.bot_text_art;     _\==/__    _____    ____     _        _____    ___   _  __ 
27-03-2024 15:35:27.960Z;functions.bot_text_art;   |__|   |_|  |  _  \  / ___|   | |      |_   _| / ___| | |/ / 
27-03-2024 15:35:27.960Z;functions.bot_text_art;   |_|_/\_|_|  | |  | | | |      | |        | |   | |    | ' /  
27-03-2024 15:35:27.960Z;functions.bot_text_art;   | | __ | |  | |  | | | |      | |        | |   | |    |  <   
27-03-2024 15:35:27.960Z;functions.bot_text_art;   |_|[  ]|_|  | |__| | | |____  | |____   _| |_  | |__  | . \  
27-03-2024 15:35:27.960Z;functions.bot_text_art;   \_|_||_|_/  |_____/   \_____| |______| |_____| \ ___| |_|\_\ 
27-03-2024 15:35:27.960Z;functions.bot_text_art;     |_||_|    
27-03-2024 15:35:27.960Z;functions.bot_text_art;     | ||_|_   
27-03-2024 15:35:27.960Z;functions.bot_text_art;   |___||___|  
27-03-2024 15:35:27.960Z;functions.bot_text_art;               
27-03-2024 15:35:27.975Z;functions.open_RM;  OPEN PROGRAM RM
27-03-2024 15:35:37.319Z;functions.loggin_RM;  ACHOU O PANE PICTURE
27-03-2024 15:35:38.288Z;functions.loggin_RM;  ENCONTRA USE FIELD
27-03-2024 15:35:38.678Z;functions.loggin_RM;  DUPLO CLICK
27-03-2024 15:35:42.209Z;functions.loggin_RM;  ENTRAR USER_NAME
27-03-2024 15:35:43.195Z;functions.loggin_RM;  ENCONTRA PASS FIELD
27-03-2024 15:35:43.444Z;functions.loggin_RM;  CLICK
27-03-2024 15:35:45.568Z;functions.loggin_RM;  ENTRAR PASSWORD
27-03-2024 15:35:46.742Z;functions.loggin_RM;  ENTRAR RM
27-03-2024 15:36:16.100Z;functions.enter_coligada;  CLICK CONTEXTO
27-03-2024 15:36:20.725Z;functions.enter_coligada;  CLICK ALTERAR MODULO DO CONTEXTO
27-03-2024 15:36:24.006Z;functions.enter_coligada;  INSERE O COLIGADA CODE = 1
27-03-2024 15:36:24.121Z;functions.enter_coligada;  APERTA TAB PARA PREENCHER O CAMPO COM A STRING: OCEANICA ENGENHARIA E CONSULTORIA S.A.
27-03-2024 15:36:25.288Z;functions.enter_coligada;  CLICK AVANÇAR NOVAMENTE
27-03-2024 15:36:26.444Z;functions.enter_coligada;  CLICK CONCLUIR
27-03-2024 15:36:49.256Z;functions.enter_coligada;  POP UP COLIGADA DESAPARECER
27-03-2024 15:36:50.069Z;functions.check_movimentacao_bancaria;  CLICK - TOTVS - LINHA RM
27-03-2024 15:36:51.662Z;functions.check_movimentacao_bancaria;  CLICK - BACK OFFICE
27-03-2024 15:36:54.381Z;functions.check_movimentacao_bancaria;  CLICK - GESTAO FINANCEIRA
27-03-2024 15:37:00.725Z;functions.movimentacao_bancaria;  CLICK NA ABA MOVIMENTAÇÃO BANCARIA
27-03-2024 15:37:03.272Z;functions.waitForImage;  IMAGEM BORDERO image found.
27-03-2024 15:37:05.390Z;functions.movimentacao_bancaria;  IMAGEM BORDERO CLICADA.
27-03-2024 15:37:16.412Z;functions.waitForImage;  LICENCAS EXCEDIDAS image not found.
27-03-2024 15:37:18.678Z;functions.waitForImage;  LICENCE SERVER image not found.
27-03-2024 15:37:19.350Z;functions.movimentacao_bancaria;  ENCONTROU O FILTRO DA MOVIMENTAÇÃO BANCÁRIA
27-03-2024 15:37:19.381Z;functions.movimentacao_bancaria;  CLICA NA ABA SUPERIOR DO FILTRO
27-03-2024 15:37:23.593Z;functions.movimentacao_bancaria;  SELECIONA O FILTRO HOJE
27-03-2024 15:37:23.607Z;functions.filter_clean;  FUNÇÃO LIMPA FILTRO
27-03-2024 15:37:27.194Z;functions.waitForImage;  FILTER CLEAN image found.
27-03-2024 15:37:29.328Z;functions.filter_clean;  CLICK NO BOTÃO X DO LIMPA FILTRO
27-03-2024 15:37:44.624Z;functions.waitForImage;  FILTER CLEAN image not found.
27-03-2024 15:37:59.928Z;functions.waitForImage;  FILTER CLEAN image not found.
27-03-2024 15:38:01.350Z;functions.movimentacao_bancaria;  CLICK NA PRIMEIRA LINHA DA TABELA MOVIMENTAÇÃO BANCÁRIA
27-03-2024 15:38:02.578Z;functions.movimentacao_bancaria;  12 PASSOS PARA DIREITA NA TABELA >>
27-03-2024 15:38:04.491Z;functions.movimentacao_bancaria;  HOVER FILTER
27-03-2024 15:38:04.946Z;functions.movimentacao_bancaria;  CLICK FILTER
27-03-2024 15:38:09.283Z;functions.movimentacao_bancaria;  CLICK NO FILTRO  STATUS DA REMESSA
27-03-2024 15:38:11.386Z;functions.movimentacao_bancaria;  APERTA TAB PARA ESCREVER O FILTRO
27-03-2024 15:38:13.500Z;functions.movimentacao_bancaria;  ESCREVE PENDENTE NO FILTRO
27-03-2024 15:38:15.603Z;functions.movimentacao_bancaria;  APERTA ENTER PARA SELECIONAR OS PENDENTES
27-03-2024 15:38:37.163Z;functions.movimentacao_bancaria;  SEM REGISTROS DE PROCESSO DE BORDERO PENDENTE
27-03-2024 15:38:37.164Z;functions.filter_clean;  FUNÇÃO LIMPA FILTRO
27-03-2024 15:38:37.569Z;functions.waitForImage;  FILTER CLEAN image found.
27-03-2024 15:38:39.703Z;functions.filter_clean;  CLICK NO BOTÃO X DO LIMPA FILTRO
27-03-2024 15:38:54.834Z;functions.waitForImage;  FILTER CLEAN image not found.
27-03-2024 15:39:10.022Z;functions.waitForImage;  FILTER CLEAN image not found.
27-03-2024 15:39:11.600Z;functions.remessa_pagamento;  CLICK NA PRIMEIRA LINHA DA TABELA MOVIMENTAÇÃO BANCÁRIA
27-03-2024 15:39:13.522Z;functions.remessa_pagamento;  HOVER FILTER
27-03-2024 15:39:13.998Z;functions.remessa_pagamento;  CLICK FILTER
27-03-2024 15:39:18.330Z;functions.remessa_pagamento;  CLICK NO FILTRO  STATUS DA REMESSA
27-03-2024 15:39:20.433Z;functions.remessa_pagamento;  APERTA TAB PARA ESCREVER O FILTRO
27-03-2024 15:39:22.549Z;functions.remessa_pagamento;  ESCREVE AUTORIZADO NO FILTRO
27-03-2024 15:39:24.651Z;functions.remessa_pagamento;  APERTA ENTER PARA SELECIONAR OS AUTORIZADOS
27-03-2024 15:39:47.022Z;functions.remessa_pagamento;  SEM REMESSA DE BORDERO AUTORIZADO
27-03-2024 15:39:47.850Z;functions.enter_contas_a_pagar;  CLICK - TOTVS - LINHA RM
27-03-2024 15:39:49.194Z;functions.enter_contas_a_pagar;  CLICK - BACK OFFICE
27-03-2024 15:39:51.850Z;functions.enter_contas_a_pagar;  CLICK - GESTAO FINANCEIRA
27-03-2024 15:39:58.350Z;functions.enter_contas_a_pagar;  CLICK - CONTAS A PAGAR
27-03-2024 15:39:59.741Z;functions.waitForImage;  LANÇAMENTOS image found.
27-03-2024 15:40:01.857Z;functions.enter_contas_a_pagar;  CLICA EM LANÇAMENTOS
27-03-2024 15:40:17.170Z;functions.waitForImage;  LICENCAS EXCEDIDAS image not found.
27-03-2024 15:40:17.170Z;functions.obter_intervalo_data;  VERIFICANDO A HORA ATUAL 15
27-03-2024 15:40:17.176Z;functions.obter_intervalo_data;  Data Inicial PENSAO antes da remoção: None
27-03-2024 15:40:17.176Z;functions.obter_intervalo_data;  Data Final PENSAO antes da remoção: None
27-03-2024 15:40:17.178Z;functions.obter_intervalo_data;  Data Inicial PENSAO após a remoção: None
27-03-2024 15:40:17.179Z;functions.obter_intervalo_data;  Data Final PENSAO após a remoção: None
27-03-2024 15:40:17.179Z;functions.obter_intervalo_data;  hoje -  2024-03-27 15:40:17.179124
27-03-2024 15:40:17.180Z;functions.data_filter;  DATA INICIO 03-04-2024
27-03-2024 15:40:17.180Z;functions.data_filter;  DATA FIM 09-04-2024
27-03-2024 15:40:17.181Z;functions.data_filter;  CLICK - SELECIONA A DATA DE QUARTA FEIRA E DA PROXIMA TERÇA
27-03-2024 15:40:17.181Z;functions.data_filter;  QUARTA-FEIRA: 03-04-2024
27-03-2024 15:40:17.181Z;functions.data_filter;  TERCA-FEIRA: 09-04-2024
27-03-2024 15:40:29.011Z;functions.data_filter;  CLICK - BUTÃO DE SELECAO DE FILTRO
27-03-2024 15:40:33.350Z;functions.data_filter;  INSERE - DATA DE QUARTA-FEIRA: 03-04-2024
27-03-2024 15:40:37.303Z;functions.data_filter;  INSERE - DATA DA PROX TERCA-FEIRA: 09-04-2024
27-03-2024 15:40:38.225Z;functions.data_filter;  CLICK - BUTÃO DE EXECUTAR O FILTRO
27-03-2024 15:40:44.818Z;functions.desmark_filter;  CLICK CHECKBOX LANÇAMENTOS A RECEBER
27-03-2024 15:40:46.537Z;functions.desmark_filter;  CLICK CHECKBOX LANÇAMENTOS BAIXADOS
27-03-2024 15:40:48.850Z;functions.desmark_filter;  CLICK CHECKBOX LANÇAMENTOS CANCELADOS
27-03-2024 15:40:50.978Z;functions.desmark_filter;  CLICK CHECKBOX LANÇAMENTOS FATURADOS
27-03-2024 15:40:53.196Z;functions.desmark_filter;  ATUALIZA O FILTRO
27-03-2024 15:40:53.197Z;functions.filter_clean;  FUNÇÃO LIMPA FILTRO
27-03-2024 15:40:53.600Z;functions.waitForImage;  FILTER CLEAN image found.
27-03-2024 15:40:55.706Z;functions.filter_clean;  CLICK NO BOTÃO X DO LIMPA FILTRO
27-03-2024 15:41:11.506Z;functions.waitForImage;  FILTER CLEAN image not found.
27-03-2024 15:41:27.256Z;functions.waitForImage;  FILTER CLEAN image not found.
27-03-2024 15:41:29.491Z;functions.tabela_vazia;  Texto extraido 0/0
27-03-2024 15:41:29.491Z;functions.tabela_vazia;  Count 0
27-03-2024 15:41:29.491Z;functions.tabela_vazia;  Type <class 'int'>
27-03-2024 15:41:31.504Z;functions.tabela_vazia;  SEM REMESSA DE FÉRIAS/RESCISÃO
27-03-2024 15:41:33.505Z;main.<module>;  SEM REMESSA DE PENSÃO
27-03-2024 15:41:39.944Z;errorhandler.__handle;  Property: Unknown Property name. [1:203: -ms-interpolation-mode]
27-03-2024 15:41:39.975Z;errorhandler.__handle;  Property: Unknown Property name. [1:353: -webkit-font-smoothing]
27-03-2024 15:41:39.990Z;errorhandler.__handle;  Property: Unknown Property name. [1:483: -ms-text-size-adjust]
27-03-2024 15:41:39.990Z;errorhandler.__handle;  Property: Unknown Property name. [1:518: -webkit-text-size-adjust]
27-03-2024 15:41:40.006Z;errorhandler.__handle;  Property: Unknown Property name. [1:612: mso-table-lspace]
27-03-2024 15:41:40.006Z;errorhandler.__handle;  Property: Unknown Property name. [1:642: mso-table-rspace]
27-03-2024 15:41:40.256Z;errorhandler.__handle;  Property: Unknown Property name. [1:4734: mso-hide]
27-03-2024 15:41:40.366Z;errorhandler.__handle;  Property: Unknown Property name. [1:13: -ms-interpolation-mode]
27-03-2024 15:41:40.366Z;errorhandler.__handle;  Property: Unknown Property name. [1:49: -webkit-font-smoothing]
27-03-2024 15:41:40.366Z;errorhandler.__handle;  Property: Unknown Property name. [1:134: -ms-text-size-adjust]
27-03-2024 15:41:40.366Z;errorhandler.__handle;  Property: Unknown Property name. [1:160: -webkit-text-size-adjust]
27-03-2024 15:41:40.381Z;errorhandler.__handle;  Property: Unknown Property name. [1:26: mso-table-lspace]
27-03-2024 15:41:40.381Z;errorhandler.__handle;  Property: Unknown Property name. [1:45: mso-table-rspace]
27-03-2024 15:41:40.412Z;errorhandler.__handle;  Property: Unknown Property name. [1:92: mso-hide]
27-03-2024 15:41:40.428Z;errorhandler.__handle;  Property: No ":" after name found: align-center [1:1: align-center]
27-03-2024 15:41:40.428Z;errorhandler.__handle;  Property: No property value found: align-center [1:1: align-center]
27-03-2024 15:41:40.428Z;errorhandler.__handle;  CSSStyleDeclaration: Syntax Error in Property: align-center
27-03-2024 15:41:40.428Z;errorhandler.__handle;  Property: Unknown Property name. [1:14: -ms-interpolation-mode]
27-03-2024 15:41:42.834Z;functions.emailFinalizado;  Warning e-mail sent.
27-03-2024 15:41:43.135Z;functions.encerra_prog;  RM ENCERRADO
