27-03-2024 20:30:19.913Z;functions.bot_text_art;      ____     
27-03-2024 20:30:19.913Z;functions.bot_text_art;     [____]    
27-03-2024 20:30:19.913Z;functions.bot_text_art;   |=]()()[=|  
27-03-2024 20:30:19.913Z;functions.bot_text_art;     _\==/__    _____    ____     _        _____    ___   _  __ 
27-03-2024 20:30:19.913Z;functions.bot_text_art;   |__|   |_|  |  _  \  / ___|   | |      |_   _| / ___| | |/ / 
27-03-2024 20:30:19.913Z;functions.bot_text_art;   |_|_/\_|_|  | |  | | | |      | |        | |   | |    | ' /  
27-03-2024 20:30:19.913Z;functions.bot_text_art;   | | __ | |  | |  | | | |      | |        | |   | |    |  <   
27-03-2024 20:30:19.913Z;functions.bot_text_art;   |_|[  ]|_|  | |__| | | |____  | |____   _| |_  | |__  | . \  
27-03-2024 20:30:19.913Z;functions.bot_text_art;   \_|_||_|_/  |_____/   \_____| |______| |_____| \ ___| |_|\_\ 
27-03-2024 20:30:19.929Z;functions.bot_text_art;     |_||_|    
27-03-2024 20:30:19.929Z;functions.bot_text_art;     | ||_|_   
27-03-2024 20:30:19.929Z;functions.bot_text_art;   |___||___|  
27-03-2024 20:30:19.929Z;functions.bot_text_art;               
27-03-2024 20:30:19.929Z;functions.open_RM;  OPEN PROGRAM RM
27-03-2024 20:30:44.210Z;functions.loggin_RM;  ACHOU O PANE PICTURE
27-03-2024 20:30:45.195Z;functions.loggin_RM;  ENCONTRA USE FIELD
27-03-2024 20:30:45.452Z;functions.loggin_RM;  DUPLO CLICK
27-03-2024 20:30:49.022Z;functions.loggin_RM;  ENTRAR USER_NAME
27-03-2024 20:30:50.116Z;functions.loggin_RM;  ENCONTRA PASS FIELD
27-03-2024 20:30:50.350Z;functions.loggin_RM;  CLICK
27-03-2024 20:30:52.475Z;functions.loggin_RM;  ENTRAR PASSWORD
27-03-2024 20:30:53.663Z;functions.loggin_RM;  ENTRAR RM
27-03-2024 20:32:23.350Z;functions.enter_coligada;  CLICK CONTEXTO
27-03-2024 20:32:27.850Z;functions.enter_coligada;  CLICK ALTERAR MODULO DO CONTEXTO
27-03-2024 20:32:31.583Z;functions.enter_coligada;  INSERE O COLIGADA CODE = 1
27-03-2024 20:32:31.692Z;functions.enter_coligada;  APERTA TAB PARA PREENCHER O CAMPO COM A STRING: OCEANICA ENGENHARIA E CONSULTORIA S.A.
27-03-2024 20:32:33.038Z;functions.enter_coligada;  CLICK AVANÇAR NOVAMENTE
27-03-2024 20:32:34.291Z;functions.enter_coligada;  CLICK CONCLUIR
27-03-2024 20:32:58.836Z;functions.enter_coligada;  POP UP COLIGADA DESAPARECER
27-03-2024 20:32:59.663Z;functions.check_movimentacao_bancaria;  CLICK - TOTVS - LINHA RM
27-03-2024 20:33:01.391Z;functions.check_movimentacao_bancaria;  CLICK - BACK OFFICE
27-03-2024 20:33:04.038Z;functions.check_movimentacao_bancaria;  CLICK - GESTAO FINANCEIRA
27-03-2024 20:33:15.569Z;functions.movimentacao_bancaria;  CLICK NA ABA MOVIMENTAÇÃO BANCARIA
27-03-2024 20:33:18.054Z;functions.waitForImage;  IMAGEM BORDERO image found.
27-03-2024 20:33:20.172Z;functions.movimentacao_bancaria;  IMAGEM BORDERO CLICADA.
27-03-2024 20:33:30.569Z;functions.waitForImage;  LICENCAS EXCEDIDAS image not found.
27-03-2024 20:33:32.929Z;functions.waitForImage;  LICENCE SERVER image not found.
27-03-2024 20:33:45.320Z;functions.movimentacao_bancaria;  ENCONTROU O FILTRO DA MOVIMENTAÇÃO BANCÁRIA
27-03-2024 20:33:45.351Z;functions.movimentacao_bancaria;  CLICA NA ABA SUPERIOR DO FILTRO
27-03-2024 20:33:49.561Z;functions.movimentacao_bancaria;  SELECIONA O FILTRO HOJE
27-03-2024 20:33:49.561Z;functions.filter_clean;  FUNÇÃO LIMPA FILTRO
27-03-2024 20:34:01.804Z;functions.waitForImage;  FILTER CLEAN image found.
27-03-2024 20:34:03.924Z;functions.filter_clean;  CLICK NO BOTÃO X DO LIMPA FILTRO
27-03-2024 20:34:19.039Z;functions.waitForImage;  FILTER CLEAN image not found.
27-03-2024 20:34:34.086Z;functions.waitForImage;  FILTER CLEAN image not found.
27-03-2024 20:34:35.414Z;functions.movimentacao_bancaria;  CLICK NA PRIMEIRA LINHA DA TABELA MOVIMENTAÇÃO BANCÁRIA
27-03-2024 20:34:36.639Z;functions.movimentacao_bancaria;  12 PASSOS PARA DIREITA NA TABELA >>
27-03-2024 20:34:38.539Z;functions.movimentacao_bancaria;  HOVER FILTER
27-03-2024 20:34:39.015Z;functions.movimentacao_bancaria;  CLICK FILTER
27-03-2024 20:34:43.345Z;functions.movimentacao_bancaria;  CLICK NO FILTRO  STATUS DA REMESSA
27-03-2024 20:34:45.448Z;functions.movimentacao_bancaria;  APERTA TAB PARA ESCREVER O FILTRO
27-03-2024 20:34:47.562Z;functions.movimentacao_bancaria;  ESCREVE PENDENTE NO FILTRO
27-03-2024 20:34:49.665Z;functions.movimentacao_bancaria;  APERTA ENTER PARA SELECIONAR OS PENDENTES
27-03-2024 20:35:11.196Z;functions.movimentacao_bancaria;  SEM REGISTROS DE PROCESSO DE BORDERO PENDENTE
27-03-2024 20:35:11.196Z;functions.filter_clean;  FUNÇÃO LIMPA FILTRO
27-03-2024 20:35:11.601Z;functions.waitForImage;  FILTER CLEAN image found.
27-03-2024 20:35:13.736Z;functions.filter_clean;  CLICK NO BOTÃO X DO LIMPA FILTRO
27-03-2024 20:35:28.883Z;functions.waitForImage;  FILTER CLEAN image not found.
27-03-2024 20:35:43.899Z;functions.waitForImage;  FILTER CLEAN image not found.
27-03-2024 20:35:45.508Z;functions.remessa_pagamento;  CLICK NA PRIMEIRA LINHA DA TABELA MOVIMENTAÇÃO BANCÁRIA
27-03-2024 20:35:47.398Z;functions.remessa_pagamento;  HOVER FILTER
27-03-2024 20:35:47.846Z;functions.remessa_pagamento;  CLICK FILTER
27-03-2024 20:35:52.177Z;functions.remessa_pagamento;  CLICK NO FILTRO  STATUS DA REMESSA
27-03-2024 20:35:54.279Z;functions.remessa_pagamento;  APERTA TAB PARA ESCREVER O FILTRO
27-03-2024 20:35:56.398Z;functions.remessa_pagamento;  ESCREVE AUTORIZADO NO FILTRO
27-03-2024 20:35:58.501Z;functions.remessa_pagamento;  APERTA ENTER PARA SELECIONAR OS AUTORIZADOS
27-03-2024 20:36:21.039Z;functions.remessa_pagamento;  SEM REMESSA DE BORDERO AUTORIZADO
27-03-2024 20:36:21.883Z;functions.enter_contas_a_pagar;  CLICK - TOTVS - LINHA RM
27-03-2024 20:36:23.262Z;functions.enter_contas_a_pagar;  CLICK - BACK OFFICE
27-03-2024 20:36:24.196Z;functions.enter_contas_a_pagar;  CLICK - GESTAO FINANCEIRA
27-03-2024 20:36:47.883Z;functions.enter_contas_a_pagar;  CLICK - CONTAS A PAGAR
27-03-2024 20:36:49.227Z;functions.waitForImage;  LANÇAMENTOS image found.
27-03-2024 20:36:51.363Z;functions.enter_contas_a_pagar;  CLICA EM LANÇAMENTOS
27-03-2024 20:37:06.759Z;functions.waitForImage;  LICENCAS EXCEDIDAS image not found.
27-03-2024 20:37:06.759Z;functions.obter_intervalo_data;  VERIFICANDO A HORA ATUAL 20
27-03-2024 20:37:06.759Z;functions.obter_intervalo_data;  Data Inicial PENSAO antes da remoção: None
27-03-2024 20:37:06.759Z;functions.obter_intervalo_data;  Data Final PENSAO antes da remoção: None
27-03-2024 20:37:06.774Z;functions.obter_intervalo_data;  Data Inicial PENSAO após a remoção: None
27-03-2024 20:37:06.774Z;functions.obter_intervalo_data;  Data Final PENSAO após a remoção: None
27-03-2024 20:37:06.774Z;functions.obter_intervalo_data;  hoje -  2024-03-27 20:37:06.774708
27-03-2024 20:37:06.774Z;functions.data_filter;  DATA INICIO 03-04-2024
27-03-2024 20:37:06.774Z;functions.data_filter;  DATA FIM 09-04-2024
27-03-2024 20:37:06.774Z;functions.data_filter;  CLICK - SELECIONA A DATA DE QUARTA FEIRA E DA PROXIMA TERÇA
27-03-2024 20:37:06.774Z;functions.data_filter;  QUARTA-FEIRA: 03-04-2024
27-03-2024 20:37:06.774Z;functions.data_filter;  TERCA-FEIRA: 09-04-2024
27-03-2024 20:37:18.696Z;functions.data_filter;  CLICK - BUTÃO DE SELECAO DE FILTRO
27-03-2024 20:37:23.180Z;functions.data_filter;  INSERE - DATA DE QUARTA-FEIRA: 03-04-2024
27-03-2024 20:37:27.149Z;functions.data_filter;  INSERE - DATA DA PROX TERCA-FEIRA: 09-04-2024
27-03-2024 20:37:28.040Z;functions.data_filter;  CLICK - BUTÃO DE EXECUTAR O FILTRO
27-03-2024 20:37:39.040Z;functions.desmark_filter;  CLICK CHECKBOX LANÇAMENTOS A RECEBER
27-03-2024 20:37:40.785Z;functions.desmark_filter;  CLICK CHECKBOX LANÇAMENTOS BAIXADOS
27-03-2024 20:37:42.664Z;functions.desmark_filter;  CLICK CHECKBOX LANÇAMENTOS CANCELADOS
27-03-2024 20:37:44.711Z;functions.desmark_filter;  CLICK CHECKBOX LANÇAMENTOS FATURADOS
27-03-2024 20:37:46.821Z;functions.desmark_filter;  ATUALIZA O FILTRO
27-03-2024 20:37:46.821Z;functions.filter_clean;  FUNÇÃO LIMPA FILTRO
27-03-2024 20:37:47.244Z;functions.waitForImage;  FILTER CLEAN image found.
27-03-2024 20:37:49.350Z;functions.filter_clean;  CLICK NO BOTÃO X DO LIMPA FILTRO
27-03-2024 20:38:05.211Z;functions.waitForImage;  FILTER CLEAN image not found.
27-03-2024 20:38:20.868Z;functions.waitForImage;  FILTER CLEAN image not found.
27-03-2024 20:38:23.087Z;functions.tabela_vazia;  Texto extraido 0/0
27-03-2024 20:38:23.087Z;functions.tabela_vazia;  Count 0
27-03-2024 20:38:23.087Z;functions.tabela_vazia;  Type <class 'int'>
27-03-2024 20:38:25.102Z;functions.tabela_vazia;  SEM REMESSA DE FÉRIAS/RESCISÃO
27-03-2024 20:38:27.103Z;main.<module>;  SEM REMESSA DE PENSÃO
27-03-2024 20:38:29.540Z;errorhandler.__handle;  Property: Unknown Property name. [1:203: -ms-interpolation-mode]
27-03-2024 20:38:29.587Z;errorhandler.__handle;  Property: Unknown Property name. [1:353: -webkit-font-smoothing]
27-03-2024 20:38:29.602Z;errorhandler.__handle;  Property: Unknown Property name. [1:483: -ms-text-size-adjust]
27-03-2024 20:38:29.602Z;errorhandler.__handle;  Property: Unknown Property name. [1:518: -webkit-text-size-adjust]
27-03-2024 20:38:29.602Z;errorhandler.__handle;  Property: Unknown Property name. [1:612: mso-table-lspace]
27-03-2024 20:38:29.602Z;errorhandler.__handle;  Property: Unknown Property name. [1:642: mso-table-rspace]
27-03-2024 20:38:29.837Z;errorhandler.__handle;  Property: Unknown Property name. [1:4734: mso-hide]
27-03-2024 20:38:29.946Z;errorhandler.__handle;  Property: Unknown Property name. [1:13: -ms-interpolation-mode]
27-03-2024 20:38:29.962Z;errorhandler.__handle;  Property: Unknown Property name. [1:49: -webkit-font-smoothing]
27-03-2024 20:38:29.962Z;errorhandler.__handle;  Property: Unknown Property name. [1:134: -ms-text-size-adjust]
27-03-2024 20:38:29.962Z;errorhandler.__handle;  Property: Unknown Property name. [1:160: -webkit-text-size-adjust]
27-03-2024 20:38:29.962Z;errorhandler.__handle;  Property: Unknown Property name. [1:26: mso-table-lspace]
27-03-2024 20:38:29.962Z;errorhandler.__handle;  Property: Unknown Property name. [1:45: mso-table-rspace]
27-03-2024 20:38:30.009Z;errorhandler.__handle;  Property: Unknown Property name. [1:92: mso-hide]
27-03-2024 20:38:30.024Z;errorhandler.__handle;  Property: No ":" after name found: align-center [1:1: align-center]
27-03-2024 20:38:30.024Z;errorhandler.__handle;  Property: No property value found: align-center [1:1: align-center]
27-03-2024 20:38:30.024Z;errorhandler.__handle;  CSSStyleDeclaration: Syntax Error in Property: align-center
27-03-2024 20:38:30.024Z;errorhandler.__handle;  Property: Unknown Property name. [1:14: -ms-interpolation-mode]
27-03-2024 20:38:32.649Z;functions.emailFinalizado;  Warning e-mail sent.
27-03-2024 20:38:33.192Z;functions.encerra_prog;  RM ENCERRADO
