13-06-2024 15:29:37.277Z;functions.bot_text_art;      ____     
13-06-2024 15:29:37.277Z;functions.bot_text_art;     [____]    
13-06-2024 15:29:37.277Z;functions.bot_text_art;   |=]()()[=|  
13-06-2024 15:29:37.277Z;functions.bot_text_art;     _\==/__    _____    ____     _        _____    ___   _  __ 
13-06-2024 15:29:37.277Z;functions.bot_text_art;   |__|   |_|  |  _  \  / ___|   | |      |_   _| / ___| | |/ / 
13-06-2024 15:29:37.277Z;functions.bot_text_art;   |_|_/\_|_|  | |  | | | |      | |        | |   | |    | ' /  
13-06-2024 15:29:37.277Z;functions.bot_text_art;   | | __ | |  | |  | | | |      | |        | |   | |    |  <   
13-06-2024 15:29:37.277Z;functions.bot_text_art;   |_|[  ]|_|  | |__| | | |____  | |____   _| |_  | |__  | . \  
13-06-2024 15:29:37.277Z;functions.bot_text_art;   \_|_||_|_/  |_____/   \_____| |______| |_____| \ ___| |_|\_\ 
13-06-2024 15:29:37.277Z;functions.bot_text_art;     |_||_|    
13-06-2024 15:29:37.277Z;functions.bot_text_art;     | ||_|_   
13-06-2024 15:29:37.277Z;functions.bot_text_art;   |___||___|  
13-06-2024 15:29:37.277Z;functions.bot_text_art;               
13-06-2024 15:29:37.293Z;functions.open_RM;  OPEN PROGRAM RM
13-06-2024 15:29:45.980Z;functions.loggin_RM;  ACHOU O PANE PICTURE
13-06-2024 15:29:46.964Z;functions.loggin_RM;  ENCONTRA USE FIELD
13-06-2024 15:29:47.198Z;functions.loggin_RM;  DUPLO CLICK
13-06-2024 15:29:50.527Z;functions.loggin_RM;  ENTRAR USER_NAME
13-06-2024 15:29:51.683Z;functions.loggin_RM;  ENCONTRA PASS FIELD
13-06-2024 15:29:51.855Z;functions.loggin_RM;  CLICK
13-06-2024 15:29:53.981Z;functions.loggin_RM;  ENTRAR PASSWORD
13-06-2024 15:29:55.228Z;functions.loggin_RM;  ENTRAR RM
13-06-2024 15:30:56.023Z;functions.loggin_RM;  FILTRO NÃO ENCONTRADO DE INICIO
13-06-2024 15:31:57.457Z;functions.loggin_RM;  FILTRO NÃO ENCONTRADO DE INICIO
13-06-2024 15:32:58.877Z;functions.loggin_RM;  FILTRO NÃO ENCONTRADO DE INICIO
13-06-2024 15:32:58.877Z;functions.enter_coligada;  AGUARDANDO 1
13-06-2024 15:33:00.105Z;functions.enter_coligada;  CLICK CONTEXTO
13-06-2024 15:33:02.573Z;functions.enter_coligada;  CLICK ALTERAR MODULO DO CONTEXTO
13-06-2024 15:33:06.062Z;functions.enter_coligada;  INSERE O COLIGADA CODE = 1
13-06-2024 15:33:06.167Z;functions.enter_coligada;  APERTA TAB PARA PREENCHER O CAMPO COM A STRING: OCEANICA ENGENHARIA E CONSULTORIA S.A.
13-06-2024 15:33:07.480Z;functions.enter_coligada;  CLICK AVANÇAR NOVAMENTE
13-06-2024 15:33:08.667Z;functions.enter_coligada;  CLICK CONCLUIR
13-06-2024 15:34:10.971Z;functions.enter_coligada;  POP UP COLIGADA DESAPARECER
13-06-2024 15:34:11.855Z;functions.check_movimentacao_bancaria;  CLICK - TOTVS - LINHA RM
13-06-2024 15:34:13.448Z;functions.check_movimentacao_bancaria;  CLICK - BACK OFFICE
13-06-2024 15:34:16.074Z;functions.check_movimentacao_bancaria;  CLICK - GESTAO FINANCEIRA
13-06-2024 15:34:16.074Z;functions.obter_intervalo_data;  VERIFICANDO A HORA ATUAL 15
13-06-2024 15:34:16.085Z;functions.obter_intervalo_data;  Data Inicial PENSAO antes da remoção: None
13-06-2024 15:34:16.085Z;functions.obter_intervalo_data;  Data Final PENSAO antes da remoção: None
13-06-2024 15:34:16.091Z;functions.obter_intervalo_data;  Data Inicial PENSAO após a remoção: None
13-06-2024 15:34:16.091Z;functions.obter_intervalo_data;  Data Final PENSAO após a remoção: None
13-06-2024 15:34:16.092Z;functions.obter_intervalo_data;  hoje -  2024-06-13 15:34:16.092179
13-06-2024 15:34:16.092Z;functions.check_movimentacao_bancaria;  DATA INICIO 19-06-2024
13-06-2024 15:34:16.092Z;functions.check_movimentacao_bancaria;  DATA FIM 25-06-2024
13-06-2024 15:34:16.092Z;functions.movimentacao_bancaria;  AGUARDANDO 1
13-06-2024 15:34:22.542Z;functions.movimentacao_bancaria;  CLICK NA ABA MOVIMENTAÇÃO BANCARIA
13-06-2024 15:34:24.761Z;functions.waitForImage;  IMAGEM BORDERO image found.
13-06-2024 15:34:26.894Z;functions.movimentacao_bancaria;  IMAGEM BORDERO CLICADA.
13-06-2024 15:34:29.183Z;functions.waitForImage;  LICENCAS EXCEDIDAS image found.
13-06-2024 15:34:31.417Z;functions.waitForImage;  LICENCE SERVER image not found.
13-06-2024 15:34:31.417Z;functions.movimentacao_bancaria;  LICENCAS EXCEDIDAS
13-06-2024 15:34:31.417Z;functions.movimentacao_bancaria;  TENTANDO NOVAMENTE - 1
13-06-2024 15:34:42.714Z;functions.waitForImage;  IMAGEM BORDERO image found.
13-06-2024 15:34:44.831Z;functions.movimentacao_bancaria;  IMAGEM BORDERO CLICADA.
13-06-2024 15:34:45.698Z;functions.waitForImage;  LICENCAS EXCEDIDAS image found.
13-06-2024 15:34:47.948Z;functions.waitForImage;  LICENCE SERVER image not found.
13-06-2024 15:34:47.948Z;functions.movimentacao_bancaria;  LICENCAS EXCEDIDAS
13-06-2024 15:34:47.948Z;functions.movimentacao_bancaria;  TENTANDO NOVAMENTE - 2
13-06-2024 15:34:59.230Z;functions.waitForImage;  IMAGEM BORDERO image found.
13-06-2024 15:35:01.362Z;functions.movimentacao_bancaria;  IMAGEM BORDERO CLICADA.
13-06-2024 15:35:02.245Z;functions.waitForImage;  LICENCAS EXCEDIDAS image found.
13-06-2024 15:35:04.479Z;functions.waitForImage;  LICENCE SERVER image not found.
13-06-2024 15:35:04.479Z;functions.movimentacao_bancaria;  LICENCAS EXCEDIDAS
13-06-2024 15:35:04.479Z;functions.movimentacao_bancaria;  TENTANDO NOVAMENTE - 3
13-06-2024 15:35:15.777Z;functions.waitForImage;  IMAGEM BORDERO image found.
13-06-2024 15:35:17.893Z;functions.movimentacao_bancaria;  IMAGEM BORDERO CLICADA.
13-06-2024 15:35:18.777Z;functions.waitForImage;  LICENCAS EXCEDIDAS image found.
13-06-2024 15:35:21.011Z;functions.waitForImage;  LICENCE SERVER image not found.
13-06-2024 15:35:21.011Z;functions.movimentacao_bancaria;  LICENCAS EXCEDIDAS
13-06-2024 15:35:21.011Z;functions.movimentacao_bancaria;  TENTANDO NOVAMENTE - 4
13-06-2024 15:35:32.308Z;functions.waitForImage;  IMAGEM BORDERO image found.
13-06-2024 15:35:34.424Z;functions.movimentacao_bancaria;  IMAGEM BORDERO CLICADA.
13-06-2024 15:35:44.854Z;functions.waitForImage;  LICENCAS EXCEDIDAS image not found.
13-06-2024 15:35:47.128Z;functions.waitForImage;  LICENCE SERVER image not found.
13-06-2024 15:35:47.777Z;functions.movimentacao_bancaria;  ENCONTROU O FILTRO DA MOVIMENTAÇÃO BANCÁRIA
13-06-2024 15:35:47.824Z;functions.movimentacao_bancaria;  CLICA NA ABA SUPERIOR DO FILTRO
13-06-2024 15:35:52.035Z;functions.movimentacao_bancaria;  SELECIONA O FILTRO HOJE
13-06-2024 15:35:52.035Z;functions.filter_clean;  FUNÇÃO LIMPA FILTRO
13-06-2024 15:35:55.496Z;functions.waitForImage;  FILTER CLEAN image found.
13-06-2024 15:35:57.612Z;functions.filter_clean;  CLICK NO BOTÃO X DO LIMPA FILTRO
13-06-2024 15:35:57.776Z;functions.waitForImage;  FILTER CLEAN image found.
13-06-2024 15:35:59.894Z;functions.filter_clean;  CLICK NO BOTÃO X DO LIMPA FILTRO
13-06-2024 15:36:15.183Z;functions.waitForImage;  FILTER CLEAN image not found.
13-06-2024 15:36:16.761Z;functions.movimentacao_bancaria;  CLICK NA PRIMEIRA LINHA DA TABELA MOVIMENTAÇÃO BANCÁRIA
13-06-2024 15:36:17.985Z;functions.movimentacao_bancaria;  12 PASSOS PARA DIREITA NA TABELA >>
13-06-2024 15:36:19.995Z;functions.movimentacao_bancaria;  HOVER FILTER
13-06-2024 15:36:20.522Z;functions.movimentacao_bancaria;  CLICK FILTER
13-06-2024 15:36:24.844Z;functions.movimentacao_bancaria;  CLICK NO FILTRO  STATUS DA REMESSA
13-06-2024 15:36:26.947Z;functions.movimentacao_bancaria;  APERTA TAB PARA ESCREVER O FILTRO
13-06-2024 15:36:29.060Z;functions.movimentacao_bancaria;  ESCREVE PENDENTE NO FILTRO
13-06-2024 15:36:31.162Z;functions.movimentacao_bancaria;  APERTA ENTER PARA SELECIONAR OS PENDENTES
13-06-2024 15:36:53.167Z;functions.movimentacao_bancaria;  SEM REGISTROS DE PROCESSO DE BORDERO PENDENTE
13-06-2024 15:36:53.167Z;functions.filter_clean;  FUNÇÃO LIMPA FILTRO
13-06-2024 15:36:53.339Z;functions.waitForImage;  FILTER CLEAN image found.
13-06-2024 15:36:55.456Z;functions.filter_clean;  CLICK NO BOTÃO X DO LIMPA FILTRO
13-06-2024 15:37:10.745Z;functions.waitForImage;  FILTER CLEAN image not found.
13-06-2024 15:37:26.073Z;functions.waitForImage;  FILTER CLEAN image not found.
13-06-2024 15:37:27.698Z;functions.remessa_pagamento;  CLICK NA PRIMEIRA LINHA DA TABELA MOVIMENTAÇÃO BANCÁRIA
13-06-2024 15:37:29.667Z;functions.remessa_pagamento;  HOVER FILTER
13-06-2024 15:37:30.207Z;functions.remessa_pagamento;  CLICK FILTER
13-06-2024 15:37:34.537Z;functions.remessa_pagamento;  CLICK NO FILTRO  STATUS DA REMESSA
13-06-2024 15:37:36.640Z;functions.remessa_pagamento;  APERTA TAB PARA ESCREVER O FILTRO
13-06-2024 15:37:38.757Z;functions.remessa_pagamento;  ESCREVE AUTORIZADO NO FILTRO
13-06-2024 15:37:40.860Z;functions.remessa_pagamento;  APERTA ENTER PARA SELECIONAR OS AUTORIZADOS
13-06-2024 15:38:03.831Z;functions.remessa_pagamento;  SEM REMESSA DE BORDERO AUTORIZADO
13-06-2024 15:38:04.729Z;functions.enter_contas_a_pagar;  CLICK - TOTVS - LINHA RM
13-06-2024 15:38:06.011Z;functions.enter_contas_a_pagar;  CLICK - BACK OFFICE
13-06-2024 15:38:08.605Z;functions.enter_contas_a_pagar;  CLICK - GESTAO FINANCEIRA
13-06-2024 15:38:14.573Z;functions.enter_contas_a_pagar;  CLICK - CONTAS A PAGAR
13-06-2024 15:38:15.401Z;functions.waitForImage;  LANÇAMENTOS image found.
13-06-2024 15:38:17.518Z;functions.enter_contas_a_pagar;  CLICA EM LANÇAMENTOS
13-06-2024 15:38:33.010Z;functions.waitForImage;  LICENCAS EXCEDIDAS image not found.
13-06-2024 15:38:33.010Z;functions.data_filter;  CLICK - SELECIONA A DATA DE QUARTA FEIRA E DA PROXIMA TERÇA
13-06-2024 15:38:33.010Z;functions.data_filter;  QUARTA-FEIRA: 19-06-2024
13-06-2024 15:38:33.010Z;functions.data_filter;  TERCA-FEIRA: 25-06-2024
13-06-2024 15:38:45.073Z;functions.data_filter;  CLICK - BUTÃO DE SELECAO DE FILTRO
13-06-2024 15:38:49.557Z;functions.data_filter;  INSERE - DATA DE QUARTA-FEIRA: 19-06-2024
13-06-2024 15:38:53.651Z;functions.data_filter;  INSERE - DATA DA PROX TERCA-FEIRA: 25-06-2024
13-06-2024 15:38:54.667Z;functions.data_filter;  CLICK - BUTÃO DE EXECUTAR O FILTRO
13-06-2024 15:38:59.671Z;functions.desmark_filter;  AGUARDANDO 1
13-06-2024 15:39:01.667Z;functions.desmark_filter;  CLICK CHECKBOX LANÇAMENTOS A RECEBER
13-06-2024 15:39:03.917Z;functions.desmark_filter;  CLICK CHECKBOX LANÇAMENTOS BAIXADOS
13-06-2024 15:39:06.198Z;functions.desmark_filter;  CLICK CHECKBOX LANÇAMENTOS CANCELADOS
13-06-2024 15:39:08.786Z;functions.desmark_filter;  CLICK CHECKBOX LANÇAMENTOS FATURADOS
13-06-2024 15:39:11.401Z;functions.desmark_filter;  ATUALIZA O FILTRO
13-06-2024 15:39:11.401Z;functions.filter_clean;  FUNÇÃO LIMPA FILTRO
13-06-2024 15:39:26.542Z;functions.waitForImage;  FILTER CLEAN image not found.
13-06-2024 15:39:41.729Z;functions.waitForImage;  FILTER CLEAN image not found.
13-06-2024 15:39:56.839Z;functions.waitForImage;  FILTER CLEAN image not found.
13-06-2024 15:39:59.573Z;functions.tabela_vazia;  Texto extraido 0/0
13-06-2024 15:39:59.573Z;functions.tabela_vazia;  Count 0
13-06-2024 15:39:59.573Z;functions.tabela_vazia;  Type <class 'int'>
13-06-2024 15:40:01.582Z;functions.tabela_vazia;  SEM REMESSA DE FÉRIAS/RESCISÃO
13-06-2024 15:40:03.583Z;main.<module>;  SEM REMESSA DE PENSÃO
13-06-2024 15:40:06.557Z;errorhandler.__handle;  Property: Unknown Property name. [1:203: -ms-interpolation-mode]
13-06-2024 15:40:06.604Z;errorhandler.__handle;  Property: Unknown Property name. [1:353: -webkit-font-smoothing]
13-06-2024 15:40:06.619Z;errorhandler.__handle;  Property: Unknown Property name. [1:483: -ms-text-size-adjust]
13-06-2024 15:40:06.619Z;errorhandler.__handle;  Property: Unknown Property name. [1:518: -webkit-text-size-adjust]
13-06-2024 15:40:06.619Z;errorhandler.__handle;  Property: Unknown Property name. [1:612: mso-table-lspace]
13-06-2024 15:40:06.619Z;errorhandler.__handle;  Property: Unknown Property name. [1:642: mso-table-rspace]
13-06-2024 15:40:06.866Z;errorhandler.__handle;  Property: Unknown Property name. [1:4734: mso-hide]
13-06-2024 15:40:06.977Z;errorhandler.__handle;  Property: Unknown Property name. [1:13: -ms-interpolation-mode]
13-06-2024 15:40:06.980Z;errorhandler.__handle;  Property: Unknown Property name. [1:49: -webkit-font-smoothing]
13-06-2024 15:40:06.981Z;errorhandler.__handle;  Property: Unknown Property name. [1:134: -ms-text-size-adjust]
13-06-2024 15:40:06.981Z;errorhandler.__handle;  Property: Unknown Property name. [1:160: -webkit-text-size-adjust]
13-06-2024 15:40:06.981Z;errorhandler.__handle;  Property: Unknown Property name. [1:26: mso-table-lspace]
13-06-2024 15:40:06.981Z;errorhandler.__handle;  Property: Unknown Property name. [1:45: mso-table-rspace]
13-06-2024 15:40:07.029Z;errorhandler.__handle;  Property: Unknown Property name. [1:92: mso-hide]
13-06-2024 15:40:07.042Z;errorhandler.__handle;  Property: No ":" after name found: align-center [1:1: align-center]
13-06-2024 15:40:07.042Z;errorhandler.__handle;  Property: No property value found: align-center [1:1: align-center]
13-06-2024 15:40:07.043Z;errorhandler.__handle;  CSSStyleDeclaration: Syntax Error in Property: align-center
13-06-2024 15:40:07.043Z;errorhandler.__handle;  Property: Unknown Property name. [1:14: -ms-interpolation-mode]
13-06-2024 15:40:10.698Z;functions.emailFinalizado;  Warning e-mail sent.
13-06-2024 15:40:11.026Z;functions.encerra_prog;  RM ENCERRADO
