31-05-2024 20:30:31.032Z;functions.bot_text_art;      ____     
31-05-2024 20:30:31.033Z;functions.bot_text_art;     [____]    
31-05-2024 20:30:31.033Z;functions.bot_text_art;   |=]()()[=|  
31-05-2024 20:30:31.033Z;functions.bot_text_art;     _\==/__    _____    ____     _        _____    ___   _  __ 
31-05-2024 20:30:31.033Z;functions.bot_text_art;   |__|   |_|  |  _  \  / ___|   | |      |_   _| / ___| | |/ / 
31-05-2024 20:30:31.033Z;functions.bot_text_art;   |_|_/\_|_|  | |  | | | |      | |        | |   | |    | ' /  
31-05-2024 20:30:31.033Z;functions.bot_text_art;   | | __ | |  | |  | | | |      | |        | |   | |    |  <   
31-05-2024 20:30:31.033Z;functions.bot_text_art;   |_|[  ]|_|  | |__| | | |____  | |____   _| |_  | |__  | . \  
31-05-2024 20:30:31.033Z;functions.bot_text_art;   \_|_||_|_/  |_____/   \_____| |______| |_____| \ ___| |_|\_\ 
31-05-2024 20:30:31.033Z;functions.bot_text_art;     |_||_|    
31-05-2024 20:30:31.033Z;functions.bot_text_art;     | ||_|_   
31-05-2024 20:30:31.033Z;functions.bot_text_art;   |___||___|  
31-05-2024 20:30:31.033Z;functions.bot_text_art;               
31-05-2024 20:30:31.049Z;functions.open_RM;  OPEN PROGRAM RM
31-05-2024 20:30:53.010Z;functions.loggin_RM;  ACHOU O PANE PICTURE
31-05-2024 20:30:54.627Z;functions.loggin_RM;  ENCONTRA USE FIELD
31-05-2024 20:30:55.111Z;functions.loggin_RM;  DUPLO CLICK
31-05-2024 20:30:59.314Z;functions.loggin_RM;  ENTRAR USER_NAME
31-05-2024 20:31:01.034Z;functions.loggin_RM;  ENCONTRA PASS FIELD
31-05-2024 20:31:01.440Z;functions.loggin_RM;  CLICK
31-05-2024 20:31:03.568Z;functions.loggin_RM;  ENTRAR PASSWORD
31-05-2024 20:31:05.471Z;functions.loggin_RM;  ENTRAR RM
31-05-2024 20:51:08.610Z;functions.show_exception_and_exit;  'NoneType' object has no attribute 'click'
Traceback (most recent call last):
  File "C:\Projetos_Remessas\Remessa_Pensao\main.py", line 14, in <module>
    enter_coligada()
  File "C:\Projetos_Remessas\Remessa_Pensao\SUBPROGRAMS\functions.py", line 107, in enter_coligada
    click_context.click()
    ^^^^^^^^^^^^^^^^^^^
AttributeError: 'NoneType' object has no attribute 'click'
31-05-2024 20:51:10.026Z;functions.show_exception_and_exit;  RM FECHADO
31-05-2024 20:51:14.516Z;errorhandler.__handle;  Property: Unknown Property name. [1:203: -ms-interpolation-mode]
31-05-2024 20:51:14.563Z;errorhandler.__handle;  Property: Unknown Property name. [1:353: -webkit-font-smoothing]
31-05-2024 20:51:14.563Z;errorhandler.__handle;  Property: Unknown Property name. [1:483: -ms-text-size-adjust]
31-05-2024 20:51:14.579Z;errorhandler.__handle;  Property: Unknown Property name. [1:518: -webkit-text-size-adjust]
31-05-2024 20:51:14.579Z;errorhandler.__handle;  Property: Unknown Property name. [1:612: mso-table-lspace]
31-05-2024 20:51:14.579Z;errorhandler.__handle;  Property: Unknown Property name. [1:642: mso-table-rspace]
31-05-2024 20:51:14.782Z;errorhandler.__handle;  Property: Unknown Property name. [1:4734: mso-hide]
31-05-2024 20:51:14.876Z;errorhandler.__handle;  Property: Unknown Property name. [1:13: -ms-interpolation-mode]
31-05-2024 20:51:14.876Z;errorhandler.__handle;  Property: Unknown Property name. [1:49: -webkit-font-smoothing]
31-05-2024 20:51:14.876Z;errorhandler.__handle;  Property: Unknown Property name. [1:134: -ms-text-size-adjust]
31-05-2024 20:51:14.876Z;errorhandler.__handle;  Property: Unknown Property name. [1:160: -webkit-text-size-adjust]
31-05-2024 20:51:14.876Z;errorhandler.__handle;  Property: Unknown Property name. [1:26: mso-table-lspace]
31-05-2024 20:51:14.891Z;errorhandler.__handle;  Property: Unknown Property name. [1:45: mso-table-rspace]
31-05-2024 20:51:14.923Z;errorhandler.__handle;  Property: Unknown Property name. [1:92: mso-hide]
31-05-2024 20:51:14.938Z;errorhandler.__handle;  Property: No ":" after name found: align-center [1:1: align-center]
31-05-2024 20:51:14.938Z;errorhandler.__handle;  Property: No property value found: align-center [1:1: align-center]
31-05-2024 20:51:14.938Z;errorhandler.__handle;  CSSStyleDeclaration: Syntax Error in Property: align-center
31-05-2024 20:51:14.938Z;errorhandler.__handle;  Property: Unknown Property name. [1:14: -ms-interpolation-mode]
31-05-2024 20:51:21.360Z;functions.show_exception_and_exit;  EMAIL EXCEÇÃO ENVIADO
31-05-2024 20:51:21.360Z;functions.show_exception_and_exit;  ERRO - <class 'AttributeError'> / 'NoneType' object has no attribute 'click'
