13-04-2024 06:30:14.506Z;functions.bot_text_art;      ____     
13-04-2024 06:30:14.506Z;functions.bot_text_art;     [____]    
13-04-2024 06:30:14.506Z;functions.bot_text_art;   |=]()()[=|  
13-04-2024 06:30:14.506Z;functions.bot_text_art;     _\==/__    _____    ____     _        _____    ___   _  __ 
13-04-2024 06:30:14.506Z;functions.bot_text_art;   |__|   |_|  |  _  \  / ___|   | |      |_   _| / ___| | |/ / 
13-04-2024 06:30:14.506Z;functions.bot_text_art;   |_|_/\_|_|  | |  | | | |      | |        | |   | |    | ' /  
13-04-2024 06:30:14.506Z;functions.bot_text_art;   | | __ | |  | |  | | | |      | |        | |   | |    |  <   
13-04-2024 06:30:14.506Z;functions.bot_text_art;   |_|[  ]|_|  | |__| | | |____  | |____   _| |_  | |__  | . \  
13-04-2024 06:30:14.506Z;functions.bot_text_art;   \_|_||_|_/  |_____/   \_____| |______| |_____| \ ___| |_|\_\ 
13-04-2024 06:30:14.506Z;functions.bot_text_art;     |_||_|    
13-04-2024 06:30:14.506Z;functions.bot_text_art;     | ||_|_   
13-04-2024 06:30:14.506Z;functions.bot_text_art;   |___||___|  
13-04-2024 06:30:14.506Z;functions.bot_text_art;               
13-04-2024 06:30:14.506Z;functions.open_RM;  OPEN PROGRAM RM
13-04-2024 06:30:20.067Z;functions.loggin_RM;  ACHOU O PANE PICTURE
13-04-2024 06:30:20.739Z;functions.loggin_RM;  ENCONTRA USE FIELD
13-04-2024 06:30:20.817Z;functions.loggin_RM;  DUPLO CLICK
13-04-2024 06:30:23.802Z;functions.loggin_RM;  ENTRAR USER_NAME
13-04-2024 06:30:24.459Z;functions.loggin_RM;  ENCONTRA PASS FIELD
13-04-2024 06:30:24.537Z;functions.loggin_RM;  CLICK
13-04-2024 06:30:26.646Z;functions.loggin_RM;  ENTRAR PASSWORD
13-04-2024 06:30:27.365Z;functions.loggin_RM;  ENTRAR RM
13-04-2024 06:30:51.677Z;functions.enter_coligada;  CLICK CONTEXTO
13-04-2024 06:30:55.693Z;functions.enter_coligada;  CLICK ALTERAR MODULO DO CONTEXTO
13-04-2024 06:30:57.967Z;functions.enter_coligada;  INSERE O COLIGADA CODE = 1
13-04-2024 06:30:58.069Z;functions.enter_coligada;  APERTA TAB PARA PREENCHER O CAMPO COM A STRING: OCEANICA ENGENHARIA E CONSULTORIA S.A.
13-04-2024 06:30:58.943Z;functions.enter_coligada;  CLICK AVANÇAR NOVAMENTE
13-04-2024 06:30:59.802Z;functions.enter_coligada;  CLICK CONCLUIR
13-04-2024 06:31:10.723Z;functions.enter_coligada;  POP UP COLIGADA DESAPARECER
13-04-2024 06:31:11.348Z;functions.check_movimentacao_bancaria;  CLICK - TOTVS - LINHA RM
13-04-2024 06:31:12.385Z;functions.check_movimentacao_bancaria;  CLICK - BACK OFFICE
13-04-2024 06:31:14.708Z;functions.check_movimentacao_bancaria;  CLICK - GESTAO FINANCEIRA
13-04-2024 06:31:19.864Z;functions.movimentacao_bancaria;  CLICK NA ABA MOVIMENTAÇÃO BANCARIA
13-04-2024 06:31:22.050Z;functions.waitForImage;  IMAGEM BORDERO image found.
13-04-2024 06:31:24.168Z;functions.movimentacao_bancaria;  IMAGEM BORDERO CLICADA.
13-04-2024 06:31:34.692Z;functions.waitForImage;  LICENCAS EXCEDIDAS image not found.
13-04-2024 06:31:36.719Z;functions.waitForImage;  LICENCE SERVER image not found.
13-04-2024 06:31:37.270Z;functions.movimentacao_bancaria;  ENCONTROU O FILTRO DA MOVIMENTAÇÃO BANCÁRIA
13-04-2024 06:31:37.286Z;functions.movimentacao_bancaria;  CLICA NA ABA SUPERIOR DO FILTRO
13-04-2024 06:31:41.491Z;functions.movimentacao_bancaria;  SELECIONA O FILTRO HOJE
13-04-2024 06:31:41.491Z;functions.filter_clean;  FUNÇÃO LIMPA FILTRO
13-04-2024 06:31:43.505Z;functions.waitForImage;  FILTER CLEAN image found.
13-04-2024 06:31:45.637Z;functions.filter_clean;  CLICK NO BOTÃO X DO LIMPA FILTRO
13-04-2024 06:32:00.676Z;functions.waitForImage;  FILTER CLEAN image not found.
13-04-2024 06:32:15.785Z;functions.waitForImage;  FILTER CLEAN image not found.
13-04-2024 06:32:33.799Z;functions.movimentacao_bancaria;  SEM REGISTROS DE PROCESSO DE BORDERO PENDENTE
13-04-2024 06:32:33.799Z;functions.filter_clean;  FUNÇÃO LIMPA FILTRO
13-04-2024 06:32:48.916Z;functions.waitForImage;  FILTER CLEAN image not found.
13-04-2024 06:33:04.037Z;functions.waitForImage;  FILTER CLEAN image not found.
13-04-2024 06:33:19.161Z;functions.waitForImage;  FILTER CLEAN image not found.
13-04-2024 06:33:51.237Z;functions.remessa_pagamento;  SEM PROCESSO DE BORDERO AUTORIZADO
13-04-2024 06:33:52.894Z;errorhandler.__handle;  Property: Unknown Property name. [1:203: -ms-interpolation-mode]
13-04-2024 06:33:52.910Z;errorhandler.__handle;  Property: Unknown Property name. [1:353: -webkit-font-smoothing]
13-04-2024 06:33:52.910Z;errorhandler.__handle;  Property: Unknown Property name. [1:483: -ms-text-size-adjust]
13-04-2024 06:33:52.910Z;errorhandler.__handle;  Property: Unknown Property name. [1:518: -webkit-text-size-adjust]
13-04-2024 06:33:52.910Z;errorhandler.__handle;  Property: Unknown Property name. [1:612: mso-table-lspace]
13-04-2024 06:33:52.910Z;errorhandler.__handle;  Property: Unknown Property name. [1:642: mso-table-rspace]
13-04-2024 06:33:52.957Z;errorhandler.__handle;  Property: Unknown Property name. [1:4734: mso-hide]
13-04-2024 06:33:52.972Z;errorhandler.__handle;  Property: Unknown Property name. [1:13: -ms-interpolation-mode]
13-04-2024 06:33:52.988Z;errorhandler.__handle;  Property: Unknown Property name. [1:49: -webkit-font-smoothing]
13-04-2024 06:33:52.988Z;errorhandler.__handle;  Property: Unknown Property name. [1:134: -ms-text-size-adjust]
13-04-2024 06:33:52.988Z;errorhandler.__handle;  Property: Unknown Property name. [1:160: -webkit-text-size-adjust]
13-04-2024 06:33:52.988Z;errorhandler.__handle;  Property: Unknown Property name. [1:26: mso-table-lspace]
13-04-2024 06:33:52.988Z;errorhandler.__handle;  Property: Unknown Property name. [1:45: mso-table-rspace]
13-04-2024 06:33:52.988Z;errorhandler.__handle;  Property: Unknown Property name. [1:92: mso-hide]
13-04-2024 06:33:53.004Z;errorhandler.__handle;  Property: No ":" after name found: align-center [1:1: align-center]
13-04-2024 06:33:53.004Z;errorhandler.__handle;  Property: No property value found: align-center [1:1: align-center]
13-04-2024 06:33:53.004Z;errorhandler.__handle;  CSSStyleDeclaration: Syntax Error in Property: align-center
13-04-2024 06:33:53.004Z;errorhandler.__handle;  Property: Unknown Property name. [1:14: -ms-interpolation-mode]
13-04-2024 06:33:55.424Z;functions.emailFinalizado;  Warning e-mail sent.
13-04-2024 06:33:55.510Z;functions.encerra_prog;  RM ENCERRADO
