26-03-2024 06:30:39.942Z;functions.bot_text_art;      ____     
26-03-2024 06:30:39.957Z;functions.bot_text_art;     [____]    
26-03-2024 06:30:39.957Z;functions.bot_text_art;   |=]()()[=|  
26-03-2024 06:30:39.957Z;functions.bot_text_art;     _\==/__    _____    ____     _        _____    ___   _  __ 
26-03-2024 06:30:39.957Z;functions.bot_text_art;   |__|   |_|  |  _  \  / ___|   | |      |_   _| / ___| | |/ / 
26-03-2024 06:30:39.957Z;functions.bot_text_art;   |_|_/\_|_|  | |  | | | |      | |        | |   | |    | ' /  
26-03-2024 06:30:39.957Z;functions.bot_text_art;   | | __ | |  | |  | | | |      | |        | |   | |    |  <   
26-03-2024 06:30:39.957Z;functions.bot_text_art;   |_|[  ]|_|  | |__| | | |____  | |____   _| |_  | |__  | . \  
26-03-2024 06:30:39.957Z;functions.bot_text_art;   \_|_||_|_/  |_____/   \_____| |______| |_____| \ ___| |_|\_\ 
26-03-2024 06:30:39.957Z;functions.bot_text_art;     |_||_|    
26-03-2024 06:30:39.957Z;functions.bot_text_art;     | ||_|_   
26-03-2024 06:30:39.957Z;functions.bot_text_art;   |___||___|  
26-03-2024 06:30:39.957Z;functions.bot_text_art;               
26-03-2024 06:30:39.957Z;functions.open_RM;  OPEN PROGRAM RM
26-03-2024 06:30:49.675Z;functions.loggin_RM;  ACHOU O PANE PICTURE
26-03-2024 06:30:50.692Z;functions.loggin_RM;  ENCONTRA USE FIELD
26-03-2024 06:30:50.973Z;functions.loggin_RM;  DUPLO CLICK
26-03-2024 06:30:54.596Z;functions.loggin_RM;  ENTRAR USER_NAME
26-03-2024 06:30:55.676Z;functions.loggin_RM;  ENCONTRA PASS FIELD
26-03-2024 06:30:55.910Z;functions.loggin_RM;  CLICK
26-03-2024 06:30:58.038Z;functions.loggin_RM;  ENTRAR PASSWORD
26-03-2024 06:30:59.348Z;functions.loggin_RM;  ENTRAR RM
26-03-2024 06:31:29.722Z;functions.enter_coligada;  CLICK CONTEXTO
26-03-2024 06:31:34.738Z;functions.enter_coligada;  CLICK ALTERAR MODULO DO CONTEXTO
26-03-2024 06:31:38.190Z;functions.enter_coligada;  INSERE O COLIGADA CODE = 1
26-03-2024 06:31:38.360Z;functions.enter_coligada;  APERTA TAB PARA PREENCHER O CAMPO COM A STRING: OCEANICA ENGENHARIA E CONSULTORIA S.A.
26-03-2024 06:31:39.504Z;functions.enter_coligada;  CLICK AVANÇAR NOVAMENTE
26-03-2024 06:31:40.690Z;functions.enter_coligada;  CLICK CONCLUIR
26-03-2024 06:32:04.144Z;functions.enter_coligada;  POP UP COLIGADA DESAPARECER
26-03-2024 06:32:04.989Z;functions.check_movimentacao_bancaria;  CLICK - TOTVS - LINHA RM
26-03-2024 06:32:06.661Z;functions.check_movimentacao_bancaria;  CLICK - BACK OFFICE
26-03-2024 06:32:09.331Z;functions.check_movimentacao_bancaria;  CLICK - GESTAO FINANCEIRA
26-03-2024 06:32:15.121Z;functions.movimentacao_bancaria;  CLICK NA ABA MOVIMENTAÇÃO BANCARIA
26-03-2024 06:32:17.536Z;functions.waitForImage;  IMAGEM BORDERO image found.
26-03-2024 06:32:19.657Z;functions.movimentacao_bancaria;  IMAGEM BORDERO CLICADA.
26-03-2024 06:32:39.753Z;functions.waitForImage;  LICENCAS EXCEDIDAS image not found.
26-03-2024 06:32:40.426Z;functions.movimentacao_bancaria;  ENCONTROU O FILTRO DA MOVIMENTAÇÃO BANCÁRIA
26-03-2024 06:32:40.458Z;functions.movimentacao_bancaria;  CLICA NA ABA SUPERIOR DO FILTRO
26-03-2024 06:32:44.669Z;functions.movimentacao_bancaria;  SELECIONA O FILTRO HOJE
26-03-2024 06:32:44.669Z;functions.filter_clean;  FUNÇÃO LIMPA FILTRO
26-03-2024 06:32:48.627Z;functions.waitForImage;  FILTER CLEAN image found.
26-03-2024 06:32:50.751Z;functions.filter_clean;  CLICK NO BOTÃO X DO LIMPA FILTRO
26-03-2024 06:32:51.100Z;functions.waitForImage;  FILTER CLEAN image found.
26-03-2024 06:32:53.221Z;functions.filter_clean;  CLICK NO BOTÃO X DO LIMPA FILTRO
26-03-2024 06:33:08.706Z;functions.waitForImage;  FILTER CLEAN image not found.
26-03-2024 06:33:28.660Z;functions.movimentacao_bancaria;  SEM REGISTROS DE PROCESSO DE BORDERO PENDENTE
26-03-2024 06:33:28.660Z;functions.filter_clean;  FUNÇÃO LIMPA FILTRO
26-03-2024 06:33:44.021Z;functions.waitForImage;  FILTER CLEAN image not found.
26-03-2024 06:33:59.347Z;functions.waitForImage;  FILTER CLEAN image not found.
26-03-2024 06:34:15.141Z;functions.waitForImage;  FILTER CLEAN image not found.
26-03-2024 06:34:51.080Z;functions.remessa_pagamento;  SEM PROCESSO DE BORDERO AUTORIZADO
26-03-2024 06:34:54.113Z;errorhandler.__handle;  Property: Unknown Property name. [1:203: -ms-interpolation-mode]
26-03-2024 06:34:54.164Z;errorhandler.__handle;  Property: Unknown Property name. [1:353: -webkit-font-smoothing]
26-03-2024 06:34:54.174Z;errorhandler.__handle;  Property: Unknown Property name. [1:483: -ms-text-size-adjust]
26-03-2024 06:34:54.174Z;errorhandler.__handle;  Property: Unknown Property name. [1:518: -webkit-text-size-adjust]
26-03-2024 06:34:54.174Z;errorhandler.__handle;  Property: Unknown Property name. [1:612: mso-table-lspace]
26-03-2024 06:34:54.174Z;errorhandler.__handle;  Property: Unknown Property name. [1:642: mso-table-rspace]
26-03-2024 06:34:54.424Z;errorhandler.__handle;  Property: Unknown Property name. [1:4734: mso-hide]
26-03-2024 06:34:54.533Z;errorhandler.__handle;  Property: Unknown Property name. [1:13: -ms-interpolation-mode]
26-03-2024 06:34:54.533Z;errorhandler.__handle;  Property: Unknown Property name. [1:49: -webkit-font-smoothing]
26-03-2024 06:34:54.533Z;errorhandler.__handle;  Property: Unknown Property name. [1:134: -ms-text-size-adjust]
26-03-2024 06:34:54.533Z;errorhandler.__handle;  Property: Unknown Property name. [1:160: -webkit-text-size-adjust]
26-03-2024 06:34:54.533Z;errorhandler.__handle;  Property: Unknown Property name. [1:26: mso-table-lspace]
26-03-2024 06:34:54.533Z;errorhandler.__handle;  Property: Unknown Property name. [1:45: mso-table-rspace]
26-03-2024 06:34:54.580Z;errorhandler.__handle;  Property: Unknown Property name. [1:92: mso-hide]
26-03-2024 06:34:54.596Z;errorhandler.__handle;  Property: No ":" after name found: align-center [1:1: align-center]
26-03-2024 06:34:54.596Z;errorhandler.__handle;  Property: No property value found: align-center [1:1: align-center]
26-03-2024 06:34:54.596Z;errorhandler.__handle;  CSSStyleDeclaration: Syntax Error in Property: align-center
26-03-2024 06:34:54.596Z;errorhandler.__handle;  Property: Unknown Property name. [1:14: -ms-interpolation-mode]
26-03-2024 06:34:57.081Z;functions.emailFinalizado;  Warning e-mail sent.
26-03-2024 06:34:57.473Z;functions.encerra_prog;  RM ENCERRADO
