13-03-2024 20:39:07.856Z;functions.bot_text_art;      ____     
13-03-2024 20:39:07.856Z;functions.bot_text_art;     [____]    
13-03-2024 20:39:07.856Z;functions.bot_text_art;   |=]()()[=|  
13-03-2024 20:39:07.856Z;functions.bot_text_art;     _\==/__    _____    ____     _        _____    ___   _  __ 
13-03-2024 20:39:07.856Z;functions.bot_text_art;   |__|   |_|  |  _  \  / ___|   | |      |_   _| / ___| | |/ / 
13-03-2024 20:39:07.856Z;functions.bot_text_art;   |_|_/\_|_|  | |  | | | |      | |        | |   | |    | ' /  
13-03-2024 20:39:07.856Z;functions.bot_text_art;   | | __ | |  | |  | | | |      | |        | |   | |    |  <   
13-03-2024 20:39:07.856Z;functions.bot_text_art;   |_|[  ]|_|  | |__| | | |____  | |____   _| |_  | |__  | . \  
13-03-2024 20:39:07.856Z;functions.bot_text_art;   \_|_||_|_/  |_____/   \_____| |______| |_____| \ ___| |_|\_\ 
13-03-2024 20:39:07.856Z;functions.bot_text_art;     |_||_|    
13-03-2024 20:39:07.856Z;functions.bot_text_art;     | ||_|_   
13-03-2024 20:39:07.856Z;functions.bot_text_art;   |___||___|  
13-03-2024 20:39:07.856Z;functions.bot_text_art;               
13-03-2024 20:39:07.871Z;functions.open_RM;  OPEN PROGRAM RM
13-03-2024 20:39:43.714Z;functions.loggin_RM;  ACHOU O PANE PICTURE
13-03-2024 20:39:44.699Z;functions.loggin_RM;  ENCONTRA USE FIELD
13-03-2024 20:39:44.949Z;functions.loggin_RM;  DUPLO CLICK
13-03-2024 20:39:48.511Z;functions.loggin_RM;  ENTRAR USER_NAME
13-03-2024 20:39:49.528Z;functions.loggin_RM;  ENCONTRA PASS FIELD
13-03-2024 20:39:49.762Z;functions.loggin_RM;  CLICK
13-03-2024 20:39:51.887Z;functions.loggin_RM;  ENTRAR PASSWORD
13-03-2024 20:39:53.075Z;functions.loggin_RM;  ENTRAR RM
13-03-2024 20:41:30.840Z;functions.enter_coligada;  CLICK CONTEXTO
13-03-2024 20:41:36.153Z;functions.enter_coligada;  CLICK COLIGADA 1
13-03-2024 20:41:39.200Z;functions.enter_coligada;  CLICK AVANÇAR
13-03-2024 20:41:42.870Z;functions.enter_coligada;  INSERE O COLIGADA CODE = 1
13-03-2024 20:41:42.975Z;functions.enter_coligada;  APERTA TAB PARA PREENCHER O CAMPO COM A STRING: OCEANICA ENGENHARIA E CONSULTORIA S.A.
13-03-2024 20:41:46.343Z;functions.enter_coligada;  CLICK AVANÇAR NOVAMENTE
13-03-2024 20:41:48.964Z;functions.enter_coligada;  CLICK CONCLUIR
13-03-2024 20:42:10.449Z;functions.enter_coligada;  POP UP COLIGADA DESAPARECER
13-03-2024 20:42:13.390Z;functions.check_movimentacao_bancaria;  CLICK - TOTVS - LINHA RM
13-03-2024 20:42:17.346Z;functions.check_movimentacao_bancaria;  CLICK - BACK OFFICE
13-03-2024 20:42:20.012Z;functions.check_movimentacao_bancaria;  CLICK - GESTAO FINANCEIRA
13-03-2024 20:42:31.450Z;functions.movimentacao_bancaria;  CLICK NA ABA MOVIMENTAÇÃO BANCARIA
13-03-2024 20:42:33.882Z;functions.waitForImage;  IMAGEM BORDERO image found.
13-03-2024 20:42:36.002Z;functions.movimentacao_bancaria;  IMAGEM BORDERO CLICADA.
13-03-2024 20:42:56.293Z;functions.waitForImage;  LICENCAS EXCEDIDAS image not found.
13-03-2024 20:42:56.933Z;functions.movimentacao_bancaria;  ENCONTROU O FILTRO DA MOVIMENTAÇÃO BANCÁRIA
13-03-2024 20:42:56.980Z;functions.movimentacao_bancaria;  CLICA NA ABA SUPERIOR DO FILTRO
13-03-2024 20:43:01.190Z;functions.movimentacao_bancaria;  SELECIONA O FILTRO HOJE
13-03-2024 20:43:01.190Z;functions.filter_clean;  FUNÇÃO LIMPA FILTRO
13-03-2024 20:43:08.950Z;functions.waitForImage;  FILTER CLEAN image found.
13-03-2024 20:43:11.070Z;functions.filter_clean;  CLICK NO BOTÃO X DO LIMPA FILTRO
13-03-2024 20:43:11.311Z;functions.waitForImage;  FILTER CLEAN image found.
13-03-2024 20:43:13.441Z;functions.filter_clean;  CLICK NO BOTÃO X DO LIMPA FILTRO
13-03-2024 20:43:28.741Z;functions.waitForImage;  FILTER CLEAN image not found.
13-03-2024 20:43:30.121Z;functions.movimentacao_bancaria;  CLICK NA PRIMEIRA LINHA DA TABELA MOVIMENTAÇÃO BANCÁRIA
13-03-2024 20:43:31.346Z;functions.movimentacao_bancaria;  12 PASSOS PARA DIREITA NA TABELA >>
13-03-2024 20:43:33.247Z;functions.movimentacao_bancaria;  HOVER FILTER
13-03-2024 20:43:33.713Z;functions.movimentacao_bancaria;  CLICK FILTER
13-03-2024 20:43:38.038Z;functions.movimentacao_bancaria;  CLICK NO FILTRO  STATUS DA REMESSA
13-03-2024 20:43:40.141Z;functions.movimentacao_bancaria;  APERTA TAB PARA ESCREVER O FILTRO
13-03-2024 20:43:42.255Z;functions.movimentacao_bancaria;  ESCREVE PENDENTE NO FILTRO
13-03-2024 20:43:44.358Z;functions.movimentacao_bancaria;  APERTA ENTER PARA SELECIONAR OS PENDENTES
13-03-2024 20:44:06.039Z;functions.movimentacao_bancaria;  SEM REGISTROS DE PROCESSO DE BORDERO PENDENTE
13-03-2024 20:44:06.039Z;functions.filter_clean;  FUNÇÃO LIMPA FILTRO
13-03-2024 20:44:06.383Z;functions.waitForImage;  FILTER CLEAN image found.
13-03-2024 20:44:08.521Z;functions.filter_clean;  CLICK NO BOTÃO X DO LIMPA FILTRO
13-03-2024 20:44:23.701Z;functions.waitForImage;  FILTER CLEAN image not found.
13-03-2024 20:44:38.770Z;functions.waitForImage;  FILTER CLEAN image not found.
13-03-2024 20:44:40.418Z;functions.remessa_pagamento;  CLICK NA PRIMEIRA LINHA DA TABELA MOVIMENTAÇÃO BANCÁRIA
13-03-2024 20:44:42.309Z;functions.remessa_pagamento;  HOVER FILTER
13-03-2024 20:44:42.741Z;functions.remessa_pagamento;  CLICK FILTER
13-03-2024 20:44:47.082Z;functions.remessa_pagamento;  CLICK NO FILTRO  STATUS DA REMESSA
13-03-2024 20:44:49.185Z;functions.remessa_pagamento;  APERTA TAB PARA ESCREVER O FILTRO
13-03-2024 20:44:51.299Z;functions.remessa_pagamento;  ESCREVE AUTORIZADO NO FILTRO
13-03-2024 20:44:53.403Z;functions.remessa_pagamento;  APERTA ENTER PARA SELECIONAR OS AUTORIZADOS
13-03-2024 20:45:15.981Z;functions.remessa_pagamento;  SEM REMESSA DE BORDERO AUTORIZADO
13-03-2024 20:45:16.825Z;functions.enter_contas_a_pagar;  CLICK - TOTVS - LINHA RM
13-03-2024 20:45:18.301Z;functions.enter_contas_a_pagar;  CLICK - BACK OFFICE
13-03-2024 20:45:21.168Z;functions.enter_contas_a_pagar;  CLICK - GESTAO FINANCEIRA
13-03-2024 20:45:42.621Z;functions.enter_contas_a_pagar;  CLICK - CONTAS A PAGAR
13-03-2024 20:45:43.786Z;functions.waitForImage;  LANÇAMENTOS image found.
13-03-2024 20:45:45.906Z;functions.enter_contas_a_pagar;  CLICA EM LANÇAMENTOS
13-03-2024 20:46:01.190Z;functions.waitForImage;  LICENCAS EXCEDIDAS image not found.
13-03-2024 20:46:01.206Z;functions.obter_intervalo_data;  Data Inicial PENSAO antes da remoção: None
13-03-2024 20:46:01.206Z;functions.obter_intervalo_data;  Data Final PENSAO antes da remoção: None
13-03-2024 20:46:01.206Z;functions.obter_intervalo_data;  Data Inicial PENSAO após a remoção: None
13-03-2024 20:46:01.206Z;functions.obter_intervalo_data;  Data Final PENSAO após a remoção: None
13-03-2024 20:46:01.206Z;functions.obter_intervalo_data;  hoje -  2024-03-13 20:46:01.206032
13-03-2024 20:46:01.206Z;functions.data_filter;  DATA INICIO 20-03-2024
13-03-2024 20:46:01.206Z;functions.data_filter;  DATA FIM 26-03-2024
13-03-2024 20:46:01.206Z;functions.data_filter;  CLICK - SELECIONA A DATA DE QUARTA FEIRA E DA PROXIMA TERÇA
13-03-2024 20:46:01.206Z;functions.data_filter;  QUARTA-FEIRA: 20-03-2024
13-03-2024 20:46:01.206Z;functions.data_filter;  TERCA-FEIRA: 26-03-2024
13-03-2024 20:46:04.254Z;functions.data_filter;  ESCREVE REMESSA BANCÁRIA NO FILTRO
13-03-2024 20:46:05.964Z;functions.data_filter;  CLICK - BUTÃO DE SELECAO DE FILTRO
13-03-2024 20:46:10.387Z;functions.data_filter;  INSERE - DATA DE QUARTA-FEIRA: 20-03-2024
13-03-2024 20:46:14.428Z;functions.data_filter;  INSERE - DATA DA PROX TERCA-FEIRA: 26-03-2024
13-03-2024 20:46:15.527Z;functions.data_filter;  CLICK - BUTÃO DE EXECUTAR O FILTRO
13-03-2024 20:46:28.779Z;functions.desmark_filter;  CLICK CHECKBOX LANÇAMENTOS A RECEBER
13-03-2024 20:46:30.507Z;functions.desmark_filter;  CLICK CHECKBOX LANÇAMENTOS BAIXADOS
13-03-2024 20:46:32.277Z;functions.desmark_filter;  CLICK CHECKBOX LANÇAMENTOS CANCELADOS
13-03-2024 20:46:34.246Z;functions.desmark_filter;  CLICK CHECKBOX LANÇAMENTOS FATURADOS
13-03-2024 20:46:36.293Z;functions.desmark_filter;  ATUALIZA O FILTRO
13-03-2024 20:46:36.293Z;functions.filter_clean;  FUNÇÃO LIMPA FILTRO
13-03-2024 20:46:51.637Z;functions.waitForImage;  FILTER CLEAN image not found.
13-03-2024 20:47:06.839Z;functions.waitForImage;  FILTER CLEAN image not found.
13-03-2024 20:47:22.469Z;functions.waitForImage;  FILTER CLEAN image not found.
13-03-2024 20:47:24.684Z;functions.tabela_vazia;  Texto extraido 0/0
13-03-2024 20:47:24.684Z;functions.tabela_vazia;  Count 0
13-03-2024 20:47:24.684Z;functions.tabela_vazia;  Type <class 'int'>
13-03-2024 20:47:26.691Z;functions.tabela_vazia;  SEM REMESSA DE FÉRIAS/RESCISÃO
13-03-2024 20:47:28.692Z;main.<module>;  SEM REMESSA DE PENSÃO
13-03-2024 20:47:30.809Z;errorhandler.__handle;  Property: Unknown Property name. [1:203: -ms-interpolation-mode]
13-03-2024 20:47:30.856Z;errorhandler.__handle;  Property: Unknown Property name. [1:353: -webkit-font-smoothing]
13-03-2024 20:47:30.872Z;errorhandler.__handle;  Property: Unknown Property name. [1:483: -ms-text-size-adjust]
13-03-2024 20:47:30.872Z;errorhandler.__handle;  Property: Unknown Property name. [1:518: -webkit-text-size-adjust]
13-03-2024 20:47:30.872Z;errorhandler.__handle;  Property: Unknown Property name. [1:612: mso-table-lspace]
13-03-2024 20:47:30.872Z;errorhandler.__handle;  Property: Unknown Property name. [1:642: mso-table-rspace]
13-03-2024 20:47:31.106Z;errorhandler.__handle;  Property: Unknown Property name. [1:4734: mso-hide]
13-03-2024 20:47:31.215Z;errorhandler.__handle;  Property: Unknown Property name. [1:13: -ms-interpolation-mode]
13-03-2024 20:47:31.215Z;errorhandler.__handle;  Property: Unknown Property name. [1:49: -webkit-font-smoothing]
13-03-2024 20:47:31.215Z;errorhandler.__handle;  Property: Unknown Property name. [1:134: -ms-text-size-adjust]
13-03-2024 20:47:31.215Z;errorhandler.__handle;  Property: Unknown Property name. [1:160: -webkit-text-size-adjust]
13-03-2024 20:47:31.215Z;errorhandler.__handle;  Property: Unknown Property name. [1:26: mso-table-lspace]
13-03-2024 20:47:31.231Z;errorhandler.__handle;  Property: Unknown Property name. [1:45: mso-table-rspace]
13-03-2024 20:47:31.262Z;errorhandler.__handle;  Property: Unknown Property name. [1:92: mso-hide]
13-03-2024 20:47:31.278Z;errorhandler.__handle;  Property: No ":" after name found: align-center [1:1: align-center]
13-03-2024 20:47:31.278Z;errorhandler.__handle;  Property: No property value found: align-center [1:1: align-center]
13-03-2024 20:47:31.278Z;errorhandler.__handle;  CSSStyleDeclaration: Syntax Error in Property: align-center
13-03-2024 20:47:31.278Z;errorhandler.__handle;  Property: Unknown Property name. [1:14: -ms-interpolation-mode]
13-03-2024 20:47:33.856Z;functions.emailFinalizado;  Warning e-mail sent.
13-03-2024 20:47:34.188Z;functions.encerra_prog;  RM ENCERRADO
